[2021-03-01 20:45:50,450] {taskinstance.py:826} INFO - Dependencies all met for <TaskInstance: user_processing.user_extraction 2020-04-09T00:00:00+00:00 [queued]>
[2021-03-01 20:45:50,459] {taskinstance.py:826} INFO - Dependencies all met for <TaskInstance: user_processing.user_extraction 2020-04-09T00:00:00+00:00 [queued]>
[2021-03-01 20:45:50,459] {taskinstance.py:1017} INFO - 
--------------------------------------------------------------------------------
[2021-03-01 20:45:50,459] {taskinstance.py:1018} INFO - Starting attempt 1 of 1
[2021-03-01 20:45:50,459] {taskinstance.py:1019} INFO - 
--------------------------------------------------------------------------------
[2021-03-01 20:45:50,470] {taskinstance.py:1038} INFO - Executing <Task(SimpleHttpOperator): user_extraction> on 2020-04-09T00:00:00+00:00
[2021-03-01 20:45:50,473] {standard_task_runner.py:51} INFO - Started process 247521 to run task
[2021-03-01 20:45:50,476] {standard_task_runner.py:75} INFO - Running: ['airflow', 'tasks', 'run', 'user_processing', 'user_extraction', '2020-04-09T00:00:00+00:00', '--job-id', '545', '--pool', 'default_pool', '--raw', '--subdir', 'DAGS_FOLDER/user_processing.py', '--cfg-path', '/tmp/tmpf55ex3sk']
[2021-03-01 20:45:50,476] {standard_task_runner.py:76} INFO - Job 545: Subtask user_extraction
[2021-03-01 20:45:50,507] {logging_mixin.py:103} INFO - Running <TaskInstance: user_processing.user_extraction 2020-04-09T00:00:00+00:00 [running]> on host pop-os.localdomain
[2021-03-01 20:45:50,533] {taskinstance.py:1232} INFO - Exporting the following env vars:
AIRFLOW_CTX_DAG_OWNER=airflow
AIRFLOW_CTX_DAG_ID=user_processing
AIRFLOW_CTX_TASK_ID=user_extraction
AIRFLOW_CTX_EXECUTION_DATE=2020-04-09T00:00:00+00:00
AIRFLOW_CTX_DAG_RUN_ID=scheduled__2020-04-09T00:00:00+00:00
[2021-03-01 20:45:50,533] {http.py:106} INFO - Calling HTTP method
[2021-03-01 20:45:50,538] {base.py:74} INFO - Using connection to: id: user_api. Host: https://randomuser.me/, Port: None, Schema: , Login: , Password: None, extra: None
[2021-03-01 20:45:50,539] {http.py:140} INFO - Sending 'GET' to url: https://randomuser.me/api/
[2021-03-01 20:45:50,628] {http.py:110} INFO - {"results":[{"gender":"male","name":{"title":"Mr","first":"Ajdin","last":"Kooijman"},"location":{"street":{"number":5466,"name":"Beijensstraat"},"city":"Kolham","state":"Zuid-Holland","country":"Netherlands","postcode":78985,"coordinates":{"latitude":"42.0063","longitude":"-46.5076"},"timezone":{"offset":"+10:00","description":"Eastern Australia, Guam, Vladivostok"}},"email":"ajdin.kooijman@example.com","login":{"uuid":"06f816fc-0abe-4d40-8ac3-3d5ec6fb82db","username":"silverduck312","password":"nemesis","salt":"dPQ5Ysad","md5":"2b2dc3af5b01dcb5ed2ef6a68104f5f4","sha1":"bf23451a35140c1bddb34fec774a2054659de996","sha256":"0ae48272ec1f8e78dc50d0ad446e208b789850784882591fc31a4a536070c4cb"},"dob":{"date":"1989-03-18T20:20:28.758Z","age":32},"registered":{"date":"2008-08-28T06:33:00.533Z","age":13},"phone":"(839)-651-8797","cell":"(766)-732-4418","id":{"name":"BSN","value":"44826579"},"picture":{"large":"https://randomuser.me/api/portraits/men/88.jpg","medium":"https://randomuser.me/api/portraits/med/men/88.jpg","thumbnail":"https://randomuser.me/api/portraits/thumb/men/88.jpg"},"nat":"NL"}],"info":{"seed":"7ca67b346a0ed19e","results":1,"page":1,"version":"1.3"}}
[2021-03-01 20:45:50,642] {taskinstance.py:1142} INFO - Marking task as SUCCESS. dag_id=user_processing, task_id=user_extraction, execution_date=20200409T000000, start_date=20210302T014550, end_date=20210302T014550
[2021-03-01 20:45:50,661] {taskinstance.py:1195} INFO - 1 downstream tasks scheduled from follow-on schedule check
[2021-03-01 20:45:50,687] {local_task_job.py:118} INFO - Task exited with return code 0
