[2021-03-01 20:56:43,470] {taskinstance.py:826} INFO - Dependencies all met for <TaskInstance: user_processing.processing_user 2020-07-22T00:00:00+00:00 [queued]>
[2021-03-01 20:56:43,475] {taskinstance.py:826} INFO - Dependencies all met for <TaskInstance: user_processing.processing_user 2020-07-22T00:00:00+00:00 [queued]>
[2021-03-01 20:56:43,475] {taskinstance.py:1017} INFO - 
--------------------------------------------------------------------------------
[2021-03-01 20:56:43,475] {taskinstance.py:1018} INFO - Starting attempt 1 of 1
[2021-03-01 20:56:43,476] {taskinstance.py:1019} INFO - 
--------------------------------------------------------------------------------
[2021-03-01 20:56:43,484] {taskinstance.py:1038} INFO - Executing <Task(PythonOperator): processing_user> on 2020-07-22T00:00:00+00:00
[2021-03-01 20:56:43,486] {standard_task_runner.py:51} INFO - Started process 260641 to run task
[2021-03-01 20:56:43,489] {standard_task_runner.py:75} INFO - Running: ['airflow', 'tasks', 'run', 'user_processing', 'processing_user', '2020-07-22T00:00:00+00:00', '--job-id', '1071', '--pool', 'default_pool', '--raw', '--subdir', 'DAGS_FOLDER/user_processing.py', '--cfg-path', '/tmp/tmpzzdicrhm']
[2021-03-01 20:56:43,489] {standard_task_runner.py:76} INFO - Job 1071: Subtask processing_user
[2021-03-01 20:56:43,509] {logging_mixin.py:103} INFO - Running <TaskInstance: user_processing.processing_user 2020-07-22T00:00:00+00:00 [running]> on host pop-os.localdomain
[2021-03-01 20:56:43,530] {taskinstance.py:1232} INFO - Exporting the following env vars:
AIRFLOW_CTX_DAG_OWNER=airflow
AIRFLOW_CTX_DAG_ID=user_processing
AIRFLOW_CTX_TASK_ID=processing_user
AIRFLOW_CTX_EXECUTION_DATE=2020-07-22T00:00:00+00:00
AIRFLOW_CTX_DAG_RUN_ID=scheduled__2020-07-22T00:00:00+00:00
[2021-03-01 20:56:43,551] {python.py:118} INFO - Done. Returned value was: None
[2021-03-01 20:56:43,559] {taskinstance.py:1142} INFO - Marking task as SUCCESS. dag_id=user_processing, task_id=processing_user, execution_date=20200722T000000, start_date=20210302T015643, end_date=20210302T015643
[2021-03-01 20:56:43,583] {taskinstance.py:1195} INFO - 1 downstream tasks scheduled from follow-on schedule check
[2021-03-01 20:56:43,620] {local_task_job.py:118} INFO - Task exited with return code 0
