[2021-03-01 20:58:42,048] {taskinstance.py:826} INFO - Dependencies all met for <TaskInstance: user_processing.user_extraction 2020-08-12T00:00:00+00:00 [queued]>
[2021-03-01 20:58:42,053] {taskinstance.py:826} INFO - Dependencies all met for <TaskInstance: user_processing.user_extraction 2020-08-12T00:00:00+00:00 [queued]>
[2021-03-01 20:58:42,053] {taskinstance.py:1017} INFO - 
--------------------------------------------------------------------------------
[2021-03-01 20:58:42,053] {taskinstance.py:1018} INFO - Starting attempt 1 of 1
[2021-03-01 20:58:42,053] {taskinstance.py:1019} INFO - 
--------------------------------------------------------------------------------
[2021-03-01 20:58:42,061] {taskinstance.py:1038} INFO - Executing <Task(SimpleHttpOperator): user_extraction> on 2020-08-12T00:00:00+00:00
[2021-03-01 20:58:42,063] {standard_task_runner.py:51} INFO - Started process 263046 to run task
[2021-03-01 20:58:42,065] {standard_task_runner.py:75} INFO - Running: ['airflow', 'tasks', 'run', 'user_processing', 'user_extraction', '2020-08-12T00:00:00+00:00', '--job-id', '1170', '--pool', 'default_pool', '--raw', '--subdir', 'DAGS_FOLDER/user_processing.py', '--cfg-path', '/tmp/tmp3r9y8upu']
[2021-03-01 20:58:42,065] {standard_task_runner.py:76} INFO - Job 1170: Subtask user_extraction
[2021-03-01 20:58:42,109] {logging_mixin.py:103} INFO - Running <TaskInstance: user_processing.user_extraction 2020-08-12T00:00:00+00:00 [running]> on host pop-os.localdomain
[2021-03-01 20:58:42,135] {taskinstance.py:1232} INFO - Exporting the following env vars:
AIRFLOW_CTX_DAG_OWNER=airflow
AIRFLOW_CTX_DAG_ID=user_processing
AIRFLOW_CTX_TASK_ID=user_extraction
AIRFLOW_CTX_EXECUTION_DATE=2020-08-12T00:00:00+00:00
AIRFLOW_CTX_DAG_RUN_ID=scheduled__2020-08-12T00:00:00+00:00
[2021-03-01 20:58:42,135] {http.py:106} INFO - Calling HTTP method
[2021-03-01 20:58:42,138] {base.py:74} INFO - Using connection to: id: user_api. Host: https://randomuser.me/, Port: None, Schema: , Login: , Password: None, extra: None
[2021-03-01 20:58:42,139] {http.py:140} INFO - Sending 'GET' to url: https://randomuser.me/api/
[2021-03-01 20:58:42,241] {http.py:110} INFO - {"results":[{"gender":"female","name":{"title":"Ms","first":"Sofia","last":"Scott"},"location":{"street":{"number":8661,"name":"15th St"},"city":"Fauquier","state":"Manitoba","country":"Canada","postcode":"P7A 8B0","coordinates":{"latitude":"-62.7780","longitude":"38.4749"},"timezone":{"offset":"+5:30","description":"Bombay, Calcutta, Madras, New Delhi"}},"email":"sofia.scott@example.com","login":{"uuid":"ecdbd052-5a46-4109-a442-183e2b04c5d5","username":"blackbutterfly576","password":"connect","salt":"MsAgbM3p","md5":"07c7a9f5bd0df9fd1878cdd75b70d55c","sha1":"b8aa051e4590d3545b6d93e4a435261b785a79dc","sha256":"428cb01809b1251e6b310bd258764b754622cb6abc0f8888ea3077b2dcd3edf2"},"dob":{"date":"1957-02-18T20:06:12.533Z","age":64},"registered":{"date":"2018-05-29T10:11:12.444Z","age":3},"phone":"703-738-3014","cell":"320-307-6400","id":{"name":"","value":null},"picture":{"large":"https://randomuser.me/api/portraits/women/12.jpg","medium":"https://randomuser.me/api/portraits/med/women/12.jpg","thumbnail":"https://randomuser.me/api/portraits/thumb/women/12.jpg"},"nat":"CA"}],"info":{"seed":"c2bc9a660c30ff78","results":1,"page":1,"version":"1.3"}}
[2021-03-01 20:58:42,268] {taskinstance.py:1142} INFO - Marking task as SUCCESS. dag_id=user_processing, task_id=user_extraction, execution_date=20200812T000000, start_date=20210302T015842, end_date=20210302T015842
[2021-03-01 20:58:42,289] {taskinstance.py:1195} INFO - 1 downstream tasks scheduled from follow-on schedule check
[2021-03-01 20:58:42,317] {local_task_job.py:118} INFO - Task exited with return code 0
