[2021-02-25 17:15:16,333] {scheduler_job.py:181} INFO - Started process (PID=184338) to work on /home/i-sip_iot/airflow/dags/user_processing.py
[2021-02-25 17:15:16,334] {scheduler_job.py:629} INFO - Processing file /home/i-sip_iot/airflow/dags/user_processing.py for tasks to queue
[2021-02-25 17:15:16,335] {logging_mixin.py:103} INFO - [2021-02-25 17:15:16,335] {dagbag.py:440} INFO - Filling up the DagBag from /home/i-sip_iot/airflow/dags/user_processing.py
[2021-02-25 17:15:16,349] {scheduler_job.py:639} INFO - DAG(s) dict_keys(['user_processing']) retrieved from /home/i-sip_iot/airflow/dags/user_processing.py
[2021-02-25 17:15:16,350] {logging_mixin.py:103} INFO - [2021-02-25 17:15:16,350] {dag.py:1813} INFO - Sync 1 DAGs
[2021-02-25 17:15:16,366] {logging_mixin.py:103} INFO - [2021-02-25 17:15:16,366] {dag.py:2266} INFO - Setting next_dagrun for user_processing to 2021-02-24 00:00:00+00:00
[2021-02-25 17:15:16,393] {scheduler_job.py:189} INFO - Processing /home/i-sip_iot/airflow/dags/user_processing.py took 0.063 seconds
[2021-02-25 17:15:43,224] {scheduler_job.py:181} INFO - Started process (PID=184566) to work on /home/i-sip_iot/airflow/dags/user_processing.py
[2021-02-25 17:15:43,226] {scheduler_job.py:629} INFO - Processing file /home/i-sip_iot/airflow/dags/user_processing.py for tasks to queue
[2021-02-25 17:15:43,227] {logging_mixin.py:103} INFO - [2021-02-25 17:15:43,226] {dagbag.py:440} INFO - Filling up the DagBag from /home/i-sip_iot/airflow/dags/user_processing.py
[2021-02-25 17:15:43,242] {scheduler_job.py:639} INFO - DAG(s) dict_keys(['user_processing']) retrieved from /home/i-sip_iot/airflow/dags/user_processing.py
[2021-02-25 17:15:43,242] {logging_mixin.py:103} INFO - [2021-02-25 17:15:43,242] {dag.py:1813} INFO - Sync 1 DAGs
[2021-02-25 17:15:43,259] {logging_mixin.py:103} INFO - [2021-02-25 17:15:43,259] {dag.py:2266} INFO - Setting next_dagrun for user_processing to 2021-02-24 00:00:00+00:00
[2021-02-25 17:15:43,264] {scheduler_job.py:189} INFO - Processing /home/i-sip_iot/airflow/dags/user_processing.py took 0.043 seconds
[2021-02-25 17:16:09,642] {scheduler_job.py:181} INFO - Started process (PID=184649) to work on /home/i-sip_iot/airflow/dags/user_processing.py
[2021-02-25 17:16:09,643] {scheduler_job.py:629} INFO - Processing file /home/i-sip_iot/airflow/dags/user_processing.py for tasks to queue
[2021-02-25 17:16:09,643] {logging_mixin.py:103} INFO - [2021-02-25 17:16:09,643] {dagbag.py:440} INFO - Filling up the DagBag from /home/i-sip_iot/airflow/dags/user_processing.py
[2021-02-25 17:16:09,661] {scheduler_job.py:639} INFO - DAG(s) dict_keys(['user_processing']) retrieved from /home/i-sip_iot/airflow/dags/user_processing.py
[2021-02-25 17:16:09,662] {logging_mixin.py:103} INFO - [2021-02-25 17:16:09,662] {dag.py:1813} INFO - Sync 1 DAGs
[2021-02-25 17:16:09,681] {logging_mixin.py:103} INFO - [2021-02-25 17:16:09,681] {dag.py:2266} INFO - Setting next_dagrun for user_processing to 2021-02-24 00:00:00+00:00
[2021-02-25 17:16:09,687] {scheduler_job.py:189} INFO - Processing /home/i-sip_iot/airflow/dags/user_processing.py took 0.049 seconds
[2021-02-25 17:16:37,679] {scheduler_job.py:181} INFO - Started process (PID=184880) to work on /home/i-sip_iot/airflow/dags/user_processing.py
[2021-02-25 17:16:37,680] {scheduler_job.py:629} INFO - Processing file /home/i-sip_iot/airflow/dags/user_processing.py for tasks to queue
[2021-02-25 17:16:37,681] {logging_mixin.py:103} INFO - [2021-02-25 17:16:37,681] {dagbag.py:440} INFO - Filling up the DagBag from /home/i-sip_iot/airflow/dags/user_processing.py
[2021-02-25 17:16:37,695] {scheduler_job.py:639} INFO - DAG(s) dict_keys(['user_processing']) retrieved from /home/i-sip_iot/airflow/dags/user_processing.py
[2021-02-25 17:16:37,696] {logging_mixin.py:103} INFO - [2021-02-25 17:16:37,696] {dag.py:1813} INFO - Sync 1 DAGs
[2021-02-25 17:16:37,716] {logging_mixin.py:103} INFO - [2021-02-25 17:16:37,716] {dag.py:2266} INFO - Setting next_dagrun for user_processing to 2021-02-24 00:00:00+00:00
[2021-02-25 17:16:37,723] {scheduler_job.py:189} INFO - Processing /home/i-sip_iot/airflow/dags/user_processing.py took 0.046 seconds
[2021-02-25 17:17:05,715] {scheduler_job.py:181} INFO - Started process (PID=184958) to work on /home/i-sip_iot/airflow/dags/user_processing.py
[2021-02-25 17:17:05,716] {scheduler_job.py:629} INFO - Processing file /home/i-sip_iot/airflow/dags/user_processing.py for tasks to queue
[2021-02-25 17:17:05,716] {logging_mixin.py:103} INFO - [2021-02-25 17:17:05,716] {dagbag.py:440} INFO - Filling up the DagBag from /home/i-sip_iot/airflow/dags/user_processing.py
[2021-02-25 17:17:05,732] {scheduler_job.py:639} INFO - DAG(s) dict_keys(['user_processing']) retrieved from /home/i-sip_iot/airflow/dags/user_processing.py
[2021-02-25 17:17:05,733] {logging_mixin.py:103} INFO - [2021-02-25 17:17:05,733] {dag.py:1813} INFO - Sync 1 DAGs
[2021-02-25 17:17:05,750] {logging_mixin.py:103} INFO - [2021-02-25 17:17:05,750] {dag.py:2266} INFO - Setting next_dagrun for user_processing to 2021-02-24 00:00:00+00:00
[2021-02-25 17:17:05,756] {scheduler_job.py:189} INFO - Processing /home/i-sip_iot/airflow/dags/user_processing.py took 0.045 seconds
[2021-02-25 17:17:32,023] {scheduler_job.py:181} INFO - Started process (PID=185049) to work on /home/i-sip_iot/airflow/dags/user_processing.py
[2021-02-25 17:17:32,024] {scheduler_job.py:629} INFO - Processing file /home/i-sip_iot/airflow/dags/user_processing.py for tasks to queue
[2021-02-25 17:17:32,024] {logging_mixin.py:103} INFO - [2021-02-25 17:17:32,024] {dagbag.py:440} INFO - Filling up the DagBag from /home/i-sip_iot/airflow/dags/user_processing.py
[2021-02-25 17:17:32,036] {scheduler_job.py:639} INFO - DAG(s) dict_keys(['user_processing']) retrieved from /home/i-sip_iot/airflow/dags/user_processing.py
[2021-02-25 17:17:32,036] {logging_mixin.py:103} INFO - [2021-02-25 17:17:32,036] {dag.py:1813} INFO - Sync 1 DAGs
[2021-02-25 17:17:32,053] {logging_mixin.py:103} INFO - [2021-02-25 17:17:32,053] {dag.py:2266} INFO - Setting next_dagrun for user_processing to 2021-02-24 00:00:00+00:00
[2021-02-25 17:17:32,060] {scheduler_job.py:189} INFO - Processing /home/i-sip_iot/airflow/dags/user_processing.py took 0.038 seconds
[2021-02-25 17:17:58,922] {scheduler_job.py:181} INFO - Started process (PID=185272) to work on /home/i-sip_iot/airflow/dags/user_processing.py
[2021-02-25 17:17:58,923] {scheduler_job.py:629} INFO - Processing file /home/i-sip_iot/airflow/dags/user_processing.py for tasks to queue
[2021-02-25 17:17:58,923] {logging_mixin.py:103} INFO - [2021-02-25 17:17:58,923] {dagbag.py:440} INFO - Filling up the DagBag from /home/i-sip_iot/airflow/dags/user_processing.py
[2021-02-25 17:17:58,936] {scheduler_job.py:639} INFO - DAG(s) dict_keys(['user_processing']) retrieved from /home/i-sip_iot/airflow/dags/user_processing.py
[2021-02-25 17:17:58,937] {logging_mixin.py:103} INFO - [2021-02-25 17:17:58,937] {dag.py:1813} INFO - Sync 1 DAGs
[2021-02-25 17:17:58,956] {logging_mixin.py:103} INFO - [2021-02-25 17:17:58,956] {dag.py:2266} INFO - Setting next_dagrun for user_processing to 2021-02-24 00:00:00+00:00
[2021-02-25 17:17:58,965] {scheduler_job.py:189} INFO - Processing /home/i-sip_iot/airflow/dags/user_processing.py took 0.045 seconds
[2021-02-25 17:18:26,653] {scheduler_job.py:181} INFO - Started process (PID=185338) to work on /home/i-sip_iot/airflow/dags/user_processing.py
[2021-02-25 17:18:26,654] {scheduler_job.py:629} INFO - Processing file /home/i-sip_iot/airflow/dags/user_processing.py for tasks to queue
[2021-02-25 17:18:26,654] {logging_mixin.py:103} INFO - [2021-02-25 17:18:26,654] {dagbag.py:440} INFO - Filling up the DagBag from /home/i-sip_iot/airflow/dags/user_processing.py
[2021-02-25 17:18:26,665] {scheduler_job.py:639} INFO - DAG(s) dict_keys(['user_processing']) retrieved from /home/i-sip_iot/airflow/dags/user_processing.py
[2021-02-25 17:18:26,665] {logging_mixin.py:103} INFO - [2021-02-25 17:18:26,665] {dag.py:1813} INFO - Sync 1 DAGs
[2021-02-25 17:18:26,681] {logging_mixin.py:103} INFO - [2021-02-25 17:18:26,681] {dag.py:2266} INFO - Setting next_dagrun for user_processing to 2021-02-24 00:00:00+00:00
[2021-02-25 17:18:26,689] {scheduler_job.py:189} INFO - Processing /home/i-sip_iot/airflow/dags/user_processing.py took 0.037 seconds
[2021-02-25 17:18:54,320] {scheduler_job.py:181} INFO - Started process (PID=185591) to work on /home/i-sip_iot/airflow/dags/user_processing.py
[2021-02-25 17:18:54,321] {scheduler_job.py:629} INFO - Processing file /home/i-sip_iot/airflow/dags/user_processing.py for tasks to queue
[2021-02-25 17:18:54,321] {logging_mixin.py:103} INFO - [2021-02-25 17:18:54,321] {dagbag.py:440} INFO - Filling up the DagBag from /home/i-sip_iot/airflow/dags/user_processing.py
[2021-02-25 17:18:54,331] {scheduler_job.py:639} INFO - DAG(s) dict_keys(['user_processing']) retrieved from /home/i-sip_iot/airflow/dags/user_processing.py
[2021-02-25 17:18:54,331] {logging_mixin.py:103} INFO - [2021-02-25 17:18:54,331] {dag.py:1813} INFO - Sync 1 DAGs
[2021-02-25 17:18:54,347] {logging_mixin.py:103} INFO - [2021-02-25 17:18:54,347] {dag.py:2266} INFO - Setting next_dagrun for user_processing to 2021-02-24 00:00:00+00:00
[2021-02-25 17:18:54,354] {scheduler_job.py:189} INFO - Processing /home/i-sip_iot/airflow/dags/user_processing.py took 0.036 seconds
[2021-02-25 17:19:21,250] {scheduler_job.py:181} INFO - Started process (PID=185653) to work on /home/i-sip_iot/airflow/dags/user_processing.py
[2021-02-25 17:19:21,251] {scheduler_job.py:629} INFO - Processing file /home/i-sip_iot/airflow/dags/user_processing.py for tasks to queue
[2021-02-25 17:19:21,251] {logging_mixin.py:103} INFO - [2021-02-25 17:19:21,251] {dagbag.py:440} INFO - Filling up the DagBag from /home/i-sip_iot/airflow/dags/user_processing.py
[2021-02-25 17:19:21,259] {scheduler_job.py:639} INFO - DAG(s) dict_keys(['user_processing']) retrieved from /home/i-sip_iot/airflow/dags/user_processing.py
[2021-02-25 17:19:21,260] {logging_mixin.py:103} INFO - [2021-02-25 17:19:21,260] {dag.py:1813} INFO - Sync 1 DAGs
[2021-02-25 17:19:21,274] {logging_mixin.py:103} INFO - [2021-02-25 17:19:21,274] {dag.py:2266} INFO - Setting next_dagrun for user_processing to 2021-02-24 00:00:00+00:00
[2021-02-25 17:19:21,281] {scheduler_job.py:189} INFO - Processing /home/i-sip_iot/airflow/dags/user_processing.py took 0.032 seconds
[2021-02-25 17:19:48,163] {scheduler_job.py:181} INFO - Started process (PID=185874) to work on /home/i-sip_iot/airflow/dags/user_processing.py
[2021-02-25 17:19:48,166] {scheduler_job.py:629} INFO - Processing file /home/i-sip_iot/airflow/dags/user_processing.py for tasks to queue
[2021-02-25 17:19:48,168] {logging_mixin.py:103} INFO - [2021-02-25 17:19:48,168] {dagbag.py:440} INFO - Filling up the DagBag from /home/i-sip_iot/airflow/dags/user_processing.py
[2021-02-25 17:19:48,190] {scheduler_job.py:639} INFO - DAG(s) dict_keys(['user_processing']) retrieved from /home/i-sip_iot/airflow/dags/user_processing.py
[2021-02-25 17:19:48,191] {logging_mixin.py:103} INFO - [2021-02-25 17:19:48,191] {dag.py:1813} INFO - Sync 1 DAGs
[2021-02-25 17:19:48,208] {logging_mixin.py:103} INFO - [2021-02-25 17:19:48,208] {dag.py:2266} INFO - Setting next_dagrun for user_processing to 2021-02-24 00:00:00+00:00
[2021-02-25 17:19:48,214] {scheduler_job.py:189} INFO - Processing /home/i-sip_iot/airflow/dags/user_processing.py took 0.060 seconds
[2021-02-25 17:20:15,051] {scheduler_job.py:181} INFO - Started process (PID=185953) to work on /home/i-sip_iot/airflow/dags/user_processing.py
[2021-02-25 17:20:15,053] {scheduler_job.py:629} INFO - Processing file /home/i-sip_iot/airflow/dags/user_processing.py for tasks to queue
[2021-02-25 17:20:15,055] {logging_mixin.py:103} INFO - [2021-02-25 17:20:15,054] {dagbag.py:440} INFO - Filling up the DagBag from /home/i-sip_iot/airflow/dags/user_processing.py
[2021-02-25 17:20:15,087] {scheduler_job.py:639} INFO - DAG(s) dict_keys(['user_processing']) retrieved from /home/i-sip_iot/airflow/dags/user_processing.py
[2021-02-25 17:20:15,089] {logging_mixin.py:103} INFO - [2021-02-25 17:20:15,088] {dag.py:1813} INFO - Sync 1 DAGs
[2021-02-25 17:20:15,112] {logging_mixin.py:103} INFO - [2021-02-25 17:20:15,112] {dag.py:2266} INFO - Setting next_dagrun for user_processing to 2021-02-24 00:00:00+00:00
[2021-02-25 17:20:15,126] {scheduler_job.py:189} INFO - Processing /home/i-sip_iot/airflow/dags/user_processing.py took 0.081 seconds
[2021-02-25 17:20:42,553] {scheduler_job.py:181} INFO - Started process (PID=186195) to work on /home/i-sip_iot/airflow/dags/user_processing.py
[2021-02-25 17:20:42,555] {scheduler_job.py:629} INFO - Processing file /home/i-sip_iot/airflow/dags/user_processing.py for tasks to queue
[2021-02-25 17:20:42,556] {logging_mixin.py:103} INFO - [2021-02-25 17:20:42,555] {dagbag.py:440} INFO - Filling up the DagBag from /home/i-sip_iot/airflow/dags/user_processing.py
[2021-02-25 17:20:42,574] {scheduler_job.py:639} INFO - DAG(s) dict_keys(['user_processing']) retrieved from /home/i-sip_iot/airflow/dags/user_processing.py
[2021-02-25 17:20:42,575] {logging_mixin.py:103} INFO - [2021-02-25 17:20:42,575] {dag.py:1813} INFO - Sync 1 DAGs
[2021-02-25 17:20:42,595] {logging_mixin.py:103} INFO - [2021-02-25 17:20:42,595] {dag.py:2266} INFO - Setting next_dagrun for user_processing to 2021-02-24 00:00:00+00:00
[2021-02-25 17:20:42,602] {scheduler_job.py:189} INFO - Processing /home/i-sip_iot/airflow/dags/user_processing.py took 0.052 seconds
[2021-02-25 17:21:10,517] {scheduler_job.py:181} INFO - Started process (PID=186281) to work on /home/i-sip_iot/airflow/dags/user_processing.py
[2021-02-25 17:21:10,518] {scheduler_job.py:629} INFO - Processing file /home/i-sip_iot/airflow/dags/user_processing.py for tasks to queue
[2021-02-25 17:21:10,518] {logging_mixin.py:103} INFO - [2021-02-25 17:21:10,518] {dagbag.py:440} INFO - Filling up the DagBag from /home/i-sip_iot/airflow/dags/user_processing.py
[2021-02-25 17:21:10,530] {scheduler_job.py:639} INFO - DAG(s) dict_keys(['user_processing']) retrieved from /home/i-sip_iot/airflow/dags/user_processing.py
[2021-02-25 17:21:10,531] {logging_mixin.py:103} INFO - [2021-02-25 17:21:10,531] {dag.py:1813} INFO - Sync 1 DAGs
[2021-02-25 17:21:10,548] {logging_mixin.py:103} INFO - [2021-02-25 17:21:10,548] {dag.py:2266} INFO - Setting next_dagrun for user_processing to 2021-02-24 00:00:00+00:00
[2021-02-25 17:21:10,555] {scheduler_job.py:189} INFO - Processing /home/i-sip_iot/airflow/dags/user_processing.py took 0.040 seconds
[2021-02-25 17:21:37,448] {scheduler_job.py:181} INFO - Started process (PID=186498) to work on /home/i-sip_iot/airflow/dags/user_processing.py
[2021-02-25 17:21:37,448] {scheduler_job.py:629} INFO - Processing file /home/i-sip_iot/airflow/dags/user_processing.py for tasks to queue
[2021-02-25 17:21:37,448] {logging_mixin.py:103} INFO - [2021-02-25 17:21:37,448] {dagbag.py:440} INFO - Filling up the DagBag from /home/i-sip_iot/airflow/dags/user_processing.py
[2021-02-25 17:21:37,460] {scheduler_job.py:639} INFO - DAG(s) dict_keys(['user_processing']) retrieved from /home/i-sip_iot/airflow/dags/user_processing.py
[2021-02-25 17:21:37,461] {logging_mixin.py:103} INFO - [2021-02-25 17:21:37,460] {dag.py:1813} INFO - Sync 1 DAGs
[2021-02-25 17:21:37,475] {logging_mixin.py:103} INFO - [2021-02-25 17:21:37,475] {dag.py:2266} INFO - Setting next_dagrun for user_processing to 2021-02-24 00:00:00+00:00
[2021-02-25 17:21:37,482] {scheduler_job.py:189} INFO - Processing /home/i-sip_iot/airflow/dags/user_processing.py took 0.036 seconds
[2021-02-25 17:22:04,372] {scheduler_job.py:181} INFO - Started process (PID=186574) to work on /home/i-sip_iot/airflow/dags/user_processing.py
[2021-02-25 17:22:04,374] {scheduler_job.py:629} INFO - Processing file /home/i-sip_iot/airflow/dags/user_processing.py for tasks to queue
[2021-02-25 17:22:04,375] {logging_mixin.py:103} INFO - [2021-02-25 17:22:04,375] {dagbag.py:440} INFO - Filling up the DagBag from /home/i-sip_iot/airflow/dags/user_processing.py
[2021-02-25 17:22:04,404] {scheduler_job.py:639} INFO - DAG(s) dict_keys(['user_processing']) retrieved from /home/i-sip_iot/airflow/dags/user_processing.py
[2021-02-25 17:22:04,405] {logging_mixin.py:103} INFO - [2021-02-25 17:22:04,405] {dag.py:1813} INFO - Sync 1 DAGs
[2021-02-25 17:22:04,424] {logging_mixin.py:103} INFO - [2021-02-25 17:22:04,424] {dag.py:2266} INFO - Setting next_dagrun for user_processing to 2021-02-24 00:00:00+00:00
[2021-02-25 17:22:04,431] {scheduler_job.py:189} INFO - Processing /home/i-sip_iot/airflow/dags/user_processing.py took 0.065 seconds
[2021-02-25 17:22:31,842] {scheduler_job.py:181} INFO - Started process (PID=186625) to work on /home/i-sip_iot/airflow/dags/user_processing.py
[2021-02-25 17:22:31,843] {scheduler_job.py:629} INFO - Processing file /home/i-sip_iot/airflow/dags/user_processing.py for tasks to queue
[2021-02-25 17:22:31,843] {logging_mixin.py:103} INFO - [2021-02-25 17:22:31,843] {dagbag.py:440} INFO - Filling up the DagBag from /home/i-sip_iot/airflow/dags/user_processing.py
[2021-02-25 17:22:31,855] {scheduler_job.py:639} INFO - DAG(s) dict_keys(['user_processing']) retrieved from /home/i-sip_iot/airflow/dags/user_processing.py
[2021-02-25 17:22:31,856] {logging_mixin.py:103} INFO - [2021-02-25 17:22:31,856] {dag.py:1813} INFO - Sync 1 DAGs
[2021-02-25 17:22:31,871] {logging_mixin.py:103} INFO - [2021-02-25 17:22:31,871] {dag.py:2266} INFO - Setting next_dagrun for user_processing to 2021-02-24 00:00:00+00:00
[2021-02-25 17:22:31,878] {scheduler_job.py:189} INFO - Processing /home/i-sip_iot/airflow/dags/user_processing.py took 0.038 seconds
[2021-02-25 17:22:58,943] {scheduler_job.py:181} INFO - Started process (PID=186862) to work on /home/i-sip_iot/airflow/dags/user_processing.py
[2021-02-25 17:22:58,945] {scheduler_job.py:629} INFO - Processing file /home/i-sip_iot/airflow/dags/user_processing.py for tasks to queue
[2021-02-25 17:22:58,946] {logging_mixin.py:103} INFO - [2021-02-25 17:22:58,946] {dagbag.py:440} INFO - Filling up the DagBag from /home/i-sip_iot/airflow/dags/user_processing.py
[2021-02-25 17:22:58,973] {scheduler_job.py:639} INFO - DAG(s) dict_keys(['user_processing']) retrieved from /home/i-sip_iot/airflow/dags/user_processing.py
[2021-02-25 17:22:58,974] {logging_mixin.py:103} INFO - [2021-02-25 17:22:58,974] {dag.py:1813} INFO - Sync 1 DAGs
[2021-02-25 17:22:58,999] {logging_mixin.py:103} INFO - [2021-02-25 17:22:58,998] {dag.py:2266} INFO - Setting next_dagrun for user_processing to 2021-02-24 00:00:00+00:00
[2021-02-25 17:22:59,009] {scheduler_job.py:189} INFO - Processing /home/i-sip_iot/airflow/dags/user_processing.py took 0.072 seconds
[2021-02-25 17:23:26,703] {scheduler_job.py:181} INFO - Started process (PID=186921) to work on /home/i-sip_iot/airflow/dags/user_processing.py
[2021-02-25 17:23:26,704] {scheduler_job.py:629} INFO - Processing file /home/i-sip_iot/airflow/dags/user_processing.py for tasks to queue
[2021-02-25 17:23:26,704] {logging_mixin.py:103} INFO - [2021-02-25 17:23:26,704] {dagbag.py:440} INFO - Filling up the DagBag from /home/i-sip_iot/airflow/dags/user_processing.py
[2021-02-25 17:23:26,707] {logging_mixin.py:103} INFO - [2021-02-25 17:23:26,705] {dagbag.py:297} ERROR - Failed to import: /home/i-sip_iot/airflow/dags/user_processing.py
Traceback (most recent call last):
  File "/home/i-sip_iot/anaconda3/envs/sandbox/lib/python3.7/site-packages/airflow/models/dagbag.py", line 294, in _load_modules_from_file
    loader.exec_module(new_module)
  File "<frozen importlib._bootstrap_external>", line 724, in exec_module
  File "<frozen importlib._bootstrap_external>", line 860, in get_code
  File "<frozen importlib._bootstrap_external>", line 791, in source_to_code
  File "<frozen importlib._bootstrap>", line 219, in _call_with_frames_removed
  File "/home/i-sip_iot/airflow/dags/user_processing.py", line 22
    'first_name': user[],
                       ^
SyntaxError: invalid syntax
[2021-02-25 17:23:26,708] {scheduler_job.py:641} WARNING - No viable dags retrieved from /home/i-sip_iot/airflow/dags/user_processing.py
[2021-02-25 17:23:26,719] {scheduler_job.py:189} INFO - Processing /home/i-sip_iot/airflow/dags/user_processing.py took 0.017 seconds
[2021-02-25 17:23:53,035] {scheduler_job.py:181} INFO - Started process (PID=187150) to work on /home/i-sip_iot/airflow/dags/user_processing.py
[2021-02-25 17:23:53,035] {scheduler_job.py:629} INFO - Processing file /home/i-sip_iot/airflow/dags/user_processing.py for tasks to queue
[2021-02-25 17:23:53,036] {logging_mixin.py:103} INFO - [2021-02-25 17:23:53,036] {dagbag.py:440} INFO - Filling up the DagBag from /home/i-sip_iot/airflow/dags/user_processing.py
[2021-02-25 17:23:53,037] {logging_mixin.py:103} INFO - [2021-02-25 17:23:53,037] {dagbag.py:297} ERROR - Failed to import: /home/i-sip_iot/airflow/dags/user_processing.py
Traceback (most recent call last):
  File "/home/i-sip_iot/anaconda3/envs/sandbox/lib/python3.7/site-packages/airflow/models/dagbag.py", line 294, in _load_modules_from_file
    loader.exec_module(new_module)
  File "<frozen importlib._bootstrap_external>", line 724, in exec_module
  File "<frozen importlib._bootstrap_external>", line 860, in get_code
  File "<frozen importlib._bootstrap_external>", line 791, in source_to_code
  File "<frozen importlib._bootstrap>", line 219, in _call_with_frames_removed
  File "/home/i-sip_iot/airflow/dags/user_processing.py", line 22
    'first_name': user[],
                       ^
SyntaxError: invalid syntax
[2021-02-25 17:23:53,038] {scheduler_job.py:641} WARNING - No viable dags retrieved from /home/i-sip_iot/airflow/dags/user_processing.py
[2021-02-25 17:23:53,049] {scheduler_job.py:189} INFO - Processing /home/i-sip_iot/airflow/dags/user_processing.py took 0.016 seconds
[2021-02-25 17:24:19,998] {scheduler_job.py:181} INFO - Started process (PID=187220) to work on /home/i-sip_iot/airflow/dags/user_processing.py
[2021-02-25 17:24:19,999] {scheduler_job.py:629} INFO - Processing file /home/i-sip_iot/airflow/dags/user_processing.py for tasks to queue
[2021-02-25 17:24:20,000] {logging_mixin.py:103} INFO - [2021-02-25 17:24:20,000] {dagbag.py:440} INFO - Filling up the DagBag from /home/i-sip_iot/airflow/dags/user_processing.py
[2021-02-25 17:24:20,001] {logging_mixin.py:103} INFO - [2021-02-25 17:24:20,000] {dagbag.py:297} ERROR - Failed to import: /home/i-sip_iot/airflow/dags/user_processing.py
Traceback (most recent call last):
  File "/home/i-sip_iot/anaconda3/envs/sandbox/lib/python3.7/site-packages/airflow/models/dagbag.py", line 294, in _load_modules_from_file
    loader.exec_module(new_module)
  File "<frozen importlib._bootstrap_external>", line 724, in exec_module
  File "<frozen importlib._bootstrap_external>", line 860, in get_code
  File "<frozen importlib._bootstrap_external>", line 791, in source_to_code
  File "<frozen importlib._bootstrap>", line 219, in _call_with_frames_removed
  File "/home/i-sip_iot/airflow/dags/user_processing.py", line 22
    'first_name': user[],
                       ^
SyntaxError: invalid syntax
[2021-02-25 17:24:20,001] {scheduler_job.py:641} WARNING - No viable dags retrieved from /home/i-sip_iot/airflow/dags/user_processing.py
[2021-02-25 17:24:20,013] {scheduler_job.py:189} INFO - Processing /home/i-sip_iot/airflow/dags/user_processing.py took 0.016 seconds
[2021-02-25 17:24:48,032] {scheduler_job.py:181} INFO - Started process (PID=187455) to work on /home/i-sip_iot/airflow/dags/user_processing.py
[2021-02-25 17:24:48,034] {scheduler_job.py:629} INFO - Processing file /home/i-sip_iot/airflow/dags/user_processing.py for tasks to queue
[2021-02-25 17:24:48,035] {logging_mixin.py:103} INFO - [2021-02-25 17:24:48,035] {dagbag.py:440} INFO - Filling up the DagBag from /home/i-sip_iot/airflow/dags/user_processing.py
[2021-02-25 17:24:48,059] {scheduler_job.py:639} INFO - DAG(s) dict_keys(['user_processing']) retrieved from /home/i-sip_iot/airflow/dags/user_processing.py
[2021-02-25 17:24:48,060] {logging_mixin.py:103} INFO - [2021-02-25 17:24:48,060] {dag.py:1813} INFO - Sync 1 DAGs
[2021-02-25 17:24:48,078] {logging_mixin.py:103} INFO - [2021-02-25 17:24:48,078] {dag.py:2266} INFO - Setting next_dagrun for user_processing to 2021-02-24 00:00:00+00:00
[2021-02-25 17:24:48,095] {scheduler_job.py:189} INFO - Processing /home/i-sip_iot/airflow/dags/user_processing.py took 0.070 seconds
[2021-02-25 17:25:14,933] {scheduler_job.py:181} INFO - Started process (PID=187538) to work on /home/i-sip_iot/airflow/dags/user_processing.py
[2021-02-25 17:25:14,935] {scheduler_job.py:629} INFO - Processing file /home/i-sip_iot/airflow/dags/user_processing.py for tasks to queue
[2021-02-25 17:25:14,936] {logging_mixin.py:103} INFO - [2021-02-25 17:25:14,936] {dagbag.py:440} INFO - Filling up the DagBag from /home/i-sip_iot/airflow/dags/user_processing.py
[2021-02-25 17:25:14,962] {scheduler_job.py:639} INFO - DAG(s) dict_keys(['user_processing']) retrieved from /home/i-sip_iot/airflow/dags/user_processing.py
[2021-02-25 17:25:14,963] {logging_mixin.py:103} INFO - [2021-02-25 17:25:14,963] {dag.py:1813} INFO - Sync 1 DAGs
[2021-02-25 17:25:14,983] {logging_mixin.py:103} INFO - [2021-02-25 17:25:14,983] {dag.py:2266} INFO - Setting next_dagrun for user_processing to 2021-02-24 00:00:00+00:00
[2021-02-25 17:25:14,997] {scheduler_job.py:189} INFO - Processing /home/i-sip_iot/airflow/dags/user_processing.py took 0.068 seconds
[2021-02-25 17:25:42,433] {scheduler_job.py:181} INFO - Started process (PID=187784) to work on /home/i-sip_iot/airflow/dags/user_processing.py
[2021-02-25 17:25:42,435] {scheduler_job.py:629} INFO - Processing file /home/i-sip_iot/airflow/dags/user_processing.py for tasks to queue
[2021-02-25 17:25:42,436] {logging_mixin.py:103} INFO - [2021-02-25 17:25:42,436] {dagbag.py:440} INFO - Filling up the DagBag from /home/i-sip_iot/airflow/dags/user_processing.py
[2021-02-25 17:25:42,457] {scheduler_job.py:639} INFO - DAG(s) dict_keys(['user_processing']) retrieved from /home/i-sip_iot/airflow/dags/user_processing.py
[2021-02-25 17:25:42,458] {logging_mixin.py:103} INFO - [2021-02-25 17:25:42,458] {dag.py:1813} INFO - Sync 1 DAGs
[2021-02-25 17:25:42,479] {logging_mixin.py:103} INFO - [2021-02-25 17:25:42,479] {dag.py:2266} INFO - Setting next_dagrun for user_processing to 2021-02-24 00:00:00+00:00
[2021-02-25 17:25:42,486] {scheduler_job.py:189} INFO - Processing /home/i-sip_iot/airflow/dags/user_processing.py took 0.056 seconds
[2021-02-25 17:26:09,227] {scheduler_job.py:181} INFO - Started process (PID=187891) to work on /home/i-sip_iot/airflow/dags/user_processing.py
[2021-02-25 17:26:09,229] {scheduler_job.py:629} INFO - Processing file /home/i-sip_iot/airflow/dags/user_processing.py for tasks to queue
[2021-02-25 17:26:09,229] {logging_mixin.py:103} INFO - [2021-02-25 17:26:09,229] {dagbag.py:440} INFO - Filling up the DagBag from /home/i-sip_iot/airflow/dags/user_processing.py
[2021-02-25 17:26:09,249] {scheduler_job.py:639} INFO - DAG(s) dict_keys(['user_processing']) retrieved from /home/i-sip_iot/airflow/dags/user_processing.py
[2021-02-25 17:26:09,250] {logging_mixin.py:103} INFO - [2021-02-25 17:26:09,250] {dag.py:1813} INFO - Sync 1 DAGs
[2021-02-25 17:26:09,267] {logging_mixin.py:103} INFO - [2021-02-25 17:26:09,267] {dag.py:2266} INFO - Setting next_dagrun for user_processing to 2021-02-24 00:00:00+00:00
[2021-02-25 17:26:09,281] {scheduler_job.py:189} INFO - Processing /home/i-sip_iot/airflow/dags/user_processing.py took 0.059 seconds
[2021-02-25 17:26:37,243] {scheduler_job.py:181} INFO - Started process (PID=187964) to work on /home/i-sip_iot/airflow/dags/user_processing.py
[2021-02-25 17:26:37,246] {scheduler_job.py:629} INFO - Processing file /home/i-sip_iot/airflow/dags/user_processing.py for tasks to queue
[2021-02-25 17:26:37,248] {logging_mixin.py:103} INFO - [2021-02-25 17:26:37,248] {dagbag.py:440} INFO - Filling up the DagBag from /home/i-sip_iot/airflow/dags/user_processing.py
[2021-02-25 17:26:37,563] {scheduler_job.py:639} INFO - DAG(s) dict_keys(['user_processing']) retrieved from /home/i-sip_iot/airflow/dags/user_processing.py
[2021-02-25 17:26:37,564] {logging_mixin.py:103} INFO - [2021-02-25 17:26:37,563] {dag.py:1813} INFO - Sync 1 DAGs
[2021-02-25 17:26:37,576] {logging_mixin.py:103} INFO - [2021-02-25 17:26:37,576] {dag.py:2266} INFO - Setting next_dagrun for user_processing to 2021-02-24 00:00:00+00:00
[2021-02-25 17:26:37,588] {scheduler_job.py:189} INFO - Processing /home/i-sip_iot/airflow/dags/user_processing.py took 0.351 seconds
[2021-02-25 17:27:03,135] {scheduler_job.py:181} INFO - Started process (PID=188239) to work on /home/i-sip_iot/airflow/dags/user_processing.py
[2021-02-25 17:27:03,138] {scheduler_job.py:629} INFO - Processing file /home/i-sip_iot/airflow/dags/user_processing.py for tasks to queue
[2021-02-25 17:27:03,139] {logging_mixin.py:103} INFO - [2021-02-25 17:27:03,139] {dagbag.py:440} INFO - Filling up the DagBag from /home/i-sip_iot/airflow/dags/user_processing.py
[2021-02-25 17:27:03,402] {scheduler_job.py:639} INFO - DAG(s) dict_keys(['user_processing']) retrieved from /home/i-sip_iot/airflow/dags/user_processing.py
[2021-02-25 17:27:03,402] {logging_mixin.py:103} INFO - [2021-02-25 17:27:03,402] {dag.py:1813} INFO - Sync 1 DAGs
[2021-02-25 17:27:03,415] {logging_mixin.py:103} INFO - [2021-02-25 17:27:03,415] {dag.py:2266} INFO - Setting next_dagrun for user_processing to 2021-02-24 00:00:00+00:00
[2021-02-25 17:27:03,430] {scheduler_job.py:189} INFO - Processing /home/i-sip_iot/airflow/dags/user_processing.py took 0.300 seconds
