[2021-03-01 21:00:16,203] {taskinstance.py:826} INFO - Dependencies all met for <TaskInstance: user_processing.user_extraction 2020-08-28T00:00:00+00:00 [queued]>
[2021-03-01 21:00:16,207] {taskinstance.py:826} INFO - Dependencies all met for <TaskInstance: user_processing.user_extraction 2020-08-28T00:00:00+00:00 [queued]>
[2021-03-01 21:00:16,207] {taskinstance.py:1017} INFO - 
--------------------------------------------------------------------------------
[2021-03-01 21:00:16,207] {taskinstance.py:1018} INFO - Starting attempt 1 of 1
[2021-03-01 21:00:16,207] {taskinstance.py:1019} INFO - 
--------------------------------------------------------------------------------
[2021-03-01 21:00:16,217] {taskinstance.py:1038} INFO - Executing <Task(SimpleHttpOperator): user_extraction> on 2020-08-28T00:00:00+00:00
[2021-03-01 21:00:16,218] {standard_task_runner.py:51} INFO - Started process 265024 to run task
[2021-03-01 21:00:16,221] {standard_task_runner.py:75} INFO - Running: ['airflow', 'tasks', 'run', 'user_processing', 'user_extraction', '2020-08-28T00:00:00+00:00', '--job-id', '1250', '--pool', 'default_pool', '--raw', '--subdir', 'DAGS_FOLDER/user_processing.py', '--cfg-path', '/tmp/tmp2j8cggrt']
[2021-03-01 21:00:16,221] {standard_task_runner.py:76} INFO - Job 1250: Subtask user_extraction
[2021-03-01 21:00:16,247] {logging_mixin.py:103} INFO - Running <TaskInstance: user_processing.user_extraction 2020-08-28T00:00:00+00:00 [running]> on host pop-os.localdomain
[2021-03-01 21:00:16,271] {taskinstance.py:1232} INFO - Exporting the following env vars:
AIRFLOW_CTX_DAG_OWNER=airflow
AIRFLOW_CTX_DAG_ID=user_processing
AIRFLOW_CTX_TASK_ID=user_extraction
AIRFLOW_CTX_EXECUTION_DATE=2020-08-28T00:00:00+00:00
AIRFLOW_CTX_DAG_RUN_ID=scheduled__2020-08-28T00:00:00+00:00
[2021-03-01 21:00:16,271] {http.py:106} INFO - Calling HTTP method
[2021-03-01 21:00:16,274] {base.py:74} INFO - Using connection to: id: user_api. Host: https://randomuser.me/, Port: None, Schema: , Login: , Password: None, extra: None
[2021-03-01 21:00:16,275] {http.py:140} INFO - Sending 'GET' to url: https://randomuser.me/api/
[2021-03-01 21:00:16,376] {http.py:110} INFO - {"results":[{"gender":"female","name":{"title":"Mrs","first":"Layla","last":"Lewis"},"location":{"street":{"number":7439,"name":"Princess Street"},"city":"Dunedin","state":"Manawatu-Wanganui","country":"New Zealand","postcode":26732,"coordinates":{"latitude":"62.5636","longitude":"26.0351"},"timezone":{"offset":"-1:00","description":"Azores, Cape Verde Islands"}},"email":"layla.lewis@example.com","login":{"uuid":"8766bb25-28bd-466d-b5a9-478383826026","username":"organicelephant495","password":"peyton","salt":"FR1zyY7w","md5":"f6a86e344b3928a6069a9cb8fe967460","sha1":"32611674e5dd02c1f2a830a976073da3de6fb3fc","sha256":"6e2264501d0282c0291bc6e053140501650bf1b4e7ddf9f0f47cae2a71b2df00"},"dob":{"date":"1973-06-10T10:29:59.364Z","age":48},"registered":{"date":"2006-07-09T06:32:04.071Z","age":15},"phone":"(251)-401-4158","cell":"(827)-480-2889","id":{"name":"","value":null},"picture":{"large":"https://randomuser.me/api/portraits/women/48.jpg","medium":"https://randomuser.me/api/portraits/med/women/48.jpg","thumbnail":"https://randomuser.me/api/portraits/thumb/women/48.jpg"},"nat":"NZ"}],"info":{"seed":"1438da4a1522518a","results":1,"page":1,"version":"1.3"}}
[2021-03-01 21:00:16,403] {taskinstance.py:1142} INFO - Marking task as SUCCESS. dag_id=user_processing, task_id=user_extraction, execution_date=20200828T000000, start_date=20210302T020016, end_date=20210302T020016
[2021-03-01 21:00:16,437] {taskinstance.py:1195} INFO - 1 downstream tasks scheduled from follow-on schedule check
[2021-03-01 21:00:16,472] {local_task_job.py:118} INFO - Task exited with return code 0
