[2021-03-01 20:58:28,716] {taskinstance.py:826} INFO - Dependencies all met for <TaskInstance: user_processing.user_extraction 2020-08-10T00:00:00+00:00 [queued]>
[2021-03-01 20:58:28,721] {taskinstance.py:826} INFO - Dependencies all met for <TaskInstance: user_processing.user_extraction 2020-08-10T00:00:00+00:00 [queued]>
[2021-03-01 20:58:28,721] {taskinstance.py:1017} INFO - 
--------------------------------------------------------------------------------
[2021-03-01 20:58:28,721] {taskinstance.py:1018} INFO - Starting attempt 1 of 1
[2021-03-01 20:58:28,721] {taskinstance.py:1019} INFO - 
--------------------------------------------------------------------------------
[2021-03-01 20:58:28,732] {taskinstance.py:1038} INFO - Executing <Task(SimpleHttpOperator): user_extraction> on 2020-08-10T00:00:00+00:00
[2021-03-01 20:58:28,734] {standard_task_runner.py:51} INFO - Started process 262803 to run task
[2021-03-01 20:58:28,736] {standard_task_runner.py:75} INFO - Running: ['airflow', 'tasks', 'run', 'user_processing', 'user_extraction', '2020-08-10T00:00:00+00:00', '--job-id', '1160', '--pool', 'default_pool', '--raw', '--subdir', 'DAGS_FOLDER/user_processing.py', '--cfg-path', '/tmp/tmpjv0j_jd3']
[2021-03-01 20:58:28,737] {standard_task_runner.py:76} INFO - Job 1160: Subtask user_extraction
[2021-03-01 20:58:28,756] {logging_mixin.py:103} INFO - Running <TaskInstance: user_processing.user_extraction 2020-08-10T00:00:00+00:00 [running]> on host pop-os.localdomain
[2021-03-01 20:58:28,778] {taskinstance.py:1232} INFO - Exporting the following env vars:
AIRFLOW_CTX_DAG_OWNER=airflow
AIRFLOW_CTX_DAG_ID=user_processing
AIRFLOW_CTX_TASK_ID=user_extraction
AIRFLOW_CTX_EXECUTION_DATE=2020-08-10T00:00:00+00:00
AIRFLOW_CTX_DAG_RUN_ID=scheduled__2020-08-10T00:00:00+00:00
[2021-03-01 20:58:28,778] {http.py:106} INFO - Calling HTTP method
[2021-03-01 20:58:28,781] {base.py:74} INFO - Using connection to: id: user_api. Host: https://randomuser.me/, Port: None, Schema: , Login: , Password: None, extra: None
[2021-03-01 20:58:28,782] {http.py:140} INFO - Sending 'GET' to url: https://randomuser.me/api/
[2021-03-01 20:58:28,871] {http.py:110} INFO - {"results":[{"gender":"male","name":{"title":"Mr","first":"Angus","last":"Moore"},"location":{"street":{"number":345,"name":"Princes Street"},"city":"Hastings","state":"Manawatu-Wanganui","country":"New Zealand","postcode":82770,"coordinates":{"latitude":"62.8491","longitude":"-142.1571"},"timezone":{"offset":"+10:00","description":"Eastern Australia, Guam, Vladivostok"}},"email":"angus.moore@example.com","login":{"uuid":"18f0b55c-045b-478f-96e7-b3aaaad0dec9","username":"tinyladybug757","password":"girls","salt":"crwRCI0f","md5":"314940040a8229a7acd6e64e96ca8d9d","sha1":"a791e2c69db629bb2c461cfc6378149d1927ee18","sha256":"c81e9515f3432a26caa10e072a6e9e662cff6b4d243630fd4fbbdd897450a21c"},"dob":{"date":"1957-12-21T14:07:41.410Z","age":64},"registered":{"date":"2013-05-10T05:07:32.820Z","age":8},"phone":"(668)-089-7586","cell":"(423)-271-1466","id":{"name":"","value":null},"picture":{"large":"https://randomuser.me/api/portraits/men/62.jpg","medium":"https://randomuser.me/api/portraits/med/men/62.jpg","thumbnail":"https://randomuser.me/api/portraits/thumb/men/62.jpg"},"nat":"NZ"}],"info":{"seed":"d063f0a536ef14a2","results":1,"page":1,"version":"1.3"}}
[2021-03-01 20:58:28,888] {taskinstance.py:1142} INFO - Marking task as SUCCESS. dag_id=user_processing, task_id=user_extraction, execution_date=20200810T000000, start_date=20210302T015828, end_date=20210302T015828
[2021-03-01 20:58:28,911] {taskinstance.py:1195} INFO - 1 downstream tasks scheduled from follow-on schedule check
[2021-03-01 20:58:28,948] {local_task_job.py:118} INFO - Task exited with return code 0
