[2021-03-01 20:43:05,568] {taskinstance.py:826} INFO - Dependencies all met for <TaskInstance: user_processing.user_extraction 2020-03-14T00:00:00+00:00 [queued]>
[2021-03-01 20:43:05,573] {taskinstance.py:826} INFO - Dependencies all met for <TaskInstance: user_processing.user_extraction 2020-03-14T00:00:00+00:00 [queued]>
[2021-03-01 20:43:05,573] {taskinstance.py:1017} INFO - 
--------------------------------------------------------------------------------
[2021-03-01 20:43:05,573] {taskinstance.py:1018} INFO - Starting attempt 1 of 1
[2021-03-01 20:43:05,573] {taskinstance.py:1019} INFO - 
--------------------------------------------------------------------------------
[2021-03-01 20:43:05,580] {taskinstance.py:1038} INFO - Executing <Task(SimpleHttpOperator): user_extraction> on 2020-03-14T00:00:00+00:00
[2021-03-01 20:43:05,582] {standard_task_runner.py:51} INFO - Started process 244171 to run task
[2021-03-01 20:43:05,585] {standard_task_runner.py:75} INFO - Running: ['airflow', 'tasks', 'run', 'user_processing', 'user_extraction', '2020-03-14T00:00:00+00:00', '--job-id', '415', '--pool', 'default_pool', '--raw', '--subdir', 'DAGS_FOLDER/user_processing.py', '--cfg-path', '/tmp/tmpki0hzpuv']
[2021-03-01 20:43:05,585] {standard_task_runner.py:76} INFO - Job 415: Subtask user_extraction
[2021-03-01 20:43:05,605] {logging_mixin.py:103} INFO - Running <TaskInstance: user_processing.user_extraction 2020-03-14T00:00:00+00:00 [running]> on host pop-os.localdomain
[2021-03-01 20:43:05,629] {taskinstance.py:1232} INFO - Exporting the following env vars:
AIRFLOW_CTX_DAG_OWNER=airflow
AIRFLOW_CTX_DAG_ID=user_processing
AIRFLOW_CTX_TASK_ID=user_extraction
AIRFLOW_CTX_EXECUTION_DATE=2020-03-14T00:00:00+00:00
AIRFLOW_CTX_DAG_RUN_ID=scheduled__2020-03-14T00:00:00+00:00
[2021-03-01 20:43:05,629] {http.py:106} INFO - Calling HTTP method
[2021-03-01 20:43:05,632] {base.py:74} INFO - Using connection to: id: user_api. Host: https://randomuser.me/, Port: None, Schema: , Login: , Password: None, extra: None
[2021-03-01 20:43:05,633] {http.py:140} INFO - Sending 'GET' to url: https://randomuser.me/api/
[2021-03-01 20:43:05,732] {http.py:110} INFO - {"results":[{"gender":"male","name":{"title":"Mr","first":"Arthur","last":"Roy"},"location":{"street":{"number":3644,"name":"Queen St"},"city":"Cadillac","state":"British Columbia","country":"Canada","postcode":"F2A 3W3","coordinates":{"latitude":"-64.6037","longitude":"-74.3198"},"timezone":{"offset":"-3:00","description":"Brazil, Buenos Aires, Georgetown"}},"email":"arthur.roy@example.com","login":{"uuid":"2c55c117-13cf-4351-8ade-e88f5da61ff0","username":"smallswan900","password":"pauline","salt":"gnX8mvea","md5":"804e4cee4f34d496230e3d6a8ec23ff6","sha1":"fed3b3ddad9c2be053cf42f1d98534198a2638d0","sha256":"6392f3c971252306a6d1c5c74f65767d834b0d1e43b522d830665e6c52565867"},"dob":{"date":"1973-02-13T08:23:04.841Z","age":48},"registered":{"date":"2011-06-13T14:08:00.390Z","age":10},"phone":"386-409-9061","cell":"162-992-8868","id":{"name":"","value":null},"picture":{"large":"https://randomuser.me/api/portraits/men/96.jpg","medium":"https://randomuser.me/api/portraits/med/men/96.jpg","thumbnail":"https://randomuser.me/api/portraits/thumb/men/96.jpg"},"nat":"CA"}],"info":{"seed":"e056e7b788f14ccc","results":1,"page":1,"version":"1.3"}}
[2021-03-01 20:43:05,758] {taskinstance.py:1142} INFO - Marking task as SUCCESS. dag_id=user_processing, task_id=user_extraction, execution_date=20200314T000000, start_date=20210302T014305, end_date=20210302T014305
[2021-03-01 20:43:05,779] {taskinstance.py:1195} INFO - 1 downstream tasks scheduled from follow-on schedule check
[2021-03-01 20:43:05,796] {local_task_job.py:118} INFO - Task exited with return code 0
