[2021-03-01 20:39:42,282] {taskinstance.py:826} INFO - Dependencies all met for <TaskInstance: user_processing.user_extraction 2020-02-10T00:00:00+00:00 [queued]>
[2021-03-01 20:39:42,287] {taskinstance.py:826} INFO - Dependencies all met for <TaskInstance: user_processing.user_extraction 2020-02-10T00:00:00+00:00 [queued]>
[2021-03-01 20:39:42,287] {taskinstance.py:1017} INFO - 
--------------------------------------------------------------------------------
[2021-03-01 20:39:42,287] {taskinstance.py:1018} INFO - Starting attempt 1 of 1
[2021-03-01 20:39:42,287] {taskinstance.py:1019} INFO - 
--------------------------------------------------------------------------------
[2021-03-01 20:39:42,296] {taskinstance.py:1038} INFO - Executing <Task(SimpleHttpOperator): user_extraction> on 2020-02-10T00:00:00+00:00
[2021-03-01 20:39:42,298] {standard_task_runner.py:51} INFO - Started process 240167 to run task
[2021-03-01 20:39:42,300] {standard_task_runner.py:75} INFO - Running: ['airflow', 'tasks', 'run', 'user_processing', 'user_extraction', '2020-02-10T00:00:00+00:00', '--job-id', '250', '--pool', 'default_pool', '--raw', '--subdir', 'DAGS_FOLDER/user_processing.py', '--cfg-path', '/tmp/tmprzchhwif']
[2021-03-01 20:39:42,301] {standard_task_runner.py:76} INFO - Job 250: Subtask user_extraction
[2021-03-01 20:39:42,344] {logging_mixin.py:103} INFO - Running <TaskInstance: user_processing.user_extraction 2020-02-10T00:00:00+00:00 [running]> on host pop-os.localdomain
[2021-03-01 20:39:42,369] {taskinstance.py:1232} INFO - Exporting the following env vars:
AIRFLOW_CTX_DAG_OWNER=airflow
AIRFLOW_CTX_DAG_ID=user_processing
AIRFLOW_CTX_TASK_ID=user_extraction
AIRFLOW_CTX_EXECUTION_DATE=2020-02-10T00:00:00+00:00
AIRFLOW_CTX_DAG_RUN_ID=scheduled__2020-02-10T00:00:00+00:00
[2021-03-01 20:39:42,369] {http.py:106} INFO - Calling HTTP method
[2021-03-01 20:39:42,371] {base.py:74} INFO - Using connection to: id: user_api. Host: https://randomuser.me/, Port: None, Schema: , Login: , Password: None, extra: None
[2021-03-01 20:39:42,373] {http.py:140} INFO - Sending 'GET' to url: https://randomuser.me/api/
[2021-03-01 20:39:42,450] {http.py:110} INFO - {"results":[{"gender":"male","name":{"title":"Mr","first":"آرسین","last":"نجاتی"},"location":{"street":{"number":1535,"name":"آیت الله مدرس"},"city":"قم","state":"تهران","country":"Iran","postcode":44795,"coordinates":{"latitude":"32.8299","longitude":"-82.8240"},"timezone":{"offset":"+5:00","description":"Ekaterinburg, Islamabad, Karachi, Tashkent"}},"email":"arsyn.njty@example.com","login":{"uuid":"1bb21b46-4114-487f-a02d-08c1f3e4137e","username":"blacksnake153","password":"1224","salt":"sefrFD7z","md5":"db8a4ed2e39b351528d4cb7ac8c1301a","sha1":"3498dce9d9881a976ea137581b9e35f2b414bf21","sha256":"f162daa1ed2b2dfd5ed97ebc560cb1529ca1286a4b49071784ace3bd28ef8b0a"},"dob":{"date":"1975-01-25T10:22:19.338Z","age":46},"registered":{"date":"2015-12-04T17:27:06.038Z","age":6},"phone":"092-92014909","cell":"0970-645-5624","id":{"name":"","value":null},"picture":{"large":"https://randomuser.me/api/portraits/men/9.jpg","medium":"https://randomuser.me/api/portraits/med/men/9.jpg","thumbnail":"https://randomuser.me/api/portraits/thumb/men/9.jpg"},"nat":"IR"}],"info":{"seed":"50c7c3b9d411fc18","results":1,"page":1,"version":"1.3"}}
[2021-03-01 20:39:42,490] {taskinstance.py:1142} INFO - Marking task as SUCCESS. dag_id=user_processing, task_id=user_extraction, execution_date=20200210T000000, start_date=20210302T013942, end_date=20210302T013942
[2021-03-01 20:39:42,525] {taskinstance.py:1195} INFO - 1 downstream tasks scheduled from follow-on schedule check
[2021-03-01 20:39:42,552] {local_task_job.py:118} INFO - Task exited with return code 0
