[2021-03-01 20:51:08,040] {taskinstance.py:826} INFO - Dependencies all met for <TaskInstance: user_processing.user_extraction 2020-05-29T00:00:00+00:00 [queued]>
[2021-03-01 20:51:08,045] {taskinstance.py:826} INFO - Dependencies all met for <TaskInstance: user_processing.user_extraction 2020-05-29T00:00:00+00:00 [queued]>
[2021-03-01 20:51:08,045] {taskinstance.py:1017} INFO - 
--------------------------------------------------------------------------------
[2021-03-01 20:51:08,045] {taskinstance.py:1018} INFO - Starting attempt 1 of 1
[2021-03-01 20:51:08,045] {taskinstance.py:1019} INFO - 
--------------------------------------------------------------------------------
[2021-03-01 20:51:08,054] {taskinstance.py:1038} INFO - Executing <Task(SimpleHttpOperator): user_extraction> on 2020-05-29T00:00:00+00:00
[2021-03-01 20:51:08,056] {standard_task_runner.py:51} INFO - Started process 254046 to run task
[2021-03-01 20:51:08,058] {standard_task_runner.py:75} INFO - Running: ['airflow', 'tasks', 'run', 'user_processing', 'user_extraction', '2020-05-29T00:00:00+00:00', '--job-id', '795', '--pool', 'default_pool', '--raw', '--subdir', 'DAGS_FOLDER/user_processing.py', '--cfg-path', '/tmp/tmpmud_z1s4']
[2021-03-01 20:51:08,059] {standard_task_runner.py:76} INFO - Job 795: Subtask user_extraction
[2021-03-01 20:51:08,079] {logging_mixin.py:103} INFO - Running <TaskInstance: user_processing.user_extraction 2020-05-29T00:00:00+00:00 [running]> on host pop-os.localdomain
[2021-03-01 20:51:08,110] {taskinstance.py:1232} INFO - Exporting the following env vars:
AIRFLOW_CTX_DAG_OWNER=airflow
AIRFLOW_CTX_DAG_ID=user_processing
AIRFLOW_CTX_TASK_ID=user_extraction
AIRFLOW_CTX_EXECUTION_DATE=2020-05-29T00:00:00+00:00
AIRFLOW_CTX_DAG_RUN_ID=scheduled__2020-05-29T00:00:00+00:00
[2021-03-01 20:51:08,110] {http.py:106} INFO - Calling HTTP method
[2021-03-01 20:51:08,113] {base.py:74} INFO - Using connection to: id: user_api. Host: https://randomuser.me/, Port: None, Schema: , Login: , Password: None, extra: None
[2021-03-01 20:51:08,114] {http.py:140} INFO - Sending 'GET' to url: https://randomuser.me/api/
[2021-03-01 20:51:08,190] {http.py:110} INFO - {"results":[{"gender":"male","name":{"title":"Mr","first":"Tibério","last":"Barros"},"location":{"street":{"number":8576,"name":"Rua Sete de Setembro "},"city":"Pindamonhangaba","state":"Amazonas","country":"Brazil","postcode":31709,"coordinates":{"latitude":"-71.5217","longitude":"-99.1332"},"timezone":{"offset":"-7:00","description":"Mountain Time (US & Canada)"}},"email":"tiberio.barros@example.com","login":{"uuid":"e12dba23-6da3-433d-9d53-bc430bec9371","username":"goldenelephant759","password":"stephen1","salt":"z1Opmm1K","md5":"cc1730ca530a0ada0fe54cf45b654bd2","sha1":"b05fd21e524257907b526f81f00cfa9addfbc340","sha256":"ca4bdeba3f3f1cac2dc2fe87f0beaf43eb609ba8cd642d9aed5c2c87dbc85bf6"},"dob":{"date":"1985-04-10T07:23:33.228Z","age":36},"registered":{"date":"2007-04-17T05:35:37.565Z","age":14},"phone":"(07) 8762-4030","cell":"(99) 9821-3623","id":{"name":"","value":null},"picture":{"large":"https://randomuser.me/api/portraits/men/23.jpg","medium":"https://randomuser.me/api/portraits/med/men/23.jpg","thumbnail":"https://randomuser.me/api/portraits/thumb/men/23.jpg"},"nat":"BR"}],"info":{"seed":"7a2ede7ca7776806","results":1,"page":1,"version":"1.3"}}
[2021-03-01 20:51:08,205] {taskinstance.py:1142} INFO - Marking task as SUCCESS. dag_id=user_processing, task_id=user_extraction, execution_date=20200529T000000, start_date=20210302T015108, end_date=20210302T015108
[2021-03-01 20:51:08,233] {taskinstance.py:1195} INFO - 1 downstream tasks scheduled from follow-on schedule check
[2021-03-01 20:51:08,270] {local_task_job.py:118} INFO - Task exited with return code 0
