[2021-03-01 20:47:37,850] {taskinstance.py:826} INFO - Dependencies all met for <TaskInstance: user_processing.user_extraction 2020-04-26T00:00:00+00:00 [queued]>
[2021-03-01 20:47:37,856] {taskinstance.py:826} INFO - Dependencies all met for <TaskInstance: user_processing.user_extraction 2020-04-26T00:00:00+00:00 [queued]>
[2021-03-01 20:47:37,856] {taskinstance.py:1017} INFO - 
--------------------------------------------------------------------------------
[2021-03-01 20:47:37,856] {taskinstance.py:1018} INFO - Starting attempt 1 of 1
[2021-03-01 20:47:37,856] {taskinstance.py:1019} INFO - 
--------------------------------------------------------------------------------
[2021-03-01 20:47:37,867] {taskinstance.py:1038} INFO - Executing <Task(SimpleHttpOperator): user_extraction> on 2020-04-26T00:00:00+00:00
[2021-03-01 20:47:37,872] {standard_task_runner.py:51} INFO - Started process 249496 to run task
[2021-03-01 20:47:37,878] {standard_task_runner.py:75} INFO - Running: ['airflow', 'tasks', 'run', 'user_processing', 'user_extraction', '2020-04-26T00:00:00+00:00', '--job-id', '630', '--pool', 'default_pool', '--raw', '--subdir', 'DAGS_FOLDER/user_processing.py', '--cfg-path', '/tmp/tmp3zzu64bq']
[2021-03-01 20:47:37,879] {standard_task_runner.py:76} INFO - Job 630: Subtask user_extraction
[2021-03-01 20:47:37,909] {logging_mixin.py:103} INFO - Running <TaskInstance: user_processing.user_extraction 2020-04-26T00:00:00+00:00 [running]> on host pop-os.localdomain
[2021-03-01 20:47:37,932] {taskinstance.py:1232} INFO - Exporting the following env vars:
AIRFLOW_CTX_DAG_OWNER=airflow
AIRFLOW_CTX_DAG_ID=user_processing
AIRFLOW_CTX_TASK_ID=user_extraction
AIRFLOW_CTX_EXECUTION_DATE=2020-04-26T00:00:00+00:00
AIRFLOW_CTX_DAG_RUN_ID=scheduled__2020-04-26T00:00:00+00:00
[2021-03-01 20:47:37,932] {http.py:106} INFO - Calling HTTP method
[2021-03-01 20:47:37,935] {base.py:74} INFO - Using connection to: id: user_api. Host: https://randomuser.me/, Port: None, Schema: , Login: , Password: None, extra: None
[2021-03-01 20:47:37,936] {http.py:140} INFO - Sending 'GET' to url: https://randomuser.me/api/
[2021-03-01 20:47:38,026] {http.py:110} INFO - {"results":[{"gender":"male","name":{"title":"Mr","first":"Yusuf","last":"Skauen"},"location":{"street":{"number":9528,"name":"Hagapynten"},"city":"Lørenfallet","state":"Troms - Romsa","country":"Norway","postcode":"6493","coordinates":{"latitude":"50.7068","longitude":"-172.7423"},"timezone":{"offset":"-12:00","description":"Eniwetok, Kwajalein"}},"email":"yusuf.skauen@example.com","login":{"uuid":"fc0f47d7-76ed-4bf7-a263-0e8a78a33e69","username":"happyduck103","password":"beowulf","salt":"Dz51R8D5","md5":"349739ff535a95ad3ba6446b28b09fe2","sha1":"b7757b5d39209fe57ce42a461c13caeaea3c6be2","sha256":"ab837546dbcaaedb7f74237e0432729a0b002f901a284505a9a444de09fe5a16"},"dob":{"date":"1993-05-30T16:09:32.925Z","age":28},"registered":{"date":"2011-06-23T22:34:26.707Z","age":10},"phone":"55622935","cell":"49236180","id":{"name":"FN","value":"30059324965"},"picture":{"large":"https://randomuser.me/api/portraits/men/68.jpg","medium":"https://randomuser.me/api/portraits/med/men/68.jpg","thumbnail":"https://randomuser.me/api/portraits/thumb/men/68.jpg"},"nat":"NO"}],"info":{"seed":"4bb6016a0aaee61a","results":1,"page":1,"version":"1.3"}}
[2021-03-01 20:47:38,048] {taskinstance.py:1142} INFO - Marking task as SUCCESS. dag_id=user_processing, task_id=user_extraction, execution_date=20200426T000000, start_date=20210302T014737, end_date=20210302T014738
[2021-03-01 20:47:38,078] {taskinstance.py:1195} INFO - 1 downstream tasks scheduled from follow-on schedule check
[2021-03-01 20:47:38,087] {local_task_job.py:118} INFO - Task exited with return code 0
