[2021-03-01 20:35:37,374] {taskinstance.py:826} INFO - Dependencies all met for <TaskInstance: user_processing.user_extraction 2020-01-01T00:00:00+00:00 [queued]>
[2021-03-01 20:35:37,378] {taskinstance.py:826} INFO - Dependencies all met for <TaskInstance: user_processing.user_extraction 2020-01-01T00:00:00+00:00 [queued]>
[2021-03-01 20:35:37,378] {taskinstance.py:1017} INFO - 
--------------------------------------------------------------------------------
[2021-03-01 20:35:37,378] {taskinstance.py:1018} INFO - Starting attempt 1 of 1
[2021-03-01 20:35:37,378] {taskinstance.py:1019} INFO - 
--------------------------------------------------------------------------------
[2021-03-01 20:35:37,387] {taskinstance.py:1038} INFO - Executing <Task(SimpleHttpOperator): user_extraction> on 2020-01-01T00:00:00+00:00
[2021-03-01 20:35:37,389] {standard_task_runner.py:51} INFO - Started process 235359 to run task
[2021-03-01 20:35:37,391] {standard_task_runner.py:75} INFO - Running: ['airflow', 'tasks', 'run', 'user_processing', 'user_extraction', '2020-01-01T00:00:00+00:00', '--job-id', '53', '--pool', 'default_pool', '--raw', '--subdir', 'DAGS_FOLDER/user_processing.py', '--cfg-path', '/tmp/tmpns62z937']
[2021-03-01 20:35:37,391] {standard_task_runner.py:76} INFO - Job 53: Subtask user_extraction
[2021-03-01 20:35:37,411] {logging_mixin.py:103} INFO - Running <TaskInstance: user_processing.user_extraction 2020-01-01T00:00:00+00:00 [running]> on host pop-os.localdomain
[2021-03-01 20:35:37,427] {taskinstance.py:1232} INFO - Exporting the following env vars:
AIRFLOW_CTX_DAG_OWNER=airflow
AIRFLOW_CTX_DAG_ID=user_processing
AIRFLOW_CTX_TASK_ID=user_extraction
AIRFLOW_CTX_EXECUTION_DATE=2020-01-01T00:00:00+00:00
AIRFLOW_CTX_DAG_RUN_ID=scheduled__2020-01-01T00:00:00+00:00
[2021-03-01 20:35:37,427] {http.py:106} INFO - Calling HTTP method
[2021-03-01 20:35:37,430] {base.py:74} INFO - Using connection to: id: user_api. Host: https://randomuser.me/, Port: None, Schema: , Login: , Password: None, extra: None
[2021-03-01 20:35:37,431] {http.py:140} INFO - Sending 'GET' to url: https://randomuser.me/api/
[2021-03-01 20:35:37,525] {http.py:110} INFO - {"results":[{"gender":"female","name":{"title":"Ms","first":"Rachel","last":"Green"},"location":{"street":{"number":254,"name":"Green Lane"},"city":"Glasgow","state":"Oxfordshire","country":"United Kingdom","postcode":"Q5 2TH","coordinates":{"latitude":"6.3346","longitude":"88.9486"},"timezone":{"offset":"-11:00","description":"Midway Island, Samoa"}},"email":"rachel.green@example.com","login":{"uuid":"c5d0035b-03d1-4ad6-986e-3d27db51443d","username":"whiteelephant863","password":"hiking","salt":"lZhN1AvF","md5":"4a13561bd35e325b63a424ee94d449e3","sha1":"e2ffdc250e84a1a343fbe56d0f900a935b30f0fc","sha256":"81db04c9d5155e11aca53e23b140846e4e3c36811e4e4948b88149898fbd2fd4"},"dob":{"date":"1952-01-27T07:22:25.469Z","age":69},"registered":{"date":"2010-12-02T12:48:47.993Z","age":11},"phone":"015242 57973","cell":"0728-737-745","id":{"name":"NINO","value":"JM 18 34 24 T"},"picture":{"large":"https://randomuser.me/api/portraits/women/79.jpg","medium":"https://randomuser.me/api/portraits/med/women/79.jpg","thumbnail":"https://randomuser.me/api/portraits/thumb/women/79.jpg"},"nat":"GB"}],"info":{"seed":"e8bd83df72dfce4c","results":1,"page":1,"version":"1.3"}}
[2021-03-01 20:35:37,561] {taskinstance.py:1142} INFO - Marking task as SUCCESS. dag_id=user_processing, task_id=user_extraction, execution_date=20200101T000000, start_date=20210302T013537, end_date=20210302T013537
[2021-03-01 20:35:37,610] {taskinstance.py:1195} INFO - 1 downstream tasks scheduled from follow-on schedule check
[2021-03-01 20:35:37,643] {local_task_job.py:118} INFO - Task exited with return code 0
