[2021-03-01 20:52:57,242] {taskinstance.py:826} INFO - Dependencies all met for <TaskInstance: user_processing.user_extraction 2020-06-15T00:00:00+00:00 [queued]>
[2021-03-01 20:52:57,249] {taskinstance.py:826} INFO - Dependencies all met for <TaskInstance: user_processing.user_extraction 2020-06-15T00:00:00+00:00 [queued]>
[2021-03-01 20:52:57,249] {taskinstance.py:1017} INFO - 
--------------------------------------------------------------------------------
[2021-03-01 20:52:57,249] {taskinstance.py:1018} INFO - Starting attempt 1 of 1
[2021-03-01 20:52:57,249] {taskinstance.py:1019} INFO - 
--------------------------------------------------------------------------------
[2021-03-01 20:52:57,259] {taskinstance.py:1038} INFO - Executing <Task(SimpleHttpOperator): user_extraction> on 2020-06-15T00:00:00+00:00
[2021-03-01 20:52:57,261] {standard_task_runner.py:51} INFO - Started process 256212 to run task
[2021-03-01 20:52:57,264] {standard_task_runner.py:75} INFO - Running: ['airflow', 'tasks', 'run', 'user_processing', 'user_extraction', '2020-06-15T00:00:00+00:00', '--job-id', '880', '--pool', 'default_pool', '--raw', '--subdir', 'DAGS_FOLDER/user_processing.py', '--cfg-path', '/tmp/tmp75m93zyb']
[2021-03-01 20:52:57,265] {standard_task_runner.py:76} INFO - Job 880: Subtask user_extraction
[2021-03-01 20:52:57,289] {logging_mixin.py:103} INFO - Running <TaskInstance: user_processing.user_extraction 2020-06-15T00:00:00+00:00 [running]> on host pop-os.localdomain
[2021-03-01 20:52:57,321] {taskinstance.py:1232} INFO - Exporting the following env vars:
AIRFLOW_CTX_DAG_OWNER=airflow
AIRFLOW_CTX_DAG_ID=user_processing
AIRFLOW_CTX_TASK_ID=user_extraction
AIRFLOW_CTX_EXECUTION_DATE=2020-06-15T00:00:00+00:00
AIRFLOW_CTX_DAG_RUN_ID=scheduled__2020-06-15T00:00:00+00:00
[2021-03-01 20:52:57,322] {http.py:106} INFO - Calling HTTP method
[2021-03-01 20:52:57,325] {base.py:74} INFO - Using connection to: id: user_api. Host: https://randomuser.me/, Port: None, Schema: , Login: , Password: None, extra: None
[2021-03-01 20:52:57,327] {http.py:140} INFO - Sending 'GET' to url: https://randomuser.me/api/
[2021-03-01 20:52:57,428] {http.py:110} INFO - {"results":[{"gender":"male","name":{"title":"Mr","first":"Victor","last":"Van Zwet"},"location":{"street":{"number":9757,"name":"Harbertweg"},"city":"Schiphol","state":"Zeeland","country":"Netherlands","postcode":24520,"coordinates":{"latitude":"40.3268","longitude":"-157.4774"},"timezone":{"offset":"+8:00","description":"Beijing, Perth, Singapore, Hong Kong"}},"email":"victor.vanzwet@example.com","login":{"uuid":"eedfacd2-15ae-4dfa-ada7-77998959bcde","username":"redkoala501","password":"skolko","salt":"gtQ617PA","md5":"f5054c80448a12ee613f1cfac9e79446","sha1":"6474f83a393364d0838d1b523bbafdd1ee1ae3a2","sha256":"660ad8f1e5fc46c996f758449cc92a34e1320671248cea5345b7074b7d41009e"},"dob":{"date":"1970-06-17T22:13:04.103Z","age":51},"registered":{"date":"2013-02-07T04:36:19.112Z","age":8},"phone":"(553)-577-8981","cell":"(404)-221-3043","id":{"name":"BSN","value":"76186578"},"picture":{"large":"https://randomuser.me/api/portraits/men/57.jpg","medium":"https://randomuser.me/api/portraits/med/men/57.jpg","thumbnail":"https://randomuser.me/api/portraits/thumb/men/57.jpg"},"nat":"NL"}],"info":{"seed":"3af09ed2e9dd8cfe","results":1,"page":1,"version":"1.3"}}
[2021-03-01 20:52:57,439] {taskinstance.py:1142} INFO - Marking task as SUCCESS. dag_id=user_processing, task_id=user_extraction, execution_date=20200615T000000, start_date=20210302T015257, end_date=20210302T015257
[2021-03-01 20:52:57,456] {taskinstance.py:1195} INFO - 1 downstream tasks scheduled from follow-on schedule check
[2021-03-01 20:52:57,475] {local_task_job.py:118} INFO - Task exited with return code 0
