[2021-03-01 20:58:23,017] {taskinstance.py:826} INFO - Dependencies all met for <TaskInstance: user_processing.user_extraction 2020-08-09T00:00:00+00:00 [queued]>
[2021-03-01 20:58:23,021] {taskinstance.py:826} INFO - Dependencies all met for <TaskInstance: user_processing.user_extraction 2020-08-09T00:00:00+00:00 [queued]>
[2021-03-01 20:58:23,021] {taskinstance.py:1017} INFO - 
--------------------------------------------------------------------------------
[2021-03-01 20:58:23,021] {taskinstance.py:1018} INFO - Starting attempt 1 of 1
[2021-03-01 20:58:23,021] {taskinstance.py:1019} INFO - 
--------------------------------------------------------------------------------
[2021-03-01 20:58:23,029] {taskinstance.py:1038} INFO - Executing <Task(SimpleHttpOperator): user_extraction> on 2020-08-09T00:00:00+00:00
[2021-03-01 20:58:23,034] {standard_task_runner.py:51} INFO - Started process 262695 to run task
[2021-03-01 20:58:23,039] {standard_task_runner.py:75} INFO - Running: ['airflow', 'tasks', 'run', 'user_processing', 'user_extraction', '2020-08-09T00:00:00+00:00', '--job-id', '1155', '--pool', 'default_pool', '--raw', '--subdir', 'DAGS_FOLDER/user_processing.py', '--cfg-path', '/tmp/tmpi50xy3oj']
[2021-03-01 20:58:23,040] {standard_task_runner.py:76} INFO - Job 1155: Subtask user_extraction
[2021-03-01 20:58:23,070] {logging_mixin.py:103} INFO - Running <TaskInstance: user_processing.user_extraction 2020-08-09T00:00:00+00:00 [running]> on host pop-os.localdomain
[2021-03-01 20:58:23,109] {taskinstance.py:1232} INFO - Exporting the following env vars:
AIRFLOW_CTX_DAG_OWNER=airflow
AIRFLOW_CTX_DAG_ID=user_processing
AIRFLOW_CTX_TASK_ID=user_extraction
AIRFLOW_CTX_EXECUTION_DATE=2020-08-09T00:00:00+00:00
AIRFLOW_CTX_DAG_RUN_ID=scheduled__2020-08-09T00:00:00+00:00
[2021-03-01 20:58:23,109] {http.py:106} INFO - Calling HTTP method
[2021-03-01 20:58:23,112] {base.py:74} INFO - Using connection to: id: user_api. Host: https://randomuser.me/, Port: None, Schema: , Login: , Password: None, extra: None
[2021-03-01 20:58:23,113] {http.py:140} INFO - Sending 'GET' to url: https://randomuser.me/api/
[2021-03-01 20:58:23,207] {http.py:110} INFO - {"results":[{"gender":"female","name":{"title":"Mrs","first":"Aubree","last":"Burke"},"location":{"street":{"number":15,"name":"Hogan St"},"city":"Sydney","state":"Northern Territory","country":"Australia","postcode":5243,"coordinates":{"latitude":"-87.5698","longitude":"119.6318"},"timezone":{"offset":"+3:30","description":"Tehran"}},"email":"aubree.burke@example.com","login":{"uuid":"119906c5-cb8f-40c1-8a1f-2fb307ea3143","username":"yellowdog952","password":"answer","salt":"RF0bVeqO","md5":"06feb8c299c1dbddc1a217919d794afb","sha1":"13fa19e49fba2f3e5f98b8f49b60c182e6beb971","sha256":"a6afd010831b77a88369aa16960158b517f00598e46f14b16fd1a537b033229a"},"dob":{"date":"1983-06-12T19:03:46.295Z","age":38},"registered":{"date":"2005-07-10T19:03:12.252Z","age":16},"phone":"04-8610-2251","cell":"0444-477-098","id":{"name":"TFN","value":"172688705"},"picture":{"large":"https://randomuser.me/api/portraits/women/1.jpg","medium":"https://randomuser.me/api/portraits/med/women/1.jpg","thumbnail":"https://randomuser.me/api/portraits/thumb/women/1.jpg"},"nat":"AU"}],"info":{"seed":"53f2e5de80aa126a","results":1,"page":1,"version":"1.3"}}
[2021-03-01 20:58:23,238] {taskinstance.py:1142} INFO - Marking task as SUCCESS. dag_id=user_processing, task_id=user_extraction, execution_date=20200809T000000, start_date=20210302T015823, end_date=20210302T015823
[2021-03-01 20:58:23,268] {taskinstance.py:1195} INFO - 1 downstream tasks scheduled from follow-on schedule check
[2021-03-01 20:58:23,290] {local_task_job.py:118} INFO - Task exited with return code 0
