[2021-03-01 20:40:30,469] {taskinstance.py:826} INFO - Dependencies all met for <TaskInstance: user_processing.user_extraction 2020-02-18T00:00:00+00:00 [queued]>
[2021-03-01 20:40:30,474] {taskinstance.py:826} INFO - Dependencies all met for <TaskInstance: user_processing.user_extraction 2020-02-18T00:00:00+00:00 [queued]>
[2021-03-01 20:40:30,475] {taskinstance.py:1017} INFO - 
--------------------------------------------------------------------------------
[2021-03-01 20:40:30,475] {taskinstance.py:1018} INFO - Starting attempt 1 of 1
[2021-03-01 20:40:30,475] {taskinstance.py:1019} INFO - 
--------------------------------------------------------------------------------
[2021-03-01 20:40:30,486] {taskinstance.py:1038} INFO - Executing <Task(SimpleHttpOperator): user_extraction> on 2020-02-18T00:00:00+00:00
[2021-03-01 20:40:30,489] {standard_task_runner.py:51} INFO - Started process 241022 to run task
[2021-03-01 20:40:30,493] {standard_task_runner.py:75} INFO - Running: ['airflow', 'tasks', 'run', 'user_processing', 'user_extraction', '2020-02-18T00:00:00+00:00', '--job-id', '290', '--pool', 'default_pool', '--raw', '--subdir', 'DAGS_FOLDER/user_processing.py', '--cfg-path', '/tmp/tmplmljb_ea']
[2021-03-01 20:40:30,494] {standard_task_runner.py:76} INFO - Job 290: Subtask user_extraction
[2021-03-01 20:40:30,547] {logging_mixin.py:103} INFO - Running <TaskInstance: user_processing.user_extraction 2020-02-18T00:00:00+00:00 [running]> on host pop-os.localdomain
[2021-03-01 20:40:30,573] {taskinstance.py:1232} INFO - Exporting the following env vars:
AIRFLOW_CTX_DAG_OWNER=airflow
AIRFLOW_CTX_DAG_ID=user_processing
AIRFLOW_CTX_TASK_ID=user_extraction
AIRFLOW_CTX_EXECUTION_DATE=2020-02-18T00:00:00+00:00
AIRFLOW_CTX_DAG_RUN_ID=scheduled__2020-02-18T00:00:00+00:00
[2021-03-01 20:40:30,574] {http.py:106} INFO - Calling HTTP method
[2021-03-01 20:40:30,583] {base.py:74} INFO - Using connection to: id: user_api. Host: https://randomuser.me/, Port: None, Schema: , Login: , Password: None, extra: None
[2021-03-01 20:40:30,587] {http.py:140} INFO - Sending 'GET' to url: https://randomuser.me/api/
[2021-03-01 20:40:30,689] {http.py:110} INFO - {"results":[{"gender":"female","name":{"title":"Mrs","first":"Hanny","last":"George"},"location":{"street":{"number":7293,"name":"Bahnhofstraße"},"city":"Wolmirstedt","state":"Bayern","country":"Germany","postcode":44872,"coordinates":{"latitude":"-43.3727","longitude":"62.2168"},"timezone":{"offset":"-9:00","description":"Alaska"}},"email":"hanny.george@example.com","login":{"uuid":"6391b1f1-6de7-4791-88f4-57121ecfef5e","username":"crazyfrog506","password":"zone","salt":"36EEJgpG","md5":"388a1796ac7ca2de44fc5e3aeb5d85a5","sha1":"0a822d472b12f8b3acb8e6b0b6412b5469833b33","sha256":"ea28d4e625573124d87bef99cad5131a4ade6d45447928d252de12ea74c88144"},"dob":{"date":"1948-08-23T22:06:05.771Z","age":73},"registered":{"date":"2004-06-13T16:00:19.576Z","age":17},"phone":"0879-9939843","cell":"0179-1479631","id":{"name":"","value":null},"picture":{"large":"https://randomuser.me/api/portraits/women/6.jpg","medium":"https://randomuser.me/api/portraits/med/women/6.jpg","thumbnail":"https://randomuser.me/api/portraits/thumb/women/6.jpg"},"nat":"DE"}],"info":{"seed":"55a7848684a38946","results":1,"page":1,"version":"1.3"}}
[2021-03-01 20:40:30,707] {taskinstance.py:1142} INFO - Marking task as SUCCESS. dag_id=user_processing, task_id=user_extraction, execution_date=20200218T000000, start_date=20210302T014030, end_date=20210302T014030
[2021-03-01 20:40:30,731] {taskinstance.py:1195} INFO - 1 downstream tasks scheduled from follow-on schedule check
[2021-03-01 20:40:30,743] {local_task_job.py:118} INFO - Task exited with return code 0
