[2021-03-01 20:39:48,171] {taskinstance.py:826} INFO - Dependencies all met for <TaskInstance: user_processing.user_extraction 2020-02-11T00:00:00+00:00 [queued]>
[2021-03-01 20:39:48,175] {taskinstance.py:826} INFO - Dependencies all met for <TaskInstance: user_processing.user_extraction 2020-02-11T00:00:00+00:00 [queued]>
[2021-03-01 20:39:48,176] {taskinstance.py:1017} INFO - 
--------------------------------------------------------------------------------
[2021-03-01 20:39:48,176] {taskinstance.py:1018} INFO - Starting attempt 1 of 1
[2021-03-01 20:39:48,176] {taskinstance.py:1019} INFO - 
--------------------------------------------------------------------------------
[2021-03-01 20:39:48,184] {taskinstance.py:1038} INFO - Executing <Task(SimpleHttpOperator): user_extraction> on 2020-02-11T00:00:00+00:00
[2021-03-01 20:39:48,186] {standard_task_runner.py:51} INFO - Started process 240261 to run task
[2021-03-01 20:39:48,189] {standard_task_runner.py:75} INFO - Running: ['airflow', 'tasks', 'run', 'user_processing', 'user_extraction', '2020-02-11T00:00:00+00:00', '--job-id', '255', '--pool', 'default_pool', '--raw', '--subdir', 'DAGS_FOLDER/user_processing.py', '--cfg-path', '/tmp/tmpapnnc91k']
[2021-03-01 20:39:48,189] {standard_task_runner.py:76} INFO - Job 255: Subtask user_extraction
[2021-03-01 20:39:48,210] {logging_mixin.py:103} INFO - Running <TaskInstance: user_processing.user_extraction 2020-02-11T00:00:00+00:00 [running]> on host pop-os.localdomain
[2021-03-01 20:39:48,238] {taskinstance.py:1232} INFO - Exporting the following env vars:
AIRFLOW_CTX_DAG_OWNER=airflow
AIRFLOW_CTX_DAG_ID=user_processing
AIRFLOW_CTX_TASK_ID=user_extraction
AIRFLOW_CTX_EXECUTION_DATE=2020-02-11T00:00:00+00:00
AIRFLOW_CTX_DAG_RUN_ID=scheduled__2020-02-11T00:00:00+00:00
[2021-03-01 20:39:48,238] {http.py:106} INFO - Calling HTTP method
[2021-03-01 20:39:48,242] {base.py:74} INFO - Using connection to: id: user_api. Host: https://randomuser.me/, Port: None, Schema: , Login: , Password: None, extra: None
[2021-03-01 20:39:48,244] {http.py:140} INFO - Sending 'GET' to url: https://randomuser.me/api/
[2021-03-01 20:39:48,339] {http.py:110} INFO - {"results":[{"gender":"female","name":{"title":"Miss","first":"Ella","last":"Nymoen"},"location":{"street":{"number":4813,"name":"Frodes vei"},"city":"Uthaug","state":"Aust-Agder","country":"Norway","postcode":"8743","coordinates":{"latitude":"49.0136","longitude":"13.1678"},"timezone":{"offset":"0:00","description":"Western Europe Time, London, Lisbon, Casablanca"}},"email":"ella.nymoen@example.com","login":{"uuid":"493673e1-9437-40bc-a3af-436bef779755","username":"whitefish321","password":"penguin1","salt":"qmCbRXBm","md5":"3b6742a09e911b431ade3636450828de","sha1":"0e5255f17b15824713f6743995387a0fad6960f3","sha256":"bca87c09895316fdc57b99818fa2c8bf17b8ee2e515f944004b4ab093813eabb"},"dob":{"date":"1967-06-27T14:02:20.549Z","age":54},"registered":{"date":"2014-08-15T10:16:14.676Z","age":7},"phone":"84454330","cell":"90576503","id":{"name":"FN","value":"27066727802"},"picture":{"large":"https://randomuser.me/api/portraits/women/87.jpg","medium":"https://randomuser.me/api/portraits/med/women/87.jpg","thumbnail":"https://randomuser.me/api/portraits/thumb/women/87.jpg"},"nat":"NO"}],"info":{"seed":"c8cb1872f182f977","results":1,"page":1,"version":"1.3"}}
[2021-03-01 20:39:48,366] {taskinstance.py:1142} INFO - Marking task as SUCCESS. dag_id=user_processing, task_id=user_extraction, execution_date=20200211T000000, start_date=20210302T013948, end_date=20210302T013948
[2021-03-01 20:39:48,400] {taskinstance.py:1195} INFO - 1 downstream tasks scheduled from follow-on schedule check
[2021-03-01 20:39:48,440] {local_task_job.py:118} INFO - Task exited with return code 0
