[2021-03-01 20:44:57,325] {taskinstance.py:826} INFO - Dependencies all met for <TaskInstance: user_processing.user_extraction 2020-04-01T00:00:00+00:00 [queued]>
[2021-03-01 20:44:57,331] {taskinstance.py:826} INFO - Dependencies all met for <TaskInstance: user_processing.user_extraction 2020-04-01T00:00:00+00:00 [queued]>
[2021-03-01 20:44:57,331] {taskinstance.py:1017} INFO - 
--------------------------------------------------------------------------------
[2021-03-01 20:44:57,332] {taskinstance.py:1018} INFO - Starting attempt 1 of 1
[2021-03-01 20:44:57,332] {taskinstance.py:1019} INFO - 
--------------------------------------------------------------------------------
[2021-03-01 20:44:57,341] {taskinstance.py:1038} INFO - Executing <Task(SimpleHttpOperator): user_extraction> on 2020-04-01T00:00:00+00:00
[2021-03-01 20:44:57,344] {standard_task_runner.py:51} INFO - Started process 246426 to run task
[2021-03-01 20:44:57,348] {standard_task_runner.py:75} INFO - Running: ['airflow', 'tasks', 'run', 'user_processing', 'user_extraction', '2020-04-01T00:00:00+00:00', '--job-id', '505', '--pool', 'default_pool', '--raw', '--subdir', 'DAGS_FOLDER/user_processing.py', '--cfg-path', '/tmp/tmpjmfox9pn']
[2021-03-01 20:44:57,349] {standard_task_runner.py:76} INFO - Job 505: Subtask user_extraction
[2021-03-01 20:44:57,375] {logging_mixin.py:103} INFO - Running <TaskInstance: user_processing.user_extraction 2020-04-01T00:00:00+00:00 [running]> on host pop-os.localdomain
[2021-03-01 20:44:57,404] {taskinstance.py:1232} INFO - Exporting the following env vars:
AIRFLOW_CTX_DAG_OWNER=airflow
AIRFLOW_CTX_DAG_ID=user_processing
AIRFLOW_CTX_TASK_ID=user_extraction
AIRFLOW_CTX_EXECUTION_DATE=2020-04-01T00:00:00+00:00
AIRFLOW_CTX_DAG_RUN_ID=scheduled__2020-04-01T00:00:00+00:00
[2021-03-01 20:44:57,404] {http.py:106} INFO - Calling HTTP method
[2021-03-01 20:44:57,409] {base.py:74} INFO - Using connection to: id: user_api. Host: https://randomuser.me/, Port: None, Schema: , Login: , Password: None, extra: None
[2021-03-01 20:44:57,411] {http.py:140} INFO - Sending 'GET' to url: https://randomuser.me/api/
[2021-03-01 20:44:57,494] {http.py:110} INFO - {"results":[{"gender":"male","name":{"title":"Mr","first":"Tom","last":"Mcdonalid"},"location":{"street":{"number":345,"name":"Valley View Ln"},"city":"Spokane","state":"Colorado","country":"United States","postcode":21831,"coordinates":{"latitude":"80.6610","longitude":"-122.7451"},"timezone":{"offset":"+3:00","description":"Baghdad, Riyadh, Moscow, St. Petersburg"}},"email":"tom.mcdonalid@example.com","login":{"uuid":"e980dd12-e987-4d4f-98e7-d39c8b6daa81","username":"tinykoala856","password":"lickit","salt":"3JIE2r8u","md5":"9ffd9ddca4169a2e3738645bcfcb562e","sha1":"c6ff11c182b3e70a92a92eb2c575c9e0c9e26c6b","sha256":"3b2ed115d101fef88059f032d023c4f8067aa101673f2d60e4378fca95b5ab6a"},"dob":{"date":"1957-08-31T15:05:49.042Z","age":64},"registered":{"date":"2012-10-30T04:56:23.389Z","age":9},"phone":"(573)-866-5167","cell":"(533)-572-4536","id":{"name":"SSN","value":"494-92-1040"},"picture":{"large":"https://randomuser.me/api/portraits/men/79.jpg","medium":"https://randomuser.me/api/portraits/med/men/79.jpg","thumbnail":"https://randomuser.me/api/portraits/thumb/men/79.jpg"},"nat":"US"}],"info":{"seed":"8c504defaf3e18f8","results":1,"page":1,"version":"1.3"}}
[2021-03-01 20:44:57,507] {taskinstance.py:1142} INFO - Marking task as SUCCESS. dag_id=user_processing, task_id=user_extraction, execution_date=20200401T000000, start_date=20210302T014457, end_date=20210302T014457
[2021-03-01 20:44:57,528] {taskinstance.py:1195} INFO - 1 downstream tasks scheduled from follow-on schedule check
[2021-03-01 20:44:57,559] {local_task_job.py:118} INFO - Task exited with return code 0
