[2021-03-01 20:52:20,989] {taskinstance.py:826} INFO - Dependencies all met for <TaskInstance: user_processing.user_extraction 2020-06-09T00:00:00+00:00 [queued]>
[2021-03-01 20:52:20,993] {taskinstance.py:826} INFO - Dependencies all met for <TaskInstance: user_processing.user_extraction 2020-06-09T00:00:00+00:00 [queued]>
[2021-03-01 20:52:20,993] {taskinstance.py:1017} INFO - 
--------------------------------------------------------------------------------
[2021-03-01 20:52:20,993] {taskinstance.py:1018} INFO - Starting attempt 1 of 1
[2021-03-01 20:52:20,993] {taskinstance.py:1019} INFO - 
--------------------------------------------------------------------------------
[2021-03-01 20:52:21,001] {taskinstance.py:1038} INFO - Executing <Task(SimpleHttpOperator): user_extraction> on 2020-06-09T00:00:00+00:00
[2021-03-01 20:52:21,003] {standard_task_runner.py:51} INFO - Started process 255441 to run task
[2021-03-01 20:52:21,006] {standard_task_runner.py:75} INFO - Running: ['airflow', 'tasks', 'run', 'user_processing', 'user_extraction', '2020-06-09T00:00:00+00:00', '--job-id', '850', '--pool', 'default_pool', '--raw', '--subdir', 'DAGS_FOLDER/user_processing.py', '--cfg-path', '/tmp/tmpe5dsk67_']
[2021-03-01 20:52:21,006] {standard_task_runner.py:76} INFO - Job 850: Subtask user_extraction
[2021-03-01 20:52:21,026] {logging_mixin.py:103} INFO - Running <TaskInstance: user_processing.user_extraction 2020-06-09T00:00:00+00:00 [running]> on host pop-os.localdomain
[2021-03-01 20:52:21,053] {taskinstance.py:1232} INFO - Exporting the following env vars:
AIRFLOW_CTX_DAG_OWNER=airflow
AIRFLOW_CTX_DAG_ID=user_processing
AIRFLOW_CTX_TASK_ID=user_extraction
AIRFLOW_CTX_EXECUTION_DATE=2020-06-09T00:00:00+00:00
AIRFLOW_CTX_DAG_RUN_ID=scheduled__2020-06-09T00:00:00+00:00
[2021-03-01 20:52:21,053] {http.py:106} INFO - Calling HTTP method
[2021-03-01 20:52:21,057] {base.py:74} INFO - Using connection to: id: user_api. Host: https://randomuser.me/, Port: None, Schema: , Login: , Password: None, extra: None
[2021-03-01 20:52:21,058] {http.py:140} INFO - Sending 'GET' to url: https://randomuser.me/api/
[2021-03-01 20:52:21,168] {http.py:110} INFO - {"results":[{"gender":"female","name":{"title":"Ms","first":"سارا","last":"نكو نظر"},"location":{"street":{"number":4169,"name":"شهید گلپایگانی"},"city":"اهواز","state":"مازندران","country":"Iran","postcode":45532,"coordinates":{"latitude":"36.6656","longitude":"11.2415"},"timezone":{"offset":"+3:00","description":"Baghdad, Riyadh, Moscow, St. Petersburg"}},"email":"sr.nkwnzr@example.com","login":{"uuid":"7bf8682a-6ef3-4585-ae31-6901b9f3dbee","username":"biggoose616","password":"chrono","salt":"47muIuk6","md5":"efaa4dd7c23fe7f9b788489556470cfb","sha1":"802c273ee2e6932c1b8921616c8472572d33e6b9","sha256":"38ddf0985e338cc3dfbee678a8d28e2d817d34520edb43a9c3a7ee89fb27a989"},"dob":{"date":"1947-10-18T17:07:39.905Z","age":74},"registered":{"date":"2003-09-17T23:12:31.047Z","age":18},"phone":"059-18789010","cell":"0954-808-8613","id":{"name":"","value":null},"picture":{"large":"https://randomuser.me/api/portraits/women/71.jpg","medium":"https://randomuser.me/api/portraits/med/women/71.jpg","thumbnail":"https://randomuser.me/api/portraits/thumb/women/71.jpg"},"nat":"IR"}],"info":{"seed":"311f4d58ba2940d2","results":1,"page":1,"version":"1.3"}}
[2021-03-01 20:52:21,193] {taskinstance.py:1142} INFO - Marking task as SUCCESS. dag_id=user_processing, task_id=user_extraction, execution_date=20200609T000000, start_date=20210302T015220, end_date=20210302T015221
[2021-03-01 20:52:21,225] {taskinstance.py:1195} INFO - 1 downstream tasks scheduled from follow-on schedule check
[2021-03-01 20:52:21,257] {local_task_job.py:118} INFO - Task exited with return code 0
