[2021-03-01 20:54:08,740] {taskinstance.py:826} INFO - Dependencies all met for <TaskInstance: user_processing.user_extraction 2020-06-27T00:00:00+00:00 [queued]>
[2021-03-01 20:54:08,745] {taskinstance.py:826} INFO - Dependencies all met for <TaskInstance: user_processing.user_extraction 2020-06-27T00:00:00+00:00 [queued]>
[2021-03-01 20:54:08,745] {taskinstance.py:1017} INFO - 
--------------------------------------------------------------------------------
[2021-03-01 20:54:08,745] {taskinstance.py:1018} INFO - Starting attempt 1 of 1
[2021-03-01 20:54:08,745] {taskinstance.py:1019} INFO - 
--------------------------------------------------------------------------------
[2021-03-01 20:54:08,754] {taskinstance.py:1038} INFO - Executing <Task(SimpleHttpOperator): user_extraction> on 2020-06-27T00:00:00+00:00
[2021-03-01 20:54:08,757] {standard_task_runner.py:51} INFO - Started process 257608 to run task
[2021-03-01 20:54:08,762] {standard_task_runner.py:75} INFO - Running: ['airflow', 'tasks', 'run', 'user_processing', 'user_extraction', '2020-06-27T00:00:00+00:00', '--job-id', '940', '--pool', 'default_pool', '--raw', '--subdir', 'DAGS_FOLDER/user_processing.py', '--cfg-path', '/tmp/tmpw7ctvimb']
[2021-03-01 20:54:08,763] {standard_task_runner.py:76} INFO - Job 940: Subtask user_extraction
[2021-03-01 20:54:08,799] {logging_mixin.py:103} INFO - Running <TaskInstance: user_processing.user_extraction 2020-06-27T00:00:00+00:00 [running]> on host pop-os.localdomain
[2021-03-01 20:54:08,826] {taskinstance.py:1232} INFO - Exporting the following env vars:
AIRFLOW_CTX_DAG_OWNER=airflow
AIRFLOW_CTX_DAG_ID=user_processing
AIRFLOW_CTX_TASK_ID=user_extraction
AIRFLOW_CTX_EXECUTION_DATE=2020-06-27T00:00:00+00:00
AIRFLOW_CTX_DAG_RUN_ID=scheduled__2020-06-27T00:00:00+00:00
[2021-03-01 20:54:08,826] {http.py:106} INFO - Calling HTTP method
[2021-03-01 20:54:08,829] {base.py:74} INFO - Using connection to: id: user_api. Host: https://randomuser.me/, Port: None, Schema: , Login: , Password: None, extra: None
[2021-03-01 20:54:08,830] {http.py:140} INFO - Sending 'GET' to url: https://randomuser.me/api/
[2021-03-01 20:54:08,910] {http.py:110} INFO - {"results":[{"gender":"female","name":{"title":"Ms","first":"Eléna","last":"Leclercq"},"location":{"street":{"number":5176,"name":"Rue de L'Abbé-Patureau"},"city":"Dunkerque","state":"Haute-Loire","country":"France","postcode":47817,"coordinates":{"latitude":"1.2818","longitude":"70.9309"},"timezone":{"offset":"-11:00","description":"Midway Island, Samoa"}},"email":"elena.leclercq@example.com","login":{"uuid":"58c08956-67b3-464e-a720-a08c1a0fab60","username":"angrymouse154","password":"building","salt":"CToAq7kC","md5":"9912a8f8543026740fcc5c9c7f8e5c94","sha1":"00c43481af30557de5262083bef8b21694b30a15","sha256":"91f63f9731fe4771472250917380a488f4fa6cb0c1c89a314e1825c16b886066"},"dob":{"date":"1973-02-25T02:36:27.719Z","age":48},"registered":{"date":"2016-03-14T17:45:56.213Z","age":5},"phone":"04-09-66-40-08","cell":"06-81-00-32-61","id":{"name":"INSEE","value":"2NNaN85307970 36"},"picture":{"large":"https://randomuser.me/api/portraits/women/10.jpg","medium":"https://randomuser.me/api/portraits/med/women/10.jpg","thumbnail":"https://randomuser.me/api/portraits/thumb/women/10.jpg"},"nat":"FR"}],"info":{"seed":"fec6e04b004e4bed","results":1,"page":1,"version":"1.3"}}
[2021-03-01 20:54:08,930] {taskinstance.py:1142} INFO - Marking task as SUCCESS. dag_id=user_processing, task_id=user_extraction, execution_date=20200627T000000, start_date=20210302T015408, end_date=20210302T015408
[2021-03-01 20:54:08,958] {taskinstance.py:1195} INFO - 1 downstream tasks scheduled from follow-on schedule check
[2021-03-01 20:54:08,973] {local_task_job.py:118} INFO - Task exited with return code 0
