[2021-03-01 21:02:15,355] {taskinstance.py:826} INFO - Dependencies all met for <TaskInstance: user_processing.user_extraction 2020-09-17T00:00:00+00:00 [queued]>
[2021-03-01 21:02:15,361] {taskinstance.py:826} INFO - Dependencies all met for <TaskInstance: user_processing.user_extraction 2020-09-17T00:00:00+00:00 [queued]>
[2021-03-01 21:02:15,361] {taskinstance.py:1017} INFO - 
--------------------------------------------------------------------------------
[2021-03-01 21:02:15,361] {taskinstance.py:1018} INFO - Starting attempt 1 of 1
[2021-03-01 21:02:15,361] {taskinstance.py:1019} INFO - 
--------------------------------------------------------------------------------
[2021-03-01 21:02:15,369] {taskinstance.py:1038} INFO - Executing <Task(SimpleHttpOperator): user_extraction> on 2020-09-17T00:00:00+00:00
[2021-03-01 21:02:15,371] {standard_task_runner.py:51} INFO - Started process 267483 to run task
[2021-03-01 21:02:15,374] {standard_task_runner.py:75} INFO - Running: ['airflow', 'tasks', 'run', 'user_processing', 'user_extraction', '2020-09-17T00:00:00+00:00', '--job-id', '1350', '--pool', 'default_pool', '--raw', '--subdir', 'DAGS_FOLDER/user_processing.py', '--cfg-path', '/tmp/tmpa4o6m6fw']
[2021-03-01 21:02:15,374] {standard_task_runner.py:76} INFO - Job 1350: Subtask user_extraction
[2021-03-01 21:02:15,393] {logging_mixin.py:103} INFO - Running <TaskInstance: user_processing.user_extraction 2020-09-17T00:00:00+00:00 [running]> on host pop-os.localdomain
[2021-03-01 21:02:15,430] {taskinstance.py:1232} INFO - Exporting the following env vars:
AIRFLOW_CTX_DAG_OWNER=airflow
AIRFLOW_CTX_DAG_ID=user_processing
AIRFLOW_CTX_TASK_ID=user_extraction
AIRFLOW_CTX_EXECUTION_DATE=2020-09-17T00:00:00+00:00
AIRFLOW_CTX_DAG_RUN_ID=scheduled__2020-09-17T00:00:00+00:00
[2021-03-01 21:02:15,431] {http.py:106} INFO - Calling HTTP method
[2021-03-01 21:02:15,440] {base.py:74} INFO - Using connection to: id: user_api. Host: https://randomuser.me/, Port: None, Schema: , Login: , Password: None, extra: None
[2021-03-01 21:02:15,444] {http.py:140} INFO - Sending 'GET' to url: https://randomuser.me/api/
[2021-03-01 21:02:15,549] {http.py:110} INFO - {"results":[{"gender":"female","name":{"title":"Mrs","first":"Ramona","last":"Harrison"},"location":{"street":{"number":7449,"name":"W Sherman Dr"},"city":"Lansing","state":"Maine","country":"United States","postcode":96871,"coordinates":{"latitude":"85.6322","longitude":"162.3530"},"timezone":{"offset":"+5:00","description":"Ekaterinburg, Islamabad, Karachi, Tashkent"}},"email":"ramona.harrison@example.com","login":{"uuid":"c5aabe75-f496-44ea-9dfb-43b6dc351fae","username":"sadfish273","password":"winter1","salt":"qLxq5Qw1","md5":"da7e428c415a1296d3a2e9aad0e20b0e","sha1":"9af9193ab830e67a28852931158916958ac15cfd","sha256":"6ee01ba57c6550e1221386181ac7d68206f43d503164a504144accf932640c04"},"dob":{"date":"1982-11-12T10:33:35.780Z","age":39},"registered":{"date":"2008-12-17T03:00:24.844Z","age":13},"phone":"(713)-196-9694","cell":"(083)-790-2799","id":{"name":"SSN","value":"264-50-7801"},"picture":{"large":"https://randomuser.me/api/portraits/women/83.jpg","medium":"https://randomuser.me/api/portraits/med/women/83.jpg","thumbnail":"https://randomuser.me/api/portraits/thumb/women/83.jpg"},"nat":"US"}],"info":{"seed":"b71439ff30114934","results":1,"page":1,"version":"1.3"}}
[2021-03-01 21:02:15,571] {taskinstance.py:1142} INFO - Marking task as SUCCESS. dag_id=user_processing, task_id=user_extraction, execution_date=20200917T000000, start_date=20210302T020215, end_date=20210302T020215
[2021-03-01 21:02:15,599] {taskinstance.py:1195} INFO - 1 downstream tasks scheduled from follow-on schedule check
[2021-03-01 21:02:15,625] {local_task_job.py:118} INFO - Task exited with return code 0
