[2021-03-01 20:58:16,878] {taskinstance.py:826} INFO - Dependencies all met for <TaskInstance: user_processing.user_extraction 2020-08-08T00:00:00+00:00 [queued]>
[2021-03-01 20:58:16,882] {taskinstance.py:826} INFO - Dependencies all met for <TaskInstance: user_processing.user_extraction 2020-08-08T00:00:00+00:00 [queued]>
[2021-03-01 20:58:16,882] {taskinstance.py:1017} INFO - 
--------------------------------------------------------------------------------
[2021-03-01 20:58:16,882] {taskinstance.py:1018} INFO - Starting attempt 1 of 1
[2021-03-01 20:58:16,883] {taskinstance.py:1019} INFO - 
--------------------------------------------------------------------------------
[2021-03-01 20:58:16,890] {taskinstance.py:1038} INFO - Executing <Task(SimpleHttpOperator): user_extraction> on 2020-08-08T00:00:00+00:00
[2021-03-01 20:58:16,892] {standard_task_runner.py:51} INFO - Started process 262579 to run task
[2021-03-01 20:58:16,894] {standard_task_runner.py:75} INFO - Running: ['airflow', 'tasks', 'run', 'user_processing', 'user_extraction', '2020-08-08T00:00:00+00:00', '--job-id', '1150', '--pool', 'default_pool', '--raw', '--subdir', 'DAGS_FOLDER/user_processing.py', '--cfg-path', '/tmp/tmprba7zlkp']
[2021-03-01 20:58:16,894] {standard_task_runner.py:76} INFO - Job 1150: Subtask user_extraction
[2021-03-01 20:58:16,912] {logging_mixin.py:103} INFO - Running <TaskInstance: user_processing.user_extraction 2020-08-08T00:00:00+00:00 [running]> on host pop-os.localdomain
[2021-03-01 20:58:16,942] {taskinstance.py:1232} INFO - Exporting the following env vars:
AIRFLOW_CTX_DAG_OWNER=airflow
AIRFLOW_CTX_DAG_ID=user_processing
AIRFLOW_CTX_TASK_ID=user_extraction
AIRFLOW_CTX_EXECUTION_DATE=2020-08-08T00:00:00+00:00
AIRFLOW_CTX_DAG_RUN_ID=scheduled__2020-08-08T00:00:00+00:00
[2021-03-01 20:58:16,943] {http.py:106} INFO - Calling HTTP method
[2021-03-01 20:58:16,951] {base.py:74} INFO - Using connection to: id: user_api. Host: https://randomuser.me/, Port: None, Schema: , Login: , Password: None, extra: None
[2021-03-01 20:58:16,954] {http.py:140} INFO - Sending 'GET' to url: https://randomuser.me/api/
[2021-03-01 20:58:17,054] {http.py:110} INFO - {"results":[{"gender":"female","name":{"title":"Ms","first":"Signe","last":"Christiansen"},"location":{"street":{"number":331,"name":"Frederiksberggade"},"city":"Aaborg Øst","state":"Danmark","country":"Denmark","postcode":23548,"coordinates":{"latitude":"-33.3065","longitude":"167.4684"},"timezone":{"offset":"-4:00","description":"Atlantic Time (Canada), Caracas, La Paz"}},"email":"signe.christiansen@example.com","login":{"uuid":"d2e40302-2808-4d57-b7cd-d3e57284d6fa","username":"ticklishswan321","password":"sergio","salt":"FcI2vBoE","md5":"21c3ada827d869d7db391e9c4ec2e713","sha1":"44a7fcca371ef8317c3f25e3a0fd01799f9c906b","sha256":"691b1435889d7cc3b5f002624c18cfb28a5a93298cffb5497966c05afa75642b"},"dob":{"date":"1995-03-05T23:57:01.322Z","age":26},"registered":{"date":"2008-03-12T00:26:55.188Z","age":13},"phone":"15383968","cell":"62626287","id":{"name":"CPR","value":"050395-8126"},"picture":{"large":"https://randomuser.me/api/portraits/women/44.jpg","medium":"https://randomuser.me/api/portraits/med/women/44.jpg","thumbnail":"https://randomuser.me/api/portraits/thumb/women/44.jpg"},"nat":"DK"}],"info":{"seed":"8e9b009c0178420d","results":1,"page":1,"version":"1.3"}}
[2021-03-01 20:58:17,085] {taskinstance.py:1142} INFO - Marking task as SUCCESS. dag_id=user_processing, task_id=user_extraction, execution_date=20200808T000000, start_date=20210302T015816, end_date=20210302T015817
[2021-03-01 20:58:17,108] {taskinstance.py:1195} INFO - 1 downstream tasks scheduled from follow-on schedule check
[2021-03-01 20:58:17,146] {local_task_job.py:118} INFO - Task exited with return code 0
