[2021-03-01 20:46:34,371] {taskinstance.py:826} INFO - Dependencies all met for <TaskInstance: user_processing.user_extraction 2020-04-16T00:00:00+00:00 [queued]>
[2021-03-01 20:46:34,377] {taskinstance.py:826} INFO - Dependencies all met for <TaskInstance: user_processing.user_extraction 2020-04-16T00:00:00+00:00 [queued]>
[2021-03-01 20:46:34,377] {taskinstance.py:1017} INFO - 
--------------------------------------------------------------------------------
[2021-03-01 20:46:34,377] {taskinstance.py:1018} INFO - Starting attempt 1 of 1
[2021-03-01 20:46:34,378] {taskinstance.py:1019} INFO - 
--------------------------------------------------------------------------------
[2021-03-01 20:46:34,387] {taskinstance.py:1038} INFO - Executing <Task(SimpleHttpOperator): user_extraction> on 2020-04-16T00:00:00+00:00
[2021-03-01 20:46:34,389] {standard_task_runner.py:51} INFO - Started process 248268 to run task
[2021-03-01 20:46:34,394] {standard_task_runner.py:75} INFO - Running: ['airflow', 'tasks', 'run', 'user_processing', 'user_extraction', '2020-04-16T00:00:00+00:00', '--job-id', '580', '--pool', 'default_pool', '--raw', '--subdir', 'DAGS_FOLDER/user_processing.py', '--cfg-path', '/tmp/tmp2sbshmjm']
[2021-03-01 20:46:34,394] {standard_task_runner.py:76} INFO - Job 580: Subtask user_extraction
[2021-03-01 20:46:34,420] {logging_mixin.py:103} INFO - Running <TaskInstance: user_processing.user_extraction 2020-04-16T00:00:00+00:00 [running]> on host pop-os.localdomain
[2021-03-01 20:46:34,444] {taskinstance.py:1232} INFO - Exporting the following env vars:
AIRFLOW_CTX_DAG_OWNER=airflow
AIRFLOW_CTX_DAG_ID=user_processing
AIRFLOW_CTX_TASK_ID=user_extraction
AIRFLOW_CTX_EXECUTION_DATE=2020-04-16T00:00:00+00:00
AIRFLOW_CTX_DAG_RUN_ID=scheduled__2020-04-16T00:00:00+00:00
[2021-03-01 20:46:34,444] {http.py:106} INFO - Calling HTTP method
[2021-03-01 20:46:34,447] {base.py:74} INFO - Using connection to: id: user_api. Host: https://randomuser.me/, Port: None, Schema: , Login: , Password: None, extra: None
[2021-03-01 20:46:34,449] {http.py:140} INFO - Sending 'GET' to url: https://randomuser.me/api/
[2021-03-01 20:46:34,558] {http.py:110} INFO - {"results":[{"gender":"male","name":{"title":"Mr","first":"Thomas","last":"King"},"location":{"street":{"number":3292,"name":"Otipua Road"},"city":"Hamilton","state":"Bay of Plenty","country":"New Zealand","postcode":87489,"coordinates":{"latitude":"66.9708","longitude":"-20.4004"},"timezone":{"offset":"+4:30","description":"Kabul"}},"email":"thomas.king@example.com","login":{"uuid":"e6a5941d-664b-4c06-92ff-a2fa40b54670","username":"yellowzebra671","password":"bonkers","salt":"yzqTXdyZ","md5":"4660b951db13c90e112724c7ef8abe2e","sha1":"101afd1db36ddf826a53c5955d20b5ce276d9185","sha256":"74f4d0986a40cea0de563451598d01a70eba5bfde62aacc5eda977df6952c5aa"},"dob":{"date":"1951-12-26T21:42:25.658Z","age":70},"registered":{"date":"2019-06-12T09:21:15.705Z","age":2},"phone":"(207)-323-4030","cell":"(205)-187-2021","id":{"name":"","value":null},"picture":{"large":"https://randomuser.me/api/portraits/men/67.jpg","medium":"https://randomuser.me/api/portraits/med/men/67.jpg","thumbnail":"https://randomuser.me/api/portraits/thumb/men/67.jpg"},"nat":"NZ"}],"info":{"seed":"2e9945dbd9aa6eeb","results":1,"page":1,"version":"1.3"}}
[2021-03-01 20:46:34,569] {taskinstance.py:1142} INFO - Marking task as SUCCESS. dag_id=user_processing, task_id=user_extraction, execution_date=20200416T000000, start_date=20210302T014634, end_date=20210302T014634
[2021-03-01 20:46:34,588] {taskinstance.py:1195} INFO - 1 downstream tasks scheduled from follow-on schedule check
[2021-03-01 20:46:34,603] {local_task_job.py:118} INFO - Task exited with return code 0
