[2021-03-01 20:53:08,896] {taskinstance.py:826} INFO - Dependencies all met for <TaskInstance: user_processing.user_extraction 2020-06-17T00:00:00+00:00 [queued]>
[2021-03-01 20:53:08,901] {taskinstance.py:826} INFO - Dependencies all met for <TaskInstance: user_processing.user_extraction 2020-06-17T00:00:00+00:00 [queued]>
[2021-03-01 20:53:08,901] {taskinstance.py:1017} INFO - 
--------------------------------------------------------------------------------
[2021-03-01 20:53:08,901] {taskinstance.py:1018} INFO - Starting attempt 1 of 1
[2021-03-01 20:53:08,901] {taskinstance.py:1019} INFO - 
--------------------------------------------------------------------------------
[2021-03-01 20:53:08,909] {taskinstance.py:1038} INFO - Executing <Task(SimpleHttpOperator): user_extraction> on 2020-06-17T00:00:00+00:00
[2021-03-01 20:53:08,911] {standard_task_runner.py:51} INFO - Started process 256405 to run task
[2021-03-01 20:53:08,914] {standard_task_runner.py:75} INFO - Running: ['airflow', 'tasks', 'run', 'user_processing', 'user_extraction', '2020-06-17T00:00:00+00:00', '--job-id', '890', '--pool', 'default_pool', '--raw', '--subdir', 'DAGS_FOLDER/user_processing.py', '--cfg-path', '/tmp/tmpwm6le4i1']
[2021-03-01 20:53:08,914] {standard_task_runner.py:76} INFO - Job 890: Subtask user_extraction
[2021-03-01 20:53:08,934] {logging_mixin.py:103} INFO - Running <TaskInstance: user_processing.user_extraction 2020-06-17T00:00:00+00:00 [running]> on host pop-os.localdomain
[2021-03-01 20:53:08,955] {taskinstance.py:1232} INFO - Exporting the following env vars:
AIRFLOW_CTX_DAG_OWNER=airflow
AIRFLOW_CTX_DAG_ID=user_processing
AIRFLOW_CTX_TASK_ID=user_extraction
AIRFLOW_CTX_EXECUTION_DATE=2020-06-17T00:00:00+00:00
AIRFLOW_CTX_DAG_RUN_ID=scheduled__2020-06-17T00:00:00+00:00
[2021-03-01 20:53:08,956] {http.py:106} INFO - Calling HTTP method
[2021-03-01 20:53:08,958] {base.py:74} INFO - Using connection to: id: user_api. Host: https://randomuser.me/, Port: None, Schema: , Login: , Password: None, extra: None
[2021-03-01 20:53:08,959] {http.py:140} INFO - Sending 'GET' to url: https://randomuser.me/api/
[2021-03-01 20:53:09,043] {http.py:110} INFO - {"results":[{"gender":"male","name":{"title":"Mr","first":"Bob","last":"Peck"},"location":{"street":{"number":7002,"name":"Dane St"},"city":"Lewiston","state":"Idaho","country":"United States","postcode":18561,"coordinates":{"latitude":"87.9038","longitude":"-25.6910"},"timezone":{"offset":"+4:00","description":"Abu Dhabi, Muscat, Baku, Tbilisi"}},"email":"bob.peck@example.com","login":{"uuid":"1a9b2731-4aee-498d-9e5b-9d3524540fee","username":"greenpanda640","password":"ting","salt":"qP54LIZe","md5":"17cccbea7829eb444f2d513fd3e44424","sha1":"b5ee92197ec7e5b9c76e63765f11b1090afa8a85","sha256":"b3417eaa6983a1b9a3231a35db37087ee532f5bdb63a323a7b2ace240efacc68"},"dob":{"date":"1988-08-27T09:05:22.948Z","age":33},"registered":{"date":"2005-12-06T13:54:47.728Z","age":16},"phone":"(123)-209-8899","cell":"(435)-175-2659","id":{"name":"SSN","value":"197-21-5636"},"picture":{"large":"https://randomuser.me/api/portraits/men/36.jpg","medium":"https://randomuser.me/api/portraits/med/men/36.jpg","thumbnail":"https://randomuser.me/api/portraits/thumb/men/36.jpg"},"nat":"US"}],"info":{"seed":"08c9eb600f1cd3af","results":1,"page":1,"version":"1.3"}}
[2021-03-01 20:53:09,057] {taskinstance.py:1142} INFO - Marking task as SUCCESS. dag_id=user_processing, task_id=user_extraction, execution_date=20200617T000000, start_date=20210302T015308, end_date=20210302T015309
[2021-03-01 20:53:09,075] {taskinstance.py:1195} INFO - 1 downstream tasks scheduled from follow-on schedule check
[2021-03-01 20:53:09,085] {local_task_job.py:118} INFO - Task exited with return code 0
