[2021-03-01 21:00:22,106] {taskinstance.py:826} INFO - Dependencies all met for <TaskInstance: user_processing.user_extraction 2020-08-29T00:00:00+00:00 [queued]>
[2021-03-01 21:00:22,110] {taskinstance.py:826} INFO - Dependencies all met for <TaskInstance: user_processing.user_extraction 2020-08-29T00:00:00+00:00 [queued]>
[2021-03-01 21:00:22,110] {taskinstance.py:1017} INFO - 
--------------------------------------------------------------------------------
[2021-03-01 21:00:22,110] {taskinstance.py:1018} INFO - Starting attempt 1 of 1
[2021-03-01 21:00:22,110] {taskinstance.py:1019} INFO - 
--------------------------------------------------------------------------------
[2021-03-01 21:00:22,118] {taskinstance.py:1038} INFO - Executing <Task(SimpleHttpOperator): user_extraction> on 2020-08-29T00:00:00+00:00
[2021-03-01 21:00:22,120] {standard_task_runner.py:51} INFO - Started process 265142 to run task
[2021-03-01 21:00:22,123] {standard_task_runner.py:75} INFO - Running: ['airflow', 'tasks', 'run', 'user_processing', 'user_extraction', '2020-08-29T00:00:00+00:00', '--job-id', '1255', '--pool', 'default_pool', '--raw', '--subdir', 'DAGS_FOLDER/user_processing.py', '--cfg-path', '/tmp/tmptrccwkq1']
[2021-03-01 21:00:22,123] {standard_task_runner.py:76} INFO - Job 1255: Subtask user_extraction
[2021-03-01 21:00:22,143] {logging_mixin.py:103} INFO - Running <TaskInstance: user_processing.user_extraction 2020-08-29T00:00:00+00:00 [running]> on host pop-os.localdomain
[2021-03-01 21:00:22,165] {taskinstance.py:1232} INFO - Exporting the following env vars:
AIRFLOW_CTX_DAG_OWNER=airflow
AIRFLOW_CTX_DAG_ID=user_processing
AIRFLOW_CTX_TASK_ID=user_extraction
AIRFLOW_CTX_EXECUTION_DATE=2020-08-29T00:00:00+00:00
AIRFLOW_CTX_DAG_RUN_ID=scheduled__2020-08-29T00:00:00+00:00
[2021-03-01 21:00:22,166] {http.py:106} INFO - Calling HTTP method
[2021-03-01 21:00:22,175] {base.py:74} INFO - Using connection to: id: user_api. Host: https://randomuser.me/, Port: None, Schema: , Login: , Password: None, extra: None
[2021-03-01 21:00:22,178] {http.py:140} INFO - Sending 'GET' to url: https://randomuser.me/api/
[2021-03-01 21:00:22,344] {http.py:110} INFO - {"results":[{"gender":"male","name":{"title":"Mr","first":"Jonathan","last":"Santana"},"location":{"street":{"number":9983,"name":"Calle de Téllez"},"city":"Alcalá de Henares","state":"La Rioja","country":"Spain","postcode":41269,"coordinates":{"latitude":"-22.7123","longitude":"-72.7437"},"timezone":{"offset":"+3:30","description":"Tehran"}},"email":"jonathan.santana@example.com","login":{"uuid":"9d9fb0c5-10a8-4146-aa40-af3c3b7f3d7a","username":"brownbear689","password":"peachy","salt":"ecOIeqxl","md5":"00bc1484620ac1143287443ac85fd399","sha1":"eb74df73ddfb8310f1f0621cfa60a456eef0bf2d","sha256":"36c9455f965affc8b7420532316869332df78f8b564f6db99e4135a784a38f7d"},"dob":{"date":"1996-11-13T14:57:31.573Z","age":25},"registered":{"date":"2006-01-08T11:17:00.792Z","age":15},"phone":"927-492-846","cell":"664-466-889","id":{"name":"DNI","value":"02252904-R"},"picture":{"large":"https://randomuser.me/api/portraits/men/80.jpg","medium":"https://randomuser.me/api/portraits/med/men/80.jpg","thumbnail":"https://randomuser.me/api/portraits/thumb/men/80.jpg"},"nat":"ES"}],"info":{"seed":"efdea405799fafb0","results":1,"page":1,"version":"1.3"}}
[2021-03-01 21:00:22,355] {taskinstance.py:1142} INFO - Marking task as SUCCESS. dag_id=user_processing, task_id=user_extraction, execution_date=20200829T000000, start_date=20210302T020022, end_date=20210302T020022
[2021-03-01 21:00:22,374] {taskinstance.py:1195} INFO - 1 downstream tasks scheduled from follow-on schedule check
[2021-03-01 21:00:22,414] {local_task_job.py:118} INFO - Task exited with return code 0
