[2021-03-01 20:47:50,422] {taskinstance.py:826} INFO - Dependencies all met for <TaskInstance: user_processing.user_extraction 2020-04-28T00:00:00+00:00 [queued]>
[2021-03-01 20:47:50,427] {taskinstance.py:826} INFO - Dependencies all met for <TaskInstance: user_processing.user_extraction 2020-04-28T00:00:00+00:00 [queued]>
[2021-03-01 20:47:50,427] {taskinstance.py:1017} INFO - 
--------------------------------------------------------------------------------
[2021-03-01 20:47:50,427] {taskinstance.py:1018} INFO - Starting attempt 1 of 1
[2021-03-01 20:47:50,427] {taskinstance.py:1019} INFO - 
--------------------------------------------------------------------------------
[2021-03-01 20:47:50,435] {taskinstance.py:1038} INFO - Executing <Task(SimpleHttpOperator): user_extraction> on 2020-04-28T00:00:00+00:00
[2021-03-01 20:47:50,437] {standard_task_runner.py:51} INFO - Started process 249863 to run task
[2021-03-01 20:47:50,440] {standard_task_runner.py:75} INFO - Running: ['airflow', 'tasks', 'run', 'user_processing', 'user_extraction', '2020-04-28T00:00:00+00:00', '--job-id', '640', '--pool', 'default_pool', '--raw', '--subdir', 'DAGS_FOLDER/user_processing.py', '--cfg-path', '/tmp/tmptte3147c']
[2021-03-01 20:47:50,440] {standard_task_runner.py:76} INFO - Job 640: Subtask user_extraction
[2021-03-01 20:47:50,466] {logging_mixin.py:103} INFO - Running <TaskInstance: user_processing.user_extraction 2020-04-28T00:00:00+00:00 [running]> on host pop-os.localdomain
[2021-03-01 20:47:50,497] {taskinstance.py:1232} INFO - Exporting the following env vars:
AIRFLOW_CTX_DAG_OWNER=airflow
AIRFLOW_CTX_DAG_ID=user_processing
AIRFLOW_CTX_TASK_ID=user_extraction
AIRFLOW_CTX_EXECUTION_DATE=2020-04-28T00:00:00+00:00
AIRFLOW_CTX_DAG_RUN_ID=scheduled__2020-04-28T00:00:00+00:00
[2021-03-01 20:47:50,498] {http.py:106} INFO - Calling HTTP method
[2021-03-01 20:47:50,500] {base.py:74} INFO - Using connection to: id: user_api. Host: https://randomuser.me/, Port: None, Schema: , Login: , Password: None, extra: None
[2021-03-01 20:47:50,502] {http.py:140} INFO - Sending 'GET' to url: https://randomuser.me/api/
[2021-03-01 20:47:50,637] {http.py:110} INFO - {"results":[{"gender":"female","name":{"title":"Ms","first":"Maria","last":"Williams"},"location":{"street":{"number":101,"name":"Crawford Street"},"city":"Porirua","state":"Auckland","country":"New Zealand","postcode":18196,"coordinates":{"latitude":"67.1729","longitude":"151.7509"},"timezone":{"offset":"-8:00","description":"Pacific Time (US & Canada)"}},"email":"maria.williams@example.com","login":{"uuid":"aeb202a0-17da-402f-9a4a-f85fdc98cd21","username":"purplezebra599","password":"double","salt":"C2Oaj9MP","md5":"9234ffc98239c4d14d811bf419156faa","sha1":"31fb9941d79c1cb9d544284f0d0fa435af21c6ed","sha256":"ca0c592cb701bf0e1bd7839bc4aac975499d67d756871ad4c40e70cc2bb6dae2"},"dob":{"date":"1962-09-04T21:07:14.700Z","age":59},"registered":{"date":"2018-10-29T02:15:24.194Z","age":3},"phone":"(765)-781-1722","cell":"(012)-375-5942","id":{"name":"","value":null},"picture":{"large":"https://randomuser.me/api/portraits/women/78.jpg","medium":"https://randomuser.me/api/portraits/med/women/78.jpg","thumbnail":"https://randomuser.me/api/portraits/thumb/women/78.jpg"},"nat":"NZ"}],"info":{"seed":"dc80519444422686","results":1,"page":1,"version":"1.3"}}
[2021-03-01 20:47:50,668] {taskinstance.py:1142} INFO - Marking task as SUCCESS. dag_id=user_processing, task_id=user_extraction, execution_date=20200428T000000, start_date=20210302T014750, end_date=20210302T014750
[2021-03-01 20:47:50,706] {taskinstance.py:1195} INFO - 1 downstream tasks scheduled from follow-on schedule check
[2021-03-01 20:47:50,731] {local_task_job.py:118} INFO - Task exited with return code 0
