[2021-03-01 20:52:44,726] {taskinstance.py:826} INFO - Dependencies all met for <TaskInstance: user_processing.user_extraction 2020-06-13T00:00:00+00:00 [queued]>
[2021-03-01 20:52:44,733] {taskinstance.py:826} INFO - Dependencies all met for <TaskInstance: user_processing.user_extraction 2020-06-13T00:00:00+00:00 [queued]>
[2021-03-01 20:52:44,733] {taskinstance.py:1017} INFO - 
--------------------------------------------------------------------------------
[2021-03-01 20:52:44,733] {taskinstance.py:1018} INFO - Starting attempt 1 of 1
[2021-03-01 20:52:44,733] {taskinstance.py:1019} INFO - 
--------------------------------------------------------------------------------
[2021-03-01 20:52:44,752] {taskinstance.py:1038} INFO - Executing <Task(SimpleHttpOperator): user_extraction> on 2020-06-13T00:00:00+00:00
[2021-03-01 20:52:44,754] {standard_task_runner.py:51} INFO - Started process 255862 to run task
[2021-03-01 20:52:44,757] {standard_task_runner.py:75} INFO - Running: ['airflow', 'tasks', 'run', 'user_processing', 'user_extraction', '2020-06-13T00:00:00+00:00', '--job-id', '870', '--pool', 'default_pool', '--raw', '--subdir', 'DAGS_FOLDER/user_processing.py', '--cfg-path', '/tmp/tmpesv1ydpm']
[2021-03-01 20:52:44,758] {standard_task_runner.py:76} INFO - Job 870: Subtask user_extraction
[2021-03-01 20:52:44,791] {logging_mixin.py:103} INFO - Running <TaskInstance: user_processing.user_extraction 2020-06-13T00:00:00+00:00 [running]> on host pop-os.localdomain
[2021-03-01 20:52:44,833] {taskinstance.py:1232} INFO - Exporting the following env vars:
AIRFLOW_CTX_DAG_OWNER=airflow
AIRFLOW_CTX_DAG_ID=user_processing
AIRFLOW_CTX_TASK_ID=user_extraction
AIRFLOW_CTX_EXECUTION_DATE=2020-06-13T00:00:00+00:00
AIRFLOW_CTX_DAG_RUN_ID=scheduled__2020-06-13T00:00:00+00:00
[2021-03-01 20:52:44,833] {http.py:106} INFO - Calling HTTP method
[2021-03-01 20:52:44,836] {base.py:74} INFO - Using connection to: id: user_api. Host: https://randomuser.me/, Port: None, Schema: , Login: , Password: None, extra: None
[2021-03-01 20:52:44,837] {http.py:140} INFO - Sending 'GET' to url: https://randomuser.me/api/
[2021-03-01 20:52:44,926] {http.py:110} INFO - {"results":[{"gender":"female","name":{"title":"Ms","first":"Sandra","last":"Simon"},"location":{"street":{"number":3686,"name":"Rue de L'Abbé-Migne"},"city":"Caen","state":"Var","country":"France","postcode":66548,"coordinates":{"latitude":"-0.0387","longitude":"11.2977"},"timezone":{"offset":"+3:30","description":"Tehran"}},"email":"sandra.simon@example.com","login":{"uuid":"efd9583e-a329-4bc8-9475-c1090cd74d8f","username":"greenpeacock161","password":"jerky","salt":"okMRVHgr","md5":"ee8cb97630a676efde00a7e879c1ea7e","sha1":"94f0b44fc6753230d89cc4a13c15124c008fb5e6","sha256":"6adbf25b741f2f0a9256eb3877c3ef1e231b55a1a44c91a51c1a42d1482e54bc"},"dob":{"date":"1945-10-04T00:03:40.887Z","age":76},"registered":{"date":"2012-11-28T20:01:16.601Z","age":9},"phone":"04-84-28-59-86","cell":"06-66-03-49-49","id":{"name":"INSEE","value":"2NNaN78791276 22"},"picture":{"large":"https://randomuser.me/api/portraits/women/0.jpg","medium":"https://randomuser.me/api/portraits/med/women/0.jpg","thumbnail":"https://randomuser.me/api/portraits/thumb/women/0.jpg"},"nat":"FR"}],"info":{"seed":"535792023ae601ec","results":1,"page":1,"version":"1.3"}}
[2021-03-01 20:52:44,939] {taskinstance.py:1142} INFO - Marking task as SUCCESS. dag_id=user_processing, task_id=user_extraction, execution_date=20200613T000000, start_date=20210302T015244, end_date=20210302T015244
[2021-03-01 20:52:44,957] {taskinstance.py:1195} INFO - 1 downstream tasks scheduled from follow-on schedule check
[2021-03-01 20:52:44,968] {local_task_job.py:118} INFO - Task exited with return code 0
