[2021-03-01 20:41:51,881] {taskinstance.py:826} INFO - Dependencies all met for <TaskInstance: user_processing.user_extraction 2020-03-02T00:00:00+00:00 [queued]>
[2021-03-01 20:41:51,886] {taskinstance.py:826} INFO - Dependencies all met for <TaskInstance: user_processing.user_extraction 2020-03-02T00:00:00+00:00 [queued]>
[2021-03-01 20:41:51,886] {taskinstance.py:1017} INFO - 
--------------------------------------------------------------------------------
[2021-03-01 20:41:51,886] {taskinstance.py:1018} INFO - Starting attempt 1 of 1
[2021-03-01 20:41:51,886] {taskinstance.py:1019} INFO - 
--------------------------------------------------------------------------------
[2021-03-01 20:41:51,895] {taskinstance.py:1038} INFO - Executing <Task(SimpleHttpOperator): user_extraction> on 2020-03-02T00:00:00+00:00
[2021-03-01 20:41:51,897] {standard_task_runner.py:51} INFO - Started process 242716 to run task
[2021-03-01 20:41:51,900] {standard_task_runner.py:75} INFO - Running: ['airflow', 'tasks', 'run', 'user_processing', 'user_extraction', '2020-03-02T00:00:00+00:00', '--job-id', '355', '--pool', 'default_pool', '--raw', '--subdir', 'DAGS_FOLDER/user_processing.py', '--cfg-path', '/tmp/tmp_5qu7gtk']
[2021-03-01 20:41:51,900] {standard_task_runner.py:76} INFO - Job 355: Subtask user_extraction
[2021-03-01 20:41:51,920] {logging_mixin.py:103} INFO - Running <TaskInstance: user_processing.user_extraction 2020-03-02T00:00:00+00:00 [running]> on host pop-os.localdomain
[2021-03-01 20:41:51,944] {taskinstance.py:1232} INFO - Exporting the following env vars:
AIRFLOW_CTX_DAG_OWNER=airflow
AIRFLOW_CTX_DAG_ID=user_processing
AIRFLOW_CTX_TASK_ID=user_extraction
AIRFLOW_CTX_EXECUTION_DATE=2020-03-02T00:00:00+00:00
AIRFLOW_CTX_DAG_RUN_ID=scheduled__2020-03-02T00:00:00+00:00
[2021-03-01 20:41:51,944] {http.py:106} INFO - Calling HTTP method
[2021-03-01 20:41:51,947] {base.py:74} INFO - Using connection to: id: user_api. Host: https://randomuser.me/, Port: None, Schema: , Login: , Password: None, extra: None
[2021-03-01 20:41:51,948] {http.py:140} INFO - Sending 'GET' to url: https://randomuser.me/api/
[2021-03-01 20:41:52,059] {http.py:110} INFO - {"results":[{"gender":"female","name":{"title":"Mrs","first":"Signe","last":"Hansen"},"location":{"street":{"number":881,"name":"Klintevej"},"city":"Ølstykke","state":"Hovedstaden","country":"Denmark","postcode":72040,"coordinates":{"latitude":"-32.4804","longitude":"14.2339"},"timezone":{"offset":"-6:00","description":"Central Time (US & Canada), Mexico City"}},"email":"signe.hansen@example.com","login":{"uuid":"d37316f4-b5da-446f-b46d-c56e5186817c","username":"smallrabbit412","password":"gsxr750","salt":"vZNqB8ms","md5":"20cd8031339cadc80672353a4bf0da89","sha1":"a4f1d061a3e29ff666f13d7007bf2d26a6d620c5","sha256":"8555b5e01faf3ff0584e54a79e75f414909318559f7f55e9421dd0e0ec10220c"},"dob":{"date":"1967-05-24T06:56:14.710Z","age":54},"registered":{"date":"2017-11-26T10:07:55.595Z","age":4},"phone":"05451474","cell":"73264544","id":{"name":"CPR","value":"240567-2221"},"picture":{"large":"https://randomuser.me/api/portraits/women/35.jpg","medium":"https://randomuser.me/api/portraits/med/women/35.jpg","thumbnail":"https://randomuser.me/api/portraits/thumb/women/35.jpg"},"nat":"DK"}],"info":{"seed":"b6bd50103fd20969","results":1,"page":1,"version":"1.3"}}
[2021-03-01 20:41:52,071] {taskinstance.py:1142} INFO - Marking task as SUCCESS. dag_id=user_processing, task_id=user_extraction, execution_date=20200302T000000, start_date=20210302T014151, end_date=20210302T014152
[2021-03-01 20:41:52,094] {taskinstance.py:1195} INFO - 1 downstream tasks scheduled from follow-on schedule check
[2021-03-01 20:41:52,111] {local_task_job.py:118} INFO - Task exited with return code 0
