[2021-02-22 18:24:52,177] {scheduler_job.py:181} INFO - Started process (PID=195161) to work on /home/i-sip_iot/airflow/dags/user_processing.py
[2021-02-22 18:24:52,179] {scheduler_job.py:629} INFO - Processing file /home/i-sip_iot/airflow/dags/user_processing.py for tasks to queue
[2021-02-22 18:24:52,181] {logging_mixin.py:103} INFO - [2021-02-22 18:24:52,180] {dagbag.py:440} INFO - Filling up the DagBag from /home/i-sip_iot/airflow/dags/user_processing.py
[2021-02-22 18:24:52,205] {scheduler_job.py:639} INFO - DAG(s) dict_keys(['user_processing']) retrieved from /home/i-sip_iot/airflow/dags/user_processing.py
[2021-02-22 18:24:52,206] {logging_mixin.py:103} INFO - [2021-02-22 18:24:52,206] {dag.py:1813} INFO - Sync 1 DAGs
[2021-02-22 18:24:52,224] {logging_mixin.py:103} INFO - [2021-02-22 18:24:52,224] {dag.py:2266} INFO - Setting next_dagrun for user_processing to 2021-02-21 00:00:00+00:00
[2021-02-22 18:24:52,245] {scheduler_job.py:189} INFO - Processing /home/i-sip_iot/airflow/dags/user_processing.py took 0.075 seconds
[2021-02-22 18:25:19,365] {scheduler_job.py:181} INFO - Started process (PID=195224) to work on /home/i-sip_iot/airflow/dags/user_processing.py
[2021-02-22 18:25:19,367] {scheduler_job.py:629} INFO - Processing file /home/i-sip_iot/airflow/dags/user_processing.py for tasks to queue
[2021-02-22 18:25:19,368] {logging_mixin.py:103} INFO - [2021-02-22 18:25:19,367] {dagbag.py:440} INFO - Filling up the DagBag from /home/i-sip_iot/airflow/dags/user_processing.py
[2021-02-22 18:25:19,395] {scheduler_job.py:639} INFO - DAG(s) dict_keys(['user_processing']) retrieved from /home/i-sip_iot/airflow/dags/user_processing.py
[2021-02-22 18:25:19,396] {logging_mixin.py:103} INFO - [2021-02-22 18:25:19,396] {dag.py:1813} INFO - Sync 1 DAGs
[2021-02-22 18:25:19,413] {logging_mixin.py:103} INFO - [2021-02-22 18:25:19,413] {dag.py:2266} INFO - Setting next_dagrun for user_processing to 2021-02-21 00:00:00+00:00
[2021-02-22 18:25:19,417] {scheduler_job.py:189} INFO - Processing /home/i-sip_iot/airflow/dags/user_processing.py took 0.056 seconds
[2021-02-22 18:25:47,246] {scheduler_job.py:181} INFO - Started process (PID=195502) to work on /home/i-sip_iot/airflow/dags/user_processing.py
[2021-02-22 18:25:47,248] {scheduler_job.py:629} INFO - Processing file /home/i-sip_iot/airflow/dags/user_processing.py for tasks to queue
[2021-02-22 18:25:47,250] {logging_mixin.py:103} INFO - [2021-02-22 18:25:47,250] {dagbag.py:440} INFO - Filling up the DagBag from /home/i-sip_iot/airflow/dags/user_processing.py
[2021-02-22 18:25:47,271] {scheduler_job.py:639} INFO - DAG(s) dict_keys(['user_processing']) retrieved from /home/i-sip_iot/airflow/dags/user_processing.py
[2021-02-22 18:25:47,271] {logging_mixin.py:103} INFO - [2021-02-22 18:25:47,271] {dag.py:1813} INFO - Sync 1 DAGs
[2021-02-22 18:25:47,290] {logging_mixin.py:103} INFO - [2021-02-22 18:25:47,290] {dag.py:2266} INFO - Setting next_dagrun for user_processing to 2021-02-21 00:00:00+00:00
[2021-02-22 18:25:47,296] {scheduler_job.py:189} INFO - Processing /home/i-sip_iot/airflow/dags/user_processing.py took 0.057 seconds
[2021-02-22 18:26:14,178] {scheduler_job.py:181} INFO - Started process (PID=195564) to work on /home/i-sip_iot/airflow/dags/user_processing.py
[2021-02-22 18:26:14,180] {scheduler_job.py:629} INFO - Processing file /home/i-sip_iot/airflow/dags/user_processing.py for tasks to queue
[2021-02-22 18:26:14,181] {logging_mixin.py:103} INFO - [2021-02-22 18:26:14,181] {dagbag.py:440} INFO - Filling up the DagBag from /home/i-sip_iot/airflow/dags/user_processing.py
[2021-02-22 18:26:14,205] {scheduler_job.py:639} INFO - DAG(s) dict_keys(['user_processing']) retrieved from /home/i-sip_iot/airflow/dags/user_processing.py
[2021-02-22 18:26:14,206] {logging_mixin.py:103} INFO - [2021-02-22 18:26:14,206] {dag.py:1813} INFO - Sync 1 DAGs
[2021-02-22 18:26:14,226] {logging_mixin.py:103} INFO - [2021-02-22 18:26:14,225] {dag.py:2266} INFO - Setting next_dagrun for user_processing to 2021-02-21 00:00:00+00:00
[2021-02-22 18:26:14,232] {scheduler_job.py:189} INFO - Processing /home/i-sip_iot/airflow/dags/user_processing.py took 0.061 seconds
[2021-02-22 18:26:40,549] {scheduler_job.py:181} INFO - Started process (PID=195791) to work on /home/i-sip_iot/airflow/dags/user_processing.py
[2021-02-22 18:26:40,550] {scheduler_job.py:629} INFO - Processing file /home/i-sip_iot/airflow/dags/user_processing.py for tasks to queue
[2021-02-22 18:26:40,550] {logging_mixin.py:103} INFO - [2021-02-22 18:26:40,550] {dagbag.py:440} INFO - Filling up the DagBag from /home/i-sip_iot/airflow/dags/user_processing.py
[2021-02-22 18:26:40,559] {scheduler_job.py:639} INFO - DAG(s) dict_keys(['user_processing']) retrieved from /home/i-sip_iot/airflow/dags/user_processing.py
[2021-02-22 18:26:40,560] {logging_mixin.py:103} INFO - [2021-02-22 18:26:40,560] {dag.py:1813} INFO - Sync 1 DAGs
[2021-02-22 18:26:40,575] {logging_mixin.py:103} INFO - [2021-02-22 18:26:40,575] {dag.py:2266} INFO - Setting next_dagrun for user_processing to 2021-02-21 00:00:00+00:00
[2021-02-22 18:26:40,583] {scheduler_job.py:189} INFO - Processing /home/i-sip_iot/airflow/dags/user_processing.py took 0.035 seconds
[2021-02-22 18:27:08,269] {scheduler_job.py:181} INFO - Started process (PID=195867) to work on /home/i-sip_iot/airflow/dags/user_processing.py
[2021-02-22 18:27:08,270] {scheduler_job.py:629} INFO - Processing file /home/i-sip_iot/airflow/dags/user_processing.py for tasks to queue
[2021-02-22 18:27:08,270] {logging_mixin.py:103} INFO - [2021-02-22 18:27:08,270] {dagbag.py:440} INFO - Filling up the DagBag from /home/i-sip_iot/airflow/dags/user_processing.py
[2021-02-22 18:27:08,279] {scheduler_job.py:639} INFO - DAG(s) dict_keys(['user_processing']) retrieved from /home/i-sip_iot/airflow/dags/user_processing.py
[2021-02-22 18:27:08,279] {logging_mixin.py:103} INFO - [2021-02-22 18:27:08,279] {dag.py:1813} INFO - Sync 1 DAGs
[2021-02-22 18:27:08,294] {logging_mixin.py:103} INFO - [2021-02-22 18:27:08,294] {dag.py:2266} INFO - Setting next_dagrun for user_processing to 2021-02-21 00:00:00+00:00
[2021-02-22 18:27:08,302] {scheduler_job.py:189} INFO - Processing /home/i-sip_iot/airflow/dags/user_processing.py took 0.034 seconds
[2021-02-22 18:27:35,568] {scheduler_job.py:181} INFO - Started process (PID=195923) to work on /home/i-sip_iot/airflow/dags/user_processing.py
[2021-02-22 18:27:35,571] {scheduler_job.py:629} INFO - Processing file /home/i-sip_iot/airflow/dags/user_processing.py for tasks to queue
[2021-02-22 18:27:35,572] {logging_mixin.py:103} INFO - [2021-02-22 18:27:35,572] {dagbag.py:440} INFO - Filling up the DagBag from /home/i-sip_iot/airflow/dags/user_processing.py
[2021-02-22 18:27:35,596] {scheduler_job.py:639} INFO - DAG(s) dict_keys(['user_processing']) retrieved from /home/i-sip_iot/airflow/dags/user_processing.py
[2021-02-22 18:27:35,597] {logging_mixin.py:103} INFO - [2021-02-22 18:27:35,597] {dag.py:1813} INFO - Sync 1 DAGs
[2021-02-22 18:27:35,615] {logging_mixin.py:103} INFO - [2021-02-22 18:27:35,615] {dag.py:2266} INFO - Setting next_dagrun for user_processing to 2021-02-21 00:00:00+00:00
[2021-02-22 18:27:35,622] {scheduler_job.py:189} INFO - Processing /home/i-sip_iot/airflow/dags/user_processing.py took 0.061 seconds
[2021-02-22 18:28:03,078] {scheduler_job.py:181} INFO - Started process (PID=196149) to work on /home/i-sip_iot/airflow/dags/user_processing.py
[2021-02-22 18:28:03,080] {scheduler_job.py:629} INFO - Processing file /home/i-sip_iot/airflow/dags/user_processing.py for tasks to queue
[2021-02-22 18:28:03,082] {logging_mixin.py:103} INFO - [2021-02-22 18:28:03,081] {dagbag.py:440} INFO - Filling up the DagBag from /home/i-sip_iot/airflow/dags/user_processing.py
[2021-02-22 18:28:03,099] {scheduler_job.py:639} INFO - DAG(s) dict_keys(['user_processing']) retrieved from /home/i-sip_iot/airflow/dags/user_processing.py
[2021-02-22 18:28:03,100] {logging_mixin.py:103} INFO - [2021-02-22 18:28:03,100] {dag.py:1813} INFO - Sync 1 DAGs
[2021-02-22 18:28:03,117] {logging_mixin.py:103} INFO - [2021-02-22 18:28:03,117] {dag.py:2266} INFO - Setting next_dagrun for user_processing to 2021-02-21 00:00:00+00:00
[2021-02-22 18:28:03,124] {scheduler_job.py:189} INFO - Processing /home/i-sip_iot/airflow/dags/user_processing.py took 0.052 seconds
[2021-02-22 18:28:29,890] {scheduler_job.py:181} INFO - Started process (PID=196205) to work on /home/i-sip_iot/airflow/dags/user_processing.py
[2021-02-22 18:28:29,892] {scheduler_job.py:629} INFO - Processing file /home/i-sip_iot/airflow/dags/user_processing.py for tasks to queue
[2021-02-22 18:28:29,894] {logging_mixin.py:103} INFO - [2021-02-22 18:28:29,893] {dagbag.py:440} INFO - Filling up the DagBag from /home/i-sip_iot/airflow/dags/user_processing.py
[2021-02-22 18:28:29,916] {scheduler_job.py:639} INFO - DAG(s) dict_keys(['user_processing']) retrieved from /home/i-sip_iot/airflow/dags/user_processing.py
[2021-02-22 18:28:29,916] {logging_mixin.py:103} INFO - [2021-02-22 18:28:29,916] {dag.py:1813} INFO - Sync 1 DAGs
[2021-02-22 18:28:29,936] {logging_mixin.py:103} INFO - [2021-02-22 18:28:29,936] {dag.py:2266} INFO - Setting next_dagrun for user_processing to 2021-02-21 00:00:00+00:00
[2021-02-22 18:28:29,943] {scheduler_job.py:189} INFO - Processing /home/i-sip_iot/airflow/dags/user_processing.py took 0.059 seconds
[2021-02-22 18:28:56,784] {scheduler_job.py:181} INFO - Started process (PID=196452) to work on /home/i-sip_iot/airflow/dags/user_processing.py
[2021-02-22 18:28:56,786] {scheduler_job.py:629} INFO - Processing file /home/i-sip_iot/airflow/dags/user_processing.py for tasks to queue
[2021-02-22 18:28:56,788] {logging_mixin.py:103} INFO - [2021-02-22 18:28:56,787] {dagbag.py:440} INFO - Filling up the DagBag from /home/i-sip_iot/airflow/dags/user_processing.py
[2021-02-22 18:28:56,813] {scheduler_job.py:639} INFO - DAG(s) dict_keys(['user_processing']) retrieved from /home/i-sip_iot/airflow/dags/user_processing.py
[2021-02-22 18:28:56,814] {logging_mixin.py:103} INFO - [2021-02-22 18:28:56,814] {dag.py:1813} INFO - Sync 1 DAGs
[2021-02-22 18:28:56,834] {logging_mixin.py:103} INFO - [2021-02-22 18:28:56,834] {dag.py:2266} INFO - Setting next_dagrun for user_processing to 2021-02-21 00:00:00+00:00
[2021-02-22 18:28:56,841] {scheduler_job.py:189} INFO - Processing /home/i-sip_iot/airflow/dags/user_processing.py took 0.063 seconds
[2021-02-22 18:29:24,417] {scheduler_job.py:181} INFO - Started process (PID=196521) to work on /home/i-sip_iot/airflow/dags/user_processing.py
[2021-02-22 18:29:24,418] {scheduler_job.py:629} INFO - Processing file /home/i-sip_iot/airflow/dags/user_processing.py for tasks to queue
[2021-02-22 18:29:24,418] {logging_mixin.py:103} INFO - [2021-02-22 18:29:24,418] {dagbag.py:440} INFO - Filling up the DagBag from /home/i-sip_iot/airflow/dags/user_processing.py
[2021-02-22 18:29:24,432] {scheduler_job.py:639} INFO - DAG(s) dict_keys(['user_processing']) retrieved from /home/i-sip_iot/airflow/dags/user_processing.py
[2021-02-22 18:29:24,433] {logging_mixin.py:103} INFO - [2021-02-22 18:29:24,433] {dag.py:1813} INFO - Sync 1 DAGs
[2021-02-22 18:29:24,455] {logging_mixin.py:103} INFO - [2021-02-22 18:29:24,455] {dag.py:2266} INFO - Setting next_dagrun for user_processing to 2021-02-21 00:00:00+00:00
[2021-02-22 18:29:24,462] {scheduler_job.py:189} INFO - Processing /home/i-sip_iot/airflow/dags/user_processing.py took 0.048 seconds
[2021-02-22 18:29:51,229] {scheduler_job.py:181} INFO - Started process (PID=196753) to work on /home/i-sip_iot/airflow/dags/user_processing.py
[2021-02-22 18:29:51,231] {scheduler_job.py:629} INFO - Processing file /home/i-sip_iot/airflow/dags/user_processing.py for tasks to queue
[2021-02-22 18:29:51,232] {logging_mixin.py:103} INFO - [2021-02-22 18:29:51,232] {dagbag.py:440} INFO - Filling up the DagBag from /home/i-sip_iot/airflow/dags/user_processing.py
[2021-02-22 18:29:51,256] {scheduler_job.py:639} INFO - DAG(s) dict_keys(['user_processing']) retrieved from /home/i-sip_iot/airflow/dags/user_processing.py
[2021-02-22 18:29:51,257] {logging_mixin.py:103} INFO - [2021-02-22 18:29:51,257] {dag.py:1813} INFO - Sync 1 DAGs
[2021-02-22 18:29:51,276] {logging_mixin.py:103} INFO - [2021-02-22 18:29:51,276] {dag.py:2266} INFO - Setting next_dagrun for user_processing to 2021-02-21 00:00:00+00:00
[2021-02-22 18:29:51,283] {scheduler_job.py:189} INFO - Processing /home/i-sip_iot/airflow/dags/user_processing.py took 0.061 seconds
[2021-02-22 18:30:19,312] {scheduler_job.py:181} INFO - Started process (PID=196827) to work on /home/i-sip_iot/airflow/dags/user_processing.py
[2021-02-22 18:30:19,314] {scheduler_job.py:629} INFO - Processing file /home/i-sip_iot/airflow/dags/user_processing.py for tasks to queue
[2021-02-22 18:30:19,316] {logging_mixin.py:103} INFO - [2021-02-22 18:30:19,315] {dagbag.py:440} INFO - Filling up the DagBag from /home/i-sip_iot/airflow/dags/user_processing.py
[2021-02-22 18:30:19,347] {scheduler_job.py:639} INFO - DAG(s) dict_keys(['user_processing']) retrieved from /home/i-sip_iot/airflow/dags/user_processing.py
[2021-02-22 18:30:19,348] {logging_mixin.py:103} INFO - [2021-02-22 18:30:19,348] {dag.py:1813} INFO - Sync 1 DAGs
[2021-02-22 18:30:19,370] {logging_mixin.py:103} INFO - [2021-02-22 18:30:19,370] {dag.py:2266} INFO - Setting next_dagrun for user_processing to 2021-02-21 00:00:00+00:00
[2021-02-22 18:30:19,378] {scheduler_job.py:189} INFO - Processing /home/i-sip_iot/airflow/dags/user_processing.py took 0.075 seconds
[2021-02-22 18:30:46,185] {scheduler_job.py:181} INFO - Started process (PID=197052) to work on /home/i-sip_iot/airflow/dags/user_processing.py
[2021-02-22 18:30:46,188] {scheduler_job.py:629} INFO - Processing file /home/i-sip_iot/airflow/dags/user_processing.py for tasks to queue
[2021-02-22 18:30:46,189] {logging_mixin.py:103} INFO - [2021-02-22 18:30:46,189] {dagbag.py:440} INFO - Filling up the DagBag from /home/i-sip_iot/airflow/dags/user_processing.py
[2021-02-22 18:30:46,212] {scheduler_job.py:639} INFO - DAG(s) dict_keys(['user_processing']) retrieved from /home/i-sip_iot/airflow/dags/user_processing.py
[2021-02-22 18:30:46,213] {logging_mixin.py:103} INFO - [2021-02-22 18:30:46,213] {dag.py:1813} INFO - Sync 1 DAGs
[2021-02-22 18:30:46,232] {logging_mixin.py:103} INFO - [2021-02-22 18:30:46,232] {dag.py:2266} INFO - Setting next_dagrun for user_processing to 2021-02-21 00:00:00+00:00
[2021-02-22 18:30:46,239] {scheduler_job.py:189} INFO - Processing /home/i-sip_iot/airflow/dags/user_processing.py took 0.060 seconds
[2021-02-22 18:31:13,591] {scheduler_job.py:181} INFO - Started process (PID=197111) to work on /home/i-sip_iot/airflow/dags/user_processing.py
[2021-02-22 18:31:13,592] {scheduler_job.py:629} INFO - Processing file /home/i-sip_iot/airflow/dags/user_processing.py for tasks to queue
[2021-02-22 18:31:13,592] {logging_mixin.py:103} INFO - [2021-02-22 18:31:13,592] {dagbag.py:440} INFO - Filling up the DagBag from /home/i-sip_iot/airflow/dags/user_processing.py
[2021-02-22 18:31:13,600] {scheduler_job.py:639} INFO - DAG(s) dict_keys(['user_processing']) retrieved from /home/i-sip_iot/airflow/dags/user_processing.py
[2021-02-22 18:31:13,601] {logging_mixin.py:103} INFO - [2021-02-22 18:31:13,601] {dag.py:1813} INFO - Sync 1 DAGs
[2021-02-22 18:31:13,616] {logging_mixin.py:103} INFO - [2021-02-22 18:31:13,616] {dag.py:2266} INFO - Setting next_dagrun for user_processing to 2021-02-21 00:00:00+00:00
[2021-02-22 18:31:13,625] {scheduler_job.py:189} INFO - Processing /home/i-sip_iot/airflow/dags/user_processing.py took 0.036 seconds
[2021-02-22 18:31:40,389] {scheduler_job.py:181} INFO - Started process (PID=197325) to work on /home/i-sip_iot/airflow/dags/user_processing.py
[2021-02-22 18:31:40,390] {scheduler_job.py:629} INFO - Processing file /home/i-sip_iot/airflow/dags/user_processing.py for tasks to queue
[2021-02-22 18:31:40,390] {logging_mixin.py:103} INFO - [2021-02-22 18:31:40,390] {dagbag.py:440} INFO - Filling up the DagBag from /home/i-sip_iot/airflow/dags/user_processing.py
[2021-02-22 18:31:40,398] {scheduler_job.py:639} INFO - DAG(s) dict_keys(['user_processing']) retrieved from /home/i-sip_iot/airflow/dags/user_processing.py
[2021-02-22 18:31:40,399] {logging_mixin.py:103} INFO - [2021-02-22 18:31:40,399] {dag.py:1813} INFO - Sync 1 DAGs
[2021-02-22 18:31:40,413] {logging_mixin.py:103} INFO - [2021-02-22 18:31:40,413] {dag.py:2266} INFO - Setting next_dagrun for user_processing to 2021-02-21 00:00:00+00:00
[2021-02-22 18:31:40,420] {scheduler_job.py:189} INFO - Processing /home/i-sip_iot/airflow/dags/user_processing.py took 0.032 seconds
[2021-02-22 18:32:08,732] {scheduler_job.py:181} INFO - Started process (PID=197399) to work on /home/i-sip_iot/airflow/dags/user_processing.py
[2021-02-22 18:32:08,734] {scheduler_job.py:629} INFO - Processing file /home/i-sip_iot/airflow/dags/user_processing.py for tasks to queue
[2021-02-22 18:32:08,735] {logging_mixin.py:103} INFO - [2021-02-22 18:32:08,735] {dagbag.py:440} INFO - Filling up the DagBag from /home/i-sip_iot/airflow/dags/user_processing.py
[2021-02-22 18:32:08,758] {scheduler_job.py:639} INFO - DAG(s) dict_keys(['user_processing']) retrieved from /home/i-sip_iot/airflow/dags/user_processing.py
[2021-02-22 18:32:08,759] {logging_mixin.py:103} INFO - [2021-02-22 18:32:08,759] {dag.py:1813} INFO - Sync 1 DAGs
[2021-02-22 18:32:08,779] {logging_mixin.py:103} INFO - [2021-02-22 18:32:08,779] {dag.py:2266} INFO - Setting next_dagrun for user_processing to 2021-02-21 00:00:00+00:00
[2021-02-22 18:32:08,786] {scheduler_job.py:189} INFO - Processing /home/i-sip_iot/airflow/dags/user_processing.py took 0.062 seconds
[2021-02-22 18:32:34,588] {scheduler_job.py:181} INFO - Started process (PID=197461) to work on /home/i-sip_iot/airflow/dags/user_processing.py
[2021-02-22 18:32:34,589] {scheduler_job.py:629} INFO - Processing file /home/i-sip_iot/airflow/dags/user_processing.py for tasks to queue
[2021-02-22 18:32:34,589] {logging_mixin.py:103} INFO - [2021-02-22 18:32:34,589] {dagbag.py:440} INFO - Filling up the DagBag from /home/i-sip_iot/airflow/dags/user_processing.py
[2021-02-22 18:32:34,605] {scheduler_job.py:639} INFO - DAG(s) dict_keys(['user_processing']) retrieved from /home/i-sip_iot/airflow/dags/user_processing.py
[2021-02-22 18:32:34,606] {logging_mixin.py:103} INFO - [2021-02-22 18:32:34,606] {dag.py:1813} INFO - Sync 1 DAGs
[2021-02-22 18:32:34,627] {logging_mixin.py:103} INFO - [2021-02-22 18:32:34,627] {dag.py:2266} INFO - Setting next_dagrun for user_processing to 2021-02-21 00:00:00+00:00
[2021-02-22 18:32:34,635] {scheduler_job.py:189} INFO - Processing /home/i-sip_iot/airflow/dags/user_processing.py took 0.051 seconds
[2021-02-22 18:33:02,107] {scheduler_job.py:181} INFO - Started process (PID=197687) to work on /home/i-sip_iot/airflow/dags/user_processing.py
[2021-02-22 18:33:02,108] {scheduler_job.py:629} INFO - Processing file /home/i-sip_iot/airflow/dags/user_processing.py for tasks to queue
[2021-02-22 18:33:02,109] {logging_mixin.py:103} INFO - [2021-02-22 18:33:02,109] {dagbag.py:440} INFO - Filling up the DagBag from /home/i-sip_iot/airflow/dags/user_processing.py
[2021-02-22 18:33:02,126] {scheduler_job.py:639} INFO - DAG(s) dict_keys(['user_processing']) retrieved from /home/i-sip_iot/airflow/dags/user_processing.py
[2021-02-22 18:33:02,127] {logging_mixin.py:103} INFO - [2021-02-22 18:33:02,127] {dag.py:1813} INFO - Sync 1 DAGs
[2021-02-22 18:33:02,145] {logging_mixin.py:103} INFO - [2021-02-22 18:33:02,145] {dag.py:2266} INFO - Setting next_dagrun for user_processing to 2021-02-21 00:00:00+00:00
[2021-02-22 18:33:02,152] {scheduler_job.py:189} INFO - Processing /home/i-sip_iot/airflow/dags/user_processing.py took 0.048 seconds
[2021-02-22 18:33:28,971] {scheduler_job.py:181} INFO - Started process (PID=197748) to work on /home/i-sip_iot/airflow/dags/user_processing.py
[2021-02-22 18:33:28,973] {scheduler_job.py:629} INFO - Processing file /home/i-sip_iot/airflow/dags/user_processing.py for tasks to queue
[2021-02-22 18:33:28,974] {logging_mixin.py:103} INFO - [2021-02-22 18:33:28,974] {dagbag.py:440} INFO - Filling up the DagBag from /home/i-sip_iot/airflow/dags/user_processing.py
[2021-02-22 18:33:29,001] {scheduler_job.py:639} INFO - DAG(s) dict_keys(['user_processing']) retrieved from /home/i-sip_iot/airflow/dags/user_processing.py
[2021-02-22 18:33:29,002] {logging_mixin.py:103} INFO - [2021-02-22 18:33:29,002] {dag.py:1813} INFO - Sync 1 DAGs
[2021-02-22 18:33:29,020] {logging_mixin.py:103} INFO - [2021-02-22 18:33:29,020] {dag.py:2266} INFO - Setting next_dagrun for user_processing to 2021-02-21 00:00:00+00:00
[2021-02-22 18:33:29,027] {scheduler_job.py:189} INFO - Processing /home/i-sip_iot/airflow/dags/user_processing.py took 0.062 seconds
[2021-02-22 18:33:56,606] {scheduler_job.py:181} INFO - Started process (PID=197979) to work on /home/i-sip_iot/airflow/dags/user_processing.py
[2021-02-22 18:33:56,610] {scheduler_job.py:629} INFO - Processing file /home/i-sip_iot/airflow/dags/user_processing.py for tasks to queue
[2021-02-22 18:33:56,611] {logging_mixin.py:103} INFO - [2021-02-22 18:33:56,611] {dagbag.py:440} INFO - Filling up the DagBag from /home/i-sip_iot/airflow/dags/user_processing.py
[2021-02-22 18:33:56,642] {scheduler_job.py:639} INFO - DAG(s) dict_keys(['user_processing']) retrieved from /home/i-sip_iot/airflow/dags/user_processing.py
[2021-02-22 18:33:56,643] {logging_mixin.py:103} INFO - [2021-02-22 18:33:56,643] {dag.py:1813} INFO - Sync 1 DAGs
[2021-02-22 18:33:56,666] {logging_mixin.py:103} INFO - [2021-02-22 18:33:56,666] {dag.py:2266} INFO - Setting next_dagrun for user_processing to 2021-02-21 00:00:00+00:00
[2021-02-22 18:33:56,673] {scheduler_job.py:189} INFO - Processing /home/i-sip_iot/airflow/dags/user_processing.py took 0.074 seconds
[2021-02-22 18:34:23,971] {scheduler_job.py:181} INFO - Started process (PID=198059) to work on /home/i-sip_iot/airflow/dags/user_processing.py
[2021-02-22 18:34:23,971] {scheduler_job.py:629} INFO - Processing file /home/i-sip_iot/airflow/dags/user_processing.py for tasks to queue
[2021-02-22 18:34:23,972] {logging_mixin.py:103} INFO - [2021-02-22 18:34:23,971] {dagbag.py:440} INFO - Filling up the DagBag from /home/i-sip_iot/airflow/dags/user_processing.py
[2021-02-22 18:34:23,979] {scheduler_job.py:639} INFO - DAG(s) dict_keys(['user_processing']) retrieved from /home/i-sip_iot/airflow/dags/user_processing.py
[2021-02-22 18:34:23,980] {logging_mixin.py:103} INFO - [2021-02-22 18:34:23,980] {dag.py:1813} INFO - Sync 1 DAGs
[2021-02-22 18:34:23,994] {logging_mixin.py:103} INFO - [2021-02-22 18:34:23,994] {dag.py:2266} INFO - Setting next_dagrun for user_processing to 2021-02-21 00:00:00+00:00
[2021-02-22 18:34:24,001] {scheduler_job.py:189} INFO - Processing /home/i-sip_iot/airflow/dags/user_processing.py took 0.032 seconds
[2021-02-22 18:34:51,533] {scheduler_job.py:181} INFO - Started process (PID=198294) to work on /home/i-sip_iot/airflow/dags/user_processing.py
[2021-02-22 18:34:51,536] {scheduler_job.py:629} INFO - Processing file /home/i-sip_iot/airflow/dags/user_processing.py for tasks to queue
[2021-02-22 18:34:51,537] {logging_mixin.py:103} INFO - [2021-02-22 18:34:51,537] {dagbag.py:440} INFO - Filling up the DagBag from /home/i-sip_iot/airflow/dags/user_processing.py
[2021-02-22 18:34:51,575] {scheduler_job.py:639} INFO - DAG(s) dict_keys(['user_processing']) retrieved from /home/i-sip_iot/airflow/dags/user_processing.py
[2021-02-22 18:34:51,577] {logging_mixin.py:103} INFO - [2021-02-22 18:34:51,577] {dag.py:1813} INFO - Sync 1 DAGs
[2021-02-22 18:34:51,605] {logging_mixin.py:103} INFO - [2021-02-22 18:34:51,605] {dag.py:2266} INFO - Setting next_dagrun for user_processing to 2021-02-21 00:00:00+00:00
[2021-02-22 18:34:51,613] {scheduler_job.py:189} INFO - Processing /home/i-sip_iot/airflow/dags/user_processing.py took 0.087 seconds
[2021-02-22 18:35:18,456] {scheduler_job.py:181} INFO - Started process (PID=198351) to work on /home/i-sip_iot/airflow/dags/user_processing.py
[2021-02-22 18:35:18,456] {scheduler_job.py:629} INFO - Processing file /home/i-sip_iot/airflow/dags/user_processing.py for tasks to queue
[2021-02-22 18:35:18,457] {logging_mixin.py:103} INFO - [2021-02-22 18:35:18,457] {dagbag.py:440} INFO - Filling up the DagBag from /home/i-sip_iot/airflow/dags/user_processing.py
[2021-02-22 18:35:18,465] {scheduler_job.py:639} INFO - DAG(s) dict_keys(['user_processing']) retrieved from /home/i-sip_iot/airflow/dags/user_processing.py
[2021-02-22 18:35:18,465] {logging_mixin.py:103} INFO - [2021-02-22 18:35:18,465] {dag.py:1813} INFO - Sync 1 DAGs
[2021-02-22 18:35:18,480] {logging_mixin.py:103} INFO - [2021-02-22 18:35:18,480] {dag.py:2266} INFO - Setting next_dagrun for user_processing to 2021-02-21 00:00:00+00:00
[2021-02-22 18:35:18,487] {scheduler_job.py:189} INFO - Processing /home/i-sip_iot/airflow/dags/user_processing.py took 0.032 seconds
[2021-02-22 18:35:45,884] {scheduler_job.py:181} INFO - Started process (PID=198602) to work on /home/i-sip_iot/airflow/dags/user_processing.py
[2021-02-22 18:35:45,884] {scheduler_job.py:629} INFO - Processing file /home/i-sip_iot/airflow/dags/user_processing.py for tasks to queue
[2021-02-22 18:35:45,885] {logging_mixin.py:103} INFO - [2021-02-22 18:35:45,885] {dagbag.py:440} INFO - Filling up the DagBag from /home/i-sip_iot/airflow/dags/user_processing.py
[2021-02-22 18:35:45,893] {scheduler_job.py:639} INFO - DAG(s) dict_keys(['user_processing']) retrieved from /home/i-sip_iot/airflow/dags/user_processing.py
[2021-02-22 18:35:45,893] {logging_mixin.py:103} INFO - [2021-02-22 18:35:45,893] {dag.py:1813} INFO - Sync 1 DAGs
[2021-02-22 18:35:45,907] {logging_mixin.py:103} INFO - [2021-02-22 18:35:45,907] {dag.py:2266} INFO - Setting next_dagrun for user_processing to 2021-02-21 00:00:00+00:00
[2021-02-22 18:35:45,914] {scheduler_job.py:189} INFO - Processing /home/i-sip_iot/airflow/dags/user_processing.py took 0.031 seconds
[2021-02-22 18:36:12,773] {scheduler_job.py:181} INFO - Started process (PID=198654) to work on /home/i-sip_iot/airflow/dags/user_processing.py
[2021-02-22 18:36:12,775] {scheduler_job.py:629} INFO - Processing file /home/i-sip_iot/airflow/dags/user_processing.py for tasks to queue
[2021-02-22 18:36:12,777] {logging_mixin.py:103} INFO - [2021-02-22 18:36:12,776] {dagbag.py:440} INFO - Filling up the DagBag from /home/i-sip_iot/airflow/dags/user_processing.py
[2021-02-22 18:36:12,802] {scheduler_job.py:639} INFO - DAG(s) dict_keys(['user_processing']) retrieved from /home/i-sip_iot/airflow/dags/user_processing.py
[2021-02-22 18:36:12,803] {logging_mixin.py:103} INFO - [2021-02-22 18:36:12,803] {dag.py:1813} INFO - Sync 1 DAGs
[2021-02-22 18:36:12,823] {logging_mixin.py:103} INFO - [2021-02-22 18:36:12,823] {dag.py:2266} INFO - Setting next_dagrun for user_processing to 2021-02-21 00:00:00+00:00
[2021-02-22 18:36:12,830] {scheduler_job.py:189} INFO - Processing /home/i-sip_iot/airflow/dags/user_processing.py took 0.064 seconds
[2021-02-22 18:36:39,719] {scheduler_job.py:181} INFO - Started process (PID=198711) to work on /home/i-sip_iot/airflow/dags/user_processing.py
[2021-02-22 18:36:39,722] {scheduler_job.py:629} INFO - Processing file /home/i-sip_iot/airflow/dags/user_processing.py for tasks to queue
[2021-02-22 18:36:39,723] {logging_mixin.py:103} INFO - [2021-02-22 18:36:39,723] {dagbag.py:440} INFO - Filling up the DagBag from /home/i-sip_iot/airflow/dags/user_processing.py
[2021-02-22 18:36:39,750] {scheduler_job.py:639} INFO - DAG(s) dict_keys(['user_processing']) retrieved from /home/i-sip_iot/airflow/dags/user_processing.py
[2021-02-22 18:36:39,751] {logging_mixin.py:103} INFO - [2021-02-22 18:36:39,751] {dag.py:1813} INFO - Sync 1 DAGs
[2021-02-22 18:36:39,771] {logging_mixin.py:103} INFO - [2021-02-22 18:36:39,771] {dag.py:2266} INFO - Setting next_dagrun for user_processing to 2021-02-21 00:00:00+00:00
[2021-02-22 18:36:39,778] {scheduler_job.py:189} INFO - Processing /home/i-sip_iot/airflow/dags/user_processing.py took 0.065 seconds
[2021-02-22 18:37:07,833] {scheduler_job.py:181} INFO - Started process (PID=198948) to work on /home/i-sip_iot/airflow/dags/user_processing.py
[2021-02-22 18:37:07,835] {scheduler_job.py:629} INFO - Processing file /home/i-sip_iot/airflow/dags/user_processing.py for tasks to queue
[2021-02-22 18:37:07,836] {logging_mixin.py:103} INFO - [2021-02-22 18:37:07,836] {dagbag.py:440} INFO - Filling up the DagBag from /home/i-sip_iot/airflow/dags/user_processing.py
[2021-02-22 18:37:07,862] {scheduler_job.py:639} INFO - DAG(s) dict_keys(['user_processing']) retrieved from /home/i-sip_iot/airflow/dags/user_processing.py
[2021-02-22 18:37:07,863] {logging_mixin.py:103} INFO - [2021-02-22 18:37:07,863] {dag.py:1813} INFO - Sync 1 DAGs
[2021-02-22 18:37:07,883] {logging_mixin.py:103} INFO - [2021-02-22 18:37:07,883] {dag.py:2266} INFO - Setting next_dagrun for user_processing to 2021-02-21 00:00:00+00:00
[2021-02-22 18:37:07,890] {scheduler_job.py:189} INFO - Processing /home/i-sip_iot/airflow/dags/user_processing.py took 0.064 seconds
[2021-02-22 18:37:34,725] {scheduler_job.py:181} INFO - Started process (PID=199005) to work on /home/i-sip_iot/airflow/dags/user_processing.py
[2021-02-22 18:37:34,728] {scheduler_job.py:629} INFO - Processing file /home/i-sip_iot/airflow/dags/user_processing.py for tasks to queue
[2021-02-22 18:37:34,729] {logging_mixin.py:103} INFO - [2021-02-22 18:37:34,729] {dagbag.py:440} INFO - Filling up the DagBag from /home/i-sip_iot/airflow/dags/user_processing.py
[2021-02-22 18:37:34,751] {scheduler_job.py:639} INFO - DAG(s) dict_keys(['user_processing']) retrieved from /home/i-sip_iot/airflow/dags/user_processing.py
[2021-02-22 18:37:34,752] {logging_mixin.py:103} INFO - [2021-02-22 18:37:34,752] {dag.py:1813} INFO - Sync 1 DAGs
[2021-02-22 18:37:34,770] {logging_mixin.py:103} INFO - [2021-02-22 18:37:34,770] {dag.py:2266} INFO - Setting next_dagrun for user_processing to 2021-02-21 00:00:00+00:00
[2021-02-22 18:37:34,777] {scheduler_job.py:189} INFO - Processing /home/i-sip_iot/airflow/dags/user_processing.py took 0.058 seconds
[2021-02-22 18:38:02,190] {scheduler_job.py:181} INFO - Started process (PID=199272) to work on /home/i-sip_iot/airflow/dags/user_processing.py
[2021-02-22 18:38:02,192] {scheduler_job.py:629} INFO - Processing file /home/i-sip_iot/airflow/dags/user_processing.py for tasks to queue
[2021-02-22 18:38:02,194] {logging_mixin.py:103} INFO - [2021-02-22 18:38:02,193] {dagbag.py:440} INFO - Filling up the DagBag from /home/i-sip_iot/airflow/dags/user_processing.py
[2021-02-22 18:38:02,213] {scheduler_job.py:639} INFO - DAG(s) dict_keys(['user_processing']) retrieved from /home/i-sip_iot/airflow/dags/user_processing.py
[2021-02-22 18:38:02,214] {logging_mixin.py:103} INFO - [2021-02-22 18:38:02,214] {dag.py:1813} INFO - Sync 1 DAGs
[2021-02-22 18:38:02,232] {logging_mixin.py:103} INFO - [2021-02-22 18:38:02,232] {dag.py:2266} INFO - Setting next_dagrun for user_processing to 2021-02-21 00:00:00+00:00
[2021-02-22 18:38:02,239] {scheduler_job.py:189} INFO - Processing /home/i-sip_iot/airflow/dags/user_processing.py took 0.055 seconds
[2021-02-22 18:38:28,996] {scheduler_job.py:181} INFO - Started process (PID=199337) to work on /home/i-sip_iot/airflow/dags/user_processing.py
[2021-02-22 18:38:28,999] {scheduler_job.py:629} INFO - Processing file /home/i-sip_iot/airflow/dags/user_processing.py for tasks to queue
[2021-02-22 18:38:29,000] {logging_mixin.py:103} INFO - [2021-02-22 18:38:29,000] {dagbag.py:440} INFO - Filling up the DagBag from /home/i-sip_iot/airflow/dags/user_processing.py
[2021-02-22 18:38:29,022] {scheduler_job.py:639} INFO - DAG(s) dict_keys(['user_processing']) retrieved from /home/i-sip_iot/airflow/dags/user_processing.py
[2021-02-22 18:38:29,023] {logging_mixin.py:103} INFO - [2021-02-22 18:38:29,023] {dag.py:1813} INFO - Sync 1 DAGs
[2021-02-22 18:38:29,041] {logging_mixin.py:103} INFO - [2021-02-22 18:38:29,041] {dag.py:2266} INFO - Setting next_dagrun for user_processing to 2021-02-21 00:00:00+00:00
[2021-02-22 18:38:29,049] {scheduler_job.py:189} INFO - Processing /home/i-sip_iot/airflow/dags/user_processing.py took 0.059 seconds
[2021-02-22 18:38:57,221] {scheduler_job.py:181} INFO - Started process (PID=199575) to work on /home/i-sip_iot/airflow/dags/user_processing.py
[2021-02-22 18:38:57,223] {scheduler_job.py:629} INFO - Processing file /home/i-sip_iot/airflow/dags/user_processing.py for tasks to queue
[2021-02-22 18:38:57,226] {logging_mixin.py:103} INFO - [2021-02-22 18:38:57,226] {dagbag.py:440} INFO - Filling up the DagBag from /home/i-sip_iot/airflow/dags/user_processing.py
[2021-02-22 18:38:57,251] {scheduler_job.py:639} INFO - DAG(s) dict_keys(['user_processing']) retrieved from /home/i-sip_iot/airflow/dags/user_processing.py
[2021-02-22 18:38:57,251] {logging_mixin.py:103} INFO - [2021-02-22 18:38:57,251] {dag.py:1813} INFO - Sync 1 DAGs
[2021-02-22 18:38:57,271] {logging_mixin.py:103} INFO - [2021-02-22 18:38:57,271] {dag.py:2266} INFO - Setting next_dagrun for user_processing to 2021-02-21 00:00:00+00:00
[2021-02-22 18:38:57,278] {scheduler_job.py:189} INFO - Processing /home/i-sip_iot/airflow/dags/user_processing.py took 0.063 seconds
[2021-02-22 18:39:23,538] {scheduler_job.py:181} INFO - Started process (PID=199640) to work on /home/i-sip_iot/airflow/dags/user_processing.py
[2021-02-22 18:39:23,538] {scheduler_job.py:629} INFO - Processing file /home/i-sip_iot/airflow/dags/user_processing.py for tasks to queue
[2021-02-22 18:39:23,539] {logging_mixin.py:103} INFO - [2021-02-22 18:39:23,539] {dagbag.py:440} INFO - Filling up the DagBag from /home/i-sip_iot/airflow/dags/user_processing.py
[2021-02-22 18:39:23,550] {scheduler_job.py:639} INFO - DAG(s) dict_keys(['user_processing']) retrieved from /home/i-sip_iot/airflow/dags/user_processing.py
[2021-02-22 18:39:23,550] {logging_mixin.py:103} INFO - [2021-02-22 18:39:23,550] {dag.py:1813} INFO - Sync 1 DAGs
[2021-02-22 18:39:23,565] {logging_mixin.py:103} INFO - [2021-02-22 18:39:23,565] {dag.py:2266} INFO - Setting next_dagrun for user_processing to 2021-02-21 00:00:00+00:00
[2021-02-22 18:39:23,572] {scheduler_job.py:189} INFO - Processing /home/i-sip_iot/airflow/dags/user_processing.py took 0.036 seconds
[2021-02-22 18:39:50,475] {scheduler_job.py:181} INFO - Started process (PID=199875) to work on /home/i-sip_iot/airflow/dags/user_processing.py
[2021-02-22 18:39:50,476] {scheduler_job.py:629} INFO - Processing file /home/i-sip_iot/airflow/dags/user_processing.py for tasks to queue
[2021-02-22 18:39:50,476] {logging_mixin.py:103} INFO - [2021-02-22 18:39:50,476] {dagbag.py:440} INFO - Filling up the DagBag from /home/i-sip_iot/airflow/dags/user_processing.py
[2021-02-22 18:39:50,485] {scheduler_job.py:639} INFO - DAG(s) dict_keys(['user_processing']) retrieved from /home/i-sip_iot/airflow/dags/user_processing.py
[2021-02-22 18:39:50,485] {logging_mixin.py:103} INFO - [2021-02-22 18:39:50,485] {dag.py:1813} INFO - Sync 1 DAGs
[2021-02-22 18:39:50,502] {logging_mixin.py:103} INFO - [2021-02-22 18:39:50,502] {dag.py:2266} INFO - Setting next_dagrun for user_processing to 2021-02-21 00:00:00+00:00
[2021-02-22 18:39:50,509] {scheduler_job.py:189} INFO - Processing /home/i-sip_iot/airflow/dags/user_processing.py took 0.035 seconds
[2021-02-22 18:40:16,277] {scheduler_job.py:181} INFO - Started process (PID=199913) to work on /home/i-sip_iot/airflow/dags/user_processing.py
[2021-02-22 18:40:16,279] {scheduler_job.py:629} INFO - Processing file /home/i-sip_iot/airflow/dags/user_processing.py for tasks to queue
[2021-02-22 18:40:16,280] {logging_mixin.py:103} INFO - [2021-02-22 18:40:16,280] {dagbag.py:440} INFO - Filling up the DagBag from /home/i-sip_iot/airflow/dags/user_processing.py
[2021-02-22 18:40:16,300] {scheduler_job.py:639} INFO - DAG(s) dict_keys(['user_processing']) retrieved from /home/i-sip_iot/airflow/dags/user_processing.py
[2021-02-22 18:40:16,301] {logging_mixin.py:103} INFO - [2021-02-22 18:40:16,301] {dag.py:1813} INFO - Sync 1 DAGs
[2021-02-22 18:40:16,320] {logging_mixin.py:103} INFO - [2021-02-22 18:40:16,320] {dag.py:2266} INFO - Setting next_dagrun for user_processing to 2021-02-21 00:00:00+00:00
[2021-02-22 18:40:16,326] {scheduler_job.py:189} INFO - Processing /home/i-sip_iot/airflow/dags/user_processing.py took 0.055 seconds
[2021-02-22 18:40:43,163] {scheduler_job.py:181} INFO - Started process (PID=200147) to work on /home/i-sip_iot/airflow/dags/user_processing.py
[2021-02-22 18:40:43,165] {scheduler_job.py:629} INFO - Processing file /home/i-sip_iot/airflow/dags/user_processing.py for tasks to queue
[2021-02-22 18:40:43,167] {logging_mixin.py:103} INFO - [2021-02-22 18:40:43,167] {dagbag.py:440} INFO - Filling up the DagBag from /home/i-sip_iot/airflow/dags/user_processing.py
[2021-02-22 18:40:43,191] {scheduler_job.py:639} INFO - DAG(s) dict_keys(['user_processing']) retrieved from /home/i-sip_iot/airflow/dags/user_processing.py
[2021-02-22 18:40:43,192] {logging_mixin.py:103} INFO - [2021-02-22 18:40:43,192] {dag.py:1813} INFO - Sync 1 DAGs
[2021-02-22 18:40:43,211] {logging_mixin.py:103} INFO - [2021-02-22 18:40:43,211] {dag.py:2266} INFO - Setting next_dagrun for user_processing to 2021-02-21 00:00:00+00:00
[2021-02-22 18:40:43,218] {scheduler_job.py:189} INFO - Processing /home/i-sip_iot/airflow/dags/user_processing.py took 0.061 seconds
[2021-02-22 18:41:11,295] {scheduler_job.py:181} INFO - Started process (PID=200221) to work on /home/i-sip_iot/airflow/dags/user_processing.py
[2021-02-22 18:41:11,299] {scheduler_job.py:629} INFO - Processing file /home/i-sip_iot/airflow/dags/user_processing.py for tasks to queue
[2021-02-22 18:41:11,300] {logging_mixin.py:103} INFO - [2021-02-22 18:41:11,300] {dagbag.py:440} INFO - Filling up the DagBag from /home/i-sip_iot/airflow/dags/user_processing.py
[2021-02-22 18:41:11,323] {scheduler_job.py:639} INFO - DAG(s) dict_keys(['user_processing']) retrieved from /home/i-sip_iot/airflow/dags/user_processing.py
[2021-02-22 18:41:11,324] {logging_mixin.py:103} INFO - [2021-02-22 18:41:11,324] {dag.py:1813} INFO - Sync 1 DAGs
[2021-02-22 18:41:11,344] {logging_mixin.py:103} INFO - [2021-02-22 18:41:11,344] {dag.py:2266} INFO - Setting next_dagrun for user_processing to 2021-02-21 00:00:00+00:00
[2021-02-22 18:41:11,350] {scheduler_job.py:189} INFO - Processing /home/i-sip_iot/airflow/dags/user_processing.py took 0.062 seconds
[2021-02-22 18:41:37,660] {scheduler_job.py:181} INFO - Started process (PID=200307) to work on /home/i-sip_iot/airflow/dags/user_processing.py
[2021-02-22 18:41:37,662] {scheduler_job.py:629} INFO - Processing file /home/i-sip_iot/airflow/dags/user_processing.py for tasks to queue
[2021-02-22 18:41:37,662] {logging_mixin.py:103} INFO - [2021-02-22 18:41:37,662] {dagbag.py:440} INFO - Filling up the DagBag from /home/i-sip_iot/airflow/dags/user_processing.py
[2021-02-22 18:41:37,675] {scheduler_job.py:639} INFO - DAG(s) dict_keys(['user_processing']) retrieved from /home/i-sip_iot/airflow/dags/user_processing.py
[2021-02-22 18:41:37,675] {logging_mixin.py:103} INFO - [2021-02-22 18:41:37,675] {dag.py:1813} INFO - Sync 1 DAGs
[2021-02-22 18:41:37,691] {logging_mixin.py:103} INFO - [2021-02-22 18:41:37,691] {dag.py:2266} INFO - Setting next_dagrun for user_processing to 2021-02-21 00:00:00+00:00
[2021-02-22 18:41:37,698] {scheduler_job.py:189} INFO - Processing /home/i-sip_iot/airflow/dags/user_processing.py took 0.041 seconds
[2021-02-22 18:42:04,558] {scheduler_job.py:181} INFO - Started process (PID=200546) to work on /home/i-sip_iot/airflow/dags/user_processing.py
[2021-02-22 18:42:04,560] {scheduler_job.py:629} INFO - Processing file /home/i-sip_iot/airflow/dags/user_processing.py for tasks to queue
[2021-02-22 18:42:04,562] {logging_mixin.py:103} INFO - [2021-02-22 18:42:04,561] {dagbag.py:440} INFO - Filling up the DagBag from /home/i-sip_iot/airflow/dags/user_processing.py
[2021-02-22 18:42:04,587] {scheduler_job.py:639} INFO - DAG(s) dict_keys(['user_processing']) retrieved from /home/i-sip_iot/airflow/dags/user_processing.py
[2021-02-22 18:42:04,588] {logging_mixin.py:103} INFO - [2021-02-22 18:42:04,588] {dag.py:1813} INFO - Sync 1 DAGs
[2021-02-22 18:42:04,607] {logging_mixin.py:103} INFO - [2021-02-22 18:42:04,607] {dag.py:2266} INFO - Setting next_dagrun for user_processing to 2021-02-21 00:00:00+00:00
[2021-02-22 18:42:04,615] {scheduler_job.py:189} INFO - Processing /home/i-sip_iot/airflow/dags/user_processing.py took 0.063 seconds
[2021-02-22 18:42:32,266] {scheduler_job.py:181} INFO - Started process (PID=200609) to work on /home/i-sip_iot/airflow/dags/user_processing.py
[2021-02-22 18:42:32,268] {scheduler_job.py:629} INFO - Processing file /home/i-sip_iot/airflow/dags/user_processing.py for tasks to queue
[2021-02-22 18:42:32,269] {logging_mixin.py:103} INFO - [2021-02-22 18:42:32,269] {dagbag.py:440} INFO - Filling up the DagBag from /home/i-sip_iot/airflow/dags/user_processing.py
[2021-02-22 18:42:32,291] {scheduler_job.py:639} INFO - DAG(s) dict_keys(['user_processing']) retrieved from /home/i-sip_iot/airflow/dags/user_processing.py
[2021-02-22 18:42:32,292] {logging_mixin.py:103} INFO - [2021-02-22 18:42:32,291] {dag.py:1813} INFO - Sync 1 DAGs
[2021-02-22 18:42:32,312] {logging_mixin.py:103} INFO - [2021-02-22 18:42:32,311] {dag.py:2266} INFO - Setting next_dagrun for user_processing to 2021-02-21 00:00:00+00:00
[2021-02-22 18:42:32,319] {scheduler_job.py:189} INFO - Processing /home/i-sip_iot/airflow/dags/user_processing.py took 0.057 seconds
[2021-02-22 18:42:59,597] {scheduler_job.py:181} INFO - Started process (PID=200832) to work on /home/i-sip_iot/airflow/dags/user_processing.py
[2021-02-22 18:42:59,600] {scheduler_job.py:629} INFO - Processing file /home/i-sip_iot/airflow/dags/user_processing.py for tasks to queue
[2021-02-22 18:42:59,601] {logging_mixin.py:103} INFO - [2021-02-22 18:42:59,601] {dagbag.py:440} INFO - Filling up the DagBag from /home/i-sip_iot/airflow/dags/user_processing.py
[2021-02-22 18:42:59,627] {scheduler_job.py:639} INFO - DAG(s) dict_keys(['user_processing']) retrieved from /home/i-sip_iot/airflow/dags/user_processing.py
[2021-02-22 18:42:59,628] {logging_mixin.py:103} INFO - [2021-02-22 18:42:59,628] {dag.py:1813} INFO - Sync 1 DAGs
[2021-02-22 18:42:59,647] {logging_mixin.py:103} INFO - [2021-02-22 18:42:59,647] {dag.py:2266} INFO - Setting next_dagrun for user_processing to 2021-02-21 00:00:00+00:00
[2021-02-22 18:42:59,654] {scheduler_job.py:189} INFO - Processing /home/i-sip_iot/airflow/dags/user_processing.py took 0.063 seconds
[2021-02-22 18:43:27,127] {scheduler_job.py:181} INFO - Started process (PID=200888) to work on /home/i-sip_iot/airflow/dags/user_processing.py
[2021-02-22 18:43:27,129] {scheduler_job.py:629} INFO - Processing file /home/i-sip_iot/airflow/dags/user_processing.py for tasks to queue
[2021-02-22 18:43:27,131] {logging_mixin.py:103} INFO - [2021-02-22 18:43:27,130] {dagbag.py:440} INFO - Filling up the DagBag from /home/i-sip_iot/airflow/dags/user_processing.py
[2021-02-22 18:43:27,156] {scheduler_job.py:639} INFO - DAG(s) dict_keys(['user_processing']) retrieved from /home/i-sip_iot/airflow/dags/user_processing.py
[2021-02-22 18:43:27,157] {logging_mixin.py:103} INFO - [2021-02-22 18:43:27,157] {dag.py:1813} INFO - Sync 1 DAGs
[2021-02-22 18:43:27,176] {logging_mixin.py:103} INFO - [2021-02-22 18:43:27,176] {dag.py:2266} INFO - Setting next_dagrun for user_processing to 2021-02-21 00:00:00+00:00
[2021-02-22 18:43:27,183] {scheduler_job.py:189} INFO - Processing /home/i-sip_iot/airflow/dags/user_processing.py took 0.063 seconds
[2021-02-22 18:43:52,908] {scheduler_job.py:181} INFO - Started process (PID=201125) to work on /home/i-sip_iot/airflow/dags/user_processing.py
[2021-02-22 18:43:52,909] {scheduler_job.py:629} INFO - Processing file /home/i-sip_iot/airflow/dags/user_processing.py for tasks to queue
[2021-02-22 18:43:52,909] {logging_mixin.py:103} INFO - [2021-02-22 18:43:52,909] {dagbag.py:440} INFO - Filling up the DagBag from /home/i-sip_iot/airflow/dags/user_processing.py
[2021-02-22 18:43:52,918] {scheduler_job.py:639} INFO - DAG(s) dict_keys(['user_processing']) retrieved from /home/i-sip_iot/airflow/dags/user_processing.py
[2021-02-22 18:43:52,918] {logging_mixin.py:103} INFO - [2021-02-22 18:43:52,918] {dag.py:1813} INFO - Sync 1 DAGs
[2021-02-22 18:43:52,933] {logging_mixin.py:103} INFO - [2021-02-22 18:43:52,933] {dag.py:2266} INFO - Setting next_dagrun for user_processing to 2021-02-21 00:00:00+00:00
[2021-02-22 18:43:52,941] {scheduler_job.py:189} INFO - Processing /home/i-sip_iot/airflow/dags/user_processing.py took 0.035 seconds
[2021-02-22 18:44:19,834] {scheduler_job.py:181} INFO - Started process (PID=201184) to work on /home/i-sip_iot/airflow/dags/user_processing.py
[2021-02-22 18:44:19,837] {scheduler_job.py:629} INFO - Processing file /home/i-sip_iot/airflow/dags/user_processing.py for tasks to queue
[2021-02-22 18:44:19,838] {logging_mixin.py:103} INFO - [2021-02-22 18:44:19,838] {dagbag.py:440} INFO - Filling up the DagBag from /home/i-sip_iot/airflow/dags/user_processing.py
[2021-02-22 18:44:19,855] {scheduler_job.py:639} INFO - DAG(s) dict_keys(['user_processing']) retrieved from /home/i-sip_iot/airflow/dags/user_processing.py
[2021-02-22 18:44:19,855] {logging_mixin.py:103} INFO - [2021-02-22 18:44:19,855] {dag.py:1813} INFO - Sync 1 DAGs
[2021-02-22 18:44:19,874] {logging_mixin.py:103} INFO - [2021-02-22 18:44:19,874] {dag.py:2266} INFO - Setting next_dagrun for user_processing to 2021-02-21 00:00:00+00:00
[2021-02-22 18:44:19,881] {scheduler_job.py:189} INFO - Processing /home/i-sip_iot/airflow/dags/user_processing.py took 0.053 seconds
[2021-02-22 18:44:47,249] {scheduler_job.py:181} INFO - Started process (PID=201427) to work on /home/i-sip_iot/airflow/dags/user_processing.py
[2021-02-22 18:44:47,251] {scheduler_job.py:629} INFO - Processing file /home/i-sip_iot/airflow/dags/user_processing.py for tasks to queue
[2021-02-22 18:44:47,252] {logging_mixin.py:103} INFO - [2021-02-22 18:44:47,251] {dagbag.py:440} INFO - Filling up the DagBag from /home/i-sip_iot/airflow/dags/user_processing.py
[2021-02-22 18:44:47,268] {scheduler_job.py:639} INFO - DAG(s) dict_keys(['user_processing']) retrieved from /home/i-sip_iot/airflow/dags/user_processing.py
[2021-02-22 18:44:47,269] {logging_mixin.py:103} INFO - [2021-02-22 18:44:47,269] {dag.py:1813} INFO - Sync 1 DAGs
[2021-02-22 18:44:47,287] {logging_mixin.py:103} INFO - [2021-02-22 18:44:47,287] {dag.py:2266} INFO - Setting next_dagrun for user_processing to 2021-02-21 00:00:00+00:00
[2021-02-22 18:44:47,294] {scheduler_job.py:189} INFO - Processing /home/i-sip_iot/airflow/dags/user_processing.py took 0.050 seconds
[2021-02-22 18:45:14,188] {scheduler_job.py:181} INFO - Started process (PID=201498) to work on /home/i-sip_iot/airflow/dags/user_processing.py
[2021-02-22 18:45:14,190] {scheduler_job.py:629} INFO - Processing file /home/i-sip_iot/airflow/dags/user_processing.py for tasks to queue
[2021-02-22 18:45:14,191] {logging_mixin.py:103} INFO - [2021-02-22 18:45:14,191] {dagbag.py:440} INFO - Filling up the DagBag from /home/i-sip_iot/airflow/dags/user_processing.py
[2021-02-22 18:45:14,207] {scheduler_job.py:639} INFO - DAG(s) dict_keys(['user_processing']) retrieved from /home/i-sip_iot/airflow/dags/user_processing.py
[2021-02-22 18:45:14,208] {logging_mixin.py:103} INFO - [2021-02-22 18:45:14,208] {dag.py:1813} INFO - Sync 1 DAGs
[2021-02-22 18:45:14,231] {logging_mixin.py:103} INFO - [2021-02-22 18:45:14,231] {dag.py:2266} INFO - Setting next_dagrun for user_processing to 2021-02-21 00:00:00+00:00
[2021-02-22 18:45:14,240] {scheduler_job.py:189} INFO - Processing /home/i-sip_iot/airflow/dags/user_processing.py took 0.058 seconds
[2021-02-22 18:45:42,226] {scheduler_job.py:181} INFO - Started process (PID=201576) to work on /home/i-sip_iot/airflow/dags/user_processing.py
[2021-02-22 18:45:42,228] {scheduler_job.py:629} INFO - Processing file /home/i-sip_iot/airflow/dags/user_processing.py for tasks to queue
[2021-02-22 18:45:42,229] {logging_mixin.py:103} INFO - [2021-02-22 18:45:42,228] {dagbag.py:440} INFO - Filling up the DagBag from /home/i-sip_iot/airflow/dags/user_processing.py
[2021-02-22 18:45:42,253] {scheduler_job.py:639} INFO - DAG(s) dict_keys(['user_processing']) retrieved from /home/i-sip_iot/airflow/dags/user_processing.py
[2021-02-22 18:45:42,254] {logging_mixin.py:103} INFO - [2021-02-22 18:45:42,254] {dag.py:1813} INFO - Sync 1 DAGs
[2021-02-22 18:45:42,279] {logging_mixin.py:103} INFO - [2021-02-22 18:45:42,279] {dag.py:2266} INFO - Setting next_dagrun for user_processing to 2021-02-21 00:00:00+00:00
[2021-02-22 18:45:42,286] {scheduler_job.py:189} INFO - Processing /home/i-sip_iot/airflow/dags/user_processing.py took 0.065 seconds
[2021-02-22 18:46:09,177] {scheduler_job.py:181} INFO - Started process (PID=201788) to work on /home/i-sip_iot/airflow/dags/user_processing.py
[2021-02-22 18:46:09,179] {scheduler_job.py:629} INFO - Processing file /home/i-sip_iot/airflow/dags/user_processing.py for tasks to queue
[2021-02-22 18:46:09,181] {logging_mixin.py:103} INFO - [2021-02-22 18:46:09,181] {dagbag.py:440} INFO - Filling up the DagBag from /home/i-sip_iot/airflow/dags/user_processing.py
[2021-02-22 18:46:09,202] {scheduler_job.py:639} INFO - DAG(s) dict_keys(['user_processing']) retrieved from /home/i-sip_iot/airflow/dags/user_processing.py
[2021-02-22 18:46:09,203] {logging_mixin.py:103} INFO - [2021-02-22 18:46:09,203] {dag.py:1813} INFO - Sync 1 DAGs
[2021-02-22 18:46:09,222] {logging_mixin.py:103} INFO - [2021-02-22 18:46:09,222] {dag.py:2266} INFO - Setting next_dagrun for user_processing to 2021-02-21 00:00:00+00:00
[2021-02-22 18:46:09,229] {scheduler_job.py:189} INFO - Processing /home/i-sip_iot/airflow/dags/user_processing.py took 0.060 seconds
[2021-02-22 18:46:36,613] {scheduler_job.py:181} INFO - Started process (PID=201865) to work on /home/i-sip_iot/airflow/dags/user_processing.py
[2021-02-22 18:46:36,615] {scheduler_job.py:629} INFO - Processing file /home/i-sip_iot/airflow/dags/user_processing.py for tasks to queue
[2021-02-22 18:46:36,616] {logging_mixin.py:103} INFO - [2021-02-22 18:46:36,616] {dagbag.py:440} INFO - Filling up the DagBag from /home/i-sip_iot/airflow/dags/user_processing.py
[2021-02-22 18:46:36,634] {scheduler_job.py:639} INFO - DAG(s) dict_keys(['user_processing']) retrieved from /home/i-sip_iot/airflow/dags/user_processing.py
[2021-02-22 18:46:36,635] {logging_mixin.py:103} INFO - [2021-02-22 18:46:36,635] {dag.py:1813} INFO - Sync 1 DAGs
[2021-02-22 18:46:36,653] {logging_mixin.py:103} INFO - [2021-02-22 18:46:36,653] {dag.py:2266} INFO - Setting next_dagrun for user_processing to 2021-02-21 00:00:00+00:00
[2021-02-22 18:46:36,661] {scheduler_job.py:189} INFO - Processing /home/i-sip_iot/airflow/dags/user_processing.py took 0.054 seconds
[2021-02-22 18:47:03,438] {scheduler_job.py:181} INFO - Started process (PID=202100) to work on /home/i-sip_iot/airflow/dags/user_processing.py
[2021-02-22 18:47:03,439] {scheduler_job.py:629} INFO - Processing file /home/i-sip_iot/airflow/dags/user_processing.py for tasks to queue
[2021-02-22 18:47:03,440] {logging_mixin.py:103} INFO - [2021-02-22 18:47:03,439] {dagbag.py:440} INFO - Filling up the DagBag from /home/i-sip_iot/airflow/dags/user_processing.py
[2021-02-22 18:47:03,448] {scheduler_job.py:639} INFO - DAG(s) dict_keys(['user_processing']) retrieved from /home/i-sip_iot/airflow/dags/user_processing.py
[2021-02-22 18:47:03,448] {logging_mixin.py:103} INFO - [2021-02-22 18:47:03,448] {dag.py:1813} INFO - Sync 1 DAGs
[2021-02-22 18:47:03,463] {logging_mixin.py:103} INFO - [2021-02-22 18:47:03,463] {dag.py:2266} INFO - Setting next_dagrun for user_processing to 2021-02-21 00:00:00+00:00
[2021-02-22 18:47:03,470] {scheduler_job.py:189} INFO - Processing /home/i-sip_iot/airflow/dags/user_processing.py took 0.033 seconds
[2021-02-22 18:47:31,576] {scheduler_job.py:181} INFO - Started process (PID=202170) to work on /home/i-sip_iot/airflow/dags/user_processing.py
[2021-02-22 18:47:31,579] {scheduler_job.py:629} INFO - Processing file /home/i-sip_iot/airflow/dags/user_processing.py for tasks to queue
[2021-02-22 18:47:31,581] {logging_mixin.py:103} INFO - [2021-02-22 18:47:31,581] {dagbag.py:440} INFO - Filling up the DagBag from /home/i-sip_iot/airflow/dags/user_processing.py
[2021-02-22 18:47:31,614] {scheduler_job.py:639} INFO - DAG(s) dict_keys(['user_processing']) retrieved from /home/i-sip_iot/airflow/dags/user_processing.py
[2021-02-22 18:47:31,615] {logging_mixin.py:103} INFO - [2021-02-22 18:47:31,615] {dag.py:1813} INFO - Sync 1 DAGs
[2021-02-22 18:47:31,637] {logging_mixin.py:103} INFO - [2021-02-22 18:47:31,637] {dag.py:2266} INFO - Setting next_dagrun for user_processing to 2021-02-21 00:00:00+00:00
[2021-02-22 18:47:31,644] {scheduler_job.py:189} INFO - Processing /home/i-sip_iot/airflow/dags/user_processing.py took 0.074 seconds
[2021-02-22 18:47:58,317] {scheduler_job.py:181} INFO - Started process (PID=202410) to work on /home/i-sip_iot/airflow/dags/user_processing.py
[2021-02-22 18:47:58,317] {scheduler_job.py:629} INFO - Processing file /home/i-sip_iot/airflow/dags/user_processing.py for tasks to queue
[2021-02-22 18:47:58,318] {logging_mixin.py:103} INFO - [2021-02-22 18:47:58,318] {dagbag.py:440} INFO - Filling up the DagBag from /home/i-sip_iot/airflow/dags/user_processing.py
[2021-02-22 18:47:58,326] {scheduler_job.py:639} INFO - DAG(s) dict_keys(['user_processing']) retrieved from /home/i-sip_iot/airflow/dags/user_processing.py
[2021-02-22 18:47:58,326] {logging_mixin.py:103} INFO - [2021-02-22 18:47:58,326] {dag.py:1813} INFO - Sync 1 DAGs
[2021-02-22 18:47:58,341] {logging_mixin.py:103} INFO - [2021-02-22 18:47:58,341] {dag.py:2266} INFO - Setting next_dagrun for user_processing to 2021-02-21 00:00:00+00:00
[2021-02-22 18:47:58,348] {scheduler_job.py:189} INFO - Processing /home/i-sip_iot/airflow/dags/user_processing.py took 0.033 seconds
[2021-02-22 18:48:24,729] {scheduler_job.py:181} INFO - Started process (PID=202461) to work on /home/i-sip_iot/airflow/dags/user_processing.py
[2021-02-22 18:48:24,731] {scheduler_job.py:629} INFO - Processing file /home/i-sip_iot/airflow/dags/user_processing.py for tasks to queue
[2021-02-22 18:48:24,733] {logging_mixin.py:103} INFO - [2021-02-22 18:48:24,732] {dagbag.py:440} INFO - Filling up the DagBag from /home/i-sip_iot/airflow/dags/user_processing.py
[2021-02-22 18:48:24,763] {scheduler_job.py:639} INFO - DAG(s) dict_keys(['user_processing']) retrieved from /home/i-sip_iot/airflow/dags/user_processing.py
[2021-02-22 18:48:24,764] {logging_mixin.py:103} INFO - [2021-02-22 18:48:24,763] {dag.py:1813} INFO - Sync 1 DAGs
[2021-02-22 18:48:24,784] {logging_mixin.py:103} INFO - [2021-02-22 18:48:24,784] {dag.py:2266} INFO - Setting next_dagrun for user_processing to 2021-02-21 00:00:00+00:00
[2021-02-22 18:48:24,791] {scheduler_job.py:189} INFO - Processing /home/i-sip_iot/airflow/dags/user_processing.py took 0.071 seconds
[2021-02-22 18:48:52,768] {scheduler_job.py:181} INFO - Started process (PID=202692) to work on /home/i-sip_iot/airflow/dags/user_processing.py
[2021-02-22 18:48:52,769] {scheduler_job.py:629} INFO - Processing file /home/i-sip_iot/airflow/dags/user_processing.py for tasks to queue
[2021-02-22 18:48:52,770] {logging_mixin.py:103} INFO - [2021-02-22 18:48:52,770] {dagbag.py:440} INFO - Filling up the DagBag from /home/i-sip_iot/airflow/dags/user_processing.py
[2021-02-22 18:48:52,784] {scheduler_job.py:639} INFO - DAG(s) dict_keys(['user_processing']) retrieved from /home/i-sip_iot/airflow/dags/user_processing.py
[2021-02-22 18:48:52,784] {logging_mixin.py:103} INFO - [2021-02-22 18:48:52,784] {dag.py:1813} INFO - Sync 1 DAGs
[2021-02-22 18:48:52,800] {logging_mixin.py:103} INFO - [2021-02-22 18:48:52,800] {dag.py:2266} INFO - Setting next_dagrun for user_processing to 2021-02-21 00:00:00+00:00
[2021-02-22 18:48:52,807] {scheduler_job.py:189} INFO - Processing /home/i-sip_iot/airflow/dags/user_processing.py took 0.043 seconds
[2021-02-22 18:49:19,825] {scheduler_job.py:181} INFO - Started process (PID=202756) to work on /home/i-sip_iot/airflow/dags/user_processing.py
[2021-02-22 18:49:19,828] {scheduler_job.py:629} INFO - Processing file /home/i-sip_iot/airflow/dags/user_processing.py for tasks to queue
[2021-02-22 18:49:19,831] {logging_mixin.py:103} INFO - [2021-02-22 18:49:19,830] {dagbag.py:440} INFO - Filling up the DagBag from /home/i-sip_iot/airflow/dags/user_processing.py
[2021-02-22 18:49:19,855] {scheduler_job.py:639} INFO - DAG(s) dict_keys(['user_processing']) retrieved from /home/i-sip_iot/airflow/dags/user_processing.py
[2021-02-22 18:49:19,856] {logging_mixin.py:103} INFO - [2021-02-22 18:49:19,856] {dag.py:1813} INFO - Sync 1 DAGs
[2021-02-22 18:49:19,875] {logging_mixin.py:103} INFO - [2021-02-22 18:49:19,875] {dag.py:2266} INFO - Setting next_dagrun for user_processing to 2021-02-21 00:00:00+00:00
[2021-02-22 18:49:19,882] {scheduler_job.py:189} INFO - Processing /home/i-sip_iot/airflow/dags/user_processing.py took 0.064 seconds
[2021-02-22 18:49:47,133] {scheduler_job.py:181} INFO - Started process (PID=202997) to work on /home/i-sip_iot/airflow/dags/user_processing.py
[2021-02-22 18:49:47,134] {scheduler_job.py:629} INFO - Processing file /home/i-sip_iot/airflow/dags/user_processing.py for tasks to queue
[2021-02-22 18:49:47,135] {logging_mixin.py:103} INFO - [2021-02-22 18:49:47,135] {dagbag.py:440} INFO - Filling up the DagBag from /home/i-sip_iot/airflow/dags/user_processing.py
[2021-02-22 18:49:47,151] {scheduler_job.py:639} INFO - DAG(s) dict_keys(['user_processing']) retrieved from /home/i-sip_iot/airflow/dags/user_processing.py
[2021-02-22 18:49:47,152] {logging_mixin.py:103} INFO - [2021-02-22 18:49:47,152] {dag.py:1813} INFO - Sync 1 DAGs
[2021-02-22 18:49:47,171] {logging_mixin.py:103} INFO - [2021-02-22 18:49:47,171] {dag.py:2266} INFO - Setting next_dagrun for user_processing to 2021-02-21 00:00:00+00:00
[2021-02-22 18:49:47,178] {scheduler_job.py:189} INFO - Processing /home/i-sip_iot/airflow/dags/user_processing.py took 0.049 seconds
[2021-02-22 18:50:14,051] {scheduler_job.py:181} INFO - Started process (PID=203057) to work on /home/i-sip_iot/airflow/dags/user_processing.py
[2021-02-22 18:50:14,054] {scheduler_job.py:629} INFO - Processing file /home/i-sip_iot/airflow/dags/user_processing.py for tasks to queue
[2021-02-22 18:50:14,055] {logging_mixin.py:103} INFO - [2021-02-22 18:50:14,055] {dagbag.py:440} INFO - Filling up the DagBag from /home/i-sip_iot/airflow/dags/user_processing.py
[2021-02-22 18:50:14,079] {scheduler_job.py:639} INFO - DAG(s) dict_keys(['user_processing']) retrieved from /home/i-sip_iot/airflow/dags/user_processing.py
[2021-02-22 18:50:14,080] {logging_mixin.py:103} INFO - [2021-02-22 18:50:14,080] {dag.py:1813} INFO - Sync 1 DAGs
[2021-02-22 18:50:14,098] {logging_mixin.py:103} INFO - [2021-02-22 18:50:14,098] {dag.py:2266} INFO - Setting next_dagrun for user_processing to 2021-02-21 00:00:00+00:00
[2021-02-22 18:50:14,105] {scheduler_job.py:189} INFO - Processing /home/i-sip_iot/airflow/dags/user_processing.py took 0.060 seconds
[2021-02-22 18:50:42,186] {scheduler_job.py:181} INFO - Started process (PID=203117) to work on /home/i-sip_iot/airflow/dags/user_processing.py
[2021-02-22 18:50:42,188] {scheduler_job.py:629} INFO - Processing file /home/i-sip_iot/airflow/dags/user_processing.py for tasks to queue
[2021-02-22 18:50:42,190] {logging_mixin.py:103} INFO - [2021-02-22 18:50:42,190] {dagbag.py:440} INFO - Filling up the DagBag from /home/i-sip_iot/airflow/dags/user_processing.py
[2021-02-22 18:50:42,212] {scheduler_job.py:639} INFO - DAG(s) dict_keys(['user_processing']) retrieved from /home/i-sip_iot/airflow/dags/user_processing.py
[2021-02-22 18:50:42,213] {logging_mixin.py:103} INFO - [2021-02-22 18:50:42,213] {dag.py:1813} INFO - Sync 1 DAGs
[2021-02-22 18:50:42,232] {logging_mixin.py:103} INFO - [2021-02-22 18:50:42,232] {dag.py:2266} INFO - Setting next_dagrun for user_processing to 2021-02-21 00:00:00+00:00
[2021-02-22 18:50:42,239] {scheduler_job.py:189} INFO - Processing /home/i-sip_iot/airflow/dags/user_processing.py took 0.060 seconds
[2021-02-22 18:51:09,101] {scheduler_job.py:181} INFO - Started process (PID=203347) to work on /home/i-sip_iot/airflow/dags/user_processing.py
[2021-02-22 18:51:09,103] {scheduler_job.py:629} INFO - Processing file /home/i-sip_iot/airflow/dags/user_processing.py for tasks to queue
[2021-02-22 18:51:09,105] {logging_mixin.py:103} INFO - [2021-02-22 18:51:09,105] {dagbag.py:440} INFO - Filling up the DagBag from /home/i-sip_iot/airflow/dags/user_processing.py
[2021-02-22 18:51:09,129] {scheduler_job.py:639} INFO - DAG(s) dict_keys(['user_processing']) retrieved from /home/i-sip_iot/airflow/dags/user_processing.py
[2021-02-22 18:51:09,129] {logging_mixin.py:103} INFO - [2021-02-22 18:51:09,129] {dag.py:1813} INFO - Sync 1 DAGs
[2021-02-22 18:51:09,148] {logging_mixin.py:103} INFO - [2021-02-22 18:51:09,148] {dag.py:2266} INFO - Setting next_dagrun for user_processing to 2021-02-21 00:00:00+00:00
[2021-02-22 18:51:09,155] {scheduler_job.py:189} INFO - Processing /home/i-sip_iot/airflow/dags/user_processing.py took 0.061 seconds
[2021-02-22 18:51:35,978] {scheduler_job.py:181} INFO - Started process (PID=203438) to work on /home/i-sip_iot/airflow/dags/user_processing.py
[2021-02-22 18:51:35,980] {scheduler_job.py:629} INFO - Processing file /home/i-sip_iot/airflow/dags/user_processing.py for tasks to queue
[2021-02-22 18:51:35,981] {logging_mixin.py:103} INFO - [2021-02-22 18:51:35,981] {dagbag.py:440} INFO - Filling up the DagBag from /home/i-sip_iot/airflow/dags/user_processing.py
[2021-02-22 18:51:36,001] {scheduler_job.py:639} INFO - DAG(s) dict_keys(['user_processing']) retrieved from /home/i-sip_iot/airflow/dags/user_processing.py
[2021-02-22 18:51:36,001] {logging_mixin.py:103} INFO - [2021-02-22 18:51:36,001] {dag.py:1813} INFO - Sync 1 DAGs
[2021-02-22 18:51:36,020] {logging_mixin.py:103} INFO - [2021-02-22 18:51:36,020] {dag.py:2266} INFO - Setting next_dagrun for user_processing to 2021-02-21 00:00:00+00:00
[2021-02-22 18:51:36,027] {scheduler_job.py:189} INFO - Processing /home/i-sip_iot/airflow/dags/user_processing.py took 0.055 seconds
[2021-02-22 18:52:03,427] {scheduler_job.py:181} INFO - Started process (PID=203698) to work on /home/i-sip_iot/airflow/dags/user_processing.py
[2021-02-22 18:52:03,428] {scheduler_job.py:629} INFO - Processing file /home/i-sip_iot/airflow/dags/user_processing.py for tasks to queue
[2021-02-22 18:52:03,428] {logging_mixin.py:103} INFO - [2021-02-22 18:52:03,428] {dagbag.py:440} INFO - Filling up the DagBag from /home/i-sip_iot/airflow/dags/user_processing.py
[2021-02-22 18:52:03,436] {scheduler_job.py:639} INFO - DAG(s) dict_keys(['user_processing']) retrieved from /home/i-sip_iot/airflow/dags/user_processing.py
[2021-02-22 18:52:03,436] {logging_mixin.py:103} INFO - [2021-02-22 18:52:03,436] {dag.py:1813} INFO - Sync 1 DAGs
[2021-02-22 18:52:03,450] {logging_mixin.py:103} INFO - [2021-02-22 18:52:03,450] {dag.py:2266} INFO - Setting next_dagrun for user_processing to 2021-02-21 00:00:00+00:00
[2021-02-22 18:52:03,457] {scheduler_job.py:189} INFO - Processing /home/i-sip_iot/airflow/dags/user_processing.py took 0.031 seconds
[2021-02-22 18:52:30,341] {scheduler_job.py:181} INFO - Started process (PID=203737) to work on /home/i-sip_iot/airflow/dags/user_processing.py
[2021-02-22 18:52:30,343] {scheduler_job.py:629} INFO - Processing file /home/i-sip_iot/airflow/dags/user_processing.py for tasks to queue
[2021-02-22 18:52:30,343] {logging_mixin.py:103} INFO - [2021-02-22 18:52:30,343] {dagbag.py:440} INFO - Filling up the DagBag from /home/i-sip_iot/airflow/dags/user_processing.py
[2021-02-22 18:52:30,358] {scheduler_job.py:639} INFO - DAG(s) dict_keys(['user_processing']) retrieved from /home/i-sip_iot/airflow/dags/user_processing.py
[2021-02-22 18:52:30,359] {logging_mixin.py:103} INFO - [2021-02-22 18:52:30,359] {dag.py:1813} INFO - Sync 1 DAGs
[2021-02-22 18:52:30,378] {logging_mixin.py:103} INFO - [2021-02-22 18:52:30,378] {dag.py:2266} INFO - Setting next_dagrun for user_processing to 2021-02-21 00:00:00+00:00
[2021-02-22 18:52:30,389] {scheduler_job.py:189} INFO - Processing /home/i-sip_iot/airflow/dags/user_processing.py took 0.052 seconds
[2021-02-22 18:52:57,844] {scheduler_job.py:181} INFO - Started process (PID=203963) to work on /home/i-sip_iot/airflow/dags/user_processing.py
[2021-02-22 18:52:57,845] {scheduler_job.py:629} INFO - Processing file /home/i-sip_iot/airflow/dags/user_processing.py for tasks to queue
[2021-02-22 18:52:57,845] {logging_mixin.py:103} INFO - [2021-02-22 18:52:57,845] {dagbag.py:440} INFO - Filling up the DagBag from /home/i-sip_iot/airflow/dags/user_processing.py
[2021-02-22 18:52:57,856] {scheduler_job.py:639} INFO - DAG(s) dict_keys(['user_processing']) retrieved from /home/i-sip_iot/airflow/dags/user_processing.py
[2021-02-22 18:52:57,857] {logging_mixin.py:103} INFO - [2021-02-22 18:52:57,857] {dag.py:1813} INFO - Sync 1 DAGs
[2021-02-22 18:52:57,876] {logging_mixin.py:103} INFO - [2021-02-22 18:52:57,876] {dag.py:2266} INFO - Setting next_dagrun for user_processing to 2021-02-21 00:00:00+00:00
[2021-02-22 18:52:57,883] {scheduler_job.py:189} INFO - Processing /home/i-sip_iot/airflow/dags/user_processing.py took 0.041 seconds
[2021-02-22 18:53:24,753] {scheduler_job.py:181} INFO - Started process (PID=204035) to work on /home/i-sip_iot/airflow/dags/user_processing.py
[2021-02-22 18:53:24,754] {scheduler_job.py:629} INFO - Processing file /home/i-sip_iot/airflow/dags/user_processing.py for tasks to queue
[2021-02-22 18:53:24,755] {logging_mixin.py:103} INFO - [2021-02-22 18:53:24,755] {dagbag.py:440} INFO - Filling up the DagBag from /home/i-sip_iot/airflow/dags/user_processing.py
[2021-02-22 18:53:24,775] {scheduler_job.py:639} INFO - DAG(s) dict_keys(['user_processing']) retrieved from /home/i-sip_iot/airflow/dags/user_processing.py
[2021-02-22 18:53:24,777] {logging_mixin.py:103} INFO - [2021-02-22 18:53:24,776] {dag.py:1813} INFO - Sync 1 DAGs
[2021-02-22 18:53:24,796] {logging_mixin.py:103} INFO - [2021-02-22 18:53:24,795] {dag.py:2266} INFO - Setting next_dagrun for user_processing to 2021-02-21 00:00:00+00:00
[2021-02-22 18:53:24,802] {scheduler_job.py:189} INFO - Processing /home/i-sip_iot/airflow/dags/user_processing.py took 0.054 seconds
[2021-02-22 18:53:52,159] {scheduler_job.py:181} INFO - Started process (PID=204260) to work on /home/i-sip_iot/airflow/dags/user_processing.py
[2021-02-22 18:53:52,161] {scheduler_job.py:629} INFO - Processing file /home/i-sip_iot/airflow/dags/user_processing.py for tasks to queue
[2021-02-22 18:53:52,162] {logging_mixin.py:103} INFO - [2021-02-22 18:53:52,162] {dagbag.py:440} INFO - Filling up the DagBag from /home/i-sip_iot/airflow/dags/user_processing.py
[2021-02-22 18:53:52,188] {scheduler_job.py:639} INFO - DAG(s) dict_keys(['user_processing']) retrieved from /home/i-sip_iot/airflow/dags/user_processing.py
[2021-02-22 18:53:52,189] {logging_mixin.py:103} INFO - [2021-02-22 18:53:52,189] {dag.py:1813} INFO - Sync 1 DAGs
[2021-02-22 18:53:52,208] {logging_mixin.py:103} INFO - [2021-02-22 18:53:52,208] {dag.py:2266} INFO - Setting next_dagrun for user_processing to 2021-02-21 00:00:00+00:00
[2021-02-22 18:53:52,215] {scheduler_job.py:189} INFO - Processing /home/i-sip_iot/airflow/dags/user_processing.py took 0.063 seconds
[2021-02-22 18:54:19,771] {scheduler_job.py:181} INFO - Started process (PID=204352) to work on /home/i-sip_iot/airflow/dags/user_processing.py
[2021-02-22 18:54:19,773] {scheduler_job.py:629} INFO - Processing file /home/i-sip_iot/airflow/dags/user_processing.py for tasks to queue
[2021-02-22 18:54:19,775] {logging_mixin.py:103} INFO - [2021-02-22 18:54:19,774] {dagbag.py:440} INFO - Filling up the DagBag from /home/i-sip_iot/airflow/dags/user_processing.py
[2021-02-22 18:54:19,798] {scheduler_job.py:639} INFO - DAG(s) dict_keys(['user_processing']) retrieved from /home/i-sip_iot/airflow/dags/user_processing.py
[2021-02-22 18:54:19,799] {logging_mixin.py:103} INFO - [2021-02-22 18:54:19,799] {dag.py:1813} INFO - Sync 1 DAGs
[2021-02-22 18:54:19,817] {logging_mixin.py:103} INFO - [2021-02-22 18:54:19,817] {dag.py:2266} INFO - Setting next_dagrun for user_processing to 2021-02-21 00:00:00+00:00
[2021-02-22 18:54:19,824] {scheduler_job.py:189} INFO - Processing /home/i-sip_iot/airflow/dags/user_processing.py took 0.059 seconds
[2021-02-22 18:54:46,180] {scheduler_job.py:181} INFO - Started process (PID=204419) to work on /home/i-sip_iot/airflow/dags/user_processing.py
[2021-02-22 18:54:46,181] {scheduler_job.py:629} INFO - Processing file /home/i-sip_iot/airflow/dags/user_processing.py for tasks to queue
[2021-02-22 18:54:46,181] {logging_mixin.py:103} INFO - [2021-02-22 18:54:46,181] {dagbag.py:440} INFO - Filling up the DagBag from /home/i-sip_iot/airflow/dags/user_processing.py
[2021-02-22 18:54:46,194] {scheduler_job.py:639} INFO - DAG(s) dict_keys(['user_processing']) retrieved from /home/i-sip_iot/airflow/dags/user_processing.py
[2021-02-22 18:54:46,195] {logging_mixin.py:103} INFO - [2021-02-22 18:54:46,195] {dag.py:1813} INFO - Sync 1 DAGs
[2021-02-22 18:54:46,215] {logging_mixin.py:103} INFO - [2021-02-22 18:54:46,215] {dag.py:2266} INFO - Setting next_dagrun for user_processing to 2021-02-21 00:00:00+00:00
[2021-02-22 18:54:46,222] {scheduler_job.py:189} INFO - Processing /home/i-sip_iot/airflow/dags/user_processing.py took 0.044 seconds
[2021-02-22 18:55:14,239] {scheduler_job.py:181} INFO - Started process (PID=204656) to work on /home/i-sip_iot/airflow/dags/user_processing.py
[2021-02-22 18:55:14,239] {scheduler_job.py:629} INFO - Processing file /home/i-sip_iot/airflow/dags/user_processing.py for tasks to queue
[2021-02-22 18:55:14,240] {logging_mixin.py:103} INFO - [2021-02-22 18:55:14,240] {dagbag.py:440} INFO - Filling up the DagBag from /home/i-sip_iot/airflow/dags/user_processing.py
[2021-02-22 18:55:14,247] {scheduler_job.py:639} INFO - DAG(s) dict_keys(['user_processing']) retrieved from /home/i-sip_iot/airflow/dags/user_processing.py
[2021-02-22 18:55:14,248] {logging_mixin.py:103} INFO - [2021-02-22 18:55:14,248] {dag.py:1813} INFO - Sync 1 DAGs
[2021-02-22 18:55:14,262] {logging_mixin.py:103} INFO - [2021-02-22 18:55:14,262] {dag.py:2266} INFO - Setting next_dagrun for user_processing to 2021-02-21 00:00:00+00:00
[2021-02-22 18:55:14,269] {scheduler_job.py:189} INFO - Processing /home/i-sip_iot/airflow/dags/user_processing.py took 0.031 seconds
[2021-02-22 18:55:41,385] {scheduler_job.py:181} INFO - Started process (PID=204719) to work on /home/i-sip_iot/airflow/dags/user_processing.py
[2021-02-22 18:55:41,388] {scheduler_job.py:629} INFO - Processing file /home/i-sip_iot/airflow/dags/user_processing.py for tasks to queue
[2021-02-22 18:55:41,389] {logging_mixin.py:103} INFO - [2021-02-22 18:55:41,389] {dagbag.py:440} INFO - Filling up the DagBag from /home/i-sip_iot/airflow/dags/user_processing.py
[2021-02-22 18:55:41,409] {scheduler_job.py:639} INFO - DAG(s) dict_keys(['user_processing']) retrieved from /home/i-sip_iot/airflow/dags/user_processing.py
[2021-02-22 18:55:41,410] {logging_mixin.py:103} INFO - [2021-02-22 18:55:41,410] {dag.py:1813} INFO - Sync 1 DAGs
[2021-02-22 18:55:41,428] {logging_mixin.py:103} INFO - [2021-02-22 18:55:41,428] {dag.py:2266} INFO - Setting next_dagrun for user_processing to 2021-02-21 00:00:00+00:00
[2021-02-22 18:55:41,439] {scheduler_job.py:189} INFO - Processing /home/i-sip_iot/airflow/dags/user_processing.py took 0.063 seconds
[2021-02-22 18:56:08,290] {scheduler_job.py:181} INFO - Started process (PID=204943) to work on /home/i-sip_iot/airflow/dags/user_processing.py
[2021-02-22 18:56:08,292] {scheduler_job.py:629} INFO - Processing file /home/i-sip_iot/airflow/dags/user_processing.py for tasks to queue
[2021-02-22 18:56:08,294] {logging_mixin.py:103} INFO - [2021-02-22 18:56:08,293] {dagbag.py:440} INFO - Filling up the DagBag from /home/i-sip_iot/airflow/dags/user_processing.py
[2021-02-22 18:56:08,320] {scheduler_job.py:639} INFO - DAG(s) dict_keys(['user_processing']) retrieved from /home/i-sip_iot/airflow/dags/user_processing.py
[2021-02-22 18:56:08,321] {logging_mixin.py:103} INFO - [2021-02-22 18:56:08,321] {dag.py:1813} INFO - Sync 1 DAGs
[2021-02-22 18:56:08,342] {logging_mixin.py:103} INFO - [2021-02-22 18:56:08,342] {dag.py:2266} INFO - Setting next_dagrun for user_processing to 2021-02-21 00:00:00+00:00
[2021-02-22 18:56:08,349] {scheduler_job.py:189} INFO - Processing /home/i-sip_iot/airflow/dags/user_processing.py took 0.065 seconds
[2021-02-22 18:56:35,560] {scheduler_job.py:181} INFO - Started process (PID=205013) to work on /home/i-sip_iot/airflow/dags/user_processing.py
[2021-02-22 18:56:35,560] {scheduler_job.py:629} INFO - Processing file /home/i-sip_iot/airflow/dags/user_processing.py for tasks to queue
[2021-02-22 18:56:35,561] {logging_mixin.py:103} INFO - [2021-02-22 18:56:35,561] {dagbag.py:440} INFO - Filling up the DagBag from /home/i-sip_iot/airflow/dags/user_processing.py
[2021-02-22 18:56:35,569] {scheduler_job.py:639} INFO - DAG(s) dict_keys(['user_processing']) retrieved from /home/i-sip_iot/airflow/dags/user_processing.py
[2021-02-22 18:56:35,569] {logging_mixin.py:103} INFO - [2021-02-22 18:56:35,569] {dag.py:1813} INFO - Sync 1 DAGs
[2021-02-22 18:56:35,584] {logging_mixin.py:103} INFO - [2021-02-22 18:56:35,584] {dag.py:2266} INFO - Setting next_dagrun for user_processing to 2021-02-21 00:00:00+00:00
[2021-02-22 18:56:35,591] {scheduler_job.py:189} INFO - Processing /home/i-sip_iot/airflow/dags/user_processing.py took 0.032 seconds
[2021-02-22 18:57:03,445] {scheduler_job.py:181} INFO - Started process (PID=205238) to work on /home/i-sip_iot/airflow/dags/user_processing.py
[2021-02-22 18:57:03,446] {scheduler_job.py:629} INFO - Processing file /home/i-sip_iot/airflow/dags/user_processing.py for tasks to queue
[2021-02-22 18:57:03,446] {logging_mixin.py:103} INFO - [2021-02-22 18:57:03,446] {dagbag.py:440} INFO - Filling up the DagBag from /home/i-sip_iot/airflow/dags/user_processing.py
[2021-02-22 18:57:03,456] {scheduler_job.py:639} INFO - DAG(s) dict_keys(['user_processing']) retrieved from /home/i-sip_iot/airflow/dags/user_processing.py
[2021-02-22 18:57:03,457] {logging_mixin.py:103} INFO - [2021-02-22 18:57:03,457] {dag.py:1813} INFO - Sync 1 DAGs
[2021-02-22 18:57:03,475] {logging_mixin.py:103} INFO - [2021-02-22 18:57:03,475] {dag.py:2266} INFO - Setting next_dagrun for user_processing to 2021-02-21 00:00:00+00:00
[2021-02-22 18:57:03,481] {scheduler_job.py:189} INFO - Processing /home/i-sip_iot/airflow/dags/user_processing.py took 0.038 seconds
[2021-02-22 18:57:30,372] {scheduler_job.py:181} INFO - Started process (PID=205324) to work on /home/i-sip_iot/airflow/dags/user_processing.py
[2021-02-22 18:57:30,375] {scheduler_job.py:629} INFO - Processing file /home/i-sip_iot/airflow/dags/user_processing.py for tasks to queue
[2021-02-22 18:57:30,377] {logging_mixin.py:103} INFO - [2021-02-22 18:57:30,377] {dagbag.py:440} INFO - Filling up the DagBag from /home/i-sip_iot/airflow/dags/user_processing.py
[2021-02-22 18:57:30,405] {scheduler_job.py:639} INFO - DAG(s) dict_keys(['user_processing']) retrieved from /home/i-sip_iot/airflow/dags/user_processing.py
[2021-02-22 18:57:30,405] {logging_mixin.py:103} INFO - [2021-02-22 18:57:30,405] {dag.py:1813} INFO - Sync 1 DAGs
[2021-02-22 18:57:30,425] {logging_mixin.py:103} INFO - [2021-02-22 18:57:30,425] {dag.py:2266} INFO - Setting next_dagrun for user_processing to 2021-02-21 00:00:00+00:00
[2021-02-22 18:57:30,432] {scheduler_job.py:189} INFO - Processing /home/i-sip_iot/airflow/dags/user_processing.py took 0.067 seconds
[2021-02-22 18:57:57,789] {scheduler_job.py:181} INFO - Started process (PID=205564) to work on /home/i-sip_iot/airflow/dags/user_processing.py
[2021-02-22 18:57:57,792] {scheduler_job.py:629} INFO - Processing file /home/i-sip_iot/airflow/dags/user_processing.py for tasks to queue
[2021-02-22 18:57:57,793] {logging_mixin.py:103} INFO - [2021-02-22 18:57:57,793] {dagbag.py:440} INFO - Filling up the DagBag from /home/i-sip_iot/airflow/dags/user_processing.py
[2021-02-22 18:57:57,817] {scheduler_job.py:639} INFO - DAG(s) dict_keys(['user_processing']) retrieved from /home/i-sip_iot/airflow/dags/user_processing.py
[2021-02-22 18:57:57,818] {logging_mixin.py:103} INFO - [2021-02-22 18:57:57,818] {dag.py:1813} INFO - Sync 1 DAGs
[2021-02-22 18:57:57,837] {logging_mixin.py:103} INFO - [2021-02-22 18:57:57,837] {dag.py:2266} INFO - Setting next_dagrun for user_processing to 2021-02-21 00:00:00+00:00
[2021-02-22 18:57:57,844] {scheduler_job.py:189} INFO - Processing /home/i-sip_iot/airflow/dags/user_processing.py took 0.061 seconds
[2021-02-22 18:58:24,621] {scheduler_job.py:181} INFO - Started process (PID=205617) to work on /home/i-sip_iot/airflow/dags/user_processing.py
[2021-02-22 18:58:24,624] {scheduler_job.py:629} INFO - Processing file /home/i-sip_iot/airflow/dags/user_processing.py for tasks to queue
[2021-02-22 18:58:24,625] {logging_mixin.py:103} INFO - [2021-02-22 18:58:24,625] {dagbag.py:440} INFO - Filling up the DagBag from /home/i-sip_iot/airflow/dags/user_processing.py
[2021-02-22 18:58:24,651] {scheduler_job.py:639} INFO - DAG(s) dict_keys(['user_processing']) retrieved from /home/i-sip_iot/airflow/dags/user_processing.py
[2021-02-22 18:58:24,652] {logging_mixin.py:103} INFO - [2021-02-22 18:58:24,651] {dag.py:1813} INFO - Sync 1 DAGs
[2021-02-22 18:58:24,671] {logging_mixin.py:103} INFO - [2021-02-22 18:58:24,671] {dag.py:2266} INFO - Setting next_dagrun for user_processing to 2021-02-21 00:00:00+00:00
[2021-02-22 18:58:24,678] {scheduler_job.py:189} INFO - Processing /home/i-sip_iot/airflow/dags/user_processing.py took 0.063 seconds
[2021-02-22 18:58:52,785] {scheduler_job.py:181} INFO - Started process (PID=205881) to work on /home/i-sip_iot/airflow/dags/user_processing.py
[2021-02-22 18:58:52,786] {scheduler_job.py:629} INFO - Processing file /home/i-sip_iot/airflow/dags/user_processing.py for tasks to queue
[2021-02-22 18:58:52,787] {logging_mixin.py:103} INFO - [2021-02-22 18:58:52,787] {dagbag.py:440} INFO - Filling up the DagBag from /home/i-sip_iot/airflow/dags/user_processing.py
[2021-02-22 18:58:52,802] {scheduler_job.py:639} INFO - DAG(s) dict_keys(['user_processing']) retrieved from /home/i-sip_iot/airflow/dags/user_processing.py
[2021-02-22 18:58:52,803] {logging_mixin.py:103} INFO - [2021-02-22 18:58:52,803] {dag.py:1813} INFO - Sync 1 DAGs
[2021-02-22 18:58:52,825] {logging_mixin.py:103} INFO - [2021-02-22 18:58:52,825] {dag.py:2266} INFO - Setting next_dagrun for user_processing to 2021-02-21 00:00:00+00:00
[2021-02-22 18:58:52,832] {scheduler_job.py:189} INFO - Processing /home/i-sip_iot/airflow/dags/user_processing.py took 0.049 seconds
[2021-02-22 18:59:19,157] {scheduler_job.py:181} INFO - Started process (PID=205950) to work on /home/i-sip_iot/airflow/dags/user_processing.py
[2021-02-22 18:59:19,157] {scheduler_job.py:629} INFO - Processing file /home/i-sip_iot/airflow/dags/user_processing.py for tasks to queue
[2021-02-22 18:59:19,158] {logging_mixin.py:103} INFO - [2021-02-22 18:59:19,158] {dagbag.py:440} INFO - Filling up the DagBag from /home/i-sip_iot/airflow/dags/user_processing.py
[2021-02-22 18:59:19,169] {scheduler_job.py:639} INFO - DAG(s) dict_keys(['user_processing']) retrieved from /home/i-sip_iot/airflow/dags/user_processing.py
[2021-02-22 18:59:19,170] {logging_mixin.py:103} INFO - [2021-02-22 18:59:19,170] {dag.py:1813} INFO - Sync 1 DAGs
[2021-02-22 18:59:19,188] {logging_mixin.py:103} INFO - [2021-02-22 18:59:19,188] {dag.py:2266} INFO - Setting next_dagrun for user_processing to 2021-02-21 00:00:00+00:00
[2021-02-22 18:59:19,195] {scheduler_job.py:189} INFO - Processing /home/i-sip_iot/airflow/dags/user_processing.py took 0.041 seconds
[2021-02-22 18:59:46,136] {scheduler_job.py:181} INFO - Started process (PID=206017) to work on /home/i-sip_iot/airflow/dags/user_processing.py
[2021-02-22 18:59:46,138] {scheduler_job.py:629} INFO - Processing file /home/i-sip_iot/airflow/dags/user_processing.py for tasks to queue
[2021-02-22 18:59:46,140] {logging_mixin.py:103} INFO - [2021-02-22 18:59:46,139] {dagbag.py:440} INFO - Filling up the DagBag from /home/i-sip_iot/airflow/dags/user_processing.py
[2021-02-22 18:59:46,164] {scheduler_job.py:639} INFO - DAG(s) dict_keys(['user_processing']) retrieved from /home/i-sip_iot/airflow/dags/user_processing.py
[2021-02-22 18:59:46,165] {logging_mixin.py:103} INFO - [2021-02-22 18:59:46,165] {dag.py:1813} INFO - Sync 1 DAGs
[2021-02-22 18:59:46,184] {logging_mixin.py:103} INFO - [2021-02-22 18:59:46,184] {dag.py:2266} INFO - Setting next_dagrun for user_processing to 2021-02-21 00:00:00+00:00
[2021-02-22 18:59:46,191] {scheduler_job.py:189} INFO - Processing /home/i-sip_iot/airflow/dags/user_processing.py took 0.061 seconds
