[2021-03-01 20:49:59,624] {taskinstance.py:826} INFO - Dependencies all met for <TaskInstance: user_processing.user_extraction 2020-05-19T00:00:00+00:00 [queued]>
[2021-03-01 20:49:59,628] {taskinstance.py:826} INFO - Dependencies all met for <TaskInstance: user_processing.user_extraction 2020-05-19T00:00:00+00:00 [queued]>
[2021-03-01 20:49:59,628] {taskinstance.py:1017} INFO - 
--------------------------------------------------------------------------------
[2021-03-01 20:49:59,628] {taskinstance.py:1018} INFO - Starting attempt 1 of 1
[2021-03-01 20:49:59,628] {taskinstance.py:1019} INFO - 
--------------------------------------------------------------------------------
[2021-03-01 20:49:59,637] {taskinstance.py:1038} INFO - Executing <Task(SimpleHttpOperator): user_extraction> on 2020-05-19T00:00:00+00:00
[2021-03-01 20:49:59,639] {standard_task_runner.py:51} INFO - Started process 252754 to run task
[2021-03-01 20:49:59,642] {standard_task_runner.py:75} INFO - Running: ['airflow', 'tasks', 'run', 'user_processing', 'user_extraction', '2020-05-19T00:00:00+00:00', '--job-id', '745', '--pool', 'default_pool', '--raw', '--subdir', 'DAGS_FOLDER/user_processing.py', '--cfg-path', '/tmp/tmpz8s2osg5']
[2021-03-01 20:49:59,642] {standard_task_runner.py:76} INFO - Job 745: Subtask user_extraction
[2021-03-01 20:49:59,663] {logging_mixin.py:103} INFO - Running <TaskInstance: user_processing.user_extraction 2020-05-19T00:00:00+00:00 [running]> on host pop-os.localdomain
[2021-03-01 20:49:59,693] {taskinstance.py:1232} INFO - Exporting the following env vars:
AIRFLOW_CTX_DAG_OWNER=airflow
AIRFLOW_CTX_DAG_ID=user_processing
AIRFLOW_CTX_TASK_ID=user_extraction
AIRFLOW_CTX_EXECUTION_DATE=2020-05-19T00:00:00+00:00
AIRFLOW_CTX_DAG_RUN_ID=scheduled__2020-05-19T00:00:00+00:00
[2021-03-01 20:49:59,694] {http.py:106} INFO - Calling HTTP method
[2021-03-01 20:49:59,704] {base.py:74} INFO - Using connection to: id: user_api. Host: https://randomuser.me/, Port: None, Schema: , Login: , Password: None, extra: None
[2021-03-01 20:49:59,707] {http.py:140} INFO - Sending 'GET' to url: https://randomuser.me/api/
[2021-03-01 20:49:59,907] {http.py:110} INFO - {"results":[{"gender":"male","name":{"title":"Mr","first":"Harry","last":"Fernandez"},"location":{"street":{"number":3144,"name":"Blossom Hill Rd"},"city":"Bowral","state":"Tasmania","country":"Australia","postcode":3550,"coordinates":{"latitude":"-89.3887","longitude":"-131.5861"},"timezone":{"offset":"+9:30","description":"Adelaide, Darwin"}},"email":"harry.fernandez@example.com","login":{"uuid":"63e502ba-148e-465c-9475-a137582d119e","username":"lazyfrog663","password":"delphi","salt":"frG6zuVt","md5":"9e69e770262a37e4e353c0f051baf973","sha1":"83e2ae001afc2795f8078a3f24a82d885ff1ecbe","sha256":"b3a6d5590c32fa6bf80c9f57b36dd418e5bf3a058c468aa2c333a897c6f7b611"},"dob":{"date":"1950-04-23T12:37:21.472Z","age":71},"registered":{"date":"2005-09-30T22:55:15.022Z","age":16},"phone":"03-5180-1583","cell":"0485-628-048","id":{"name":"TFN","value":"418854518"},"picture":{"large":"https://randomuser.me/api/portraits/men/44.jpg","medium":"https://randomuser.me/api/portraits/med/men/44.jpg","thumbnail":"https://randomuser.me/api/portraits/thumb/men/44.jpg"},"nat":"AU"}],"info":{"seed":"35889e6fcc8276fe","results":1,"page":1,"version":"1.3"}}
[2021-03-01 20:49:59,937] {taskinstance.py:1142} INFO - Marking task as SUCCESS. dag_id=user_processing, task_id=user_extraction, execution_date=20200519T000000, start_date=20210302T014959, end_date=20210302T014959
[2021-03-01 20:49:59,966] {taskinstance.py:1195} INFO - 1 downstream tasks scheduled from follow-on schedule check
[2021-03-01 20:49:59,974] {local_task_job.py:118} INFO - Task exited with return code 0
