[2021-03-01 20:51:11,859] {taskinstance.py:826} INFO - Dependencies all met for <TaskInstance: user_processing.creating_table 2020-06-01T00:00:00+00:00 [queued]>
[2021-03-01 20:51:11,863] {taskinstance.py:826} INFO - Dependencies all met for <TaskInstance: user_processing.creating_table 2020-06-01T00:00:00+00:00 [queued]>
[2021-03-01 20:51:11,863] {taskinstance.py:1017} INFO - 
--------------------------------------------------------------------------------
[2021-03-01 20:51:11,863] {taskinstance.py:1018} INFO - Starting attempt 1 of 1
[2021-03-01 20:51:11,863] {taskinstance.py:1019} INFO - 
--------------------------------------------------------------------------------
[2021-03-01 20:51:11,873] {taskinstance.py:1038} INFO - Executing <Task(SqliteOperator): creating_table> on 2020-06-01T00:00:00+00:00
[2021-03-01 20:51:11,875] {standard_task_runner.py:51} INFO - Started process 254108 to run task
[2021-03-01 20:51:11,877] {standard_task_runner.py:75} INFO - Running: ['airflow', 'tasks', 'run', 'user_processing', 'creating_table', '2020-06-01T00:00:00+00:00', '--job-id', '798', '--pool', 'default_pool', '--raw', '--subdir', 'DAGS_FOLDER/user_processing.py', '--cfg-path', '/tmp/tmp565ihpie']
[2021-03-01 20:51:11,878] {standard_task_runner.py:76} INFO - Job 798: Subtask creating_table
[2021-03-01 20:51:11,898] {logging_mixin.py:103} INFO - Running <TaskInstance: user_processing.creating_table 2020-06-01T00:00:00+00:00 [running]> on host pop-os.localdomain
[2021-03-01 20:51:11,921] {taskinstance.py:1232} INFO - Exporting the following env vars:
AIRFLOW_CTX_DAG_OWNER=airflow
AIRFLOW_CTX_DAG_ID=user_processing
AIRFLOW_CTX_TASK_ID=creating_table
AIRFLOW_CTX_EXECUTION_DATE=2020-06-01T00:00:00+00:00
AIRFLOW_CTX_DAG_RUN_ID=scheduled__2020-06-01T00:00:00+00:00
[2021-03-01 20:51:11,921] {sqlite.py:63} INFO - Executing: 
            CREATE TABLE IF NOT EXISTS users (
                first_name TEXT NOT NULL,
                last_name TEXT NOT NULL,
                country TEXT NOT NULL,
                user_name TEXT NOT NULL,
                password TEXT NOT NULL,
                email TEXT NOT NULL PRIMARY KEY     
            );
        
[2021-03-01 20:51:11,924] {base.py:74} INFO - Using connection to: id: db_sqlite. Host: /home/i-sip_iot/airflow/airflow.db, Port: None, Schema: , Login: , Password: None, extra: None
[2021-03-01 20:51:11,924] {dbapi.py:180} INFO - Running statement: 
            CREATE TABLE IF NOT EXISTS users (
                first_name TEXT NOT NULL,
                last_name TEXT NOT NULL,
                country TEXT NOT NULL,
                user_name TEXT NOT NULL,
                password TEXT NOT NULL,
                email TEXT NOT NULL PRIMARY KEY     
            );
        , parameters: []
[2021-03-01 20:51:11,925] {dbapi.py:186} INFO - Rows affected: -1
[2021-03-01 20:51:11,928] {taskinstance.py:1142} INFO - Marking task as SUCCESS. dag_id=user_processing, task_id=creating_table, execution_date=20200601T000000, start_date=20210302T015111, end_date=20210302T015111
[2021-03-01 20:51:11,946] {taskinstance.py:1195} INFO - 1 downstream tasks scheduled from follow-on schedule check
[2021-03-01 20:51:11,968] {local_task_job.py:118} INFO - Task exited with return code 0
