[2021-03-01 20:58:11,165] {taskinstance.py:826} INFO - Dependencies all met for <TaskInstance: user_processing.user_extraction 2020-08-07T00:00:00+00:00 [queued]>
[2021-03-01 20:58:11,170] {taskinstance.py:826} INFO - Dependencies all met for <TaskInstance: user_processing.user_extraction 2020-08-07T00:00:00+00:00 [queued]>
[2021-03-01 20:58:11,170] {taskinstance.py:1017} INFO - 
--------------------------------------------------------------------------------
[2021-03-01 20:58:11,170] {taskinstance.py:1018} INFO - Starting attempt 1 of 1
[2021-03-01 20:58:11,170] {taskinstance.py:1019} INFO - 
--------------------------------------------------------------------------------
[2021-03-01 20:58:11,180] {taskinstance.py:1038} INFO - Executing <Task(SimpleHttpOperator): user_extraction> on 2020-08-07T00:00:00+00:00
[2021-03-01 20:58:11,182] {standard_task_runner.py:51} INFO - Started process 262485 to run task
[2021-03-01 20:58:11,185] {standard_task_runner.py:75} INFO - Running: ['airflow', 'tasks', 'run', 'user_processing', 'user_extraction', '2020-08-07T00:00:00+00:00', '--job-id', '1145', '--pool', 'default_pool', '--raw', '--subdir', 'DAGS_FOLDER/user_processing.py', '--cfg-path', '/tmp/tmp9ce169bu']
[2021-03-01 20:58:11,185] {standard_task_runner.py:76} INFO - Job 1145: Subtask user_extraction
[2021-03-01 20:58:11,204] {logging_mixin.py:103} INFO - Running <TaskInstance: user_processing.user_extraction 2020-08-07T00:00:00+00:00 [running]> on host pop-os.localdomain
[2021-03-01 20:58:11,229] {taskinstance.py:1232} INFO - Exporting the following env vars:
AIRFLOW_CTX_DAG_OWNER=airflow
AIRFLOW_CTX_DAG_ID=user_processing
AIRFLOW_CTX_TASK_ID=user_extraction
AIRFLOW_CTX_EXECUTION_DATE=2020-08-07T00:00:00+00:00
AIRFLOW_CTX_DAG_RUN_ID=scheduled__2020-08-07T00:00:00+00:00
[2021-03-01 20:58:11,229] {http.py:106} INFO - Calling HTTP method
[2021-03-01 20:58:11,232] {base.py:74} INFO - Using connection to: id: user_api. Host: https://randomuser.me/, Port: None, Schema: , Login: , Password: None, extra: None
[2021-03-01 20:58:11,234] {http.py:140} INFO - Sending 'GET' to url: https://randomuser.me/api/
[2021-03-01 20:58:11,339] {http.py:110} INFO - {"results":[{"gender":"male","name":{"title":"Mr","first":"Nolan","last":"Wright"},"location":{"street":{"number":8555,"name":"Mill Road"},"city":"Clane","state":"Monaghan","country":"Ireland","postcode":87390,"coordinates":{"latitude":"23.8376","longitude":"-12.3077"},"timezone":{"offset":"+6:00","description":"Almaty, Dhaka, Colombo"}},"email":"nolan.wright@example.com","login":{"uuid":"bfcd64bd-89db-45aa-805d-6625b43501f9","username":"goldensnake449","password":"49ers","salt":"FJ2QtPPW","md5":"0166c709c8d8fca89f8bd61d90d6e7e2","sha1":"1ee2d30211106fcc17eea1aa10588f184bfcee57","sha256":"c52f1dc33c850cc74b82f232303724fe4e7f112ddfd83055fe027d7b2b146a4b"},"dob":{"date":"1965-02-12T21:21:51.108Z","age":56},"registered":{"date":"2004-10-16T00:14:34.647Z","age":17},"phone":"051-323-0195","cell":"081-239-2627","id":{"name":"PPS","value":"6368817T"},"picture":{"large":"https://randomuser.me/api/portraits/men/35.jpg","medium":"https://randomuser.me/api/portraits/med/men/35.jpg","thumbnail":"https://randomuser.me/api/portraits/thumb/men/35.jpg"},"nat":"IE"}],"info":{"seed":"0beb2f4f16984afc","results":1,"page":1,"version":"1.3"}}
[2021-03-01 20:58:11,373] {taskinstance.py:1142} INFO - Marking task as SUCCESS. dag_id=user_processing, task_id=user_extraction, execution_date=20200807T000000, start_date=20210302T015811, end_date=20210302T015811
[2021-03-01 20:58:11,406] {taskinstance.py:1195} INFO - 1 downstream tasks scheduled from follow-on schedule check
[2021-03-01 20:58:11,436] {local_task_job.py:118} INFO - Task exited with return code 0
