[2021-03-01 20:59:40,902] {taskinstance.py:826} INFO - Dependencies all met for <TaskInstance: user_processing.user_extraction 2020-08-22T00:00:00+00:00 [queued]>
[2021-03-01 20:59:40,908] {taskinstance.py:826} INFO - Dependencies all met for <TaskInstance: user_processing.user_extraction 2020-08-22T00:00:00+00:00 [queued]>
[2021-03-01 20:59:40,908] {taskinstance.py:1017} INFO - 
--------------------------------------------------------------------------------
[2021-03-01 20:59:40,908] {taskinstance.py:1018} INFO - Starting attempt 1 of 1
[2021-03-01 20:59:40,908] {taskinstance.py:1019} INFO - 
--------------------------------------------------------------------------------
[2021-03-01 20:59:40,918] {taskinstance.py:1038} INFO - Executing <Task(SimpleHttpOperator): user_extraction> on 2020-08-22T00:00:00+00:00
[2021-03-01 20:59:40,920] {standard_task_runner.py:51} INFO - Started process 264249 to run task
[2021-03-01 20:59:40,922] {standard_task_runner.py:75} INFO - Running: ['airflow', 'tasks', 'run', 'user_processing', 'user_extraction', '2020-08-22T00:00:00+00:00', '--job-id', '1220', '--pool', 'default_pool', '--raw', '--subdir', 'DAGS_FOLDER/user_processing.py', '--cfg-path', '/tmp/tmpr85szwnj']
[2021-03-01 20:59:40,923] {standard_task_runner.py:76} INFO - Job 1220: Subtask user_extraction
[2021-03-01 20:59:40,943] {logging_mixin.py:103} INFO - Running <TaskInstance: user_processing.user_extraction 2020-08-22T00:00:00+00:00 [running]> on host pop-os.localdomain
[2021-03-01 20:59:40,972] {taskinstance.py:1232} INFO - Exporting the following env vars:
AIRFLOW_CTX_DAG_OWNER=airflow
AIRFLOW_CTX_DAG_ID=user_processing
AIRFLOW_CTX_TASK_ID=user_extraction
AIRFLOW_CTX_EXECUTION_DATE=2020-08-22T00:00:00+00:00
AIRFLOW_CTX_DAG_RUN_ID=scheduled__2020-08-22T00:00:00+00:00
[2021-03-01 20:59:40,973] {http.py:106} INFO - Calling HTTP method
[2021-03-01 20:59:40,980] {base.py:74} INFO - Using connection to: id: user_api. Host: https://randomuser.me/, Port: None, Schema: , Login: , Password: None, extra: None
[2021-03-01 20:59:40,983] {http.py:140} INFO - Sending 'GET' to url: https://randomuser.me/api/
[2021-03-01 20:59:41,081] {http.py:110} INFO - {"results":[{"gender":"male","name":{"title":"Mr","first":"Ross","last":"Hayes"},"location":{"street":{"number":1783,"name":"The Grove"},"city":"Carrick-on-Shannon","state":"Wexford","country":"Ireland","postcode":34219,"coordinates":{"latitude":"16.9639","longitude":"-7.6513"},"timezone":{"offset":"+5:45","description":"Kathmandu"}},"email":"ross.hayes@example.com","login":{"uuid":"d6c2e2f4-d2ad-42a3-bfd3-70b888104f1d","username":"smallelephant526","password":"wolfen","salt":"YkPYjMoB","md5":"2aa67de050a54ad4970a3b7583b89d1d","sha1":"f9be7d390d2ad3188be8829e512d33e0c51d30df","sha256":"0b351d1f7ead9ead391f956a269bd790ee83cb320971148510073e1031326347"},"dob":{"date":"1947-09-27T00:26:56.386Z","age":74},"registered":{"date":"2015-05-04T17:25:02.365Z","age":6},"phone":"041-510-3908","cell":"081-685-3992","id":{"name":"PPS","value":"0222147T"},"picture":{"large":"https://randomuser.me/api/portraits/men/52.jpg","medium":"https://randomuser.me/api/portraits/med/men/52.jpg","thumbnail":"https://randomuser.me/api/portraits/thumb/men/52.jpg"},"nat":"IE"}],"info":{"seed":"c611c2761ba3890a","results":1,"page":1,"version":"1.3"}}
[2021-03-01 20:59:41,102] {taskinstance.py:1142} INFO - Marking task as SUCCESS. dag_id=user_processing, task_id=user_extraction, execution_date=20200822T000000, start_date=20210302T015940, end_date=20210302T015941
[2021-03-01 20:59:41,134] {taskinstance.py:1195} INFO - 1 downstream tasks scheduled from follow-on schedule check
[2021-03-01 20:59:41,174] {local_task_job.py:118} INFO - Task exited with return code 0
