[2021-03-01 21:01:22,077] {taskinstance.py:826} INFO - Dependencies all met for <TaskInstance: user_processing.user_extraction 2020-09-08T00:00:00+00:00 [queued]>
[2021-03-01 21:01:22,082] {taskinstance.py:826} INFO - Dependencies all met for <TaskInstance: user_processing.user_extraction 2020-09-08T00:00:00+00:00 [queued]>
[2021-03-01 21:01:22,082] {taskinstance.py:1017} INFO - 
--------------------------------------------------------------------------------
[2021-03-01 21:01:22,082] {taskinstance.py:1018} INFO - Starting attempt 1 of 1
[2021-03-01 21:01:22,082] {taskinstance.py:1019} INFO - 
--------------------------------------------------------------------------------
[2021-03-01 21:01:22,093] {taskinstance.py:1038} INFO - Executing <Task(SimpleHttpOperator): user_extraction> on 2020-09-08T00:00:00+00:00
[2021-03-01 21:01:22,095] {standard_task_runner.py:51} INFO - Started process 266359 to run task
[2021-03-01 21:01:22,097] {standard_task_runner.py:75} INFO - Running: ['airflow', 'tasks', 'run', 'user_processing', 'user_extraction', '2020-09-08T00:00:00+00:00', '--job-id', '1305', '--pool', 'default_pool', '--raw', '--subdir', 'DAGS_FOLDER/user_processing.py', '--cfg-path', '/tmp/tmp44mpbxbm']
[2021-03-01 21:01:22,097] {standard_task_runner.py:76} INFO - Job 1305: Subtask user_extraction
[2021-03-01 21:01:22,118] {logging_mixin.py:103} INFO - Running <TaskInstance: user_processing.user_extraction 2020-09-08T00:00:00+00:00 [running]> on host pop-os.localdomain
[2021-03-01 21:01:22,151] {taskinstance.py:1232} INFO - Exporting the following env vars:
AIRFLOW_CTX_DAG_OWNER=airflow
AIRFLOW_CTX_DAG_ID=user_processing
AIRFLOW_CTX_TASK_ID=user_extraction
AIRFLOW_CTX_EXECUTION_DATE=2020-09-08T00:00:00+00:00
AIRFLOW_CTX_DAG_RUN_ID=scheduled__2020-09-08T00:00:00+00:00
[2021-03-01 21:01:22,151] {http.py:106} INFO - Calling HTTP method
[2021-03-01 21:01:22,154] {base.py:74} INFO - Using connection to: id: user_api. Host: https://randomuser.me/, Port: None, Schema: , Login: , Password: None, extra: None
[2021-03-01 21:01:22,155] {http.py:140} INFO - Sending 'GET' to url: https://randomuser.me/api/
[2021-03-01 21:01:22,244] {http.py:110} INFO - {"results":[{"gender":"male","name":{"title":"Mr","first":"Renatus","last":"Bosman"},"location":{"street":{"number":8523,"name":"Knolweg"},"city":"Halle","state":"Noord-Brabant","country":"Netherlands","postcode":43930,"coordinates":{"latitude":"46.8129","longitude":"-114.3312"},"timezone":{"offset":"+9:30","description":"Adelaide, Darwin"}},"email":"renatus.bosman@example.com","login":{"uuid":"b1ede486-0342-426f-ab23-a12821c72784","username":"blackduck675","password":"rangers","salt":"corkhA95","md5":"0a8a16ed3ed7ca3eba4af1a847b21616","sha1":"7a3f7d369b504c98982fbaf6f5386d6d2f96ce1e","sha256":"c19a6cb9cffd1e492e1e5c1dadc64f7aecd01c4c9c2210f7fb97187b5c59cfa9"},"dob":{"date":"1951-03-28T22:02:10.616Z","age":70},"registered":{"date":"2005-02-01T02:26:26.683Z","age":16},"phone":"(107)-414-5276","cell":"(006)-598-6866","id":{"name":"BSN","value":"33538706"},"picture":{"large":"https://randomuser.me/api/portraits/men/53.jpg","medium":"https://randomuser.me/api/portraits/med/men/53.jpg","thumbnail":"https://randomuser.me/api/portraits/thumb/men/53.jpg"},"nat":"NL"}],"info":{"seed":"2f578241c4fd44f7","results":1,"page":1,"version":"1.3"}}
[2021-03-01 21:01:22,256] {taskinstance.py:1142} INFO - Marking task as SUCCESS. dag_id=user_processing, task_id=user_extraction, execution_date=20200908T000000, start_date=20210302T020122, end_date=20210302T020122
[2021-03-01 21:01:22,274] {taskinstance.py:1195} INFO - 1 downstream tasks scheduled from follow-on schedule check
[2021-03-01 21:01:22,309] {local_task_job.py:118} INFO - Task exited with return code 0
