[2021-03-01 20:56:24,041] {taskinstance.py:826} INFO - Dependencies all met for <TaskInstance: user_processing.user_extraction 2020-07-20T00:00:00+00:00 [queued]>
[2021-03-01 20:56:24,048] {taskinstance.py:826} INFO - Dependencies all met for <TaskInstance: user_processing.user_extraction 2020-07-20T00:00:00+00:00 [queued]>
[2021-03-01 20:56:24,048] {taskinstance.py:1017} INFO - 
--------------------------------------------------------------------------------
[2021-03-01 20:56:24,048] {taskinstance.py:1018} INFO - Starting attempt 1 of 1
[2021-03-01 20:56:24,048] {taskinstance.py:1019} INFO - 
--------------------------------------------------------------------------------
[2021-03-01 20:56:24,056] {taskinstance.py:1038} INFO - Executing <Task(SimpleHttpOperator): user_extraction> on 2020-07-20T00:00:00+00:00
[2021-03-01 20:56:24,058] {standard_task_runner.py:51} INFO - Started process 260291 to run task
[2021-03-01 20:56:24,060] {standard_task_runner.py:75} INFO - Running: ['airflow', 'tasks', 'run', 'user_processing', 'user_extraction', '2020-07-20T00:00:00+00:00', '--job-id', '1055', '--pool', 'default_pool', '--raw', '--subdir', 'DAGS_FOLDER/user_processing.py', '--cfg-path', '/tmp/tmpnncx3gco']
[2021-03-01 20:56:24,060] {standard_task_runner.py:76} INFO - Job 1055: Subtask user_extraction
[2021-03-01 20:56:24,080] {logging_mixin.py:103} INFO - Running <TaskInstance: user_processing.user_extraction 2020-07-20T00:00:00+00:00 [running]> on host pop-os.localdomain
[2021-03-01 20:56:24,102] {taskinstance.py:1232} INFO - Exporting the following env vars:
AIRFLOW_CTX_DAG_OWNER=airflow
AIRFLOW_CTX_DAG_ID=user_processing
AIRFLOW_CTX_TASK_ID=user_extraction
AIRFLOW_CTX_EXECUTION_DATE=2020-07-20T00:00:00+00:00
AIRFLOW_CTX_DAG_RUN_ID=scheduled__2020-07-20T00:00:00+00:00
[2021-03-01 20:56:24,102] {http.py:106} INFO - Calling HTTP method
[2021-03-01 20:56:24,105] {base.py:74} INFO - Using connection to: id: user_api. Host: https://randomuser.me/, Port: None, Schema: , Login: , Password: None, extra: None
[2021-03-01 20:56:24,106] {http.py:140} INFO - Sending 'GET' to url: https://randomuser.me/api/
[2021-03-01 20:56:24,199] {http.py:110} INFO - {"results":[{"gender":"female","name":{"title":"Miss","first":"Kristiane","last":"Lægreid"},"location":{"street":{"number":4223,"name":"Teisenveien"},"city":"Skoppum","state":"Buskerud","country":"Norway","postcode":"8009","coordinates":{"latitude":"50.4783","longitude":"81.8480"},"timezone":{"offset":"-8:00","description":"Pacific Time (US & Canada)"}},"email":"kristiane.laegreid@example.com","login":{"uuid":"88226db2-4a35-404e-a0bd-9903d0073cbc","username":"smalllion614","password":"poohbear","salt":"Qmucq5Pa","md5":"a5db7b9a00e2b199352f34aa0d1d9db4","sha1":"3668d7462c2d396fd582ef163a0584677f106e29","sha256":"40d8717718d046216356f118d6a544cf0de4877a19cb09a8382e63d77435e6ca"},"dob":{"date":"1947-06-05T10:42:02.436Z","age":74},"registered":{"date":"2005-10-16T01:19:18.392Z","age":16},"phone":"20427687","cell":"43888212","id":{"name":"FN","value":"05064712634"},"picture":{"large":"https://randomuser.me/api/portraits/women/81.jpg","medium":"https://randomuser.me/api/portraits/med/women/81.jpg","thumbnail":"https://randomuser.me/api/portraits/thumb/women/81.jpg"},"nat":"NO"}],"info":{"seed":"6b797fe15718c198","results":1,"page":1,"version":"1.3"}}
[2021-03-01 20:56:24,232] {taskinstance.py:1142} INFO - Marking task as SUCCESS. dag_id=user_processing, task_id=user_extraction, execution_date=20200720T000000, start_date=20210302T015624, end_date=20210302T015624
[2021-03-01 20:56:24,259] {taskinstance.py:1195} INFO - 1 downstream tasks scheduled from follow-on schedule check
[2021-03-01 20:56:24,272] {local_task_job.py:118} INFO - Task exited with return code 0
