[2021-03-01 20:45:23,108] {taskinstance.py:826} INFO - Dependencies all met for <TaskInstance: user_processing.user_extraction 2020-04-05T00:00:00+00:00 [queued]>
[2021-03-01 20:45:23,115] {taskinstance.py:826} INFO - Dependencies all met for <TaskInstance: user_processing.user_extraction 2020-04-05T00:00:00+00:00 [queued]>
[2021-03-01 20:45:23,115] {taskinstance.py:1017} INFO - 
--------------------------------------------------------------------------------
[2021-03-01 20:45:23,115] {taskinstance.py:1018} INFO - Starting attempt 1 of 1
[2021-03-01 20:45:23,115] {taskinstance.py:1019} INFO - 
--------------------------------------------------------------------------------
[2021-03-01 20:45:23,123] {taskinstance.py:1038} INFO - Executing <Task(SimpleHttpOperator): user_extraction> on 2020-04-05T00:00:00+00:00
[2021-03-01 20:45:23,125] {standard_task_runner.py:51} INFO - Started process 246910 to run task
[2021-03-01 20:45:23,128] {standard_task_runner.py:75} INFO - Running: ['airflow', 'tasks', 'run', 'user_processing', 'user_extraction', '2020-04-05T00:00:00+00:00', '--job-id', '525', '--pool', 'default_pool', '--raw', '--subdir', 'DAGS_FOLDER/user_processing.py', '--cfg-path', '/tmp/tmp55kkmwtf']
[2021-03-01 20:45:23,128] {standard_task_runner.py:76} INFO - Job 525: Subtask user_extraction
[2021-03-01 20:45:23,151] {logging_mixin.py:103} INFO - Running <TaskInstance: user_processing.user_extraction 2020-04-05T00:00:00+00:00 [running]> on host pop-os.localdomain
[2021-03-01 20:45:23,182] {taskinstance.py:1232} INFO - Exporting the following env vars:
AIRFLOW_CTX_DAG_OWNER=airflow
AIRFLOW_CTX_DAG_ID=user_processing
AIRFLOW_CTX_TASK_ID=user_extraction
AIRFLOW_CTX_EXECUTION_DATE=2020-04-05T00:00:00+00:00
AIRFLOW_CTX_DAG_RUN_ID=scheduled__2020-04-05T00:00:00+00:00
[2021-03-01 20:45:23,183] {http.py:106} INFO - Calling HTTP method
[2021-03-01 20:45:23,186] {base.py:74} INFO - Using connection to: id: user_api. Host: https://randomuser.me/, Port: None, Schema: , Login: , Password: None, extra: None
[2021-03-01 20:45:23,189] {http.py:140} INFO - Sending 'GET' to url: https://randomuser.me/api/
[2021-03-01 20:45:23,270] {http.py:110} INFO - {"results":[{"gender":"male","name":{"title":"Mr","first":"Lenni","last":"Pollari"},"location":{"street":{"number":7433,"name":"Pirkankatu"},"city":"Kemi","state":"Central Ostrobothnia","country":"Finland","postcode":61608,"coordinates":{"latitude":"-6.5777","longitude":"-18.4598"},"timezone":{"offset":"-12:00","description":"Eniwetok, Kwajalein"}},"email":"lenni.pollari@example.com","login":{"uuid":"8b0b8419-ebee-4e2a-9fc4-6db2d3d704b6","username":"silverfish444","password":"worker","salt":"4T755kNZ","md5":"bca051a643d29fc577b1516fc848ae05","sha1":"c1c589e87af09f075505c6d64ccefcd20661e5f4","sha256":"3f605a9710ab09c032c38a0dec52c66b3ce71d916185d4d3bc0ea7955ab1c202"},"dob":{"date":"1990-09-04T03:05:25.257Z","age":31},"registered":{"date":"2014-07-25T17:48:48.935Z","age":7},"phone":"08-284-027","cell":"044-388-05-88","id":{"name":"HETU","value":"NaNNA017undefined"},"picture":{"large":"https://randomuser.me/api/portraits/men/16.jpg","medium":"https://randomuser.me/api/portraits/med/men/16.jpg","thumbnail":"https://randomuser.me/api/portraits/thumb/men/16.jpg"},"nat":"FI"}],"info":{"seed":"ab1826544ff3c0e0","results":1,"page":1,"version":"1.3"}}
[2021-03-01 20:45:23,286] {taskinstance.py:1142} INFO - Marking task as SUCCESS. dag_id=user_processing, task_id=user_extraction, execution_date=20200405T000000, start_date=20210302T014523, end_date=20210302T014523
[2021-03-01 20:45:23,310] {taskinstance.py:1195} INFO - 1 downstream tasks scheduled from follow-on schedule check
[2021-03-01 20:45:23,339] {local_task_job.py:118} INFO - Task exited with return code 0
