[2021-03-01 20:37:37,646] {taskinstance.py:826} INFO - Dependencies all met for <TaskInstance: user_processing.user_extraction 2020-01-21T00:00:00+00:00 [queued]>
[2021-03-01 20:37:37,652] {taskinstance.py:826} INFO - Dependencies all met for <TaskInstance: user_processing.user_extraction 2020-01-21T00:00:00+00:00 [queued]>
[2021-03-01 20:37:37,652] {taskinstance.py:1017} INFO - 
--------------------------------------------------------------------------------
[2021-03-01 20:37:37,652] {taskinstance.py:1018} INFO - Starting attempt 1 of 1
[2021-03-01 20:37:37,652] {taskinstance.py:1019} INFO - 
--------------------------------------------------------------------------------
[2021-03-01 20:37:37,661] {taskinstance.py:1038} INFO - Executing <Task(SimpleHttpOperator): user_extraction> on 2020-01-21T00:00:00+00:00
[2021-03-01 20:37:37,663] {standard_task_runner.py:51} INFO - Started process 237732 to run task
[2021-03-01 20:37:37,667] {standard_task_runner.py:75} INFO - Running: ['airflow', 'tasks', 'run', 'user_processing', 'user_extraction', '2020-01-21T00:00:00+00:00', '--job-id', '150', '--pool', 'default_pool', '--raw', '--subdir', 'DAGS_FOLDER/user_processing.py', '--cfg-path', '/tmp/tmpdvz0mq7q']
[2021-03-01 20:37:37,668] {standard_task_runner.py:76} INFO - Job 150: Subtask user_extraction
[2021-03-01 20:37:37,690] {logging_mixin.py:103} INFO - Running <TaskInstance: user_processing.user_extraction 2020-01-21T00:00:00+00:00 [running]> on host pop-os.localdomain
[2021-03-01 20:37:37,707] {taskinstance.py:1232} INFO - Exporting the following env vars:
AIRFLOW_CTX_DAG_OWNER=airflow
AIRFLOW_CTX_DAG_ID=user_processing
AIRFLOW_CTX_TASK_ID=user_extraction
AIRFLOW_CTX_EXECUTION_DATE=2020-01-21T00:00:00+00:00
AIRFLOW_CTX_DAG_RUN_ID=scheduled__2020-01-21T00:00:00+00:00
[2021-03-01 20:37:37,708] {http.py:106} INFO - Calling HTTP method
[2021-03-01 20:37:37,710] {base.py:74} INFO - Using connection to: id: user_api. Host: https://randomuser.me/, Port: None, Schema: , Login: , Password: None, extra: None
[2021-03-01 20:37:37,711] {http.py:140} INFO - Sending 'GET' to url: https://randomuser.me/api/
[2021-03-01 20:37:37,794] {http.py:110} INFO - {"results":[{"gender":"female","name":{"title":"Mrs","first":"Antonia","last":"Sanz"},"location":{"street":{"number":7482,"name":"Calle de Téllez"},"city":"Almería","state":"Melilla","country":"Spain","postcode":41299,"coordinates":{"latitude":"-22.3223","longitude":"106.9598"},"timezone":{"offset":"-10:00","description":"Hawaii"}},"email":"antonia.sanz@example.com","login":{"uuid":"1e81bb1d-5e76-437c-abdd-a4b48cf5c4a1","username":"ticklishostrich378","password":"skyler","salt":"5EzoCVkS","md5":"1b7d9ee3b4e42b7f3729051b16808488","sha1":"560895f58aeffc3d664c66ac20caad32e6b73aa0","sha256":"32acd47dc73dfa10c8cc2a286396bf9b97b3d69da6be7fe784c63161a6948a40"},"dob":{"date":"1984-10-02T03:32:54.759Z","age":37},"registered":{"date":"2007-01-04T21:43:34.722Z","age":14},"phone":"989-372-602","cell":"615-833-582","id":{"name":"DNI","value":"41341750-T"},"picture":{"large":"https://randomuser.me/api/portraits/women/52.jpg","medium":"https://randomuser.me/api/portraits/med/women/52.jpg","thumbnail":"https://randomuser.me/api/portraits/thumb/women/52.jpg"},"nat":"ES"}],"info":{"seed":"7b29891ddcfffc36","results":1,"page":1,"version":"1.3"}}
[2021-03-01 20:37:37,812] {taskinstance.py:1142} INFO - Marking task as SUCCESS. dag_id=user_processing, task_id=user_extraction, execution_date=20200121T000000, start_date=20210302T013737, end_date=20210302T013737
[2021-03-01 20:37:37,837] {taskinstance.py:1195} INFO - 1 downstream tasks scheduled from follow-on schedule check
[2021-03-01 20:37:37,877] {local_task_job.py:118} INFO - Task exited with return code 0
