[2021-02-25 17:15:17,469] {scheduler_job.py:181} INFO - Started process (PID=184339) to work on /home/i-sip_iot/anaconda3/envs/sandbox/lib/python3.7/site-packages/airflow/example_dags/example_bash_operator.py
[2021-02-25 17:15:17,471] {scheduler_job.py:629} INFO - Processing file /home/i-sip_iot/anaconda3/envs/sandbox/lib/python3.7/site-packages/airflow/example_dags/example_bash_operator.py for tasks to queue
[2021-02-25 17:15:17,472] {logging_mixin.py:103} INFO - [2021-02-25 17:15:17,472] {dagbag.py:440} INFO - Filling up the DagBag from /home/i-sip_iot/anaconda3/envs/sandbox/lib/python3.7/site-packages/airflow/example_dags/example_bash_operator.py
[2021-02-25 17:15:17,493] {scheduler_job.py:639} INFO - DAG(s) dict_keys(['example_bash_operator']) retrieved from /home/i-sip_iot/anaconda3/envs/sandbox/lib/python3.7/site-packages/airflow/example_dags/example_bash_operator.py
[2021-02-25 17:15:17,494] {logging_mixin.py:103} INFO - [2021-02-25 17:15:17,494] {dag.py:1813} INFO - Sync 1 DAGs
[2021-02-25 17:15:17,512] {logging_mixin.py:103} INFO - [2021-02-25 17:15:17,512] {dag.py:2266} INFO - Setting next_dagrun for example_bash_operator to 2021-02-23 00:00:00+00:00
[2021-02-25 17:15:17,546] {scheduler_job.py:189} INFO - Processing /home/i-sip_iot/anaconda3/envs/sandbox/lib/python3.7/site-packages/airflow/example_dags/example_bash_operator.py took 0.084 seconds
[2021-02-25 17:15:43,812] {scheduler_job.py:181} INFO - Started process (PID=184568) to work on /home/i-sip_iot/anaconda3/envs/sandbox/lib/python3.7/site-packages/airflow/example_dags/example_bash_operator.py
[2021-02-25 17:15:43,813] {scheduler_job.py:629} INFO - Processing file /home/i-sip_iot/anaconda3/envs/sandbox/lib/python3.7/site-packages/airflow/example_dags/example_bash_operator.py for tasks to queue
[2021-02-25 17:15:43,814] {logging_mixin.py:103} INFO - [2021-02-25 17:15:43,813] {dagbag.py:440} INFO - Filling up the DagBag from /home/i-sip_iot/anaconda3/envs/sandbox/lib/python3.7/site-packages/airflow/example_dags/example_bash_operator.py
[2021-02-25 17:15:43,826] {scheduler_job.py:639} INFO - DAG(s) dict_keys(['example_bash_operator']) retrieved from /home/i-sip_iot/anaconda3/envs/sandbox/lib/python3.7/site-packages/airflow/example_dags/example_bash_operator.py
[2021-02-25 17:15:43,827] {logging_mixin.py:103} INFO - [2021-02-25 17:15:43,827] {dag.py:1813} INFO - Sync 1 DAGs
[2021-02-25 17:15:43,851] {logging_mixin.py:103} INFO - [2021-02-25 17:15:43,850] {dag.py:2266} INFO - Setting next_dagrun for example_bash_operator to 2021-02-23 00:00:00+00:00
[2021-02-25 17:15:43,856] {scheduler_job.py:189} INFO - Processing /home/i-sip_iot/anaconda3/envs/sandbox/lib/python3.7/site-packages/airflow/example_dags/example_bash_operator.py took 0.048 seconds
[2021-02-25 17:16:10,783] {scheduler_job.py:181} INFO - Started process (PID=184651) to work on /home/i-sip_iot/anaconda3/envs/sandbox/lib/python3.7/site-packages/airflow/example_dags/example_bash_operator.py
[2021-02-25 17:16:10,785] {scheduler_job.py:629} INFO - Processing file /home/i-sip_iot/anaconda3/envs/sandbox/lib/python3.7/site-packages/airflow/example_dags/example_bash_operator.py for tasks to queue
[2021-02-25 17:16:10,785] {logging_mixin.py:103} INFO - [2021-02-25 17:16:10,785] {dagbag.py:440} INFO - Filling up the DagBag from /home/i-sip_iot/anaconda3/envs/sandbox/lib/python3.7/site-packages/airflow/example_dags/example_bash_operator.py
[2021-02-25 17:16:10,800] {scheduler_job.py:639} INFO - DAG(s) dict_keys(['example_bash_operator']) retrieved from /home/i-sip_iot/anaconda3/envs/sandbox/lib/python3.7/site-packages/airflow/example_dags/example_bash_operator.py
[2021-02-25 17:16:10,801] {logging_mixin.py:103} INFO - [2021-02-25 17:16:10,801] {dag.py:1813} INFO - Sync 1 DAGs
[2021-02-25 17:16:10,822] {logging_mixin.py:103} INFO - [2021-02-25 17:16:10,822] {dag.py:2266} INFO - Setting next_dagrun for example_bash_operator to 2021-02-23 00:00:00+00:00
[2021-02-25 17:16:10,834] {scheduler_job.py:189} INFO - Processing /home/i-sip_iot/anaconda3/envs/sandbox/lib/python3.7/site-packages/airflow/example_dags/example_bash_operator.py took 0.055 seconds
[2021-02-25 17:16:38,570] {scheduler_job.py:181} INFO - Started process (PID=184881) to work on /home/i-sip_iot/anaconda3/envs/sandbox/lib/python3.7/site-packages/airflow/example_dags/example_bash_operator.py
[2021-02-25 17:16:38,572] {scheduler_job.py:629} INFO - Processing file /home/i-sip_iot/anaconda3/envs/sandbox/lib/python3.7/site-packages/airflow/example_dags/example_bash_operator.py for tasks to queue
[2021-02-25 17:16:38,573] {logging_mixin.py:103} INFO - [2021-02-25 17:16:38,573] {dagbag.py:440} INFO - Filling up the DagBag from /home/i-sip_iot/anaconda3/envs/sandbox/lib/python3.7/site-packages/airflow/example_dags/example_bash_operator.py
[2021-02-25 17:16:38,588] {scheduler_job.py:639} INFO - DAG(s) dict_keys(['example_bash_operator']) retrieved from /home/i-sip_iot/anaconda3/envs/sandbox/lib/python3.7/site-packages/airflow/example_dags/example_bash_operator.py
[2021-02-25 17:16:38,589] {logging_mixin.py:103} INFO - [2021-02-25 17:16:38,589] {dag.py:1813} INFO - Sync 1 DAGs
[2021-02-25 17:16:38,606] {logging_mixin.py:103} INFO - [2021-02-25 17:16:38,606] {dag.py:2266} INFO - Setting next_dagrun for example_bash_operator to 2021-02-23 00:00:00+00:00
[2021-02-25 17:16:38,614] {scheduler_job.py:189} INFO - Processing /home/i-sip_iot/anaconda3/envs/sandbox/lib/python3.7/site-packages/airflow/example_dags/example_bash_operator.py took 0.051 seconds
[2021-02-25 17:17:06,271] {scheduler_job.py:181} INFO - Started process (PID=184961) to work on /home/i-sip_iot/anaconda3/envs/sandbox/lib/python3.7/site-packages/airflow/example_dags/example_bash_operator.py
[2021-02-25 17:17:06,271] {scheduler_job.py:629} INFO - Processing file /home/i-sip_iot/anaconda3/envs/sandbox/lib/python3.7/site-packages/airflow/example_dags/example_bash_operator.py for tasks to queue
[2021-02-25 17:17:06,272] {logging_mixin.py:103} INFO - [2021-02-25 17:17:06,272] {dagbag.py:440} INFO - Filling up the DagBag from /home/i-sip_iot/anaconda3/envs/sandbox/lib/python3.7/site-packages/airflow/example_dags/example_bash_operator.py
[2021-02-25 17:17:06,277] {scheduler_job.py:639} INFO - DAG(s) dict_keys(['example_bash_operator']) retrieved from /home/i-sip_iot/anaconda3/envs/sandbox/lib/python3.7/site-packages/airflow/example_dags/example_bash_operator.py
[2021-02-25 17:17:06,278] {logging_mixin.py:103} INFO - [2021-02-25 17:17:06,278] {dag.py:1813} INFO - Sync 1 DAGs
[2021-02-25 17:17:06,290] {logging_mixin.py:103} INFO - [2021-02-25 17:17:06,290] {dag.py:2266} INFO - Setting next_dagrun for example_bash_operator to 2021-02-23 00:00:00+00:00
[2021-02-25 17:17:06,299] {scheduler_job.py:189} INFO - Processing /home/i-sip_iot/anaconda3/envs/sandbox/lib/python3.7/site-packages/airflow/example_dags/example_bash_operator.py took 0.030 seconds
[2021-02-25 17:17:33,200] {scheduler_job.py:181} INFO - Started process (PID=185050) to work on /home/i-sip_iot/anaconda3/envs/sandbox/lib/python3.7/site-packages/airflow/example_dags/example_bash_operator.py
[2021-02-25 17:17:33,201] {scheduler_job.py:629} INFO - Processing file /home/i-sip_iot/anaconda3/envs/sandbox/lib/python3.7/site-packages/airflow/example_dags/example_bash_operator.py for tasks to queue
[2021-02-25 17:17:33,202] {logging_mixin.py:103} INFO - [2021-02-25 17:17:33,202] {dagbag.py:440} INFO - Filling up the DagBag from /home/i-sip_iot/anaconda3/envs/sandbox/lib/python3.7/site-packages/airflow/example_dags/example_bash_operator.py
[2021-02-25 17:17:33,216] {scheduler_job.py:639} INFO - DAG(s) dict_keys(['example_bash_operator']) retrieved from /home/i-sip_iot/anaconda3/envs/sandbox/lib/python3.7/site-packages/airflow/example_dags/example_bash_operator.py
[2021-02-25 17:17:33,217] {logging_mixin.py:103} INFO - [2021-02-25 17:17:33,217] {dag.py:1813} INFO - Sync 1 DAGs
[2021-02-25 17:17:33,235] {logging_mixin.py:103} INFO - [2021-02-25 17:17:33,235] {dag.py:2266} INFO - Setting next_dagrun for example_bash_operator to 2021-02-23 00:00:00+00:00
[2021-02-25 17:17:33,243] {scheduler_job.py:189} INFO - Processing /home/i-sip_iot/anaconda3/envs/sandbox/lib/python3.7/site-packages/airflow/example_dags/example_bash_operator.py took 0.048 seconds
[2021-02-25 17:18:00,049] {scheduler_job.py:181} INFO - Started process (PID=185276) to work on /home/i-sip_iot/anaconda3/envs/sandbox/lib/python3.7/site-packages/airflow/example_dags/example_bash_operator.py
[2021-02-25 17:18:00,050] {scheduler_job.py:629} INFO - Processing file /home/i-sip_iot/anaconda3/envs/sandbox/lib/python3.7/site-packages/airflow/example_dags/example_bash_operator.py for tasks to queue
[2021-02-25 17:18:00,051] {logging_mixin.py:103} INFO - [2021-02-25 17:18:00,050] {dagbag.py:440} INFO - Filling up the DagBag from /home/i-sip_iot/anaconda3/envs/sandbox/lib/python3.7/site-packages/airflow/example_dags/example_bash_operator.py
[2021-02-25 17:18:00,062] {scheduler_job.py:639} INFO - DAG(s) dict_keys(['example_bash_operator']) retrieved from /home/i-sip_iot/anaconda3/envs/sandbox/lib/python3.7/site-packages/airflow/example_dags/example_bash_operator.py
[2021-02-25 17:18:00,063] {logging_mixin.py:103} INFO - [2021-02-25 17:18:00,063] {dag.py:1813} INFO - Sync 1 DAGs
[2021-02-25 17:18:00,084] {logging_mixin.py:103} INFO - [2021-02-25 17:18:00,084] {dag.py:2266} INFO - Setting next_dagrun for example_bash_operator to 2021-02-23 00:00:00+00:00
[2021-02-25 17:18:00,092] {scheduler_job.py:189} INFO - Processing /home/i-sip_iot/anaconda3/envs/sandbox/lib/python3.7/site-packages/airflow/example_dags/example_bash_operator.py took 0.046 seconds
[2021-02-25 17:18:27,789] {scheduler_job.py:181} INFO - Started process (PID=185341) to work on /home/i-sip_iot/anaconda3/envs/sandbox/lib/python3.7/site-packages/airflow/example_dags/example_bash_operator.py
[2021-02-25 17:18:27,790] {scheduler_job.py:629} INFO - Processing file /home/i-sip_iot/anaconda3/envs/sandbox/lib/python3.7/site-packages/airflow/example_dags/example_bash_operator.py for tasks to queue
[2021-02-25 17:18:27,791] {logging_mixin.py:103} INFO - [2021-02-25 17:18:27,790] {dagbag.py:440} INFO - Filling up the DagBag from /home/i-sip_iot/anaconda3/envs/sandbox/lib/python3.7/site-packages/airflow/example_dags/example_bash_operator.py
[2021-02-25 17:18:27,806] {scheduler_job.py:639} INFO - DAG(s) dict_keys(['example_bash_operator']) retrieved from /home/i-sip_iot/anaconda3/envs/sandbox/lib/python3.7/site-packages/airflow/example_dags/example_bash_operator.py
[2021-02-25 17:18:27,807] {logging_mixin.py:103} INFO - [2021-02-25 17:18:27,807] {dag.py:1813} INFO - Sync 1 DAGs
[2021-02-25 17:18:27,831] {logging_mixin.py:103} INFO - [2021-02-25 17:18:27,831] {dag.py:2266} INFO - Setting next_dagrun for example_bash_operator to 2021-02-23 00:00:00+00:00
[2021-02-25 17:18:27,841] {scheduler_job.py:189} INFO - Processing /home/i-sip_iot/anaconda3/envs/sandbox/lib/python3.7/site-packages/airflow/example_dags/example_bash_operator.py took 0.055 seconds
[2021-02-25 17:18:54,661] {scheduler_job.py:181} INFO - Started process (PID=185592) to work on /home/i-sip_iot/anaconda3/envs/sandbox/lib/python3.7/site-packages/airflow/example_dags/example_bash_operator.py
[2021-02-25 17:18:54,661] {scheduler_job.py:629} INFO - Processing file /home/i-sip_iot/anaconda3/envs/sandbox/lib/python3.7/site-packages/airflow/example_dags/example_bash_operator.py for tasks to queue
[2021-02-25 17:18:54,662] {logging_mixin.py:103} INFO - [2021-02-25 17:18:54,661] {dagbag.py:440} INFO - Filling up the DagBag from /home/i-sip_iot/anaconda3/envs/sandbox/lib/python3.7/site-packages/airflow/example_dags/example_bash_operator.py
[2021-02-25 17:18:54,668] {scheduler_job.py:639} INFO - DAG(s) dict_keys(['example_bash_operator']) retrieved from /home/i-sip_iot/anaconda3/envs/sandbox/lib/python3.7/site-packages/airflow/example_dags/example_bash_operator.py
[2021-02-25 17:18:54,668] {logging_mixin.py:103} INFO - [2021-02-25 17:18:54,668] {dag.py:1813} INFO - Sync 1 DAGs
[2021-02-25 17:18:54,684] {logging_mixin.py:103} INFO - [2021-02-25 17:18:54,684] {dag.py:2266} INFO - Setting next_dagrun for example_bash_operator to 2021-02-23 00:00:00+00:00
[2021-02-25 17:18:54,694] {scheduler_job.py:189} INFO - Processing /home/i-sip_iot/anaconda3/envs/sandbox/lib/python3.7/site-packages/airflow/example_dags/example_bash_operator.py took 0.035 seconds
[2021-02-25 17:19:22,408] {scheduler_job.py:181} INFO - Started process (PID=185654) to work on /home/i-sip_iot/anaconda3/envs/sandbox/lib/python3.7/site-packages/airflow/example_dags/example_bash_operator.py
[2021-02-25 17:19:22,411] {scheduler_job.py:629} INFO - Processing file /home/i-sip_iot/anaconda3/envs/sandbox/lib/python3.7/site-packages/airflow/example_dags/example_bash_operator.py for tasks to queue
[2021-02-25 17:19:22,412] {logging_mixin.py:103} INFO - [2021-02-25 17:19:22,412] {dagbag.py:440} INFO - Filling up the DagBag from /home/i-sip_iot/anaconda3/envs/sandbox/lib/python3.7/site-packages/airflow/example_dags/example_bash_operator.py
[2021-02-25 17:19:22,423] {scheduler_job.py:639} INFO - DAG(s) dict_keys(['example_bash_operator']) retrieved from /home/i-sip_iot/anaconda3/envs/sandbox/lib/python3.7/site-packages/airflow/example_dags/example_bash_operator.py
[2021-02-25 17:19:22,424] {logging_mixin.py:103} INFO - [2021-02-25 17:19:22,424] {dag.py:1813} INFO - Sync 1 DAGs
[2021-02-25 17:19:22,440] {logging_mixin.py:103} INFO - [2021-02-25 17:19:22,440] {dag.py:2266} INFO - Setting next_dagrun for example_bash_operator to 2021-02-23 00:00:00+00:00
[2021-02-25 17:19:22,448] {scheduler_job.py:189} INFO - Processing /home/i-sip_iot/anaconda3/envs/sandbox/lib/python3.7/site-packages/airflow/example_dags/example_bash_operator.py took 0.046 seconds
[2021-02-25 17:19:49,289] {scheduler_job.py:181} INFO - Started process (PID=185876) to work on /home/i-sip_iot/anaconda3/envs/sandbox/lib/python3.7/site-packages/airflow/example_dags/example_bash_operator.py
[2021-02-25 17:19:49,291] {scheduler_job.py:629} INFO - Processing file /home/i-sip_iot/anaconda3/envs/sandbox/lib/python3.7/site-packages/airflow/example_dags/example_bash_operator.py for tasks to queue
[2021-02-25 17:19:49,293] {logging_mixin.py:103} INFO - [2021-02-25 17:19:49,292] {dagbag.py:440} INFO - Filling up the DagBag from /home/i-sip_iot/anaconda3/envs/sandbox/lib/python3.7/site-packages/airflow/example_dags/example_bash_operator.py
[2021-02-25 17:19:49,311] {scheduler_job.py:639} INFO - DAG(s) dict_keys(['example_bash_operator']) retrieved from /home/i-sip_iot/anaconda3/envs/sandbox/lib/python3.7/site-packages/airflow/example_dags/example_bash_operator.py
[2021-02-25 17:19:49,312] {logging_mixin.py:103} INFO - [2021-02-25 17:19:49,312] {dag.py:1813} INFO - Sync 1 DAGs
[2021-02-25 17:19:49,329] {logging_mixin.py:103} INFO - [2021-02-25 17:19:49,329] {dag.py:2266} INFO - Setting next_dagrun for example_bash_operator to 2021-02-23 00:00:00+00:00
[2021-02-25 17:19:49,337] {scheduler_job.py:189} INFO - Processing /home/i-sip_iot/anaconda3/envs/sandbox/lib/python3.7/site-packages/airflow/example_dags/example_bash_operator.py took 0.054 seconds
[2021-02-25 17:20:16,183] {scheduler_job.py:181} INFO - Started process (PID=185954) to work on /home/i-sip_iot/anaconda3/envs/sandbox/lib/python3.7/site-packages/airflow/example_dags/example_bash_operator.py
[2021-02-25 17:20:16,185] {scheduler_job.py:629} INFO - Processing file /home/i-sip_iot/anaconda3/envs/sandbox/lib/python3.7/site-packages/airflow/example_dags/example_bash_operator.py for tasks to queue
[2021-02-25 17:20:16,186] {logging_mixin.py:103} INFO - [2021-02-25 17:20:16,186] {dagbag.py:440} INFO - Filling up the DagBag from /home/i-sip_iot/anaconda3/envs/sandbox/lib/python3.7/site-packages/airflow/example_dags/example_bash_operator.py
[2021-02-25 17:20:16,201] {scheduler_job.py:639} INFO - DAG(s) dict_keys(['example_bash_operator']) retrieved from /home/i-sip_iot/anaconda3/envs/sandbox/lib/python3.7/site-packages/airflow/example_dags/example_bash_operator.py
[2021-02-25 17:20:16,202] {logging_mixin.py:103} INFO - [2021-02-25 17:20:16,202] {dag.py:1813} INFO - Sync 1 DAGs
[2021-02-25 17:20:16,221] {logging_mixin.py:103} INFO - [2021-02-25 17:20:16,221] {dag.py:2266} INFO - Setting next_dagrun for example_bash_operator to 2021-02-23 00:00:00+00:00
[2021-02-25 17:20:16,231] {scheduler_job.py:189} INFO - Processing /home/i-sip_iot/anaconda3/envs/sandbox/lib/python3.7/site-packages/airflow/example_dags/example_bash_operator.py took 0.054 seconds
[2021-02-25 17:20:43,690] {scheduler_job.py:181} INFO - Started process (PID=186198) to work on /home/i-sip_iot/anaconda3/envs/sandbox/lib/python3.7/site-packages/airflow/example_dags/example_bash_operator.py
[2021-02-25 17:20:43,691] {scheduler_job.py:629} INFO - Processing file /home/i-sip_iot/anaconda3/envs/sandbox/lib/python3.7/site-packages/airflow/example_dags/example_bash_operator.py for tasks to queue
[2021-02-25 17:20:43,691] {logging_mixin.py:103} INFO - [2021-02-25 17:20:43,691] {dagbag.py:440} INFO - Filling up the DagBag from /home/i-sip_iot/anaconda3/envs/sandbox/lib/python3.7/site-packages/airflow/example_dags/example_bash_operator.py
[2021-02-25 17:20:43,700] {scheduler_job.py:639} INFO - DAG(s) dict_keys(['example_bash_operator']) retrieved from /home/i-sip_iot/anaconda3/envs/sandbox/lib/python3.7/site-packages/airflow/example_dags/example_bash_operator.py
[2021-02-25 17:20:43,701] {logging_mixin.py:103} INFO - [2021-02-25 17:20:43,701] {dag.py:1813} INFO - Sync 1 DAGs
[2021-02-25 17:20:43,719] {logging_mixin.py:103} INFO - [2021-02-25 17:20:43,719] {dag.py:2266} INFO - Setting next_dagrun for example_bash_operator to 2021-02-23 00:00:00+00:00
[2021-02-25 17:20:43,728] {scheduler_job.py:189} INFO - Processing /home/i-sip_iot/anaconda3/envs/sandbox/lib/python3.7/site-packages/airflow/example_dags/example_bash_operator.py took 0.041 seconds
[2021-02-25 17:21:10,733] {scheduler_job.py:181} INFO - Started process (PID=186282) to work on /home/i-sip_iot/anaconda3/envs/sandbox/lib/python3.7/site-packages/airflow/example_dags/example_bash_operator.py
[2021-02-25 17:21:10,734] {scheduler_job.py:629} INFO - Processing file /home/i-sip_iot/anaconda3/envs/sandbox/lib/python3.7/site-packages/airflow/example_dags/example_bash_operator.py for tasks to queue
[2021-02-25 17:21:10,734] {logging_mixin.py:103} INFO - [2021-02-25 17:21:10,734] {dagbag.py:440} INFO - Filling up the DagBag from /home/i-sip_iot/anaconda3/envs/sandbox/lib/python3.7/site-packages/airflow/example_dags/example_bash_operator.py
[2021-02-25 17:21:10,742] {scheduler_job.py:639} INFO - DAG(s) dict_keys(['example_bash_operator']) retrieved from /home/i-sip_iot/anaconda3/envs/sandbox/lib/python3.7/site-packages/airflow/example_dags/example_bash_operator.py
[2021-02-25 17:21:10,743] {logging_mixin.py:103} INFO - [2021-02-25 17:21:10,743] {dag.py:1813} INFO - Sync 1 DAGs
[2021-02-25 17:21:10,755] {logging_mixin.py:103} INFO - [2021-02-25 17:21:10,755] {dag.py:2266} INFO - Setting next_dagrun for example_bash_operator to 2021-02-23 00:00:00+00:00
[2021-02-25 17:21:10,763] {scheduler_job.py:189} INFO - Processing /home/i-sip_iot/anaconda3/envs/sandbox/lib/python3.7/site-packages/airflow/example_dags/example_bash_operator.py took 0.033 seconds
[2021-02-25 17:21:38,600] {scheduler_job.py:181} INFO - Started process (PID=186503) to work on /home/i-sip_iot/anaconda3/envs/sandbox/lib/python3.7/site-packages/airflow/example_dags/example_bash_operator.py
[2021-02-25 17:21:38,603] {scheduler_job.py:629} INFO - Processing file /home/i-sip_iot/anaconda3/envs/sandbox/lib/python3.7/site-packages/airflow/example_dags/example_bash_operator.py for tasks to queue
[2021-02-25 17:21:38,604] {logging_mixin.py:103} INFO - [2021-02-25 17:21:38,604] {dagbag.py:440} INFO - Filling up the DagBag from /home/i-sip_iot/anaconda3/envs/sandbox/lib/python3.7/site-packages/airflow/example_dags/example_bash_operator.py
[2021-02-25 17:21:38,625] {scheduler_job.py:639} INFO - DAG(s) dict_keys(['example_bash_operator']) retrieved from /home/i-sip_iot/anaconda3/envs/sandbox/lib/python3.7/site-packages/airflow/example_dags/example_bash_operator.py
[2021-02-25 17:21:38,626] {logging_mixin.py:103} INFO - [2021-02-25 17:21:38,625] {dag.py:1813} INFO - Sync 1 DAGs
[2021-02-25 17:21:38,644] {logging_mixin.py:103} INFO - [2021-02-25 17:21:38,644] {dag.py:2266} INFO - Setting next_dagrun for example_bash_operator to 2021-02-23 00:00:00+00:00
[2021-02-25 17:21:38,653] {scheduler_job.py:189} INFO - Processing /home/i-sip_iot/anaconda3/envs/sandbox/lib/python3.7/site-packages/airflow/example_dags/example_bash_operator.py took 0.059 seconds
[2021-02-25 17:22:04,965] {scheduler_job.py:181} INFO - Started process (PID=186575) to work on /home/i-sip_iot/anaconda3/envs/sandbox/lib/python3.7/site-packages/airflow/example_dags/example_bash_operator.py
[2021-02-25 17:22:04,967] {scheduler_job.py:629} INFO - Processing file /home/i-sip_iot/anaconda3/envs/sandbox/lib/python3.7/site-packages/airflow/example_dags/example_bash_operator.py for tasks to queue
[2021-02-25 17:22:04,968] {logging_mixin.py:103} INFO - [2021-02-25 17:22:04,968] {dagbag.py:440} INFO - Filling up the DagBag from /home/i-sip_iot/anaconda3/envs/sandbox/lib/python3.7/site-packages/airflow/example_dags/example_bash_operator.py
[2021-02-25 17:22:04,987] {scheduler_job.py:639} INFO - DAG(s) dict_keys(['example_bash_operator']) retrieved from /home/i-sip_iot/anaconda3/envs/sandbox/lib/python3.7/site-packages/airflow/example_dags/example_bash_operator.py
[2021-02-25 17:22:04,988] {logging_mixin.py:103} INFO - [2021-02-25 17:22:04,988] {dag.py:1813} INFO - Sync 1 DAGs
[2021-02-25 17:22:05,008] {logging_mixin.py:103} INFO - [2021-02-25 17:22:05,008] {dag.py:2266} INFO - Setting next_dagrun for example_bash_operator to 2021-02-23 00:00:00+00:00
[2021-02-25 17:22:05,020] {scheduler_job.py:189} INFO - Processing /home/i-sip_iot/anaconda3/envs/sandbox/lib/python3.7/site-packages/airflow/example_dags/example_bash_operator.py took 0.060 seconds
[2021-02-25 17:22:32,971] {scheduler_job.py:181} INFO - Started process (PID=186626) to work on /home/i-sip_iot/anaconda3/envs/sandbox/lib/python3.7/site-packages/airflow/example_dags/example_bash_operator.py
[2021-02-25 17:22:32,972] {scheduler_job.py:629} INFO - Processing file /home/i-sip_iot/anaconda3/envs/sandbox/lib/python3.7/site-packages/airflow/example_dags/example_bash_operator.py for tasks to queue
[2021-02-25 17:22:32,972] {logging_mixin.py:103} INFO - [2021-02-25 17:22:32,972] {dagbag.py:440} INFO - Filling up the DagBag from /home/i-sip_iot/anaconda3/envs/sandbox/lib/python3.7/site-packages/airflow/example_dags/example_bash_operator.py
[2021-02-25 17:22:32,981] {scheduler_job.py:639} INFO - DAG(s) dict_keys(['example_bash_operator']) retrieved from /home/i-sip_iot/anaconda3/envs/sandbox/lib/python3.7/site-packages/airflow/example_dags/example_bash_operator.py
[2021-02-25 17:22:32,982] {logging_mixin.py:103} INFO - [2021-02-25 17:22:32,982] {dag.py:1813} INFO - Sync 1 DAGs
[2021-02-25 17:22:32,999] {logging_mixin.py:103} INFO - [2021-02-25 17:22:32,999] {dag.py:2266} INFO - Setting next_dagrun for example_bash_operator to 2021-02-23 00:00:00+00:00
[2021-02-25 17:22:33,008] {scheduler_job.py:189} INFO - Processing /home/i-sip_iot/anaconda3/envs/sandbox/lib/python3.7/site-packages/airflow/example_dags/example_bash_operator.py took 0.040 seconds
[2021-02-25 17:23:00,071] {scheduler_job.py:181} INFO - Started process (PID=186864) to work on /home/i-sip_iot/anaconda3/envs/sandbox/lib/python3.7/site-packages/airflow/example_dags/example_bash_operator.py
[2021-02-25 17:23:00,073] {scheduler_job.py:629} INFO - Processing file /home/i-sip_iot/anaconda3/envs/sandbox/lib/python3.7/site-packages/airflow/example_dags/example_bash_operator.py for tasks to queue
[2021-02-25 17:23:00,074] {logging_mixin.py:103} INFO - [2021-02-25 17:23:00,074] {dagbag.py:440} INFO - Filling up the DagBag from /home/i-sip_iot/anaconda3/envs/sandbox/lib/python3.7/site-packages/airflow/example_dags/example_bash_operator.py
[2021-02-25 17:23:00,092] {scheduler_job.py:639} INFO - DAG(s) dict_keys(['example_bash_operator']) retrieved from /home/i-sip_iot/anaconda3/envs/sandbox/lib/python3.7/site-packages/airflow/example_dags/example_bash_operator.py
[2021-02-25 17:23:00,092] {logging_mixin.py:103} INFO - [2021-02-25 17:23:00,092] {dag.py:1813} INFO - Sync 1 DAGs
[2021-02-25 17:23:00,109] {logging_mixin.py:103} INFO - [2021-02-25 17:23:00,109] {dag.py:2266} INFO - Setting next_dagrun for example_bash_operator to 2021-02-23 00:00:00+00:00
[2021-02-25 17:23:00,118] {scheduler_job.py:189} INFO - Processing /home/i-sip_iot/anaconda3/envs/sandbox/lib/python3.7/site-packages/airflow/example_dags/example_bash_operator.py took 0.053 seconds
[2021-02-25 17:23:26,965] {scheduler_job.py:181} INFO - Started process (PID=186922) to work on /home/i-sip_iot/anaconda3/envs/sandbox/lib/python3.7/site-packages/airflow/example_dags/example_bash_operator.py
[2021-02-25 17:23:26,966] {scheduler_job.py:629} INFO - Processing file /home/i-sip_iot/anaconda3/envs/sandbox/lib/python3.7/site-packages/airflow/example_dags/example_bash_operator.py for tasks to queue
[2021-02-25 17:23:26,966] {logging_mixin.py:103} INFO - [2021-02-25 17:23:26,966] {dagbag.py:440} INFO - Filling up the DagBag from /home/i-sip_iot/anaconda3/envs/sandbox/lib/python3.7/site-packages/airflow/example_dags/example_bash_operator.py
[2021-02-25 17:23:26,971] {scheduler_job.py:639} INFO - DAG(s) dict_keys(['example_bash_operator']) retrieved from /home/i-sip_iot/anaconda3/envs/sandbox/lib/python3.7/site-packages/airflow/example_dags/example_bash_operator.py
[2021-02-25 17:23:26,972] {logging_mixin.py:103} INFO - [2021-02-25 17:23:26,972] {dag.py:1813} INFO - Sync 1 DAGs
[2021-02-25 17:23:26,984] {logging_mixin.py:103} INFO - [2021-02-25 17:23:26,984] {dag.py:2266} INFO - Setting next_dagrun for example_bash_operator to 2021-02-23 00:00:00+00:00
[2021-02-25 17:23:26,991] {scheduler_job.py:189} INFO - Processing /home/i-sip_iot/anaconda3/envs/sandbox/lib/python3.7/site-packages/airflow/example_dags/example_bash_operator.py took 0.027 seconds
[2021-02-25 17:23:54,212] {scheduler_job.py:181} INFO - Started process (PID=187151) to work on /home/i-sip_iot/anaconda3/envs/sandbox/lib/python3.7/site-packages/airflow/example_dags/example_bash_operator.py
[2021-02-25 17:23:54,214] {scheduler_job.py:629} INFO - Processing file /home/i-sip_iot/anaconda3/envs/sandbox/lib/python3.7/site-packages/airflow/example_dags/example_bash_operator.py for tasks to queue
[2021-02-25 17:23:54,216] {logging_mixin.py:103} INFO - [2021-02-25 17:23:54,215] {dagbag.py:440} INFO - Filling up the DagBag from /home/i-sip_iot/anaconda3/envs/sandbox/lib/python3.7/site-packages/airflow/example_dags/example_bash_operator.py
[2021-02-25 17:23:54,236] {scheduler_job.py:639} INFO - DAG(s) dict_keys(['example_bash_operator']) retrieved from /home/i-sip_iot/anaconda3/envs/sandbox/lib/python3.7/site-packages/airflow/example_dags/example_bash_operator.py
[2021-02-25 17:23:54,237] {logging_mixin.py:103} INFO - [2021-02-25 17:23:54,237] {dag.py:1813} INFO - Sync 1 DAGs
[2021-02-25 17:23:54,255] {logging_mixin.py:103} INFO - [2021-02-25 17:23:54,255] {dag.py:2266} INFO - Setting next_dagrun for example_bash_operator to 2021-02-23 00:00:00+00:00
[2021-02-25 17:23:54,263] {scheduler_job.py:189} INFO - Processing /home/i-sip_iot/anaconda3/envs/sandbox/lib/python3.7/site-packages/airflow/example_dags/example_bash_operator.py took 0.058 seconds
[2021-02-25 17:24:21,151] {scheduler_job.py:181} INFO - Started process (PID=187221) to work on /home/i-sip_iot/anaconda3/envs/sandbox/lib/python3.7/site-packages/airflow/example_dags/example_bash_operator.py
[2021-02-25 17:24:21,153] {scheduler_job.py:629} INFO - Processing file /home/i-sip_iot/anaconda3/envs/sandbox/lib/python3.7/site-packages/airflow/example_dags/example_bash_operator.py for tasks to queue
[2021-02-25 17:24:21,154] {logging_mixin.py:103} INFO - [2021-02-25 17:24:21,153] {dagbag.py:440} INFO - Filling up the DagBag from /home/i-sip_iot/anaconda3/envs/sandbox/lib/python3.7/site-packages/airflow/example_dags/example_bash_operator.py
[2021-02-25 17:24:21,167] {scheduler_job.py:639} INFO - DAG(s) dict_keys(['example_bash_operator']) retrieved from /home/i-sip_iot/anaconda3/envs/sandbox/lib/python3.7/site-packages/airflow/example_dags/example_bash_operator.py
[2021-02-25 17:24:21,168] {logging_mixin.py:103} INFO - [2021-02-25 17:24:21,168] {dag.py:1813} INFO - Sync 1 DAGs
[2021-02-25 17:24:21,195] {logging_mixin.py:103} INFO - [2021-02-25 17:24:21,194] {dag.py:2266} INFO - Setting next_dagrun for example_bash_operator to 2021-02-23 00:00:00+00:00
[2021-02-25 17:24:21,209] {scheduler_job.py:189} INFO - Processing /home/i-sip_iot/anaconda3/envs/sandbox/lib/python3.7/site-packages/airflow/example_dags/example_bash_operator.py took 0.061 seconds
[2021-02-25 17:24:49,160] {scheduler_job.py:181} INFO - Started process (PID=187457) to work on /home/i-sip_iot/anaconda3/envs/sandbox/lib/python3.7/site-packages/airflow/example_dags/example_bash_operator.py
[2021-02-25 17:24:49,162] {scheduler_job.py:629} INFO - Processing file /home/i-sip_iot/anaconda3/envs/sandbox/lib/python3.7/site-packages/airflow/example_dags/example_bash_operator.py for tasks to queue
[2021-02-25 17:24:49,164] {logging_mixin.py:103} INFO - [2021-02-25 17:24:49,163] {dagbag.py:440} INFO - Filling up the DagBag from /home/i-sip_iot/anaconda3/envs/sandbox/lib/python3.7/site-packages/airflow/example_dags/example_bash_operator.py
[2021-02-25 17:24:49,181] {scheduler_job.py:639} INFO - DAG(s) dict_keys(['example_bash_operator']) retrieved from /home/i-sip_iot/anaconda3/envs/sandbox/lib/python3.7/site-packages/airflow/example_dags/example_bash_operator.py
[2021-02-25 17:24:49,181] {logging_mixin.py:103} INFO - [2021-02-25 17:24:49,181] {dag.py:1813} INFO - Sync 1 DAGs
[2021-02-25 17:24:49,198] {logging_mixin.py:103} INFO - [2021-02-25 17:24:49,198] {dag.py:2266} INFO - Setting next_dagrun for example_bash_operator to 2021-02-23 00:00:00+00:00
[2021-02-25 17:24:49,207] {scheduler_job.py:189} INFO - Processing /home/i-sip_iot/anaconda3/envs/sandbox/lib/python3.7/site-packages/airflow/example_dags/example_bash_operator.py took 0.053 seconds
[2021-02-25 17:25:15,514] {scheduler_job.py:181} INFO - Started process (PID=187539) to work on /home/i-sip_iot/anaconda3/envs/sandbox/lib/python3.7/site-packages/airflow/example_dags/example_bash_operator.py
[2021-02-25 17:25:15,515] {scheduler_job.py:629} INFO - Processing file /home/i-sip_iot/anaconda3/envs/sandbox/lib/python3.7/site-packages/airflow/example_dags/example_bash_operator.py for tasks to queue
[2021-02-25 17:25:15,516] {logging_mixin.py:103} INFO - [2021-02-25 17:25:15,516] {dagbag.py:440} INFO - Filling up the DagBag from /home/i-sip_iot/anaconda3/envs/sandbox/lib/python3.7/site-packages/airflow/example_dags/example_bash_operator.py
[2021-02-25 17:25:15,525] {scheduler_job.py:639} INFO - DAG(s) dict_keys(['example_bash_operator']) retrieved from /home/i-sip_iot/anaconda3/envs/sandbox/lib/python3.7/site-packages/airflow/example_dags/example_bash_operator.py
[2021-02-25 17:25:15,526] {logging_mixin.py:103} INFO - [2021-02-25 17:25:15,526] {dag.py:1813} INFO - Sync 1 DAGs
[2021-02-25 17:25:15,542] {logging_mixin.py:103} INFO - [2021-02-25 17:25:15,542] {dag.py:2266} INFO - Setting next_dagrun for example_bash_operator to 2021-02-23 00:00:00+00:00
[2021-02-25 17:25:15,551] {scheduler_job.py:189} INFO - Processing /home/i-sip_iot/anaconda3/envs/sandbox/lib/python3.7/site-packages/airflow/example_dags/example_bash_operator.py took 0.039 seconds
[2021-02-25 17:25:42,934] {scheduler_job.py:181} INFO - Started process (PID=187786) to work on /home/i-sip_iot/anaconda3/envs/sandbox/lib/python3.7/site-packages/airflow/example_dags/example_bash_operator.py
[2021-02-25 17:25:42,935] {scheduler_job.py:629} INFO - Processing file /home/i-sip_iot/anaconda3/envs/sandbox/lib/python3.7/site-packages/airflow/example_dags/example_bash_operator.py for tasks to queue
[2021-02-25 17:25:42,935] {logging_mixin.py:103} INFO - [2021-02-25 17:25:42,935] {dagbag.py:440} INFO - Filling up the DagBag from /home/i-sip_iot/anaconda3/envs/sandbox/lib/python3.7/site-packages/airflow/example_dags/example_bash_operator.py
[2021-02-25 17:25:42,945] {scheduler_job.py:639} INFO - DAG(s) dict_keys(['example_bash_operator']) retrieved from /home/i-sip_iot/anaconda3/envs/sandbox/lib/python3.7/site-packages/airflow/example_dags/example_bash_operator.py
[2021-02-25 17:25:42,946] {logging_mixin.py:103} INFO - [2021-02-25 17:25:42,946] {dag.py:1813} INFO - Sync 1 DAGs
[2021-02-25 17:25:42,962] {logging_mixin.py:103} INFO - [2021-02-25 17:25:42,962] {dag.py:2266} INFO - Setting next_dagrun for example_bash_operator to 2021-02-23 00:00:00+00:00
[2021-02-25 17:25:42,970] {scheduler_job.py:189} INFO - Processing /home/i-sip_iot/anaconda3/envs/sandbox/lib/python3.7/site-packages/airflow/example_dags/example_bash_operator.py took 0.038 seconds
[2021-02-25 17:26:10,377] {scheduler_job.py:181} INFO - Started process (PID=187892) to work on /home/i-sip_iot/anaconda3/envs/sandbox/lib/python3.7/site-packages/airflow/example_dags/example_bash_operator.py
[2021-02-25 17:26:10,378] {scheduler_job.py:629} INFO - Processing file /home/i-sip_iot/anaconda3/envs/sandbox/lib/python3.7/site-packages/airflow/example_dags/example_bash_operator.py for tasks to queue
[2021-02-25 17:26:10,379] {logging_mixin.py:103} INFO - [2021-02-25 17:26:10,379] {dagbag.py:440} INFO - Filling up the DagBag from /home/i-sip_iot/anaconda3/envs/sandbox/lib/python3.7/site-packages/airflow/example_dags/example_bash_operator.py
[2021-02-25 17:26:10,399] {scheduler_job.py:639} INFO - DAG(s) dict_keys(['example_bash_operator']) retrieved from /home/i-sip_iot/anaconda3/envs/sandbox/lib/python3.7/site-packages/airflow/example_dags/example_bash_operator.py
[2021-02-25 17:26:10,400] {logging_mixin.py:103} INFO - [2021-02-25 17:26:10,400] {dag.py:1813} INFO - Sync 1 DAGs
[2021-02-25 17:26:10,416] {logging_mixin.py:103} INFO - [2021-02-25 17:26:10,416] {dag.py:2266} INFO - Setting next_dagrun for example_bash_operator to 2021-02-23 00:00:00+00:00
[2021-02-25 17:26:10,425] {scheduler_job.py:189} INFO - Processing /home/i-sip_iot/anaconda3/envs/sandbox/lib/python3.7/site-packages/airflow/example_dags/example_bash_operator.py took 0.052 seconds
[2021-02-25 17:26:37,833] {scheduler_job.py:181} INFO - Started process (PID=187976) to work on /home/i-sip_iot/anaconda3/envs/sandbox/lib/python3.7/site-packages/airflow/example_dags/example_bash_operator.py
[2021-02-25 17:26:37,833] {scheduler_job.py:629} INFO - Processing file /home/i-sip_iot/anaconda3/envs/sandbox/lib/python3.7/site-packages/airflow/example_dags/example_bash_operator.py for tasks to queue
[2021-02-25 17:26:37,834] {logging_mixin.py:103} INFO - [2021-02-25 17:26:37,834] {dagbag.py:440} INFO - Filling up the DagBag from /home/i-sip_iot/anaconda3/envs/sandbox/lib/python3.7/site-packages/airflow/example_dags/example_bash_operator.py
[2021-02-25 17:26:37,840] {scheduler_job.py:639} INFO - DAG(s) dict_keys(['example_bash_operator']) retrieved from /home/i-sip_iot/anaconda3/envs/sandbox/lib/python3.7/site-packages/airflow/example_dags/example_bash_operator.py
[2021-02-25 17:26:37,840] {logging_mixin.py:103} INFO - [2021-02-25 17:26:37,840] {dag.py:1813} INFO - Sync 1 DAGs
[2021-02-25 17:26:37,851] {logging_mixin.py:103} INFO - [2021-02-25 17:26:37,851] {dag.py:2266} INFO - Setting next_dagrun for example_bash_operator to 2021-02-23 00:00:00+00:00
[2021-02-25 17:26:37,859] {scheduler_job.py:189} INFO - Processing /home/i-sip_iot/anaconda3/envs/sandbox/lib/python3.7/site-packages/airflow/example_dags/example_bash_operator.py took 0.028 seconds
[2021-02-25 17:27:03,572] {scheduler_job.py:181} INFO - Started process (PID=188251) to work on /home/i-sip_iot/anaconda3/envs/sandbox/lib/python3.7/site-packages/airflow/example_dags/example_bash_operator.py
[2021-02-25 17:27:03,573] {scheduler_job.py:629} INFO - Processing file /home/i-sip_iot/anaconda3/envs/sandbox/lib/python3.7/site-packages/airflow/example_dags/example_bash_operator.py for tasks to queue
[2021-02-25 17:27:03,573] {logging_mixin.py:103} INFO - [2021-02-25 17:27:03,573] {dagbag.py:440} INFO - Filling up the DagBag from /home/i-sip_iot/anaconda3/envs/sandbox/lib/python3.7/site-packages/airflow/example_dags/example_bash_operator.py
[2021-02-25 17:27:03,581] {scheduler_job.py:639} INFO - DAG(s) dict_keys(['example_bash_operator']) retrieved from /home/i-sip_iot/anaconda3/envs/sandbox/lib/python3.7/site-packages/airflow/example_dags/example_bash_operator.py
[2021-02-25 17:27:03,581] {logging_mixin.py:103} INFO - [2021-02-25 17:27:03,581] {dag.py:1813} INFO - Sync 1 DAGs
[2021-02-25 17:27:03,597] {logging_mixin.py:103} INFO - [2021-02-25 17:27:03,597] {dag.py:2266} INFO - Setting next_dagrun for example_bash_operator to 2021-02-23 00:00:00+00:00
[2021-02-25 17:27:03,606] {scheduler_job.py:189} INFO - Processing /home/i-sip_iot/anaconda3/envs/sandbox/lib/python3.7/site-packages/airflow/example_dags/example_bash_operator.py took 0.036 seconds
[2021-02-25 17:27:30,670] {scheduler_job.py:181} INFO - Started process (PID=188328) to work on /home/i-sip_iot/anaconda3/envs/sandbox/lib/python3.7/site-packages/airflow/example_dags/example_bash_operator.py
[2021-02-25 17:27:30,671] {scheduler_job.py:629} INFO - Processing file /home/i-sip_iot/anaconda3/envs/sandbox/lib/python3.7/site-packages/airflow/example_dags/example_bash_operator.py for tasks to queue
[2021-02-25 17:27:30,671] {logging_mixin.py:103} INFO - [2021-02-25 17:27:30,671] {dagbag.py:440} INFO - Filling up the DagBag from /home/i-sip_iot/anaconda3/envs/sandbox/lib/python3.7/site-packages/airflow/example_dags/example_bash_operator.py
[2021-02-25 17:27:30,677] {scheduler_job.py:639} INFO - DAG(s) dict_keys(['example_bash_operator']) retrieved from /home/i-sip_iot/anaconda3/envs/sandbox/lib/python3.7/site-packages/airflow/example_dags/example_bash_operator.py
[2021-02-25 17:27:30,678] {logging_mixin.py:103} INFO - [2021-02-25 17:27:30,678] {dag.py:1813} INFO - Sync 1 DAGs
[2021-02-25 17:27:30,690] {logging_mixin.py:103} INFO - [2021-02-25 17:27:30,690] {dag.py:2266} INFO - Setting next_dagrun for example_bash_operator to 2021-02-23 00:00:00+00:00
[2021-02-25 17:27:30,699] {scheduler_job.py:189} INFO - Processing /home/i-sip_iot/anaconda3/envs/sandbox/lib/python3.7/site-packages/airflow/example_dags/example_bash_operator.py took 0.030 seconds
[2021-02-25 17:27:58,986] {scheduler_job.py:181} INFO - Started process (PID=188612) to work on /home/i-sip_iot/anaconda3/envs/sandbox/lib/python3.7/site-packages/airflow/example_dags/example_bash_operator.py
[2021-02-25 17:27:58,987] {scheduler_job.py:629} INFO - Processing file /home/i-sip_iot/anaconda3/envs/sandbox/lib/python3.7/site-packages/airflow/example_dags/example_bash_operator.py for tasks to queue
[2021-02-25 17:27:58,987] {logging_mixin.py:103} INFO - [2021-02-25 17:27:58,987] {dagbag.py:440} INFO - Filling up the DagBag from /home/i-sip_iot/anaconda3/envs/sandbox/lib/python3.7/site-packages/airflow/example_dags/example_bash_operator.py
[2021-02-25 17:27:58,994] {scheduler_job.py:639} INFO - DAG(s) dict_keys(['example_bash_operator']) retrieved from /home/i-sip_iot/anaconda3/envs/sandbox/lib/python3.7/site-packages/airflow/example_dags/example_bash_operator.py
[2021-02-25 17:27:58,994] {logging_mixin.py:103} INFO - [2021-02-25 17:27:58,994] {dag.py:1813} INFO - Sync 1 DAGs
[2021-02-25 17:27:59,007] {logging_mixin.py:103} INFO - [2021-02-25 17:27:59,007] {dag.py:2266} INFO - Setting next_dagrun for example_bash_operator to 2021-02-23 00:00:00+00:00
[2021-02-25 17:27:59,015] {scheduler_job.py:189} INFO - Processing /home/i-sip_iot/anaconda3/envs/sandbox/lib/python3.7/site-packages/airflow/example_dags/example_bash_operator.py took 0.031 seconds
[2021-02-25 17:28:26,179] {scheduler_job.py:181} INFO - Started process (PID=188696) to work on /home/i-sip_iot/anaconda3/envs/sandbox/lib/python3.7/site-packages/airflow/example_dags/example_bash_operator.py
[2021-02-25 17:28:26,180] {scheduler_job.py:629} INFO - Processing file /home/i-sip_iot/anaconda3/envs/sandbox/lib/python3.7/site-packages/airflow/example_dags/example_bash_operator.py for tasks to queue
[2021-02-25 17:28:26,180] {logging_mixin.py:103} INFO - [2021-02-25 17:28:26,180] {dagbag.py:440} INFO - Filling up the DagBag from /home/i-sip_iot/anaconda3/envs/sandbox/lib/python3.7/site-packages/airflow/example_dags/example_bash_operator.py
[2021-02-25 17:28:26,187] {scheduler_job.py:639} INFO - DAG(s) dict_keys(['example_bash_operator']) retrieved from /home/i-sip_iot/anaconda3/envs/sandbox/lib/python3.7/site-packages/airflow/example_dags/example_bash_operator.py
[2021-02-25 17:28:26,188] {logging_mixin.py:103} INFO - [2021-02-25 17:28:26,188] {dag.py:1813} INFO - Sync 1 DAGs
[2021-02-25 17:28:26,205] {logging_mixin.py:103} INFO - [2021-02-25 17:28:26,205] {dag.py:2266} INFO - Setting next_dagrun for example_bash_operator to 2021-02-23 00:00:00+00:00
[2021-02-25 17:28:26,215] {scheduler_job.py:189} INFO - Processing /home/i-sip_iot/anaconda3/envs/sandbox/lib/python3.7/site-packages/airflow/example_dags/example_bash_operator.py took 0.037 seconds
[2021-02-25 17:28:53,376] {scheduler_job.py:181} INFO - Started process (PID=188931) to work on /home/i-sip_iot/anaconda3/envs/sandbox/lib/python3.7/site-packages/airflow/example_dags/example_bash_operator.py
[2021-02-25 17:28:53,377] {scheduler_job.py:629} INFO - Processing file /home/i-sip_iot/anaconda3/envs/sandbox/lib/python3.7/site-packages/airflow/example_dags/example_bash_operator.py for tasks to queue
[2021-02-25 17:28:53,378] {logging_mixin.py:103} INFO - [2021-02-25 17:28:53,378] {dagbag.py:440} INFO - Filling up the DagBag from /home/i-sip_iot/anaconda3/envs/sandbox/lib/python3.7/site-packages/airflow/example_dags/example_bash_operator.py
[2021-02-25 17:28:53,388] {scheduler_job.py:639} INFO - DAG(s) dict_keys(['example_bash_operator']) retrieved from /home/i-sip_iot/anaconda3/envs/sandbox/lib/python3.7/site-packages/airflow/example_dags/example_bash_operator.py
[2021-02-25 17:28:53,388] {logging_mixin.py:103} INFO - [2021-02-25 17:28:53,388] {dag.py:1813} INFO - Sync 1 DAGs
[2021-02-25 17:28:53,406] {logging_mixin.py:103} INFO - [2021-02-25 17:28:53,406] {dag.py:2266} INFO - Setting next_dagrun for example_bash_operator to 2021-02-23 00:00:00+00:00
[2021-02-25 17:28:53,414] {scheduler_job.py:189} INFO - Processing /home/i-sip_iot/anaconda3/envs/sandbox/lib/python3.7/site-packages/airflow/example_dags/example_bash_operator.py took 0.040 seconds
[2021-02-25 17:29:21,728] {scheduler_job.py:181} INFO - Started process (PID=189029) to work on /home/i-sip_iot/anaconda3/envs/sandbox/lib/python3.7/site-packages/airflow/example_dags/example_bash_operator.py
[2021-02-25 17:29:21,730] {scheduler_job.py:629} INFO - Processing file /home/i-sip_iot/anaconda3/envs/sandbox/lib/python3.7/site-packages/airflow/example_dags/example_bash_operator.py for tasks to queue
[2021-02-25 17:29:21,731] {logging_mixin.py:103} INFO - [2021-02-25 17:29:21,731] {dagbag.py:440} INFO - Filling up the DagBag from /home/i-sip_iot/anaconda3/envs/sandbox/lib/python3.7/site-packages/airflow/example_dags/example_bash_operator.py
[2021-02-25 17:29:21,750] {scheduler_job.py:639} INFO - DAG(s) dict_keys(['example_bash_operator']) retrieved from /home/i-sip_iot/anaconda3/envs/sandbox/lib/python3.7/site-packages/airflow/example_dags/example_bash_operator.py
[2021-02-25 17:29:21,751] {logging_mixin.py:103} INFO - [2021-02-25 17:29:21,750] {dag.py:1813} INFO - Sync 1 DAGs
[2021-02-25 17:29:21,769] {logging_mixin.py:103} INFO - [2021-02-25 17:29:21,769] {dag.py:2266} INFO - Setting next_dagrun for example_bash_operator to 2021-02-23 00:00:00+00:00
[2021-02-25 17:29:21,778] {scheduler_job.py:189} INFO - Processing /home/i-sip_iot/anaconda3/envs/sandbox/lib/python3.7/site-packages/airflow/example_dags/example_bash_operator.py took 0.056 seconds
[2021-02-25 17:29:48,487] {scheduler_job.py:181} INFO - Started process (PID=189290) to work on /home/i-sip_iot/anaconda3/envs/sandbox/lib/python3.7/site-packages/airflow/example_dags/example_bash_operator.py
[2021-02-25 17:29:48,488] {scheduler_job.py:629} INFO - Processing file /home/i-sip_iot/anaconda3/envs/sandbox/lib/python3.7/site-packages/airflow/example_dags/example_bash_operator.py for tasks to queue
[2021-02-25 17:29:48,489] {logging_mixin.py:103} INFO - [2021-02-25 17:29:48,489] {dagbag.py:440} INFO - Filling up the DagBag from /home/i-sip_iot/anaconda3/envs/sandbox/lib/python3.7/site-packages/airflow/example_dags/example_bash_operator.py
[2021-02-25 17:29:48,502] {scheduler_job.py:639} INFO - DAG(s) dict_keys(['example_bash_operator']) retrieved from /home/i-sip_iot/anaconda3/envs/sandbox/lib/python3.7/site-packages/airflow/example_dags/example_bash_operator.py
[2021-02-25 17:29:48,503] {logging_mixin.py:103} INFO - [2021-02-25 17:29:48,503] {dag.py:1813} INFO - Sync 1 DAGs
[2021-02-25 17:29:48,519] {logging_mixin.py:103} INFO - [2021-02-25 17:29:48,519] {dag.py:2266} INFO - Setting next_dagrun for example_bash_operator to 2021-02-23 00:00:00+00:00
[2021-02-25 17:29:48,527] {scheduler_job.py:189} INFO - Processing /home/i-sip_iot/anaconda3/envs/sandbox/lib/python3.7/site-packages/airflow/example_dags/example_bash_operator.py took 0.043 seconds
[2021-02-25 17:30:15,156] {scheduler_job.py:181} INFO - Started process (PID=189376) to work on /home/i-sip_iot/anaconda3/envs/sandbox/lib/python3.7/site-packages/airflow/example_dags/example_bash_operator.py
[2021-02-25 17:30:15,157] {scheduler_job.py:629} INFO - Processing file /home/i-sip_iot/anaconda3/envs/sandbox/lib/python3.7/site-packages/airflow/example_dags/example_bash_operator.py for tasks to queue
[2021-02-25 17:30:15,158] {logging_mixin.py:103} INFO - [2021-02-25 17:30:15,158] {dagbag.py:440} INFO - Filling up the DagBag from /home/i-sip_iot/anaconda3/envs/sandbox/lib/python3.7/site-packages/airflow/example_dags/example_bash_operator.py
[2021-02-25 17:30:15,168] {scheduler_job.py:639} INFO - DAG(s) dict_keys(['example_bash_operator']) retrieved from /home/i-sip_iot/anaconda3/envs/sandbox/lib/python3.7/site-packages/airflow/example_dags/example_bash_operator.py
[2021-02-25 17:30:15,169] {logging_mixin.py:103} INFO - [2021-02-25 17:30:15,169] {dag.py:1813} INFO - Sync 1 DAGs
[2021-02-25 17:30:15,188] {logging_mixin.py:103} INFO - [2021-02-25 17:30:15,188] {dag.py:2266} INFO - Setting next_dagrun for example_bash_operator to 2021-02-23 00:00:00+00:00
[2021-02-25 17:30:15,197] {scheduler_job.py:189} INFO - Processing /home/i-sip_iot/anaconda3/envs/sandbox/lib/python3.7/site-packages/airflow/example_dags/example_bash_operator.py took 0.044 seconds
[2021-02-25 17:30:43,189] {scheduler_job.py:181} INFO - Started process (PID=189637) to work on /home/i-sip_iot/anaconda3/envs/sandbox/lib/python3.7/site-packages/airflow/example_dags/example_bash_operator.py
[2021-02-25 17:30:43,191] {scheduler_job.py:629} INFO - Processing file /home/i-sip_iot/anaconda3/envs/sandbox/lib/python3.7/site-packages/airflow/example_dags/example_bash_operator.py for tasks to queue
[2021-02-25 17:30:43,192] {logging_mixin.py:103} INFO - [2021-02-25 17:30:43,192] {dagbag.py:440} INFO - Filling up the DagBag from /home/i-sip_iot/anaconda3/envs/sandbox/lib/python3.7/site-packages/airflow/example_dags/example_bash_operator.py
[2021-02-25 17:30:43,209] {scheduler_job.py:639} INFO - DAG(s) dict_keys(['example_bash_operator']) retrieved from /home/i-sip_iot/anaconda3/envs/sandbox/lib/python3.7/site-packages/airflow/example_dags/example_bash_operator.py
[2021-02-25 17:30:43,210] {logging_mixin.py:103} INFO - [2021-02-25 17:30:43,209] {dag.py:1813} INFO - Sync 1 DAGs
[2021-02-25 17:30:43,228] {logging_mixin.py:103} INFO - [2021-02-25 17:30:43,228] {dag.py:2266} INFO - Setting next_dagrun for example_bash_operator to 2021-02-23 00:00:00+00:00
[2021-02-25 17:30:43,236] {scheduler_job.py:189} INFO - Processing /home/i-sip_iot/anaconda3/envs/sandbox/lib/python3.7/site-packages/airflow/example_dags/example_bash_operator.py took 0.052 seconds
[2021-02-25 17:31:11,183] {scheduler_job.py:181} INFO - Started process (PID=189746) to work on /home/i-sip_iot/anaconda3/envs/sandbox/lib/python3.7/site-packages/airflow/example_dags/example_bash_operator.py
[2021-02-25 17:31:11,184] {scheduler_job.py:629} INFO - Processing file /home/i-sip_iot/anaconda3/envs/sandbox/lib/python3.7/site-packages/airflow/example_dags/example_bash_operator.py for tasks to queue
[2021-02-25 17:31:11,184] {logging_mixin.py:103} INFO - [2021-02-25 17:31:11,184] {dagbag.py:440} INFO - Filling up the DagBag from /home/i-sip_iot/anaconda3/envs/sandbox/lib/python3.7/site-packages/airflow/example_dags/example_bash_operator.py
[2021-02-25 17:31:11,190] {scheduler_job.py:639} INFO - DAG(s) dict_keys(['example_bash_operator']) retrieved from /home/i-sip_iot/anaconda3/envs/sandbox/lib/python3.7/site-packages/airflow/example_dags/example_bash_operator.py
[2021-02-25 17:31:11,190] {logging_mixin.py:103} INFO - [2021-02-25 17:31:11,190] {dag.py:1813} INFO - Sync 1 DAGs
[2021-02-25 17:31:11,204] {logging_mixin.py:103} INFO - [2021-02-25 17:31:11,204] {dag.py:2266} INFO - Setting next_dagrun for example_bash_operator to 2021-02-23 00:00:00+00:00
[2021-02-25 17:31:11,213] {scheduler_job.py:189} INFO - Processing /home/i-sip_iot/anaconda3/envs/sandbox/lib/python3.7/site-packages/airflow/example_dags/example_bash_operator.py took 0.032 seconds
[2021-02-25 17:31:37,254] {scheduler_job.py:181} INFO - Started process (PID=189825) to work on /home/i-sip_iot/anaconda3/envs/sandbox/lib/python3.7/site-packages/airflow/example_dags/example_bash_operator.py
[2021-02-25 17:31:37,256] {scheduler_job.py:629} INFO - Processing file /home/i-sip_iot/anaconda3/envs/sandbox/lib/python3.7/site-packages/airflow/example_dags/example_bash_operator.py for tasks to queue
[2021-02-25 17:31:37,256] {logging_mixin.py:103} INFO - [2021-02-25 17:31:37,256] {dagbag.py:440} INFO - Filling up the DagBag from /home/i-sip_iot/anaconda3/envs/sandbox/lib/python3.7/site-packages/airflow/example_dags/example_bash_operator.py
[2021-02-25 17:31:37,268] {scheduler_job.py:639} INFO - DAG(s) dict_keys(['example_bash_operator']) retrieved from /home/i-sip_iot/anaconda3/envs/sandbox/lib/python3.7/site-packages/airflow/example_dags/example_bash_operator.py
[2021-02-25 17:31:37,269] {logging_mixin.py:103} INFO - [2021-02-25 17:31:37,268] {dag.py:1813} INFO - Sync 1 DAGs
[2021-02-25 17:31:37,284] {logging_mixin.py:103} INFO - [2021-02-25 17:31:37,284] {dag.py:2266} INFO - Setting next_dagrun for example_bash_operator to 2021-02-23 00:00:00+00:00
[2021-02-25 17:31:37,292] {scheduler_job.py:189} INFO - Processing /home/i-sip_iot/anaconda3/envs/sandbox/lib/python3.7/site-packages/airflow/example_dags/example_bash_operator.py took 0.040 seconds
[2021-02-25 17:32:04,320] {scheduler_job.py:181} INFO - Started process (PID=190074) to work on /home/i-sip_iot/anaconda3/envs/sandbox/lib/python3.7/site-packages/airflow/example_dags/example_bash_operator.py
[2021-02-25 17:32:04,320] {scheduler_job.py:629} INFO - Processing file /home/i-sip_iot/anaconda3/envs/sandbox/lib/python3.7/site-packages/airflow/example_dags/example_bash_operator.py for tasks to queue
[2021-02-25 17:32:04,321] {logging_mixin.py:103} INFO - [2021-02-25 17:32:04,321] {dagbag.py:440} INFO - Filling up the DagBag from /home/i-sip_iot/anaconda3/envs/sandbox/lib/python3.7/site-packages/airflow/example_dags/example_bash_operator.py
[2021-02-25 17:32:04,327] {scheduler_job.py:639} INFO - DAG(s) dict_keys(['example_bash_operator']) retrieved from /home/i-sip_iot/anaconda3/envs/sandbox/lib/python3.7/site-packages/airflow/example_dags/example_bash_operator.py
[2021-02-25 17:32:04,328] {logging_mixin.py:103} INFO - [2021-02-25 17:32:04,328] {dag.py:1813} INFO - Sync 1 DAGs
[2021-02-25 17:32:04,342] {logging_mixin.py:103} INFO - [2021-02-25 17:32:04,342] {dag.py:2266} INFO - Setting next_dagrun for example_bash_operator to 2021-02-23 00:00:00+00:00
[2021-02-25 17:32:04,353] {scheduler_job.py:189} INFO - Processing /home/i-sip_iot/anaconda3/envs/sandbox/lib/python3.7/site-packages/airflow/example_dags/example_bash_operator.py took 0.034 seconds
[2021-02-25 17:32:31,362] {scheduler_job.py:181} INFO - Started process (PID=190145) to work on /home/i-sip_iot/anaconda3/envs/sandbox/lib/python3.7/site-packages/airflow/example_dags/example_bash_operator.py
[2021-02-25 17:32:31,363] {scheduler_job.py:629} INFO - Processing file /home/i-sip_iot/anaconda3/envs/sandbox/lib/python3.7/site-packages/airflow/example_dags/example_bash_operator.py for tasks to queue
[2021-02-25 17:32:31,364] {logging_mixin.py:103} INFO - [2021-02-25 17:32:31,363] {dagbag.py:440} INFO - Filling up the DagBag from /home/i-sip_iot/anaconda3/envs/sandbox/lib/python3.7/site-packages/airflow/example_dags/example_bash_operator.py
[2021-02-25 17:32:31,374] {scheduler_job.py:639} INFO - DAG(s) dict_keys(['example_bash_operator']) retrieved from /home/i-sip_iot/anaconda3/envs/sandbox/lib/python3.7/site-packages/airflow/example_dags/example_bash_operator.py
[2021-02-25 17:32:31,374] {logging_mixin.py:103} INFO - [2021-02-25 17:32:31,374] {dag.py:1813} INFO - Sync 1 DAGs
[2021-02-25 17:32:31,388] {logging_mixin.py:103} INFO - [2021-02-25 17:32:31,388] {dag.py:2266} INFO - Setting next_dagrun for example_bash_operator to 2021-02-23 00:00:00+00:00
[2021-02-25 17:32:31,397] {scheduler_job.py:189} INFO - Processing /home/i-sip_iot/anaconda3/envs/sandbox/lib/python3.7/site-packages/airflow/example_dags/example_bash_operator.py took 0.039 seconds
[2021-02-25 17:32:59,556] {scheduler_job.py:181} INFO - Started process (PID=190439) to work on /home/i-sip_iot/anaconda3/envs/sandbox/lib/python3.7/site-packages/airflow/example_dags/example_bash_operator.py
[2021-02-25 17:32:59,557] {scheduler_job.py:629} INFO - Processing file /home/i-sip_iot/anaconda3/envs/sandbox/lib/python3.7/site-packages/airflow/example_dags/example_bash_operator.py for tasks to queue
[2021-02-25 17:32:59,557] {logging_mixin.py:103} INFO - [2021-02-25 17:32:59,557] {dagbag.py:440} INFO - Filling up the DagBag from /home/i-sip_iot/anaconda3/envs/sandbox/lib/python3.7/site-packages/airflow/example_dags/example_bash_operator.py
[2021-02-25 17:32:59,569] {scheduler_job.py:639} INFO - DAG(s) dict_keys(['example_bash_operator']) retrieved from /home/i-sip_iot/anaconda3/envs/sandbox/lib/python3.7/site-packages/airflow/example_dags/example_bash_operator.py
[2021-02-25 17:32:59,570] {logging_mixin.py:103} INFO - [2021-02-25 17:32:59,570] {dag.py:1813} INFO - Sync 1 DAGs
[2021-02-25 17:32:59,589] {logging_mixin.py:103} INFO - [2021-02-25 17:32:59,588] {dag.py:2266} INFO - Setting next_dagrun for example_bash_operator to 2021-02-23 00:00:00+00:00
[2021-02-25 17:32:59,599] {scheduler_job.py:189} INFO - Processing /home/i-sip_iot/anaconda3/envs/sandbox/lib/python3.7/site-packages/airflow/example_dags/example_bash_operator.py took 0.046 seconds
[2021-02-25 17:33:25,628] {scheduler_job.py:181} INFO - Started process (PID=190512) to work on /home/i-sip_iot/anaconda3/envs/sandbox/lib/python3.7/site-packages/airflow/example_dags/example_bash_operator.py
[2021-02-25 17:33:25,630] {scheduler_job.py:629} INFO - Processing file /home/i-sip_iot/anaconda3/envs/sandbox/lib/python3.7/site-packages/airflow/example_dags/example_bash_operator.py for tasks to queue
[2021-02-25 17:33:25,631] {logging_mixin.py:103} INFO - [2021-02-25 17:33:25,631] {dagbag.py:440} INFO - Filling up the DagBag from /home/i-sip_iot/anaconda3/envs/sandbox/lib/python3.7/site-packages/airflow/example_dags/example_bash_operator.py
[2021-02-25 17:33:25,650] {scheduler_job.py:639} INFO - DAG(s) dict_keys(['example_bash_operator']) retrieved from /home/i-sip_iot/anaconda3/envs/sandbox/lib/python3.7/site-packages/airflow/example_dags/example_bash_operator.py
[2021-02-25 17:33:25,651] {logging_mixin.py:103} INFO - [2021-02-25 17:33:25,650] {dag.py:1813} INFO - Sync 1 DAGs
[2021-02-25 17:33:25,668] {logging_mixin.py:103} INFO - [2021-02-25 17:33:25,668] {dag.py:2266} INFO - Setting next_dagrun for example_bash_operator to 2021-02-23 00:00:00+00:00
[2021-02-25 17:33:25,677] {scheduler_job.py:189} INFO - Processing /home/i-sip_iot/anaconda3/envs/sandbox/lib/python3.7/site-packages/airflow/example_dags/example_bash_operator.py took 0.055 seconds
