[2021-02-25 17:15:09,073] {scheduler_job.py:181} INFO - Started process (PID=184306) to work on /home/i-sip_iot/anaconda3/envs/sandbox/lib/python3.7/site-packages/airflow/example_dags/example_xcom.py
[2021-02-25 17:15:09,075] {scheduler_job.py:629} INFO - Processing file /home/i-sip_iot/anaconda3/envs/sandbox/lib/python3.7/site-packages/airflow/example_dags/example_xcom.py for tasks to queue
[2021-02-25 17:15:09,077] {logging_mixin.py:103} INFO - [2021-02-25 17:15:09,076] {dagbag.py:440} INFO - Filling up the DagBag from /home/i-sip_iot/anaconda3/envs/sandbox/lib/python3.7/site-packages/airflow/example_dags/example_xcom.py
[2021-02-25 17:15:09,091] {scheduler_job.py:639} INFO - DAG(s) dict_keys(['example_xcom']) retrieved from /home/i-sip_iot/anaconda3/envs/sandbox/lib/python3.7/site-packages/airflow/example_dags/example_xcom.py
[2021-02-25 17:15:09,092] {logging_mixin.py:103} INFO - [2021-02-25 17:15:09,092] {dag.py:1813} INFO - Sync 1 DAGs
[2021-02-25 17:15:09,105] {logging_mixin.py:103} INFO - [2021-02-25 17:15:09,105] {dag.py:2266} INFO - Setting next_dagrun for example_xcom to 2021-02-23 00:00:00+00:00
[2021-02-25 17:15:09,134] {scheduler_job.py:189} INFO - Processing /home/i-sip_iot/anaconda3/envs/sandbox/lib/python3.7/site-packages/airflow/example_dags/example_xcom.py took 0.069 seconds
[2021-02-25 17:15:35,763] {scheduler_job.py:181} INFO - Started process (PID=184550) to work on /home/i-sip_iot/anaconda3/envs/sandbox/lib/python3.7/site-packages/airflow/example_dags/example_xcom.py
[2021-02-25 17:15:35,764] {scheduler_job.py:629} INFO - Processing file /home/i-sip_iot/anaconda3/envs/sandbox/lib/python3.7/site-packages/airflow/example_dags/example_xcom.py for tasks to queue
[2021-02-25 17:15:35,765] {logging_mixin.py:103} INFO - [2021-02-25 17:15:35,765] {dagbag.py:440} INFO - Filling up the DagBag from /home/i-sip_iot/anaconda3/envs/sandbox/lib/python3.7/site-packages/airflow/example_dags/example_xcom.py
[2021-02-25 17:15:35,779] {scheduler_job.py:639} INFO - DAG(s) dict_keys(['example_xcom']) retrieved from /home/i-sip_iot/anaconda3/envs/sandbox/lib/python3.7/site-packages/airflow/example_dags/example_xcom.py
[2021-02-25 17:15:35,780] {logging_mixin.py:103} INFO - [2021-02-25 17:15:35,780] {dag.py:1813} INFO - Sync 1 DAGs
[2021-02-25 17:15:35,798] {logging_mixin.py:103} INFO - [2021-02-25 17:15:35,798] {dag.py:2266} INFO - Setting next_dagrun for example_xcom to 2021-02-23 00:00:00+00:00
[2021-02-25 17:15:35,805] {scheduler_job.py:189} INFO - Processing /home/i-sip_iot/anaconda3/envs/sandbox/lib/python3.7/site-packages/airflow/example_dags/example_xcom.py took 0.045 seconds
[2021-02-25 17:16:03,876] {scheduler_job.py:181} INFO - Started process (PID=184638) to work on /home/i-sip_iot/anaconda3/envs/sandbox/lib/python3.7/site-packages/airflow/example_dags/example_xcom.py
[2021-02-25 17:16:03,878] {scheduler_job.py:629} INFO - Processing file /home/i-sip_iot/anaconda3/envs/sandbox/lib/python3.7/site-packages/airflow/example_dags/example_xcom.py for tasks to queue
[2021-02-25 17:16:03,879] {logging_mixin.py:103} INFO - [2021-02-25 17:16:03,879] {dagbag.py:440} INFO - Filling up the DagBag from /home/i-sip_iot/anaconda3/envs/sandbox/lib/python3.7/site-packages/airflow/example_dags/example_xcom.py
[2021-02-25 17:16:03,897] {scheduler_job.py:639} INFO - DAG(s) dict_keys(['example_xcom']) retrieved from /home/i-sip_iot/anaconda3/envs/sandbox/lib/python3.7/site-packages/airflow/example_dags/example_xcom.py
[2021-02-25 17:16:03,898] {logging_mixin.py:103} INFO - [2021-02-25 17:16:03,898] {dag.py:1813} INFO - Sync 1 DAGs
[2021-02-25 17:16:03,912] {logging_mixin.py:103} INFO - [2021-02-25 17:16:03,912] {dag.py:2266} INFO - Setting next_dagrun for example_xcom to 2021-02-23 00:00:00+00:00
[2021-02-25 17:16:03,921] {scheduler_job.py:189} INFO - Processing /home/i-sip_iot/anaconda3/envs/sandbox/lib/python3.7/site-packages/airflow/example_dags/example_xcom.py took 0.051 seconds
[2021-02-25 17:16:30,261] {scheduler_job.py:181} INFO - Started process (PID=184698) to work on /home/i-sip_iot/anaconda3/envs/sandbox/lib/python3.7/site-packages/airflow/example_dags/example_xcom.py
[2021-02-25 17:16:30,262] {scheduler_job.py:629} INFO - Processing file /home/i-sip_iot/anaconda3/envs/sandbox/lib/python3.7/site-packages/airflow/example_dags/example_xcom.py for tasks to queue
[2021-02-25 17:16:30,262] {logging_mixin.py:103} INFO - [2021-02-25 17:16:30,262] {dagbag.py:440} INFO - Filling up the DagBag from /home/i-sip_iot/anaconda3/envs/sandbox/lib/python3.7/site-packages/airflow/example_dags/example_xcom.py
[2021-02-25 17:16:30,271] {scheduler_job.py:639} INFO - DAG(s) dict_keys(['example_xcom']) retrieved from /home/i-sip_iot/anaconda3/envs/sandbox/lib/python3.7/site-packages/airflow/example_dags/example_xcom.py
[2021-02-25 17:16:30,272] {logging_mixin.py:103} INFO - [2021-02-25 17:16:30,272] {dag.py:1813} INFO - Sync 1 DAGs
[2021-02-25 17:16:30,285] {logging_mixin.py:103} INFO - [2021-02-25 17:16:30,285] {dag.py:2266} INFO - Setting next_dagrun for example_xcom to 2021-02-23 00:00:00+00:00
[2021-02-25 17:16:30,293] {scheduler_job.py:189} INFO - Processing /home/i-sip_iot/anaconda3/envs/sandbox/lib/python3.7/site-packages/airflow/example_dags/example_xcom.py took 0.036 seconds
[2021-02-25 17:16:58,263] {scheduler_job.py:181} INFO - Started process (PID=184944) to work on /home/i-sip_iot/anaconda3/envs/sandbox/lib/python3.7/site-packages/airflow/example_dags/example_xcom.py
[2021-02-25 17:16:58,264] {scheduler_job.py:629} INFO - Processing file /home/i-sip_iot/anaconda3/envs/sandbox/lib/python3.7/site-packages/airflow/example_dags/example_xcom.py for tasks to queue
[2021-02-25 17:16:58,264] {logging_mixin.py:103} INFO - [2021-02-25 17:16:58,264] {dagbag.py:440} INFO - Filling up the DagBag from /home/i-sip_iot/anaconda3/envs/sandbox/lib/python3.7/site-packages/airflow/example_dags/example_xcom.py
[2021-02-25 17:16:58,272] {scheduler_job.py:639} INFO - DAG(s) dict_keys(['example_xcom']) retrieved from /home/i-sip_iot/anaconda3/envs/sandbox/lib/python3.7/site-packages/airflow/example_dags/example_xcom.py
[2021-02-25 17:16:58,273] {logging_mixin.py:103} INFO - [2021-02-25 17:16:58,272] {dag.py:1813} INFO - Sync 1 DAGs
[2021-02-25 17:16:58,285] {logging_mixin.py:103} INFO - [2021-02-25 17:16:58,285] {dag.py:2266} INFO - Setting next_dagrun for example_xcom to 2021-02-23 00:00:00+00:00
[2021-02-25 17:16:58,292] {scheduler_job.py:189} INFO - Processing /home/i-sip_iot/anaconda3/envs/sandbox/lib/python3.7/site-packages/airflow/example_dags/example_xcom.py took 0.032 seconds
[2021-02-25 17:17:25,082] {scheduler_job.py:181} INFO - Started process (PID=185024) to work on /home/i-sip_iot/anaconda3/envs/sandbox/lib/python3.7/site-packages/airflow/example_dags/example_xcom.py
[2021-02-25 17:17:25,083] {scheduler_job.py:629} INFO - Processing file /home/i-sip_iot/anaconda3/envs/sandbox/lib/python3.7/site-packages/airflow/example_dags/example_xcom.py for tasks to queue
[2021-02-25 17:17:25,083] {logging_mixin.py:103} INFO - [2021-02-25 17:17:25,083] {dagbag.py:440} INFO - Filling up the DagBag from /home/i-sip_iot/anaconda3/envs/sandbox/lib/python3.7/site-packages/airflow/example_dags/example_xcom.py
[2021-02-25 17:17:25,093] {scheduler_job.py:639} INFO - DAG(s) dict_keys(['example_xcom']) retrieved from /home/i-sip_iot/anaconda3/envs/sandbox/lib/python3.7/site-packages/airflow/example_dags/example_xcom.py
[2021-02-25 17:17:25,094] {logging_mixin.py:103} INFO - [2021-02-25 17:17:25,094] {dag.py:1813} INFO - Sync 1 DAGs
[2021-02-25 17:17:25,110] {logging_mixin.py:103} INFO - [2021-02-25 17:17:25,110] {dag.py:2266} INFO - Setting next_dagrun for example_xcom to 2021-02-23 00:00:00+00:00
[2021-02-25 17:17:25,120] {scheduler_job.py:189} INFO - Processing /home/i-sip_iot/anaconda3/envs/sandbox/lib/python3.7/site-packages/airflow/example_dags/example_xcom.py took 0.041 seconds
[2021-02-25 17:17:52,639] {scheduler_job.py:181} INFO - Started process (PID=185256) to work on /home/i-sip_iot/anaconda3/envs/sandbox/lib/python3.7/site-packages/airflow/example_dags/example_xcom.py
[2021-02-25 17:17:52,640] {scheduler_job.py:629} INFO - Processing file /home/i-sip_iot/anaconda3/envs/sandbox/lib/python3.7/site-packages/airflow/example_dags/example_xcom.py for tasks to queue
[2021-02-25 17:17:52,640] {logging_mixin.py:103} INFO - [2021-02-25 17:17:52,640] {dagbag.py:440} INFO - Filling up the DagBag from /home/i-sip_iot/anaconda3/envs/sandbox/lib/python3.7/site-packages/airflow/example_dags/example_xcom.py
[2021-02-25 17:17:52,647] {scheduler_job.py:639} INFO - DAG(s) dict_keys(['example_xcom']) retrieved from /home/i-sip_iot/anaconda3/envs/sandbox/lib/python3.7/site-packages/airflow/example_dags/example_xcom.py
[2021-02-25 17:17:52,648] {logging_mixin.py:103} INFO - [2021-02-25 17:17:52,648] {dag.py:1813} INFO - Sync 1 DAGs
[2021-02-25 17:17:52,657] {logging_mixin.py:103} INFO - [2021-02-25 17:17:52,657] {dag.py:2266} INFO - Setting next_dagrun for example_xcom to 2021-02-23 00:00:00+00:00
[2021-02-25 17:17:52,665] {scheduler_job.py:189} INFO - Processing /home/i-sip_iot/anaconda3/envs/sandbox/lib/python3.7/site-packages/airflow/example_dags/example_xcom.py took 0.028 seconds
[2021-02-25 17:18:19,552] {scheduler_job.py:181} INFO - Started process (PID=185318) to work on /home/i-sip_iot/anaconda3/envs/sandbox/lib/python3.7/site-packages/airflow/example_dags/example_xcom.py
[2021-02-25 17:18:19,554] {scheduler_job.py:629} INFO - Processing file /home/i-sip_iot/anaconda3/envs/sandbox/lib/python3.7/site-packages/airflow/example_dags/example_xcom.py for tasks to queue
[2021-02-25 17:18:19,555] {logging_mixin.py:103} INFO - [2021-02-25 17:18:19,555] {dagbag.py:440} INFO - Filling up the DagBag from /home/i-sip_iot/anaconda3/envs/sandbox/lib/python3.7/site-packages/airflow/example_dags/example_xcom.py
[2021-02-25 17:18:19,574] {scheduler_job.py:639} INFO - DAG(s) dict_keys(['example_xcom']) retrieved from /home/i-sip_iot/anaconda3/envs/sandbox/lib/python3.7/site-packages/airflow/example_dags/example_xcom.py
[2021-02-25 17:18:19,575] {logging_mixin.py:103} INFO - [2021-02-25 17:18:19,575] {dag.py:1813} INFO - Sync 1 DAGs
[2021-02-25 17:18:19,590] {logging_mixin.py:103} INFO - [2021-02-25 17:18:19,590] {dag.py:2266} INFO - Setting next_dagrun for example_xcom to 2021-02-23 00:00:00+00:00
[2021-02-25 17:18:19,599] {scheduler_job.py:189} INFO - Processing /home/i-sip_iot/anaconda3/envs/sandbox/lib/python3.7/site-packages/airflow/example_dags/example_xcom.py took 0.053 seconds
[2021-02-25 17:18:47,463] {scheduler_job.py:181} INFO - Started process (PID=185553) to work on /home/i-sip_iot/anaconda3/envs/sandbox/lib/python3.7/site-packages/airflow/example_dags/example_xcom.py
[2021-02-25 17:18:47,464] {scheduler_job.py:629} INFO - Processing file /home/i-sip_iot/anaconda3/envs/sandbox/lib/python3.7/site-packages/airflow/example_dags/example_xcom.py for tasks to queue
[2021-02-25 17:18:47,464] {logging_mixin.py:103} INFO - [2021-02-25 17:18:47,464] {dagbag.py:440} INFO - Filling up the DagBag from /home/i-sip_iot/anaconda3/envs/sandbox/lib/python3.7/site-packages/airflow/example_dags/example_xcom.py
[2021-02-25 17:18:47,471] {scheduler_job.py:639} INFO - DAG(s) dict_keys(['example_xcom']) retrieved from /home/i-sip_iot/anaconda3/envs/sandbox/lib/python3.7/site-packages/airflow/example_dags/example_xcom.py
[2021-02-25 17:18:47,471] {logging_mixin.py:103} INFO - [2021-02-25 17:18:47,471] {dag.py:1813} INFO - Sync 1 DAGs
[2021-02-25 17:18:47,481] {logging_mixin.py:103} INFO - [2021-02-25 17:18:47,481] {dag.py:2266} INFO - Setting next_dagrun for example_xcom to 2021-02-23 00:00:00+00:00
[2021-02-25 17:18:47,488] {scheduler_job.py:189} INFO - Processing /home/i-sip_iot/anaconda3/envs/sandbox/lib/python3.7/site-packages/airflow/example_dags/example_xcom.py took 0.027 seconds
[2021-02-25 17:19:14,355] {scheduler_job.py:181} INFO - Started process (PID=185630) to work on /home/i-sip_iot/anaconda3/envs/sandbox/lib/python3.7/site-packages/airflow/example_dags/example_xcom.py
[2021-02-25 17:19:14,356] {scheduler_job.py:629} INFO - Processing file /home/i-sip_iot/anaconda3/envs/sandbox/lib/python3.7/site-packages/airflow/example_dags/example_xcom.py for tasks to queue
[2021-02-25 17:19:14,357] {logging_mixin.py:103} INFO - [2021-02-25 17:19:14,357] {dagbag.py:440} INFO - Filling up the DagBag from /home/i-sip_iot/anaconda3/envs/sandbox/lib/python3.7/site-packages/airflow/example_dags/example_xcom.py
[2021-02-25 17:19:14,366] {scheduler_job.py:639} INFO - DAG(s) dict_keys(['example_xcom']) retrieved from /home/i-sip_iot/anaconda3/envs/sandbox/lib/python3.7/site-packages/airflow/example_dags/example_xcom.py
[2021-02-25 17:19:14,367] {logging_mixin.py:103} INFO - [2021-02-25 17:19:14,367] {dag.py:1813} INFO - Sync 1 DAGs
[2021-02-25 17:19:14,380] {logging_mixin.py:103} INFO - [2021-02-25 17:19:14,380] {dag.py:2266} INFO - Setting next_dagrun for example_xcom to 2021-02-23 00:00:00+00:00
[2021-02-25 17:19:14,388] {scheduler_job.py:189} INFO - Processing /home/i-sip_iot/anaconda3/envs/sandbox/lib/python3.7/site-packages/airflow/example_dags/example_xcom.py took 0.035 seconds
[2021-02-25 17:19:40,717] {scheduler_job.py:181} INFO - Started process (PID=185864) to work on /home/i-sip_iot/anaconda3/envs/sandbox/lib/python3.7/site-packages/airflow/example_dags/example_xcom.py
[2021-02-25 17:19:40,717] {scheduler_job.py:629} INFO - Processing file /home/i-sip_iot/anaconda3/envs/sandbox/lib/python3.7/site-packages/airflow/example_dags/example_xcom.py for tasks to queue
[2021-02-25 17:19:40,718] {logging_mixin.py:103} INFO - [2021-02-25 17:19:40,718] {dagbag.py:440} INFO - Filling up the DagBag from /home/i-sip_iot/anaconda3/envs/sandbox/lib/python3.7/site-packages/airflow/example_dags/example_xcom.py
[2021-02-25 17:19:40,725] {scheduler_job.py:639} INFO - DAG(s) dict_keys(['example_xcom']) retrieved from /home/i-sip_iot/anaconda3/envs/sandbox/lib/python3.7/site-packages/airflow/example_dags/example_xcom.py
[2021-02-25 17:19:40,725] {logging_mixin.py:103} INFO - [2021-02-25 17:19:40,725] {dag.py:1813} INFO - Sync 1 DAGs
[2021-02-25 17:19:40,737] {logging_mixin.py:103} INFO - [2021-02-25 17:19:40,736] {dag.py:2266} INFO - Setting next_dagrun for example_xcom to 2021-02-23 00:00:00+00:00
[2021-02-25 17:19:40,745] {scheduler_job.py:189} INFO - Processing /home/i-sip_iot/anaconda3/envs/sandbox/lib/python3.7/site-packages/airflow/example_dags/example_xcom.py took 0.030 seconds
[2021-02-25 17:20:07,928] {scheduler_job.py:181} INFO - Started process (PID=185930) to work on /home/i-sip_iot/anaconda3/envs/sandbox/lib/python3.7/site-packages/airflow/example_dags/example_xcom.py
[2021-02-25 17:20:07,929] {scheduler_job.py:629} INFO - Processing file /home/i-sip_iot/anaconda3/envs/sandbox/lib/python3.7/site-packages/airflow/example_dags/example_xcom.py for tasks to queue
[2021-02-25 17:20:07,930] {logging_mixin.py:103} INFO - [2021-02-25 17:20:07,930] {dagbag.py:440} INFO - Filling up the DagBag from /home/i-sip_iot/anaconda3/envs/sandbox/lib/python3.7/site-packages/airflow/example_dags/example_xcom.py
[2021-02-25 17:20:07,940] {scheduler_job.py:639} INFO - DAG(s) dict_keys(['example_xcom']) retrieved from /home/i-sip_iot/anaconda3/envs/sandbox/lib/python3.7/site-packages/airflow/example_dags/example_xcom.py
[2021-02-25 17:20:07,941] {logging_mixin.py:103} INFO - [2021-02-25 17:20:07,941] {dag.py:1813} INFO - Sync 1 DAGs
[2021-02-25 17:20:07,955] {logging_mixin.py:103} INFO - [2021-02-25 17:20:07,955] {dag.py:2266} INFO - Setting next_dagrun for example_xcom to 2021-02-23 00:00:00+00:00
[2021-02-25 17:20:07,964] {scheduler_job.py:189} INFO - Processing /home/i-sip_iot/anaconda3/envs/sandbox/lib/python3.7/site-packages/airflow/example_dags/example_xcom.py took 0.039 seconds
[2021-02-25 17:20:35,669] {scheduler_job.py:181} INFO - Started process (PID=186011) to work on /home/i-sip_iot/anaconda3/envs/sandbox/lib/python3.7/site-packages/airflow/example_dags/example_xcom.py
[2021-02-25 17:20:35,670] {scheduler_job.py:629} INFO - Processing file /home/i-sip_iot/anaconda3/envs/sandbox/lib/python3.7/site-packages/airflow/example_dags/example_xcom.py for tasks to queue
[2021-02-25 17:20:35,671] {logging_mixin.py:103} INFO - [2021-02-25 17:20:35,671] {dagbag.py:440} INFO - Filling up the DagBag from /home/i-sip_iot/anaconda3/envs/sandbox/lib/python3.7/site-packages/airflow/example_dags/example_xcom.py
[2021-02-25 17:20:35,686] {scheduler_job.py:639} INFO - DAG(s) dict_keys(['example_xcom']) retrieved from /home/i-sip_iot/anaconda3/envs/sandbox/lib/python3.7/site-packages/airflow/example_dags/example_xcom.py
[2021-02-25 17:20:35,688] {logging_mixin.py:103} INFO - [2021-02-25 17:20:35,688] {dag.py:1813} INFO - Sync 1 DAGs
[2021-02-25 17:20:35,705] {logging_mixin.py:103} INFO - [2021-02-25 17:20:35,705] {dag.py:2266} INFO - Setting next_dagrun for example_xcom to 2021-02-23 00:00:00+00:00
[2021-02-25 17:20:35,714] {scheduler_job.py:189} INFO - Processing /home/i-sip_iot/anaconda3/envs/sandbox/lib/python3.7/site-packages/airflow/example_dags/example_xcom.py took 0.050 seconds
[2021-02-25 17:21:03,041] {scheduler_job.py:181} INFO - Started process (PID=186273) to work on /home/i-sip_iot/anaconda3/envs/sandbox/lib/python3.7/site-packages/airflow/example_dags/example_xcom.py
[2021-02-25 17:21:03,042] {scheduler_job.py:629} INFO - Processing file /home/i-sip_iot/anaconda3/envs/sandbox/lib/python3.7/site-packages/airflow/example_dags/example_xcom.py for tasks to queue
[2021-02-25 17:21:03,042] {logging_mixin.py:103} INFO - [2021-02-25 17:21:03,042] {dagbag.py:440} INFO - Filling up the DagBag from /home/i-sip_iot/anaconda3/envs/sandbox/lib/python3.7/site-packages/airflow/example_dags/example_xcom.py
[2021-02-25 17:21:03,050] {scheduler_job.py:639} INFO - DAG(s) dict_keys(['example_xcom']) retrieved from /home/i-sip_iot/anaconda3/envs/sandbox/lib/python3.7/site-packages/airflow/example_dags/example_xcom.py
[2021-02-25 17:21:03,050] {logging_mixin.py:103} INFO - [2021-02-25 17:21:03,050] {dag.py:1813} INFO - Sync 1 DAGs
[2021-02-25 17:21:03,061] {logging_mixin.py:103} INFO - [2021-02-25 17:21:03,061] {dag.py:2266} INFO - Setting next_dagrun for example_xcom to 2021-02-23 00:00:00+00:00
[2021-02-25 17:21:03,070] {scheduler_job.py:189} INFO - Processing /home/i-sip_iot/anaconda3/envs/sandbox/lib/python3.7/site-packages/airflow/example_dags/example_xcom.py took 0.032 seconds
[2021-02-25 17:21:30,017] {scheduler_job.py:181} INFO - Started process (PID=186318) to work on /home/i-sip_iot/anaconda3/envs/sandbox/lib/python3.7/site-packages/airflow/example_dags/example_xcom.py
[2021-02-25 17:21:30,019] {scheduler_job.py:629} INFO - Processing file /home/i-sip_iot/anaconda3/envs/sandbox/lib/python3.7/site-packages/airflow/example_dags/example_xcom.py for tasks to queue
[2021-02-25 17:21:30,021] {logging_mixin.py:103} INFO - [2021-02-25 17:21:30,020] {dagbag.py:440} INFO - Filling up the DagBag from /home/i-sip_iot/anaconda3/envs/sandbox/lib/python3.7/site-packages/airflow/example_dags/example_xcom.py
[2021-02-25 17:21:30,037] {scheduler_job.py:639} INFO - DAG(s) dict_keys(['example_xcom']) retrieved from /home/i-sip_iot/anaconda3/envs/sandbox/lib/python3.7/site-packages/airflow/example_dags/example_xcom.py
[2021-02-25 17:21:30,039] {logging_mixin.py:103} INFO - [2021-02-25 17:21:30,038] {dag.py:1813} INFO - Sync 1 DAGs
[2021-02-25 17:21:30,053] {logging_mixin.py:103} INFO - [2021-02-25 17:21:30,053] {dag.py:2266} INFO - Setting next_dagrun for example_xcom to 2021-02-23 00:00:00+00:00
[2021-02-25 17:21:30,061] {scheduler_job.py:189} INFO - Processing /home/i-sip_iot/anaconda3/envs/sandbox/lib/python3.7/site-packages/airflow/example_dags/example_xcom.py took 0.050 seconds
[2021-02-25 17:21:57,294] {scheduler_job.py:181} INFO - Started process (PID=186564) to work on /home/i-sip_iot/anaconda3/envs/sandbox/lib/python3.7/site-packages/airflow/example_dags/example_xcom.py
[2021-02-25 17:21:57,296] {scheduler_job.py:629} INFO - Processing file /home/i-sip_iot/anaconda3/envs/sandbox/lib/python3.7/site-packages/airflow/example_dags/example_xcom.py for tasks to queue
[2021-02-25 17:21:57,298] {logging_mixin.py:103} INFO - [2021-02-25 17:21:57,297] {dagbag.py:440} INFO - Filling up the DagBag from /home/i-sip_iot/anaconda3/envs/sandbox/lib/python3.7/site-packages/airflow/example_dags/example_xcom.py
[2021-02-25 17:21:57,317] {scheduler_job.py:639} INFO - DAG(s) dict_keys(['example_xcom']) retrieved from /home/i-sip_iot/anaconda3/envs/sandbox/lib/python3.7/site-packages/airflow/example_dags/example_xcom.py
[2021-02-25 17:21:57,318] {logging_mixin.py:103} INFO - [2021-02-25 17:21:57,318] {dag.py:1813} INFO - Sync 1 DAGs
[2021-02-25 17:21:57,334] {logging_mixin.py:103} INFO - [2021-02-25 17:21:57,334] {dag.py:2266} INFO - Setting next_dagrun for example_xcom to 2021-02-23 00:00:00+00:00
[2021-02-25 17:21:57,343] {scheduler_job.py:189} INFO - Processing /home/i-sip_iot/anaconda3/envs/sandbox/lib/python3.7/site-packages/airflow/example_dags/example_xcom.py took 0.054 seconds
[2021-02-25 17:22:24,937] {scheduler_job.py:181} INFO - Started process (PID=186603) to work on /home/i-sip_iot/anaconda3/envs/sandbox/lib/python3.7/site-packages/airflow/example_dags/example_xcom.py
[2021-02-25 17:22:24,937] {scheduler_job.py:629} INFO - Processing file /home/i-sip_iot/anaconda3/envs/sandbox/lib/python3.7/site-packages/airflow/example_dags/example_xcom.py for tasks to queue
[2021-02-25 17:22:24,938] {logging_mixin.py:103} INFO - [2021-02-25 17:22:24,938] {dagbag.py:440} INFO - Filling up the DagBag from /home/i-sip_iot/anaconda3/envs/sandbox/lib/python3.7/site-packages/airflow/example_dags/example_xcom.py
[2021-02-25 17:22:24,942] {scheduler_job.py:639} INFO - DAG(s) dict_keys(['example_xcom']) retrieved from /home/i-sip_iot/anaconda3/envs/sandbox/lib/python3.7/site-packages/airflow/example_dags/example_xcom.py
[2021-02-25 17:22:24,943] {logging_mixin.py:103} INFO - [2021-02-25 17:22:24,943] {dag.py:1813} INFO - Sync 1 DAGs
[2021-02-25 17:22:24,952] {logging_mixin.py:103} INFO - [2021-02-25 17:22:24,952] {dag.py:2266} INFO - Setting next_dagrun for example_xcom to 2021-02-23 00:00:00+00:00
[2021-02-25 17:22:24,960] {scheduler_job.py:189} INFO - Processing /home/i-sip_iot/anaconda3/envs/sandbox/lib/python3.7/site-packages/airflow/example_dags/example_xcom.py took 0.024 seconds
[2021-02-25 17:22:52,350] {scheduler_job.py:181} INFO - Started process (PID=186829) to work on /home/i-sip_iot/anaconda3/envs/sandbox/lib/python3.7/site-packages/airflow/example_dags/example_xcom.py
[2021-02-25 17:22:52,351] {scheduler_job.py:629} INFO - Processing file /home/i-sip_iot/anaconda3/envs/sandbox/lib/python3.7/site-packages/airflow/example_dags/example_xcom.py for tasks to queue
[2021-02-25 17:22:52,352] {logging_mixin.py:103} INFO - [2021-02-25 17:22:52,351] {dagbag.py:440} INFO - Filling up the DagBag from /home/i-sip_iot/anaconda3/envs/sandbox/lib/python3.7/site-packages/airflow/example_dags/example_xcom.py
[2021-02-25 17:22:52,360] {scheduler_job.py:639} INFO - DAG(s) dict_keys(['example_xcom']) retrieved from /home/i-sip_iot/anaconda3/envs/sandbox/lib/python3.7/site-packages/airflow/example_dags/example_xcom.py
[2021-02-25 17:22:52,361] {logging_mixin.py:103} INFO - [2021-02-25 17:22:52,361] {dag.py:1813} INFO - Sync 1 DAGs
[2021-02-25 17:22:52,372] {logging_mixin.py:103} INFO - [2021-02-25 17:22:52,372] {dag.py:2266} INFO - Setting next_dagrun for example_xcom to 2021-02-23 00:00:00+00:00
[2021-02-25 17:22:52,379] {scheduler_job.py:189} INFO - Processing /home/i-sip_iot/anaconda3/envs/sandbox/lib/python3.7/site-packages/airflow/example_dags/example_xcom.py took 0.032 seconds
[2021-02-25 17:23:19,237] {scheduler_job.py:181} INFO - Started process (PID=186889) to work on /home/i-sip_iot/anaconda3/envs/sandbox/lib/python3.7/site-packages/airflow/example_dags/example_xcom.py
[2021-02-25 17:23:19,237] {scheduler_job.py:629} INFO - Processing file /home/i-sip_iot/anaconda3/envs/sandbox/lib/python3.7/site-packages/airflow/example_dags/example_xcom.py for tasks to queue
[2021-02-25 17:23:19,237] {logging_mixin.py:103} INFO - [2021-02-25 17:23:19,237] {dagbag.py:440} INFO - Filling up the DagBag from /home/i-sip_iot/anaconda3/envs/sandbox/lib/python3.7/site-packages/airflow/example_dags/example_xcom.py
[2021-02-25 17:23:19,243] {scheduler_job.py:639} INFO - DAG(s) dict_keys(['example_xcom']) retrieved from /home/i-sip_iot/anaconda3/envs/sandbox/lib/python3.7/site-packages/airflow/example_dags/example_xcom.py
[2021-02-25 17:23:19,244] {logging_mixin.py:103} INFO - [2021-02-25 17:23:19,244] {dag.py:1813} INFO - Sync 1 DAGs
[2021-02-25 17:23:19,253] {logging_mixin.py:103} INFO - [2021-02-25 17:23:19,253] {dag.py:2266} INFO - Setting next_dagrun for example_xcom to 2021-02-23 00:00:00+00:00
[2021-02-25 17:23:19,260] {scheduler_job.py:189} INFO - Processing /home/i-sip_iot/anaconda3/envs/sandbox/lib/python3.7/site-packages/airflow/example_dags/example_xcom.py took 0.025 seconds
[2021-02-25 17:23:46,141] {scheduler_job.py:181} INFO - Started process (PID=187134) to work on /home/i-sip_iot/anaconda3/envs/sandbox/lib/python3.7/site-packages/airflow/example_dags/example_xcom.py
[2021-02-25 17:23:46,142] {scheduler_job.py:629} INFO - Processing file /home/i-sip_iot/anaconda3/envs/sandbox/lib/python3.7/site-packages/airflow/example_dags/example_xcom.py for tasks to queue
[2021-02-25 17:23:46,142] {logging_mixin.py:103} INFO - [2021-02-25 17:23:46,142] {dagbag.py:440} INFO - Filling up the DagBag from /home/i-sip_iot/anaconda3/envs/sandbox/lib/python3.7/site-packages/airflow/example_dags/example_xcom.py
[2021-02-25 17:23:46,149] {scheduler_job.py:639} INFO - DAG(s) dict_keys(['example_xcom']) retrieved from /home/i-sip_iot/anaconda3/envs/sandbox/lib/python3.7/site-packages/airflow/example_dags/example_xcom.py
[2021-02-25 17:23:46,150] {logging_mixin.py:103} INFO - [2021-02-25 17:23:46,150] {dag.py:1813} INFO - Sync 1 DAGs
[2021-02-25 17:23:46,160] {logging_mixin.py:103} INFO - [2021-02-25 17:23:46,160] {dag.py:2266} INFO - Setting next_dagrun for example_xcom to 2021-02-23 00:00:00+00:00
[2021-02-25 17:23:46,170] {scheduler_job.py:189} INFO - Processing /home/i-sip_iot/anaconda3/envs/sandbox/lib/python3.7/site-packages/airflow/example_dags/example_xcom.py took 0.030 seconds
[2021-02-25 17:24:13,497] {scheduler_job.py:181} INFO - Started process (PID=187212) to work on /home/i-sip_iot/anaconda3/envs/sandbox/lib/python3.7/site-packages/airflow/example_dags/example_xcom.py
[2021-02-25 17:24:13,498] {scheduler_job.py:629} INFO - Processing file /home/i-sip_iot/anaconda3/envs/sandbox/lib/python3.7/site-packages/airflow/example_dags/example_xcom.py for tasks to queue
[2021-02-25 17:24:13,498] {logging_mixin.py:103} INFO - [2021-02-25 17:24:13,498] {dagbag.py:440} INFO - Filling up the DagBag from /home/i-sip_iot/anaconda3/envs/sandbox/lib/python3.7/site-packages/airflow/example_dags/example_xcom.py
[2021-02-25 17:24:13,504] {scheduler_job.py:639} INFO - DAG(s) dict_keys(['example_xcom']) retrieved from /home/i-sip_iot/anaconda3/envs/sandbox/lib/python3.7/site-packages/airflow/example_dags/example_xcom.py
[2021-02-25 17:24:13,504] {logging_mixin.py:103} INFO - [2021-02-25 17:24:13,504] {dag.py:1813} INFO - Sync 1 DAGs
[2021-02-25 17:24:13,513] {logging_mixin.py:103} INFO - [2021-02-25 17:24:13,513] {dag.py:2266} INFO - Setting next_dagrun for example_xcom to 2021-02-23 00:00:00+00:00
[2021-02-25 17:24:13,520] {scheduler_job.py:189} INFO - Processing /home/i-sip_iot/anaconda3/envs/sandbox/lib/python3.7/site-packages/airflow/example_dags/example_xcom.py took 0.025 seconds
[2021-02-25 17:24:40,622] {scheduler_job.py:181} INFO - Started process (PID=187440) to work on /home/i-sip_iot/anaconda3/envs/sandbox/lib/python3.7/site-packages/airflow/example_dags/example_xcom.py
[2021-02-25 17:24:40,624] {scheduler_job.py:629} INFO - Processing file /home/i-sip_iot/anaconda3/envs/sandbox/lib/python3.7/site-packages/airflow/example_dags/example_xcom.py for tasks to queue
[2021-02-25 17:24:40,625] {logging_mixin.py:103} INFO - [2021-02-25 17:24:40,625] {dagbag.py:440} INFO - Filling up the DagBag from /home/i-sip_iot/anaconda3/envs/sandbox/lib/python3.7/site-packages/airflow/example_dags/example_xcom.py
[2021-02-25 17:24:40,636] {scheduler_job.py:639} INFO - DAG(s) dict_keys(['example_xcom']) retrieved from /home/i-sip_iot/anaconda3/envs/sandbox/lib/python3.7/site-packages/airflow/example_dags/example_xcom.py
[2021-02-25 17:24:40,637] {logging_mixin.py:103} INFO - [2021-02-25 17:24:40,637] {dag.py:1813} INFO - Sync 1 DAGs
[2021-02-25 17:24:40,651] {logging_mixin.py:103} INFO - [2021-02-25 17:24:40,651] {dag.py:2266} INFO - Setting next_dagrun for example_xcom to 2021-02-23 00:00:00+00:00
[2021-02-25 17:24:40,658] {scheduler_job.py:189} INFO - Processing /home/i-sip_iot/anaconda3/envs/sandbox/lib/python3.7/site-packages/airflow/example_dags/example_xcom.py took 0.042 seconds
[2021-02-25 17:25:07,502] {scheduler_job.py:181} INFO - Started process (PID=187530) to work on /home/i-sip_iot/anaconda3/envs/sandbox/lib/python3.7/site-packages/airflow/example_dags/example_xcom.py
[2021-02-25 17:25:07,503] {scheduler_job.py:629} INFO - Processing file /home/i-sip_iot/anaconda3/envs/sandbox/lib/python3.7/site-packages/airflow/example_dags/example_xcom.py for tasks to queue
[2021-02-25 17:25:07,503] {logging_mixin.py:103} INFO - [2021-02-25 17:25:07,503] {dagbag.py:440} INFO - Filling up the DagBag from /home/i-sip_iot/anaconda3/envs/sandbox/lib/python3.7/site-packages/airflow/example_dags/example_xcom.py
[2021-02-25 17:25:07,510] {scheduler_job.py:639} INFO - DAG(s) dict_keys(['example_xcom']) retrieved from /home/i-sip_iot/anaconda3/envs/sandbox/lib/python3.7/site-packages/airflow/example_dags/example_xcom.py
[2021-02-25 17:25:07,511] {logging_mixin.py:103} INFO - [2021-02-25 17:25:07,511] {dag.py:1813} INFO - Sync 1 DAGs
[2021-02-25 17:25:07,523] {logging_mixin.py:103} INFO - [2021-02-25 17:25:07,523] {dag.py:2266} INFO - Setting next_dagrun for example_xcom to 2021-02-23 00:00:00+00:00
[2021-02-25 17:25:07,534] {scheduler_job.py:189} INFO - Processing /home/i-sip_iot/anaconda3/envs/sandbox/lib/python3.7/site-packages/airflow/example_dags/example_xcom.py took 0.033 seconds
[2021-02-25 17:25:35,503] {scheduler_job.py:181} INFO - Started process (PID=187591) to work on /home/i-sip_iot/anaconda3/envs/sandbox/lib/python3.7/site-packages/airflow/example_dags/example_xcom.py
[2021-02-25 17:25:35,504] {scheduler_job.py:629} INFO - Processing file /home/i-sip_iot/anaconda3/envs/sandbox/lib/python3.7/site-packages/airflow/example_dags/example_xcom.py for tasks to queue
[2021-02-25 17:25:35,504] {logging_mixin.py:103} INFO - [2021-02-25 17:25:35,504] {dagbag.py:440} INFO - Filling up the DagBag from /home/i-sip_iot/anaconda3/envs/sandbox/lib/python3.7/site-packages/airflow/example_dags/example_xcom.py
[2021-02-25 17:25:35,510] {scheduler_job.py:639} INFO - DAG(s) dict_keys(['example_xcom']) retrieved from /home/i-sip_iot/anaconda3/envs/sandbox/lib/python3.7/site-packages/airflow/example_dags/example_xcom.py
[2021-02-25 17:25:35,510] {logging_mixin.py:103} INFO - [2021-02-25 17:25:35,510] {dag.py:1813} INFO - Sync 1 DAGs
[2021-02-25 17:25:35,519] {logging_mixin.py:103} INFO - [2021-02-25 17:25:35,519] {dag.py:2266} INFO - Setting next_dagrun for example_xcom to 2021-02-23 00:00:00+00:00
[2021-02-25 17:25:35,526] {scheduler_job.py:189} INFO - Processing /home/i-sip_iot/anaconda3/envs/sandbox/lib/python3.7/site-packages/airflow/example_dags/example_xcom.py took 0.024 seconds
[2021-02-25 17:26:01,819] {scheduler_job.py:181} INFO - Started process (PID=187868) to work on /home/i-sip_iot/anaconda3/envs/sandbox/lib/python3.7/site-packages/airflow/example_dags/example_xcom.py
[2021-02-25 17:26:01,821] {scheduler_job.py:629} INFO - Processing file /home/i-sip_iot/anaconda3/envs/sandbox/lib/python3.7/site-packages/airflow/example_dags/example_xcom.py for tasks to queue
[2021-02-25 17:26:01,823] {logging_mixin.py:103} INFO - [2021-02-25 17:26:01,822] {dagbag.py:440} INFO - Filling up the DagBag from /home/i-sip_iot/anaconda3/envs/sandbox/lib/python3.7/site-packages/airflow/example_dags/example_xcom.py
[2021-02-25 17:26:01,839] {scheduler_job.py:639} INFO - DAG(s) dict_keys(['example_xcom']) retrieved from /home/i-sip_iot/anaconda3/envs/sandbox/lib/python3.7/site-packages/airflow/example_dags/example_xcom.py
[2021-02-25 17:26:01,840] {logging_mixin.py:103} INFO - [2021-02-25 17:26:01,840] {dag.py:1813} INFO - Sync 1 DAGs
[2021-02-25 17:26:01,854] {logging_mixin.py:103} INFO - [2021-02-25 17:26:01,854] {dag.py:2266} INFO - Setting next_dagrun for example_xcom to 2021-02-23 00:00:00+00:00
[2021-02-25 17:26:01,865] {scheduler_job.py:189} INFO - Processing /home/i-sip_iot/anaconda3/envs/sandbox/lib/python3.7/site-packages/airflow/example_dags/example_xcom.py took 0.053 seconds
[2021-02-25 17:26:29,443] {scheduler_job.py:181} INFO - Started process (PID=187951) to work on /home/i-sip_iot/anaconda3/envs/sandbox/lib/python3.7/site-packages/airflow/example_dags/example_xcom.py
[2021-02-25 17:26:29,444] {scheduler_job.py:629} INFO - Processing file /home/i-sip_iot/anaconda3/envs/sandbox/lib/python3.7/site-packages/airflow/example_dags/example_xcom.py for tasks to queue
[2021-02-25 17:26:29,444] {logging_mixin.py:103} INFO - [2021-02-25 17:26:29,444] {dagbag.py:440} INFO - Filling up the DagBag from /home/i-sip_iot/anaconda3/envs/sandbox/lib/python3.7/site-packages/airflow/example_dags/example_xcom.py
[2021-02-25 17:26:29,449] {scheduler_job.py:639} INFO - DAG(s) dict_keys(['example_xcom']) retrieved from /home/i-sip_iot/anaconda3/envs/sandbox/lib/python3.7/site-packages/airflow/example_dags/example_xcom.py
[2021-02-25 17:26:29,449] {logging_mixin.py:103} INFO - [2021-02-25 17:26:29,449] {dag.py:1813} INFO - Sync 1 DAGs
[2021-02-25 17:26:29,458] {logging_mixin.py:103} INFO - [2021-02-25 17:26:29,458] {dag.py:2266} INFO - Setting next_dagrun for example_xcom to 2021-02-23 00:00:00+00:00
[2021-02-25 17:26:29,466] {scheduler_job.py:189} INFO - Processing /home/i-sip_iot/anaconda3/envs/sandbox/lib/python3.7/site-packages/airflow/example_dags/example_xcom.py took 0.024 seconds
[2021-02-25 17:26:56,706] {scheduler_job.py:181} INFO - Started process (PID=188211) to work on /home/i-sip_iot/anaconda3/envs/sandbox/lib/python3.7/site-packages/airflow/example_dags/example_xcom.py
[2021-02-25 17:26:56,707] {scheduler_job.py:629} INFO - Processing file /home/i-sip_iot/anaconda3/envs/sandbox/lib/python3.7/site-packages/airflow/example_dags/example_xcom.py for tasks to queue
[2021-02-25 17:26:56,707] {logging_mixin.py:103} INFO - [2021-02-25 17:26:56,707] {dagbag.py:440} INFO - Filling up the DagBag from /home/i-sip_iot/anaconda3/envs/sandbox/lib/python3.7/site-packages/airflow/example_dags/example_xcom.py
[2021-02-25 17:26:56,712] {scheduler_job.py:639} INFO - DAG(s) dict_keys(['example_xcom']) retrieved from /home/i-sip_iot/anaconda3/envs/sandbox/lib/python3.7/site-packages/airflow/example_dags/example_xcom.py
[2021-02-25 17:26:56,713] {logging_mixin.py:103} INFO - [2021-02-25 17:26:56,713] {dag.py:1813} INFO - Sync 1 DAGs
[2021-02-25 17:26:56,722] {logging_mixin.py:103} INFO - [2021-02-25 17:26:56,722] {dag.py:2266} INFO - Setting next_dagrun for example_xcom to 2021-02-23 00:00:00+00:00
[2021-02-25 17:26:56,731] {scheduler_job.py:189} INFO - Processing /home/i-sip_iot/anaconda3/envs/sandbox/lib/python3.7/site-packages/airflow/example_dags/example_xcom.py took 0.027 seconds
[2021-02-25 17:27:22,453] {scheduler_job.py:181} INFO - Started process (PID=188292) to work on /home/i-sip_iot/anaconda3/envs/sandbox/lib/python3.7/site-packages/airflow/example_dags/example_xcom.py
[2021-02-25 17:27:22,455] {scheduler_job.py:629} INFO - Processing file /home/i-sip_iot/anaconda3/envs/sandbox/lib/python3.7/site-packages/airflow/example_dags/example_xcom.py for tasks to queue
[2021-02-25 17:27:22,455] {logging_mixin.py:103} INFO - [2021-02-25 17:27:22,455] {dagbag.py:440} INFO - Filling up the DagBag from /home/i-sip_iot/anaconda3/envs/sandbox/lib/python3.7/site-packages/airflow/example_dags/example_xcom.py
[2021-02-25 17:27:22,464] {scheduler_job.py:639} INFO - DAG(s) dict_keys(['example_xcom']) retrieved from /home/i-sip_iot/anaconda3/envs/sandbox/lib/python3.7/site-packages/airflow/example_dags/example_xcom.py
[2021-02-25 17:27:22,464] {logging_mixin.py:103} INFO - [2021-02-25 17:27:22,464] {dag.py:1813} INFO - Sync 1 DAGs
[2021-02-25 17:27:22,475] {logging_mixin.py:103} INFO - [2021-02-25 17:27:22,475] {dag.py:2266} INFO - Setting next_dagrun for example_xcom to 2021-02-23 00:00:00+00:00
[2021-02-25 17:27:22,483] {scheduler_job.py:189} INFO - Processing /home/i-sip_iot/anaconda3/envs/sandbox/lib/python3.7/site-packages/airflow/example_dags/example_xcom.py took 0.032 seconds
