[2021-02-25 17:15:26,605] {scheduler_job.py:181} INFO - Started process (PID=184372) to work on /home/i-sip_iot/anaconda3/envs/sandbox/lib/python3.7/site-packages/airflow/example_dags/example_xcomargs.py
[2021-02-25 17:15:26,607] {scheduler_job.py:629} INFO - Processing file /home/i-sip_iot/anaconda3/envs/sandbox/lib/python3.7/site-packages/airflow/example_dags/example_xcomargs.py for tasks to queue
[2021-02-25 17:15:26,609] {logging_mixin.py:103} INFO - [2021-02-25 17:15:26,608] {dagbag.py:440} INFO - Filling up the DagBag from /home/i-sip_iot/anaconda3/envs/sandbox/lib/python3.7/site-packages/airflow/example_dags/example_xcomargs.py
[2021-02-25 17:15:26,629] {scheduler_job.py:639} INFO - DAG(s) dict_keys(['example_xcom_args', 'example_xcom_args_with_operators']) retrieved from /home/i-sip_iot/anaconda3/envs/sandbox/lib/python3.7/site-packages/airflow/example_dags/example_xcomargs.py
[2021-02-25 17:15:26,630] {logging_mixin.py:103} INFO - [2021-02-25 17:15:26,630] {dag.py:1813} INFO - Sync 2 DAGs
[2021-02-25 17:15:26,644] {logging_mixin.py:103} INFO - [2021-02-25 17:15:26,644] {dag.py:2266} INFO - Setting next_dagrun for example_xcom_args to None
[2021-02-25 17:15:26,644] {logging_mixin.py:103} INFO - [2021-02-25 17:15:26,644] {dag.py:2266} INFO - Setting next_dagrun for example_xcom_args_with_operators to None
[2021-02-25 17:15:26,664] {scheduler_job.py:189} INFO - Processing /home/i-sip_iot/anaconda3/envs/sandbox/lib/python3.7/site-packages/airflow/example_dags/example_xcomargs.py took 0.065 seconds
[2021-02-25 17:15:54,140] {scheduler_job.py:181} INFO - Started process (PID=184603) to work on /home/i-sip_iot/anaconda3/envs/sandbox/lib/python3.7/site-packages/airflow/example_dags/example_xcomargs.py
[2021-02-25 17:15:54,142] {scheduler_job.py:629} INFO - Processing file /home/i-sip_iot/anaconda3/envs/sandbox/lib/python3.7/site-packages/airflow/example_dags/example_xcomargs.py for tasks to queue
[2021-02-25 17:15:54,144] {logging_mixin.py:103} INFO - [2021-02-25 17:15:54,143] {dagbag.py:440} INFO - Filling up the DagBag from /home/i-sip_iot/anaconda3/envs/sandbox/lib/python3.7/site-packages/airflow/example_dags/example_xcomargs.py
[2021-02-25 17:15:54,166] {scheduler_job.py:639} INFO - DAG(s) dict_keys(['example_xcom_args', 'example_xcom_args_with_operators']) retrieved from /home/i-sip_iot/anaconda3/envs/sandbox/lib/python3.7/site-packages/airflow/example_dags/example_xcomargs.py
[2021-02-25 17:15:54,167] {logging_mixin.py:103} INFO - [2021-02-25 17:15:54,167] {dag.py:1813} INFO - Sync 2 DAGs
[2021-02-25 17:15:54,181] {logging_mixin.py:103} INFO - [2021-02-25 17:15:54,181] {dag.py:2266} INFO - Setting next_dagrun for example_xcom_args to None
[2021-02-25 17:15:54,181] {logging_mixin.py:103} INFO - [2021-02-25 17:15:54,181] {dag.py:2266} INFO - Setting next_dagrun for example_xcom_args_with_operators to None
[2021-02-25 17:15:54,188] {scheduler_job.py:189} INFO - Processing /home/i-sip_iot/anaconda3/envs/sandbox/lib/python3.7/site-packages/airflow/example_dags/example_xcomargs.py took 0.054 seconds
[2021-02-25 17:16:21,099] {scheduler_job.py:181} INFO - Started process (PID=184677) to work on /home/i-sip_iot/anaconda3/envs/sandbox/lib/python3.7/site-packages/airflow/example_dags/example_xcomargs.py
[2021-02-25 17:16:21,113] {scheduler_job.py:629} INFO - Processing file /home/i-sip_iot/anaconda3/envs/sandbox/lib/python3.7/site-packages/airflow/example_dags/example_xcomargs.py for tasks to queue
[2021-02-25 17:16:21,114] {logging_mixin.py:103} INFO - [2021-02-25 17:16:21,114] {dagbag.py:440} INFO - Filling up the DagBag from /home/i-sip_iot/anaconda3/envs/sandbox/lib/python3.7/site-packages/airflow/example_dags/example_xcomargs.py
[2021-02-25 17:16:21,146] {scheduler_job.py:639} INFO - DAG(s) dict_keys(['example_xcom_args', 'example_xcom_args_with_operators']) retrieved from /home/i-sip_iot/anaconda3/envs/sandbox/lib/python3.7/site-packages/airflow/example_dags/example_xcomargs.py
[2021-02-25 17:16:21,147] {logging_mixin.py:103} INFO - [2021-02-25 17:16:21,147] {dag.py:1813} INFO - Sync 2 DAGs
[2021-02-25 17:16:21,172] {logging_mixin.py:103} INFO - [2021-02-25 17:16:21,172] {dag.py:2266} INFO - Setting next_dagrun for example_xcom_args to None
[2021-02-25 17:16:21,172] {logging_mixin.py:103} INFO - [2021-02-25 17:16:21,172] {dag.py:2266} INFO - Setting next_dagrun for example_xcom_args_with_operators to None
[2021-02-25 17:16:21,198] {scheduler_job.py:189} INFO - Processing /home/i-sip_iot/anaconda3/envs/sandbox/lib/python3.7/site-packages/airflow/example_dags/example_xcomargs.py took 0.102 seconds
[2021-02-25 17:16:49,090] {scheduler_job.py:181} INFO - Started process (PID=184908) to work on /home/i-sip_iot/anaconda3/envs/sandbox/lib/python3.7/site-packages/airflow/example_dags/example_xcomargs.py
[2021-02-25 17:16:49,091] {scheduler_job.py:629} INFO - Processing file /home/i-sip_iot/anaconda3/envs/sandbox/lib/python3.7/site-packages/airflow/example_dags/example_xcomargs.py for tasks to queue
[2021-02-25 17:16:49,091] {logging_mixin.py:103} INFO - [2021-02-25 17:16:49,091] {dagbag.py:440} INFO - Filling up the DagBag from /home/i-sip_iot/anaconda3/envs/sandbox/lib/python3.7/site-packages/airflow/example_dags/example_xcomargs.py
[2021-02-25 17:16:49,099] {scheduler_job.py:639} INFO - DAG(s) dict_keys(['example_xcom_args', 'example_xcom_args_with_operators']) retrieved from /home/i-sip_iot/anaconda3/envs/sandbox/lib/python3.7/site-packages/airflow/example_dags/example_xcomargs.py
[2021-02-25 17:16:49,100] {logging_mixin.py:103} INFO - [2021-02-25 17:16:49,100] {dag.py:1813} INFO - Sync 2 DAGs
[2021-02-25 17:16:49,111] {logging_mixin.py:103} INFO - [2021-02-25 17:16:49,111] {dag.py:2266} INFO - Setting next_dagrun for example_xcom_args to None
[2021-02-25 17:16:49,111] {logging_mixin.py:103} INFO - [2021-02-25 17:16:49,111] {dag.py:2266} INFO - Setting next_dagrun for example_xcom_args_with_operators to None
[2021-02-25 17:16:49,126] {scheduler_job.py:189} INFO - Processing /home/i-sip_iot/anaconda3/envs/sandbox/lib/python3.7/site-packages/airflow/example_dags/example_xcomargs.py took 0.038 seconds
[2021-02-25 17:17:15,942] {scheduler_job.py:181} INFO - Started process (PID=184983) to work on /home/i-sip_iot/anaconda3/envs/sandbox/lib/python3.7/site-packages/airflow/example_dags/example_xcomargs.py
[2021-02-25 17:17:15,943] {scheduler_job.py:629} INFO - Processing file /home/i-sip_iot/anaconda3/envs/sandbox/lib/python3.7/site-packages/airflow/example_dags/example_xcomargs.py for tasks to queue
[2021-02-25 17:17:15,944] {logging_mixin.py:103} INFO - [2021-02-25 17:17:15,944] {dagbag.py:440} INFO - Filling up the DagBag from /home/i-sip_iot/anaconda3/envs/sandbox/lib/python3.7/site-packages/airflow/example_dags/example_xcomargs.py
[2021-02-25 17:17:15,955] {scheduler_job.py:639} INFO - DAG(s) dict_keys(['example_xcom_args', 'example_xcom_args_with_operators']) retrieved from /home/i-sip_iot/anaconda3/envs/sandbox/lib/python3.7/site-packages/airflow/example_dags/example_xcomargs.py
[2021-02-25 17:17:15,956] {logging_mixin.py:103} INFO - [2021-02-25 17:17:15,956] {dag.py:1813} INFO - Sync 2 DAGs
[2021-02-25 17:17:15,968] {logging_mixin.py:103} INFO - [2021-02-25 17:17:15,968] {dag.py:2266} INFO - Setting next_dagrun for example_xcom_args to None
[2021-02-25 17:17:15,968] {logging_mixin.py:103} INFO - [2021-02-25 17:17:15,968] {dag.py:2266} INFO - Setting next_dagrun for example_xcom_args_with_operators to None
[2021-02-25 17:17:15,997] {scheduler_job.py:189} INFO - Processing /home/i-sip_iot/anaconda3/envs/sandbox/lib/python3.7/site-packages/airflow/example_dags/example_xcomargs.py took 0.057 seconds
[2021-02-25 17:17:43,498] {scheduler_job.py:181} INFO - Started process (PID=185227) to work on /home/i-sip_iot/anaconda3/envs/sandbox/lib/python3.7/site-packages/airflow/example_dags/example_xcomargs.py
[2021-02-25 17:17:43,499] {scheduler_job.py:629} INFO - Processing file /home/i-sip_iot/anaconda3/envs/sandbox/lib/python3.7/site-packages/airflow/example_dags/example_xcomargs.py for tasks to queue
[2021-02-25 17:17:43,500] {logging_mixin.py:103} INFO - [2021-02-25 17:17:43,500] {dagbag.py:440} INFO - Filling up the DagBag from /home/i-sip_iot/anaconda3/envs/sandbox/lib/python3.7/site-packages/airflow/example_dags/example_xcomargs.py
[2021-02-25 17:17:43,518] {scheduler_job.py:639} INFO - DAG(s) dict_keys(['example_xcom_args', 'example_xcom_args_with_operators']) retrieved from /home/i-sip_iot/anaconda3/envs/sandbox/lib/python3.7/site-packages/airflow/example_dags/example_xcomargs.py
[2021-02-25 17:17:43,519] {logging_mixin.py:103} INFO - [2021-02-25 17:17:43,519] {dag.py:1813} INFO - Sync 2 DAGs
[2021-02-25 17:17:43,535] {logging_mixin.py:103} INFO - [2021-02-25 17:17:43,535] {dag.py:2266} INFO - Setting next_dagrun for example_xcom_args to None
[2021-02-25 17:17:43,535] {logging_mixin.py:103} INFO - [2021-02-25 17:17:43,535] {dag.py:2266} INFO - Setting next_dagrun for example_xcom_args_with_operators to None
[2021-02-25 17:17:43,544] {scheduler_job.py:189} INFO - Processing /home/i-sip_iot/anaconda3/envs/sandbox/lib/python3.7/site-packages/airflow/example_dags/example_xcomargs.py took 0.052 seconds
[2021-02-25 17:18:10,376] {scheduler_job.py:181} INFO - Started process (PID=185290) to work on /home/i-sip_iot/anaconda3/envs/sandbox/lib/python3.7/site-packages/airflow/example_dags/example_xcomargs.py
[2021-02-25 17:18:10,377] {scheduler_job.py:629} INFO - Processing file /home/i-sip_iot/anaconda3/envs/sandbox/lib/python3.7/site-packages/airflow/example_dags/example_xcomargs.py for tasks to queue
[2021-02-25 17:18:10,377] {logging_mixin.py:103} INFO - [2021-02-25 17:18:10,377] {dagbag.py:440} INFO - Filling up the DagBag from /home/i-sip_iot/anaconda3/envs/sandbox/lib/python3.7/site-packages/airflow/example_dags/example_xcomargs.py
[2021-02-25 17:18:10,385] {scheduler_job.py:639} INFO - DAG(s) dict_keys(['example_xcom_args', 'example_xcom_args_with_operators']) retrieved from /home/i-sip_iot/anaconda3/envs/sandbox/lib/python3.7/site-packages/airflow/example_dags/example_xcomargs.py
[2021-02-25 17:18:10,386] {logging_mixin.py:103} INFO - [2021-02-25 17:18:10,386] {dag.py:1813} INFO - Sync 2 DAGs
[2021-02-25 17:18:10,396] {logging_mixin.py:103} INFO - [2021-02-25 17:18:10,395] {dag.py:2266} INFO - Setting next_dagrun for example_xcom_args to None
[2021-02-25 17:18:10,396] {logging_mixin.py:103} INFO - [2021-02-25 17:18:10,396] {dag.py:2266} INFO - Setting next_dagrun for example_xcom_args_with_operators to None
[2021-02-25 17:18:10,416] {scheduler_job.py:189} INFO - Processing /home/i-sip_iot/anaconda3/envs/sandbox/lib/python3.7/site-packages/airflow/example_dags/example_xcomargs.py took 0.042 seconds
[2021-02-25 17:18:38,378] {scheduler_job.py:181} INFO - Started process (PID=185535) to work on /home/i-sip_iot/anaconda3/envs/sandbox/lib/python3.7/site-packages/airflow/example_dags/example_xcomargs.py
[2021-02-25 17:18:38,378] {scheduler_job.py:629} INFO - Processing file /home/i-sip_iot/anaconda3/envs/sandbox/lib/python3.7/site-packages/airflow/example_dags/example_xcomargs.py for tasks to queue
[2021-02-25 17:18:38,379] {logging_mixin.py:103} INFO - [2021-02-25 17:18:38,378] {dagbag.py:440} INFO - Filling up the DagBag from /home/i-sip_iot/anaconda3/envs/sandbox/lib/python3.7/site-packages/airflow/example_dags/example_xcomargs.py
[2021-02-25 17:18:38,385] {scheduler_job.py:639} INFO - DAG(s) dict_keys(['example_xcom_args', 'example_xcom_args_with_operators']) retrieved from /home/i-sip_iot/anaconda3/envs/sandbox/lib/python3.7/site-packages/airflow/example_dags/example_xcomargs.py
[2021-02-25 17:18:38,385] {logging_mixin.py:103} INFO - [2021-02-25 17:18:38,385] {dag.py:1813} INFO - Sync 2 DAGs
[2021-02-25 17:18:38,394] {logging_mixin.py:103} INFO - [2021-02-25 17:18:38,394] {dag.py:2266} INFO - Setting next_dagrun for example_xcom_args to None
[2021-02-25 17:18:38,394] {logging_mixin.py:103} INFO - [2021-02-25 17:18:38,394] {dag.py:2266} INFO - Setting next_dagrun for example_xcom_args_with_operators to None
[2021-02-25 17:18:38,402] {scheduler_job.py:189} INFO - Processing /home/i-sip_iot/anaconda3/envs/sandbox/lib/python3.7/site-packages/airflow/example_dags/example_xcomargs.py took 0.026 seconds
[2021-02-25 17:19:04,623] {scheduler_job.py:181} INFO - Started process (PID=185613) to work on /home/i-sip_iot/anaconda3/envs/sandbox/lib/python3.7/site-packages/airflow/example_dags/example_xcomargs.py
[2021-02-25 17:19:04,625] {scheduler_job.py:629} INFO - Processing file /home/i-sip_iot/anaconda3/envs/sandbox/lib/python3.7/site-packages/airflow/example_dags/example_xcomargs.py for tasks to queue
[2021-02-25 17:19:04,626] {logging_mixin.py:103} INFO - [2021-02-25 17:19:04,626] {dagbag.py:440} INFO - Filling up the DagBag from /home/i-sip_iot/anaconda3/envs/sandbox/lib/python3.7/site-packages/airflow/example_dags/example_xcomargs.py
[2021-02-25 17:19:04,638] {scheduler_job.py:639} INFO - DAG(s) dict_keys(['example_xcom_args', 'example_xcom_args_with_operators']) retrieved from /home/i-sip_iot/anaconda3/envs/sandbox/lib/python3.7/site-packages/airflow/example_dags/example_xcomargs.py
[2021-02-25 17:19:04,639] {logging_mixin.py:103} INFO - [2021-02-25 17:19:04,639] {dag.py:1813} INFO - Sync 2 DAGs
[2021-02-25 17:19:04,650] {logging_mixin.py:103} INFO - [2021-02-25 17:19:04,650] {dag.py:2266} INFO - Setting next_dagrun for example_xcom_args to None
[2021-02-25 17:19:04,651] {logging_mixin.py:103} INFO - [2021-02-25 17:19:04,650] {dag.py:2266} INFO - Setting next_dagrun for example_xcom_args_with_operators to None
[2021-02-25 17:19:04,673] {scheduler_job.py:189} INFO - Processing /home/i-sip_iot/anaconda3/envs/sandbox/lib/python3.7/site-packages/airflow/example_dags/example_xcomargs.py took 0.054 seconds
[2021-02-25 17:19:31,547] {scheduler_job.py:181} INFO - Started process (PID=185682) to work on /home/i-sip_iot/anaconda3/envs/sandbox/lib/python3.7/site-packages/airflow/example_dags/example_xcomargs.py
[2021-02-25 17:19:31,547] {scheduler_job.py:629} INFO - Processing file /home/i-sip_iot/anaconda3/envs/sandbox/lib/python3.7/site-packages/airflow/example_dags/example_xcomargs.py for tasks to queue
[2021-02-25 17:19:31,548] {logging_mixin.py:103} INFO - [2021-02-25 17:19:31,548] {dagbag.py:440} INFO - Filling up the DagBag from /home/i-sip_iot/anaconda3/envs/sandbox/lib/python3.7/site-packages/airflow/example_dags/example_xcomargs.py
[2021-02-25 17:19:31,555] {scheduler_job.py:639} INFO - DAG(s) dict_keys(['example_xcom_args', 'example_xcom_args_with_operators']) retrieved from /home/i-sip_iot/anaconda3/envs/sandbox/lib/python3.7/site-packages/airflow/example_dags/example_xcomargs.py
[2021-02-25 17:19:31,555] {logging_mixin.py:103} INFO - [2021-02-25 17:19:31,555] {dag.py:1813} INFO - Sync 2 DAGs
[2021-02-25 17:19:31,565] {logging_mixin.py:103} INFO - [2021-02-25 17:19:31,565] {dag.py:2266} INFO - Setting next_dagrun for example_xcom_args to None
[2021-02-25 17:19:31,566] {logging_mixin.py:103} INFO - [2021-02-25 17:19:31,566] {dag.py:2266} INFO - Setting next_dagrun for example_xcom_args_with_operators to None
[2021-02-25 17:19:31,574] {scheduler_job.py:189} INFO - Processing /home/i-sip_iot/anaconda3/envs/sandbox/lib/python3.7/site-packages/airflow/example_dags/example_xcomargs.py took 0.029 seconds
[2021-02-25 17:19:59,582] {scheduler_job.py:181} INFO - Started process (PID=185912) to work on /home/i-sip_iot/anaconda3/envs/sandbox/lib/python3.7/site-packages/airflow/example_dags/example_xcomargs.py
[2021-02-25 17:19:59,582] {scheduler_job.py:629} INFO - Processing file /home/i-sip_iot/anaconda3/envs/sandbox/lib/python3.7/site-packages/airflow/example_dags/example_xcomargs.py for tasks to queue
[2021-02-25 17:19:59,583] {logging_mixin.py:103} INFO - [2021-02-25 17:19:59,583] {dagbag.py:440} INFO - Filling up the DagBag from /home/i-sip_iot/anaconda3/envs/sandbox/lib/python3.7/site-packages/airflow/example_dags/example_xcomargs.py
[2021-02-25 17:19:59,590] {scheduler_job.py:639} INFO - DAG(s) dict_keys(['example_xcom_args', 'example_xcom_args_with_operators']) retrieved from /home/i-sip_iot/anaconda3/envs/sandbox/lib/python3.7/site-packages/airflow/example_dags/example_xcomargs.py
[2021-02-25 17:19:59,591] {logging_mixin.py:103} INFO - [2021-02-25 17:19:59,591] {dag.py:1813} INFO - Sync 2 DAGs
[2021-02-25 17:19:59,601] {logging_mixin.py:103} INFO - [2021-02-25 17:19:59,601] {dag.py:2266} INFO - Setting next_dagrun for example_xcom_args to None
[2021-02-25 17:19:59,601] {logging_mixin.py:103} INFO - [2021-02-25 17:19:59,601] {dag.py:2266} INFO - Setting next_dagrun for example_xcom_args_with_operators to None
[2021-02-25 17:19:59,621] {scheduler_job.py:189} INFO - Processing /home/i-sip_iot/anaconda3/envs/sandbox/lib/python3.7/site-packages/airflow/example_dags/example_xcomargs.py took 0.041 seconds
[2021-02-25 17:20:26,475] {scheduler_job.py:181} INFO - Started process (PID=185989) to work on /home/i-sip_iot/anaconda3/envs/sandbox/lib/python3.7/site-packages/airflow/example_dags/example_xcomargs.py
[2021-02-25 17:20:26,476] {scheduler_job.py:629} INFO - Processing file /home/i-sip_iot/anaconda3/envs/sandbox/lib/python3.7/site-packages/airflow/example_dags/example_xcomargs.py for tasks to queue
[2021-02-25 17:20:26,476] {logging_mixin.py:103} INFO - [2021-02-25 17:20:26,476] {dagbag.py:440} INFO - Filling up the DagBag from /home/i-sip_iot/anaconda3/envs/sandbox/lib/python3.7/site-packages/airflow/example_dags/example_xcomargs.py
[2021-02-25 17:20:26,482] {scheduler_job.py:639} INFO - DAG(s) dict_keys(['example_xcom_args', 'example_xcom_args_with_operators']) retrieved from /home/i-sip_iot/anaconda3/envs/sandbox/lib/python3.7/site-packages/airflow/example_dags/example_xcomargs.py
[2021-02-25 17:20:26,483] {logging_mixin.py:103} INFO - [2021-02-25 17:20:26,483] {dag.py:1813} INFO - Sync 2 DAGs
[2021-02-25 17:20:26,492] {logging_mixin.py:103} INFO - [2021-02-25 17:20:26,492] {dag.py:2266} INFO - Setting next_dagrun for example_xcom_args to None
[2021-02-25 17:20:26,493] {logging_mixin.py:103} INFO - [2021-02-25 17:20:26,493] {dag.py:2266} INFO - Setting next_dagrun for example_xcom_args_with_operators to None
[2021-02-25 17:20:26,500] {scheduler_job.py:189} INFO - Processing /home/i-sip_iot/anaconda3/envs/sandbox/lib/python3.7/site-packages/airflow/example_dags/example_xcomargs.py took 0.027 seconds
[2021-02-25 17:20:53,986] {scheduler_job.py:181} INFO - Started process (PID=186226) to work on /home/i-sip_iot/anaconda3/envs/sandbox/lib/python3.7/site-packages/airflow/example_dags/example_xcomargs.py
[2021-02-25 17:20:53,988] {scheduler_job.py:629} INFO - Processing file /home/i-sip_iot/anaconda3/envs/sandbox/lib/python3.7/site-packages/airflow/example_dags/example_xcomargs.py for tasks to queue
[2021-02-25 17:20:53,989] {logging_mixin.py:103} INFO - [2021-02-25 17:20:53,989] {dagbag.py:440} INFO - Filling up the DagBag from /home/i-sip_iot/anaconda3/envs/sandbox/lib/python3.7/site-packages/airflow/example_dags/example_xcomargs.py
[2021-02-25 17:20:54,005] {scheduler_job.py:639} INFO - DAG(s) dict_keys(['example_xcom_args', 'example_xcom_args_with_operators']) retrieved from /home/i-sip_iot/anaconda3/envs/sandbox/lib/python3.7/site-packages/airflow/example_dags/example_xcomargs.py
[2021-02-25 17:20:54,006] {logging_mixin.py:103} INFO - [2021-02-25 17:20:54,006] {dag.py:1813} INFO - Sync 2 DAGs
[2021-02-25 17:20:54,025] {logging_mixin.py:103} INFO - [2021-02-25 17:20:54,025] {dag.py:2266} INFO - Setting next_dagrun for example_xcom_args to None
[2021-02-25 17:20:54,026] {logging_mixin.py:103} INFO - [2021-02-25 17:20:54,026] {dag.py:2266} INFO - Setting next_dagrun for example_xcom_args_with_operators to None
[2021-02-25 17:20:54,059] {scheduler_job.py:189} INFO - Processing /home/i-sip_iot/anaconda3/envs/sandbox/lib/python3.7/site-packages/airflow/example_dags/example_xcomargs.py took 0.075 seconds
[2021-02-25 17:21:20,825] {scheduler_job.py:181} INFO - Started process (PID=186293) to work on /home/i-sip_iot/anaconda3/envs/sandbox/lib/python3.7/site-packages/airflow/example_dags/example_xcomargs.py
[2021-02-25 17:21:20,828] {scheduler_job.py:629} INFO - Processing file /home/i-sip_iot/anaconda3/envs/sandbox/lib/python3.7/site-packages/airflow/example_dags/example_xcomargs.py for tasks to queue
[2021-02-25 17:21:20,830] {logging_mixin.py:103} INFO - [2021-02-25 17:21:20,829] {dagbag.py:440} INFO - Filling up the DagBag from /home/i-sip_iot/anaconda3/envs/sandbox/lib/python3.7/site-packages/airflow/example_dags/example_xcomargs.py
[2021-02-25 17:21:20,849] {scheduler_job.py:639} INFO - DAG(s) dict_keys(['example_xcom_args', 'example_xcom_args_with_operators']) retrieved from /home/i-sip_iot/anaconda3/envs/sandbox/lib/python3.7/site-packages/airflow/example_dags/example_xcomargs.py
[2021-02-25 17:21:20,850] {logging_mixin.py:103} INFO - [2021-02-25 17:21:20,850] {dag.py:1813} INFO - Sync 2 DAGs
[2021-02-25 17:21:20,864] {logging_mixin.py:103} INFO - [2021-02-25 17:21:20,864] {dag.py:2266} INFO - Setting next_dagrun for example_xcom_args to None
[2021-02-25 17:21:20,865] {logging_mixin.py:103} INFO - [2021-02-25 17:21:20,865] {dag.py:2266} INFO - Setting next_dagrun for example_xcom_args_with_operators to None
[2021-02-25 17:21:20,874] {scheduler_job.py:189} INFO - Processing /home/i-sip_iot/anaconda3/envs/sandbox/lib/python3.7/site-packages/airflow/example_dags/example_xcomargs.py took 0.056 seconds
[2021-02-25 17:21:48,915] {scheduler_job.py:181} INFO - Started process (PID=186524) to work on /home/i-sip_iot/anaconda3/envs/sandbox/lib/python3.7/site-packages/airflow/example_dags/example_xcomargs.py
[2021-02-25 17:21:48,916] {scheduler_job.py:629} INFO - Processing file /home/i-sip_iot/anaconda3/envs/sandbox/lib/python3.7/site-packages/airflow/example_dags/example_xcomargs.py for tasks to queue
[2021-02-25 17:21:48,917] {logging_mixin.py:103} INFO - [2021-02-25 17:21:48,917] {dagbag.py:440} INFO - Filling up the DagBag from /home/i-sip_iot/anaconda3/envs/sandbox/lib/python3.7/site-packages/airflow/example_dags/example_xcomargs.py
[2021-02-25 17:21:48,931] {scheduler_job.py:639} INFO - DAG(s) dict_keys(['example_xcom_args', 'example_xcom_args_with_operators']) retrieved from /home/i-sip_iot/anaconda3/envs/sandbox/lib/python3.7/site-packages/airflow/example_dags/example_xcomargs.py
[2021-02-25 17:21:48,932] {logging_mixin.py:103} INFO - [2021-02-25 17:21:48,931] {dag.py:1813} INFO - Sync 2 DAGs
[2021-02-25 17:21:48,950] {logging_mixin.py:103} INFO - [2021-02-25 17:21:48,949] {dag.py:2266} INFO - Setting next_dagrun for example_xcom_args to None
[2021-02-25 17:21:48,950] {logging_mixin.py:103} INFO - [2021-02-25 17:21:48,950] {dag.py:2266} INFO - Setting next_dagrun for example_xcom_args_with_operators to None
[2021-02-25 17:21:48,990] {scheduler_job.py:189} INFO - Processing /home/i-sip_iot/anaconda3/envs/sandbox/lib/python3.7/site-packages/airflow/example_dags/example_xcomargs.py took 0.078 seconds
[2021-02-25 17:22:15,264] {scheduler_job.py:181} INFO - Started process (PID=186592) to work on /home/i-sip_iot/anaconda3/envs/sandbox/lib/python3.7/site-packages/airflow/example_dags/example_xcomargs.py
[2021-02-25 17:22:15,266] {scheduler_job.py:629} INFO - Processing file /home/i-sip_iot/anaconda3/envs/sandbox/lib/python3.7/site-packages/airflow/example_dags/example_xcomargs.py for tasks to queue
[2021-02-25 17:22:15,267] {logging_mixin.py:103} INFO - [2021-02-25 17:22:15,267] {dagbag.py:440} INFO - Filling up the DagBag from /home/i-sip_iot/anaconda3/envs/sandbox/lib/python3.7/site-packages/airflow/example_dags/example_xcomargs.py
[2021-02-25 17:22:15,283] {scheduler_job.py:639} INFO - DAG(s) dict_keys(['example_xcom_args', 'example_xcom_args_with_operators']) retrieved from /home/i-sip_iot/anaconda3/envs/sandbox/lib/python3.7/site-packages/airflow/example_dags/example_xcomargs.py
[2021-02-25 17:22:15,284] {logging_mixin.py:103} INFO - [2021-02-25 17:22:15,284] {dag.py:1813} INFO - Sync 2 DAGs
[2021-02-25 17:22:15,296] {logging_mixin.py:103} INFO - [2021-02-25 17:22:15,296] {dag.py:2266} INFO - Setting next_dagrun for example_xcom_args to None
[2021-02-25 17:22:15,296] {logging_mixin.py:103} INFO - [2021-02-25 17:22:15,296] {dag.py:2266} INFO - Setting next_dagrun for example_xcom_args_with_operators to None
[2021-02-25 17:22:15,305] {scheduler_job.py:189} INFO - Processing /home/i-sip_iot/anaconda3/envs/sandbox/lib/python3.7/site-packages/airflow/example_dags/example_xcomargs.py took 0.048 seconds
[2021-02-25 17:22:42,659] {scheduler_job.py:181} INFO - Started process (PID=186809) to work on /home/i-sip_iot/anaconda3/envs/sandbox/lib/python3.7/site-packages/airflow/example_dags/example_xcomargs.py
[2021-02-25 17:22:42,662] {scheduler_job.py:629} INFO - Processing file /home/i-sip_iot/anaconda3/envs/sandbox/lib/python3.7/site-packages/airflow/example_dags/example_xcomargs.py for tasks to queue
[2021-02-25 17:22:42,663] {logging_mixin.py:103} INFO - [2021-02-25 17:22:42,663] {dagbag.py:440} INFO - Filling up the DagBag from /home/i-sip_iot/anaconda3/envs/sandbox/lib/python3.7/site-packages/airflow/example_dags/example_xcomargs.py
[2021-02-25 17:22:42,685] {scheduler_job.py:639} INFO - DAG(s) dict_keys(['example_xcom_args', 'example_xcom_args_with_operators']) retrieved from /home/i-sip_iot/anaconda3/envs/sandbox/lib/python3.7/site-packages/airflow/example_dags/example_xcomargs.py
[2021-02-25 17:22:42,686] {logging_mixin.py:103} INFO - [2021-02-25 17:22:42,685] {dag.py:1813} INFO - Sync 2 DAGs
[2021-02-25 17:22:42,699] {logging_mixin.py:103} INFO - [2021-02-25 17:22:42,699] {dag.py:2266} INFO - Setting next_dagrun for example_xcom_args to None
[2021-02-25 17:22:42,700] {logging_mixin.py:103} INFO - [2021-02-25 17:22:42,700] {dag.py:2266} INFO - Setting next_dagrun for example_xcom_args_with_operators to None
[2021-02-25 17:22:42,719] {scheduler_job.py:189} INFO - Processing /home/i-sip_iot/anaconda3/envs/sandbox/lib/python3.7/site-packages/airflow/example_dags/example_xcomargs.py took 0.067 seconds
[2021-02-25 17:23:10,056] {scheduler_job.py:181} INFO - Started process (PID=186878) to work on /home/i-sip_iot/anaconda3/envs/sandbox/lib/python3.7/site-packages/airflow/example_dags/example_xcomargs.py
[2021-02-25 17:23:10,057] {scheduler_job.py:629} INFO - Processing file /home/i-sip_iot/anaconda3/envs/sandbox/lib/python3.7/site-packages/airflow/example_dags/example_xcomargs.py for tasks to queue
[2021-02-25 17:23:10,057] {logging_mixin.py:103} INFO - [2021-02-25 17:23:10,057] {dagbag.py:440} INFO - Filling up the DagBag from /home/i-sip_iot/anaconda3/envs/sandbox/lib/python3.7/site-packages/airflow/example_dags/example_xcomargs.py
[2021-02-25 17:23:10,064] {scheduler_job.py:639} INFO - DAG(s) dict_keys(['example_xcom_args', 'example_xcom_args_with_operators']) retrieved from /home/i-sip_iot/anaconda3/envs/sandbox/lib/python3.7/site-packages/airflow/example_dags/example_xcomargs.py
[2021-02-25 17:23:10,065] {logging_mixin.py:103} INFO - [2021-02-25 17:23:10,065] {dag.py:1813} INFO - Sync 2 DAGs
[2021-02-25 17:23:10,073] {logging_mixin.py:103} INFO - [2021-02-25 17:23:10,073] {dag.py:2266} INFO - Setting next_dagrun for example_xcom_args to None
[2021-02-25 17:23:10,074] {logging_mixin.py:103} INFO - [2021-02-25 17:23:10,074] {dag.py:2266} INFO - Setting next_dagrun for example_xcom_args_with_operators to None
[2021-02-25 17:23:10,081] {scheduler_job.py:189} INFO - Processing /home/i-sip_iot/anaconda3/envs/sandbox/lib/python3.7/site-packages/airflow/example_dags/example_xcomargs.py took 0.027 seconds
[2021-02-25 17:23:36,969] {scheduler_job.py:181} INFO - Started process (PID=186935) to work on /home/i-sip_iot/anaconda3/envs/sandbox/lib/python3.7/site-packages/airflow/example_dags/example_xcomargs.py
[2021-02-25 17:23:36,969] {scheduler_job.py:629} INFO - Processing file /home/i-sip_iot/anaconda3/envs/sandbox/lib/python3.7/site-packages/airflow/example_dags/example_xcomargs.py for tasks to queue
[2021-02-25 17:23:36,969] {logging_mixin.py:103} INFO - [2021-02-25 17:23:36,969] {dagbag.py:440} INFO - Filling up the DagBag from /home/i-sip_iot/anaconda3/envs/sandbox/lib/python3.7/site-packages/airflow/example_dags/example_xcomargs.py
[2021-02-25 17:23:36,975] {scheduler_job.py:639} INFO - DAG(s) dict_keys(['example_xcom_args', 'example_xcom_args_with_operators']) retrieved from /home/i-sip_iot/anaconda3/envs/sandbox/lib/python3.7/site-packages/airflow/example_dags/example_xcomargs.py
[2021-02-25 17:23:36,976] {logging_mixin.py:103} INFO - [2021-02-25 17:23:36,976] {dag.py:1813} INFO - Sync 2 DAGs
[2021-02-25 17:23:36,985] {logging_mixin.py:103} INFO - [2021-02-25 17:23:36,985] {dag.py:2266} INFO - Setting next_dagrun for example_xcom_args to None
[2021-02-25 17:23:36,985] {logging_mixin.py:103} INFO - [2021-02-25 17:23:36,985] {dag.py:2266} INFO - Setting next_dagrun for example_xcom_args_with_operators to None
[2021-02-25 17:23:37,003] {scheduler_job.py:189} INFO - Processing /home/i-sip_iot/anaconda3/envs/sandbox/lib/python3.7/site-packages/airflow/example_dags/example_xcomargs.py took 0.036 seconds
[2021-02-25 17:24:04,535] {scheduler_job.py:181} INFO - Started process (PID=187188) to work on /home/i-sip_iot/anaconda3/envs/sandbox/lib/python3.7/site-packages/airflow/example_dags/example_xcomargs.py
[2021-02-25 17:24:04,536] {scheduler_job.py:629} INFO - Processing file /home/i-sip_iot/anaconda3/envs/sandbox/lib/python3.7/site-packages/airflow/example_dags/example_xcomargs.py for tasks to queue
[2021-02-25 17:24:04,536] {logging_mixin.py:103} INFO - [2021-02-25 17:24:04,536] {dagbag.py:440} INFO - Filling up the DagBag from /home/i-sip_iot/anaconda3/envs/sandbox/lib/python3.7/site-packages/airflow/example_dags/example_xcomargs.py
[2021-02-25 17:24:04,543] {scheduler_job.py:639} INFO - DAG(s) dict_keys(['example_xcom_args', 'example_xcom_args_with_operators']) retrieved from /home/i-sip_iot/anaconda3/envs/sandbox/lib/python3.7/site-packages/airflow/example_dags/example_xcomargs.py
[2021-02-25 17:24:04,543] {logging_mixin.py:103} INFO - [2021-02-25 17:24:04,543] {dag.py:1813} INFO - Sync 2 DAGs
[2021-02-25 17:24:04,552] {logging_mixin.py:103} INFO - [2021-02-25 17:24:04,552] {dag.py:2266} INFO - Setting next_dagrun for example_xcom_args to None
[2021-02-25 17:24:04,552] {logging_mixin.py:103} INFO - [2021-02-25 17:24:04,552] {dag.py:2266} INFO - Setting next_dagrun for example_xcom_args_with_operators to None
[2021-02-25 17:24:04,560] {scheduler_job.py:189} INFO - Processing /home/i-sip_iot/anaconda3/envs/sandbox/lib/python3.7/site-packages/airflow/example_dags/example_xcomargs.py took 0.027 seconds
[2021-02-25 17:24:31,419] {scheduler_job.py:181} INFO - Started process (PID=187253) to work on /home/i-sip_iot/anaconda3/envs/sandbox/lib/python3.7/site-packages/airflow/example_dags/example_xcomargs.py
[2021-02-25 17:24:31,420] {scheduler_job.py:629} INFO - Processing file /home/i-sip_iot/anaconda3/envs/sandbox/lib/python3.7/site-packages/airflow/example_dags/example_xcomargs.py for tasks to queue
[2021-02-25 17:24:31,420] {logging_mixin.py:103} INFO - [2021-02-25 17:24:31,420] {dagbag.py:440} INFO - Filling up the DagBag from /home/i-sip_iot/anaconda3/envs/sandbox/lib/python3.7/site-packages/airflow/example_dags/example_xcomargs.py
[2021-02-25 17:24:31,427] {scheduler_job.py:639} INFO - DAG(s) dict_keys(['example_xcom_args', 'example_xcom_args_with_operators']) retrieved from /home/i-sip_iot/anaconda3/envs/sandbox/lib/python3.7/site-packages/airflow/example_dags/example_xcomargs.py
[2021-02-25 17:24:31,428] {logging_mixin.py:103} INFO - [2021-02-25 17:24:31,428] {dag.py:1813} INFO - Sync 2 DAGs
[2021-02-25 17:24:31,436] {logging_mixin.py:103} INFO - [2021-02-25 17:24:31,436] {dag.py:2266} INFO - Setting next_dagrun for example_xcom_args to None
[2021-02-25 17:24:31,437] {logging_mixin.py:103} INFO - [2021-02-25 17:24:31,437] {dag.py:2266} INFO - Setting next_dagrun for example_xcom_args_with_operators to None
[2021-02-25 17:24:31,455] {scheduler_job.py:189} INFO - Processing /home/i-sip_iot/anaconda3/envs/sandbox/lib/python3.7/site-packages/airflow/example_dags/example_xcomargs.py took 0.037 seconds
[2021-02-25 17:24:58,797] {scheduler_job.py:181} INFO - Started process (PID=187497) to work on /home/i-sip_iot/anaconda3/envs/sandbox/lib/python3.7/site-packages/airflow/example_dags/example_xcomargs.py
[2021-02-25 17:24:58,800] {scheduler_job.py:629} INFO - Processing file /home/i-sip_iot/anaconda3/envs/sandbox/lib/python3.7/site-packages/airflow/example_dags/example_xcomargs.py for tasks to queue
[2021-02-25 17:24:58,801] {logging_mixin.py:103} INFO - [2021-02-25 17:24:58,801] {dagbag.py:440} INFO - Filling up the DagBag from /home/i-sip_iot/anaconda3/envs/sandbox/lib/python3.7/site-packages/airflow/example_dags/example_xcomargs.py
[2021-02-25 17:24:58,822] {scheduler_job.py:639} INFO - DAG(s) dict_keys(['example_xcom_args', 'example_xcom_args_with_operators']) retrieved from /home/i-sip_iot/anaconda3/envs/sandbox/lib/python3.7/site-packages/airflow/example_dags/example_xcomargs.py
[2021-02-25 17:24:58,823] {logging_mixin.py:103} INFO - [2021-02-25 17:24:58,823] {dag.py:1813} INFO - Sync 2 DAGs
[2021-02-25 17:24:58,838] {logging_mixin.py:103} INFO - [2021-02-25 17:24:58,838] {dag.py:2266} INFO - Setting next_dagrun for example_xcom_args to None
[2021-02-25 17:24:58,838] {logging_mixin.py:103} INFO - [2021-02-25 17:24:58,838] {dag.py:2266} INFO - Setting next_dagrun for example_xcom_args_with_operators to None
[2021-02-25 17:24:58,848] {scheduler_job.py:189} INFO - Processing /home/i-sip_iot/anaconda3/envs/sandbox/lib/python3.7/site-packages/airflow/example_dags/example_xcomargs.py took 0.056 seconds
[2021-02-25 17:25:25,822] {scheduler_job.py:181} INFO - Started process (PID=187563) to work on /home/i-sip_iot/anaconda3/envs/sandbox/lib/python3.7/site-packages/airflow/example_dags/example_xcomargs.py
[2021-02-25 17:25:25,823] {scheduler_job.py:629} INFO - Processing file /home/i-sip_iot/anaconda3/envs/sandbox/lib/python3.7/site-packages/airflow/example_dags/example_xcomargs.py for tasks to queue
[2021-02-25 17:25:25,824] {logging_mixin.py:103} INFO - [2021-02-25 17:25:25,823] {dagbag.py:440} INFO - Filling up the DagBag from /home/i-sip_iot/anaconda3/envs/sandbox/lib/python3.7/site-packages/airflow/example_dags/example_xcomargs.py
[2021-02-25 17:25:25,835] {scheduler_job.py:639} INFO - DAG(s) dict_keys(['example_xcom_args', 'example_xcom_args_with_operators']) retrieved from /home/i-sip_iot/anaconda3/envs/sandbox/lib/python3.7/site-packages/airflow/example_dags/example_xcomargs.py
[2021-02-25 17:25:25,836] {logging_mixin.py:103} INFO - [2021-02-25 17:25:25,836] {dag.py:1813} INFO - Sync 2 DAGs
[2021-02-25 17:25:25,847] {logging_mixin.py:103} INFO - [2021-02-25 17:25:25,847] {dag.py:2266} INFO - Setting next_dagrun for example_xcom_args to None
[2021-02-25 17:25:25,848] {logging_mixin.py:103} INFO - [2021-02-25 17:25:25,848] {dag.py:2266} INFO - Setting next_dagrun for example_xcom_args_with_operators to None
[2021-02-25 17:25:25,870] {scheduler_job.py:189} INFO - Processing /home/i-sip_iot/anaconda3/envs/sandbox/lib/python3.7/site-packages/airflow/example_dags/example_xcomargs.py took 0.050 seconds
[2021-02-25 17:25:53,781] {scheduler_job.py:181} INFO - Started process (PID=187822) to work on /home/i-sip_iot/anaconda3/envs/sandbox/lib/python3.7/site-packages/airflow/example_dags/example_xcomargs.py
[2021-02-25 17:25:53,782] {scheduler_job.py:629} INFO - Processing file /home/i-sip_iot/anaconda3/envs/sandbox/lib/python3.7/site-packages/airflow/example_dags/example_xcomargs.py for tasks to queue
[2021-02-25 17:25:53,783] {logging_mixin.py:103} INFO - [2021-02-25 17:25:53,783] {dagbag.py:440} INFO - Filling up the DagBag from /home/i-sip_iot/anaconda3/envs/sandbox/lib/python3.7/site-packages/airflow/example_dags/example_xcomargs.py
[2021-02-25 17:25:53,794] {scheduler_job.py:639} INFO - DAG(s) dict_keys(['example_xcom_args', 'example_xcom_args_with_operators']) retrieved from /home/i-sip_iot/anaconda3/envs/sandbox/lib/python3.7/site-packages/airflow/example_dags/example_xcomargs.py
[2021-02-25 17:25:53,794] {logging_mixin.py:103} INFO - [2021-02-25 17:25:53,794] {dag.py:1813} INFO - Sync 2 DAGs
[2021-02-25 17:25:53,805] {logging_mixin.py:103} INFO - [2021-02-25 17:25:53,805] {dag.py:2266} INFO - Setting next_dagrun for example_xcom_args to None
[2021-02-25 17:25:53,805] {logging_mixin.py:103} INFO - [2021-02-25 17:25:53,805] {dag.py:2266} INFO - Setting next_dagrun for example_xcom_args_with_operators to None
[2021-02-25 17:25:53,815] {scheduler_job.py:189} INFO - Processing /home/i-sip_iot/anaconda3/envs/sandbox/lib/python3.7/site-packages/airflow/example_dags/example_xcomargs.py took 0.037 seconds
[2021-02-25 17:26:20,656] {scheduler_job.py:181} INFO - Started process (PID=187920) to work on /home/i-sip_iot/anaconda3/envs/sandbox/lib/python3.7/site-packages/airflow/example_dags/example_xcomargs.py
[2021-02-25 17:26:20,657] {scheduler_job.py:629} INFO - Processing file /home/i-sip_iot/anaconda3/envs/sandbox/lib/python3.7/site-packages/airflow/example_dags/example_xcomargs.py for tasks to queue
[2021-02-25 17:26:20,657] {logging_mixin.py:103} INFO - [2021-02-25 17:26:20,657] {dagbag.py:440} INFO - Filling up the DagBag from /home/i-sip_iot/anaconda3/envs/sandbox/lib/python3.7/site-packages/airflow/example_dags/example_xcomargs.py
[2021-02-25 17:26:20,665] {scheduler_job.py:639} INFO - DAG(s) dict_keys(['example_xcom_args', 'example_xcom_args_with_operators']) retrieved from /home/i-sip_iot/anaconda3/envs/sandbox/lib/python3.7/site-packages/airflow/example_dags/example_xcomargs.py
[2021-02-25 17:26:20,665] {logging_mixin.py:103} INFO - [2021-02-25 17:26:20,665] {dag.py:1813} INFO - Sync 2 DAGs
[2021-02-25 17:26:20,677] {logging_mixin.py:103} INFO - [2021-02-25 17:26:20,677] {dag.py:2266} INFO - Setting next_dagrun for example_xcom_args to None
[2021-02-25 17:26:20,678] {logging_mixin.py:103} INFO - [2021-02-25 17:26:20,678] {dag.py:2266} INFO - Setting next_dagrun for example_xcom_args_with_operators to None
[2021-02-25 17:26:20,701] {scheduler_job.py:189} INFO - Processing /home/i-sip_iot/anaconda3/envs/sandbox/lib/python3.7/site-packages/airflow/example_dags/example_xcomargs.py took 0.047 seconds
[2021-02-25 17:26:47,999] {scheduler_job.py:181} INFO - Started process (PID=188173) to work on /home/i-sip_iot/anaconda3/envs/sandbox/lib/python3.7/site-packages/airflow/example_dags/example_xcomargs.py
[2021-02-25 17:26:48,000] {scheduler_job.py:629} INFO - Processing file /home/i-sip_iot/anaconda3/envs/sandbox/lib/python3.7/site-packages/airflow/example_dags/example_xcomargs.py for tasks to queue
[2021-02-25 17:26:48,001] {logging_mixin.py:103} INFO - [2021-02-25 17:26:48,001] {dagbag.py:440} INFO - Filling up the DagBag from /home/i-sip_iot/anaconda3/envs/sandbox/lib/python3.7/site-packages/airflow/example_dags/example_xcomargs.py
[2021-02-25 17:26:48,011] {scheduler_job.py:639} INFO - DAG(s) dict_keys(['example_xcom_args', 'example_xcom_args_with_operators']) retrieved from /home/i-sip_iot/anaconda3/envs/sandbox/lib/python3.7/site-packages/airflow/example_dags/example_xcomargs.py
[2021-02-25 17:26:48,011] {logging_mixin.py:103} INFO - [2021-02-25 17:26:48,011] {dag.py:1813} INFO - Sync 2 DAGs
[2021-02-25 17:26:48,024] {logging_mixin.py:103} INFO - [2021-02-25 17:26:48,024] {dag.py:2266} INFO - Setting next_dagrun for example_xcom_args to None
[2021-02-25 17:26:48,024] {logging_mixin.py:103} INFO - [2021-02-25 17:26:48,024] {dag.py:2266} INFO - Setting next_dagrun for example_xcom_args_with_operators to None
[2021-02-25 17:26:48,033] {scheduler_job.py:189} INFO - Processing /home/i-sip_iot/anaconda3/envs/sandbox/lib/python3.7/site-packages/airflow/example_dags/example_xcomargs.py took 0.037 seconds
[2021-02-25 17:27:13,727] {scheduler_job.py:181} INFO - Started process (PID=188270) to work on /home/i-sip_iot/anaconda3/envs/sandbox/lib/python3.7/site-packages/airflow/example_dags/example_xcomargs.py
[2021-02-25 17:27:13,729] {scheduler_job.py:629} INFO - Processing file /home/i-sip_iot/anaconda3/envs/sandbox/lib/python3.7/site-packages/airflow/example_dags/example_xcomargs.py for tasks to queue
[2021-02-25 17:27:13,730] {logging_mixin.py:103} INFO - [2021-02-25 17:27:13,730] {dagbag.py:440} INFO - Filling up the DagBag from /home/i-sip_iot/anaconda3/envs/sandbox/lib/python3.7/site-packages/airflow/example_dags/example_xcomargs.py
[2021-02-25 17:27:13,747] {scheduler_job.py:639} INFO - DAG(s) dict_keys(['example_xcom_args', 'example_xcom_args_with_operators']) retrieved from /home/i-sip_iot/anaconda3/envs/sandbox/lib/python3.7/site-packages/airflow/example_dags/example_xcomargs.py
[2021-02-25 17:27:13,748] {logging_mixin.py:103} INFO - [2021-02-25 17:27:13,748] {dag.py:1813} INFO - Sync 2 DAGs
[2021-02-25 17:27:13,763] {logging_mixin.py:103} INFO - [2021-02-25 17:27:13,763] {dag.py:2266} INFO - Setting next_dagrun for example_xcom_args to None
[2021-02-25 17:27:13,763] {logging_mixin.py:103} INFO - [2021-02-25 17:27:13,763] {dag.py:2266} INFO - Setting next_dagrun for example_xcom_args_with_operators to None
[2021-02-25 17:27:13,790] {scheduler_job.py:189} INFO - Processing /home/i-sip_iot/anaconda3/envs/sandbox/lib/python3.7/site-packages/airflow/example_dags/example_xcomargs.py took 0.068 seconds
[2021-02-25 17:27:40,983] {scheduler_job.py:181} INFO - Started process (PID=188528) to work on /home/i-sip_iot/anaconda3/envs/sandbox/lib/python3.7/site-packages/airflow/example_dags/example_xcomargs.py
[2021-02-25 17:27:40,984] {scheduler_job.py:629} INFO - Processing file /home/i-sip_iot/anaconda3/envs/sandbox/lib/python3.7/site-packages/airflow/example_dags/example_xcomargs.py for tasks to queue
[2021-02-25 17:27:40,984] {logging_mixin.py:103} INFO - [2021-02-25 17:27:40,984] {dagbag.py:440} INFO - Filling up the DagBag from /home/i-sip_iot/anaconda3/envs/sandbox/lib/python3.7/site-packages/airflow/example_dags/example_xcomargs.py
[2021-02-25 17:27:40,993] {scheduler_job.py:639} INFO - DAG(s) dict_keys(['example_xcom_args', 'example_xcom_args_with_operators']) retrieved from /home/i-sip_iot/anaconda3/envs/sandbox/lib/python3.7/site-packages/airflow/example_dags/example_xcomargs.py
[2021-02-25 17:27:40,993] {logging_mixin.py:103} INFO - [2021-02-25 17:27:40,993] {dag.py:1813} INFO - Sync 2 DAGs
[2021-02-25 17:27:41,003] {logging_mixin.py:103} INFO - [2021-02-25 17:27:41,003] {dag.py:2266} INFO - Setting next_dagrun for example_xcom_args to None
[2021-02-25 17:27:41,004] {logging_mixin.py:103} INFO - [2021-02-25 17:27:41,004] {dag.py:2266} INFO - Setting next_dagrun for example_xcom_args_with_operators to None
[2021-02-25 17:27:41,012] {scheduler_job.py:189} INFO - Processing /home/i-sip_iot/anaconda3/envs/sandbox/lib/python3.7/site-packages/airflow/example_dags/example_xcomargs.py took 0.031 seconds
[2021-02-25 17:28:08,987] {scheduler_job.py:181} INFO - Started process (PID=188634) to work on /home/i-sip_iot/anaconda3/envs/sandbox/lib/python3.7/site-packages/airflow/example_dags/example_xcomargs.py
[2021-02-25 17:28:08,990] {scheduler_job.py:629} INFO - Processing file /home/i-sip_iot/anaconda3/envs/sandbox/lib/python3.7/site-packages/airflow/example_dags/example_xcomargs.py for tasks to queue
[2021-02-25 17:28:08,992] {logging_mixin.py:103} INFO - [2021-02-25 17:28:08,992] {dagbag.py:440} INFO - Filling up the DagBag from /home/i-sip_iot/anaconda3/envs/sandbox/lib/python3.7/site-packages/airflow/example_dags/example_xcomargs.py
[2021-02-25 17:28:09,011] {scheduler_job.py:639} INFO - DAG(s) dict_keys(['example_xcom_args', 'example_xcom_args_with_operators']) retrieved from /home/i-sip_iot/anaconda3/envs/sandbox/lib/python3.7/site-packages/airflow/example_dags/example_xcomargs.py
[2021-02-25 17:28:09,012] {logging_mixin.py:103} INFO - [2021-02-25 17:28:09,012] {dag.py:1813} INFO - Sync 2 DAGs
[2021-02-25 17:28:09,026] {logging_mixin.py:103} INFO - [2021-02-25 17:28:09,026] {dag.py:2266} INFO - Setting next_dagrun for example_xcom_args to None
[2021-02-25 17:28:09,026] {logging_mixin.py:103} INFO - [2021-02-25 17:28:09,026] {dag.py:2266} INFO - Setting next_dagrun for example_xcom_args_with_operators to None
[2021-02-25 17:28:09,053] {scheduler_job.py:189} INFO - Processing /home/i-sip_iot/anaconda3/envs/sandbox/lib/python3.7/site-packages/airflow/example_dags/example_xcomargs.py took 0.074 seconds
[2021-02-25 17:28:36,471] {scheduler_job.py:181} INFO - Started process (PID=188723) to work on /home/i-sip_iot/anaconda3/envs/sandbox/lib/python3.7/site-packages/airflow/example_dags/example_xcomargs.py
[2021-02-25 17:28:36,472] {scheduler_job.py:629} INFO - Processing file /home/i-sip_iot/anaconda3/envs/sandbox/lib/python3.7/site-packages/airflow/example_dags/example_xcomargs.py for tasks to queue
[2021-02-25 17:28:36,473] {logging_mixin.py:103} INFO - [2021-02-25 17:28:36,473] {dagbag.py:440} INFO - Filling up the DagBag from /home/i-sip_iot/anaconda3/envs/sandbox/lib/python3.7/site-packages/airflow/example_dags/example_xcomargs.py
[2021-02-25 17:28:36,481] {scheduler_job.py:639} INFO - DAG(s) dict_keys(['example_xcom_args', 'example_xcom_args_with_operators']) retrieved from /home/i-sip_iot/anaconda3/envs/sandbox/lib/python3.7/site-packages/airflow/example_dags/example_xcomargs.py
[2021-02-25 17:28:36,482] {logging_mixin.py:103} INFO - [2021-02-25 17:28:36,482] {dag.py:1813} INFO - Sync 2 DAGs
[2021-02-25 17:28:36,495] {logging_mixin.py:103} INFO - [2021-02-25 17:28:36,495] {dag.py:2266} INFO - Setting next_dagrun for example_xcom_args to None
[2021-02-25 17:28:36,495] {logging_mixin.py:103} INFO - [2021-02-25 17:28:36,495] {dag.py:2266} INFO - Setting next_dagrun for example_xcom_args_with_operators to None
[2021-02-25 17:28:36,506] {scheduler_job.py:189} INFO - Processing /home/i-sip_iot/anaconda3/envs/sandbox/lib/python3.7/site-packages/airflow/example_dags/example_xcomargs.py took 0.038 seconds
[2021-02-25 17:29:03,687] {scheduler_job.py:181} INFO - Started process (PID=188977) to work on /home/i-sip_iot/anaconda3/envs/sandbox/lib/python3.7/site-packages/airflow/example_dags/example_xcomargs.py
[2021-02-25 17:29:03,690] {scheduler_job.py:629} INFO - Processing file /home/i-sip_iot/anaconda3/envs/sandbox/lib/python3.7/site-packages/airflow/example_dags/example_xcomargs.py for tasks to queue
[2021-02-25 17:29:03,691] {logging_mixin.py:103} INFO - [2021-02-25 17:29:03,691] {dagbag.py:440} INFO - Filling up the DagBag from /home/i-sip_iot/anaconda3/envs/sandbox/lib/python3.7/site-packages/airflow/example_dags/example_xcomargs.py
[2021-02-25 17:29:03,709] {scheduler_job.py:639} INFO - DAG(s) dict_keys(['example_xcom_args', 'example_xcom_args_with_operators']) retrieved from /home/i-sip_iot/anaconda3/envs/sandbox/lib/python3.7/site-packages/airflow/example_dags/example_xcomargs.py
[2021-02-25 17:29:03,710] {logging_mixin.py:103} INFO - [2021-02-25 17:29:03,710] {dag.py:1813} INFO - Sync 2 DAGs
[2021-02-25 17:29:03,724] {logging_mixin.py:103} INFO - [2021-02-25 17:29:03,724] {dag.py:2266} INFO - Setting next_dagrun for example_xcom_args to None
[2021-02-25 17:29:03,724] {logging_mixin.py:103} INFO - [2021-02-25 17:29:03,724] {dag.py:2266} INFO - Setting next_dagrun for example_xcom_args_with_operators to None
[2021-02-25 17:29:03,743] {scheduler_job.py:189} INFO - Processing /home/i-sip_iot/anaconda3/envs/sandbox/lib/python3.7/site-packages/airflow/example_dags/example_xcomargs.py took 0.062 seconds
[2021-02-25 17:29:30,891] {scheduler_job.py:181} INFO - Started process (PID=189059) to work on /home/i-sip_iot/anaconda3/envs/sandbox/lib/python3.7/site-packages/airflow/example_dags/example_xcomargs.py
[2021-02-25 17:29:30,892] {scheduler_job.py:629} INFO - Processing file /home/i-sip_iot/anaconda3/envs/sandbox/lib/python3.7/site-packages/airflow/example_dags/example_xcomargs.py for tasks to queue
[2021-02-25 17:29:30,893] {logging_mixin.py:103} INFO - [2021-02-25 17:29:30,892] {dagbag.py:440} INFO - Filling up the DagBag from /home/i-sip_iot/anaconda3/envs/sandbox/lib/python3.7/site-packages/airflow/example_dags/example_xcomargs.py
[2021-02-25 17:29:30,898] {scheduler_job.py:639} INFO - DAG(s) dict_keys(['example_xcom_args', 'example_xcom_args_with_operators']) retrieved from /home/i-sip_iot/anaconda3/envs/sandbox/lib/python3.7/site-packages/airflow/example_dags/example_xcomargs.py
[2021-02-25 17:29:30,899] {logging_mixin.py:103} INFO - [2021-02-25 17:29:30,899] {dag.py:1813} INFO - Sync 2 DAGs
[2021-02-25 17:29:30,908] {logging_mixin.py:103} INFO - [2021-02-25 17:29:30,907] {dag.py:2266} INFO - Setting next_dagrun for example_xcom_args to None
[2021-02-25 17:29:30,908] {logging_mixin.py:103} INFO - [2021-02-25 17:29:30,908] {dag.py:2266} INFO - Setting next_dagrun for example_xcom_args_with_operators to None
[2021-02-25 17:29:30,916] {scheduler_job.py:189} INFO - Processing /home/i-sip_iot/anaconda3/envs/sandbox/lib/python3.7/site-packages/airflow/example_dags/example_xcomargs.py took 0.026 seconds
[2021-02-25 17:29:58,594] {scheduler_job.py:181} INFO - Started process (PID=189327) to work on /home/i-sip_iot/anaconda3/envs/sandbox/lib/python3.7/site-packages/airflow/example_dags/example_xcomargs.py
[2021-02-25 17:29:58,595] {scheduler_job.py:629} INFO - Processing file /home/i-sip_iot/anaconda3/envs/sandbox/lib/python3.7/site-packages/airflow/example_dags/example_xcomargs.py for tasks to queue
[2021-02-25 17:29:58,595] {logging_mixin.py:103} INFO - [2021-02-25 17:29:58,595] {dagbag.py:440} INFO - Filling up the DagBag from /home/i-sip_iot/anaconda3/envs/sandbox/lib/python3.7/site-packages/airflow/example_dags/example_xcomargs.py
[2021-02-25 17:29:58,602] {scheduler_job.py:639} INFO - DAG(s) dict_keys(['example_xcom_args', 'example_xcom_args_with_operators']) retrieved from /home/i-sip_iot/anaconda3/envs/sandbox/lib/python3.7/site-packages/airflow/example_dags/example_xcomargs.py
[2021-02-25 17:29:58,603] {logging_mixin.py:103} INFO - [2021-02-25 17:29:58,603] {dag.py:1813} INFO - Sync 2 DAGs
[2021-02-25 17:29:58,612] {logging_mixin.py:103} INFO - [2021-02-25 17:29:58,612] {dag.py:2266} INFO - Setting next_dagrun for example_xcom_args to None
[2021-02-25 17:29:58,612] {logging_mixin.py:103} INFO - [2021-02-25 17:29:58,612] {dag.py:2266} INFO - Setting next_dagrun for example_xcom_args_with_operators to None
[2021-02-25 17:29:58,636] {scheduler_job.py:189} INFO - Processing /home/i-sip_iot/anaconda3/envs/sandbox/lib/python3.7/site-packages/airflow/example_dags/example_xcomargs.py took 0.043 seconds
[2021-02-25 17:30:25,214] {scheduler_job.py:181} INFO - Started process (PID=189401) to work on /home/i-sip_iot/anaconda3/envs/sandbox/lib/python3.7/site-packages/airflow/example_dags/example_xcomargs.py
[2021-02-25 17:30:25,215] {scheduler_job.py:629} INFO - Processing file /home/i-sip_iot/anaconda3/envs/sandbox/lib/python3.7/site-packages/airflow/example_dags/example_xcomargs.py for tasks to queue
[2021-02-25 17:30:25,215] {logging_mixin.py:103} INFO - [2021-02-25 17:30:25,215] {dagbag.py:440} INFO - Filling up the DagBag from /home/i-sip_iot/anaconda3/envs/sandbox/lib/python3.7/site-packages/airflow/example_dags/example_xcomargs.py
[2021-02-25 17:30:25,224] {scheduler_job.py:639} INFO - DAG(s) dict_keys(['example_xcom_args', 'example_xcom_args_with_operators']) retrieved from /home/i-sip_iot/anaconda3/envs/sandbox/lib/python3.7/site-packages/airflow/example_dags/example_xcomargs.py
[2021-02-25 17:30:25,225] {logging_mixin.py:103} INFO - [2021-02-25 17:30:25,225] {dag.py:1813} INFO - Sync 2 DAGs
[2021-02-25 17:30:25,237] {logging_mixin.py:103} INFO - [2021-02-25 17:30:25,236] {dag.py:2266} INFO - Setting next_dagrun for example_xcom_args to None
[2021-02-25 17:30:25,237] {logging_mixin.py:103} INFO - [2021-02-25 17:30:25,237] {dag.py:2266} INFO - Setting next_dagrun for example_xcom_args_with_operators to None
[2021-02-25 17:30:25,250] {scheduler_job.py:189} INFO - Processing /home/i-sip_iot/anaconda3/envs/sandbox/lib/python3.7/site-packages/airflow/example_dags/example_xcomargs.py took 0.039 seconds
[2021-02-25 17:30:53,164] {scheduler_job.py:181} INFO - Started process (PID=189655) to work on /home/i-sip_iot/anaconda3/envs/sandbox/lib/python3.7/site-packages/airflow/example_dags/example_xcomargs.py
[2021-02-25 17:30:53,167] {scheduler_job.py:629} INFO - Processing file /home/i-sip_iot/anaconda3/envs/sandbox/lib/python3.7/site-packages/airflow/example_dags/example_xcomargs.py for tasks to queue
[2021-02-25 17:30:53,168] {logging_mixin.py:103} INFO - [2021-02-25 17:30:53,168] {dagbag.py:440} INFO - Filling up the DagBag from /home/i-sip_iot/anaconda3/envs/sandbox/lib/python3.7/site-packages/airflow/example_dags/example_xcomargs.py
[2021-02-25 17:30:53,185] {scheduler_job.py:639} INFO - DAG(s) dict_keys(['example_xcom_args', 'example_xcom_args_with_operators']) retrieved from /home/i-sip_iot/anaconda3/envs/sandbox/lib/python3.7/site-packages/airflow/example_dags/example_xcomargs.py
[2021-02-25 17:30:53,186] {logging_mixin.py:103} INFO - [2021-02-25 17:30:53,186] {dag.py:1813} INFO - Sync 2 DAGs
[2021-02-25 17:30:53,199] {logging_mixin.py:103} INFO - [2021-02-25 17:30:53,199] {dag.py:2266} INFO - Setting next_dagrun for example_xcom_args to None
[2021-02-25 17:30:53,200] {logging_mixin.py:103} INFO - [2021-02-25 17:30:53,200] {dag.py:2266} INFO - Setting next_dagrun for example_xcom_args_with_operators to None
[2021-02-25 17:30:53,219] {scheduler_job.py:189} INFO - Processing /home/i-sip_iot/anaconda3/envs/sandbox/lib/python3.7/site-packages/airflow/example_dags/example_xcomargs.py took 0.060 seconds
[2021-02-25 17:31:21,180] {scheduler_job.py:181} INFO - Started process (PID=189765) to work on /home/i-sip_iot/anaconda3/envs/sandbox/lib/python3.7/site-packages/airflow/example_dags/example_xcomargs.py
[2021-02-25 17:31:21,182] {scheduler_job.py:629} INFO - Processing file /home/i-sip_iot/anaconda3/envs/sandbox/lib/python3.7/site-packages/airflow/example_dags/example_xcomargs.py for tasks to queue
[2021-02-25 17:31:21,182] {logging_mixin.py:103} INFO - [2021-02-25 17:31:21,182] {dagbag.py:440} INFO - Filling up the DagBag from /home/i-sip_iot/anaconda3/envs/sandbox/lib/python3.7/site-packages/airflow/example_dags/example_xcomargs.py
[2021-02-25 17:31:21,195] {scheduler_job.py:639} INFO - DAG(s) dict_keys(['example_xcom_args', 'example_xcom_args_with_operators']) retrieved from /home/i-sip_iot/anaconda3/envs/sandbox/lib/python3.7/site-packages/airflow/example_dags/example_xcomargs.py
[2021-02-25 17:31:21,196] {logging_mixin.py:103} INFO - [2021-02-25 17:31:21,196] {dag.py:1813} INFO - Sync 2 DAGs
[2021-02-25 17:31:21,208] {logging_mixin.py:103} INFO - [2021-02-25 17:31:21,208] {dag.py:2266} INFO - Setting next_dagrun for example_xcom_args to None
[2021-02-25 17:31:21,209] {logging_mixin.py:103} INFO - [2021-02-25 17:31:21,208] {dag.py:2266} INFO - Setting next_dagrun for example_xcom_args_with_operators to None
[2021-02-25 17:31:21,218] {scheduler_job.py:189} INFO - Processing /home/i-sip_iot/anaconda3/envs/sandbox/lib/python3.7/site-packages/airflow/example_dags/example_xcomargs.py took 0.043 seconds
[2021-02-25 17:31:47,081] {scheduler_job.py:181} INFO - Started process (PID=190000) to work on /home/i-sip_iot/anaconda3/envs/sandbox/lib/python3.7/site-packages/airflow/example_dags/example_xcomargs.py
[2021-02-25 17:31:47,083] {scheduler_job.py:629} INFO - Processing file /home/i-sip_iot/anaconda3/envs/sandbox/lib/python3.7/site-packages/airflow/example_dags/example_xcomargs.py for tasks to queue
[2021-02-25 17:31:47,084] {logging_mixin.py:103} INFO - [2021-02-25 17:31:47,084] {dagbag.py:440} INFO - Filling up the DagBag from /home/i-sip_iot/anaconda3/envs/sandbox/lib/python3.7/site-packages/airflow/example_dags/example_xcomargs.py
[2021-02-25 17:31:47,100] {scheduler_job.py:639} INFO - DAG(s) dict_keys(['example_xcom_args', 'example_xcom_args_with_operators']) retrieved from /home/i-sip_iot/anaconda3/envs/sandbox/lib/python3.7/site-packages/airflow/example_dags/example_xcomargs.py
[2021-02-25 17:31:47,101] {logging_mixin.py:103} INFO - [2021-02-25 17:31:47,101] {dag.py:1813} INFO - Sync 2 DAGs
[2021-02-25 17:31:47,117] {logging_mixin.py:103} INFO - [2021-02-25 17:31:47,117] {dag.py:2266} INFO - Setting next_dagrun for example_xcom_args to None
[2021-02-25 17:31:47,117] {logging_mixin.py:103} INFO - [2021-02-25 17:31:47,117] {dag.py:2266} INFO - Setting next_dagrun for example_xcom_args_with_operators to None
[2021-02-25 17:31:47,143] {scheduler_job.py:189} INFO - Processing /home/i-sip_iot/anaconda3/envs/sandbox/lib/python3.7/site-packages/airflow/example_dags/example_xcomargs.py took 0.065 seconds
[2021-02-25 17:32:14,650] {scheduler_job.py:181} INFO - Started process (PID=190101) to work on /home/i-sip_iot/anaconda3/envs/sandbox/lib/python3.7/site-packages/airflow/example_dags/example_xcomargs.py
[2021-02-25 17:32:14,650] {scheduler_job.py:629} INFO - Processing file /home/i-sip_iot/anaconda3/envs/sandbox/lib/python3.7/site-packages/airflow/example_dags/example_xcomargs.py for tasks to queue
[2021-02-25 17:32:14,651] {logging_mixin.py:103} INFO - [2021-02-25 17:32:14,651] {dagbag.py:440} INFO - Filling up the DagBag from /home/i-sip_iot/anaconda3/envs/sandbox/lib/python3.7/site-packages/airflow/example_dags/example_xcomargs.py
[2021-02-25 17:32:14,661] {scheduler_job.py:639} INFO - DAG(s) dict_keys(['example_xcom_args', 'example_xcom_args_with_operators']) retrieved from /home/i-sip_iot/anaconda3/envs/sandbox/lib/python3.7/site-packages/airflow/example_dags/example_xcomargs.py
[2021-02-25 17:32:14,662] {logging_mixin.py:103} INFO - [2021-02-25 17:32:14,662] {dag.py:1813} INFO - Sync 2 DAGs
[2021-02-25 17:32:14,675] {logging_mixin.py:103} INFO - [2021-02-25 17:32:14,675] {dag.py:2266} INFO - Setting next_dagrun for example_xcom_args to None
[2021-02-25 17:32:14,676] {logging_mixin.py:103} INFO - [2021-02-25 17:32:14,676] {dag.py:2266} INFO - Setting next_dagrun for example_xcom_args_with_operators to None
[2021-02-25 17:32:14,685] {scheduler_job.py:189} INFO - Processing /home/i-sip_iot/anaconda3/envs/sandbox/lib/python3.7/site-packages/airflow/example_dags/example_xcomargs.py took 0.038 seconds
[2021-02-25 17:32:41,583] {scheduler_job.py:181} INFO - Started process (PID=190183) to work on /home/i-sip_iot/anaconda3/envs/sandbox/lib/python3.7/site-packages/airflow/example_dags/example_xcomargs.py
[2021-02-25 17:32:41,585] {scheduler_job.py:629} INFO - Processing file /home/i-sip_iot/anaconda3/envs/sandbox/lib/python3.7/site-packages/airflow/example_dags/example_xcomargs.py for tasks to queue
[2021-02-25 17:32:41,587] {logging_mixin.py:103} INFO - [2021-02-25 17:32:41,586] {dagbag.py:440} INFO - Filling up the DagBag from /home/i-sip_iot/anaconda3/envs/sandbox/lib/python3.7/site-packages/airflow/example_dags/example_xcomargs.py
[2021-02-25 17:32:41,609] {scheduler_job.py:639} INFO - DAG(s) dict_keys(['example_xcom_args', 'example_xcom_args_with_operators']) retrieved from /home/i-sip_iot/anaconda3/envs/sandbox/lib/python3.7/site-packages/airflow/example_dags/example_xcomargs.py
[2021-02-25 17:32:41,610] {logging_mixin.py:103} INFO - [2021-02-25 17:32:41,609] {dag.py:1813} INFO - Sync 2 DAGs
[2021-02-25 17:32:41,624] {logging_mixin.py:103} INFO - [2021-02-25 17:32:41,624] {dag.py:2266} INFO - Setting next_dagrun for example_xcom_args to None
[2021-02-25 17:32:41,625] {logging_mixin.py:103} INFO - [2021-02-25 17:32:41,625] {dag.py:2266} INFO - Setting next_dagrun for example_xcom_args_with_operators to None
[2021-02-25 17:32:41,648] {scheduler_job.py:189} INFO - Processing /home/i-sip_iot/anaconda3/envs/sandbox/lib/python3.7/site-packages/airflow/example_dags/example_xcomargs.py took 0.072 seconds
[2021-02-25 17:33:09,573] {scheduler_job.py:181} INFO - Started process (PID=190462) to work on /home/i-sip_iot/anaconda3/envs/sandbox/lib/python3.7/site-packages/airflow/example_dags/example_xcomargs.py
[2021-02-25 17:33:09,575] {scheduler_job.py:629} INFO - Processing file /home/i-sip_iot/anaconda3/envs/sandbox/lib/python3.7/site-packages/airflow/example_dags/example_xcomargs.py for tasks to queue
[2021-02-25 17:33:09,576] {logging_mixin.py:103} INFO - [2021-02-25 17:33:09,575] {dagbag.py:440} INFO - Filling up the DagBag from /home/i-sip_iot/anaconda3/envs/sandbox/lib/python3.7/site-packages/airflow/example_dags/example_xcomargs.py
[2021-02-25 17:33:09,592] {scheduler_job.py:639} INFO - DAG(s) dict_keys(['example_xcom_args', 'example_xcom_args_with_operators']) retrieved from /home/i-sip_iot/anaconda3/envs/sandbox/lib/python3.7/site-packages/airflow/example_dags/example_xcomargs.py
[2021-02-25 17:33:09,593] {logging_mixin.py:103} INFO - [2021-02-25 17:33:09,593] {dag.py:1813} INFO - Sync 2 DAGs
[2021-02-25 17:33:09,607] {logging_mixin.py:103} INFO - [2021-02-25 17:33:09,607] {dag.py:2266} INFO - Setting next_dagrun for example_xcom_args to None
[2021-02-25 17:33:09,608] {logging_mixin.py:103} INFO - [2021-02-25 17:33:09,608] {dag.py:2266} INFO - Setting next_dagrun for example_xcom_args_with_operators to None
[2021-02-25 17:33:09,619] {scheduler_job.py:189} INFO - Processing /home/i-sip_iot/anaconda3/envs/sandbox/lib/python3.7/site-packages/airflow/example_dags/example_xcomargs.py took 0.049 seconds
[2021-02-25 17:33:35,929] {scheduler_job.py:181} INFO - Started process (PID=190562) to work on /home/i-sip_iot/anaconda3/envs/sandbox/lib/python3.7/site-packages/airflow/example_dags/example_xcomargs.py
[2021-02-25 17:33:35,930] {scheduler_job.py:629} INFO - Processing file /home/i-sip_iot/anaconda3/envs/sandbox/lib/python3.7/site-packages/airflow/example_dags/example_xcomargs.py for tasks to queue
[2021-02-25 17:33:35,931] {logging_mixin.py:103} INFO - [2021-02-25 17:33:35,931] {dagbag.py:440} INFO - Filling up the DagBag from /home/i-sip_iot/anaconda3/envs/sandbox/lib/python3.7/site-packages/airflow/example_dags/example_xcomargs.py
[2021-02-25 17:33:35,943] {scheduler_job.py:639} INFO - DAG(s) dict_keys(['example_xcom_args', 'example_xcom_args_with_operators']) retrieved from /home/i-sip_iot/anaconda3/envs/sandbox/lib/python3.7/site-packages/airflow/example_dags/example_xcomargs.py
[2021-02-25 17:33:35,943] {logging_mixin.py:103} INFO - [2021-02-25 17:33:35,943] {dag.py:1813} INFO - Sync 2 DAGs
[2021-02-25 17:33:35,958] {logging_mixin.py:103} INFO - [2021-02-25 17:33:35,957] {dag.py:2266} INFO - Setting next_dagrun for example_xcom_args to None
[2021-02-25 17:33:35,958] {logging_mixin.py:103} INFO - [2021-02-25 17:33:35,958] {dag.py:2266} INFO - Setting next_dagrun for example_xcom_args_with_operators to None
[2021-02-25 17:33:35,982] {scheduler_job.py:189} INFO - Processing /home/i-sip_iot/anaconda3/envs/sandbox/lib/python3.7/site-packages/airflow/example_dags/example_xcomargs.py took 0.055 seconds
[2021-02-25 17:34:03,342] {scheduler_job.py:181} INFO - Started process (PID=190874) to work on /home/i-sip_iot/anaconda3/envs/sandbox/lib/python3.7/site-packages/airflow/example_dags/example_xcomargs.py
[2021-02-25 17:34:03,343] {scheduler_job.py:629} INFO - Processing file /home/i-sip_iot/anaconda3/envs/sandbox/lib/python3.7/site-packages/airflow/example_dags/example_xcomargs.py for tasks to queue
[2021-02-25 17:34:03,343] {logging_mixin.py:103} INFO - [2021-02-25 17:34:03,343] {dagbag.py:440} INFO - Filling up the DagBag from /home/i-sip_iot/anaconda3/envs/sandbox/lib/python3.7/site-packages/airflow/example_dags/example_xcomargs.py
[2021-02-25 17:34:03,349] {scheduler_job.py:639} INFO - DAG(s) dict_keys(['example_xcom_args', 'example_xcom_args_with_operators']) retrieved from /home/i-sip_iot/anaconda3/envs/sandbox/lib/python3.7/site-packages/airflow/example_dags/example_xcomargs.py
[2021-02-25 17:34:03,350] {logging_mixin.py:103} INFO - [2021-02-25 17:34:03,350] {dag.py:1813} INFO - Sync 2 DAGs
[2021-02-25 17:34:03,361] {logging_mixin.py:103} INFO - [2021-02-25 17:34:03,361] {dag.py:2266} INFO - Setting next_dagrun for example_xcom_args to None
[2021-02-25 17:34:03,362] {logging_mixin.py:103} INFO - [2021-02-25 17:34:03,362] {dag.py:2266} INFO - Setting next_dagrun for example_xcom_args_with_operators to None
[2021-02-25 17:34:03,370] {scheduler_job.py:189} INFO - Processing /home/i-sip_iot/anaconda3/envs/sandbox/lib/python3.7/site-packages/airflow/example_dags/example_xcomargs.py took 0.029 seconds
[2021-02-25 17:34:31,919] {scheduler_job.py:181} INFO - Started process (PID=190938) to work on /home/i-sip_iot/anaconda3/envs/sandbox/lib/python3.7/site-packages/airflow/example_dags/example_xcomargs.py
[2021-02-25 17:34:31,920] {scheduler_job.py:629} INFO - Processing file /home/i-sip_iot/anaconda3/envs/sandbox/lib/python3.7/site-packages/airflow/example_dags/example_xcomargs.py for tasks to queue
[2021-02-25 17:34:31,921] {logging_mixin.py:103} INFO - [2021-02-25 17:34:31,920] {dagbag.py:440} INFO - Filling up the DagBag from /home/i-sip_iot/anaconda3/envs/sandbox/lib/python3.7/site-packages/airflow/example_dags/example_xcomargs.py
[2021-02-25 17:34:31,929] {scheduler_job.py:639} INFO - DAG(s) dict_keys(['example_xcom_args', 'example_xcom_args_with_operators']) retrieved from /home/i-sip_iot/anaconda3/envs/sandbox/lib/python3.7/site-packages/airflow/example_dags/example_xcomargs.py
[2021-02-25 17:34:31,929] {logging_mixin.py:103} INFO - [2021-02-25 17:34:31,929] {dag.py:1813} INFO - Sync 2 DAGs
[2021-02-25 17:34:31,942] {logging_mixin.py:103} INFO - [2021-02-25 17:34:31,941] {dag.py:2266} INFO - Setting next_dagrun for example_xcom_args to None
[2021-02-25 17:34:31,942] {logging_mixin.py:103} INFO - [2021-02-25 17:34:31,942] {dag.py:2266} INFO - Setting next_dagrun for example_xcom_args_with_operators to None
[2021-02-25 17:34:31,972] {scheduler_job.py:189} INFO - Processing /home/i-sip_iot/anaconda3/envs/sandbox/lib/python3.7/site-packages/airflow/example_dags/example_xcomargs.py took 0.054 seconds
[2021-02-25 17:34:59,374] {scheduler_job.py:181} INFO - Started process (PID=191215) to work on /home/i-sip_iot/anaconda3/envs/sandbox/lib/python3.7/site-packages/airflow/example_dags/example_xcomargs.py
[2021-02-25 17:34:59,376] {scheduler_job.py:629} INFO - Processing file /home/i-sip_iot/anaconda3/envs/sandbox/lib/python3.7/site-packages/airflow/example_dags/example_xcomargs.py for tasks to queue
[2021-02-25 17:34:59,378] {logging_mixin.py:103} INFO - [2021-02-25 17:34:59,377] {dagbag.py:440} INFO - Filling up the DagBag from /home/i-sip_iot/anaconda3/envs/sandbox/lib/python3.7/site-packages/airflow/example_dags/example_xcomargs.py
[2021-02-25 17:34:59,398] {scheduler_job.py:639} INFO - DAG(s) dict_keys(['example_xcom_args', 'example_xcom_args_with_operators']) retrieved from /home/i-sip_iot/anaconda3/envs/sandbox/lib/python3.7/site-packages/airflow/example_dags/example_xcomargs.py
[2021-02-25 17:34:59,399] {logging_mixin.py:103} INFO - [2021-02-25 17:34:59,399] {dag.py:1813} INFO - Sync 2 DAGs
[2021-02-25 17:34:59,414] {logging_mixin.py:103} INFO - [2021-02-25 17:34:59,414] {dag.py:2266} INFO - Setting next_dagrun for example_xcom_args to None
[2021-02-25 17:34:59,414] {logging_mixin.py:103} INFO - [2021-02-25 17:34:59,414] {dag.py:2266} INFO - Setting next_dagrun for example_xcom_args_with_operators to None
[2021-02-25 17:34:59,423] {scheduler_job.py:189} INFO - Processing /home/i-sip_iot/anaconda3/envs/sandbox/lib/python3.7/site-packages/airflow/example_dags/example_xcomargs.py took 0.056 seconds
[2021-02-25 17:35:26,229] {scheduler_job.py:181} INFO - Started process (PID=191296) to work on /home/i-sip_iot/anaconda3/envs/sandbox/lib/python3.7/site-packages/airflow/example_dags/example_xcomargs.py
[2021-02-25 17:35:26,230] {scheduler_job.py:629} INFO - Processing file /home/i-sip_iot/anaconda3/envs/sandbox/lib/python3.7/site-packages/airflow/example_dags/example_xcomargs.py for tasks to queue
[2021-02-25 17:35:26,231] {logging_mixin.py:103} INFO - [2021-02-25 17:35:26,231] {dagbag.py:440} INFO - Filling up the DagBag from /home/i-sip_iot/anaconda3/envs/sandbox/lib/python3.7/site-packages/airflow/example_dags/example_xcomargs.py
[2021-02-25 17:35:26,242] {scheduler_job.py:639} INFO - DAG(s) dict_keys(['example_xcom_args', 'example_xcom_args_with_operators']) retrieved from /home/i-sip_iot/anaconda3/envs/sandbox/lib/python3.7/site-packages/airflow/example_dags/example_xcomargs.py
[2021-02-25 17:35:26,243] {logging_mixin.py:103} INFO - [2021-02-25 17:35:26,243] {dag.py:1813} INFO - Sync 2 DAGs
[2021-02-25 17:35:26,255] {logging_mixin.py:103} INFO - [2021-02-25 17:35:26,255] {dag.py:2266} INFO - Setting next_dagrun for example_xcom_args to None
[2021-02-25 17:35:26,255] {logging_mixin.py:103} INFO - [2021-02-25 17:35:26,255] {dag.py:2266} INFO - Setting next_dagrun for example_xcom_args_with_operators to None
[2021-02-25 17:35:26,273] {scheduler_job.py:189} INFO - Processing /home/i-sip_iot/anaconda3/envs/sandbox/lib/python3.7/site-packages/airflow/example_dags/example_xcomargs.py took 0.047 seconds
[2021-02-25 17:35:54,126] {scheduler_job.py:181} INFO - Started process (PID=191538) to work on /home/i-sip_iot/anaconda3/envs/sandbox/lib/python3.7/site-packages/airflow/example_dags/example_xcomargs.py
[2021-02-25 17:35:54,126] {scheduler_job.py:629} INFO - Processing file /home/i-sip_iot/anaconda3/envs/sandbox/lib/python3.7/site-packages/airflow/example_dags/example_xcomargs.py for tasks to queue
[2021-02-25 17:35:54,127] {logging_mixin.py:103} INFO - [2021-02-25 17:35:54,127] {dagbag.py:440} INFO - Filling up the DagBag from /home/i-sip_iot/anaconda3/envs/sandbox/lib/python3.7/site-packages/airflow/example_dags/example_xcomargs.py
[2021-02-25 17:35:54,135] {scheduler_job.py:639} INFO - DAG(s) dict_keys(['example_xcom_args', 'example_xcom_args_with_operators']) retrieved from /home/i-sip_iot/anaconda3/envs/sandbox/lib/python3.7/site-packages/airflow/example_dags/example_xcomargs.py
[2021-02-25 17:35:54,135] {logging_mixin.py:103} INFO - [2021-02-25 17:35:54,135] {dag.py:1813} INFO - Sync 2 DAGs
[2021-02-25 17:35:54,149] {logging_mixin.py:103} INFO - [2021-02-25 17:35:54,149] {dag.py:2266} INFO - Setting next_dagrun for example_xcom_args to None
[2021-02-25 17:35:54,150] {logging_mixin.py:103} INFO - [2021-02-25 17:35:54,150] {dag.py:2266} INFO - Setting next_dagrun for example_xcom_args_with_operators to None
[2021-02-25 17:35:54,161] {scheduler_job.py:189} INFO - Processing /home/i-sip_iot/anaconda3/envs/sandbox/lib/python3.7/site-packages/airflow/example_dags/example_xcomargs.py took 0.036 seconds
[2021-02-25 17:36:20,512] {scheduler_job.py:181} INFO - Started process (PID=191621) to work on /home/i-sip_iot/anaconda3/envs/sandbox/lib/python3.7/site-packages/airflow/example_dags/example_xcomargs.py
[2021-02-25 17:36:20,513] {scheduler_job.py:629} INFO - Processing file /home/i-sip_iot/anaconda3/envs/sandbox/lib/python3.7/site-packages/airflow/example_dags/example_xcomargs.py for tasks to queue
[2021-02-25 17:36:20,513] {logging_mixin.py:103} INFO - [2021-02-25 17:36:20,513] {dagbag.py:440} INFO - Filling up the DagBag from /home/i-sip_iot/anaconda3/envs/sandbox/lib/python3.7/site-packages/airflow/example_dags/example_xcomargs.py
[2021-02-25 17:36:20,524] {scheduler_job.py:639} INFO - DAG(s) dict_keys(['example_xcom_args', 'example_xcom_args_with_operators']) retrieved from /home/i-sip_iot/anaconda3/envs/sandbox/lib/python3.7/site-packages/airflow/example_dags/example_xcomargs.py
[2021-02-25 17:36:20,525] {logging_mixin.py:103} INFO - [2021-02-25 17:36:20,525] {dag.py:1813} INFO - Sync 2 DAGs
[2021-02-25 17:36:20,539] {logging_mixin.py:103} INFO - [2021-02-25 17:36:20,539] {dag.py:2266} INFO - Setting next_dagrun for example_xcom_args to None
[2021-02-25 17:36:20,540] {logging_mixin.py:103} INFO - [2021-02-25 17:36:20,540] {dag.py:2266} INFO - Setting next_dagrun for example_xcom_args_with_operators to None
[2021-02-25 17:36:20,557] {scheduler_job.py:189} INFO - Processing /home/i-sip_iot/anaconda3/envs/sandbox/lib/python3.7/site-packages/airflow/example_dags/example_xcomargs.py took 0.047 seconds
[2021-02-25 17:36:48,501] {scheduler_job.py:181} INFO - Started process (PID=191874) to work on /home/i-sip_iot/anaconda3/envs/sandbox/lib/python3.7/site-packages/airflow/example_dags/example_xcomargs.py
[2021-02-25 17:36:48,502] {scheduler_job.py:629} INFO - Processing file /home/i-sip_iot/anaconda3/envs/sandbox/lib/python3.7/site-packages/airflow/example_dags/example_xcomargs.py for tasks to queue
[2021-02-25 17:36:48,503] {logging_mixin.py:103} INFO - [2021-02-25 17:36:48,503] {dagbag.py:440} INFO - Filling up the DagBag from /home/i-sip_iot/anaconda3/envs/sandbox/lib/python3.7/site-packages/airflow/example_dags/example_xcomargs.py
[2021-02-25 17:36:48,509] {scheduler_job.py:639} INFO - DAG(s) dict_keys(['example_xcom_args', 'example_xcom_args_with_operators']) retrieved from /home/i-sip_iot/anaconda3/envs/sandbox/lib/python3.7/site-packages/airflow/example_dags/example_xcomargs.py
[2021-02-25 17:36:48,509] {logging_mixin.py:103} INFO - [2021-02-25 17:36:48,509] {dag.py:1813} INFO - Sync 2 DAGs
[2021-02-25 17:36:48,520] {logging_mixin.py:103} INFO - [2021-02-25 17:36:48,520] {dag.py:2266} INFO - Setting next_dagrun for example_xcom_args to None
[2021-02-25 17:36:48,520] {logging_mixin.py:103} INFO - [2021-02-25 17:36:48,520] {dag.py:2266} INFO - Setting next_dagrun for example_xcom_args_with_operators to None
[2021-02-25 17:36:48,528] {scheduler_job.py:189} INFO - Processing /home/i-sip_iot/anaconda3/envs/sandbox/lib/python3.7/site-packages/airflow/example_dags/example_xcomargs.py took 0.028 seconds
[2021-02-25 17:37:16,326] {scheduler_job.py:181} INFO - Started process (PID=191962) to work on /home/i-sip_iot/anaconda3/envs/sandbox/lib/python3.7/site-packages/airflow/example_dags/example_xcomargs.py
[2021-02-25 17:37:16,327] {scheduler_job.py:629} INFO - Processing file /home/i-sip_iot/anaconda3/envs/sandbox/lib/python3.7/site-packages/airflow/example_dags/example_xcomargs.py for tasks to queue
[2021-02-25 17:37:16,327] {logging_mixin.py:103} INFO - [2021-02-25 17:37:16,327] {dagbag.py:440} INFO - Filling up the DagBag from /home/i-sip_iot/anaconda3/envs/sandbox/lib/python3.7/site-packages/airflow/example_dags/example_xcomargs.py
[2021-02-25 17:37:16,336] {scheduler_job.py:639} INFO - DAG(s) dict_keys(['example_xcom_args', 'example_xcom_args_with_operators']) retrieved from /home/i-sip_iot/anaconda3/envs/sandbox/lib/python3.7/site-packages/airflow/example_dags/example_xcomargs.py
[2021-02-25 17:37:16,336] {logging_mixin.py:103} INFO - [2021-02-25 17:37:16,336] {dag.py:1813} INFO - Sync 2 DAGs
[2021-02-25 17:37:16,345] {logging_mixin.py:103} INFO - [2021-02-25 17:37:16,345] {dag.py:2266} INFO - Setting next_dagrun for example_xcom_args to None
[2021-02-25 17:37:16,345] {logging_mixin.py:103} INFO - [2021-02-25 17:37:16,345] {dag.py:2266} INFO - Setting next_dagrun for example_xcom_args_with_operators to None
[2021-02-25 17:37:16,370] {scheduler_job.py:189} INFO - Processing /home/i-sip_iot/anaconda3/envs/sandbox/lib/python3.7/site-packages/airflow/example_dags/example_xcomargs.py took 0.045 seconds
[2021-02-25 17:37:42,681] {scheduler_job.py:181} INFO - Started process (PID=192039) to work on /home/i-sip_iot/anaconda3/envs/sandbox/lib/python3.7/site-packages/airflow/example_dags/example_xcomargs.py
[2021-02-25 17:37:42,684] {scheduler_job.py:629} INFO - Processing file /home/i-sip_iot/anaconda3/envs/sandbox/lib/python3.7/site-packages/airflow/example_dags/example_xcomargs.py for tasks to queue
[2021-02-25 17:37:42,685] {logging_mixin.py:103} INFO - [2021-02-25 17:37:42,685] {dagbag.py:440} INFO - Filling up the DagBag from /home/i-sip_iot/anaconda3/envs/sandbox/lib/python3.7/site-packages/airflow/example_dags/example_xcomargs.py
[2021-02-25 17:37:42,706] {scheduler_job.py:639} INFO - DAG(s) dict_keys(['example_xcom_args', 'example_xcom_args_with_operators']) retrieved from /home/i-sip_iot/anaconda3/envs/sandbox/lib/python3.7/site-packages/airflow/example_dags/example_xcomargs.py
[2021-02-25 17:37:42,707] {logging_mixin.py:103} INFO - [2021-02-25 17:37:42,707] {dag.py:1813} INFO - Sync 2 DAGs
[2021-02-25 17:37:42,722] {logging_mixin.py:103} INFO - [2021-02-25 17:37:42,721] {dag.py:2266} INFO - Setting next_dagrun for example_xcom_args to None
[2021-02-25 17:37:42,722] {logging_mixin.py:103} INFO - [2021-02-25 17:37:42,722] {dag.py:2266} INFO - Setting next_dagrun for example_xcom_args_with_operators to None
[2021-02-25 17:37:42,733] {scheduler_job.py:189} INFO - Processing /home/i-sip_iot/anaconda3/envs/sandbox/lib/python3.7/site-packages/airflow/example_dags/example_xcomargs.py took 0.058 seconds
[2021-02-25 17:38:10,641] {scheduler_job.py:181} INFO - Started process (PID=192322) to work on /home/i-sip_iot/anaconda3/envs/sandbox/lib/python3.7/site-packages/airflow/example_dags/example_xcomargs.py
[2021-02-25 17:38:10,641] {scheduler_job.py:629} INFO - Processing file /home/i-sip_iot/anaconda3/envs/sandbox/lib/python3.7/site-packages/airflow/example_dags/example_xcomargs.py for tasks to queue
[2021-02-25 17:38:10,642] {logging_mixin.py:103} INFO - [2021-02-25 17:38:10,642] {dagbag.py:440} INFO - Filling up the DagBag from /home/i-sip_iot/anaconda3/envs/sandbox/lib/python3.7/site-packages/airflow/example_dags/example_xcomargs.py
[2021-02-25 17:38:10,649] {scheduler_job.py:639} INFO - DAG(s) dict_keys(['example_xcom_args', 'example_xcom_args_with_operators']) retrieved from /home/i-sip_iot/anaconda3/envs/sandbox/lib/python3.7/site-packages/airflow/example_dags/example_xcomargs.py
[2021-02-25 17:38:10,650] {logging_mixin.py:103} INFO - [2021-02-25 17:38:10,650] {dag.py:1813} INFO - Sync 2 DAGs
[2021-02-25 17:38:10,659] {logging_mixin.py:103} INFO - [2021-02-25 17:38:10,659] {dag.py:2266} INFO - Setting next_dagrun for example_xcom_args to None
[2021-02-25 17:38:10,660] {logging_mixin.py:103} INFO - [2021-02-25 17:38:10,660] {dag.py:2266} INFO - Setting next_dagrun for example_xcom_args_with_operators to None
[2021-02-25 17:38:10,682] {scheduler_job.py:189} INFO - Processing /home/i-sip_iot/anaconda3/envs/sandbox/lib/python3.7/site-packages/airflow/example_dags/example_xcomargs.py took 0.042 seconds
[2021-02-25 17:38:37,519] {scheduler_job.py:181} INFO - Started process (PID=192377) to work on /home/i-sip_iot/anaconda3/envs/sandbox/lib/python3.7/site-packages/airflow/example_dags/example_xcomargs.py
[2021-02-25 17:38:37,520] {scheduler_job.py:629} INFO - Processing file /home/i-sip_iot/anaconda3/envs/sandbox/lib/python3.7/site-packages/airflow/example_dags/example_xcomargs.py for tasks to queue
[2021-02-25 17:38:37,521] {logging_mixin.py:103} INFO - [2021-02-25 17:38:37,521] {dagbag.py:440} INFO - Filling up the DagBag from /home/i-sip_iot/anaconda3/envs/sandbox/lib/python3.7/site-packages/airflow/example_dags/example_xcomargs.py
[2021-02-25 17:38:37,536] {scheduler_job.py:639} INFO - DAG(s) dict_keys(['example_xcom_args', 'example_xcom_args_with_operators']) retrieved from /home/i-sip_iot/anaconda3/envs/sandbox/lib/python3.7/site-packages/airflow/example_dags/example_xcomargs.py
[2021-02-25 17:38:37,537] {logging_mixin.py:103} INFO - [2021-02-25 17:38:37,537] {dag.py:1813} INFO - Sync 2 DAGs
[2021-02-25 17:38:37,553] {logging_mixin.py:103} INFO - [2021-02-25 17:38:37,553] {dag.py:2266} INFO - Setting next_dagrun for example_xcom_args to None
[2021-02-25 17:38:37,554] {logging_mixin.py:103} INFO - [2021-02-25 17:38:37,554] {dag.py:2266} INFO - Setting next_dagrun for example_xcom_args_with_operators to None
[2021-02-25 17:38:37,564] {scheduler_job.py:189} INFO - Processing /home/i-sip_iot/anaconda3/envs/sandbox/lib/python3.7/site-packages/airflow/example_dags/example_xcomargs.py took 0.049 seconds
[2021-02-25 17:39:05,037] {scheduler_job.py:181} INFO - Started process (PID=192636) to work on /home/i-sip_iot/anaconda3/envs/sandbox/lib/python3.7/site-packages/airflow/example_dags/example_xcomargs.py
[2021-02-25 17:39:05,039] {scheduler_job.py:629} INFO - Processing file /home/i-sip_iot/anaconda3/envs/sandbox/lib/python3.7/site-packages/airflow/example_dags/example_xcomargs.py for tasks to queue
[2021-02-25 17:39:05,040] {logging_mixin.py:103} INFO - [2021-02-25 17:39:05,039] {dagbag.py:440} INFO - Filling up the DagBag from /home/i-sip_iot/anaconda3/envs/sandbox/lib/python3.7/site-packages/airflow/example_dags/example_xcomargs.py
[2021-02-25 17:39:05,055] {scheduler_job.py:639} INFO - DAG(s) dict_keys(['example_xcom_args', 'example_xcom_args_with_operators']) retrieved from /home/i-sip_iot/anaconda3/envs/sandbox/lib/python3.7/site-packages/airflow/example_dags/example_xcomargs.py
[2021-02-25 17:39:05,057] {logging_mixin.py:103} INFO - [2021-02-25 17:39:05,057] {dag.py:1813} INFO - Sync 2 DAGs
[2021-02-25 17:39:05,069] {logging_mixin.py:103} INFO - [2021-02-25 17:39:05,069] {dag.py:2266} INFO - Setting next_dagrun for example_xcom_args to None
[2021-02-25 17:39:05,069] {logging_mixin.py:103} INFO - [2021-02-25 17:39:05,069] {dag.py:2266} INFO - Setting next_dagrun for example_xcom_args_with_operators to None
[2021-02-25 17:39:05,091] {scheduler_job.py:189} INFO - Processing /home/i-sip_iot/anaconda3/envs/sandbox/lib/python3.7/site-packages/airflow/example_dags/example_xcomargs.py took 0.059 seconds
[2021-02-25 17:39:32,100] {scheduler_job.py:181} INFO - Started process (PID=192730) to work on /home/i-sip_iot/anaconda3/envs/sandbox/lib/python3.7/site-packages/airflow/example_dags/example_xcomargs.py
[2021-02-25 17:39:32,102] {scheduler_job.py:629} INFO - Processing file /home/i-sip_iot/anaconda3/envs/sandbox/lib/python3.7/site-packages/airflow/example_dags/example_xcomargs.py for tasks to queue
[2021-02-25 17:39:32,103] {logging_mixin.py:103} INFO - [2021-02-25 17:39:32,102] {dagbag.py:440} INFO - Filling up the DagBag from /home/i-sip_iot/anaconda3/envs/sandbox/lib/python3.7/site-packages/airflow/example_dags/example_xcomargs.py
[2021-02-25 17:39:32,119] {scheduler_job.py:639} INFO - DAG(s) dict_keys(['example_xcom_args', 'example_xcom_args_with_operators']) retrieved from /home/i-sip_iot/anaconda3/envs/sandbox/lib/python3.7/site-packages/airflow/example_dags/example_xcomargs.py
[2021-02-25 17:39:32,120] {logging_mixin.py:103} INFO - [2021-02-25 17:39:32,120] {dag.py:1813} INFO - Sync 2 DAGs
[2021-02-25 17:39:32,132] {logging_mixin.py:103} INFO - [2021-02-25 17:39:32,132] {dag.py:2266} INFO - Setting next_dagrun for example_xcom_args to None
[2021-02-25 17:39:32,133] {logging_mixin.py:103} INFO - [2021-02-25 17:39:32,133] {dag.py:2266} INFO - Setting next_dagrun for example_xcom_args_with_operators to None
[2021-02-25 17:39:32,142] {scheduler_job.py:189} INFO - Processing /home/i-sip_iot/anaconda3/envs/sandbox/lib/python3.7/site-packages/airflow/example_dags/example_xcomargs.py took 0.046 seconds
[2021-02-25 17:39:58,986] {scheduler_job.py:181} INFO - Started process (PID=193001) to work on /home/i-sip_iot/anaconda3/envs/sandbox/lib/python3.7/site-packages/airflow/example_dags/example_xcomargs.py
[2021-02-25 17:39:58,991] {scheduler_job.py:629} INFO - Processing file /home/i-sip_iot/anaconda3/envs/sandbox/lib/python3.7/site-packages/airflow/example_dags/example_xcomargs.py for tasks to queue
[2021-02-25 17:39:58,992] {logging_mixin.py:103} INFO - [2021-02-25 17:39:58,991] {dagbag.py:440} INFO - Filling up the DagBag from /home/i-sip_iot/anaconda3/envs/sandbox/lib/python3.7/site-packages/airflow/example_dags/example_xcomargs.py
[2021-02-25 17:39:59,010] {scheduler_job.py:639} INFO - DAG(s) dict_keys(['example_xcom_args', 'example_xcom_args_with_operators']) retrieved from /home/i-sip_iot/anaconda3/envs/sandbox/lib/python3.7/site-packages/airflow/example_dags/example_xcomargs.py
[2021-02-25 17:39:59,011] {logging_mixin.py:103} INFO - [2021-02-25 17:39:59,011] {dag.py:1813} INFO - Sync 2 DAGs
[2021-02-25 17:39:59,027] {logging_mixin.py:103} INFO - [2021-02-25 17:39:59,027] {dag.py:2266} INFO - Setting next_dagrun for example_xcom_args to None
[2021-02-25 17:39:59,028] {logging_mixin.py:103} INFO - [2021-02-25 17:39:59,028] {dag.py:2266} INFO - Setting next_dagrun for example_xcom_args_with_operators to None
[2021-02-25 17:39:59,056] {scheduler_job.py:189} INFO - Processing /home/i-sip_iot/anaconda3/envs/sandbox/lib/python3.7/site-packages/airflow/example_dags/example_xcomargs.py took 0.074 seconds
[2021-02-25 17:40:26,905] {scheduler_job.py:181} INFO - Started process (PID=193082) to work on /home/i-sip_iot/anaconda3/envs/sandbox/lib/python3.7/site-packages/airflow/example_dags/example_xcomargs.py
[2021-02-25 17:40:26,906] {scheduler_job.py:629} INFO - Processing file /home/i-sip_iot/anaconda3/envs/sandbox/lib/python3.7/site-packages/airflow/example_dags/example_xcomargs.py for tasks to queue
[2021-02-25 17:40:26,907] {logging_mixin.py:103} INFO - [2021-02-25 17:40:26,907] {dagbag.py:440} INFO - Filling up the DagBag from /home/i-sip_iot/anaconda3/envs/sandbox/lib/python3.7/site-packages/airflow/example_dags/example_xcomargs.py
[2021-02-25 17:40:26,920] {scheduler_job.py:639} INFO - DAG(s) dict_keys(['example_xcom_args', 'example_xcom_args_with_operators']) retrieved from /home/i-sip_iot/anaconda3/envs/sandbox/lib/python3.7/site-packages/airflow/example_dags/example_xcomargs.py
[2021-02-25 17:40:26,921] {logging_mixin.py:103} INFO - [2021-02-25 17:40:26,921] {dag.py:1813} INFO - Sync 2 DAGs
[2021-02-25 17:40:26,933] {logging_mixin.py:103} INFO - [2021-02-25 17:40:26,933] {dag.py:2266} INFO - Setting next_dagrun for example_xcom_args to None
[2021-02-25 17:40:26,933] {logging_mixin.py:103} INFO - [2021-02-25 17:40:26,933] {dag.py:2266} INFO - Setting next_dagrun for example_xcom_args_with_operators to None
[2021-02-25 17:40:26,941] {scheduler_job.py:189} INFO - Processing /home/i-sip_iot/anaconda3/envs/sandbox/lib/python3.7/site-packages/airflow/example_dags/example_xcomargs.py took 0.040 seconds
[2021-02-25 17:40:53,317] {scheduler_job.py:181} INFO - Started process (PID=193339) to work on /home/i-sip_iot/anaconda3/envs/sandbox/lib/python3.7/site-packages/airflow/example_dags/example_xcomargs.py
[2021-02-25 17:40:53,317] {scheduler_job.py:629} INFO - Processing file /home/i-sip_iot/anaconda3/envs/sandbox/lib/python3.7/site-packages/airflow/example_dags/example_xcomargs.py for tasks to queue
[2021-02-25 17:40:53,317] {logging_mixin.py:103} INFO - [2021-02-25 17:40:53,317] {dagbag.py:440} INFO - Filling up the DagBag from /home/i-sip_iot/anaconda3/envs/sandbox/lib/python3.7/site-packages/airflow/example_dags/example_xcomargs.py
[2021-02-25 17:40:53,325] {scheduler_job.py:639} INFO - DAG(s) dict_keys(['example_xcom_args', 'example_xcom_args_with_operators']) retrieved from /home/i-sip_iot/anaconda3/envs/sandbox/lib/python3.7/site-packages/airflow/example_dags/example_xcomargs.py
[2021-02-25 17:40:53,326] {logging_mixin.py:103} INFO - [2021-02-25 17:40:53,326] {dag.py:1813} INFO - Sync 2 DAGs
[2021-02-25 17:40:53,335] {logging_mixin.py:103} INFO - [2021-02-25 17:40:53,335] {dag.py:2266} INFO - Setting next_dagrun for example_xcom_args to None
[2021-02-25 17:40:53,336] {logging_mixin.py:103} INFO - [2021-02-25 17:40:53,336] {dag.py:2266} INFO - Setting next_dagrun for example_xcom_args_with_operators to None
[2021-02-25 17:40:53,356] {scheduler_job.py:189} INFO - Processing /home/i-sip_iot/anaconda3/envs/sandbox/lib/python3.7/site-packages/airflow/example_dags/example_xcomargs.py took 0.041 seconds
