[2021-02-25 17:15:22,575] {scheduler_job.py:181} INFO - Started process (PID=184357) to work on /home/i-sip_iot/anaconda3/envs/sandbox/lib/python3.7/site-packages/airflow/example_dags/example_complex.py
[2021-02-25 17:15:22,576] {scheduler_job.py:629} INFO - Processing file /home/i-sip_iot/anaconda3/envs/sandbox/lib/python3.7/site-packages/airflow/example_dags/example_complex.py for tasks to queue
[2021-02-25 17:15:22,576] {logging_mixin.py:103} INFO - [2021-02-25 17:15:22,576] {dagbag.py:440} INFO - Filling up the DagBag from /home/i-sip_iot/anaconda3/envs/sandbox/lib/python3.7/site-packages/airflow/example_dags/example_complex.py
[2021-02-25 17:15:22,585] {scheduler_job.py:639} INFO - DAG(s) dict_keys(['example_complex']) retrieved from /home/i-sip_iot/anaconda3/envs/sandbox/lib/python3.7/site-packages/airflow/example_dags/example_complex.py
[2021-02-25 17:15:22,585] {logging_mixin.py:103} INFO - [2021-02-25 17:15:22,585] {dag.py:1813} INFO - Sync 1 DAGs
[2021-02-25 17:15:22,594] {logging_mixin.py:103} INFO - [2021-02-25 17:15:22,594] {dag.py:2266} INFO - Setting next_dagrun for example_complex to None
[2021-02-25 17:15:22,617] {scheduler_job.py:189} INFO - Processing /home/i-sip_iot/anaconda3/envs/sandbox/lib/python3.7/site-packages/airflow/example_dags/example_complex.py took 0.043 seconds
[2021-02-25 17:15:48,980] {scheduler_job.py:181} INFO - Started process (PID=184584) to work on /home/i-sip_iot/anaconda3/envs/sandbox/lib/python3.7/site-packages/airflow/example_dags/example_complex.py
[2021-02-25 17:15:48,981] {scheduler_job.py:629} INFO - Processing file /home/i-sip_iot/anaconda3/envs/sandbox/lib/python3.7/site-packages/airflow/example_dags/example_complex.py for tasks to queue
[2021-02-25 17:15:48,981] {logging_mixin.py:103} INFO - [2021-02-25 17:15:48,981] {dagbag.py:440} INFO - Filling up the DagBag from /home/i-sip_iot/anaconda3/envs/sandbox/lib/python3.7/site-packages/airflow/example_dags/example_complex.py
[2021-02-25 17:15:48,990] {scheduler_job.py:639} INFO - DAG(s) dict_keys(['example_complex']) retrieved from /home/i-sip_iot/anaconda3/envs/sandbox/lib/python3.7/site-packages/airflow/example_dags/example_complex.py
[2021-02-25 17:15:48,991] {logging_mixin.py:103} INFO - [2021-02-25 17:15:48,991] {dag.py:1813} INFO - Sync 1 DAGs
[2021-02-25 17:15:49,000] {logging_mixin.py:103} INFO - [2021-02-25 17:15:49,000] {dag.py:2266} INFO - Setting next_dagrun for example_complex to None
[2021-02-25 17:15:49,006] {scheduler_job.py:189} INFO - Processing /home/i-sip_iot/anaconda3/envs/sandbox/lib/python3.7/site-packages/airflow/example_dags/example_complex.py took 0.028 seconds
[2021-02-25 17:16:15,930] {scheduler_job.py:181} INFO - Started process (PID=184659) to work on /home/i-sip_iot/anaconda3/envs/sandbox/lib/python3.7/site-packages/airflow/example_dags/example_complex.py
[2021-02-25 17:16:15,932] {scheduler_job.py:629} INFO - Processing file /home/i-sip_iot/anaconda3/envs/sandbox/lib/python3.7/site-packages/airflow/example_dags/example_complex.py for tasks to queue
[2021-02-25 17:16:15,934] {logging_mixin.py:103} INFO - [2021-02-25 17:16:15,933] {dagbag.py:440} INFO - Filling up the DagBag from /home/i-sip_iot/anaconda3/envs/sandbox/lib/python3.7/site-packages/airflow/example_dags/example_complex.py
[2021-02-25 17:16:15,959] {scheduler_job.py:639} INFO - DAG(s) dict_keys(['example_complex']) retrieved from /home/i-sip_iot/anaconda3/envs/sandbox/lib/python3.7/site-packages/airflow/example_dags/example_complex.py
[2021-02-25 17:16:15,960] {logging_mixin.py:103} INFO - [2021-02-25 17:16:15,960] {dag.py:1813} INFO - Sync 1 DAGs
[2021-02-25 17:16:15,973] {logging_mixin.py:103} INFO - [2021-02-25 17:16:15,973] {dag.py:2266} INFO - Setting next_dagrun for example_complex to None
[2021-02-25 17:16:15,984] {scheduler_job.py:189} INFO - Processing /home/i-sip_iot/anaconda3/envs/sandbox/lib/python3.7/site-packages/airflow/example_dags/example_complex.py took 0.060 seconds
[2021-02-25 17:16:43,950] {scheduler_job.py:181} INFO - Started process (PID=184892) to work on /home/i-sip_iot/anaconda3/envs/sandbox/lib/python3.7/site-packages/airflow/example_dags/example_complex.py
[2021-02-25 17:16:43,950] {scheduler_job.py:629} INFO - Processing file /home/i-sip_iot/anaconda3/envs/sandbox/lib/python3.7/site-packages/airflow/example_dags/example_complex.py for tasks to queue
[2021-02-25 17:16:43,951] {logging_mixin.py:103} INFO - [2021-02-25 17:16:43,951] {dagbag.py:440} INFO - Filling up the DagBag from /home/i-sip_iot/anaconda3/envs/sandbox/lib/python3.7/site-packages/airflow/example_dags/example_complex.py
[2021-02-25 17:16:43,960] {scheduler_job.py:639} INFO - DAG(s) dict_keys(['example_complex']) retrieved from /home/i-sip_iot/anaconda3/envs/sandbox/lib/python3.7/site-packages/airflow/example_dags/example_complex.py
[2021-02-25 17:16:43,961] {logging_mixin.py:103} INFO - [2021-02-25 17:16:43,961] {dag.py:1813} INFO - Sync 1 DAGs
[2021-02-25 17:16:43,971] {logging_mixin.py:103} INFO - [2021-02-25 17:16:43,971] {dag.py:2266} INFO - Setting next_dagrun for example_complex to None
[2021-02-25 17:16:43,983] {scheduler_job.py:189} INFO - Processing /home/i-sip_iot/anaconda3/envs/sandbox/lib/python3.7/site-packages/airflow/example_dags/example_complex.py took 0.035 seconds
[2021-02-25 17:17:11,076] {scheduler_job.py:181} INFO - Started process (PID=184978) to work on /home/i-sip_iot/anaconda3/envs/sandbox/lib/python3.7/site-packages/airflow/example_dags/example_complex.py
[2021-02-25 17:17:11,077] {scheduler_job.py:629} INFO - Processing file /home/i-sip_iot/anaconda3/envs/sandbox/lib/python3.7/site-packages/airflow/example_dags/example_complex.py for tasks to queue
[2021-02-25 17:17:11,077] {logging_mixin.py:103} INFO - [2021-02-25 17:17:11,077] {dagbag.py:440} INFO - Filling up the DagBag from /home/i-sip_iot/anaconda3/envs/sandbox/lib/python3.7/site-packages/airflow/example_dags/example_complex.py
[2021-02-25 17:17:11,088] {scheduler_job.py:639} INFO - DAG(s) dict_keys(['example_complex']) retrieved from /home/i-sip_iot/anaconda3/envs/sandbox/lib/python3.7/site-packages/airflow/example_dags/example_complex.py
[2021-02-25 17:17:11,089] {logging_mixin.py:103} INFO - [2021-02-25 17:17:11,089] {dag.py:1813} INFO - Sync 1 DAGs
[2021-02-25 17:17:11,102] {logging_mixin.py:103} INFO - [2021-02-25 17:17:11,102] {dag.py:2266} INFO - Setting next_dagrun for example_complex to None
[2021-02-25 17:17:11,116] {scheduler_job.py:189} INFO - Processing /home/i-sip_iot/anaconda3/envs/sandbox/lib/python3.7/site-packages/airflow/example_dags/example_complex.py took 0.042 seconds
[2021-02-25 17:17:38,331] {scheduler_job.py:181} INFO - Started process (PID=185221) to work on /home/i-sip_iot/anaconda3/envs/sandbox/lib/python3.7/site-packages/airflow/example_dags/example_complex.py
[2021-02-25 17:17:38,332] {scheduler_job.py:629} INFO - Processing file /home/i-sip_iot/anaconda3/envs/sandbox/lib/python3.7/site-packages/airflow/example_dags/example_complex.py for tasks to queue
[2021-02-25 17:17:38,332] {logging_mixin.py:103} INFO - [2021-02-25 17:17:38,332] {dagbag.py:440} INFO - Filling up the DagBag from /home/i-sip_iot/anaconda3/envs/sandbox/lib/python3.7/site-packages/airflow/example_dags/example_complex.py
[2021-02-25 17:17:38,343] {scheduler_job.py:639} INFO - DAG(s) dict_keys(['example_complex']) retrieved from /home/i-sip_iot/anaconda3/envs/sandbox/lib/python3.7/site-packages/airflow/example_dags/example_complex.py
[2021-02-25 17:17:38,343] {logging_mixin.py:103} INFO - [2021-02-25 17:17:38,343] {dag.py:1813} INFO - Sync 1 DAGs
[2021-02-25 17:17:38,353] {logging_mixin.py:103} INFO - [2021-02-25 17:17:38,353] {dag.py:2266} INFO - Setting next_dagrun for example_complex to None
[2021-02-25 17:17:38,365] {scheduler_job.py:189} INFO - Processing /home/i-sip_iot/anaconda3/envs/sandbox/lib/python3.7/site-packages/airflow/example_dags/example_complex.py took 0.036 seconds
[2021-02-25 17:18:05,232] {scheduler_job.py:181} INFO - Started process (PID=185282) to work on /home/i-sip_iot/anaconda3/envs/sandbox/lib/python3.7/site-packages/airflow/example_dags/example_complex.py
[2021-02-25 17:18:05,233] {scheduler_job.py:629} INFO - Processing file /home/i-sip_iot/anaconda3/envs/sandbox/lib/python3.7/site-packages/airflow/example_dags/example_complex.py for tasks to queue
[2021-02-25 17:18:05,233] {logging_mixin.py:103} INFO - [2021-02-25 17:18:05,233] {dagbag.py:440} INFO - Filling up the DagBag from /home/i-sip_iot/anaconda3/envs/sandbox/lib/python3.7/site-packages/airflow/example_dags/example_complex.py
[2021-02-25 17:18:05,244] {scheduler_job.py:639} INFO - DAG(s) dict_keys(['example_complex']) retrieved from /home/i-sip_iot/anaconda3/envs/sandbox/lib/python3.7/site-packages/airflow/example_dags/example_complex.py
[2021-02-25 17:18:05,245] {logging_mixin.py:103} INFO - [2021-02-25 17:18:05,245] {dag.py:1813} INFO - Sync 1 DAGs
[2021-02-25 17:18:05,255] {logging_mixin.py:103} INFO - [2021-02-25 17:18:05,255] {dag.py:2266} INFO - Setting next_dagrun for example_complex to None
[2021-02-25 17:18:05,268] {scheduler_job.py:189} INFO - Processing /home/i-sip_iot/anaconda3/envs/sandbox/lib/python3.7/site-packages/airflow/example_dags/example_complex.py took 0.037 seconds
[2021-02-25 17:18:33,212] {scheduler_job.py:181} INFO - Started process (PID=185348) to work on /home/i-sip_iot/anaconda3/envs/sandbox/lib/python3.7/site-packages/airflow/example_dags/example_complex.py
[2021-02-25 17:18:33,213] {scheduler_job.py:629} INFO - Processing file /home/i-sip_iot/anaconda3/envs/sandbox/lib/python3.7/site-packages/airflow/example_dags/example_complex.py for tasks to queue
[2021-02-25 17:18:33,213] {logging_mixin.py:103} INFO - [2021-02-25 17:18:33,213] {dagbag.py:440} INFO - Filling up the DagBag from /home/i-sip_iot/anaconda3/envs/sandbox/lib/python3.7/site-packages/airflow/example_dags/example_complex.py
[2021-02-25 17:18:33,225] {scheduler_job.py:639} INFO - DAG(s) dict_keys(['example_complex']) retrieved from /home/i-sip_iot/anaconda3/envs/sandbox/lib/python3.7/site-packages/airflow/example_dags/example_complex.py
[2021-02-25 17:18:33,226] {logging_mixin.py:103} INFO - [2021-02-25 17:18:33,226] {dag.py:1813} INFO - Sync 1 DAGs
[2021-02-25 17:18:33,236] {logging_mixin.py:103} INFO - [2021-02-25 17:18:33,236] {dag.py:2266} INFO - Setting next_dagrun for example_complex to None
[2021-02-25 17:18:33,247] {scheduler_job.py:189} INFO - Processing /home/i-sip_iot/anaconda3/envs/sandbox/lib/python3.7/site-packages/airflow/example_dags/example_complex.py took 0.038 seconds
[2021-02-25 17:18:59,461] {scheduler_job.py:181} INFO - Started process (PID=185607) to work on /home/i-sip_iot/anaconda3/envs/sandbox/lib/python3.7/site-packages/airflow/example_dags/example_complex.py
[2021-02-25 17:18:59,462] {scheduler_job.py:629} INFO - Processing file /home/i-sip_iot/anaconda3/envs/sandbox/lib/python3.7/site-packages/airflow/example_dags/example_complex.py for tasks to queue
[2021-02-25 17:18:59,462] {logging_mixin.py:103} INFO - [2021-02-25 17:18:59,462] {dagbag.py:440} INFO - Filling up the DagBag from /home/i-sip_iot/anaconda3/envs/sandbox/lib/python3.7/site-packages/airflow/example_dags/example_complex.py
[2021-02-25 17:18:59,475] {scheduler_job.py:639} INFO - DAG(s) dict_keys(['example_complex']) retrieved from /home/i-sip_iot/anaconda3/envs/sandbox/lib/python3.7/site-packages/airflow/example_dags/example_complex.py
[2021-02-25 17:18:59,476] {logging_mixin.py:103} INFO - [2021-02-25 17:18:59,476] {dag.py:1813} INFO - Sync 1 DAGs
[2021-02-25 17:18:59,491] {logging_mixin.py:103} INFO - [2021-02-25 17:18:59,491] {dag.py:2266} INFO - Setting next_dagrun for example_complex to None
[2021-02-25 17:18:59,513] {scheduler_job.py:189} INFO - Processing /home/i-sip_iot/anaconda3/envs/sandbox/lib/python3.7/site-packages/airflow/example_dags/example_complex.py took 0.053 seconds
[2021-02-25 17:19:26,388] {scheduler_job.py:181} INFO - Started process (PID=185672) to work on /home/i-sip_iot/anaconda3/envs/sandbox/lib/python3.7/site-packages/airflow/example_dags/example_complex.py
[2021-02-25 17:19:26,389] {scheduler_job.py:629} INFO - Processing file /home/i-sip_iot/anaconda3/envs/sandbox/lib/python3.7/site-packages/airflow/example_dags/example_complex.py for tasks to queue
[2021-02-25 17:19:26,389] {logging_mixin.py:103} INFO - [2021-02-25 17:19:26,389] {dagbag.py:440} INFO - Filling up the DagBag from /home/i-sip_iot/anaconda3/envs/sandbox/lib/python3.7/site-packages/airflow/example_dags/example_complex.py
[2021-02-25 17:19:26,398] {scheduler_job.py:639} INFO - DAG(s) dict_keys(['example_complex']) retrieved from /home/i-sip_iot/anaconda3/envs/sandbox/lib/python3.7/site-packages/airflow/example_dags/example_complex.py
[2021-02-25 17:19:26,399] {logging_mixin.py:103} INFO - [2021-02-25 17:19:26,399] {dag.py:1813} INFO - Sync 1 DAGs
[2021-02-25 17:19:26,408] {logging_mixin.py:103} INFO - [2021-02-25 17:19:26,408] {dag.py:2266} INFO - Setting next_dagrun for example_complex to None
[2021-02-25 17:19:26,419] {scheduler_job.py:189} INFO - Processing /home/i-sip_iot/anaconda3/envs/sandbox/lib/python3.7/site-packages/airflow/example_dags/example_complex.py took 0.033 seconds
[2021-02-25 17:19:54,435] {scheduler_job.py:181} INFO - Started process (PID=185895) to work on /home/i-sip_iot/anaconda3/envs/sandbox/lib/python3.7/site-packages/airflow/example_dags/example_complex.py
[2021-02-25 17:19:54,436] {scheduler_job.py:629} INFO - Processing file /home/i-sip_iot/anaconda3/envs/sandbox/lib/python3.7/site-packages/airflow/example_dags/example_complex.py for tasks to queue
[2021-02-25 17:19:54,436] {logging_mixin.py:103} INFO - [2021-02-25 17:19:54,436] {dagbag.py:440} INFO - Filling up the DagBag from /home/i-sip_iot/anaconda3/envs/sandbox/lib/python3.7/site-packages/airflow/example_dags/example_complex.py
[2021-02-25 17:19:54,445] {scheduler_job.py:639} INFO - DAG(s) dict_keys(['example_complex']) retrieved from /home/i-sip_iot/anaconda3/envs/sandbox/lib/python3.7/site-packages/airflow/example_dags/example_complex.py
[2021-02-25 17:19:54,445] {logging_mixin.py:103} INFO - [2021-02-25 17:19:54,445] {dag.py:1813} INFO - Sync 1 DAGs
[2021-02-25 17:19:54,453] {logging_mixin.py:103} INFO - [2021-02-25 17:19:54,453] {dag.py:2266} INFO - Setting next_dagrun for example_complex to None
[2021-02-25 17:19:54,464] {scheduler_job.py:189} INFO - Processing /home/i-sip_iot/anaconda3/envs/sandbox/lib/python3.7/site-packages/airflow/example_dags/example_complex.py took 0.030 seconds
[2021-02-25 17:20:21,348] {scheduler_job.py:181} INFO - Started process (PID=185962) to work on /home/i-sip_iot/anaconda3/envs/sandbox/lib/python3.7/site-packages/airflow/example_dags/example_complex.py
[2021-02-25 17:20:21,349] {scheduler_job.py:629} INFO - Processing file /home/i-sip_iot/anaconda3/envs/sandbox/lib/python3.7/site-packages/airflow/example_dags/example_complex.py for tasks to queue
[2021-02-25 17:20:21,349] {logging_mixin.py:103} INFO - [2021-02-25 17:20:21,349] {dagbag.py:440} INFO - Filling up the DagBag from /home/i-sip_iot/anaconda3/envs/sandbox/lib/python3.7/site-packages/airflow/example_dags/example_complex.py
[2021-02-25 17:20:21,357] {scheduler_job.py:639} INFO - DAG(s) dict_keys(['example_complex']) retrieved from /home/i-sip_iot/anaconda3/envs/sandbox/lib/python3.7/site-packages/airflow/example_dags/example_complex.py
[2021-02-25 17:20:21,358] {logging_mixin.py:103} INFO - [2021-02-25 17:20:21,358] {dag.py:1813} INFO - Sync 1 DAGs
[2021-02-25 17:20:21,366] {logging_mixin.py:103} INFO - [2021-02-25 17:20:21,366] {dag.py:2266} INFO - Setting next_dagrun for example_complex to None
[2021-02-25 17:20:21,377] {scheduler_job.py:189} INFO - Processing /home/i-sip_iot/anaconda3/envs/sandbox/lib/python3.7/site-packages/airflow/example_dags/example_complex.py took 0.030 seconds
[2021-02-25 17:20:48,829] {scheduler_job.py:181} INFO - Started process (PID=186209) to work on /home/i-sip_iot/anaconda3/envs/sandbox/lib/python3.7/site-packages/airflow/example_dags/example_complex.py
[2021-02-25 17:20:48,830] {scheduler_job.py:629} INFO - Processing file /home/i-sip_iot/anaconda3/envs/sandbox/lib/python3.7/site-packages/airflow/example_dags/example_complex.py for tasks to queue
[2021-02-25 17:20:48,831] {logging_mixin.py:103} INFO - [2021-02-25 17:20:48,830] {dagbag.py:440} INFO - Filling up the DagBag from /home/i-sip_iot/anaconda3/envs/sandbox/lib/python3.7/site-packages/airflow/example_dags/example_complex.py
[2021-02-25 17:20:48,844] {scheduler_job.py:639} INFO - DAG(s) dict_keys(['example_complex']) retrieved from /home/i-sip_iot/anaconda3/envs/sandbox/lib/python3.7/site-packages/airflow/example_dags/example_complex.py
[2021-02-25 17:20:48,844] {logging_mixin.py:103} INFO - [2021-02-25 17:20:48,844] {dag.py:1813} INFO - Sync 1 DAGs
[2021-02-25 17:20:48,857] {logging_mixin.py:103} INFO - [2021-02-25 17:20:48,857] {dag.py:2266} INFO - Setting next_dagrun for example_complex to None
[2021-02-25 17:20:48,869] {scheduler_job.py:189} INFO - Processing /home/i-sip_iot/anaconda3/envs/sandbox/lib/python3.7/site-packages/airflow/example_dags/example_complex.py took 0.042 seconds
[2021-02-25 17:21:15,661] {scheduler_job.py:181} INFO - Started process (PID=186288) to work on /home/i-sip_iot/anaconda3/envs/sandbox/lib/python3.7/site-packages/airflow/example_dags/example_complex.py
[2021-02-25 17:21:15,662] {scheduler_job.py:629} INFO - Processing file /home/i-sip_iot/anaconda3/envs/sandbox/lib/python3.7/site-packages/airflow/example_dags/example_complex.py for tasks to queue
[2021-02-25 17:21:15,663] {logging_mixin.py:103} INFO - [2021-02-25 17:21:15,662] {dagbag.py:440} INFO - Filling up the DagBag from /home/i-sip_iot/anaconda3/envs/sandbox/lib/python3.7/site-packages/airflow/example_dags/example_complex.py
[2021-02-25 17:21:15,673] {scheduler_job.py:639} INFO - DAG(s) dict_keys(['example_complex']) retrieved from /home/i-sip_iot/anaconda3/envs/sandbox/lib/python3.7/site-packages/airflow/example_dags/example_complex.py
[2021-02-25 17:21:15,674] {logging_mixin.py:103} INFO - [2021-02-25 17:21:15,674] {dag.py:1813} INFO - Sync 1 DAGs
[2021-02-25 17:21:15,684] {logging_mixin.py:103} INFO - [2021-02-25 17:21:15,683] {dag.py:2266} INFO - Setting next_dagrun for example_complex to None
[2021-02-25 17:21:15,695] {scheduler_job.py:189} INFO - Processing /home/i-sip_iot/anaconda3/envs/sandbox/lib/python3.7/site-packages/airflow/example_dags/example_complex.py took 0.036 seconds
[2021-02-25 17:21:43,296] {scheduler_job.py:181} INFO - Started process (PID=186509) to work on /home/i-sip_iot/anaconda3/envs/sandbox/lib/python3.7/site-packages/airflow/example_dags/example_complex.py
[2021-02-25 17:21:43,297] {scheduler_job.py:629} INFO - Processing file /home/i-sip_iot/anaconda3/envs/sandbox/lib/python3.7/site-packages/airflow/example_dags/example_complex.py for tasks to queue
[2021-02-25 17:21:43,298] {logging_mixin.py:103} INFO - [2021-02-25 17:21:43,298] {dagbag.py:440} INFO - Filling up the DagBag from /home/i-sip_iot/anaconda3/envs/sandbox/lib/python3.7/site-packages/airflow/example_dags/example_complex.py
[2021-02-25 17:21:43,319] {scheduler_job.py:639} INFO - DAG(s) dict_keys(['example_complex']) retrieved from /home/i-sip_iot/anaconda3/envs/sandbox/lib/python3.7/site-packages/airflow/example_dags/example_complex.py
[2021-02-25 17:21:43,320] {logging_mixin.py:103} INFO - [2021-02-25 17:21:43,320] {dag.py:1813} INFO - Sync 1 DAGs
[2021-02-25 17:21:43,336] {logging_mixin.py:103} INFO - [2021-02-25 17:21:43,336] {dag.py:2266} INFO - Setting next_dagrun for example_complex to None
[2021-02-25 17:21:43,348] {scheduler_job.py:189} INFO - Processing /home/i-sip_iot/anaconda3/envs/sandbox/lib/python3.7/site-packages/airflow/example_dags/example_complex.py took 0.055 seconds
[2021-02-25 17:22:10,101] {scheduler_job.py:181} INFO - Started process (PID=186586) to work on /home/i-sip_iot/anaconda3/envs/sandbox/lib/python3.7/site-packages/airflow/example_dags/example_complex.py
[2021-02-25 17:22:10,101] {scheduler_job.py:629} INFO - Processing file /home/i-sip_iot/anaconda3/envs/sandbox/lib/python3.7/site-packages/airflow/example_dags/example_complex.py for tasks to queue
[2021-02-25 17:22:10,102] {logging_mixin.py:103} INFO - [2021-02-25 17:22:10,102] {dagbag.py:440} INFO - Filling up the DagBag from /home/i-sip_iot/anaconda3/envs/sandbox/lib/python3.7/site-packages/airflow/example_dags/example_complex.py
[2021-02-25 17:22:10,110] {scheduler_job.py:639} INFO - DAG(s) dict_keys(['example_complex']) retrieved from /home/i-sip_iot/anaconda3/envs/sandbox/lib/python3.7/site-packages/airflow/example_dags/example_complex.py
[2021-02-25 17:22:10,110] {logging_mixin.py:103} INFO - [2021-02-25 17:22:10,110] {dag.py:1813} INFO - Sync 1 DAGs
[2021-02-25 17:22:10,119] {logging_mixin.py:103} INFO - [2021-02-25 17:22:10,119] {dag.py:2266} INFO - Setting next_dagrun for example_complex to None
[2021-02-25 17:22:10,129] {scheduler_job.py:189} INFO - Processing /home/i-sip_iot/anaconda3/envs/sandbox/lib/python3.7/site-packages/airflow/example_dags/example_complex.py took 0.030 seconds
[2021-02-25 17:22:38,119] {scheduler_job.py:181} INFO - Started process (PID=186801) to work on /home/i-sip_iot/anaconda3/envs/sandbox/lib/python3.7/site-packages/airflow/example_dags/example_complex.py
[2021-02-25 17:22:38,120] {scheduler_job.py:629} INFO - Processing file /home/i-sip_iot/anaconda3/envs/sandbox/lib/python3.7/site-packages/airflow/example_dags/example_complex.py for tasks to queue
[2021-02-25 17:22:38,120] {logging_mixin.py:103} INFO - [2021-02-25 17:22:38,120] {dagbag.py:440} INFO - Filling up the DagBag from /home/i-sip_iot/anaconda3/envs/sandbox/lib/python3.7/site-packages/airflow/example_dags/example_complex.py
[2021-02-25 17:22:38,138] {scheduler_job.py:639} INFO - DAG(s) dict_keys(['example_complex']) retrieved from /home/i-sip_iot/anaconda3/envs/sandbox/lib/python3.7/site-packages/airflow/example_dags/example_complex.py
[2021-02-25 17:22:38,139] {logging_mixin.py:103} INFO - [2021-02-25 17:22:38,139] {dag.py:1813} INFO - Sync 1 DAGs
[2021-02-25 17:22:38,153] {logging_mixin.py:103} INFO - [2021-02-25 17:22:38,153] {dag.py:2266} INFO - Setting next_dagrun for example_complex to None
[2021-02-25 17:22:38,165] {scheduler_job.py:189} INFO - Processing /home/i-sip_iot/anaconda3/envs/sandbox/lib/python3.7/site-packages/airflow/example_dags/example_complex.py took 0.049 seconds
[2021-02-25 17:23:04,939] {scheduler_job.py:181} INFO - Started process (PID=186871) to work on /home/i-sip_iot/anaconda3/envs/sandbox/lib/python3.7/site-packages/airflow/example_dags/example_complex.py
[2021-02-25 17:23:04,942] {scheduler_job.py:629} INFO - Processing file /home/i-sip_iot/anaconda3/envs/sandbox/lib/python3.7/site-packages/airflow/example_dags/example_complex.py for tasks to queue
[2021-02-25 17:23:04,943] {logging_mixin.py:103} INFO - [2021-02-25 17:23:04,943] {dagbag.py:440} INFO - Filling up the DagBag from /home/i-sip_iot/anaconda3/envs/sandbox/lib/python3.7/site-packages/airflow/example_dags/example_complex.py
[2021-02-25 17:23:04,966] {scheduler_job.py:639} INFO - DAG(s) dict_keys(['example_complex']) retrieved from /home/i-sip_iot/anaconda3/envs/sandbox/lib/python3.7/site-packages/airflow/example_dags/example_complex.py
[2021-02-25 17:23:04,967] {logging_mixin.py:103} INFO - [2021-02-25 17:23:04,967] {dag.py:1813} INFO - Sync 1 DAGs
[2021-02-25 17:23:04,979] {logging_mixin.py:103} INFO - [2021-02-25 17:23:04,979] {dag.py:2266} INFO - Setting next_dagrun for example_complex to None
[2021-02-25 17:23:04,991] {scheduler_job.py:189} INFO - Processing /home/i-sip_iot/anaconda3/envs/sandbox/lib/python3.7/site-packages/airflow/example_dags/example_complex.py took 0.058 seconds
[2021-02-25 17:23:31,825] {scheduler_job.py:181} INFO - Started process (PID=186930) to work on /home/i-sip_iot/anaconda3/envs/sandbox/lib/python3.7/site-packages/airflow/example_dags/example_complex.py
[2021-02-25 17:23:31,826] {scheduler_job.py:629} INFO - Processing file /home/i-sip_iot/anaconda3/envs/sandbox/lib/python3.7/site-packages/airflow/example_dags/example_complex.py for tasks to queue
[2021-02-25 17:23:31,827] {logging_mixin.py:103} INFO - [2021-02-25 17:23:31,827] {dagbag.py:440} INFO - Filling up the DagBag from /home/i-sip_iot/anaconda3/envs/sandbox/lib/python3.7/site-packages/airflow/example_dags/example_complex.py
[2021-02-25 17:23:31,842] {scheduler_job.py:639} INFO - DAG(s) dict_keys(['example_complex']) retrieved from /home/i-sip_iot/anaconda3/envs/sandbox/lib/python3.7/site-packages/airflow/example_dags/example_complex.py
[2021-02-25 17:23:31,842] {logging_mixin.py:103} INFO - [2021-02-25 17:23:31,842] {dag.py:1813} INFO - Sync 1 DAGs
[2021-02-25 17:23:31,853] {logging_mixin.py:103} INFO - [2021-02-25 17:23:31,853] {dag.py:2266} INFO - Setting next_dagrun for example_complex to None
[2021-02-25 17:23:31,863] {scheduler_job.py:189} INFO - Processing /home/i-sip_iot/anaconda3/envs/sandbox/lib/python3.7/site-packages/airflow/example_dags/example_complex.py took 0.043 seconds
[2021-02-25 17:23:59,355] {scheduler_job.py:181} INFO - Started process (PID=187182) to work on /home/i-sip_iot/anaconda3/envs/sandbox/lib/python3.7/site-packages/airflow/example_dags/example_complex.py
[2021-02-25 17:23:59,356] {scheduler_job.py:629} INFO - Processing file /home/i-sip_iot/anaconda3/envs/sandbox/lib/python3.7/site-packages/airflow/example_dags/example_complex.py for tasks to queue
[2021-02-25 17:23:59,357] {logging_mixin.py:103} INFO - [2021-02-25 17:23:59,357] {dagbag.py:440} INFO - Filling up the DagBag from /home/i-sip_iot/anaconda3/envs/sandbox/lib/python3.7/site-packages/airflow/example_dags/example_complex.py
[2021-02-25 17:23:59,376] {scheduler_job.py:639} INFO - DAG(s) dict_keys(['example_complex']) retrieved from /home/i-sip_iot/anaconda3/envs/sandbox/lib/python3.7/site-packages/airflow/example_dags/example_complex.py
[2021-02-25 17:23:59,377] {logging_mixin.py:103} INFO - [2021-02-25 17:23:59,376] {dag.py:1813} INFO - Sync 1 DAGs
[2021-02-25 17:23:59,388] {logging_mixin.py:103} INFO - [2021-02-25 17:23:59,388] {dag.py:2266} INFO - Setting next_dagrun for example_complex to None
[2021-02-25 17:23:59,403] {scheduler_job.py:189} INFO - Processing /home/i-sip_iot/anaconda3/envs/sandbox/lib/python3.7/site-packages/airflow/example_dags/example_complex.py took 0.052 seconds
[2021-02-25 17:24:26,275] {scheduler_job.py:181} INFO - Started process (PID=187241) to work on /home/i-sip_iot/anaconda3/envs/sandbox/lib/python3.7/site-packages/airflow/example_dags/example_complex.py
[2021-02-25 17:24:26,276] {scheduler_job.py:629} INFO - Processing file /home/i-sip_iot/anaconda3/envs/sandbox/lib/python3.7/site-packages/airflow/example_dags/example_complex.py for tasks to queue
[2021-02-25 17:24:26,277] {logging_mixin.py:103} INFO - [2021-02-25 17:24:26,277] {dagbag.py:440} INFO - Filling up the DagBag from /home/i-sip_iot/anaconda3/envs/sandbox/lib/python3.7/site-packages/airflow/example_dags/example_complex.py
[2021-02-25 17:24:26,289] {scheduler_job.py:639} INFO - DAG(s) dict_keys(['example_complex']) retrieved from /home/i-sip_iot/anaconda3/envs/sandbox/lib/python3.7/site-packages/airflow/example_dags/example_complex.py
[2021-02-25 17:24:26,290] {logging_mixin.py:103} INFO - [2021-02-25 17:24:26,290] {dag.py:1813} INFO - Sync 1 DAGs
[2021-02-25 17:24:26,301] {logging_mixin.py:103} INFO - [2021-02-25 17:24:26,301] {dag.py:2266} INFO - Setting next_dagrun for example_complex to None
[2021-02-25 17:24:26,312] {scheduler_job.py:189} INFO - Processing /home/i-sip_iot/anaconda3/envs/sandbox/lib/python3.7/site-packages/airflow/example_dags/example_complex.py took 0.038 seconds
[2021-02-25 17:24:54,337] {scheduler_job.py:181} INFO - Started process (PID=187469) to work on /home/i-sip_iot/anaconda3/envs/sandbox/lib/python3.7/site-packages/airflow/example_dags/example_complex.py
[2021-02-25 17:24:54,339] {scheduler_job.py:629} INFO - Processing file /home/i-sip_iot/anaconda3/envs/sandbox/lib/python3.7/site-packages/airflow/example_dags/example_complex.py for tasks to queue
[2021-02-25 17:24:54,340] {logging_mixin.py:103} INFO - [2021-02-25 17:24:54,340] {dagbag.py:440} INFO - Filling up the DagBag from /home/i-sip_iot/anaconda3/envs/sandbox/lib/python3.7/site-packages/airflow/example_dags/example_complex.py
[2021-02-25 17:24:54,357] {scheduler_job.py:639} INFO - DAG(s) dict_keys(['example_complex']) retrieved from /home/i-sip_iot/anaconda3/envs/sandbox/lib/python3.7/site-packages/airflow/example_dags/example_complex.py
[2021-02-25 17:24:54,357] {logging_mixin.py:103} INFO - [2021-02-25 17:24:54,357] {dag.py:1813} INFO - Sync 1 DAGs
[2021-02-25 17:24:54,369] {logging_mixin.py:103} INFO - [2021-02-25 17:24:54,369] {dag.py:2266} INFO - Setting next_dagrun for example_complex to None
[2021-02-25 17:24:54,380] {scheduler_job.py:189} INFO - Processing /home/i-sip_iot/anaconda3/envs/sandbox/lib/python3.7/site-packages/airflow/example_dags/example_complex.py took 0.049 seconds
[2021-02-25 17:25:20,659] {scheduler_job.py:181} INFO - Started process (PID=187556) to work on /home/i-sip_iot/anaconda3/envs/sandbox/lib/python3.7/site-packages/airflow/example_dags/example_complex.py
[2021-02-25 17:25:20,659] {scheduler_job.py:629} INFO - Processing file /home/i-sip_iot/anaconda3/envs/sandbox/lib/python3.7/site-packages/airflow/example_dags/example_complex.py for tasks to queue
[2021-02-25 17:25:20,660] {logging_mixin.py:103} INFO - [2021-02-25 17:25:20,660] {dagbag.py:440} INFO - Filling up the DagBag from /home/i-sip_iot/anaconda3/envs/sandbox/lib/python3.7/site-packages/airflow/example_dags/example_complex.py
[2021-02-25 17:25:20,668] {scheduler_job.py:639} INFO - DAG(s) dict_keys(['example_complex']) retrieved from /home/i-sip_iot/anaconda3/envs/sandbox/lib/python3.7/site-packages/airflow/example_dags/example_complex.py
[2021-02-25 17:25:20,668] {logging_mixin.py:103} INFO - [2021-02-25 17:25:20,668] {dag.py:1813} INFO - Sync 1 DAGs
[2021-02-25 17:25:20,677] {logging_mixin.py:103} INFO - [2021-02-25 17:25:20,677] {dag.py:2266} INFO - Setting next_dagrun for example_complex to None
[2021-02-25 17:25:20,686] {scheduler_job.py:189} INFO - Processing /home/i-sip_iot/anaconda3/envs/sandbox/lib/python3.7/site-packages/airflow/example_dags/example_complex.py took 0.029 seconds
[2021-02-25 17:25:48,636] {scheduler_job.py:181} INFO - Started process (PID=187799) to work on /home/i-sip_iot/anaconda3/envs/sandbox/lib/python3.7/site-packages/airflow/example_dags/example_complex.py
[2021-02-25 17:25:48,637] {scheduler_job.py:629} INFO - Processing file /home/i-sip_iot/anaconda3/envs/sandbox/lib/python3.7/site-packages/airflow/example_dags/example_complex.py for tasks to queue
[2021-02-25 17:25:48,637] {logging_mixin.py:103} INFO - [2021-02-25 17:25:48,637] {dagbag.py:440} INFO - Filling up the DagBag from /home/i-sip_iot/anaconda3/envs/sandbox/lib/python3.7/site-packages/airflow/example_dags/example_complex.py
[2021-02-25 17:25:48,646] {scheduler_job.py:639} INFO - DAG(s) dict_keys(['example_complex']) retrieved from /home/i-sip_iot/anaconda3/envs/sandbox/lib/python3.7/site-packages/airflow/example_dags/example_complex.py
[2021-02-25 17:25:48,646] {logging_mixin.py:103} INFO - [2021-02-25 17:25:48,646] {dag.py:1813} INFO - Sync 1 DAGs
[2021-02-25 17:25:48,655] {logging_mixin.py:103} INFO - [2021-02-25 17:25:48,655] {dag.py:2266} INFO - Setting next_dagrun for example_complex to None
[2021-02-25 17:25:48,666] {scheduler_job.py:189} INFO - Processing /home/i-sip_iot/anaconda3/envs/sandbox/lib/python3.7/site-packages/airflow/example_dags/example_complex.py took 0.031 seconds
[2021-02-25 17:26:15,449] {scheduler_job.py:181} INFO - Started process (PID=187898) to work on /home/i-sip_iot/anaconda3/envs/sandbox/lib/python3.7/site-packages/airflow/example_dags/example_complex.py
[2021-02-25 17:26:15,450] {scheduler_job.py:629} INFO - Processing file /home/i-sip_iot/anaconda3/envs/sandbox/lib/python3.7/site-packages/airflow/example_dags/example_complex.py for tasks to queue
[2021-02-25 17:26:15,451] {logging_mixin.py:103} INFO - [2021-02-25 17:26:15,451] {dagbag.py:440} INFO - Filling up the DagBag from /home/i-sip_iot/anaconda3/envs/sandbox/lib/python3.7/site-packages/airflow/example_dags/example_complex.py
[2021-02-25 17:26:15,469] {scheduler_job.py:639} INFO - DAG(s) dict_keys(['example_complex']) retrieved from /home/i-sip_iot/anaconda3/envs/sandbox/lib/python3.7/site-packages/airflow/example_dags/example_complex.py
[2021-02-25 17:26:15,469] {logging_mixin.py:103} INFO - [2021-02-25 17:26:15,469] {dag.py:1813} INFO - Sync 1 DAGs
[2021-02-25 17:26:15,484] {logging_mixin.py:103} INFO - [2021-02-25 17:26:15,484] {dag.py:2266} INFO - Setting next_dagrun for example_complex to None
[2021-02-25 17:26:15,496] {scheduler_job.py:189} INFO - Processing /home/i-sip_iot/anaconda3/envs/sandbox/lib/python3.7/site-packages/airflow/example_dags/example_complex.py took 0.050 seconds
[2021-02-25 17:26:42,997] {scheduler_job.py:181} INFO - Started process (PID=188167) to work on /home/i-sip_iot/anaconda3/envs/sandbox/lib/python3.7/site-packages/airflow/example_dags/example_complex.py
[2021-02-25 17:26:42,998] {scheduler_job.py:629} INFO - Processing file /home/i-sip_iot/anaconda3/envs/sandbox/lib/python3.7/site-packages/airflow/example_dags/example_complex.py for tasks to queue
[2021-02-25 17:26:42,999] {logging_mixin.py:103} INFO - [2021-02-25 17:26:42,999] {dagbag.py:440} INFO - Filling up the DagBag from /home/i-sip_iot/anaconda3/envs/sandbox/lib/python3.7/site-packages/airflow/example_dags/example_complex.py
[2021-02-25 17:26:43,017] {scheduler_job.py:639} INFO - DAG(s) dict_keys(['example_complex']) retrieved from /home/i-sip_iot/anaconda3/envs/sandbox/lib/python3.7/site-packages/airflow/example_dags/example_complex.py
[2021-02-25 17:26:43,018] {logging_mixin.py:103} INFO - [2021-02-25 17:26:43,018] {dag.py:1813} INFO - Sync 1 DAGs
[2021-02-25 17:26:43,031] {logging_mixin.py:103} INFO - [2021-02-25 17:26:43,031] {dag.py:2266} INFO - Setting next_dagrun for example_complex to None
[2021-02-25 17:26:43,044] {scheduler_job.py:189} INFO - Processing /home/i-sip_iot/anaconda3/envs/sandbox/lib/python3.7/site-packages/airflow/example_dags/example_complex.py took 0.050 seconds
[2021-02-25 17:27:08,750] {scheduler_job.py:181} INFO - Started process (PID=188257) to work on /home/i-sip_iot/anaconda3/envs/sandbox/lib/python3.7/site-packages/airflow/example_dags/example_complex.py
[2021-02-25 17:27:08,752] {scheduler_job.py:629} INFO - Processing file /home/i-sip_iot/anaconda3/envs/sandbox/lib/python3.7/site-packages/airflow/example_dags/example_complex.py for tasks to queue
[2021-02-25 17:27:08,753] {logging_mixin.py:103} INFO - [2021-02-25 17:27:08,753] {dagbag.py:440} INFO - Filling up the DagBag from /home/i-sip_iot/anaconda3/envs/sandbox/lib/python3.7/site-packages/airflow/example_dags/example_complex.py
[2021-02-25 17:27:08,771] {scheduler_job.py:639} INFO - DAG(s) dict_keys(['example_complex']) retrieved from /home/i-sip_iot/anaconda3/envs/sandbox/lib/python3.7/site-packages/airflow/example_dags/example_complex.py
[2021-02-25 17:27:08,772] {logging_mixin.py:103} INFO - [2021-02-25 17:27:08,771] {dag.py:1813} INFO - Sync 1 DAGs
[2021-02-25 17:27:08,783] {logging_mixin.py:103} INFO - [2021-02-25 17:27:08,783] {dag.py:2266} INFO - Setting next_dagrun for example_complex to None
[2021-02-25 17:27:08,794] {scheduler_job.py:189} INFO - Processing /home/i-sip_iot/anaconda3/envs/sandbox/lib/python3.7/site-packages/airflow/example_dags/example_complex.py took 0.047 seconds
