[2021-02-25 17:15:20,331] {scheduler_job.py:181} INFO - Started process (PID=184343) to work on /home/i-sip_iot/anaconda3/envs/sandbox/lib/python3.7/site-packages/airflow/example_dags/example_trigger_target_dag.py
[2021-02-25 17:15:20,332] {scheduler_job.py:629} INFO - Processing file /home/i-sip_iot/anaconda3/envs/sandbox/lib/python3.7/site-packages/airflow/example_dags/example_trigger_target_dag.py for tasks to queue
[2021-02-25 17:15:20,332] {logging_mixin.py:103} INFO - [2021-02-25 17:15:20,332] {dagbag.py:440} INFO - Filling up the DagBag from /home/i-sip_iot/anaconda3/envs/sandbox/lib/python3.7/site-packages/airflow/example_dags/example_trigger_target_dag.py
[2021-02-25 17:15:20,338] {scheduler_job.py:639} INFO - DAG(s) dict_keys(['example_trigger_target_dag']) retrieved from /home/i-sip_iot/anaconda3/envs/sandbox/lib/python3.7/site-packages/airflow/example_dags/example_trigger_target_dag.py
[2021-02-25 17:15:20,339] {logging_mixin.py:103} INFO - [2021-02-25 17:15:20,339] {dag.py:1813} INFO - Sync 1 DAGs
[2021-02-25 17:15:20,348] {logging_mixin.py:103} INFO - [2021-02-25 17:15:20,348] {dag.py:2266} INFO - Setting next_dagrun for example_trigger_target_dag to None
[2021-02-25 17:15:20,364] {scheduler_job.py:189} INFO - Processing /home/i-sip_iot/anaconda3/envs/sandbox/lib/python3.7/site-packages/airflow/example_dags/example_trigger_target_dag.py took 0.034 seconds
[2021-02-25 17:15:47,251] {scheduler_job.py:181} INFO - Started process (PID=184573) to work on /home/i-sip_iot/anaconda3/envs/sandbox/lib/python3.7/site-packages/airflow/example_dags/example_trigger_target_dag.py
[2021-02-25 17:15:47,253] {scheduler_job.py:629} INFO - Processing file /home/i-sip_iot/anaconda3/envs/sandbox/lib/python3.7/site-packages/airflow/example_dags/example_trigger_target_dag.py for tasks to queue
[2021-02-25 17:15:47,255] {logging_mixin.py:103} INFO - [2021-02-25 17:15:47,254] {dagbag.py:440} INFO - Filling up the DagBag from /home/i-sip_iot/anaconda3/envs/sandbox/lib/python3.7/site-packages/airflow/example_dags/example_trigger_target_dag.py
[2021-02-25 17:15:47,272] {scheduler_job.py:639} INFO - DAG(s) dict_keys(['example_trigger_target_dag']) retrieved from /home/i-sip_iot/anaconda3/envs/sandbox/lib/python3.7/site-packages/airflow/example_dags/example_trigger_target_dag.py
[2021-02-25 17:15:47,273] {logging_mixin.py:103} INFO - [2021-02-25 17:15:47,273] {dag.py:1813} INFO - Sync 1 DAGs
[2021-02-25 17:15:47,287] {logging_mixin.py:103} INFO - [2021-02-25 17:15:47,287] {dag.py:2266} INFO - Setting next_dagrun for example_trigger_target_dag to None
[2021-02-25 17:15:47,293] {scheduler_job.py:189} INFO - Processing /home/i-sip_iot/anaconda3/envs/sandbox/lib/python3.7/site-packages/airflow/example_dags/example_trigger_target_dag.py took 0.049 seconds
[2021-02-25 17:16:14,156] {scheduler_job.py:181} INFO - Started process (PID=184656) to work on /home/i-sip_iot/anaconda3/envs/sandbox/lib/python3.7/site-packages/airflow/example_dags/example_trigger_target_dag.py
[2021-02-25 17:16:14,156] {scheduler_job.py:629} INFO - Processing file /home/i-sip_iot/anaconda3/envs/sandbox/lib/python3.7/site-packages/airflow/example_dags/example_trigger_target_dag.py for tasks to queue
[2021-02-25 17:16:14,157] {logging_mixin.py:103} INFO - [2021-02-25 17:16:14,156] {dagbag.py:440} INFO - Filling up the DagBag from /home/i-sip_iot/anaconda3/envs/sandbox/lib/python3.7/site-packages/airflow/example_dags/example_trigger_target_dag.py
[2021-02-25 17:16:14,163] {scheduler_job.py:639} INFO - DAG(s) dict_keys(['example_trigger_target_dag']) retrieved from /home/i-sip_iot/anaconda3/envs/sandbox/lib/python3.7/site-packages/airflow/example_dags/example_trigger_target_dag.py
[2021-02-25 17:16:14,164] {logging_mixin.py:103} INFO - [2021-02-25 17:16:14,163] {dag.py:1813} INFO - Sync 1 DAGs
[2021-02-25 17:16:14,174] {logging_mixin.py:103} INFO - [2021-02-25 17:16:14,174] {dag.py:2266} INFO - Setting next_dagrun for example_trigger_target_dag to None
[2021-02-25 17:16:14,182] {scheduler_job.py:189} INFO - Processing /home/i-sip_iot/anaconda3/envs/sandbox/lib/python3.7/site-packages/airflow/example_dags/example_trigger_target_dag.py took 0.028 seconds
[2021-02-25 17:16:41,710] {scheduler_job.py:181} INFO - Started process (PID=184889) to work on /home/i-sip_iot/anaconda3/envs/sandbox/lib/python3.7/site-packages/airflow/example_dags/example_trigger_target_dag.py
[2021-02-25 17:16:41,713] {scheduler_job.py:629} INFO - Processing file /home/i-sip_iot/anaconda3/envs/sandbox/lib/python3.7/site-packages/airflow/example_dags/example_trigger_target_dag.py for tasks to queue
[2021-02-25 17:16:41,714] {logging_mixin.py:103} INFO - [2021-02-25 17:16:41,714] {dagbag.py:440} INFO - Filling up the DagBag from /home/i-sip_iot/anaconda3/envs/sandbox/lib/python3.7/site-packages/airflow/example_dags/example_trigger_target_dag.py
[2021-02-25 17:16:41,727] {scheduler_job.py:639} INFO - DAG(s) dict_keys(['example_trigger_target_dag']) retrieved from /home/i-sip_iot/anaconda3/envs/sandbox/lib/python3.7/site-packages/airflow/example_dags/example_trigger_target_dag.py
[2021-02-25 17:16:41,728] {logging_mixin.py:103} INFO - [2021-02-25 17:16:41,728] {dag.py:1813} INFO - Sync 1 DAGs
[2021-02-25 17:16:41,741] {logging_mixin.py:103} INFO - [2021-02-25 17:16:41,741] {dag.py:2266} INFO - Setting next_dagrun for example_trigger_target_dag to None
[2021-02-25 17:16:41,749] {scheduler_job.py:189} INFO - Processing /home/i-sip_iot/anaconda3/envs/sandbox/lib/python3.7/site-packages/airflow/example_dags/example_trigger_target_dag.py took 0.047 seconds
[2021-02-25 17:17:08,819] {scheduler_job.py:181} INFO - Started process (PID=184976) to work on /home/i-sip_iot/anaconda3/envs/sandbox/lib/python3.7/site-packages/airflow/example_dags/example_trigger_target_dag.py
[2021-02-25 17:17:08,820] {scheduler_job.py:629} INFO - Processing file /home/i-sip_iot/anaconda3/envs/sandbox/lib/python3.7/site-packages/airflow/example_dags/example_trigger_target_dag.py for tasks to queue
[2021-02-25 17:17:08,820] {logging_mixin.py:103} INFO - [2021-02-25 17:17:08,820] {dagbag.py:440} INFO - Filling up the DagBag from /home/i-sip_iot/anaconda3/envs/sandbox/lib/python3.7/site-packages/airflow/example_dags/example_trigger_target_dag.py
[2021-02-25 17:17:08,825] {scheduler_job.py:639} INFO - DAG(s) dict_keys(['example_trigger_target_dag']) retrieved from /home/i-sip_iot/anaconda3/envs/sandbox/lib/python3.7/site-packages/airflow/example_dags/example_trigger_target_dag.py
[2021-02-25 17:17:08,826] {logging_mixin.py:103} INFO - [2021-02-25 17:17:08,826] {dag.py:1813} INFO - Sync 1 DAGs
[2021-02-25 17:17:08,837] {logging_mixin.py:103} INFO - [2021-02-25 17:17:08,837] {dag.py:2266} INFO - Setting next_dagrun for example_trigger_target_dag to None
[2021-02-25 17:17:08,844] {scheduler_job.py:189} INFO - Processing /home/i-sip_iot/anaconda3/envs/sandbox/lib/python3.7/site-packages/airflow/example_dags/example_trigger_target_dag.py took 0.026 seconds
[2021-02-25 17:17:36,577] {scheduler_job.py:181} INFO - Started process (PID=185218) to work on /home/i-sip_iot/anaconda3/envs/sandbox/lib/python3.7/site-packages/airflow/example_dags/example_trigger_target_dag.py
[2021-02-25 17:17:36,578] {scheduler_job.py:629} INFO - Processing file /home/i-sip_iot/anaconda3/envs/sandbox/lib/python3.7/site-packages/airflow/example_dags/example_trigger_target_dag.py for tasks to queue
[2021-02-25 17:17:36,578] {logging_mixin.py:103} INFO - [2021-02-25 17:17:36,578] {dagbag.py:440} INFO - Filling up the DagBag from /home/i-sip_iot/anaconda3/envs/sandbox/lib/python3.7/site-packages/airflow/example_dags/example_trigger_target_dag.py
[2021-02-25 17:17:36,584] {scheduler_job.py:639} INFO - DAG(s) dict_keys(['example_trigger_target_dag']) retrieved from /home/i-sip_iot/anaconda3/envs/sandbox/lib/python3.7/site-packages/airflow/example_dags/example_trigger_target_dag.py
[2021-02-25 17:17:36,585] {logging_mixin.py:103} INFO - [2021-02-25 17:17:36,585] {dag.py:1813} INFO - Sync 1 DAGs
[2021-02-25 17:17:36,594] {logging_mixin.py:103} INFO - [2021-02-25 17:17:36,594] {dag.py:2266} INFO - Setting next_dagrun for example_trigger_target_dag to None
[2021-02-25 17:17:36,603] {scheduler_job.py:189} INFO - Processing /home/i-sip_iot/anaconda3/envs/sandbox/lib/python3.7/site-packages/airflow/example_dags/example_trigger_target_dag.py took 0.028 seconds
[2021-02-25 17:18:02,932] {scheduler_job.py:181} INFO - Started process (PID=185280) to work on /home/i-sip_iot/anaconda3/envs/sandbox/lib/python3.7/site-packages/airflow/example_dags/example_trigger_target_dag.py
[2021-02-25 17:18:02,933] {scheduler_job.py:629} INFO - Processing file /home/i-sip_iot/anaconda3/envs/sandbox/lib/python3.7/site-packages/airflow/example_dags/example_trigger_target_dag.py for tasks to queue
[2021-02-25 17:18:02,934] {logging_mixin.py:103} INFO - [2021-02-25 17:18:02,934] {dagbag.py:440} INFO - Filling up the DagBag from /home/i-sip_iot/anaconda3/envs/sandbox/lib/python3.7/site-packages/airflow/example_dags/example_trigger_target_dag.py
[2021-02-25 17:18:02,944] {scheduler_job.py:639} INFO - DAG(s) dict_keys(['example_trigger_target_dag']) retrieved from /home/i-sip_iot/anaconda3/envs/sandbox/lib/python3.7/site-packages/airflow/example_dags/example_trigger_target_dag.py
[2021-02-25 17:18:02,945] {logging_mixin.py:103} INFO - [2021-02-25 17:18:02,944] {dag.py:1813} INFO - Sync 1 DAGs
[2021-02-25 17:18:02,956] {logging_mixin.py:103} INFO - [2021-02-25 17:18:02,956] {dag.py:2266} INFO - Setting next_dagrun for example_trigger_target_dag to None
[2021-02-25 17:18:02,966] {scheduler_job.py:189} INFO - Processing /home/i-sip_iot/anaconda3/envs/sandbox/lib/python3.7/site-packages/airflow/example_dags/example_trigger_target_dag.py took 0.037 seconds
[2021-02-25 17:18:30,967] {scheduler_job.py:181} INFO - Started process (PID=185346) to work on /home/i-sip_iot/anaconda3/envs/sandbox/lib/python3.7/site-packages/airflow/example_dags/example_trigger_target_dag.py
[2021-02-25 17:18:30,969] {scheduler_job.py:629} INFO - Processing file /home/i-sip_iot/anaconda3/envs/sandbox/lib/python3.7/site-packages/airflow/example_dags/example_trigger_target_dag.py for tasks to queue
[2021-02-25 17:18:30,970] {logging_mixin.py:103} INFO - [2021-02-25 17:18:30,970] {dagbag.py:440} INFO - Filling up the DagBag from /home/i-sip_iot/anaconda3/envs/sandbox/lib/python3.7/site-packages/airflow/example_dags/example_trigger_target_dag.py
[2021-02-25 17:18:30,990] {scheduler_job.py:639} INFO - DAG(s) dict_keys(['example_trigger_target_dag']) retrieved from /home/i-sip_iot/anaconda3/envs/sandbox/lib/python3.7/site-packages/airflow/example_dags/example_trigger_target_dag.py
[2021-02-25 17:18:30,991] {logging_mixin.py:103} INFO - [2021-02-25 17:18:30,991] {dag.py:1813} INFO - Sync 1 DAGs
[2021-02-25 17:18:31,006] {logging_mixin.py:103} INFO - [2021-02-25 17:18:31,006] {dag.py:2266} INFO - Setting next_dagrun for example_trigger_target_dag to None
[2021-02-25 17:18:31,016] {scheduler_job.py:189} INFO - Processing /home/i-sip_iot/anaconda3/envs/sandbox/lib/python3.7/site-packages/airflow/example_dags/example_trigger_target_dag.py took 0.055 seconds
[2021-02-25 17:18:58,073] {scheduler_job.py:181} INFO - Started process (PID=185605) to work on /home/i-sip_iot/anaconda3/envs/sandbox/lib/python3.7/site-packages/airflow/example_dags/example_trigger_target_dag.py
[2021-02-25 17:18:58,075] {scheduler_job.py:629} INFO - Processing file /home/i-sip_iot/anaconda3/envs/sandbox/lib/python3.7/site-packages/airflow/example_dags/example_trigger_target_dag.py for tasks to queue
[2021-02-25 17:18:58,077] {logging_mixin.py:103} INFO - [2021-02-25 17:18:58,076] {dagbag.py:440} INFO - Filling up the DagBag from /home/i-sip_iot/anaconda3/envs/sandbox/lib/python3.7/site-packages/airflow/example_dags/example_trigger_target_dag.py
[2021-02-25 17:18:58,095] {scheduler_job.py:639} INFO - DAG(s) dict_keys(['example_trigger_target_dag']) retrieved from /home/i-sip_iot/anaconda3/envs/sandbox/lib/python3.7/site-packages/airflow/example_dags/example_trigger_target_dag.py
[2021-02-25 17:18:58,096] {logging_mixin.py:103} INFO - [2021-02-25 17:18:58,096] {dag.py:1813} INFO - Sync 1 DAGs
[2021-02-25 17:18:58,111] {logging_mixin.py:103} INFO - [2021-02-25 17:18:58,111] {dag.py:2266} INFO - Setting next_dagrun for example_trigger_target_dag to None
[2021-02-25 17:18:58,120] {scheduler_job.py:189} INFO - Processing /home/i-sip_iot/anaconda3/envs/sandbox/lib/python3.7/site-packages/airflow/example_dags/example_trigger_target_dag.py took 0.053 seconds
[2021-02-25 17:19:24,944] {scheduler_job.py:181} INFO - Started process (PID=185670) to work on /home/i-sip_iot/anaconda3/envs/sandbox/lib/python3.7/site-packages/airflow/example_dags/example_trigger_target_dag.py
[2021-02-25 17:19:24,945] {scheduler_job.py:629} INFO - Processing file /home/i-sip_iot/anaconda3/envs/sandbox/lib/python3.7/site-packages/airflow/example_dags/example_trigger_target_dag.py for tasks to queue
[2021-02-25 17:19:24,945] {logging_mixin.py:103} INFO - [2021-02-25 17:19:24,945] {dagbag.py:440} INFO - Filling up the DagBag from /home/i-sip_iot/anaconda3/envs/sandbox/lib/python3.7/site-packages/airflow/example_dags/example_trigger_target_dag.py
[2021-02-25 17:19:24,950] {scheduler_job.py:639} INFO - DAG(s) dict_keys(['example_trigger_target_dag']) retrieved from /home/i-sip_iot/anaconda3/envs/sandbox/lib/python3.7/site-packages/airflow/example_dags/example_trigger_target_dag.py
[2021-02-25 17:19:24,951] {logging_mixin.py:103} INFO - [2021-02-25 17:19:24,950] {dag.py:1813} INFO - Sync 1 DAGs
[2021-02-25 17:19:24,959] {logging_mixin.py:103} INFO - [2021-02-25 17:19:24,959] {dag.py:2266} INFO - Setting next_dagrun for example_trigger_target_dag to None
[2021-02-25 17:19:24,966] {scheduler_job.py:189} INFO - Processing /home/i-sip_iot/anaconda3/envs/sandbox/lib/python3.7/site-packages/airflow/example_dags/example_trigger_target_dag.py took 0.024 seconds
[2021-02-25 17:19:52,175] {scheduler_job.py:181} INFO - Started process (PID=185879) to work on /home/i-sip_iot/anaconda3/envs/sandbox/lib/python3.7/site-packages/airflow/example_dags/example_trigger_target_dag.py
[2021-02-25 17:19:52,179] {scheduler_job.py:629} INFO - Processing file /home/i-sip_iot/anaconda3/envs/sandbox/lib/python3.7/site-packages/airflow/example_dags/example_trigger_target_dag.py for tasks to queue
[2021-02-25 17:19:52,180] {logging_mixin.py:103} INFO - [2021-02-25 17:19:52,179] {dagbag.py:440} INFO - Filling up the DagBag from /home/i-sip_iot/anaconda3/envs/sandbox/lib/python3.7/site-packages/airflow/example_dags/example_trigger_target_dag.py
[2021-02-25 17:19:52,193] {scheduler_job.py:639} INFO - DAG(s) dict_keys(['example_trigger_target_dag']) retrieved from /home/i-sip_iot/anaconda3/envs/sandbox/lib/python3.7/site-packages/airflow/example_dags/example_trigger_target_dag.py
[2021-02-25 17:19:52,194] {logging_mixin.py:103} INFO - [2021-02-25 17:19:52,194] {dag.py:1813} INFO - Sync 1 DAGs
[2021-02-25 17:19:52,206] {logging_mixin.py:103} INFO - [2021-02-25 17:19:52,206] {dag.py:2266} INFO - Setting next_dagrun for example_trigger_target_dag to None
[2021-02-25 17:19:52,214] {scheduler_job.py:189} INFO - Processing /home/i-sip_iot/anaconda3/envs/sandbox/lib/python3.7/site-packages/airflow/example_dags/example_trigger_target_dag.py took 0.047 seconds
[2021-02-25 17:20:19,101] {scheduler_job.py:181} INFO - Started process (PID=185960) to work on /home/i-sip_iot/anaconda3/envs/sandbox/lib/python3.7/site-packages/airflow/example_dags/example_trigger_target_dag.py
[2021-02-25 17:20:19,104] {scheduler_job.py:629} INFO - Processing file /home/i-sip_iot/anaconda3/envs/sandbox/lib/python3.7/site-packages/airflow/example_dags/example_trigger_target_dag.py for tasks to queue
[2021-02-25 17:20:19,105] {logging_mixin.py:103} INFO - [2021-02-25 17:20:19,105] {dagbag.py:440} INFO - Filling up the DagBag from /home/i-sip_iot/anaconda3/envs/sandbox/lib/python3.7/site-packages/airflow/example_dags/example_trigger_target_dag.py
[2021-02-25 17:20:19,124] {scheduler_job.py:639} INFO - DAG(s) dict_keys(['example_trigger_target_dag']) retrieved from /home/i-sip_iot/anaconda3/envs/sandbox/lib/python3.7/site-packages/airflow/example_dags/example_trigger_target_dag.py
[2021-02-25 17:20:19,125] {logging_mixin.py:103} INFO - [2021-02-25 17:20:19,125] {dag.py:1813} INFO - Sync 1 DAGs
[2021-02-25 17:20:19,139] {logging_mixin.py:103} INFO - [2021-02-25 17:20:19,139] {dag.py:2266} INFO - Setting next_dagrun for example_trigger_target_dag to None
[2021-02-25 17:20:19,148] {scheduler_job.py:189} INFO - Processing /home/i-sip_iot/anaconda3/envs/sandbox/lib/python3.7/site-packages/airflow/example_dags/example_trigger_target_dag.py took 0.053 seconds
[2021-02-25 17:20:47,124] {scheduler_job.py:181} INFO - Started process (PID=186206) to work on /home/i-sip_iot/anaconda3/envs/sandbox/lib/python3.7/site-packages/airflow/example_dags/example_trigger_target_dag.py
[2021-02-25 17:20:47,127] {scheduler_job.py:629} INFO - Processing file /home/i-sip_iot/anaconda3/envs/sandbox/lib/python3.7/site-packages/airflow/example_dags/example_trigger_target_dag.py for tasks to queue
[2021-02-25 17:20:47,128] {logging_mixin.py:103} INFO - [2021-02-25 17:20:47,128] {dagbag.py:440} INFO - Filling up the DagBag from /home/i-sip_iot/anaconda3/envs/sandbox/lib/python3.7/site-packages/airflow/example_dags/example_trigger_target_dag.py
[2021-02-25 17:20:47,145] {scheduler_job.py:639} INFO - DAG(s) dict_keys(['example_trigger_target_dag']) retrieved from /home/i-sip_iot/anaconda3/envs/sandbox/lib/python3.7/site-packages/airflow/example_dags/example_trigger_target_dag.py
[2021-02-25 17:20:47,146] {logging_mixin.py:103} INFO - [2021-02-25 17:20:47,146] {dag.py:1813} INFO - Sync 1 DAGs
[2021-02-25 17:20:47,159] {logging_mixin.py:103} INFO - [2021-02-25 17:20:47,159] {dag.py:2266} INFO - Setting next_dagrun for example_trigger_target_dag to None
[2021-02-25 17:20:47,168] {scheduler_job.py:189} INFO - Processing /home/i-sip_iot/anaconda3/envs/sandbox/lib/python3.7/site-packages/airflow/example_dags/example_trigger_target_dag.py took 0.050 seconds
[2021-02-25 17:21:13,393] {scheduler_job.py:181} INFO - Started process (PID=186285) to work on /home/i-sip_iot/anaconda3/envs/sandbox/lib/python3.7/site-packages/airflow/example_dags/example_trigger_target_dag.py
[2021-02-25 17:21:13,396] {scheduler_job.py:629} INFO - Processing file /home/i-sip_iot/anaconda3/envs/sandbox/lib/python3.7/site-packages/airflow/example_dags/example_trigger_target_dag.py for tasks to queue
[2021-02-25 17:21:13,396] {logging_mixin.py:103} INFO - [2021-02-25 17:21:13,396] {dagbag.py:440} INFO - Filling up the DagBag from /home/i-sip_iot/anaconda3/envs/sandbox/lib/python3.7/site-packages/airflow/example_dags/example_trigger_target_dag.py
[2021-02-25 17:21:13,411] {scheduler_job.py:639} INFO - DAG(s) dict_keys(['example_trigger_target_dag']) retrieved from /home/i-sip_iot/anaconda3/envs/sandbox/lib/python3.7/site-packages/airflow/example_dags/example_trigger_target_dag.py
[2021-02-25 17:21:13,413] {logging_mixin.py:103} INFO - [2021-02-25 17:21:13,413] {dag.py:1813} INFO - Sync 1 DAGs
[2021-02-25 17:21:13,430] {logging_mixin.py:103} INFO - [2021-02-25 17:21:13,430] {dag.py:2266} INFO - Setting next_dagrun for example_trigger_target_dag to None
[2021-02-25 17:21:13,440] {scheduler_job.py:189} INFO - Processing /home/i-sip_iot/anaconda3/envs/sandbox/lib/python3.7/site-packages/airflow/example_dags/example_trigger_target_dag.py took 0.051 seconds
[2021-02-25 17:21:40,997] {scheduler_job.py:181} INFO - Started process (PID=186507) to work on /home/i-sip_iot/anaconda3/envs/sandbox/lib/python3.7/site-packages/airflow/example_dags/example_trigger_target_dag.py
[2021-02-25 17:21:40,997] {scheduler_job.py:629} INFO - Processing file /home/i-sip_iot/anaconda3/envs/sandbox/lib/python3.7/site-packages/airflow/example_dags/example_trigger_target_dag.py for tasks to queue
[2021-02-25 17:21:40,998] {logging_mixin.py:103} INFO - [2021-02-25 17:21:40,997] {dagbag.py:440} INFO - Filling up the DagBag from /home/i-sip_iot/anaconda3/envs/sandbox/lib/python3.7/site-packages/airflow/example_dags/example_trigger_target_dag.py
[2021-02-25 17:21:41,003] {scheduler_job.py:639} INFO - DAG(s) dict_keys(['example_trigger_target_dag']) retrieved from /home/i-sip_iot/anaconda3/envs/sandbox/lib/python3.7/site-packages/airflow/example_dags/example_trigger_target_dag.py
[2021-02-25 17:21:41,004] {logging_mixin.py:103} INFO - [2021-02-25 17:21:41,004] {dag.py:1813} INFO - Sync 1 DAGs
[2021-02-25 17:21:41,012] {logging_mixin.py:103} INFO - [2021-02-25 17:21:41,012] {dag.py:2266} INFO - Setting next_dagrun for example_trigger_target_dag to None
[2021-02-25 17:21:41,019] {scheduler_job.py:189} INFO - Processing /home/i-sip_iot/anaconda3/envs/sandbox/lib/python3.7/site-packages/airflow/example_dags/example_trigger_target_dag.py took 0.024 seconds
[2021-02-25 17:22:08,375] {scheduler_job.py:181} INFO - Started process (PID=186578) to work on /home/i-sip_iot/anaconda3/envs/sandbox/lib/python3.7/site-packages/airflow/example_dags/example_trigger_target_dag.py
[2021-02-25 17:22:08,377] {scheduler_job.py:629} INFO - Processing file /home/i-sip_iot/anaconda3/envs/sandbox/lib/python3.7/site-packages/airflow/example_dags/example_trigger_target_dag.py for tasks to queue
[2021-02-25 17:22:08,378] {logging_mixin.py:103} INFO - [2021-02-25 17:22:08,377] {dagbag.py:440} INFO - Filling up the DagBag from /home/i-sip_iot/anaconda3/envs/sandbox/lib/python3.7/site-packages/airflow/example_dags/example_trigger_target_dag.py
[2021-02-25 17:22:08,397] {scheduler_job.py:639} INFO - DAG(s) dict_keys(['example_trigger_target_dag']) retrieved from /home/i-sip_iot/anaconda3/envs/sandbox/lib/python3.7/site-packages/airflow/example_dags/example_trigger_target_dag.py
[2021-02-25 17:22:08,399] {logging_mixin.py:103} INFO - [2021-02-25 17:22:08,398] {dag.py:1813} INFO - Sync 1 DAGs
[2021-02-25 17:22:08,416] {logging_mixin.py:103} INFO - [2021-02-25 17:22:08,416] {dag.py:2266} INFO - Setting next_dagrun for example_trigger_target_dag to None
[2021-02-25 17:22:08,424] {scheduler_job.py:189} INFO - Processing /home/i-sip_iot/anaconda3/envs/sandbox/lib/python3.7/site-packages/airflow/example_dags/example_trigger_target_dag.py took 0.054 seconds
[2021-02-25 17:22:35,857] {scheduler_job.py:181} INFO - Started process (PID=186629) to work on /home/i-sip_iot/anaconda3/envs/sandbox/lib/python3.7/site-packages/airflow/example_dags/example_trigger_target_dag.py
[2021-02-25 17:22:35,859] {scheduler_job.py:629} INFO - Processing file /home/i-sip_iot/anaconda3/envs/sandbox/lib/python3.7/site-packages/airflow/example_dags/example_trigger_target_dag.py for tasks to queue
[2021-02-25 17:22:35,861] {logging_mixin.py:103} INFO - [2021-02-25 17:22:35,860] {dagbag.py:440} INFO - Filling up the DagBag from /home/i-sip_iot/anaconda3/envs/sandbox/lib/python3.7/site-packages/airflow/example_dags/example_trigger_target_dag.py
[2021-02-25 17:22:35,875] {scheduler_job.py:639} INFO - DAG(s) dict_keys(['example_trigger_target_dag']) retrieved from /home/i-sip_iot/anaconda3/envs/sandbox/lib/python3.7/site-packages/airflow/example_dags/example_trigger_target_dag.py
[2021-02-25 17:22:35,876] {logging_mixin.py:103} INFO - [2021-02-25 17:22:35,876] {dag.py:1813} INFO - Sync 1 DAGs
[2021-02-25 17:22:35,889] {logging_mixin.py:103} INFO - [2021-02-25 17:22:35,889] {dag.py:2266} INFO - Setting next_dagrun for example_trigger_target_dag to None
[2021-02-25 17:22:35,897] {scheduler_job.py:189} INFO - Processing /home/i-sip_iot/anaconda3/envs/sandbox/lib/python3.7/site-packages/airflow/example_dags/example_trigger_target_dag.py took 0.048 seconds
[2021-02-25 17:23:02,648] {scheduler_job.py:181} INFO - Started process (PID=186868) to work on /home/i-sip_iot/anaconda3/envs/sandbox/lib/python3.7/site-packages/airflow/example_dags/example_trigger_target_dag.py
[2021-02-25 17:23:02,648] {scheduler_job.py:629} INFO - Processing file /home/i-sip_iot/anaconda3/envs/sandbox/lib/python3.7/site-packages/airflow/example_dags/example_trigger_target_dag.py for tasks to queue
[2021-02-25 17:23:02,649] {logging_mixin.py:103} INFO - [2021-02-25 17:23:02,649] {dagbag.py:440} INFO - Filling up the DagBag from /home/i-sip_iot/anaconda3/envs/sandbox/lib/python3.7/site-packages/airflow/example_dags/example_trigger_target_dag.py
[2021-02-25 17:23:02,654] {scheduler_job.py:639} INFO - DAG(s) dict_keys(['example_trigger_target_dag']) retrieved from /home/i-sip_iot/anaconda3/envs/sandbox/lib/python3.7/site-packages/airflow/example_dags/example_trigger_target_dag.py
[2021-02-25 17:23:02,654] {logging_mixin.py:103} INFO - [2021-02-25 17:23:02,654] {dag.py:1813} INFO - Sync 1 DAGs
[2021-02-25 17:23:02,663] {logging_mixin.py:103} INFO - [2021-02-25 17:23:02,663] {dag.py:2266} INFO - Setting next_dagrun for example_trigger_target_dag to None
[2021-02-25 17:23:02,671] {scheduler_job.py:189} INFO - Processing /home/i-sip_iot/anaconda3/envs/sandbox/lib/python3.7/site-packages/airflow/example_dags/example_trigger_target_dag.py took 0.025 seconds
[2021-02-25 17:23:29,547] {scheduler_job.py:181} INFO - Started process (PID=186926) to work on /home/i-sip_iot/anaconda3/envs/sandbox/lib/python3.7/site-packages/airflow/example_dags/example_trigger_target_dag.py
[2021-02-25 17:23:29,549] {scheduler_job.py:629} INFO - Processing file /home/i-sip_iot/anaconda3/envs/sandbox/lib/python3.7/site-packages/airflow/example_dags/example_trigger_target_dag.py for tasks to queue
[2021-02-25 17:23:29,550] {logging_mixin.py:103} INFO - [2021-02-25 17:23:29,550] {dagbag.py:440} INFO - Filling up the DagBag from /home/i-sip_iot/anaconda3/envs/sandbox/lib/python3.7/site-packages/airflow/example_dags/example_trigger_target_dag.py
[2021-02-25 17:23:29,565] {scheduler_job.py:639} INFO - DAG(s) dict_keys(['example_trigger_target_dag']) retrieved from /home/i-sip_iot/anaconda3/envs/sandbox/lib/python3.7/site-packages/airflow/example_dags/example_trigger_target_dag.py
[2021-02-25 17:23:29,566] {logging_mixin.py:103} INFO - [2021-02-25 17:23:29,566] {dag.py:1813} INFO - Sync 1 DAGs
[2021-02-25 17:23:29,579] {logging_mixin.py:103} INFO - [2021-02-25 17:23:29,579] {dag.py:2266} INFO - Setting next_dagrun for example_trigger_target_dag to None
[2021-02-25 17:23:29,587] {scheduler_job.py:189} INFO - Processing /home/i-sip_iot/anaconda3/envs/sandbox/lib/python3.7/site-packages/airflow/example_dags/example_trigger_target_dag.py took 0.046 seconds
[2021-02-25 17:23:57,226] {scheduler_job.py:181} INFO - Started process (PID=187179) to work on /home/i-sip_iot/anaconda3/envs/sandbox/lib/python3.7/site-packages/airflow/example_dags/example_trigger_target_dag.py
[2021-02-25 17:23:57,227] {scheduler_job.py:629} INFO - Processing file /home/i-sip_iot/anaconda3/envs/sandbox/lib/python3.7/site-packages/airflow/example_dags/example_trigger_target_dag.py for tasks to queue
[2021-02-25 17:23:57,227] {logging_mixin.py:103} INFO - [2021-02-25 17:23:57,227] {dagbag.py:440} INFO - Filling up the DagBag from /home/i-sip_iot/anaconda3/envs/sandbox/lib/python3.7/site-packages/airflow/example_dags/example_trigger_target_dag.py
[2021-02-25 17:23:57,233] {scheduler_job.py:639} INFO - DAG(s) dict_keys(['example_trigger_target_dag']) retrieved from /home/i-sip_iot/anaconda3/envs/sandbox/lib/python3.7/site-packages/airflow/example_dags/example_trigger_target_dag.py
[2021-02-25 17:23:57,233] {logging_mixin.py:103} INFO - [2021-02-25 17:23:57,233] {dag.py:1813} INFO - Sync 1 DAGs
[2021-02-25 17:23:57,242] {logging_mixin.py:103} INFO - [2021-02-25 17:23:57,242] {dag.py:2266} INFO - Setting next_dagrun for example_trigger_target_dag to None
[2021-02-25 17:23:57,250] {scheduler_job.py:189} INFO - Processing /home/i-sip_iot/anaconda3/envs/sandbox/lib/python3.7/site-packages/airflow/example_dags/example_trigger_target_dag.py took 0.025 seconds
[2021-02-25 17:24:24,029] {scheduler_job.py:181} INFO - Started process (PID=187227) to work on /home/i-sip_iot/anaconda3/envs/sandbox/lib/python3.7/site-packages/airflow/example_dags/example_trigger_target_dag.py
[2021-02-25 17:24:24,033] {scheduler_job.py:629} INFO - Processing file /home/i-sip_iot/anaconda3/envs/sandbox/lib/python3.7/site-packages/airflow/example_dags/example_trigger_target_dag.py for tasks to queue
[2021-02-25 17:24:24,034] {logging_mixin.py:103} INFO - [2021-02-25 17:24:24,034] {dagbag.py:440} INFO - Filling up the DagBag from /home/i-sip_iot/anaconda3/envs/sandbox/lib/python3.7/site-packages/airflow/example_dags/example_trigger_target_dag.py
[2021-02-25 17:24:24,046] {scheduler_job.py:639} INFO - DAG(s) dict_keys(['example_trigger_target_dag']) retrieved from /home/i-sip_iot/anaconda3/envs/sandbox/lib/python3.7/site-packages/airflow/example_dags/example_trigger_target_dag.py
[2021-02-25 17:24:24,047] {logging_mixin.py:103} INFO - [2021-02-25 17:24:24,047] {dag.py:1813} INFO - Sync 1 DAGs
[2021-02-25 17:24:24,059] {logging_mixin.py:103} INFO - [2021-02-25 17:24:24,059] {dag.py:2266} INFO - Setting next_dagrun for example_trigger_target_dag to None
[2021-02-25 17:24:24,068] {scheduler_job.py:189} INFO - Processing /home/i-sip_iot/anaconda3/envs/sandbox/lib/python3.7/site-packages/airflow/example_dags/example_trigger_target_dag.py took 0.045 seconds
[2021-02-25 17:24:52,069] {scheduler_job.py:181} INFO - Started process (PID=187467) to work on /home/i-sip_iot/anaconda3/envs/sandbox/lib/python3.7/site-packages/airflow/example_dags/example_trigger_target_dag.py
[2021-02-25 17:24:52,070] {scheduler_job.py:629} INFO - Processing file /home/i-sip_iot/anaconda3/envs/sandbox/lib/python3.7/site-packages/airflow/example_dags/example_trigger_target_dag.py for tasks to queue
[2021-02-25 17:24:52,071] {logging_mixin.py:103} INFO - [2021-02-25 17:24:52,071] {dagbag.py:440} INFO - Filling up the DagBag from /home/i-sip_iot/anaconda3/envs/sandbox/lib/python3.7/site-packages/airflow/example_dags/example_trigger_target_dag.py
[2021-02-25 17:24:52,079] {scheduler_job.py:639} INFO - DAG(s) dict_keys(['example_trigger_target_dag']) retrieved from /home/i-sip_iot/anaconda3/envs/sandbox/lib/python3.7/site-packages/airflow/example_dags/example_trigger_target_dag.py
[2021-02-25 17:24:52,080] {logging_mixin.py:103} INFO - [2021-02-25 17:24:52,080] {dag.py:1813} INFO - Sync 1 DAGs
[2021-02-25 17:24:52,094] {logging_mixin.py:103} INFO - [2021-02-25 17:24:52,094] {dag.py:2266} INFO - Setting next_dagrun for example_trigger_target_dag to None
[2021-02-25 17:24:52,104] {scheduler_job.py:189} INFO - Processing /home/i-sip_iot/anaconda3/envs/sandbox/lib/python3.7/site-packages/airflow/example_dags/example_trigger_target_dag.py took 0.037 seconds
[2021-02-25 17:25:18,929] {scheduler_job.py:181} INFO - Started process (PID=187552) to work on /home/i-sip_iot/anaconda3/envs/sandbox/lib/python3.7/site-packages/airflow/example_dags/example_trigger_target_dag.py
[2021-02-25 17:25:18,931] {scheduler_job.py:629} INFO - Processing file /home/i-sip_iot/anaconda3/envs/sandbox/lib/python3.7/site-packages/airflow/example_dags/example_trigger_target_dag.py for tasks to queue
[2021-02-25 17:25:18,932] {logging_mixin.py:103} INFO - [2021-02-25 17:25:18,932] {dagbag.py:440} INFO - Filling up the DagBag from /home/i-sip_iot/anaconda3/envs/sandbox/lib/python3.7/site-packages/airflow/example_dags/example_trigger_target_dag.py
[2021-02-25 17:25:18,952] {scheduler_job.py:639} INFO - DAG(s) dict_keys(['example_trigger_target_dag']) retrieved from /home/i-sip_iot/anaconda3/envs/sandbox/lib/python3.7/site-packages/airflow/example_dags/example_trigger_target_dag.py
[2021-02-25 17:25:18,953] {logging_mixin.py:103} INFO - [2021-02-25 17:25:18,953] {dag.py:1813} INFO - Sync 1 DAGs
[2021-02-25 17:25:18,968] {logging_mixin.py:103} INFO - [2021-02-25 17:25:18,968] {dag.py:2266} INFO - Setting next_dagrun for example_trigger_target_dag to None
[2021-02-25 17:25:18,977] {scheduler_job.py:189} INFO - Processing /home/i-sip_iot/anaconda3/envs/sandbox/lib/python3.7/site-packages/airflow/example_dags/example_trigger_target_dag.py took 0.054 seconds
[2021-02-25 17:25:46,346] {scheduler_job.py:181} INFO - Started process (PID=187797) to work on /home/i-sip_iot/anaconda3/envs/sandbox/lib/python3.7/site-packages/airflow/example_dags/example_trigger_target_dag.py
[2021-02-25 17:25:46,346] {scheduler_job.py:629} INFO - Processing file /home/i-sip_iot/anaconda3/envs/sandbox/lib/python3.7/site-packages/airflow/example_dags/example_trigger_target_dag.py for tasks to queue
[2021-02-25 17:25:46,347] {logging_mixin.py:103} INFO - [2021-02-25 17:25:46,347] {dagbag.py:440} INFO - Filling up the DagBag from /home/i-sip_iot/anaconda3/envs/sandbox/lib/python3.7/site-packages/airflow/example_dags/example_trigger_target_dag.py
[2021-02-25 17:25:46,353] {scheduler_job.py:639} INFO - DAG(s) dict_keys(['example_trigger_target_dag']) retrieved from /home/i-sip_iot/anaconda3/envs/sandbox/lib/python3.7/site-packages/airflow/example_dags/example_trigger_target_dag.py
[2021-02-25 17:25:46,354] {logging_mixin.py:103} INFO - [2021-02-25 17:25:46,354] {dag.py:1813} INFO - Sync 1 DAGs
[2021-02-25 17:25:46,363] {logging_mixin.py:103} INFO - [2021-02-25 17:25:46,363] {dag.py:2266} INFO - Setting next_dagrun for example_trigger_target_dag to None
[2021-02-25 17:25:46,371] {scheduler_job.py:189} INFO - Processing /home/i-sip_iot/anaconda3/envs/sandbox/lib/python3.7/site-packages/airflow/example_dags/example_trigger_target_dag.py took 0.027 seconds
[2021-02-25 17:26:13,191] {scheduler_job.py:181} INFO - Started process (PID=187895) to work on /home/i-sip_iot/anaconda3/envs/sandbox/lib/python3.7/site-packages/airflow/example_dags/example_trigger_target_dag.py
[2021-02-25 17:26:13,192] {scheduler_job.py:629} INFO - Processing file /home/i-sip_iot/anaconda3/envs/sandbox/lib/python3.7/site-packages/airflow/example_dags/example_trigger_target_dag.py for tasks to queue
[2021-02-25 17:26:13,193] {logging_mixin.py:103} INFO - [2021-02-25 17:26:13,193] {dagbag.py:440} INFO - Filling up the DagBag from /home/i-sip_iot/anaconda3/envs/sandbox/lib/python3.7/site-packages/airflow/example_dags/example_trigger_target_dag.py
[2021-02-25 17:26:13,203] {scheduler_job.py:639} INFO - DAG(s) dict_keys(['example_trigger_target_dag']) retrieved from /home/i-sip_iot/anaconda3/envs/sandbox/lib/python3.7/site-packages/airflow/example_dags/example_trigger_target_dag.py
[2021-02-25 17:26:13,204] {logging_mixin.py:103} INFO - [2021-02-25 17:26:13,203] {dag.py:1813} INFO - Sync 1 DAGs
[2021-02-25 17:26:13,218] {logging_mixin.py:103} INFO - [2021-02-25 17:26:13,218] {dag.py:2266} INFO - Setting next_dagrun for example_trigger_target_dag to None
[2021-02-25 17:26:13,229] {scheduler_job.py:189} INFO - Processing /home/i-sip_iot/anaconda3/envs/sandbox/lib/python3.7/site-packages/airflow/example_dags/example_trigger_target_dag.py took 0.041 seconds
[2021-02-25 17:26:41,249] {scheduler_job.py:181} INFO - Started process (PID=188164) to work on /home/i-sip_iot/anaconda3/envs/sandbox/lib/python3.7/site-packages/airflow/example_dags/example_trigger_target_dag.py
[2021-02-25 17:26:41,250] {scheduler_job.py:629} INFO - Processing file /home/i-sip_iot/anaconda3/envs/sandbox/lib/python3.7/site-packages/airflow/example_dags/example_trigger_target_dag.py for tasks to queue
[2021-02-25 17:26:41,250] {logging_mixin.py:103} INFO - [2021-02-25 17:26:41,250] {dagbag.py:440} INFO - Filling up the DagBag from /home/i-sip_iot/anaconda3/envs/sandbox/lib/python3.7/site-packages/airflow/example_dags/example_trigger_target_dag.py
[2021-02-25 17:26:41,255] {scheduler_job.py:639} INFO - DAG(s) dict_keys(['example_trigger_target_dag']) retrieved from /home/i-sip_iot/anaconda3/envs/sandbox/lib/python3.7/site-packages/airflow/example_dags/example_trigger_target_dag.py
[2021-02-25 17:26:41,255] {logging_mixin.py:103} INFO - [2021-02-25 17:26:41,255] {dag.py:1813} INFO - Sync 1 DAGs
[2021-02-25 17:26:41,264] {logging_mixin.py:103} INFO - [2021-02-25 17:26:41,264] {dag.py:2266} INFO - Setting next_dagrun for example_trigger_target_dag to None
[2021-02-25 17:26:41,271] {scheduler_job.py:189} INFO - Processing /home/i-sip_iot/anaconda3/envs/sandbox/lib/python3.7/site-packages/airflow/example_dags/example_trigger_target_dag.py took 0.024 seconds
[2021-02-25 17:27:06,993] {scheduler_job.py:181} INFO - Started process (PID=188255) to work on /home/i-sip_iot/anaconda3/envs/sandbox/lib/python3.7/site-packages/airflow/example_dags/example_trigger_target_dag.py
[2021-02-25 17:27:06,995] {scheduler_job.py:629} INFO - Processing file /home/i-sip_iot/anaconda3/envs/sandbox/lib/python3.7/site-packages/airflow/example_dags/example_trigger_target_dag.py for tasks to queue
[2021-02-25 17:27:06,997] {logging_mixin.py:103} INFO - [2021-02-25 17:27:06,996] {dagbag.py:440} INFO - Filling up the DagBag from /home/i-sip_iot/anaconda3/envs/sandbox/lib/python3.7/site-packages/airflow/example_dags/example_trigger_target_dag.py
[2021-02-25 17:27:07,012] {scheduler_job.py:639} INFO - DAG(s) dict_keys(['example_trigger_target_dag']) retrieved from /home/i-sip_iot/anaconda3/envs/sandbox/lib/python3.7/site-packages/airflow/example_dags/example_trigger_target_dag.py
[2021-02-25 17:27:07,013] {logging_mixin.py:103} INFO - [2021-02-25 17:27:07,013] {dag.py:1813} INFO - Sync 1 DAGs
[2021-02-25 17:27:07,026] {logging_mixin.py:103} INFO - [2021-02-25 17:27:07,026] {dag.py:2266} INFO - Setting next_dagrun for example_trigger_target_dag to None
[2021-02-25 17:27:07,034] {scheduler_job.py:189} INFO - Processing /home/i-sip_iot/anaconda3/envs/sandbox/lib/python3.7/site-packages/airflow/example_dags/example_trigger_target_dag.py took 0.048 seconds
