[2021-02-25 17:15:21,454] {scheduler_job.py:181} INFO - Started process (PID=184356) to work on /home/i-sip_iot/anaconda3/envs/sandbox/lib/python3.7/site-packages/airflow/example_dags/example_external_task_marker_dag.py
[2021-02-25 17:15:21,454] {scheduler_job.py:629} INFO - Processing file /home/i-sip_iot/anaconda3/envs/sandbox/lib/python3.7/site-packages/airflow/example_dags/example_external_task_marker_dag.py for tasks to queue
[2021-02-25 17:15:21,454] {logging_mixin.py:103} INFO - [2021-02-25 17:15:21,454] {dagbag.py:440} INFO - Filling up the DagBag from /home/i-sip_iot/anaconda3/envs/sandbox/lib/python3.7/site-packages/airflow/example_dags/example_external_task_marker_dag.py
[2021-02-25 17:15:21,462] {scheduler_job.py:639} INFO - DAG(s) dict_keys(['example_external_task_marker_parent', 'example_external_task_marker_child']) retrieved from /home/i-sip_iot/anaconda3/envs/sandbox/lib/python3.7/site-packages/airflow/example_dags/example_external_task_marker_dag.py
[2021-02-25 17:15:21,462] {logging_mixin.py:103} INFO - [2021-02-25 17:15:21,462] {dag.py:1813} INFO - Sync 2 DAGs
[2021-02-25 17:15:21,472] {logging_mixin.py:103} INFO - [2021-02-25 17:15:21,472] {dag.py:2266} INFO - Setting next_dagrun for example_external_task_marker_child to None
[2021-02-25 17:15:21,473] {logging_mixin.py:103} INFO - [2021-02-25 17:15:21,473] {dag.py:2266} INFO - Setting next_dagrun for example_external_task_marker_parent to None
[2021-02-25 17:15:21,487] {scheduler_job.py:189} INFO - Processing /home/i-sip_iot/anaconda3/envs/sandbox/lib/python3.7/site-packages/airflow/example_dags/example_external_task_marker_dag.py took 0.035 seconds
[2021-02-25 17:15:48,374] {scheduler_job.py:181} INFO - Started process (PID=184576) to work on /home/i-sip_iot/anaconda3/envs/sandbox/lib/python3.7/site-packages/airflow/example_dags/example_external_task_marker_dag.py
[2021-02-25 17:15:48,376] {scheduler_job.py:629} INFO - Processing file /home/i-sip_iot/anaconda3/envs/sandbox/lib/python3.7/site-packages/airflow/example_dags/example_external_task_marker_dag.py for tasks to queue
[2021-02-25 17:15:48,376] {logging_mixin.py:103} INFO - [2021-02-25 17:15:48,376] {dagbag.py:440} INFO - Filling up the DagBag from /home/i-sip_iot/anaconda3/envs/sandbox/lib/python3.7/site-packages/airflow/example_dags/example_external_task_marker_dag.py
[2021-02-25 17:15:48,386] {scheduler_job.py:639} INFO - DAG(s) dict_keys(['example_external_task_marker_parent', 'example_external_task_marker_child']) retrieved from /home/i-sip_iot/anaconda3/envs/sandbox/lib/python3.7/site-packages/airflow/example_dags/example_external_task_marker_dag.py
[2021-02-25 17:15:48,387] {logging_mixin.py:103} INFO - [2021-02-25 17:15:48,387] {dag.py:1813} INFO - Sync 2 DAGs
[2021-02-25 17:15:48,399] {logging_mixin.py:103} INFO - [2021-02-25 17:15:48,399] {dag.py:2266} INFO - Setting next_dagrun for example_external_task_marker_child to None
[2021-02-25 17:15:48,399] {logging_mixin.py:103} INFO - [2021-02-25 17:15:48,399] {dag.py:2266} INFO - Setting next_dagrun for example_external_task_marker_parent to None
[2021-02-25 17:15:48,407] {scheduler_job.py:189} INFO - Processing /home/i-sip_iot/anaconda3/envs/sandbox/lib/python3.7/site-packages/airflow/example_dags/example_external_task_marker_dag.py took 0.036 seconds
[2021-02-25 17:16:14,791] {scheduler_job.py:181} INFO - Started process (PID=184657) to work on /home/i-sip_iot/anaconda3/envs/sandbox/lib/python3.7/site-packages/airflow/example_dags/example_external_task_marker_dag.py
[2021-02-25 17:16:14,793] {scheduler_job.py:629} INFO - Processing file /home/i-sip_iot/anaconda3/envs/sandbox/lib/python3.7/site-packages/airflow/example_dags/example_external_task_marker_dag.py for tasks to queue
[2021-02-25 17:16:14,795] {logging_mixin.py:103} INFO - [2021-02-25 17:16:14,794] {dagbag.py:440} INFO - Filling up the DagBag from /home/i-sip_iot/anaconda3/envs/sandbox/lib/python3.7/site-packages/airflow/example_dags/example_external_task_marker_dag.py
[2021-02-25 17:16:14,814] {scheduler_job.py:639} INFO - DAG(s) dict_keys(['example_external_task_marker_parent', 'example_external_task_marker_child']) retrieved from /home/i-sip_iot/anaconda3/envs/sandbox/lib/python3.7/site-packages/airflow/example_dags/example_external_task_marker_dag.py
[2021-02-25 17:16:14,815] {logging_mixin.py:103} INFO - [2021-02-25 17:16:14,815] {dag.py:1813} INFO - Sync 2 DAGs
[2021-02-25 17:16:14,829] {logging_mixin.py:103} INFO - [2021-02-25 17:16:14,829] {dag.py:2266} INFO - Setting next_dagrun for example_external_task_marker_child to None
[2021-02-25 17:16:14,830] {logging_mixin.py:103} INFO - [2021-02-25 17:16:14,830] {dag.py:2266} INFO - Setting next_dagrun for example_external_task_marker_parent to None
[2021-02-25 17:16:14,851] {scheduler_job.py:189} INFO - Processing /home/i-sip_iot/anaconda3/envs/sandbox/lib/python3.7/site-packages/airflow/example_dags/example_external_task_marker_dag.py took 0.066 seconds
[2021-02-25 17:16:42,823] {scheduler_job.py:181} INFO - Started process (PID=184891) to work on /home/i-sip_iot/anaconda3/envs/sandbox/lib/python3.7/site-packages/airflow/example_dags/example_external_task_marker_dag.py
[2021-02-25 17:16:42,824] {scheduler_job.py:629} INFO - Processing file /home/i-sip_iot/anaconda3/envs/sandbox/lib/python3.7/site-packages/airflow/example_dags/example_external_task_marker_dag.py for tasks to queue
[2021-02-25 17:16:42,824] {logging_mixin.py:103} INFO - [2021-02-25 17:16:42,824] {dagbag.py:440} INFO - Filling up the DagBag from /home/i-sip_iot/anaconda3/envs/sandbox/lib/python3.7/site-packages/airflow/example_dags/example_external_task_marker_dag.py
[2021-02-25 17:16:42,833] {scheduler_job.py:639} INFO - DAG(s) dict_keys(['example_external_task_marker_parent', 'example_external_task_marker_child']) retrieved from /home/i-sip_iot/anaconda3/envs/sandbox/lib/python3.7/site-packages/airflow/example_dags/example_external_task_marker_dag.py
[2021-02-25 17:16:42,834] {logging_mixin.py:103} INFO - [2021-02-25 17:16:42,834] {dag.py:1813} INFO - Sync 2 DAGs
[2021-02-25 17:16:42,849] {logging_mixin.py:103} INFO - [2021-02-25 17:16:42,848] {dag.py:2266} INFO - Setting next_dagrun for example_external_task_marker_child to None
[2021-02-25 17:16:42,849] {logging_mixin.py:103} INFO - [2021-02-25 17:16:42,849] {dag.py:2266} INFO - Setting next_dagrun for example_external_task_marker_parent to None
[2021-02-25 17:16:42,860] {scheduler_job.py:189} INFO - Processing /home/i-sip_iot/anaconda3/envs/sandbox/lib/python3.7/site-packages/airflow/example_dags/example_external_task_marker_dag.py took 0.039 seconds
[2021-02-25 17:17:09,954] {scheduler_job.py:181} INFO - Started process (PID=184977) to work on /home/i-sip_iot/anaconda3/envs/sandbox/lib/python3.7/site-packages/airflow/example_dags/example_external_task_marker_dag.py
[2021-02-25 17:17:09,955] {scheduler_job.py:629} INFO - Processing file /home/i-sip_iot/anaconda3/envs/sandbox/lib/python3.7/site-packages/airflow/example_dags/example_external_task_marker_dag.py for tasks to queue
[2021-02-25 17:17:09,955] {logging_mixin.py:103} INFO - [2021-02-25 17:17:09,955] {dagbag.py:440} INFO - Filling up the DagBag from /home/i-sip_iot/anaconda3/envs/sandbox/lib/python3.7/site-packages/airflow/example_dags/example_external_task_marker_dag.py
[2021-02-25 17:17:09,964] {scheduler_job.py:639} INFO - DAG(s) dict_keys(['example_external_task_marker_parent', 'example_external_task_marker_child']) retrieved from /home/i-sip_iot/anaconda3/envs/sandbox/lib/python3.7/site-packages/airflow/example_dags/example_external_task_marker_dag.py
[2021-02-25 17:17:09,965] {logging_mixin.py:103} INFO - [2021-02-25 17:17:09,965] {dag.py:1813} INFO - Sync 2 DAGs
[2021-02-25 17:17:09,975] {logging_mixin.py:103} INFO - [2021-02-25 17:17:09,975] {dag.py:2266} INFO - Setting next_dagrun for example_external_task_marker_child to None
[2021-02-25 17:17:09,976] {logging_mixin.py:103} INFO - [2021-02-25 17:17:09,976] {dag.py:2266} INFO - Setting next_dagrun for example_external_task_marker_parent to None
[2021-02-25 17:17:10,009] {scheduler_job.py:189} INFO - Processing /home/i-sip_iot/anaconda3/envs/sandbox/lib/python3.7/site-packages/airflow/example_dags/example_external_task_marker_dag.py took 0.057 seconds
[2021-02-25 17:17:37,191] {scheduler_job.py:181} INFO - Started process (PID=185220) to work on /home/i-sip_iot/anaconda3/envs/sandbox/lib/python3.7/site-packages/airflow/example_dags/example_external_task_marker_dag.py
[2021-02-25 17:17:37,192] {scheduler_job.py:629} INFO - Processing file /home/i-sip_iot/anaconda3/envs/sandbox/lib/python3.7/site-packages/airflow/example_dags/example_external_task_marker_dag.py for tasks to queue
[2021-02-25 17:17:37,193] {logging_mixin.py:103} INFO - [2021-02-25 17:17:37,192] {dagbag.py:440} INFO - Filling up the DagBag from /home/i-sip_iot/anaconda3/envs/sandbox/lib/python3.7/site-packages/airflow/example_dags/example_external_task_marker_dag.py
[2021-02-25 17:17:37,202] {scheduler_job.py:639} INFO - DAG(s) dict_keys(['example_external_task_marker_parent', 'example_external_task_marker_child']) retrieved from /home/i-sip_iot/anaconda3/envs/sandbox/lib/python3.7/site-packages/airflow/example_dags/example_external_task_marker_dag.py
[2021-02-25 17:17:37,203] {logging_mixin.py:103} INFO - [2021-02-25 17:17:37,203] {dag.py:1813} INFO - Sync 2 DAGs
[2021-02-25 17:17:37,217] {logging_mixin.py:103} INFO - [2021-02-25 17:17:37,217] {dag.py:2266} INFO - Setting next_dagrun for example_external_task_marker_child to None
[2021-02-25 17:17:37,218] {logging_mixin.py:103} INFO - [2021-02-25 17:17:37,218] {dag.py:2266} INFO - Setting next_dagrun for example_external_task_marker_parent to None
[2021-02-25 17:17:37,226] {scheduler_job.py:189} INFO - Processing /home/i-sip_iot/anaconda3/envs/sandbox/lib/python3.7/site-packages/airflow/example_dags/example_external_task_marker_dag.py took 0.037 seconds
[2021-02-25 17:18:04,110] {scheduler_job.py:181} INFO - Started process (PID=185281) to work on /home/i-sip_iot/anaconda3/envs/sandbox/lib/python3.7/site-packages/airflow/example_dags/example_external_task_marker_dag.py
[2021-02-25 17:18:04,111] {scheduler_job.py:629} INFO - Processing file /home/i-sip_iot/anaconda3/envs/sandbox/lib/python3.7/site-packages/airflow/example_dags/example_external_task_marker_dag.py for tasks to queue
[2021-02-25 17:18:04,111] {logging_mixin.py:103} INFO - [2021-02-25 17:18:04,111] {dagbag.py:440} INFO - Filling up the DagBag from /home/i-sip_iot/anaconda3/envs/sandbox/lib/python3.7/site-packages/airflow/example_dags/example_external_task_marker_dag.py
[2021-02-25 17:18:04,122] {scheduler_job.py:639} INFO - DAG(s) dict_keys(['example_external_task_marker_parent', 'example_external_task_marker_child']) retrieved from /home/i-sip_iot/anaconda3/envs/sandbox/lib/python3.7/site-packages/airflow/example_dags/example_external_task_marker_dag.py
[2021-02-25 17:18:04,123] {logging_mixin.py:103} INFO - [2021-02-25 17:18:04,123] {dag.py:1813} INFO - Sync 2 DAGs
[2021-02-25 17:18:04,137] {logging_mixin.py:103} INFO - [2021-02-25 17:18:04,137] {dag.py:2266} INFO - Setting next_dagrun for example_external_task_marker_child to None
[2021-02-25 17:18:04,138] {logging_mixin.py:103} INFO - [2021-02-25 17:18:04,138] {dag.py:2266} INFO - Setting next_dagrun for example_external_task_marker_parent to None
[2021-02-25 17:18:04,149] {scheduler_job.py:189} INFO - Processing /home/i-sip_iot/anaconda3/envs/sandbox/lib/python3.7/site-packages/airflow/example_dags/example_external_task_marker_dag.py took 0.043 seconds
[2021-02-25 17:18:32,086] {scheduler_job.py:181} INFO - Started process (PID=185347) to work on /home/i-sip_iot/anaconda3/envs/sandbox/lib/python3.7/site-packages/airflow/example_dags/example_external_task_marker_dag.py
[2021-02-25 17:18:32,087] {scheduler_job.py:629} INFO - Processing file /home/i-sip_iot/anaconda3/envs/sandbox/lib/python3.7/site-packages/airflow/example_dags/example_external_task_marker_dag.py for tasks to queue
[2021-02-25 17:18:32,088] {logging_mixin.py:103} INFO - [2021-02-25 17:18:32,088] {dagbag.py:440} INFO - Filling up the DagBag from /home/i-sip_iot/anaconda3/envs/sandbox/lib/python3.7/site-packages/airflow/example_dags/example_external_task_marker_dag.py
[2021-02-25 17:18:32,099] {scheduler_job.py:639} INFO - DAG(s) dict_keys(['example_external_task_marker_parent', 'example_external_task_marker_child']) retrieved from /home/i-sip_iot/anaconda3/envs/sandbox/lib/python3.7/site-packages/airflow/example_dags/example_external_task_marker_dag.py
[2021-02-25 17:18:32,100] {logging_mixin.py:103} INFO - [2021-02-25 17:18:32,100] {dag.py:1813} INFO - Sync 2 DAGs
[2021-02-25 17:18:32,113] {logging_mixin.py:103} INFO - [2021-02-25 17:18:32,113] {dag.py:2266} INFO - Setting next_dagrun for example_external_task_marker_child to None
[2021-02-25 17:18:32,113] {logging_mixin.py:103} INFO - [2021-02-25 17:18:32,113] {dag.py:2266} INFO - Setting next_dagrun for example_external_task_marker_parent to None
[2021-02-25 17:18:32,131] {scheduler_job.py:189} INFO - Processing /home/i-sip_iot/anaconda3/envs/sandbox/lib/python3.7/site-packages/airflow/example_dags/example_external_task_marker_dag.py took 0.048 seconds
[2021-02-25 17:18:59,188] {scheduler_job.py:181} INFO - Started process (PID=185606) to work on /home/i-sip_iot/anaconda3/envs/sandbox/lib/python3.7/site-packages/airflow/example_dags/example_external_task_marker_dag.py
[2021-02-25 17:18:59,189] {scheduler_job.py:629} INFO - Processing file /home/i-sip_iot/anaconda3/envs/sandbox/lib/python3.7/site-packages/airflow/example_dags/example_external_task_marker_dag.py for tasks to queue
[2021-02-25 17:18:59,189] {logging_mixin.py:103} INFO - [2021-02-25 17:18:59,189] {dagbag.py:440} INFO - Filling up the DagBag from /home/i-sip_iot/anaconda3/envs/sandbox/lib/python3.7/site-packages/airflow/example_dags/example_external_task_marker_dag.py
[2021-02-25 17:18:59,196] {scheduler_job.py:639} INFO - DAG(s) dict_keys(['example_external_task_marker_parent', 'example_external_task_marker_child']) retrieved from /home/i-sip_iot/anaconda3/envs/sandbox/lib/python3.7/site-packages/airflow/example_dags/example_external_task_marker_dag.py
[2021-02-25 17:18:59,197] {logging_mixin.py:103} INFO - [2021-02-25 17:18:59,197] {dag.py:1813} INFO - Sync 2 DAGs
[2021-02-25 17:18:59,206] {logging_mixin.py:103} INFO - [2021-02-25 17:18:59,206] {dag.py:2266} INFO - Setting next_dagrun for example_external_task_marker_child to None
[2021-02-25 17:18:59,206] {logging_mixin.py:103} INFO - [2021-02-25 17:18:59,206] {dag.py:2266} INFO - Setting next_dagrun for example_external_task_marker_parent to None
[2021-02-25 17:18:59,214] {scheduler_job.py:189} INFO - Processing /home/i-sip_iot/anaconda3/envs/sandbox/lib/python3.7/site-packages/airflow/example_dags/example_external_task_marker_dag.py took 0.028 seconds
[2021-02-25 17:19:25,254] {scheduler_job.py:181} INFO - Started process (PID=185671) to work on /home/i-sip_iot/anaconda3/envs/sandbox/lib/python3.7/site-packages/airflow/example_dags/example_external_task_marker_dag.py
[2021-02-25 17:19:25,254] {scheduler_job.py:629} INFO - Processing file /home/i-sip_iot/anaconda3/envs/sandbox/lib/python3.7/site-packages/airflow/example_dags/example_external_task_marker_dag.py for tasks to queue
[2021-02-25 17:19:25,254] {logging_mixin.py:103} INFO - [2021-02-25 17:19:25,254] {dagbag.py:440} INFO - Filling up the DagBag from /home/i-sip_iot/anaconda3/envs/sandbox/lib/python3.7/site-packages/airflow/example_dags/example_external_task_marker_dag.py
[2021-02-25 17:19:25,259] {scheduler_job.py:639} INFO - DAG(s) dict_keys(['example_external_task_marker_parent', 'example_external_task_marker_child']) retrieved from /home/i-sip_iot/anaconda3/envs/sandbox/lib/python3.7/site-packages/airflow/example_dags/example_external_task_marker_dag.py
[2021-02-25 17:19:25,260] {logging_mixin.py:103} INFO - [2021-02-25 17:19:25,260] {dag.py:1813} INFO - Sync 2 DAGs
[2021-02-25 17:19:25,268] {logging_mixin.py:103} INFO - [2021-02-25 17:19:25,268] {dag.py:2266} INFO - Setting next_dagrun for example_external_task_marker_child to None
[2021-02-25 17:19:25,269] {logging_mixin.py:103} INFO - [2021-02-25 17:19:25,268] {dag.py:2266} INFO - Setting next_dagrun for example_external_task_marker_parent to None
[2021-02-25 17:19:25,288] {scheduler_job.py:189} INFO - Processing /home/i-sip_iot/anaconda3/envs/sandbox/lib/python3.7/site-packages/airflow/example_dags/example_external_task_marker_dag.py took 0.035 seconds
[2021-02-25 17:19:53,287] {scheduler_job.py:181} INFO - Started process (PID=185882) to work on /home/i-sip_iot/anaconda3/envs/sandbox/lib/python3.7/site-packages/airflow/example_dags/example_external_task_marker_dag.py
[2021-02-25 17:19:53,287] {scheduler_job.py:629} INFO - Processing file /home/i-sip_iot/anaconda3/envs/sandbox/lib/python3.7/site-packages/airflow/example_dags/example_external_task_marker_dag.py for tasks to queue
[2021-02-25 17:19:53,287] {logging_mixin.py:103} INFO - [2021-02-25 17:19:53,287] {dagbag.py:440} INFO - Filling up the DagBag from /home/i-sip_iot/anaconda3/envs/sandbox/lib/python3.7/site-packages/airflow/example_dags/example_external_task_marker_dag.py
[2021-02-25 17:19:53,293] {scheduler_job.py:639} INFO - DAG(s) dict_keys(['example_external_task_marker_parent', 'example_external_task_marker_child']) retrieved from /home/i-sip_iot/anaconda3/envs/sandbox/lib/python3.7/site-packages/airflow/example_dags/example_external_task_marker_dag.py
[2021-02-25 17:19:53,293] {logging_mixin.py:103} INFO - [2021-02-25 17:19:53,293] {dag.py:1813} INFO - Sync 2 DAGs
[2021-02-25 17:19:53,302] {logging_mixin.py:103} INFO - [2021-02-25 17:19:53,302] {dag.py:2266} INFO - Setting next_dagrun for example_external_task_marker_child to None
[2021-02-25 17:19:53,302] {logging_mixin.py:103} INFO - [2021-02-25 17:19:53,302] {dag.py:2266} INFO - Setting next_dagrun for example_external_task_marker_parent to None
[2021-02-25 17:19:53,310] {scheduler_job.py:189} INFO - Processing /home/i-sip_iot/anaconda3/envs/sandbox/lib/python3.7/site-packages/airflow/example_dags/example_external_task_marker_dag.py took 0.024 seconds
[2021-02-25 17:20:20,230] {scheduler_job.py:181} INFO - Started process (PID=185961) to work on /home/i-sip_iot/anaconda3/envs/sandbox/lib/python3.7/site-packages/airflow/example_dags/example_external_task_marker_dag.py
[2021-02-25 17:20:20,232] {scheduler_job.py:629} INFO - Processing file /home/i-sip_iot/anaconda3/envs/sandbox/lib/python3.7/site-packages/airflow/example_dags/example_external_task_marker_dag.py for tasks to queue
[2021-02-25 17:20:20,233] {logging_mixin.py:103} INFO - [2021-02-25 17:20:20,233] {dagbag.py:440} INFO - Filling up the DagBag from /home/i-sip_iot/anaconda3/envs/sandbox/lib/python3.7/site-packages/airflow/example_dags/example_external_task_marker_dag.py
[2021-02-25 17:20:20,252] {scheduler_job.py:639} INFO - DAG(s) dict_keys(['example_external_task_marker_parent', 'example_external_task_marker_child']) retrieved from /home/i-sip_iot/anaconda3/envs/sandbox/lib/python3.7/site-packages/airflow/example_dags/example_external_task_marker_dag.py
[2021-02-25 17:20:20,253] {logging_mixin.py:103} INFO - [2021-02-25 17:20:20,253] {dag.py:1813} INFO - Sync 2 DAGs
[2021-02-25 17:20:20,267] {logging_mixin.py:103} INFO - [2021-02-25 17:20:20,267] {dag.py:2266} INFO - Setting next_dagrun for example_external_task_marker_child to None
[2021-02-25 17:20:20,268] {logging_mixin.py:103} INFO - [2021-02-25 17:20:20,268] {dag.py:2266} INFO - Setting next_dagrun for example_external_task_marker_parent to None
[2021-02-25 17:20:20,290] {scheduler_job.py:189} INFO - Processing /home/i-sip_iot/anaconda3/envs/sandbox/lib/python3.7/site-packages/airflow/example_dags/example_external_task_marker_dag.py took 0.066 seconds
[2021-02-25 17:20:47,692] {scheduler_job.py:181} INFO - Started process (PID=186207) to work on /home/i-sip_iot/anaconda3/envs/sandbox/lib/python3.7/site-packages/airflow/example_dags/example_external_task_marker_dag.py
[2021-02-25 17:20:47,692] {scheduler_job.py:629} INFO - Processing file /home/i-sip_iot/anaconda3/envs/sandbox/lib/python3.7/site-packages/airflow/example_dags/example_external_task_marker_dag.py for tasks to queue
[2021-02-25 17:20:47,693] {logging_mixin.py:103} INFO - [2021-02-25 17:20:47,693] {dagbag.py:440} INFO - Filling up the DagBag from /home/i-sip_iot/anaconda3/envs/sandbox/lib/python3.7/site-packages/airflow/example_dags/example_external_task_marker_dag.py
[2021-02-25 17:20:47,698] {scheduler_job.py:639} INFO - DAG(s) dict_keys(['example_external_task_marker_parent', 'example_external_task_marker_child']) retrieved from /home/i-sip_iot/anaconda3/envs/sandbox/lib/python3.7/site-packages/airflow/example_dags/example_external_task_marker_dag.py
[2021-02-25 17:20:47,698] {logging_mixin.py:103} INFO - [2021-02-25 17:20:47,698] {dag.py:1813} INFO - Sync 2 DAGs
[2021-02-25 17:20:47,707] {logging_mixin.py:103} INFO - [2021-02-25 17:20:47,707] {dag.py:2266} INFO - Setting next_dagrun for example_external_task_marker_child to None
[2021-02-25 17:20:47,707] {logging_mixin.py:103} INFO - [2021-02-25 17:20:47,707] {dag.py:2266} INFO - Setting next_dagrun for example_external_task_marker_parent to None
[2021-02-25 17:20:47,714] {scheduler_job.py:189} INFO - Processing /home/i-sip_iot/anaconda3/envs/sandbox/lib/python3.7/site-packages/airflow/example_dags/example_external_task_marker_dag.py took 0.024 seconds
[2021-02-25 17:21:14,524] {scheduler_job.py:181} INFO - Started process (PID=186286) to work on /home/i-sip_iot/anaconda3/envs/sandbox/lib/python3.7/site-packages/airflow/example_dags/example_external_task_marker_dag.py
[2021-02-25 17:21:14,525] {scheduler_job.py:629} INFO - Processing file /home/i-sip_iot/anaconda3/envs/sandbox/lib/python3.7/site-packages/airflow/example_dags/example_external_task_marker_dag.py for tasks to queue
[2021-02-25 17:21:14,525] {logging_mixin.py:103} INFO - [2021-02-25 17:21:14,525] {dagbag.py:440} INFO - Filling up the DagBag from /home/i-sip_iot/anaconda3/envs/sandbox/lib/python3.7/site-packages/airflow/example_dags/example_external_task_marker_dag.py
[2021-02-25 17:21:14,531] {scheduler_job.py:639} INFO - DAG(s) dict_keys(['example_external_task_marker_parent', 'example_external_task_marker_child']) retrieved from /home/i-sip_iot/anaconda3/envs/sandbox/lib/python3.7/site-packages/airflow/example_dags/example_external_task_marker_dag.py
[2021-02-25 17:21:14,532] {logging_mixin.py:103} INFO - [2021-02-25 17:21:14,532] {dag.py:1813} INFO - Sync 2 DAGs
[2021-02-25 17:21:14,543] {logging_mixin.py:103} INFO - [2021-02-25 17:21:14,543] {dag.py:2266} INFO - Setting next_dagrun for example_external_task_marker_child to None
[2021-02-25 17:21:14,544] {logging_mixin.py:103} INFO - [2021-02-25 17:21:14,544] {dag.py:2266} INFO - Setting next_dagrun for example_external_task_marker_parent to None
[2021-02-25 17:21:14,568] {scheduler_job.py:189} INFO - Processing /home/i-sip_iot/anaconda3/envs/sandbox/lib/python3.7/site-packages/airflow/example_dags/example_external_task_marker_dag.py took 0.045 seconds
[2021-02-25 17:21:42,157] {scheduler_job.py:181} INFO - Started process (PID=186508) to work on /home/i-sip_iot/anaconda3/envs/sandbox/lib/python3.7/site-packages/airflow/example_dags/example_external_task_marker_dag.py
[2021-02-25 17:21:42,158] {scheduler_job.py:629} INFO - Processing file /home/i-sip_iot/anaconda3/envs/sandbox/lib/python3.7/site-packages/airflow/example_dags/example_external_task_marker_dag.py for tasks to queue
[2021-02-25 17:21:42,159] {logging_mixin.py:103} INFO - [2021-02-25 17:21:42,158] {dagbag.py:440} INFO - Filling up the DagBag from /home/i-sip_iot/anaconda3/envs/sandbox/lib/python3.7/site-packages/airflow/example_dags/example_external_task_marker_dag.py
[2021-02-25 17:21:42,166] {scheduler_job.py:639} INFO - DAG(s) dict_keys(['example_external_task_marker_parent', 'example_external_task_marker_child']) retrieved from /home/i-sip_iot/anaconda3/envs/sandbox/lib/python3.7/site-packages/airflow/example_dags/example_external_task_marker_dag.py
[2021-02-25 17:21:42,167] {logging_mixin.py:103} INFO - [2021-02-25 17:21:42,167] {dag.py:1813} INFO - Sync 2 DAGs
[2021-02-25 17:21:42,176] {logging_mixin.py:103} INFO - [2021-02-25 17:21:42,176] {dag.py:2266} INFO - Setting next_dagrun for example_external_task_marker_child to None
[2021-02-25 17:21:42,176] {logging_mixin.py:103} INFO - [2021-02-25 17:21:42,176] {dag.py:2266} INFO - Setting next_dagrun for example_external_task_marker_parent to None
[2021-02-25 17:21:42,183] {scheduler_job.py:189} INFO - Processing /home/i-sip_iot/anaconda3/envs/sandbox/lib/python3.7/site-packages/airflow/example_dags/example_external_task_marker_dag.py took 0.028 seconds
[2021-02-25 17:22:09,507] {scheduler_job.py:181} INFO - Started process (PID=186580) to work on /home/i-sip_iot/anaconda3/envs/sandbox/lib/python3.7/site-packages/airflow/example_dags/example_external_task_marker_dag.py
[2021-02-25 17:22:09,508] {scheduler_job.py:629} INFO - Processing file /home/i-sip_iot/anaconda3/envs/sandbox/lib/python3.7/site-packages/airflow/example_dags/example_external_task_marker_dag.py for tasks to queue
[2021-02-25 17:22:09,509] {logging_mixin.py:103} INFO - [2021-02-25 17:22:09,509] {dagbag.py:440} INFO - Filling up the DagBag from /home/i-sip_iot/anaconda3/envs/sandbox/lib/python3.7/site-packages/airflow/example_dags/example_external_task_marker_dag.py
[2021-02-25 17:22:09,521] {scheduler_job.py:639} INFO - DAG(s) dict_keys(['example_external_task_marker_parent', 'example_external_task_marker_child']) retrieved from /home/i-sip_iot/anaconda3/envs/sandbox/lib/python3.7/site-packages/airflow/example_dags/example_external_task_marker_dag.py
[2021-02-25 17:22:09,522] {logging_mixin.py:103} INFO - [2021-02-25 17:22:09,522] {dag.py:1813} INFO - Sync 2 DAGs
[2021-02-25 17:22:09,536] {logging_mixin.py:103} INFO - [2021-02-25 17:22:09,536] {dag.py:2266} INFO - Setting next_dagrun for example_external_task_marker_child to None
[2021-02-25 17:22:09,537] {logging_mixin.py:103} INFO - [2021-02-25 17:22:09,537] {dag.py:2266} INFO - Setting next_dagrun for example_external_task_marker_parent to None
[2021-02-25 17:22:09,560] {scheduler_job.py:189} INFO - Processing /home/i-sip_iot/anaconda3/envs/sandbox/lib/python3.7/site-packages/airflow/example_dags/example_external_task_marker_dag.py took 0.057 seconds
[2021-02-25 17:22:37,000] {scheduler_job.py:181} INFO - Started process (PID=186640) to work on /home/i-sip_iot/anaconda3/envs/sandbox/lib/python3.7/site-packages/airflow/example_dags/example_external_task_marker_dag.py
[2021-02-25 17:22:37,002] {scheduler_job.py:629} INFO - Processing file /home/i-sip_iot/anaconda3/envs/sandbox/lib/python3.7/site-packages/airflow/example_dags/example_external_task_marker_dag.py for tasks to queue
[2021-02-25 17:22:37,003] {logging_mixin.py:103} INFO - [2021-02-25 17:22:37,003] {dagbag.py:440} INFO - Filling up the DagBag from /home/i-sip_iot/anaconda3/envs/sandbox/lib/python3.7/site-packages/airflow/example_dags/example_external_task_marker_dag.py
[2021-02-25 17:22:37,022] {scheduler_job.py:639} INFO - DAG(s) dict_keys(['example_external_task_marker_parent', 'example_external_task_marker_child']) retrieved from /home/i-sip_iot/anaconda3/envs/sandbox/lib/python3.7/site-packages/airflow/example_dags/example_external_task_marker_dag.py
[2021-02-25 17:22:37,023] {logging_mixin.py:103} INFO - [2021-02-25 17:22:37,023] {dag.py:1813} INFO - Sync 2 DAGs
[2021-02-25 17:22:37,037] {logging_mixin.py:103} INFO - [2021-02-25 17:22:37,037] {dag.py:2266} INFO - Setting next_dagrun for example_external_task_marker_child to None
[2021-02-25 17:22:37,038] {logging_mixin.py:103} INFO - [2021-02-25 17:22:37,038] {dag.py:2266} INFO - Setting next_dagrun for example_external_task_marker_parent to None
[2021-02-25 17:22:37,046] {scheduler_job.py:189} INFO - Processing /home/i-sip_iot/anaconda3/envs/sandbox/lib/python3.7/site-packages/airflow/example_dags/example_external_task_marker_dag.py took 0.053 seconds
[2021-02-25 17:23:03,808] {scheduler_job.py:181} INFO - Started process (PID=186870) to work on /home/i-sip_iot/anaconda3/envs/sandbox/lib/python3.7/site-packages/airflow/example_dags/example_external_task_marker_dag.py
[2021-02-25 17:23:03,810] {scheduler_job.py:629} INFO - Processing file /home/i-sip_iot/anaconda3/envs/sandbox/lib/python3.7/site-packages/airflow/example_dags/example_external_task_marker_dag.py for tasks to queue
[2021-02-25 17:23:03,811] {logging_mixin.py:103} INFO - [2021-02-25 17:23:03,811] {dagbag.py:440} INFO - Filling up the DagBag from /home/i-sip_iot/anaconda3/envs/sandbox/lib/python3.7/site-packages/airflow/example_dags/example_external_task_marker_dag.py
[2021-02-25 17:23:03,826] {scheduler_job.py:639} INFO - DAG(s) dict_keys(['example_external_task_marker_parent', 'example_external_task_marker_child']) retrieved from /home/i-sip_iot/anaconda3/envs/sandbox/lib/python3.7/site-packages/airflow/example_dags/example_external_task_marker_dag.py
[2021-02-25 17:23:03,827] {logging_mixin.py:103} INFO - [2021-02-25 17:23:03,827] {dag.py:1813} INFO - Sync 2 DAGs
[2021-02-25 17:23:03,843] {logging_mixin.py:103} INFO - [2021-02-25 17:23:03,843] {dag.py:2266} INFO - Setting next_dagrun for example_external_task_marker_child to None
[2021-02-25 17:23:03,844] {logging_mixin.py:103} INFO - [2021-02-25 17:23:03,844] {dag.py:2266} INFO - Setting next_dagrun for example_external_task_marker_parent to None
[2021-02-25 17:23:03,864] {scheduler_job.py:189} INFO - Processing /home/i-sip_iot/anaconda3/envs/sandbox/lib/python3.7/site-packages/airflow/example_dags/example_external_task_marker_dag.py took 0.060 seconds
[2021-02-25 17:23:30,682] {scheduler_job.py:181} INFO - Started process (PID=186928) to work on /home/i-sip_iot/anaconda3/envs/sandbox/lib/python3.7/site-packages/airflow/example_dags/example_external_task_marker_dag.py
[2021-02-25 17:23:30,685] {scheduler_job.py:629} INFO - Processing file /home/i-sip_iot/anaconda3/envs/sandbox/lib/python3.7/site-packages/airflow/example_dags/example_external_task_marker_dag.py for tasks to queue
[2021-02-25 17:23:30,687] {logging_mixin.py:103} INFO - [2021-02-25 17:23:30,687] {dagbag.py:440} INFO - Filling up the DagBag from /home/i-sip_iot/anaconda3/envs/sandbox/lib/python3.7/site-packages/airflow/example_dags/example_external_task_marker_dag.py
[2021-02-25 17:23:30,705] {scheduler_job.py:639} INFO - DAG(s) dict_keys(['example_external_task_marker_parent', 'example_external_task_marker_child']) retrieved from /home/i-sip_iot/anaconda3/envs/sandbox/lib/python3.7/site-packages/airflow/example_dags/example_external_task_marker_dag.py
[2021-02-25 17:23:30,706] {logging_mixin.py:103} INFO - [2021-02-25 17:23:30,706] {dag.py:1813} INFO - Sync 2 DAGs
[2021-02-25 17:23:30,719] {logging_mixin.py:103} INFO - [2021-02-25 17:23:30,719] {dag.py:2266} INFO - Setting next_dagrun for example_external_task_marker_child to None
[2021-02-25 17:23:30,720] {logging_mixin.py:103} INFO - [2021-02-25 17:23:30,720] {dag.py:2266} INFO - Setting next_dagrun for example_external_task_marker_parent to None
[2021-02-25 17:23:30,729] {scheduler_job.py:189} INFO - Processing /home/i-sip_iot/anaconda3/envs/sandbox/lib/python3.7/site-packages/airflow/example_dags/example_external_task_marker_dag.py took 0.055 seconds
[2021-02-25 17:23:58,200] {scheduler_job.py:181} INFO - Started process (PID=187180) to work on /home/i-sip_iot/anaconda3/envs/sandbox/lib/python3.7/site-packages/airflow/example_dags/example_external_task_marker_dag.py
[2021-02-25 17:23:58,201] {scheduler_job.py:629} INFO - Processing file /home/i-sip_iot/anaconda3/envs/sandbox/lib/python3.7/site-packages/airflow/example_dags/example_external_task_marker_dag.py for tasks to queue
[2021-02-25 17:23:58,201] {logging_mixin.py:103} INFO - [2021-02-25 17:23:58,201] {dagbag.py:440} INFO - Filling up the DagBag from /home/i-sip_iot/anaconda3/envs/sandbox/lib/python3.7/site-packages/airflow/example_dags/example_external_task_marker_dag.py
[2021-02-25 17:23:58,209] {scheduler_job.py:639} INFO - DAG(s) dict_keys(['example_external_task_marker_parent', 'example_external_task_marker_child']) retrieved from /home/i-sip_iot/anaconda3/envs/sandbox/lib/python3.7/site-packages/airflow/example_dags/example_external_task_marker_dag.py
[2021-02-25 17:23:58,210] {logging_mixin.py:103} INFO - [2021-02-25 17:23:58,210] {dag.py:1813} INFO - Sync 2 DAGs
[2021-02-25 17:23:58,223] {logging_mixin.py:103} INFO - [2021-02-25 17:23:58,223] {dag.py:2266} INFO - Setting next_dagrun for example_external_task_marker_child to None
[2021-02-25 17:23:58,224] {logging_mixin.py:103} INFO - [2021-02-25 17:23:58,224] {dag.py:2266} INFO - Setting next_dagrun for example_external_task_marker_parent to None
[2021-02-25 17:23:58,234] {scheduler_job.py:189} INFO - Processing /home/i-sip_iot/anaconda3/envs/sandbox/lib/python3.7/site-packages/airflow/example_dags/example_external_task_marker_dag.py took 0.036 seconds
[2021-02-25 17:24:25,153] {scheduler_job.py:181} INFO - Started process (PID=187228) to work on /home/i-sip_iot/anaconda3/envs/sandbox/lib/python3.7/site-packages/airflow/example_dags/example_external_task_marker_dag.py
[2021-02-25 17:24:25,154] {scheduler_job.py:629} INFO - Processing file /home/i-sip_iot/anaconda3/envs/sandbox/lib/python3.7/site-packages/airflow/example_dags/example_external_task_marker_dag.py for tasks to queue
[2021-02-25 17:24:25,154] {logging_mixin.py:103} INFO - [2021-02-25 17:24:25,154] {dagbag.py:440} INFO - Filling up the DagBag from /home/i-sip_iot/anaconda3/envs/sandbox/lib/python3.7/site-packages/airflow/example_dags/example_external_task_marker_dag.py
[2021-02-25 17:24:25,159] {scheduler_job.py:639} INFO - DAG(s) dict_keys(['example_external_task_marker_parent', 'example_external_task_marker_child']) retrieved from /home/i-sip_iot/anaconda3/envs/sandbox/lib/python3.7/site-packages/airflow/example_dags/example_external_task_marker_dag.py
[2021-02-25 17:24:25,160] {logging_mixin.py:103} INFO - [2021-02-25 17:24:25,160] {dag.py:1813} INFO - Sync 2 DAGs
[2021-02-25 17:24:25,171] {logging_mixin.py:103} INFO - [2021-02-25 17:24:25,170] {dag.py:2266} INFO - Setting next_dagrun for example_external_task_marker_child to None
[2021-02-25 17:24:25,171] {logging_mixin.py:103} INFO - [2021-02-25 17:24:25,171] {dag.py:2266} INFO - Setting next_dagrun for example_external_task_marker_parent to None
[2021-02-25 17:24:25,193] {scheduler_job.py:189} INFO - Processing /home/i-sip_iot/anaconda3/envs/sandbox/lib/python3.7/site-packages/airflow/example_dags/example_external_task_marker_dag.py took 0.041 seconds
[2021-02-25 17:24:53,205] {scheduler_job.py:181} INFO - Started process (PID=187468) to work on /home/i-sip_iot/anaconda3/envs/sandbox/lib/python3.7/site-packages/airflow/example_dags/example_external_task_marker_dag.py
[2021-02-25 17:24:53,207] {scheduler_job.py:629} INFO - Processing file /home/i-sip_iot/anaconda3/envs/sandbox/lib/python3.7/site-packages/airflow/example_dags/example_external_task_marker_dag.py for tasks to queue
[2021-02-25 17:24:53,208] {logging_mixin.py:103} INFO - [2021-02-25 17:24:53,208] {dagbag.py:440} INFO - Filling up the DagBag from /home/i-sip_iot/anaconda3/envs/sandbox/lib/python3.7/site-packages/airflow/example_dags/example_external_task_marker_dag.py
[2021-02-25 17:24:53,227] {scheduler_job.py:639} INFO - DAG(s) dict_keys(['example_external_task_marker_parent', 'example_external_task_marker_child']) retrieved from /home/i-sip_iot/anaconda3/envs/sandbox/lib/python3.7/site-packages/airflow/example_dags/example_external_task_marker_dag.py
[2021-02-25 17:24:53,228] {logging_mixin.py:103} INFO - [2021-02-25 17:24:53,228] {dag.py:1813} INFO - Sync 2 DAGs
[2021-02-25 17:24:53,244] {logging_mixin.py:103} INFO - [2021-02-25 17:24:53,244] {dag.py:2266} INFO - Setting next_dagrun for example_external_task_marker_child to None
[2021-02-25 17:24:53,245] {logging_mixin.py:103} INFO - [2021-02-25 17:24:53,245] {dag.py:2266} INFO - Setting next_dagrun for example_external_task_marker_parent to None
[2021-02-25 17:24:53,254] {scheduler_job.py:189} INFO - Processing /home/i-sip_iot/anaconda3/envs/sandbox/lib/python3.7/site-packages/airflow/example_dags/example_external_task_marker_dag.py took 0.054 seconds
[2021-02-25 17:25:20,042] {scheduler_job.py:181} INFO - Started process (PID=187555) to work on /home/i-sip_iot/anaconda3/envs/sandbox/lib/python3.7/site-packages/airflow/example_dags/example_external_task_marker_dag.py
[2021-02-25 17:25:20,043] {scheduler_job.py:629} INFO - Processing file /home/i-sip_iot/anaconda3/envs/sandbox/lib/python3.7/site-packages/airflow/example_dags/example_external_task_marker_dag.py for tasks to queue
[2021-02-25 17:25:20,043] {logging_mixin.py:103} INFO - [2021-02-25 17:25:20,043] {dagbag.py:440} INFO - Filling up the DagBag from /home/i-sip_iot/anaconda3/envs/sandbox/lib/python3.7/site-packages/airflow/example_dags/example_external_task_marker_dag.py
[2021-02-25 17:25:20,048] {scheduler_job.py:639} INFO - DAG(s) dict_keys(['example_external_task_marker_parent', 'example_external_task_marker_child']) retrieved from /home/i-sip_iot/anaconda3/envs/sandbox/lib/python3.7/site-packages/airflow/example_dags/example_external_task_marker_dag.py
[2021-02-25 17:25:20,049] {logging_mixin.py:103} INFO - [2021-02-25 17:25:20,049] {dag.py:1813} INFO - Sync 2 DAGs
[2021-02-25 17:25:20,057] {logging_mixin.py:103} INFO - [2021-02-25 17:25:20,057] {dag.py:2266} INFO - Setting next_dagrun for example_external_task_marker_child to None
[2021-02-25 17:25:20,058] {logging_mixin.py:103} INFO - [2021-02-25 17:25:20,058] {dag.py:2266} INFO - Setting next_dagrun for example_external_task_marker_parent to None
[2021-02-25 17:25:20,066] {scheduler_job.py:189} INFO - Processing /home/i-sip_iot/anaconda3/envs/sandbox/lib/python3.7/site-packages/airflow/example_dags/example_external_task_marker_dag.py took 0.025 seconds
[2021-02-25 17:25:47,523] {scheduler_job.py:181} INFO - Started process (PID=187798) to work on /home/i-sip_iot/anaconda3/envs/sandbox/lib/python3.7/site-packages/airflow/example_dags/example_external_task_marker_dag.py
[2021-02-25 17:25:47,525] {scheduler_job.py:629} INFO - Processing file /home/i-sip_iot/anaconda3/envs/sandbox/lib/python3.7/site-packages/airflow/example_dags/example_external_task_marker_dag.py for tasks to queue
[2021-02-25 17:25:47,526] {logging_mixin.py:103} INFO - [2021-02-25 17:25:47,526] {dagbag.py:440} INFO - Filling up the DagBag from /home/i-sip_iot/anaconda3/envs/sandbox/lib/python3.7/site-packages/airflow/example_dags/example_external_task_marker_dag.py
[2021-02-25 17:25:47,543] {scheduler_job.py:639} INFO - DAG(s) dict_keys(['example_external_task_marker_parent', 'example_external_task_marker_child']) retrieved from /home/i-sip_iot/anaconda3/envs/sandbox/lib/python3.7/site-packages/airflow/example_dags/example_external_task_marker_dag.py
[2021-02-25 17:25:47,544] {logging_mixin.py:103} INFO - [2021-02-25 17:25:47,544] {dag.py:1813} INFO - Sync 2 DAGs
[2021-02-25 17:25:47,557] {logging_mixin.py:103} INFO - [2021-02-25 17:25:47,557] {dag.py:2266} INFO - Setting next_dagrun for example_external_task_marker_child to None
[2021-02-25 17:25:47,558] {logging_mixin.py:103} INFO - [2021-02-25 17:25:47,558] {dag.py:2266} INFO - Setting next_dagrun for example_external_task_marker_parent to None
[2021-02-25 17:25:47,580] {scheduler_job.py:189} INFO - Processing /home/i-sip_iot/anaconda3/envs/sandbox/lib/python3.7/site-packages/airflow/example_dags/example_external_task_marker_dag.py took 0.063 seconds
[2021-02-25 17:26:14,323] {scheduler_job.py:181} INFO - Started process (PID=187896) to work on /home/i-sip_iot/anaconda3/envs/sandbox/lib/python3.7/site-packages/airflow/example_dags/example_external_task_marker_dag.py
[2021-02-25 17:26:14,324] {scheduler_job.py:629} INFO - Processing file /home/i-sip_iot/anaconda3/envs/sandbox/lib/python3.7/site-packages/airflow/example_dags/example_external_task_marker_dag.py for tasks to queue
[2021-02-25 17:26:14,325] {logging_mixin.py:103} INFO - [2021-02-25 17:26:14,325] {dagbag.py:440} INFO - Filling up the DagBag from /home/i-sip_iot/anaconda3/envs/sandbox/lib/python3.7/site-packages/airflow/example_dags/example_external_task_marker_dag.py
[2021-02-25 17:26:14,336] {scheduler_job.py:639} INFO - DAG(s) dict_keys(['example_external_task_marker_parent', 'example_external_task_marker_child']) retrieved from /home/i-sip_iot/anaconda3/envs/sandbox/lib/python3.7/site-packages/airflow/example_dags/example_external_task_marker_dag.py
[2021-02-25 17:26:14,337] {logging_mixin.py:103} INFO - [2021-02-25 17:26:14,336] {dag.py:1813} INFO - Sync 2 DAGs
[2021-02-25 17:26:14,351] {logging_mixin.py:103} INFO - [2021-02-25 17:26:14,351] {dag.py:2266} INFO - Setting next_dagrun for example_external_task_marker_child to None
[2021-02-25 17:26:14,352] {logging_mixin.py:103} INFO - [2021-02-25 17:26:14,352] {dag.py:2266} INFO - Setting next_dagrun for example_external_task_marker_parent to None
[2021-02-25 17:26:14,362] {scheduler_job.py:189} INFO - Processing /home/i-sip_iot/anaconda3/envs/sandbox/lib/python3.7/site-packages/airflow/example_dags/example_external_task_marker_dag.py took 0.042 seconds
[2021-02-25 17:26:42,385] {scheduler_job.py:181} INFO - Started process (PID=188166) to work on /home/i-sip_iot/anaconda3/envs/sandbox/lib/python3.7/site-packages/airflow/example_dags/example_external_task_marker_dag.py
[2021-02-25 17:26:42,386] {scheduler_job.py:629} INFO - Processing file /home/i-sip_iot/anaconda3/envs/sandbox/lib/python3.7/site-packages/airflow/example_dags/example_external_task_marker_dag.py for tasks to queue
[2021-02-25 17:26:42,387] {logging_mixin.py:103} INFO - [2021-02-25 17:26:42,387] {dagbag.py:440} INFO - Filling up the DagBag from /home/i-sip_iot/anaconda3/envs/sandbox/lib/python3.7/site-packages/airflow/example_dags/example_external_task_marker_dag.py
[2021-02-25 17:26:42,396] {scheduler_job.py:639} INFO - DAG(s) dict_keys(['example_external_task_marker_parent', 'example_external_task_marker_child']) retrieved from /home/i-sip_iot/anaconda3/envs/sandbox/lib/python3.7/site-packages/airflow/example_dags/example_external_task_marker_dag.py
[2021-02-25 17:26:42,397] {logging_mixin.py:103} INFO - [2021-02-25 17:26:42,397] {dag.py:1813} INFO - Sync 2 DAGs
[2021-02-25 17:26:42,409] {logging_mixin.py:103} INFO - [2021-02-25 17:26:42,409] {dag.py:2266} INFO - Setting next_dagrun for example_external_task_marker_child to None
[2021-02-25 17:26:42,409] {logging_mixin.py:103} INFO - [2021-02-25 17:26:42,409] {dag.py:2266} INFO - Setting next_dagrun for example_external_task_marker_parent to None
[2021-02-25 17:26:42,430] {scheduler_job.py:189} INFO - Processing /home/i-sip_iot/anaconda3/envs/sandbox/lib/python3.7/site-packages/airflow/example_dags/example_external_task_marker_dag.py took 0.049 seconds
[2021-02-25 17:27:08,147] {scheduler_job.py:181} INFO - Started process (PID=188256) to work on /home/i-sip_iot/anaconda3/envs/sandbox/lib/python3.7/site-packages/airflow/example_dags/example_external_task_marker_dag.py
[2021-02-25 17:27:08,149] {scheduler_job.py:629} INFO - Processing file /home/i-sip_iot/anaconda3/envs/sandbox/lib/python3.7/site-packages/airflow/example_dags/example_external_task_marker_dag.py for tasks to queue
[2021-02-25 17:27:08,151] {logging_mixin.py:103} INFO - [2021-02-25 17:27:08,150] {dagbag.py:440} INFO - Filling up the DagBag from /home/i-sip_iot/anaconda3/envs/sandbox/lib/python3.7/site-packages/airflow/example_dags/example_external_task_marker_dag.py
[2021-02-25 17:27:08,163] {scheduler_job.py:639} INFO - DAG(s) dict_keys(['example_external_task_marker_parent', 'example_external_task_marker_child']) retrieved from /home/i-sip_iot/anaconda3/envs/sandbox/lib/python3.7/site-packages/airflow/example_dags/example_external_task_marker_dag.py
[2021-02-25 17:27:08,164] {logging_mixin.py:103} INFO - [2021-02-25 17:27:08,164] {dag.py:1813} INFO - Sync 2 DAGs
[2021-02-25 17:27:08,177] {logging_mixin.py:103} INFO - [2021-02-25 17:27:08,177] {dag.py:2266} INFO - Setting next_dagrun for example_external_task_marker_child to None
[2021-02-25 17:27:08,177] {logging_mixin.py:103} INFO - [2021-02-25 17:27:08,177] {dag.py:2266} INFO - Setting next_dagrun for example_external_task_marker_parent to None
[2021-02-25 17:27:08,186] {scheduler_job.py:189} INFO - Processing /home/i-sip_iot/anaconda3/envs/sandbox/lib/python3.7/site-packages/airflow/example_dags/example_external_task_marker_dag.py took 0.044 seconds
[2021-02-25 17:27:34,670] {scheduler_job.py:181} INFO - Started process (PID=188334) to work on /home/i-sip_iot/anaconda3/envs/sandbox/lib/python3.7/site-packages/airflow/example_dags/example_external_task_marker_dag.py
[2021-02-25 17:27:34,671] {scheduler_job.py:629} INFO - Processing file /home/i-sip_iot/anaconda3/envs/sandbox/lib/python3.7/site-packages/airflow/example_dags/example_external_task_marker_dag.py for tasks to queue
[2021-02-25 17:27:34,672] {logging_mixin.py:103} INFO - [2021-02-25 17:27:34,672] {dagbag.py:440} INFO - Filling up the DagBag from /home/i-sip_iot/anaconda3/envs/sandbox/lib/python3.7/site-packages/airflow/example_dags/example_external_task_marker_dag.py
[2021-02-25 17:27:34,678] {scheduler_job.py:639} INFO - DAG(s) dict_keys(['example_external_task_marker_parent', 'example_external_task_marker_child']) retrieved from /home/i-sip_iot/anaconda3/envs/sandbox/lib/python3.7/site-packages/airflow/example_dags/example_external_task_marker_dag.py
[2021-02-25 17:27:34,679] {logging_mixin.py:103} INFO - [2021-02-25 17:27:34,679] {dag.py:1813} INFO - Sync 2 DAGs
[2021-02-25 17:27:34,691] {logging_mixin.py:103} INFO - [2021-02-25 17:27:34,691] {dag.py:2266} INFO - Setting next_dagrun for example_external_task_marker_child to None
[2021-02-25 17:27:34,691] {logging_mixin.py:103} INFO - [2021-02-25 17:27:34,691] {dag.py:2266} INFO - Setting next_dagrun for example_external_task_marker_parent to None
[2021-02-25 17:27:34,701] {scheduler_job.py:189} INFO - Processing /home/i-sip_iot/anaconda3/envs/sandbox/lib/python3.7/site-packages/airflow/example_dags/example_external_task_marker_dag.py took 0.033 seconds
[2021-02-25 17:28:02,707] {scheduler_job.py:181} INFO - Started process (PID=188619) to work on /home/i-sip_iot/anaconda3/envs/sandbox/lib/python3.7/site-packages/airflow/example_dags/example_external_task_marker_dag.py
[2021-02-25 17:28:02,710] {scheduler_job.py:629} INFO - Processing file /home/i-sip_iot/anaconda3/envs/sandbox/lib/python3.7/site-packages/airflow/example_dags/example_external_task_marker_dag.py for tasks to queue
[2021-02-25 17:28:02,711] {logging_mixin.py:103} INFO - [2021-02-25 17:28:02,711] {dagbag.py:440} INFO - Filling up the DagBag from /home/i-sip_iot/anaconda3/envs/sandbox/lib/python3.7/site-packages/airflow/example_dags/example_external_task_marker_dag.py
[2021-02-25 17:28:02,728] {scheduler_job.py:639} INFO - DAG(s) dict_keys(['example_external_task_marker_parent', 'example_external_task_marker_child']) retrieved from /home/i-sip_iot/anaconda3/envs/sandbox/lib/python3.7/site-packages/airflow/example_dags/example_external_task_marker_dag.py
[2021-02-25 17:28:02,729] {logging_mixin.py:103} INFO - [2021-02-25 17:28:02,728] {dag.py:1813} INFO - Sync 2 DAGs
[2021-02-25 17:28:02,743] {logging_mixin.py:103} INFO - [2021-02-25 17:28:02,743] {dag.py:2266} INFO - Setting next_dagrun for example_external_task_marker_child to None
[2021-02-25 17:28:02,743] {logging_mixin.py:103} INFO - [2021-02-25 17:28:02,743] {dag.py:2266} INFO - Setting next_dagrun for example_external_task_marker_parent to None
[2021-02-25 17:28:02,764] {scheduler_job.py:189} INFO - Processing /home/i-sip_iot/anaconda3/envs/sandbox/lib/python3.7/site-packages/airflow/example_dags/example_external_task_marker_dag.py took 0.063 seconds
[2021-02-25 17:28:30,374] {scheduler_job.py:181} INFO - Started process (PID=188715) to work on /home/i-sip_iot/anaconda3/envs/sandbox/lib/python3.7/site-packages/airflow/example_dags/example_external_task_marker_dag.py
[2021-02-25 17:28:30,375] {scheduler_job.py:629} INFO - Processing file /home/i-sip_iot/anaconda3/envs/sandbox/lib/python3.7/site-packages/airflow/example_dags/example_external_task_marker_dag.py for tasks to queue
[2021-02-25 17:28:30,375] {logging_mixin.py:103} INFO - [2021-02-25 17:28:30,375] {dagbag.py:440} INFO - Filling up the DagBag from /home/i-sip_iot/anaconda3/envs/sandbox/lib/python3.7/site-packages/airflow/example_dags/example_external_task_marker_dag.py
[2021-02-25 17:28:30,381] {scheduler_job.py:639} INFO - DAG(s) dict_keys(['example_external_task_marker_parent', 'example_external_task_marker_child']) retrieved from /home/i-sip_iot/anaconda3/envs/sandbox/lib/python3.7/site-packages/airflow/example_dags/example_external_task_marker_dag.py
[2021-02-25 17:28:30,381] {logging_mixin.py:103} INFO - [2021-02-25 17:28:30,381] {dag.py:1813} INFO - Sync 2 DAGs
[2021-02-25 17:28:30,397] {logging_mixin.py:103} INFO - [2021-02-25 17:28:30,397] {dag.py:2266} INFO - Setting next_dagrun for example_external_task_marker_child to None
[2021-02-25 17:28:30,398] {logging_mixin.py:103} INFO - [2021-02-25 17:28:30,398] {dag.py:2266} INFO - Setting next_dagrun for example_external_task_marker_parent to None
[2021-02-25 17:28:30,411] {scheduler_job.py:189} INFO - Processing /home/i-sip_iot/anaconda3/envs/sandbox/lib/python3.7/site-packages/airflow/example_dags/example_external_task_marker_dag.py took 0.038 seconds
[2021-02-25 17:28:57,373] {scheduler_job.py:181} INFO - Started process (PID=188957) to work on /home/i-sip_iot/anaconda3/envs/sandbox/lib/python3.7/site-packages/airflow/example_dags/example_external_task_marker_dag.py
[2021-02-25 17:28:57,374] {scheduler_job.py:629} INFO - Processing file /home/i-sip_iot/anaconda3/envs/sandbox/lib/python3.7/site-packages/airflow/example_dags/example_external_task_marker_dag.py for tasks to queue
[2021-02-25 17:28:57,374] {logging_mixin.py:103} INFO - [2021-02-25 17:28:57,374] {dagbag.py:440} INFO - Filling up the DagBag from /home/i-sip_iot/anaconda3/envs/sandbox/lib/python3.7/site-packages/airflow/example_dags/example_external_task_marker_dag.py
[2021-02-25 17:28:57,381] {scheduler_job.py:639} INFO - DAG(s) dict_keys(['example_external_task_marker_parent', 'example_external_task_marker_child']) retrieved from /home/i-sip_iot/anaconda3/envs/sandbox/lib/python3.7/site-packages/airflow/example_dags/example_external_task_marker_dag.py
[2021-02-25 17:28:57,382] {logging_mixin.py:103} INFO - [2021-02-25 17:28:57,382] {dag.py:1813} INFO - Sync 2 DAGs
[2021-02-25 17:28:57,395] {logging_mixin.py:103} INFO - [2021-02-25 17:28:57,395] {dag.py:2266} INFO - Setting next_dagrun for example_external_task_marker_child to None
[2021-02-25 17:28:57,395] {logging_mixin.py:103} INFO - [2021-02-25 17:28:57,395] {dag.py:2266} INFO - Setting next_dagrun for example_external_task_marker_parent to None
[2021-02-25 17:28:57,421] {scheduler_job.py:189} INFO - Processing /home/i-sip_iot/anaconda3/envs/sandbox/lib/python3.7/site-packages/airflow/example_dags/example_external_task_marker_dag.py took 0.049 seconds
[2021-02-25 17:29:25,398] {scheduler_job.py:181} INFO - Started process (PID=189035) to work on /home/i-sip_iot/anaconda3/envs/sandbox/lib/python3.7/site-packages/airflow/example_dags/example_external_task_marker_dag.py
[2021-02-25 17:29:25,398] {scheduler_job.py:629} INFO - Processing file /home/i-sip_iot/anaconda3/envs/sandbox/lib/python3.7/site-packages/airflow/example_dags/example_external_task_marker_dag.py for tasks to queue
[2021-02-25 17:29:25,400] {logging_mixin.py:103} INFO - [2021-02-25 17:29:25,400] {dagbag.py:440} INFO - Filling up the DagBag from /home/i-sip_iot/anaconda3/envs/sandbox/lib/python3.7/site-packages/airflow/example_dags/example_external_task_marker_dag.py
[2021-02-25 17:29:25,406] {scheduler_job.py:639} INFO - DAG(s) dict_keys(['example_external_task_marker_parent', 'example_external_task_marker_child']) retrieved from /home/i-sip_iot/anaconda3/envs/sandbox/lib/python3.7/site-packages/airflow/example_dags/example_external_task_marker_dag.py
[2021-02-25 17:29:25,407] {logging_mixin.py:103} INFO - [2021-02-25 17:29:25,407] {dag.py:1813} INFO - Sync 2 DAGs
[2021-02-25 17:29:25,417] {logging_mixin.py:103} INFO - [2021-02-25 17:29:25,417] {dag.py:2266} INFO - Setting next_dagrun for example_external_task_marker_child to None
[2021-02-25 17:29:25,417] {logging_mixin.py:103} INFO - [2021-02-25 17:29:25,417] {dag.py:2266} INFO - Setting next_dagrun for example_external_task_marker_parent to None
[2021-02-25 17:29:25,426] {scheduler_job.py:189} INFO - Processing /home/i-sip_iot/anaconda3/envs/sandbox/lib/python3.7/site-packages/airflow/example_dags/example_external_task_marker_dag.py took 0.030 seconds
[2021-02-25 17:29:52,320] {scheduler_job.py:181} INFO - Started process (PID=189309) to work on /home/i-sip_iot/anaconda3/envs/sandbox/lib/python3.7/site-packages/airflow/example_dags/example_external_task_marker_dag.py
[2021-02-25 17:29:52,320] {scheduler_job.py:629} INFO - Processing file /home/i-sip_iot/anaconda3/envs/sandbox/lib/python3.7/site-packages/airflow/example_dags/example_external_task_marker_dag.py for tasks to queue
[2021-02-25 17:29:52,320] {logging_mixin.py:103} INFO - [2021-02-25 17:29:52,320] {dagbag.py:440} INFO - Filling up the DagBag from /home/i-sip_iot/anaconda3/envs/sandbox/lib/python3.7/site-packages/airflow/example_dags/example_external_task_marker_dag.py
[2021-02-25 17:29:52,327] {scheduler_job.py:639} INFO - DAG(s) dict_keys(['example_external_task_marker_parent', 'example_external_task_marker_child']) retrieved from /home/i-sip_iot/anaconda3/envs/sandbox/lib/python3.7/site-packages/airflow/example_dags/example_external_task_marker_dag.py
[2021-02-25 17:29:52,327] {logging_mixin.py:103} INFO - [2021-02-25 17:29:52,327] {dag.py:1813} INFO - Sync 2 DAGs
[2021-02-25 17:29:52,337] {logging_mixin.py:103} INFO - [2021-02-25 17:29:52,337] {dag.py:2266} INFO - Setting next_dagrun for example_external_task_marker_child to None
[2021-02-25 17:29:52,337] {logging_mixin.py:103} INFO - [2021-02-25 17:29:52,337] {dag.py:2266} INFO - Setting next_dagrun for example_external_task_marker_parent to None
[2021-02-25 17:29:52,346] {scheduler_job.py:189} INFO - Processing /home/i-sip_iot/anaconda3/envs/sandbox/lib/python3.7/site-packages/airflow/example_dags/example_external_task_marker_dag.py took 0.028 seconds
[2021-02-25 17:30:19,689] {scheduler_job.py:181} INFO - Started process (PID=189383) to work on /home/i-sip_iot/anaconda3/envs/sandbox/lib/python3.7/site-packages/airflow/example_dags/example_external_task_marker_dag.py
[2021-02-25 17:30:19,692] {scheduler_job.py:629} INFO - Processing file /home/i-sip_iot/anaconda3/envs/sandbox/lib/python3.7/site-packages/airflow/example_dags/example_external_task_marker_dag.py for tasks to queue
[2021-02-25 17:30:19,694] {logging_mixin.py:103} INFO - [2021-02-25 17:30:19,694] {dagbag.py:440} INFO - Filling up the DagBag from /home/i-sip_iot/anaconda3/envs/sandbox/lib/python3.7/site-packages/airflow/example_dags/example_external_task_marker_dag.py
[2021-02-25 17:30:19,713] {scheduler_job.py:639} INFO - DAG(s) dict_keys(['example_external_task_marker_parent', 'example_external_task_marker_child']) retrieved from /home/i-sip_iot/anaconda3/envs/sandbox/lib/python3.7/site-packages/airflow/example_dags/example_external_task_marker_dag.py
[2021-02-25 17:30:19,714] {logging_mixin.py:103} INFO - [2021-02-25 17:30:19,714] {dag.py:1813} INFO - Sync 2 DAGs
[2021-02-25 17:30:19,727] {logging_mixin.py:103} INFO - [2021-02-25 17:30:19,727] {dag.py:2266} INFO - Setting next_dagrun for example_external_task_marker_child to None
[2021-02-25 17:30:19,727] {logging_mixin.py:103} INFO - [2021-02-25 17:30:19,727] {dag.py:2266} INFO - Setting next_dagrun for example_external_task_marker_parent to None
[2021-02-25 17:30:19,751] {scheduler_job.py:189} INFO - Processing /home/i-sip_iot/anaconda3/envs/sandbox/lib/python3.7/site-packages/airflow/example_dags/example_external_task_marker_dag.py took 0.070 seconds
[2021-02-25 17:30:46,884] {scheduler_job.py:181} INFO - Started process (PID=189647) to work on /home/i-sip_iot/anaconda3/envs/sandbox/lib/python3.7/site-packages/airflow/example_dags/example_external_task_marker_dag.py
[2021-02-25 17:30:46,885] {scheduler_job.py:629} INFO - Processing file /home/i-sip_iot/anaconda3/envs/sandbox/lib/python3.7/site-packages/airflow/example_dags/example_external_task_marker_dag.py for tasks to queue
[2021-02-25 17:30:46,886] {logging_mixin.py:103} INFO - [2021-02-25 17:30:46,886] {dagbag.py:440} INFO - Filling up the DagBag from /home/i-sip_iot/anaconda3/envs/sandbox/lib/python3.7/site-packages/airflow/example_dags/example_external_task_marker_dag.py
[2021-02-25 17:30:46,893] {scheduler_job.py:639} INFO - DAG(s) dict_keys(['example_external_task_marker_parent', 'example_external_task_marker_child']) retrieved from /home/i-sip_iot/anaconda3/envs/sandbox/lib/python3.7/site-packages/airflow/example_dags/example_external_task_marker_dag.py
[2021-02-25 17:30:46,893] {logging_mixin.py:103} INFO - [2021-02-25 17:30:46,893] {dag.py:1813} INFO - Sync 2 DAGs
[2021-02-25 17:30:46,903] {logging_mixin.py:103} INFO - [2021-02-25 17:30:46,903] {dag.py:2266} INFO - Setting next_dagrun for example_external_task_marker_child to None
[2021-02-25 17:30:46,903] {logging_mixin.py:103} INFO - [2021-02-25 17:30:46,903] {dag.py:2266} INFO - Setting next_dagrun for example_external_task_marker_parent to None
[2021-02-25 17:30:46,911] {scheduler_job.py:189} INFO - Processing /home/i-sip_iot/anaconda3/envs/sandbox/lib/python3.7/site-packages/airflow/example_dags/example_external_task_marker_dag.py took 0.028 seconds
[2021-02-25 17:31:14,892] {scheduler_job.py:181} INFO - Started process (PID=189759) to work on /home/i-sip_iot/anaconda3/envs/sandbox/lib/python3.7/site-packages/airflow/example_dags/example_external_task_marker_dag.py
[2021-02-25 17:31:14,893] {scheduler_job.py:629} INFO - Processing file /home/i-sip_iot/anaconda3/envs/sandbox/lib/python3.7/site-packages/airflow/example_dags/example_external_task_marker_dag.py for tasks to queue
[2021-02-25 17:31:14,894] {logging_mixin.py:103} INFO - [2021-02-25 17:31:14,894] {dagbag.py:440} INFO - Filling up the DagBag from /home/i-sip_iot/anaconda3/envs/sandbox/lib/python3.7/site-packages/airflow/example_dags/example_external_task_marker_dag.py
[2021-02-25 17:31:14,906] {scheduler_job.py:639} INFO - DAG(s) dict_keys(['example_external_task_marker_parent', 'example_external_task_marker_child']) retrieved from /home/i-sip_iot/anaconda3/envs/sandbox/lib/python3.7/site-packages/airflow/example_dags/example_external_task_marker_dag.py
[2021-02-25 17:31:14,907] {logging_mixin.py:103} INFO - [2021-02-25 17:31:14,906] {dag.py:1813} INFO - Sync 2 DAGs
[2021-02-25 17:31:14,922] {logging_mixin.py:103} INFO - [2021-02-25 17:31:14,922] {dag.py:2266} INFO - Setting next_dagrun for example_external_task_marker_child to None
[2021-02-25 17:31:14,923] {logging_mixin.py:103} INFO - [2021-02-25 17:31:14,923] {dag.py:2266} INFO - Setting next_dagrun for example_external_task_marker_parent to None
[2021-02-25 17:31:14,949] {scheduler_job.py:189} INFO - Processing /home/i-sip_iot/anaconda3/envs/sandbox/lib/python3.7/site-packages/airflow/example_dags/example_external_task_marker_dag.py took 0.060 seconds
[2021-02-25 17:31:41,768] {scheduler_job.py:181} INFO - Started process (PID=189975) to work on /home/i-sip_iot/anaconda3/envs/sandbox/lib/python3.7/site-packages/airflow/example_dags/example_external_task_marker_dag.py
[2021-02-25 17:31:41,769] {scheduler_job.py:629} INFO - Processing file /home/i-sip_iot/anaconda3/envs/sandbox/lib/python3.7/site-packages/airflow/example_dags/example_external_task_marker_dag.py for tasks to queue
[2021-02-25 17:31:41,769] {logging_mixin.py:103} INFO - [2021-02-25 17:31:41,769] {dagbag.py:440} INFO - Filling up the DagBag from /home/i-sip_iot/anaconda3/envs/sandbox/lib/python3.7/site-packages/airflow/example_dags/example_external_task_marker_dag.py
[2021-02-25 17:31:41,774] {scheduler_job.py:639} INFO - DAG(s) dict_keys(['example_external_task_marker_parent', 'example_external_task_marker_child']) retrieved from /home/i-sip_iot/anaconda3/envs/sandbox/lib/python3.7/site-packages/airflow/example_dags/example_external_task_marker_dag.py
[2021-02-25 17:31:41,774] {logging_mixin.py:103} INFO - [2021-02-25 17:31:41,774] {dag.py:1813} INFO - Sync 2 DAGs
[2021-02-25 17:31:41,786] {logging_mixin.py:103} INFO - [2021-02-25 17:31:41,786] {dag.py:2266} INFO - Setting next_dagrun for example_external_task_marker_child to None
[2021-02-25 17:31:41,786] {logging_mixin.py:103} INFO - [2021-02-25 17:31:41,786] {dag.py:2266} INFO - Setting next_dagrun for example_external_task_marker_parent to None
[2021-02-25 17:31:41,795] {scheduler_job.py:189} INFO - Processing /home/i-sip_iot/anaconda3/envs/sandbox/lib/python3.7/site-packages/airflow/example_dags/example_external_task_marker_dag.py took 0.029 seconds
[2021-02-25 17:32:08,324] {scheduler_job.py:181} INFO - Started process (PID=190089) to work on /home/i-sip_iot/anaconda3/envs/sandbox/lib/python3.7/site-packages/airflow/example_dags/example_external_task_marker_dag.py
[2021-02-25 17:32:08,325] {scheduler_job.py:629} INFO - Processing file /home/i-sip_iot/anaconda3/envs/sandbox/lib/python3.7/site-packages/airflow/example_dags/example_external_task_marker_dag.py for tasks to queue
[2021-02-25 17:32:08,326] {logging_mixin.py:103} INFO - [2021-02-25 17:32:08,326] {dagbag.py:440} INFO - Filling up the DagBag from /home/i-sip_iot/anaconda3/envs/sandbox/lib/python3.7/site-packages/airflow/example_dags/example_external_task_marker_dag.py
[2021-02-25 17:32:08,333] {scheduler_job.py:639} INFO - DAG(s) dict_keys(['example_external_task_marker_parent', 'example_external_task_marker_child']) retrieved from /home/i-sip_iot/anaconda3/envs/sandbox/lib/python3.7/site-packages/airflow/example_dags/example_external_task_marker_dag.py
[2021-02-25 17:32:08,333] {logging_mixin.py:103} INFO - [2021-02-25 17:32:08,333] {dag.py:1813} INFO - Sync 2 DAGs
[2021-02-25 17:32:08,342] {logging_mixin.py:103} INFO - [2021-02-25 17:32:08,342] {dag.py:2266} INFO - Setting next_dagrun for example_external_task_marker_child to None
[2021-02-25 17:32:08,343] {logging_mixin.py:103} INFO - [2021-02-25 17:32:08,342] {dag.py:2266} INFO - Setting next_dagrun for example_external_task_marker_parent to None
[2021-02-25 17:32:08,366] {scheduler_job.py:189} INFO - Processing /home/i-sip_iot/anaconda3/envs/sandbox/lib/python3.7/site-packages/airflow/example_dags/example_external_task_marker_dag.py took 0.043 seconds
[2021-02-25 17:32:35,291] {scheduler_job.py:181} INFO - Started process (PID=190161) to work on /home/i-sip_iot/anaconda3/envs/sandbox/lib/python3.7/site-packages/airflow/example_dags/example_external_task_marker_dag.py
[2021-02-25 17:32:35,293] {scheduler_job.py:629} INFO - Processing file /home/i-sip_iot/anaconda3/envs/sandbox/lib/python3.7/site-packages/airflow/example_dags/example_external_task_marker_dag.py for tasks to queue
[2021-02-25 17:32:35,294] {logging_mixin.py:103} INFO - [2021-02-25 17:32:35,294] {dagbag.py:440} INFO - Filling up the DagBag from /home/i-sip_iot/anaconda3/envs/sandbox/lib/python3.7/site-packages/airflow/example_dags/example_external_task_marker_dag.py
[2021-02-25 17:32:35,311] {scheduler_job.py:639} INFO - DAG(s) dict_keys(['example_external_task_marker_parent', 'example_external_task_marker_child']) retrieved from /home/i-sip_iot/anaconda3/envs/sandbox/lib/python3.7/site-packages/airflow/example_dags/example_external_task_marker_dag.py
[2021-02-25 17:32:35,312] {logging_mixin.py:103} INFO - [2021-02-25 17:32:35,312] {dag.py:1813} INFO - Sync 2 DAGs
[2021-02-25 17:32:35,327] {logging_mixin.py:103} INFO - [2021-02-25 17:32:35,327] {dag.py:2266} INFO - Setting next_dagrun for example_external_task_marker_child to None
[2021-02-25 17:32:35,328] {logging_mixin.py:103} INFO - [2021-02-25 17:32:35,328] {dag.py:2266} INFO - Setting next_dagrun for example_external_task_marker_parent to None
[2021-02-25 17:32:35,337] {scheduler_job.py:189} INFO - Processing /home/i-sip_iot/anaconda3/envs/sandbox/lib/python3.7/site-packages/airflow/example_dags/example_external_task_marker_dag.py took 0.052 seconds
[2021-02-25 17:33:02,796] {scheduler_job.py:181} INFO - Started process (PID=190455) to work on /home/i-sip_iot/anaconda3/envs/sandbox/lib/python3.7/site-packages/airflow/example_dags/example_external_task_marker_dag.py
[2021-02-25 17:33:02,796] {scheduler_job.py:629} INFO - Processing file /home/i-sip_iot/anaconda3/envs/sandbox/lib/python3.7/site-packages/airflow/example_dags/example_external_task_marker_dag.py for tasks to queue
[2021-02-25 17:33:02,797] {logging_mixin.py:103} INFO - [2021-02-25 17:33:02,797] {dagbag.py:440} INFO - Filling up the DagBag from /home/i-sip_iot/anaconda3/envs/sandbox/lib/python3.7/site-packages/airflow/example_dags/example_external_task_marker_dag.py
[2021-02-25 17:33:02,803] {scheduler_job.py:639} INFO - DAG(s) dict_keys(['example_external_task_marker_parent', 'example_external_task_marker_child']) retrieved from /home/i-sip_iot/anaconda3/envs/sandbox/lib/python3.7/site-packages/airflow/example_dags/example_external_task_marker_dag.py
[2021-02-25 17:33:02,803] {logging_mixin.py:103} INFO - [2021-02-25 17:33:02,803] {dag.py:1813} INFO - Sync 2 DAGs
[2021-02-25 17:33:02,816] {logging_mixin.py:103} INFO - [2021-02-25 17:33:02,816] {dag.py:2266} INFO - Setting next_dagrun for example_external_task_marker_child to None
[2021-02-25 17:33:02,817] {logging_mixin.py:103} INFO - [2021-02-25 17:33:02,817] {dag.py:2266} INFO - Setting next_dagrun for example_external_task_marker_parent to None
[2021-02-25 17:33:02,828] {scheduler_job.py:189} INFO - Processing /home/i-sip_iot/anaconda3/envs/sandbox/lib/python3.7/site-packages/airflow/example_dags/example_external_task_marker_dag.py took 0.034 seconds
[2021-02-25 17:33:30,155] {scheduler_job.py:181} INFO - Started process (PID=190537) to work on /home/i-sip_iot/anaconda3/envs/sandbox/lib/python3.7/site-packages/airflow/example_dags/example_external_task_marker_dag.py
[2021-02-25 17:33:30,157] {scheduler_job.py:629} INFO - Processing file /home/i-sip_iot/anaconda3/envs/sandbox/lib/python3.7/site-packages/airflow/example_dags/example_external_task_marker_dag.py for tasks to queue
[2021-02-25 17:33:30,157] {logging_mixin.py:103} INFO - [2021-02-25 17:33:30,157] {dagbag.py:440} INFO - Filling up the DagBag from /home/i-sip_iot/anaconda3/envs/sandbox/lib/python3.7/site-packages/airflow/example_dags/example_external_task_marker_dag.py
[2021-02-25 17:33:30,170] {scheduler_job.py:639} INFO - DAG(s) dict_keys(['example_external_task_marker_parent', 'example_external_task_marker_child']) retrieved from /home/i-sip_iot/anaconda3/envs/sandbox/lib/python3.7/site-packages/airflow/example_dags/example_external_task_marker_dag.py
[2021-02-25 17:33:30,171] {logging_mixin.py:103} INFO - [2021-02-25 17:33:30,171] {dag.py:1813} INFO - Sync 2 DAGs
[2021-02-25 17:33:30,189] {logging_mixin.py:103} INFO - [2021-02-25 17:33:30,189] {dag.py:2266} INFO - Setting next_dagrun for example_external_task_marker_child to None
[2021-02-25 17:33:30,190] {logging_mixin.py:103} INFO - [2021-02-25 17:33:30,190] {dag.py:2266} INFO - Setting next_dagrun for example_external_task_marker_parent to None
[2021-02-25 17:33:30,213] {scheduler_job.py:189} INFO - Processing /home/i-sip_iot/anaconda3/envs/sandbox/lib/python3.7/site-packages/airflow/example_dags/example_external_task_marker_dag.py took 0.061 seconds
