[2021-02-25 17:15:11,306] {scheduler_job.py:181} INFO - Started process (PID=184326) to work on /home/i-sip_iot/anaconda3/envs/sandbox/lib/python3.7/site-packages/airflow/example_dags/example_python_operator.py
[2021-02-25 17:15:11,307] {scheduler_job.py:629} INFO - Processing file /home/i-sip_iot/anaconda3/envs/sandbox/lib/python3.7/site-packages/airflow/example_dags/example_python_operator.py for tasks to queue
[2021-02-25 17:15:11,308] {logging_mixin.py:103} INFO - [2021-02-25 17:15:11,308] {dagbag.py:440} INFO - Filling up the DagBag from /home/i-sip_iot/anaconda3/envs/sandbox/lib/python3.7/site-packages/airflow/example_dags/example_python_operator.py
[2021-02-25 17:15:11,314] {scheduler_job.py:639} INFO - DAG(s) dict_keys(['example_python_operator']) retrieved from /home/i-sip_iot/anaconda3/envs/sandbox/lib/python3.7/site-packages/airflow/example_dags/example_python_operator.py
[2021-02-25 17:15:11,315] {logging_mixin.py:103} INFO - [2021-02-25 17:15:11,315] {dag.py:1813} INFO - Sync 1 DAGs
[2021-02-25 17:15:11,326] {logging_mixin.py:103} INFO - [2021-02-25 17:15:11,326] {dag.py:2266} INFO - Setting next_dagrun for example_python_operator to None
[2021-02-25 17:15:11,353] {scheduler_job.py:189} INFO - Processing /home/i-sip_iot/anaconda3/envs/sandbox/lib/python3.7/site-packages/airflow/example_dags/example_python_operator.py took 0.049 seconds
[2021-02-25 17:15:38,020] {scheduler_job.py:181} INFO - Started process (PID=184555) to work on /home/i-sip_iot/anaconda3/envs/sandbox/lib/python3.7/site-packages/airflow/example_dags/example_python_operator.py
[2021-02-25 17:15:38,020] {scheduler_job.py:629} INFO - Processing file /home/i-sip_iot/anaconda3/envs/sandbox/lib/python3.7/site-packages/airflow/example_dags/example_python_operator.py for tasks to queue
[2021-02-25 17:15:38,021] {logging_mixin.py:103} INFO - [2021-02-25 17:15:38,021] {dagbag.py:440} INFO - Filling up the DagBag from /home/i-sip_iot/anaconda3/envs/sandbox/lib/python3.7/site-packages/airflow/example_dags/example_python_operator.py
[2021-02-25 17:15:38,028] {scheduler_job.py:639} INFO - DAG(s) dict_keys(['example_python_operator']) retrieved from /home/i-sip_iot/anaconda3/envs/sandbox/lib/python3.7/site-packages/airflow/example_dags/example_python_operator.py
[2021-02-25 17:15:38,029] {logging_mixin.py:103} INFO - [2021-02-25 17:15:38,029] {dag.py:1813} INFO - Sync 1 DAGs
[2021-02-25 17:15:38,040] {logging_mixin.py:103} INFO - [2021-02-25 17:15:38,040] {dag.py:2266} INFO - Setting next_dagrun for example_python_operator to None
[2021-02-25 17:15:38,047] {scheduler_job.py:189} INFO - Processing /home/i-sip_iot/anaconda3/envs/sandbox/lib/python3.7/site-packages/airflow/example_dags/example_python_operator.py took 0.030 seconds
[2021-02-25 17:16:05,651] {scheduler_job.py:181} INFO - Started process (PID=184640) to work on /home/i-sip_iot/anaconda3/envs/sandbox/lib/python3.7/site-packages/airflow/example_dags/example_python_operator.py
[2021-02-25 17:16:05,653] {scheduler_job.py:629} INFO - Processing file /home/i-sip_iot/anaconda3/envs/sandbox/lib/python3.7/site-packages/airflow/example_dags/example_python_operator.py for tasks to queue
[2021-02-25 17:16:05,654] {logging_mixin.py:103} INFO - [2021-02-25 17:16:05,654] {dagbag.py:440} INFO - Filling up the DagBag from /home/i-sip_iot/anaconda3/envs/sandbox/lib/python3.7/site-packages/airflow/example_dags/example_python_operator.py
[2021-02-25 17:16:05,671] {scheduler_job.py:639} INFO - DAG(s) dict_keys(['example_python_operator']) retrieved from /home/i-sip_iot/anaconda3/envs/sandbox/lib/python3.7/site-packages/airflow/example_dags/example_python_operator.py
[2021-02-25 17:16:05,672] {logging_mixin.py:103} INFO - [2021-02-25 17:16:05,671] {dag.py:1813} INFO - Sync 1 DAGs
[2021-02-25 17:16:05,686] {logging_mixin.py:103} INFO - [2021-02-25 17:16:05,686] {dag.py:2266} INFO - Setting next_dagrun for example_python_operator to None
[2021-02-25 17:16:05,694] {scheduler_job.py:189} INFO - Processing /home/i-sip_iot/anaconda3/envs/sandbox/lib/python3.7/site-packages/airflow/example_dags/example_python_operator.py took 0.049 seconds
[2021-02-25 17:16:32,555] {scheduler_job.py:181} INFO - Started process (PID=184701) to work on /home/i-sip_iot/anaconda3/envs/sandbox/lib/python3.7/site-packages/airflow/example_dags/example_python_operator.py
[2021-02-25 17:16:32,558] {scheduler_job.py:629} INFO - Processing file /home/i-sip_iot/anaconda3/envs/sandbox/lib/python3.7/site-packages/airflow/example_dags/example_python_operator.py for tasks to queue
[2021-02-25 17:16:32,559] {logging_mixin.py:103} INFO - [2021-02-25 17:16:32,559] {dagbag.py:440} INFO - Filling up the DagBag from /home/i-sip_iot/anaconda3/envs/sandbox/lib/python3.7/site-packages/airflow/example_dags/example_python_operator.py
[2021-02-25 17:16:32,574] {scheduler_job.py:639} INFO - DAG(s) dict_keys(['example_python_operator']) retrieved from /home/i-sip_iot/anaconda3/envs/sandbox/lib/python3.7/site-packages/airflow/example_dags/example_python_operator.py
[2021-02-25 17:16:32,574] {logging_mixin.py:103} INFO - [2021-02-25 17:16:32,574] {dag.py:1813} INFO - Sync 1 DAGs
[2021-02-25 17:16:32,587] {logging_mixin.py:103} INFO - [2021-02-25 17:16:32,587] {dag.py:2266} INFO - Setting next_dagrun for example_python_operator to None
[2021-02-25 17:16:32,596] {scheduler_job.py:189} INFO - Processing /home/i-sip_iot/anaconda3/envs/sandbox/lib/python3.7/site-packages/airflow/example_dags/example_python_operator.py took 0.047 seconds
[2021-02-25 17:17:00,551] {scheduler_job.py:181} INFO - Started process (PID=184947) to work on /home/i-sip_iot/anaconda3/envs/sandbox/lib/python3.7/site-packages/airflow/example_dags/example_python_operator.py
[2021-02-25 17:17:00,551] {scheduler_job.py:629} INFO - Processing file /home/i-sip_iot/anaconda3/envs/sandbox/lib/python3.7/site-packages/airflow/example_dags/example_python_operator.py for tasks to queue
[2021-02-25 17:17:00,552] {logging_mixin.py:103} INFO - [2021-02-25 17:17:00,552] {dagbag.py:440} INFO - Filling up the DagBag from /home/i-sip_iot/anaconda3/envs/sandbox/lib/python3.7/site-packages/airflow/example_dags/example_python_operator.py
[2021-02-25 17:17:00,560] {scheduler_job.py:639} INFO - DAG(s) dict_keys(['example_python_operator']) retrieved from /home/i-sip_iot/anaconda3/envs/sandbox/lib/python3.7/site-packages/airflow/example_dags/example_python_operator.py
[2021-02-25 17:17:00,560] {logging_mixin.py:103} INFO - [2021-02-25 17:17:00,560] {dag.py:1813} INFO - Sync 1 DAGs
[2021-02-25 17:17:00,573] {logging_mixin.py:103} INFO - [2021-02-25 17:17:00,573] {dag.py:2266} INFO - Setting next_dagrun for example_python_operator to None
[2021-02-25 17:17:00,582] {scheduler_job.py:189} INFO - Processing /home/i-sip_iot/anaconda3/envs/sandbox/lib/python3.7/site-packages/airflow/example_dags/example_python_operator.py took 0.033 seconds
[2021-02-25 17:17:26,864] {scheduler_job.py:181} INFO - Started process (PID=185026) to work on /home/i-sip_iot/anaconda3/envs/sandbox/lib/python3.7/site-packages/airflow/example_dags/example_python_operator.py
[2021-02-25 17:17:26,865] {scheduler_job.py:629} INFO - Processing file /home/i-sip_iot/anaconda3/envs/sandbox/lib/python3.7/site-packages/airflow/example_dags/example_python_operator.py for tasks to queue
[2021-02-25 17:17:26,865] {logging_mixin.py:103} INFO - [2021-02-25 17:17:26,865] {dagbag.py:440} INFO - Filling up the DagBag from /home/i-sip_iot/anaconda3/envs/sandbox/lib/python3.7/site-packages/airflow/example_dags/example_python_operator.py
[2021-02-25 17:17:26,873] {scheduler_job.py:639} INFO - DAG(s) dict_keys(['example_python_operator']) retrieved from /home/i-sip_iot/anaconda3/envs/sandbox/lib/python3.7/site-packages/airflow/example_dags/example_python_operator.py
[2021-02-25 17:17:26,874] {logging_mixin.py:103} INFO - [2021-02-25 17:17:26,874] {dag.py:1813} INFO - Sync 1 DAGs
[2021-02-25 17:17:26,885] {logging_mixin.py:103} INFO - [2021-02-25 17:17:26,885] {dag.py:2266} INFO - Setting next_dagrun for example_python_operator to None
[2021-02-25 17:17:26,896] {scheduler_job.py:189} INFO - Processing /home/i-sip_iot/anaconda3/envs/sandbox/lib/python3.7/site-packages/airflow/example_dags/example_python_operator.py took 0.033 seconds
[2021-02-25 17:17:54,214] {scheduler_job.py:181} INFO - Started process (PID=185258) to work on /home/i-sip_iot/anaconda3/envs/sandbox/lib/python3.7/site-packages/airflow/example_dags/example_python_operator.py
[2021-02-25 17:17:54,216] {scheduler_job.py:629} INFO - Processing file /home/i-sip_iot/anaconda3/envs/sandbox/lib/python3.7/site-packages/airflow/example_dags/example_python_operator.py for tasks to queue
[2021-02-25 17:17:54,216] {logging_mixin.py:103} INFO - [2021-02-25 17:17:54,216] {dagbag.py:440} INFO - Filling up the DagBag from /home/i-sip_iot/anaconda3/envs/sandbox/lib/python3.7/site-packages/airflow/example_dags/example_python_operator.py
[2021-02-25 17:17:54,231] {scheduler_job.py:639} INFO - DAG(s) dict_keys(['example_python_operator']) retrieved from /home/i-sip_iot/anaconda3/envs/sandbox/lib/python3.7/site-packages/airflow/example_dags/example_python_operator.py
[2021-02-25 17:17:54,232] {logging_mixin.py:103} INFO - [2021-02-25 17:17:54,232] {dag.py:1813} INFO - Sync 1 DAGs
[2021-02-25 17:17:54,247] {logging_mixin.py:103} INFO - [2021-02-25 17:17:54,247] {dag.py:2266} INFO - Setting next_dagrun for example_python_operator to None
[2021-02-25 17:17:54,256] {scheduler_job.py:189} INFO - Processing /home/i-sip_iot/anaconda3/envs/sandbox/lib/python3.7/site-packages/airflow/example_dags/example_python_operator.py took 0.046 seconds
[2021-02-25 17:18:21,801] {scheduler_job.py:181} INFO - Started process (PID=185321) to work on /home/i-sip_iot/anaconda3/envs/sandbox/lib/python3.7/site-packages/airflow/example_dags/example_python_operator.py
[2021-02-25 17:18:21,804] {scheduler_job.py:629} INFO - Processing file /home/i-sip_iot/anaconda3/envs/sandbox/lib/python3.7/site-packages/airflow/example_dags/example_python_operator.py for tasks to queue
[2021-02-25 17:18:21,805] {logging_mixin.py:103} INFO - [2021-02-25 17:18:21,805] {dagbag.py:440} INFO - Filling up the DagBag from /home/i-sip_iot/anaconda3/envs/sandbox/lib/python3.7/site-packages/airflow/example_dags/example_python_operator.py
[2021-02-25 17:18:21,825] {scheduler_job.py:639} INFO - DAG(s) dict_keys(['example_python_operator']) retrieved from /home/i-sip_iot/anaconda3/envs/sandbox/lib/python3.7/site-packages/airflow/example_dags/example_python_operator.py
[2021-02-25 17:18:21,826] {logging_mixin.py:103} INFO - [2021-02-25 17:18:21,826] {dag.py:1813} INFO - Sync 1 DAGs
[2021-02-25 17:18:21,840] {logging_mixin.py:103} INFO - [2021-02-25 17:18:21,840] {dag.py:2266} INFO - Setting next_dagrun for example_python_operator to None
[2021-02-25 17:18:21,849] {scheduler_job.py:189} INFO - Processing /home/i-sip_iot/anaconda3/envs/sandbox/lib/python3.7/site-packages/airflow/example_dags/example_python_operator.py took 0.054 seconds
[2021-02-25 17:18:49,184] {scheduler_job.py:181} INFO - Started process (PID=185570) to work on /home/i-sip_iot/anaconda3/envs/sandbox/lib/python3.7/site-packages/airflow/example_dags/example_python_operator.py
[2021-02-25 17:18:49,184] {scheduler_job.py:629} INFO - Processing file /home/i-sip_iot/anaconda3/envs/sandbox/lib/python3.7/site-packages/airflow/example_dags/example_python_operator.py for tasks to queue
[2021-02-25 17:18:49,185] {logging_mixin.py:103} INFO - [2021-02-25 17:18:49,185] {dagbag.py:440} INFO - Filling up the DagBag from /home/i-sip_iot/anaconda3/envs/sandbox/lib/python3.7/site-packages/airflow/example_dags/example_python_operator.py
[2021-02-25 17:18:49,196] {scheduler_job.py:639} INFO - DAG(s) dict_keys(['example_python_operator']) retrieved from /home/i-sip_iot/anaconda3/envs/sandbox/lib/python3.7/site-packages/airflow/example_dags/example_python_operator.py
[2021-02-25 17:18:49,196] {logging_mixin.py:103} INFO - [2021-02-25 17:18:49,196] {dag.py:1813} INFO - Sync 1 DAGs
[2021-02-25 17:18:49,215] {logging_mixin.py:103} INFO - [2021-02-25 17:18:49,215] {dag.py:2266} INFO - Setting next_dagrun for example_python_operator to None
[2021-02-25 17:18:49,232] {scheduler_job.py:189} INFO - Processing /home/i-sip_iot/anaconda3/envs/sandbox/lib/python3.7/site-packages/airflow/example_dags/example_python_operator.py took 0.050 seconds
[2021-02-25 17:19:16,119] {scheduler_job.py:181} INFO - Started process (PID=185635) to work on /home/i-sip_iot/anaconda3/envs/sandbox/lib/python3.7/site-packages/airflow/example_dags/example_python_operator.py
[2021-02-25 17:19:16,121] {scheduler_job.py:629} INFO - Processing file /home/i-sip_iot/anaconda3/envs/sandbox/lib/python3.7/site-packages/airflow/example_dags/example_python_operator.py for tasks to queue
[2021-02-25 17:19:16,122] {logging_mixin.py:103} INFO - [2021-02-25 17:19:16,121] {dagbag.py:440} INFO - Filling up the DagBag from /home/i-sip_iot/anaconda3/envs/sandbox/lib/python3.7/site-packages/airflow/example_dags/example_python_operator.py
[2021-02-25 17:19:16,136] {scheduler_job.py:639} INFO - DAG(s) dict_keys(['example_python_operator']) retrieved from /home/i-sip_iot/anaconda3/envs/sandbox/lib/python3.7/site-packages/airflow/example_dags/example_python_operator.py
[2021-02-25 17:19:16,137] {logging_mixin.py:103} INFO - [2021-02-25 17:19:16,137] {dag.py:1813} INFO - Sync 1 DAGs
[2021-02-25 17:19:16,153] {logging_mixin.py:103} INFO - [2021-02-25 17:19:16,152] {dag.py:2266} INFO - Setting next_dagrun for example_python_operator to None
[2021-02-25 17:19:16,166] {scheduler_job.py:189} INFO - Processing /home/i-sip_iot/anaconda3/envs/sandbox/lib/python3.7/site-packages/airflow/example_dags/example_python_operator.py took 0.052 seconds
[2021-02-25 17:19:43,026] {scheduler_job.py:181} INFO - Started process (PID=185867) to work on /home/i-sip_iot/anaconda3/envs/sandbox/lib/python3.7/site-packages/airflow/example_dags/example_python_operator.py
[2021-02-25 17:19:43,028] {scheduler_job.py:629} INFO - Processing file /home/i-sip_iot/anaconda3/envs/sandbox/lib/python3.7/site-packages/airflow/example_dags/example_python_operator.py for tasks to queue
[2021-02-25 17:19:43,029] {logging_mixin.py:103} INFO - [2021-02-25 17:19:43,029] {dagbag.py:440} INFO - Filling up the DagBag from /home/i-sip_iot/anaconda3/envs/sandbox/lib/python3.7/site-packages/airflow/example_dags/example_python_operator.py
[2021-02-25 17:19:43,050] {scheduler_job.py:639} INFO - DAG(s) dict_keys(['example_python_operator']) retrieved from /home/i-sip_iot/anaconda3/envs/sandbox/lib/python3.7/site-packages/airflow/example_dags/example_python_operator.py
[2021-02-25 17:19:43,051] {logging_mixin.py:103} INFO - [2021-02-25 17:19:43,051] {dag.py:1813} INFO - Sync 1 DAGs
[2021-02-25 17:19:43,067] {logging_mixin.py:103} INFO - [2021-02-25 17:19:43,067] {dag.py:2266} INFO - Setting next_dagrun for example_python_operator to None
[2021-02-25 17:19:43,077] {scheduler_job.py:189} INFO - Processing /home/i-sip_iot/anaconda3/envs/sandbox/lib/python3.7/site-packages/airflow/example_dags/example_python_operator.py took 0.058 seconds
[2021-02-25 17:20:10,225] {scheduler_job.py:181} INFO - Started process (PID=185936) to work on /home/i-sip_iot/anaconda3/envs/sandbox/lib/python3.7/site-packages/airflow/example_dags/example_python_operator.py
[2021-02-25 17:20:10,225] {scheduler_job.py:629} INFO - Processing file /home/i-sip_iot/anaconda3/envs/sandbox/lib/python3.7/site-packages/airflow/example_dags/example_python_operator.py for tasks to queue
[2021-02-25 17:20:10,226] {logging_mixin.py:103} INFO - [2021-02-25 17:20:10,226] {dagbag.py:440} INFO - Filling up the DagBag from /home/i-sip_iot/anaconda3/envs/sandbox/lib/python3.7/site-packages/airflow/example_dags/example_python_operator.py
[2021-02-25 17:20:10,231] {scheduler_job.py:639} INFO - DAG(s) dict_keys(['example_python_operator']) retrieved from /home/i-sip_iot/anaconda3/envs/sandbox/lib/python3.7/site-packages/airflow/example_dags/example_python_operator.py
[2021-02-25 17:20:10,232] {logging_mixin.py:103} INFO - [2021-02-25 17:20:10,232] {dag.py:1813} INFO - Sync 1 DAGs
[2021-02-25 17:20:10,242] {logging_mixin.py:103} INFO - [2021-02-25 17:20:10,242] {dag.py:2266} INFO - Setting next_dagrun for example_python_operator to None
[2021-02-25 17:20:10,251] {scheduler_job.py:189} INFO - Processing /home/i-sip_iot/anaconda3/envs/sandbox/lib/python3.7/site-packages/airflow/example_dags/example_python_operator.py took 0.027 seconds
[2021-02-25 17:20:37,401] {scheduler_job.py:181} INFO - Started process (PID=186187) to work on /home/i-sip_iot/anaconda3/envs/sandbox/lib/python3.7/site-packages/airflow/example_dags/example_python_operator.py
[2021-02-25 17:20:37,401] {scheduler_job.py:629} INFO - Processing file /home/i-sip_iot/anaconda3/envs/sandbox/lib/python3.7/site-packages/airflow/example_dags/example_python_operator.py for tasks to queue
[2021-02-25 17:20:37,401] {logging_mixin.py:103} INFO - [2021-02-25 17:20:37,401] {dagbag.py:440} INFO - Filling up the DagBag from /home/i-sip_iot/anaconda3/envs/sandbox/lib/python3.7/site-packages/airflow/example_dags/example_python_operator.py
[2021-02-25 17:20:37,407] {scheduler_job.py:639} INFO - DAG(s) dict_keys(['example_python_operator']) retrieved from /home/i-sip_iot/anaconda3/envs/sandbox/lib/python3.7/site-packages/airflow/example_dags/example_python_operator.py
[2021-02-25 17:20:37,408] {logging_mixin.py:103} INFO - [2021-02-25 17:20:37,408] {dag.py:1813} INFO - Sync 1 DAGs
[2021-02-25 17:20:37,417] {logging_mixin.py:103} INFO - [2021-02-25 17:20:37,417] {dag.py:2266} INFO - Setting next_dagrun for example_python_operator to None
[2021-02-25 17:20:37,426] {scheduler_job.py:189} INFO - Processing /home/i-sip_iot/anaconda3/envs/sandbox/lib/python3.7/site-packages/airflow/example_dags/example_python_operator.py took 0.027 seconds
[2021-02-25 17:21:05,346] {scheduler_job.py:181} INFO - Started process (PID=186276) to work on /home/i-sip_iot/anaconda3/envs/sandbox/lib/python3.7/site-packages/airflow/example_dags/example_python_operator.py
[2021-02-25 17:21:05,347] {scheduler_job.py:629} INFO - Processing file /home/i-sip_iot/anaconda3/envs/sandbox/lib/python3.7/site-packages/airflow/example_dags/example_python_operator.py for tasks to queue
[2021-02-25 17:21:05,348] {logging_mixin.py:103} INFO - [2021-02-25 17:21:05,347] {dagbag.py:440} INFO - Filling up the DagBag from /home/i-sip_iot/anaconda3/envs/sandbox/lib/python3.7/site-packages/airflow/example_dags/example_python_operator.py
[2021-02-25 17:21:05,356] {scheduler_job.py:639} INFO - DAG(s) dict_keys(['example_python_operator']) retrieved from /home/i-sip_iot/anaconda3/envs/sandbox/lib/python3.7/site-packages/airflow/example_dags/example_python_operator.py
[2021-02-25 17:21:05,357] {logging_mixin.py:103} INFO - [2021-02-25 17:21:05,357] {dag.py:1813} INFO - Sync 1 DAGs
[2021-02-25 17:21:05,370] {logging_mixin.py:103} INFO - [2021-02-25 17:21:05,370] {dag.py:2266} INFO - Setting next_dagrun for example_python_operator to None
[2021-02-25 17:21:05,380] {scheduler_job.py:189} INFO - Processing /home/i-sip_iot/anaconda3/envs/sandbox/lib/python3.7/site-packages/airflow/example_dags/example_python_operator.py took 0.036 seconds
[2021-02-25 17:21:32,268] {scheduler_job.py:181} INFO - Started process (PID=186323) to work on /home/i-sip_iot/anaconda3/envs/sandbox/lib/python3.7/site-packages/airflow/example_dags/example_python_operator.py
[2021-02-25 17:21:32,271] {scheduler_job.py:629} INFO - Processing file /home/i-sip_iot/anaconda3/envs/sandbox/lib/python3.7/site-packages/airflow/example_dags/example_python_operator.py for tasks to queue
[2021-02-25 17:21:32,272] {logging_mixin.py:103} INFO - [2021-02-25 17:21:32,272] {dagbag.py:440} INFO - Filling up the DagBag from /home/i-sip_iot/anaconda3/envs/sandbox/lib/python3.7/site-packages/airflow/example_dags/example_python_operator.py
[2021-02-25 17:21:32,294] {scheduler_job.py:639} INFO - DAG(s) dict_keys(['example_python_operator']) retrieved from /home/i-sip_iot/anaconda3/envs/sandbox/lib/python3.7/site-packages/airflow/example_dags/example_python_operator.py
[2021-02-25 17:21:32,295] {logging_mixin.py:103} INFO - [2021-02-25 17:21:32,295] {dag.py:1813} INFO - Sync 1 DAGs
[2021-02-25 17:21:32,310] {logging_mixin.py:103} INFO - [2021-02-25 17:21:32,310] {dag.py:2266} INFO - Setting next_dagrun for example_python_operator to None
[2021-02-25 17:21:32,319] {scheduler_job.py:189} INFO - Processing /home/i-sip_iot/anaconda3/envs/sandbox/lib/python3.7/site-packages/airflow/example_dags/example_python_operator.py took 0.057 seconds
[2021-02-25 17:21:59,590] {scheduler_job.py:181} INFO - Started process (PID=186568) to work on /home/i-sip_iot/anaconda3/envs/sandbox/lib/python3.7/site-packages/airflow/example_dags/example_python_operator.py
[2021-02-25 17:21:59,592] {scheduler_job.py:629} INFO - Processing file /home/i-sip_iot/anaconda3/envs/sandbox/lib/python3.7/site-packages/airflow/example_dags/example_python_operator.py for tasks to queue
[2021-02-25 17:21:59,594] {logging_mixin.py:103} INFO - [2021-02-25 17:21:59,593] {dagbag.py:440} INFO - Filling up the DagBag from /home/i-sip_iot/anaconda3/envs/sandbox/lib/python3.7/site-packages/airflow/example_dags/example_python_operator.py
[2021-02-25 17:21:59,609] {scheduler_job.py:639} INFO - DAG(s) dict_keys(['example_python_operator']) retrieved from /home/i-sip_iot/anaconda3/envs/sandbox/lib/python3.7/site-packages/airflow/example_dags/example_python_operator.py
[2021-02-25 17:21:59,610] {logging_mixin.py:103} INFO - [2021-02-25 17:21:59,610] {dag.py:1813} INFO - Sync 1 DAGs
[2021-02-25 17:21:59,622] {logging_mixin.py:103} INFO - [2021-02-25 17:21:59,622] {dag.py:2266} INFO - Setting next_dagrun for example_python_operator to None
[2021-02-25 17:21:59,631] {scheduler_job.py:189} INFO - Processing /home/i-sip_iot/anaconda3/envs/sandbox/lib/python3.7/site-packages/airflow/example_dags/example_python_operator.py took 0.046 seconds
[2021-02-25 17:22:26,383] {scheduler_job.py:181} INFO - Started process (PID=186617) to work on /home/i-sip_iot/anaconda3/envs/sandbox/lib/python3.7/site-packages/airflow/example_dags/example_python_operator.py
[2021-02-25 17:22:26,383] {scheduler_job.py:629} INFO - Processing file /home/i-sip_iot/anaconda3/envs/sandbox/lib/python3.7/site-packages/airflow/example_dags/example_python_operator.py for tasks to queue
[2021-02-25 17:22:26,384] {logging_mixin.py:103} INFO - [2021-02-25 17:22:26,384] {dagbag.py:440} INFO - Filling up the DagBag from /home/i-sip_iot/anaconda3/envs/sandbox/lib/python3.7/site-packages/airflow/example_dags/example_python_operator.py
[2021-02-25 17:22:26,391] {scheduler_job.py:639} INFO - DAG(s) dict_keys(['example_python_operator']) retrieved from /home/i-sip_iot/anaconda3/envs/sandbox/lib/python3.7/site-packages/airflow/example_dags/example_python_operator.py
[2021-02-25 17:22:26,391] {logging_mixin.py:103} INFO - [2021-02-25 17:22:26,391] {dag.py:1813} INFO - Sync 1 DAGs
[2021-02-25 17:22:26,402] {logging_mixin.py:103} INFO - [2021-02-25 17:22:26,402] {dag.py:2266} INFO - Setting next_dagrun for example_python_operator to None
[2021-02-25 17:22:26,409] {scheduler_job.py:189} INFO - Processing /home/i-sip_iot/anaconda3/envs/sandbox/lib/python3.7/site-packages/airflow/example_dags/example_python_operator.py took 0.028 seconds
[2021-02-25 17:22:54,608] {scheduler_job.py:181} INFO - Started process (PID=186833) to work on /home/i-sip_iot/anaconda3/envs/sandbox/lib/python3.7/site-packages/airflow/example_dags/example_python_operator.py
[2021-02-25 17:22:54,609] {scheduler_job.py:629} INFO - Processing file /home/i-sip_iot/anaconda3/envs/sandbox/lib/python3.7/site-packages/airflow/example_dags/example_python_operator.py for tasks to queue
[2021-02-25 17:22:54,610] {logging_mixin.py:103} INFO - [2021-02-25 17:22:54,610] {dagbag.py:440} INFO - Filling up the DagBag from /home/i-sip_iot/anaconda3/envs/sandbox/lib/python3.7/site-packages/airflow/example_dags/example_python_operator.py
[2021-02-25 17:22:54,619] {scheduler_job.py:639} INFO - DAG(s) dict_keys(['example_python_operator']) retrieved from /home/i-sip_iot/anaconda3/envs/sandbox/lib/python3.7/site-packages/airflow/example_dags/example_python_operator.py
[2021-02-25 17:22:54,620] {logging_mixin.py:103} INFO - [2021-02-25 17:22:54,620] {dag.py:1813} INFO - Sync 1 DAGs
[2021-02-25 17:22:54,631] {logging_mixin.py:103} INFO - [2021-02-25 17:22:54,631] {dag.py:2266} INFO - Setting next_dagrun for example_python_operator to None
[2021-02-25 17:22:54,639] {scheduler_job.py:189} INFO - Processing /home/i-sip_iot/anaconda3/envs/sandbox/lib/python3.7/site-packages/airflow/example_dags/example_python_operator.py took 0.034 seconds
[2021-02-25 17:23:21,536] {scheduler_job.py:181} INFO - Started process (PID=186900) to work on /home/i-sip_iot/anaconda3/envs/sandbox/lib/python3.7/site-packages/airflow/example_dags/example_python_operator.py
[2021-02-25 17:23:21,538] {scheduler_job.py:629} INFO - Processing file /home/i-sip_iot/anaconda3/envs/sandbox/lib/python3.7/site-packages/airflow/example_dags/example_python_operator.py for tasks to queue
[2021-02-25 17:23:21,539] {logging_mixin.py:103} INFO - [2021-02-25 17:23:21,539] {dagbag.py:440} INFO - Filling up the DagBag from /home/i-sip_iot/anaconda3/envs/sandbox/lib/python3.7/site-packages/airflow/example_dags/example_python_operator.py
[2021-02-25 17:23:21,555] {scheduler_job.py:639} INFO - DAG(s) dict_keys(['example_python_operator']) retrieved from /home/i-sip_iot/anaconda3/envs/sandbox/lib/python3.7/site-packages/airflow/example_dags/example_python_operator.py
[2021-02-25 17:23:21,556] {logging_mixin.py:103} INFO - [2021-02-25 17:23:21,555] {dag.py:1813} INFO - Sync 1 DAGs
[2021-02-25 17:23:21,569] {logging_mixin.py:103} INFO - [2021-02-25 17:23:21,569] {dag.py:2266} INFO - Setting next_dagrun for example_python_operator to None
[2021-02-25 17:23:21,578] {scheduler_job.py:189} INFO - Processing /home/i-sip_iot/anaconda3/envs/sandbox/lib/python3.7/site-packages/airflow/example_dags/example_python_operator.py took 0.047 seconds
[2021-02-25 17:23:47,903] {scheduler_job.py:181} INFO - Started process (PID=187138) to work on /home/i-sip_iot/anaconda3/envs/sandbox/lib/python3.7/site-packages/airflow/example_dags/example_python_operator.py
[2021-02-25 17:23:47,905] {scheduler_job.py:629} INFO - Processing file /home/i-sip_iot/anaconda3/envs/sandbox/lib/python3.7/site-packages/airflow/example_dags/example_python_operator.py for tasks to queue
[2021-02-25 17:23:47,906] {logging_mixin.py:103} INFO - [2021-02-25 17:23:47,906] {dagbag.py:440} INFO - Filling up the DagBag from /home/i-sip_iot/anaconda3/envs/sandbox/lib/python3.7/site-packages/airflow/example_dags/example_python_operator.py
[2021-02-25 17:23:47,925] {scheduler_job.py:639} INFO - DAG(s) dict_keys(['example_python_operator']) retrieved from /home/i-sip_iot/anaconda3/envs/sandbox/lib/python3.7/site-packages/airflow/example_dags/example_python_operator.py
[2021-02-25 17:23:47,925] {logging_mixin.py:103} INFO - [2021-02-25 17:23:47,925] {dag.py:1813} INFO - Sync 1 DAGs
[2021-02-25 17:23:47,940] {logging_mixin.py:103} INFO - [2021-02-25 17:23:47,940] {dag.py:2266} INFO - Setting next_dagrun for example_python_operator to None
[2021-02-25 17:23:47,950] {scheduler_job.py:189} INFO - Processing /home/i-sip_iot/anaconda3/envs/sandbox/lib/python3.7/site-packages/airflow/example_dags/example_python_operator.py took 0.053 seconds
[2021-02-25 17:24:14,843] {scheduler_job.py:181} INFO - Started process (PID=187214) to work on /home/i-sip_iot/anaconda3/envs/sandbox/lib/python3.7/site-packages/airflow/example_dags/example_python_operator.py
[2021-02-25 17:24:14,845] {scheduler_job.py:629} INFO - Processing file /home/i-sip_iot/anaconda3/envs/sandbox/lib/python3.7/site-packages/airflow/example_dags/example_python_operator.py for tasks to queue
[2021-02-25 17:24:14,846] {logging_mixin.py:103} INFO - [2021-02-25 17:24:14,846] {dagbag.py:440} INFO - Filling up the DagBag from /home/i-sip_iot/anaconda3/envs/sandbox/lib/python3.7/site-packages/airflow/example_dags/example_python_operator.py
[2021-02-25 17:24:14,856] {scheduler_job.py:639} INFO - DAG(s) dict_keys(['example_python_operator']) retrieved from /home/i-sip_iot/anaconda3/envs/sandbox/lib/python3.7/site-packages/airflow/example_dags/example_python_operator.py
[2021-02-25 17:24:14,857] {logging_mixin.py:103} INFO - [2021-02-25 17:24:14,857] {dag.py:1813} INFO - Sync 1 DAGs
[2021-02-25 17:24:14,869] {logging_mixin.py:103} INFO - [2021-02-25 17:24:14,869] {dag.py:2266} INFO - Setting next_dagrun for example_python_operator to None
[2021-02-25 17:24:14,877] {scheduler_job.py:189} INFO - Processing /home/i-sip_iot/anaconda3/envs/sandbox/lib/python3.7/site-packages/airflow/example_dags/example_python_operator.py took 0.039 seconds
[2021-02-25 17:24:42,525] {scheduler_job.py:181} INFO - Started process (PID=187444) to work on /home/i-sip_iot/anaconda3/envs/sandbox/lib/python3.7/site-packages/airflow/example_dags/example_python_operator.py
[2021-02-25 17:24:42,526] {scheduler_job.py:629} INFO - Processing file /home/i-sip_iot/anaconda3/envs/sandbox/lib/python3.7/site-packages/airflow/example_dags/example_python_operator.py for tasks to queue
[2021-02-25 17:24:42,526] {logging_mixin.py:103} INFO - [2021-02-25 17:24:42,526] {dagbag.py:440} INFO - Filling up the DagBag from /home/i-sip_iot/anaconda3/envs/sandbox/lib/python3.7/site-packages/airflow/example_dags/example_python_operator.py
[2021-02-25 17:24:42,533] {scheduler_job.py:639} INFO - DAG(s) dict_keys(['example_python_operator']) retrieved from /home/i-sip_iot/anaconda3/envs/sandbox/lib/python3.7/site-packages/airflow/example_dags/example_python_operator.py
[2021-02-25 17:24:42,534] {logging_mixin.py:103} INFO - [2021-02-25 17:24:42,534] {dag.py:1813} INFO - Sync 1 DAGs
[2021-02-25 17:24:42,545] {logging_mixin.py:103} INFO - [2021-02-25 17:24:42,545] {dag.py:2266} INFO - Setting next_dagrun for example_python_operator to None
[2021-02-25 17:24:42,554] {scheduler_job.py:189} INFO - Processing /home/i-sip_iot/anaconda3/envs/sandbox/lib/python3.7/site-packages/airflow/example_dags/example_python_operator.py took 0.030 seconds
[2021-02-25 17:25:09,239] {scheduler_job.py:181} INFO - Started process (PID=187532) to work on /home/i-sip_iot/anaconda3/envs/sandbox/lib/python3.7/site-packages/airflow/example_dags/example_python_operator.py
[2021-02-25 17:25:09,240] {scheduler_job.py:629} INFO - Processing file /home/i-sip_iot/anaconda3/envs/sandbox/lib/python3.7/site-packages/airflow/example_dags/example_python_operator.py for tasks to queue
[2021-02-25 17:25:09,241] {logging_mixin.py:103} INFO - [2021-02-25 17:25:09,241] {dagbag.py:440} INFO - Filling up the DagBag from /home/i-sip_iot/anaconda3/envs/sandbox/lib/python3.7/site-packages/airflow/example_dags/example_python_operator.py
[2021-02-25 17:25:09,253] {scheduler_job.py:639} INFO - DAG(s) dict_keys(['example_python_operator']) retrieved from /home/i-sip_iot/anaconda3/envs/sandbox/lib/python3.7/site-packages/airflow/example_dags/example_python_operator.py
[2021-02-25 17:25:09,254] {logging_mixin.py:103} INFO - [2021-02-25 17:25:09,254] {dag.py:1813} INFO - Sync 1 DAGs
[2021-02-25 17:25:09,266] {logging_mixin.py:103} INFO - [2021-02-25 17:25:09,266] {dag.py:2266} INFO - Setting next_dagrun for example_python_operator to None
[2021-02-25 17:25:09,274] {scheduler_job.py:189} INFO - Processing /home/i-sip_iot/anaconda3/envs/sandbox/lib/python3.7/site-packages/airflow/example_dags/example_python_operator.py took 0.037 seconds
[2021-02-25 17:25:37,293] {scheduler_job.py:181} INFO - Started process (PID=187604) to work on /home/i-sip_iot/anaconda3/envs/sandbox/lib/python3.7/site-packages/airflow/example_dags/example_python_operator.py
[2021-02-25 17:25:37,294] {scheduler_job.py:629} INFO - Processing file /home/i-sip_iot/anaconda3/envs/sandbox/lib/python3.7/site-packages/airflow/example_dags/example_python_operator.py for tasks to queue
[2021-02-25 17:25:37,294] {logging_mixin.py:103} INFO - [2021-02-25 17:25:37,294] {dagbag.py:440} INFO - Filling up the DagBag from /home/i-sip_iot/anaconda3/envs/sandbox/lib/python3.7/site-packages/airflow/example_dags/example_python_operator.py
[2021-02-25 17:25:37,301] {scheduler_job.py:639} INFO - DAG(s) dict_keys(['example_python_operator']) retrieved from /home/i-sip_iot/anaconda3/envs/sandbox/lib/python3.7/site-packages/airflow/example_dags/example_python_operator.py
[2021-02-25 17:25:37,301] {logging_mixin.py:103} INFO - [2021-02-25 17:25:37,301] {dag.py:1813} INFO - Sync 1 DAGs
[2021-02-25 17:25:37,311] {logging_mixin.py:103} INFO - [2021-02-25 17:25:37,311] {dag.py:2266} INFO - Setting next_dagrun for example_python_operator to None
[2021-02-25 17:25:37,320] {scheduler_job.py:189} INFO - Processing /home/i-sip_iot/anaconda3/envs/sandbox/lib/python3.7/site-packages/airflow/example_dags/example_python_operator.py took 0.029 seconds
[2021-02-25 17:26:04,080] {scheduler_job.py:181} INFO - Started process (PID=187885) to work on /home/i-sip_iot/anaconda3/envs/sandbox/lib/python3.7/site-packages/airflow/example_dags/example_python_operator.py
[2021-02-25 17:26:04,082] {scheduler_job.py:629} INFO - Processing file /home/i-sip_iot/anaconda3/envs/sandbox/lib/python3.7/site-packages/airflow/example_dags/example_python_operator.py for tasks to queue
[2021-02-25 17:26:04,082] {logging_mixin.py:103} INFO - [2021-02-25 17:26:04,082] {dagbag.py:440} INFO - Filling up the DagBag from /home/i-sip_iot/anaconda3/envs/sandbox/lib/python3.7/site-packages/airflow/example_dags/example_python_operator.py
[2021-02-25 17:26:04,097] {scheduler_job.py:639} INFO - DAG(s) dict_keys(['example_python_operator']) retrieved from /home/i-sip_iot/anaconda3/envs/sandbox/lib/python3.7/site-packages/airflow/example_dags/example_python_operator.py
[2021-02-25 17:26:04,098] {logging_mixin.py:103} INFO - [2021-02-25 17:26:04,098] {dag.py:1813} INFO - Sync 1 DAGs
[2021-02-25 17:26:04,117] {logging_mixin.py:103} INFO - [2021-02-25 17:26:04,117] {dag.py:2266} INFO - Setting next_dagrun for example_python_operator to None
[2021-02-25 17:26:04,126] {scheduler_job.py:189} INFO - Processing /home/i-sip_iot/anaconda3/envs/sandbox/lib/python3.7/site-packages/airflow/example_dags/example_python_operator.py took 0.050 seconds
[2021-02-25 17:26:31,728] {scheduler_job.py:181} INFO - Started process (PID=187957) to work on /home/i-sip_iot/anaconda3/envs/sandbox/lib/python3.7/site-packages/airflow/example_dags/example_python_operator.py
[2021-02-25 17:26:31,731] {scheduler_job.py:629} INFO - Processing file /home/i-sip_iot/anaconda3/envs/sandbox/lib/python3.7/site-packages/airflow/example_dags/example_python_operator.py for tasks to queue
[2021-02-25 17:26:31,732] {logging_mixin.py:103} INFO - [2021-02-25 17:26:31,732] {dagbag.py:440} INFO - Filling up the DagBag from /home/i-sip_iot/anaconda3/envs/sandbox/lib/python3.7/site-packages/airflow/example_dags/example_python_operator.py
[2021-02-25 17:26:31,745] {scheduler_job.py:639} INFO - DAG(s) dict_keys(['example_python_operator']) retrieved from /home/i-sip_iot/anaconda3/envs/sandbox/lib/python3.7/site-packages/airflow/example_dags/example_python_operator.py
[2021-02-25 17:26:31,746] {logging_mixin.py:103} INFO - [2021-02-25 17:26:31,746] {dag.py:1813} INFO - Sync 1 DAGs
[2021-02-25 17:26:31,763] {logging_mixin.py:103} INFO - [2021-02-25 17:26:31,763] {dag.py:2266} INFO - Setting next_dagrun for example_python_operator to None
[2021-02-25 17:26:31,773] {scheduler_job.py:189} INFO - Processing /home/i-sip_iot/anaconda3/envs/sandbox/lib/python3.7/site-packages/airflow/example_dags/example_python_operator.py took 0.050 seconds
[2021-02-25 17:26:58,435] {scheduler_job.py:181} INFO - Started process (PID=188227) to work on /home/i-sip_iot/anaconda3/envs/sandbox/lib/python3.7/site-packages/airflow/example_dags/example_python_operator.py
[2021-02-25 17:26:58,435] {scheduler_job.py:629} INFO - Processing file /home/i-sip_iot/anaconda3/envs/sandbox/lib/python3.7/site-packages/airflow/example_dags/example_python_operator.py for tasks to queue
[2021-02-25 17:26:58,436] {logging_mixin.py:103} INFO - [2021-02-25 17:26:58,436] {dagbag.py:440} INFO - Filling up the DagBag from /home/i-sip_iot/anaconda3/envs/sandbox/lib/python3.7/site-packages/airflow/example_dags/example_python_operator.py
[2021-02-25 17:26:58,441] {scheduler_job.py:639} INFO - DAG(s) dict_keys(['example_python_operator']) retrieved from /home/i-sip_iot/anaconda3/envs/sandbox/lib/python3.7/site-packages/airflow/example_dags/example_python_operator.py
[2021-02-25 17:26:58,442] {logging_mixin.py:103} INFO - [2021-02-25 17:26:58,442] {dag.py:1813} INFO - Sync 1 DAGs
[2021-02-25 17:26:58,450] {logging_mixin.py:103} INFO - [2021-02-25 17:26:58,450] {dag.py:2266} INFO - Setting next_dagrun for example_python_operator to None
[2021-02-25 17:26:58,459] {scheduler_job.py:189} INFO - Processing /home/i-sip_iot/anaconda3/envs/sandbox/lib/python3.7/site-packages/airflow/example_dags/example_python_operator.py took 0.025 seconds
[2021-02-25 17:27:24,189] {scheduler_job.py:181} INFO - Started process (PID=188296) to work on /home/i-sip_iot/anaconda3/envs/sandbox/lib/python3.7/site-packages/airflow/example_dags/example_python_operator.py
[2021-02-25 17:27:24,190] {scheduler_job.py:629} INFO - Processing file /home/i-sip_iot/anaconda3/envs/sandbox/lib/python3.7/site-packages/airflow/example_dags/example_python_operator.py for tasks to queue
[2021-02-25 17:27:24,190] {logging_mixin.py:103} INFO - [2021-02-25 17:27:24,190] {dagbag.py:440} INFO - Filling up the DagBag from /home/i-sip_iot/anaconda3/envs/sandbox/lib/python3.7/site-packages/airflow/example_dags/example_python_operator.py
[2021-02-25 17:27:24,196] {scheduler_job.py:639} INFO - DAG(s) dict_keys(['example_python_operator']) retrieved from /home/i-sip_iot/anaconda3/envs/sandbox/lib/python3.7/site-packages/airflow/example_dags/example_python_operator.py
[2021-02-25 17:27:24,196] {logging_mixin.py:103} INFO - [2021-02-25 17:27:24,196] {dag.py:1813} INFO - Sync 1 DAGs
[2021-02-25 17:27:24,205] {logging_mixin.py:103} INFO - [2021-02-25 17:27:24,205] {dag.py:2266} INFO - Setting next_dagrun for example_python_operator to None
[2021-02-25 17:27:24,212] {scheduler_job.py:189} INFO - Processing /home/i-sip_iot/anaconda3/envs/sandbox/lib/python3.7/site-packages/airflow/example_dags/example_python_operator.py took 0.025 seconds
[2021-02-25 17:27:52,413] {scheduler_job.py:181} INFO - Started process (PID=188569) to work on /home/i-sip_iot/anaconda3/envs/sandbox/lib/python3.7/site-packages/airflow/example_dags/example_python_operator.py
[2021-02-25 17:27:52,414] {scheduler_job.py:629} INFO - Processing file /home/i-sip_iot/anaconda3/envs/sandbox/lib/python3.7/site-packages/airflow/example_dags/example_python_operator.py for tasks to queue
[2021-02-25 17:27:52,414] {logging_mixin.py:103} INFO - [2021-02-25 17:27:52,414] {dagbag.py:440} INFO - Filling up the DagBag from /home/i-sip_iot/anaconda3/envs/sandbox/lib/python3.7/site-packages/airflow/example_dags/example_python_operator.py
[2021-02-25 17:27:52,422] {scheduler_job.py:639} INFO - DAG(s) dict_keys(['example_python_operator']) retrieved from /home/i-sip_iot/anaconda3/envs/sandbox/lib/python3.7/site-packages/airflow/example_dags/example_python_operator.py
[2021-02-25 17:27:52,422] {logging_mixin.py:103} INFO - [2021-02-25 17:27:52,422] {dag.py:1813} INFO - Sync 1 DAGs
[2021-02-25 17:27:52,432] {logging_mixin.py:103} INFO - [2021-02-25 17:27:52,432] {dag.py:2266} INFO - Setting next_dagrun for example_python_operator to None
[2021-02-25 17:27:52,445] {scheduler_job.py:189} INFO - Processing /home/i-sip_iot/anaconda3/envs/sandbox/lib/python3.7/site-packages/airflow/example_dags/example_python_operator.py took 0.033 seconds
[2021-02-25 17:28:20,430] {scheduler_job.py:181} INFO - Started process (PID=188663) to work on /home/i-sip_iot/anaconda3/envs/sandbox/lib/python3.7/site-packages/airflow/example_dags/example_python_operator.py
[2021-02-25 17:28:20,430] {scheduler_job.py:629} INFO - Processing file /home/i-sip_iot/anaconda3/envs/sandbox/lib/python3.7/site-packages/airflow/example_dags/example_python_operator.py for tasks to queue
[2021-02-25 17:28:20,431] {logging_mixin.py:103} INFO - [2021-02-25 17:28:20,431] {dagbag.py:440} INFO - Filling up the DagBag from /home/i-sip_iot/anaconda3/envs/sandbox/lib/python3.7/site-packages/airflow/example_dags/example_python_operator.py
[2021-02-25 17:28:20,441] {scheduler_job.py:639} INFO - DAG(s) dict_keys(['example_python_operator']) retrieved from /home/i-sip_iot/anaconda3/envs/sandbox/lib/python3.7/site-packages/airflow/example_dags/example_python_operator.py
[2021-02-25 17:28:20,442] {logging_mixin.py:103} INFO - [2021-02-25 17:28:20,442] {dag.py:1813} INFO - Sync 1 DAGs
[2021-02-25 17:28:20,452] {logging_mixin.py:103} INFO - [2021-02-25 17:28:20,452] {dag.py:2266} INFO - Setting next_dagrun for example_python_operator to None
[2021-02-25 17:28:20,460] {scheduler_job.py:189} INFO - Processing /home/i-sip_iot/anaconda3/envs/sandbox/lib/python3.7/site-packages/airflow/example_dags/example_python_operator.py took 0.033 seconds
[2021-02-25 17:28:46,771] {scheduler_job.py:181} INFO - Started process (PID=188907) to work on /home/i-sip_iot/anaconda3/envs/sandbox/lib/python3.7/site-packages/airflow/example_dags/example_python_operator.py
[2021-02-25 17:28:46,772] {scheduler_job.py:629} INFO - Processing file /home/i-sip_iot/anaconda3/envs/sandbox/lib/python3.7/site-packages/airflow/example_dags/example_python_operator.py for tasks to queue
[2021-02-25 17:28:46,772] {logging_mixin.py:103} INFO - [2021-02-25 17:28:46,772] {dagbag.py:440} INFO - Filling up the DagBag from /home/i-sip_iot/anaconda3/envs/sandbox/lib/python3.7/site-packages/airflow/example_dags/example_python_operator.py
[2021-02-25 17:28:46,779] {scheduler_job.py:639} INFO - DAG(s) dict_keys(['example_python_operator']) retrieved from /home/i-sip_iot/anaconda3/envs/sandbox/lib/python3.7/site-packages/airflow/example_dags/example_python_operator.py
[2021-02-25 17:28:46,780] {logging_mixin.py:103} INFO - [2021-02-25 17:28:46,780] {dag.py:1813} INFO - Sync 1 DAGs
[2021-02-25 17:28:46,793] {logging_mixin.py:103} INFO - [2021-02-25 17:28:46,793] {dag.py:2266} INFO - Setting next_dagrun for example_python_operator to None
[2021-02-25 17:28:46,803] {scheduler_job.py:189} INFO - Processing /home/i-sip_iot/anaconda3/envs/sandbox/lib/python3.7/site-packages/airflow/example_dags/example_python_operator.py took 0.034 seconds
[2021-02-25 17:29:14,635] {scheduler_job.py:181} INFO - Started process (PID=189003) to work on /home/i-sip_iot/anaconda3/envs/sandbox/lib/python3.7/site-packages/airflow/example_dags/example_python_operator.py
[2021-02-25 17:29:14,636] {scheduler_job.py:629} INFO - Processing file /home/i-sip_iot/anaconda3/envs/sandbox/lib/python3.7/site-packages/airflow/example_dags/example_python_operator.py for tasks to queue
[2021-02-25 17:29:14,637] {logging_mixin.py:103} INFO - [2021-02-25 17:29:14,636] {dagbag.py:440} INFO - Filling up the DagBag from /home/i-sip_iot/anaconda3/envs/sandbox/lib/python3.7/site-packages/airflow/example_dags/example_python_operator.py
[2021-02-25 17:29:14,644] {scheduler_job.py:639} INFO - DAG(s) dict_keys(['example_python_operator']) retrieved from /home/i-sip_iot/anaconda3/envs/sandbox/lib/python3.7/site-packages/airflow/example_dags/example_python_operator.py
[2021-02-25 17:29:14,645] {logging_mixin.py:103} INFO - [2021-02-25 17:29:14,645] {dag.py:1813} INFO - Sync 1 DAGs
[2021-02-25 17:29:14,658] {logging_mixin.py:103} INFO - [2021-02-25 17:29:14,658] {dag.py:2266} INFO - Setting next_dagrun for example_python_operator to None
[2021-02-25 17:29:14,667] {scheduler_job.py:189} INFO - Processing /home/i-sip_iot/anaconda3/envs/sandbox/lib/python3.7/site-packages/airflow/example_dags/example_python_operator.py took 0.034 seconds
[2021-02-25 17:29:42,032] {scheduler_job.py:181} INFO - Started process (PID=189258) to work on /home/i-sip_iot/anaconda3/envs/sandbox/lib/python3.7/site-packages/airflow/example_dags/example_python_operator.py
[2021-02-25 17:29:42,033] {scheduler_job.py:629} INFO - Processing file /home/i-sip_iot/anaconda3/envs/sandbox/lib/python3.7/site-packages/airflow/example_dags/example_python_operator.py for tasks to queue
[2021-02-25 17:29:42,034] {logging_mixin.py:103} INFO - [2021-02-25 17:29:42,034] {dagbag.py:440} INFO - Filling up the DagBag from /home/i-sip_iot/anaconda3/envs/sandbox/lib/python3.7/site-packages/airflow/example_dags/example_python_operator.py
[2021-02-25 17:29:42,045] {scheduler_job.py:639} INFO - DAG(s) dict_keys(['example_python_operator']) retrieved from /home/i-sip_iot/anaconda3/envs/sandbox/lib/python3.7/site-packages/airflow/example_dags/example_python_operator.py
[2021-02-25 17:29:42,045] {logging_mixin.py:103} INFO - [2021-02-25 17:29:42,045] {dag.py:1813} INFO - Sync 1 DAGs
[2021-02-25 17:29:42,063] {logging_mixin.py:103} INFO - [2021-02-25 17:29:42,063] {dag.py:2266} INFO - Setting next_dagrun for example_python_operator to None
[2021-02-25 17:29:42,074] {scheduler_job.py:189} INFO - Processing /home/i-sip_iot/anaconda3/envs/sandbox/lib/python3.7/site-packages/airflow/example_dags/example_python_operator.py took 0.045 seconds
[2021-02-25 17:30:09,430] {scheduler_job.py:181} INFO - Started process (PID=189357) to work on /home/i-sip_iot/anaconda3/envs/sandbox/lib/python3.7/site-packages/airflow/example_dags/example_python_operator.py
[2021-02-25 17:30:09,433] {scheduler_job.py:629} INFO - Processing file /home/i-sip_iot/anaconda3/envs/sandbox/lib/python3.7/site-packages/airflow/example_dags/example_python_operator.py for tasks to queue
[2021-02-25 17:30:09,434] {logging_mixin.py:103} INFO - [2021-02-25 17:30:09,434] {dagbag.py:440} INFO - Filling up the DagBag from /home/i-sip_iot/anaconda3/envs/sandbox/lib/python3.7/site-packages/airflow/example_dags/example_python_operator.py
[2021-02-25 17:30:09,449] {scheduler_job.py:639} INFO - DAG(s) dict_keys(['example_python_operator']) retrieved from /home/i-sip_iot/anaconda3/envs/sandbox/lib/python3.7/site-packages/airflow/example_dags/example_python_operator.py
[2021-02-25 17:30:09,450] {logging_mixin.py:103} INFO - [2021-02-25 17:30:09,450] {dag.py:1813} INFO - Sync 1 DAGs
[2021-02-25 17:30:09,463] {logging_mixin.py:103} INFO - [2021-02-25 17:30:09,463] {dag.py:2266} INFO - Setting next_dagrun for example_python_operator to None
[2021-02-25 17:30:09,472] {scheduler_job.py:189} INFO - Processing /home/i-sip_iot/anaconda3/envs/sandbox/lib/python3.7/site-packages/airflow/example_dags/example_python_operator.py took 0.048 seconds
[2021-02-25 17:30:36,586] {scheduler_job.py:181} INFO - Started process (PID=189442) to work on /home/i-sip_iot/anaconda3/envs/sandbox/lib/python3.7/site-packages/airflow/example_dags/example_python_operator.py
[2021-02-25 17:30:36,588] {scheduler_job.py:629} INFO - Processing file /home/i-sip_iot/anaconda3/envs/sandbox/lib/python3.7/site-packages/airflow/example_dags/example_python_operator.py for tasks to queue
[2021-02-25 17:30:36,590] {logging_mixin.py:103} INFO - [2021-02-25 17:30:36,589] {dagbag.py:440} INFO - Filling up the DagBag from /home/i-sip_iot/anaconda3/envs/sandbox/lib/python3.7/site-packages/airflow/example_dags/example_python_operator.py
[2021-02-25 17:30:36,604] {scheduler_job.py:639} INFO - DAG(s) dict_keys(['example_python_operator']) retrieved from /home/i-sip_iot/anaconda3/envs/sandbox/lib/python3.7/site-packages/airflow/example_dags/example_python_operator.py
[2021-02-25 17:30:36,605] {logging_mixin.py:103} INFO - [2021-02-25 17:30:36,604] {dag.py:1813} INFO - Sync 1 DAGs
[2021-02-25 17:30:36,618] {logging_mixin.py:103} INFO - [2021-02-25 17:30:36,618] {dag.py:2266} INFO - Setting next_dagrun for example_python_operator to None
[2021-02-25 17:30:36,632] {scheduler_job.py:189} INFO - Processing /home/i-sip_iot/anaconda3/envs/sandbox/lib/python3.7/site-packages/airflow/example_dags/example_python_operator.py took 0.052 seconds
[2021-02-25 17:31:04,592] {scheduler_job.py:181} INFO - Started process (PID=189705) to work on /home/i-sip_iot/anaconda3/envs/sandbox/lib/python3.7/site-packages/airflow/example_dags/example_python_operator.py
[2021-02-25 17:31:04,594] {scheduler_job.py:629} INFO - Processing file /home/i-sip_iot/anaconda3/envs/sandbox/lib/python3.7/site-packages/airflow/example_dags/example_python_operator.py for tasks to queue
[2021-02-25 17:31:04,595] {logging_mixin.py:103} INFO - [2021-02-25 17:31:04,595] {dagbag.py:440} INFO - Filling up the DagBag from /home/i-sip_iot/anaconda3/envs/sandbox/lib/python3.7/site-packages/airflow/example_dags/example_python_operator.py
[2021-02-25 17:31:04,612] {scheduler_job.py:639} INFO - DAG(s) dict_keys(['example_python_operator']) retrieved from /home/i-sip_iot/anaconda3/envs/sandbox/lib/python3.7/site-packages/airflow/example_dags/example_python_operator.py
[2021-02-25 17:31:04,613] {logging_mixin.py:103} INFO - [2021-02-25 17:31:04,613] {dag.py:1813} INFO - Sync 1 DAGs
[2021-02-25 17:31:04,628] {logging_mixin.py:103} INFO - [2021-02-25 17:31:04,627] {dag.py:2266} INFO - Setting next_dagrun for example_python_operator to None
[2021-02-25 17:31:04,637] {scheduler_job.py:189} INFO - Processing /home/i-sip_iot/anaconda3/envs/sandbox/lib/python3.7/site-packages/airflow/example_dags/example_python_operator.py took 0.050 seconds
[2021-02-25 17:31:31,945] {scheduler_job.py:181} INFO - Started process (PID=189807) to work on /home/i-sip_iot/anaconda3/envs/sandbox/lib/python3.7/site-packages/airflow/example_dags/example_python_operator.py
[2021-02-25 17:31:31,946] {scheduler_job.py:629} INFO - Processing file /home/i-sip_iot/anaconda3/envs/sandbox/lib/python3.7/site-packages/airflow/example_dags/example_python_operator.py for tasks to queue
[2021-02-25 17:31:31,946] {logging_mixin.py:103} INFO - [2021-02-25 17:31:31,946] {dagbag.py:440} INFO - Filling up the DagBag from /home/i-sip_iot/anaconda3/envs/sandbox/lib/python3.7/site-packages/airflow/example_dags/example_python_operator.py
[2021-02-25 17:31:31,952] {scheduler_job.py:639} INFO - DAG(s) dict_keys(['example_python_operator']) retrieved from /home/i-sip_iot/anaconda3/envs/sandbox/lib/python3.7/site-packages/airflow/example_dags/example_python_operator.py
[2021-02-25 17:31:31,952] {logging_mixin.py:103} INFO - [2021-02-25 17:31:31,952] {dag.py:1813} INFO - Sync 1 DAGs
[2021-02-25 17:31:31,962] {logging_mixin.py:103} INFO - [2021-02-25 17:31:31,962] {dag.py:2266} INFO - Setting next_dagrun for example_python_operator to None
[2021-02-25 17:31:31,971] {scheduler_job.py:189} INFO - Processing /home/i-sip_iot/anaconda3/envs/sandbox/lib/python3.7/site-packages/airflow/example_dags/example_python_operator.py took 0.027 seconds
[2021-02-25 17:31:57,842] {scheduler_job.py:181} INFO - Started process (PID=190031) to work on /home/i-sip_iot/anaconda3/envs/sandbox/lib/python3.7/site-packages/airflow/example_dags/example_python_operator.py
[2021-02-25 17:31:57,844] {scheduler_job.py:629} INFO - Processing file /home/i-sip_iot/anaconda3/envs/sandbox/lib/python3.7/site-packages/airflow/example_dags/example_python_operator.py for tasks to queue
[2021-02-25 17:31:57,845] {logging_mixin.py:103} INFO - [2021-02-25 17:31:57,845] {dagbag.py:440} INFO - Filling up the DagBag from /home/i-sip_iot/anaconda3/envs/sandbox/lib/python3.7/site-packages/airflow/example_dags/example_python_operator.py
[2021-02-25 17:31:57,856] {scheduler_job.py:639} INFO - DAG(s) dict_keys(['example_python_operator']) retrieved from /home/i-sip_iot/anaconda3/envs/sandbox/lib/python3.7/site-packages/airflow/example_dags/example_python_operator.py
[2021-02-25 17:31:57,856] {logging_mixin.py:103} INFO - [2021-02-25 17:31:57,856] {dag.py:1813} INFO - Sync 1 DAGs
[2021-02-25 17:31:57,871] {logging_mixin.py:103} INFO - [2021-02-25 17:31:57,871] {dag.py:2266} INFO - Setting next_dagrun for example_python_operator to None
[2021-02-25 17:31:57,881] {scheduler_job.py:189} INFO - Processing /home/i-sip_iot/anaconda3/envs/sandbox/lib/python3.7/site-packages/airflow/example_dags/example_python_operator.py took 0.042 seconds
[2021-02-25 17:32:24,997] {scheduler_job.py:181} INFO - Started process (PID=190125) to work on /home/i-sip_iot/anaconda3/envs/sandbox/lib/python3.7/site-packages/airflow/example_dags/example_python_operator.py
[2021-02-25 17:32:24,998] {scheduler_job.py:629} INFO - Processing file /home/i-sip_iot/anaconda3/envs/sandbox/lib/python3.7/site-packages/airflow/example_dags/example_python_operator.py for tasks to queue
[2021-02-25 17:32:24,999] {logging_mixin.py:103} INFO - [2021-02-25 17:32:24,998] {dagbag.py:440} INFO - Filling up the DagBag from /home/i-sip_iot/anaconda3/envs/sandbox/lib/python3.7/site-packages/airflow/example_dags/example_python_operator.py
[2021-02-25 17:32:25,011] {scheduler_job.py:639} INFO - DAG(s) dict_keys(['example_python_operator']) retrieved from /home/i-sip_iot/anaconda3/envs/sandbox/lib/python3.7/site-packages/airflow/example_dags/example_python_operator.py
[2021-02-25 17:32:25,012] {logging_mixin.py:103} INFO - [2021-02-25 17:32:25,012] {dag.py:1813} INFO - Sync 1 DAGs
[2021-02-25 17:32:25,028] {logging_mixin.py:103} INFO - [2021-02-25 17:32:25,028] {dag.py:2266} INFO - Setting next_dagrun for example_python_operator to None
[2021-02-25 17:32:25,037] {scheduler_job.py:189} INFO - Processing /home/i-sip_iot/anaconda3/envs/sandbox/lib/python3.7/site-packages/airflow/example_dags/example_python_operator.py took 0.044 seconds
[2021-02-25 17:32:52,983] {scheduler_job.py:181} INFO - Started process (PID=190412) to work on /home/i-sip_iot/anaconda3/envs/sandbox/lib/python3.7/site-packages/airflow/example_dags/example_python_operator.py
[2021-02-25 17:32:52,984] {scheduler_job.py:629} INFO - Processing file /home/i-sip_iot/anaconda3/envs/sandbox/lib/python3.7/site-packages/airflow/example_dags/example_python_operator.py for tasks to queue
[2021-02-25 17:32:52,984] {logging_mixin.py:103} INFO - [2021-02-25 17:32:52,984] {dagbag.py:440} INFO - Filling up the DagBag from /home/i-sip_iot/anaconda3/envs/sandbox/lib/python3.7/site-packages/airflow/example_dags/example_python_operator.py
[2021-02-25 17:32:52,993] {scheduler_job.py:639} INFO - DAG(s) dict_keys(['example_python_operator']) retrieved from /home/i-sip_iot/anaconda3/envs/sandbox/lib/python3.7/site-packages/airflow/example_dags/example_python_operator.py
[2021-02-25 17:32:52,993] {logging_mixin.py:103} INFO - [2021-02-25 17:32:52,993] {dag.py:1813} INFO - Sync 1 DAGs
[2021-02-25 17:32:53,006] {logging_mixin.py:103} INFO - [2021-02-25 17:32:53,006] {dag.py:2266} INFO - Setting next_dagrun for example_python_operator to None
[2021-02-25 17:32:53,017] {scheduler_job.py:189} INFO - Processing /home/i-sip_iot/anaconda3/envs/sandbox/lib/python3.7/site-packages/airflow/example_dags/example_python_operator.py took 0.036 seconds
[2021-02-25 17:33:20,223] {scheduler_job.py:181} INFO - Started process (PID=190495) to work on /home/i-sip_iot/anaconda3/envs/sandbox/lib/python3.7/site-packages/airflow/example_dags/example_python_operator.py
[2021-02-25 17:33:20,224] {scheduler_job.py:629} INFO - Processing file /home/i-sip_iot/anaconda3/envs/sandbox/lib/python3.7/site-packages/airflow/example_dags/example_python_operator.py for tasks to queue
[2021-02-25 17:33:20,224] {logging_mixin.py:103} INFO - [2021-02-25 17:33:20,224] {dagbag.py:440} INFO - Filling up the DagBag from /home/i-sip_iot/anaconda3/envs/sandbox/lib/python3.7/site-packages/airflow/example_dags/example_python_operator.py
[2021-02-25 17:33:20,230] {scheduler_job.py:639} INFO - DAG(s) dict_keys(['example_python_operator']) retrieved from /home/i-sip_iot/anaconda3/envs/sandbox/lib/python3.7/site-packages/airflow/example_dags/example_python_operator.py
[2021-02-25 17:33:20,230] {logging_mixin.py:103} INFO - [2021-02-25 17:33:20,230] {dag.py:1813} INFO - Sync 1 DAGs
[2021-02-25 17:33:20,238] {logging_mixin.py:103} INFO - [2021-02-25 17:33:20,238] {dag.py:2266} INFO - Setting next_dagrun for example_python_operator to None
[2021-02-25 17:33:20,247] {scheduler_job.py:189} INFO - Processing /home/i-sip_iot/anaconda3/envs/sandbox/lib/python3.7/site-packages/airflow/example_dags/example_python_operator.py took 0.025 seconds
