[2021-02-25 17:15:12,445] {scheduler_job.py:181} INFO - Started process (PID=184331) to work on /home/i-sip_iot/anaconda3/envs/sandbox/lib/python3.7/site-packages/airflow/example_dags/example_short_circuit_operator.py
[2021-02-25 17:15:12,447] {scheduler_job.py:629} INFO - Processing file /home/i-sip_iot/anaconda3/envs/sandbox/lib/python3.7/site-packages/airflow/example_dags/example_short_circuit_operator.py for tasks to queue
[2021-02-25 17:15:12,449] {logging_mixin.py:103} INFO - [2021-02-25 17:15:12,448] {dagbag.py:440} INFO - Filling up the DagBag from /home/i-sip_iot/anaconda3/envs/sandbox/lib/python3.7/site-packages/airflow/example_dags/example_short_circuit_operator.py
[2021-02-25 17:15:12,465] {scheduler_job.py:639} INFO - DAG(s) dict_keys(['example_short_circuit_operator']) retrieved from /home/i-sip_iot/anaconda3/envs/sandbox/lib/python3.7/site-packages/airflow/example_dags/example_short_circuit_operator.py
[2021-02-25 17:15:12,466] {logging_mixin.py:103} INFO - [2021-02-25 17:15:12,466] {dag.py:1813} INFO - Sync 1 DAGs
[2021-02-25 17:15:12,484] {logging_mixin.py:103} INFO - [2021-02-25 17:15:12,484] {dag.py:2266} INFO - Setting next_dagrun for example_short_circuit_operator to 2021-02-23 00:00:00+00:00
[2021-02-25 17:15:12,512] {scheduler_job.py:189} INFO - Processing /home/i-sip_iot/anaconda3/envs/sandbox/lib/python3.7/site-packages/airflow/example_dags/example_short_circuit_operator.py took 0.073 seconds
[2021-02-25 17:15:38,666] {scheduler_job.py:181} INFO - Started process (PID=184556) to work on /home/i-sip_iot/anaconda3/envs/sandbox/lib/python3.7/site-packages/airflow/example_dags/example_short_circuit_operator.py
[2021-02-25 17:15:38,668] {scheduler_job.py:629} INFO - Processing file /home/i-sip_iot/anaconda3/envs/sandbox/lib/python3.7/site-packages/airflow/example_dags/example_short_circuit_operator.py for tasks to queue
[2021-02-25 17:15:38,669] {logging_mixin.py:103} INFO - [2021-02-25 17:15:38,668] {dagbag.py:440} INFO - Filling up the DagBag from /home/i-sip_iot/anaconda3/envs/sandbox/lib/python3.7/site-packages/airflow/example_dags/example_short_circuit_operator.py
[2021-02-25 17:15:38,680] {scheduler_job.py:639} INFO - DAG(s) dict_keys(['example_short_circuit_operator']) retrieved from /home/i-sip_iot/anaconda3/envs/sandbox/lib/python3.7/site-packages/airflow/example_dags/example_short_circuit_operator.py
[2021-02-25 17:15:38,681] {logging_mixin.py:103} INFO - [2021-02-25 17:15:38,681] {dag.py:1813} INFO - Sync 1 DAGs
[2021-02-25 17:15:38,694] {logging_mixin.py:103} INFO - [2021-02-25 17:15:38,694] {dag.py:2266} INFO - Setting next_dagrun for example_short_circuit_operator to 2021-02-23 00:00:00+00:00
[2021-02-25 17:15:38,699] {scheduler_job.py:189} INFO - Processing /home/i-sip_iot/anaconda3/envs/sandbox/lib/python3.7/site-packages/airflow/example_dags/example_short_circuit_operator.py took 0.036 seconds
[2021-02-25 17:16:06,769] {scheduler_job.py:181} INFO - Started process (PID=184641) to work on /home/i-sip_iot/anaconda3/envs/sandbox/lib/python3.7/site-packages/airflow/example_dags/example_short_circuit_operator.py
[2021-02-25 17:16:06,770] {scheduler_job.py:629} INFO - Processing file /home/i-sip_iot/anaconda3/envs/sandbox/lib/python3.7/site-packages/airflow/example_dags/example_short_circuit_operator.py for tasks to queue
[2021-02-25 17:16:06,771] {logging_mixin.py:103} INFO - [2021-02-25 17:16:06,771] {dagbag.py:440} INFO - Filling up the DagBag from /home/i-sip_iot/anaconda3/envs/sandbox/lib/python3.7/site-packages/airflow/example_dags/example_short_circuit_operator.py
[2021-02-25 17:16:06,781] {scheduler_job.py:639} INFO - DAG(s) dict_keys(['example_short_circuit_operator']) retrieved from /home/i-sip_iot/anaconda3/envs/sandbox/lib/python3.7/site-packages/airflow/example_dags/example_short_circuit_operator.py
[2021-02-25 17:16:06,782] {logging_mixin.py:103} INFO - [2021-02-25 17:16:06,782] {dag.py:1813} INFO - Sync 1 DAGs
[2021-02-25 17:16:06,798] {logging_mixin.py:103} INFO - [2021-02-25 17:16:06,798] {dag.py:2266} INFO - Setting next_dagrun for example_short_circuit_operator to 2021-02-23 00:00:00+00:00
[2021-02-25 17:16:06,808] {scheduler_job.py:189} INFO - Processing /home/i-sip_iot/anaconda3/envs/sandbox/lib/python3.7/site-packages/airflow/example_dags/example_short_circuit_operator.py took 0.042 seconds
[2021-02-25 17:16:33,670] {scheduler_job.py:181} INFO - Started process (PID=184710) to work on /home/i-sip_iot/anaconda3/envs/sandbox/lib/python3.7/site-packages/airflow/example_dags/example_short_circuit_operator.py
[2021-02-25 17:16:33,671] {scheduler_job.py:629} INFO - Processing file /home/i-sip_iot/anaconda3/envs/sandbox/lib/python3.7/site-packages/airflow/example_dags/example_short_circuit_operator.py for tasks to queue
[2021-02-25 17:16:33,672] {logging_mixin.py:103} INFO - [2021-02-25 17:16:33,672] {dagbag.py:440} INFO - Filling up the DagBag from /home/i-sip_iot/anaconda3/envs/sandbox/lib/python3.7/site-packages/airflow/example_dags/example_short_circuit_operator.py
[2021-02-25 17:16:33,680] {scheduler_job.py:639} INFO - DAG(s) dict_keys(['example_short_circuit_operator']) retrieved from /home/i-sip_iot/anaconda3/envs/sandbox/lib/python3.7/site-packages/airflow/example_dags/example_short_circuit_operator.py
[2021-02-25 17:16:33,681] {logging_mixin.py:103} INFO - [2021-02-25 17:16:33,681] {dag.py:1813} INFO - Sync 1 DAGs
[2021-02-25 17:16:33,693] {logging_mixin.py:103} INFO - [2021-02-25 17:16:33,693] {dag.py:2266} INFO - Setting next_dagrun for example_short_circuit_operator to 2021-02-23 00:00:00+00:00
[2021-02-25 17:16:33,702] {scheduler_job.py:189} INFO - Processing /home/i-sip_iot/anaconda3/envs/sandbox/lib/python3.7/site-packages/airflow/example_dags/example_short_circuit_operator.py took 0.034 seconds
[2021-02-25 17:17:01,125] {scheduler_job.py:181} INFO - Started process (PID=184948) to work on /home/i-sip_iot/anaconda3/envs/sandbox/lib/python3.7/site-packages/airflow/example_dags/example_short_circuit_operator.py
[2021-02-25 17:17:01,126] {scheduler_job.py:629} INFO - Processing file /home/i-sip_iot/anaconda3/envs/sandbox/lib/python3.7/site-packages/airflow/example_dags/example_short_circuit_operator.py for tasks to queue
[2021-02-25 17:17:01,127] {logging_mixin.py:103} INFO - [2021-02-25 17:17:01,127] {dagbag.py:440} INFO - Filling up the DagBag from /home/i-sip_iot/anaconda3/envs/sandbox/lib/python3.7/site-packages/airflow/example_dags/example_short_circuit_operator.py
[2021-02-25 17:17:01,138] {scheduler_job.py:639} INFO - DAG(s) dict_keys(['example_short_circuit_operator']) retrieved from /home/i-sip_iot/anaconda3/envs/sandbox/lib/python3.7/site-packages/airflow/example_dags/example_short_circuit_operator.py
[2021-02-25 17:17:01,139] {logging_mixin.py:103} INFO - [2021-02-25 17:17:01,139] {dag.py:1813} INFO - Sync 1 DAGs
[2021-02-25 17:17:01,151] {logging_mixin.py:103} INFO - [2021-02-25 17:17:01,151] {dag.py:2266} INFO - Setting next_dagrun for example_short_circuit_operator to 2021-02-23 00:00:00+00:00
[2021-02-25 17:17:01,160] {scheduler_job.py:189} INFO - Processing /home/i-sip_iot/anaconda3/envs/sandbox/lib/python3.7/site-packages/airflow/example_dags/example_short_circuit_operator.py took 0.038 seconds
[2021-02-25 17:17:28,025] {scheduler_job.py:181} INFO - Started process (PID=185027) to work on /home/i-sip_iot/anaconda3/envs/sandbox/lib/python3.7/site-packages/airflow/example_dags/example_short_circuit_operator.py
[2021-02-25 17:17:28,026] {scheduler_job.py:629} INFO - Processing file /home/i-sip_iot/anaconda3/envs/sandbox/lib/python3.7/site-packages/airflow/example_dags/example_short_circuit_operator.py for tasks to queue
[2021-02-25 17:17:28,026] {logging_mixin.py:103} INFO - [2021-02-25 17:17:28,026] {dagbag.py:440} INFO - Filling up the DagBag from /home/i-sip_iot/anaconda3/envs/sandbox/lib/python3.7/site-packages/airflow/example_dags/example_short_circuit_operator.py
[2021-02-25 17:17:28,036] {scheduler_job.py:639} INFO - DAG(s) dict_keys(['example_short_circuit_operator']) retrieved from /home/i-sip_iot/anaconda3/envs/sandbox/lib/python3.7/site-packages/airflow/example_dags/example_short_circuit_operator.py
[2021-02-25 17:17:28,037] {logging_mixin.py:103} INFO - [2021-02-25 17:17:28,037] {dag.py:1813} INFO - Sync 1 DAGs
[2021-02-25 17:17:28,051] {logging_mixin.py:103} INFO - [2021-02-25 17:17:28,051] {dag.py:2266} INFO - Setting next_dagrun for example_short_circuit_operator to 2021-02-23 00:00:00+00:00
[2021-02-25 17:17:28,058] {scheduler_job.py:189} INFO - Processing /home/i-sip_iot/anaconda3/envs/sandbox/lib/python3.7/site-packages/airflow/example_dags/example_short_circuit_operator.py took 0.037 seconds
[2021-02-25 17:17:55,349] {scheduler_job.py:181} INFO - Started process (PID=185260) to work on /home/i-sip_iot/anaconda3/envs/sandbox/lib/python3.7/site-packages/airflow/example_dags/example_short_circuit_operator.py
[2021-02-25 17:17:55,350] {scheduler_job.py:629} INFO - Processing file /home/i-sip_iot/anaconda3/envs/sandbox/lib/python3.7/site-packages/airflow/example_dags/example_short_circuit_operator.py for tasks to queue
[2021-02-25 17:17:55,351] {logging_mixin.py:103} INFO - [2021-02-25 17:17:55,351] {dagbag.py:440} INFO - Filling up the DagBag from /home/i-sip_iot/anaconda3/envs/sandbox/lib/python3.7/site-packages/airflow/example_dags/example_short_circuit_operator.py
[2021-02-25 17:17:55,361] {scheduler_job.py:639} INFO - DAG(s) dict_keys(['example_short_circuit_operator']) retrieved from /home/i-sip_iot/anaconda3/envs/sandbox/lib/python3.7/site-packages/airflow/example_dags/example_short_circuit_operator.py
[2021-02-25 17:17:55,362] {logging_mixin.py:103} INFO - [2021-02-25 17:17:55,362] {dag.py:1813} INFO - Sync 1 DAGs
[2021-02-25 17:17:55,374] {logging_mixin.py:103} INFO - [2021-02-25 17:17:55,374] {dag.py:2266} INFO - Setting next_dagrun for example_short_circuit_operator to 2021-02-23 00:00:00+00:00
[2021-02-25 17:17:55,382] {scheduler_job.py:189} INFO - Processing /home/i-sip_iot/anaconda3/envs/sandbox/lib/python3.7/site-packages/airflow/example_dags/example_short_circuit_operator.py took 0.037 seconds
[2021-02-25 17:18:22,944] {scheduler_job.py:181} INFO - Started process (PID=185334) to work on /home/i-sip_iot/anaconda3/envs/sandbox/lib/python3.7/site-packages/airflow/example_dags/example_short_circuit_operator.py
[2021-02-25 17:18:22,945] {scheduler_job.py:629} INFO - Processing file /home/i-sip_iot/anaconda3/envs/sandbox/lib/python3.7/site-packages/airflow/example_dags/example_short_circuit_operator.py for tasks to queue
[2021-02-25 17:18:22,945] {logging_mixin.py:103} INFO - [2021-02-25 17:18:22,945] {dagbag.py:440} INFO - Filling up the DagBag from /home/i-sip_iot/anaconda3/envs/sandbox/lib/python3.7/site-packages/airflow/example_dags/example_short_circuit_operator.py
[2021-02-25 17:18:22,951] {scheduler_job.py:639} INFO - DAG(s) dict_keys(['example_short_circuit_operator']) retrieved from /home/i-sip_iot/anaconda3/envs/sandbox/lib/python3.7/site-packages/airflow/example_dags/example_short_circuit_operator.py
[2021-02-25 17:18:22,951] {logging_mixin.py:103} INFO - [2021-02-25 17:18:22,951] {dag.py:1813} INFO - Sync 1 DAGs
[2021-02-25 17:18:22,961] {logging_mixin.py:103} INFO - [2021-02-25 17:18:22,961] {dag.py:2266} INFO - Setting next_dagrun for example_short_circuit_operator to 2021-02-23 00:00:00+00:00
[2021-02-25 17:18:22,968] {scheduler_job.py:189} INFO - Processing /home/i-sip_iot/anaconda3/envs/sandbox/lib/python3.7/site-packages/airflow/example_dags/example_short_circuit_operator.py took 0.026 seconds
[2021-02-25 17:18:50,322] {scheduler_job.py:181} INFO - Started process (PID=185574) to work on /home/i-sip_iot/anaconda3/envs/sandbox/lib/python3.7/site-packages/airflow/example_dags/example_short_circuit_operator.py
[2021-02-25 17:18:50,324] {scheduler_job.py:629} INFO - Processing file /home/i-sip_iot/anaconda3/envs/sandbox/lib/python3.7/site-packages/airflow/example_dags/example_short_circuit_operator.py for tasks to queue
[2021-02-25 17:18:50,325] {logging_mixin.py:103} INFO - [2021-02-25 17:18:50,325] {dagbag.py:440} INFO - Filling up the DagBag from /home/i-sip_iot/anaconda3/envs/sandbox/lib/python3.7/site-packages/airflow/example_dags/example_short_circuit_operator.py
[2021-02-25 17:18:50,347] {scheduler_job.py:639} INFO - DAG(s) dict_keys(['example_short_circuit_operator']) retrieved from /home/i-sip_iot/anaconda3/envs/sandbox/lib/python3.7/site-packages/airflow/example_dags/example_short_circuit_operator.py
[2021-02-25 17:18:50,349] {logging_mixin.py:103} INFO - [2021-02-25 17:18:50,348] {dag.py:1813} INFO - Sync 1 DAGs
[2021-02-25 17:18:50,365] {logging_mixin.py:103} INFO - [2021-02-25 17:18:50,365] {dag.py:2266} INFO - Setting next_dagrun for example_short_circuit_operator to 2021-02-23 00:00:00+00:00
[2021-02-25 17:18:50,375] {scheduler_job.py:189} INFO - Processing /home/i-sip_iot/anaconda3/envs/sandbox/lib/python3.7/site-packages/airflow/example_dags/example_short_circuit_operator.py took 0.057 seconds
[2021-02-25 17:19:17,253] {scheduler_job.py:181} INFO - Started process (PID=185637) to work on /home/i-sip_iot/anaconda3/envs/sandbox/lib/python3.7/site-packages/airflow/example_dags/example_short_circuit_operator.py
[2021-02-25 17:19:17,258] {scheduler_job.py:629} INFO - Processing file /home/i-sip_iot/anaconda3/envs/sandbox/lib/python3.7/site-packages/airflow/example_dags/example_short_circuit_operator.py for tasks to queue
[2021-02-25 17:19:17,259] {logging_mixin.py:103} INFO - [2021-02-25 17:19:17,259] {dagbag.py:440} INFO - Filling up the DagBag from /home/i-sip_iot/anaconda3/envs/sandbox/lib/python3.7/site-packages/airflow/example_dags/example_short_circuit_operator.py
[2021-02-25 17:19:17,281] {scheduler_job.py:639} INFO - DAG(s) dict_keys(['example_short_circuit_operator']) retrieved from /home/i-sip_iot/anaconda3/envs/sandbox/lib/python3.7/site-packages/airflow/example_dags/example_short_circuit_operator.py
[2021-02-25 17:19:17,282] {logging_mixin.py:103} INFO - [2021-02-25 17:19:17,282] {dag.py:1813} INFO - Sync 1 DAGs
[2021-02-25 17:19:17,296] {logging_mixin.py:103} INFO - [2021-02-25 17:19:17,295] {dag.py:2266} INFO - Setting next_dagrun for example_short_circuit_operator to 2021-02-23 00:00:00+00:00
[2021-02-25 17:19:17,306] {scheduler_job.py:189} INFO - Processing /home/i-sip_iot/anaconda3/envs/sandbox/lib/python3.7/site-packages/airflow/example_dags/example_short_circuit_operator.py took 0.061 seconds
[2021-02-25 17:19:44,153] {scheduler_job.py:181} INFO - Started process (PID=185868) to work on /home/i-sip_iot/anaconda3/envs/sandbox/lib/python3.7/site-packages/airflow/example_dags/example_short_circuit_operator.py
[2021-02-25 17:19:44,156] {scheduler_job.py:629} INFO - Processing file /home/i-sip_iot/anaconda3/envs/sandbox/lib/python3.7/site-packages/airflow/example_dags/example_short_circuit_operator.py for tasks to queue
[2021-02-25 17:19:44,158] {logging_mixin.py:103} INFO - [2021-02-25 17:19:44,157] {dagbag.py:440} INFO - Filling up the DagBag from /home/i-sip_iot/anaconda3/envs/sandbox/lib/python3.7/site-packages/airflow/example_dags/example_short_circuit_operator.py
[2021-02-25 17:19:44,174] {scheduler_job.py:639} INFO - DAG(s) dict_keys(['example_short_circuit_operator']) retrieved from /home/i-sip_iot/anaconda3/envs/sandbox/lib/python3.7/site-packages/airflow/example_dags/example_short_circuit_operator.py
[2021-02-25 17:19:44,175] {logging_mixin.py:103} INFO - [2021-02-25 17:19:44,175] {dag.py:1813} INFO - Sync 1 DAGs
[2021-02-25 17:19:44,189] {logging_mixin.py:103} INFO - [2021-02-25 17:19:44,189] {dag.py:2266} INFO - Setting next_dagrun for example_short_circuit_operator to 2021-02-23 00:00:00+00:00
[2021-02-25 17:19:44,198] {scheduler_job.py:189} INFO - Processing /home/i-sip_iot/anaconda3/envs/sandbox/lib/python3.7/site-packages/airflow/example_dags/example_short_circuit_operator.py took 0.050 seconds
[2021-02-25 17:20:11,366] {scheduler_job.py:181} INFO - Started process (PID=185938) to work on /home/i-sip_iot/anaconda3/envs/sandbox/lib/python3.7/site-packages/airflow/example_dags/example_short_circuit_operator.py
[2021-02-25 17:20:11,367] {scheduler_job.py:629} INFO - Processing file /home/i-sip_iot/anaconda3/envs/sandbox/lib/python3.7/site-packages/airflow/example_dags/example_short_circuit_operator.py for tasks to queue
[2021-02-25 17:20:11,368] {logging_mixin.py:103} INFO - [2021-02-25 17:20:11,368] {dagbag.py:440} INFO - Filling up the DagBag from /home/i-sip_iot/anaconda3/envs/sandbox/lib/python3.7/site-packages/airflow/example_dags/example_short_circuit_operator.py
[2021-02-25 17:20:11,383] {scheduler_job.py:639} INFO - DAG(s) dict_keys(['example_short_circuit_operator']) retrieved from /home/i-sip_iot/anaconda3/envs/sandbox/lib/python3.7/site-packages/airflow/example_dags/example_short_circuit_operator.py
[2021-02-25 17:20:11,384] {logging_mixin.py:103} INFO - [2021-02-25 17:20:11,384] {dag.py:1813} INFO - Sync 1 DAGs
[2021-02-25 17:20:11,397] {logging_mixin.py:103} INFO - [2021-02-25 17:20:11,397] {dag.py:2266} INFO - Setting next_dagrun for example_short_circuit_operator to 2021-02-23 00:00:00+00:00
[2021-02-25 17:20:11,406] {scheduler_job.py:189} INFO - Processing /home/i-sip_iot/anaconda3/envs/sandbox/lib/python3.7/site-packages/airflow/example_dags/example_short_circuit_operator.py took 0.045 seconds
[2021-02-25 17:20:38,565] {scheduler_job.py:181} INFO - Started process (PID=186188) to work on /home/i-sip_iot/anaconda3/envs/sandbox/lib/python3.7/site-packages/airflow/example_dags/example_short_circuit_operator.py
[2021-02-25 17:20:38,567] {scheduler_job.py:629} INFO - Processing file /home/i-sip_iot/anaconda3/envs/sandbox/lib/python3.7/site-packages/airflow/example_dags/example_short_circuit_operator.py for tasks to queue
[2021-02-25 17:20:38,568] {logging_mixin.py:103} INFO - [2021-02-25 17:20:38,568] {dagbag.py:440} INFO - Filling up the DagBag from /home/i-sip_iot/anaconda3/envs/sandbox/lib/python3.7/site-packages/airflow/example_dags/example_short_circuit_operator.py
[2021-02-25 17:20:38,585] {scheduler_job.py:639} INFO - DAG(s) dict_keys(['example_short_circuit_operator']) retrieved from /home/i-sip_iot/anaconda3/envs/sandbox/lib/python3.7/site-packages/airflow/example_dags/example_short_circuit_operator.py
[2021-02-25 17:20:38,585] {logging_mixin.py:103} INFO - [2021-02-25 17:20:38,585] {dag.py:1813} INFO - Sync 1 DAGs
[2021-02-25 17:20:38,600] {logging_mixin.py:103} INFO - [2021-02-25 17:20:38,600] {dag.py:2266} INFO - Setting next_dagrun for example_short_circuit_operator to 2021-02-23 00:00:00+00:00
[2021-02-25 17:20:38,610] {scheduler_job.py:189} INFO - Processing /home/i-sip_iot/anaconda3/envs/sandbox/lib/python3.7/site-packages/airflow/example_dags/example_short_circuit_operator.py took 0.051 seconds
[2021-02-25 17:21:06,488] {scheduler_job.py:181} INFO - Started process (PID=186277) to work on /home/i-sip_iot/anaconda3/envs/sandbox/lib/python3.7/site-packages/airflow/example_dags/example_short_circuit_operator.py
[2021-02-25 17:21:06,490] {scheduler_job.py:629} INFO - Processing file /home/i-sip_iot/anaconda3/envs/sandbox/lib/python3.7/site-packages/airflow/example_dags/example_short_circuit_operator.py for tasks to queue
[2021-02-25 17:21:06,491] {logging_mixin.py:103} INFO - [2021-02-25 17:21:06,491] {dagbag.py:440} INFO - Filling up the DagBag from /home/i-sip_iot/anaconda3/envs/sandbox/lib/python3.7/site-packages/airflow/example_dags/example_short_circuit_operator.py
[2021-02-25 17:21:06,507] {scheduler_job.py:639} INFO - DAG(s) dict_keys(['example_short_circuit_operator']) retrieved from /home/i-sip_iot/anaconda3/envs/sandbox/lib/python3.7/site-packages/airflow/example_dags/example_short_circuit_operator.py
[2021-02-25 17:21:06,508] {logging_mixin.py:103} INFO - [2021-02-25 17:21:06,508] {dag.py:1813} INFO - Sync 1 DAGs
[2021-02-25 17:21:06,524] {logging_mixin.py:103} INFO - [2021-02-25 17:21:06,524] {dag.py:2266} INFO - Setting next_dagrun for example_short_circuit_operator to 2021-02-23 00:00:00+00:00
[2021-02-25 17:21:06,532] {scheduler_job.py:189} INFO - Processing /home/i-sip_iot/anaconda3/envs/sandbox/lib/python3.7/site-packages/airflow/example_dags/example_short_circuit_operator.py took 0.048 seconds
[2021-02-25 17:21:33,391] {scheduler_job.py:181} INFO - Started process (PID=186324) to work on /home/i-sip_iot/anaconda3/envs/sandbox/lib/python3.7/site-packages/airflow/example_dags/example_short_circuit_operator.py
[2021-02-25 17:21:33,392] {scheduler_job.py:629} INFO - Processing file /home/i-sip_iot/anaconda3/envs/sandbox/lib/python3.7/site-packages/airflow/example_dags/example_short_circuit_operator.py for tasks to queue
[2021-02-25 17:21:33,393] {logging_mixin.py:103} INFO - [2021-02-25 17:21:33,393] {dagbag.py:440} INFO - Filling up the DagBag from /home/i-sip_iot/anaconda3/envs/sandbox/lib/python3.7/site-packages/airflow/example_dags/example_short_circuit_operator.py
[2021-02-25 17:21:33,406] {scheduler_job.py:639} INFO - DAG(s) dict_keys(['example_short_circuit_operator']) retrieved from /home/i-sip_iot/anaconda3/envs/sandbox/lib/python3.7/site-packages/airflow/example_dags/example_short_circuit_operator.py
[2021-02-25 17:21:33,407] {logging_mixin.py:103} INFO - [2021-02-25 17:21:33,407] {dag.py:1813} INFO - Sync 1 DAGs
[2021-02-25 17:21:33,423] {logging_mixin.py:103} INFO - [2021-02-25 17:21:33,423] {dag.py:2266} INFO - Setting next_dagrun for example_short_circuit_operator to 2021-02-23 00:00:00+00:00
[2021-02-25 17:21:33,432] {scheduler_job.py:189} INFO - Processing /home/i-sip_iot/anaconda3/envs/sandbox/lib/python3.7/site-packages/airflow/example_dags/example_short_circuit_operator.py took 0.044 seconds
[2021-02-25 17:21:59,826] {scheduler_job.py:181} INFO - Started process (PID=186569) to work on /home/i-sip_iot/anaconda3/envs/sandbox/lib/python3.7/site-packages/airflow/example_dags/example_short_circuit_operator.py
[2021-02-25 17:21:59,829] {scheduler_job.py:629} INFO - Processing file /home/i-sip_iot/anaconda3/envs/sandbox/lib/python3.7/site-packages/airflow/example_dags/example_short_circuit_operator.py for tasks to queue
[2021-02-25 17:21:59,830] {logging_mixin.py:103} INFO - [2021-02-25 17:21:59,830] {dagbag.py:440} INFO - Filling up the DagBag from /home/i-sip_iot/anaconda3/envs/sandbox/lib/python3.7/site-packages/airflow/example_dags/example_short_circuit_operator.py
[2021-02-25 17:21:59,844] {scheduler_job.py:639} INFO - DAG(s) dict_keys(['example_short_circuit_operator']) retrieved from /home/i-sip_iot/anaconda3/envs/sandbox/lib/python3.7/site-packages/airflow/example_dags/example_short_circuit_operator.py
[2021-02-25 17:21:59,844] {logging_mixin.py:103} INFO - [2021-02-25 17:21:59,844] {dag.py:1813} INFO - Sync 1 DAGs
[2021-02-25 17:21:59,857] {logging_mixin.py:103} INFO - [2021-02-25 17:21:59,857] {dag.py:2266} INFO - Setting next_dagrun for example_short_circuit_operator to 2021-02-23 00:00:00+00:00
[2021-02-25 17:21:59,866] {scheduler_job.py:189} INFO - Processing /home/i-sip_iot/anaconda3/envs/sandbox/lib/python3.7/site-packages/airflow/example_dags/example_short_circuit_operator.py took 0.047 seconds
[2021-02-25 17:22:27,527] {scheduler_job.py:181} INFO - Started process (PID=186618) to work on /home/i-sip_iot/anaconda3/envs/sandbox/lib/python3.7/site-packages/airflow/example_dags/example_short_circuit_operator.py
[2021-02-25 17:22:27,529] {scheduler_job.py:629} INFO - Processing file /home/i-sip_iot/anaconda3/envs/sandbox/lib/python3.7/site-packages/airflow/example_dags/example_short_circuit_operator.py for tasks to queue
[2021-02-25 17:22:27,530] {logging_mixin.py:103} INFO - [2021-02-25 17:22:27,530] {dagbag.py:440} INFO - Filling up the DagBag from /home/i-sip_iot/anaconda3/envs/sandbox/lib/python3.7/site-packages/airflow/example_dags/example_short_circuit_operator.py
[2021-02-25 17:22:27,547] {scheduler_job.py:639} INFO - DAG(s) dict_keys(['example_short_circuit_operator']) retrieved from /home/i-sip_iot/anaconda3/envs/sandbox/lib/python3.7/site-packages/airflow/example_dags/example_short_circuit_operator.py
[2021-02-25 17:22:27,548] {logging_mixin.py:103} INFO - [2021-02-25 17:22:27,548] {dag.py:1813} INFO - Sync 1 DAGs
[2021-02-25 17:22:27,561] {logging_mixin.py:103} INFO - [2021-02-25 17:22:27,561] {dag.py:2266} INFO - Setting next_dagrun for example_short_circuit_operator to 2021-02-23 00:00:00+00:00
[2021-02-25 17:22:27,570] {scheduler_job.py:189} INFO - Processing /home/i-sip_iot/anaconda3/envs/sandbox/lib/python3.7/site-packages/airflow/example_dags/example_short_circuit_operator.py took 0.049 seconds
[2021-02-25 17:22:55,733] {scheduler_job.py:181} INFO - Started process (PID=186847) to work on /home/i-sip_iot/anaconda3/envs/sandbox/lib/python3.7/site-packages/airflow/example_dags/example_short_circuit_operator.py
[2021-02-25 17:22:55,734] {scheduler_job.py:629} INFO - Processing file /home/i-sip_iot/anaconda3/envs/sandbox/lib/python3.7/site-packages/airflow/example_dags/example_short_circuit_operator.py for tasks to queue
[2021-02-25 17:22:55,735] {logging_mixin.py:103} INFO - [2021-02-25 17:22:55,734] {dagbag.py:440} INFO - Filling up the DagBag from /home/i-sip_iot/anaconda3/envs/sandbox/lib/python3.7/site-packages/airflow/example_dags/example_short_circuit_operator.py
[2021-02-25 17:22:55,740] {scheduler_job.py:639} INFO - DAG(s) dict_keys(['example_short_circuit_operator']) retrieved from /home/i-sip_iot/anaconda3/envs/sandbox/lib/python3.7/site-packages/airflow/example_dags/example_short_circuit_operator.py
[2021-02-25 17:22:55,741] {logging_mixin.py:103} INFO - [2021-02-25 17:22:55,741] {dag.py:1813} INFO - Sync 1 DAGs
[2021-02-25 17:22:55,750] {logging_mixin.py:103} INFO - [2021-02-25 17:22:55,750] {dag.py:2266} INFO - Setting next_dagrun for example_short_circuit_operator to 2021-02-23 00:00:00+00:00
[2021-02-25 17:22:55,757] {scheduler_job.py:189} INFO - Processing /home/i-sip_iot/anaconda3/envs/sandbox/lib/python3.7/site-packages/airflow/example_dags/example_short_circuit_operator.py took 0.026 seconds
[2021-02-25 17:23:22,140] {scheduler_job.py:181} INFO - Started process (PID=186901) to work on /home/i-sip_iot/anaconda3/envs/sandbox/lib/python3.7/site-packages/airflow/example_dags/example_short_circuit_operator.py
[2021-02-25 17:23:22,142] {scheduler_job.py:629} INFO - Processing file /home/i-sip_iot/anaconda3/envs/sandbox/lib/python3.7/site-packages/airflow/example_dags/example_short_circuit_operator.py for tasks to queue
[2021-02-25 17:23:22,143] {logging_mixin.py:103} INFO - [2021-02-25 17:23:22,143] {dagbag.py:440} INFO - Filling up the DagBag from /home/i-sip_iot/anaconda3/envs/sandbox/lib/python3.7/site-packages/airflow/example_dags/example_short_circuit_operator.py
[2021-02-25 17:23:22,160] {scheduler_job.py:639} INFO - DAG(s) dict_keys(['example_short_circuit_operator']) retrieved from /home/i-sip_iot/anaconda3/envs/sandbox/lib/python3.7/site-packages/airflow/example_dags/example_short_circuit_operator.py
[2021-02-25 17:23:22,161] {logging_mixin.py:103} INFO - [2021-02-25 17:23:22,161] {dag.py:1813} INFO - Sync 1 DAGs
[2021-02-25 17:23:22,174] {logging_mixin.py:103} INFO - [2021-02-25 17:23:22,174] {dag.py:2266} INFO - Setting next_dagrun for example_short_circuit_operator to 2021-02-23 00:00:00+00:00
[2021-02-25 17:23:22,183] {scheduler_job.py:189} INFO - Processing /home/i-sip_iot/anaconda3/envs/sandbox/lib/python3.7/site-packages/airflow/example_dags/example_short_circuit_operator.py took 0.049 seconds
[2021-02-25 17:23:49,036] {scheduler_job.py:181} INFO - Started process (PID=187141) to work on /home/i-sip_iot/anaconda3/envs/sandbox/lib/python3.7/site-packages/airflow/example_dags/example_short_circuit_operator.py
[2021-02-25 17:23:49,037] {scheduler_job.py:629} INFO - Processing file /home/i-sip_iot/anaconda3/envs/sandbox/lib/python3.7/site-packages/airflow/example_dags/example_short_circuit_operator.py for tasks to queue
[2021-02-25 17:23:49,038] {logging_mixin.py:103} INFO - [2021-02-25 17:23:49,038] {dagbag.py:440} INFO - Filling up the DagBag from /home/i-sip_iot/anaconda3/envs/sandbox/lib/python3.7/site-packages/airflow/example_dags/example_short_circuit_operator.py
[2021-02-25 17:23:49,048] {scheduler_job.py:639} INFO - DAG(s) dict_keys(['example_short_circuit_operator']) retrieved from /home/i-sip_iot/anaconda3/envs/sandbox/lib/python3.7/site-packages/airflow/example_dags/example_short_circuit_operator.py
[2021-02-25 17:23:49,048] {logging_mixin.py:103} INFO - [2021-02-25 17:23:49,048] {dag.py:1813} INFO - Sync 1 DAGs
[2021-02-25 17:23:49,059] {logging_mixin.py:103} INFO - [2021-02-25 17:23:49,059] {dag.py:2266} INFO - Setting next_dagrun for example_short_circuit_operator to 2021-02-23 00:00:00+00:00
[2021-02-25 17:23:49,068] {scheduler_job.py:189} INFO - Processing /home/i-sip_iot/anaconda3/envs/sandbox/lib/python3.7/site-packages/airflow/example_dags/example_short_circuit_operator.py took 0.036 seconds
[2021-02-25 17:24:15,991] {scheduler_job.py:181} INFO - Started process (PID=187216) to work on /home/i-sip_iot/anaconda3/envs/sandbox/lib/python3.7/site-packages/airflow/example_dags/example_short_circuit_operator.py
[2021-02-25 17:24:15,995] {scheduler_job.py:629} INFO - Processing file /home/i-sip_iot/anaconda3/envs/sandbox/lib/python3.7/site-packages/airflow/example_dags/example_short_circuit_operator.py for tasks to queue
[2021-02-25 17:24:15,996] {logging_mixin.py:103} INFO - [2021-02-25 17:24:15,996] {dagbag.py:440} INFO - Filling up the DagBag from /home/i-sip_iot/anaconda3/envs/sandbox/lib/python3.7/site-packages/airflow/example_dags/example_short_circuit_operator.py
[2021-02-25 17:24:16,015] {scheduler_job.py:639} INFO - DAG(s) dict_keys(['example_short_circuit_operator']) retrieved from /home/i-sip_iot/anaconda3/envs/sandbox/lib/python3.7/site-packages/airflow/example_dags/example_short_circuit_operator.py
[2021-02-25 17:24:16,016] {logging_mixin.py:103} INFO - [2021-02-25 17:24:16,016] {dag.py:1813} INFO - Sync 1 DAGs
[2021-02-25 17:24:16,030] {logging_mixin.py:103} INFO - [2021-02-25 17:24:16,030] {dag.py:2266} INFO - Setting next_dagrun for example_short_circuit_operator to 2021-02-23 00:00:00+00:00
[2021-02-25 17:24:16,039] {scheduler_job.py:189} INFO - Processing /home/i-sip_iot/anaconda3/envs/sandbox/lib/python3.7/site-packages/airflow/example_dags/example_short_circuit_operator.py took 0.054 seconds
[2021-02-25 17:24:43,673] {scheduler_job.py:181} INFO - Started process (PID=187446) to work on /home/i-sip_iot/anaconda3/envs/sandbox/lib/python3.7/site-packages/airflow/example_dags/example_short_circuit_operator.py
[2021-02-25 17:24:43,675] {scheduler_job.py:629} INFO - Processing file /home/i-sip_iot/anaconda3/envs/sandbox/lib/python3.7/site-packages/airflow/example_dags/example_short_circuit_operator.py for tasks to queue
[2021-02-25 17:24:43,676] {logging_mixin.py:103} INFO - [2021-02-25 17:24:43,676] {dagbag.py:440} INFO - Filling up the DagBag from /home/i-sip_iot/anaconda3/envs/sandbox/lib/python3.7/site-packages/airflow/example_dags/example_short_circuit_operator.py
[2021-02-25 17:24:43,696] {scheduler_job.py:639} INFO - DAG(s) dict_keys(['example_short_circuit_operator']) retrieved from /home/i-sip_iot/anaconda3/envs/sandbox/lib/python3.7/site-packages/airflow/example_dags/example_short_circuit_operator.py
[2021-02-25 17:24:43,697] {logging_mixin.py:103} INFO - [2021-02-25 17:24:43,697] {dag.py:1813} INFO - Sync 1 DAGs
[2021-02-25 17:24:43,713] {logging_mixin.py:103} INFO - [2021-02-25 17:24:43,712] {dag.py:2266} INFO - Setting next_dagrun for example_short_circuit_operator to 2021-02-23 00:00:00+00:00
[2021-02-25 17:24:43,723] {scheduler_job.py:189} INFO - Processing /home/i-sip_iot/anaconda3/envs/sandbox/lib/python3.7/site-packages/airflow/example_dags/example_short_circuit_operator.py took 0.057 seconds
[2021-02-25 17:25:10,366] {scheduler_job.py:181} INFO - Started process (PID=187534) to work on /home/i-sip_iot/anaconda3/envs/sandbox/lib/python3.7/site-packages/airflow/example_dags/example_short_circuit_operator.py
[2021-02-25 17:25:10,367] {scheduler_job.py:629} INFO - Processing file /home/i-sip_iot/anaconda3/envs/sandbox/lib/python3.7/site-packages/airflow/example_dags/example_short_circuit_operator.py for tasks to queue
[2021-02-25 17:25:10,368] {logging_mixin.py:103} INFO - [2021-02-25 17:25:10,368] {dagbag.py:440} INFO - Filling up the DagBag from /home/i-sip_iot/anaconda3/envs/sandbox/lib/python3.7/site-packages/airflow/example_dags/example_short_circuit_operator.py
[2021-02-25 17:25:10,380] {scheduler_job.py:639} INFO - DAG(s) dict_keys(['example_short_circuit_operator']) retrieved from /home/i-sip_iot/anaconda3/envs/sandbox/lib/python3.7/site-packages/airflow/example_dags/example_short_circuit_operator.py
[2021-02-25 17:25:10,381] {logging_mixin.py:103} INFO - [2021-02-25 17:25:10,381] {dag.py:1813} INFO - Sync 1 DAGs
[2021-02-25 17:25:10,398] {logging_mixin.py:103} INFO - [2021-02-25 17:25:10,398] {dag.py:2266} INFO - Setting next_dagrun for example_short_circuit_operator to 2021-02-23 00:00:00+00:00
[2021-02-25 17:25:10,408] {scheduler_job.py:189} INFO - Processing /home/i-sip_iot/anaconda3/envs/sandbox/lib/python3.7/site-packages/airflow/example_dags/example_short_circuit_operator.py took 0.045 seconds
[2021-02-25 17:25:38,434] {scheduler_job.py:181} INFO - Started process (PID=187606) to work on /home/i-sip_iot/anaconda3/envs/sandbox/lib/python3.7/site-packages/airflow/example_dags/example_short_circuit_operator.py
[2021-02-25 17:25:38,436] {scheduler_job.py:629} INFO - Processing file /home/i-sip_iot/anaconda3/envs/sandbox/lib/python3.7/site-packages/airflow/example_dags/example_short_circuit_operator.py for tasks to queue
[2021-02-25 17:25:38,437] {logging_mixin.py:103} INFO - [2021-02-25 17:25:38,437] {dagbag.py:440} INFO - Filling up the DagBag from /home/i-sip_iot/anaconda3/envs/sandbox/lib/python3.7/site-packages/airflow/example_dags/example_short_circuit_operator.py
[2021-02-25 17:25:38,456] {scheduler_job.py:639} INFO - DAG(s) dict_keys(['example_short_circuit_operator']) retrieved from /home/i-sip_iot/anaconda3/envs/sandbox/lib/python3.7/site-packages/airflow/example_dags/example_short_circuit_operator.py
[2021-02-25 17:25:38,457] {logging_mixin.py:103} INFO - [2021-02-25 17:25:38,457] {dag.py:1813} INFO - Sync 1 DAGs
[2021-02-25 17:25:38,475] {logging_mixin.py:103} INFO - [2021-02-25 17:25:38,475] {dag.py:2266} INFO - Setting next_dagrun for example_short_circuit_operator to 2021-02-23 00:00:00+00:00
[2021-02-25 17:25:38,488] {scheduler_job.py:189} INFO - Processing /home/i-sip_iot/anaconda3/envs/sandbox/lib/python3.7/site-packages/airflow/example_dags/example_short_circuit_operator.py took 0.060 seconds
[2021-02-25 17:26:05,230] {scheduler_job.py:181} INFO - Started process (PID=187886) to work on /home/i-sip_iot/anaconda3/envs/sandbox/lib/python3.7/site-packages/airflow/example_dags/example_short_circuit_operator.py
[2021-02-25 17:26:05,232] {scheduler_job.py:629} INFO - Processing file /home/i-sip_iot/anaconda3/envs/sandbox/lib/python3.7/site-packages/airflow/example_dags/example_short_circuit_operator.py for tasks to queue
[2021-02-25 17:26:05,232] {logging_mixin.py:103} INFO - [2021-02-25 17:26:05,232] {dagbag.py:440} INFO - Filling up the DagBag from /home/i-sip_iot/anaconda3/envs/sandbox/lib/python3.7/site-packages/airflow/example_dags/example_short_circuit_operator.py
[2021-02-25 17:26:05,247] {scheduler_job.py:639} INFO - DAG(s) dict_keys(['example_short_circuit_operator']) retrieved from /home/i-sip_iot/anaconda3/envs/sandbox/lib/python3.7/site-packages/airflow/example_dags/example_short_circuit_operator.py
[2021-02-25 17:26:05,248] {logging_mixin.py:103} INFO - [2021-02-25 17:26:05,248] {dag.py:1813} INFO - Sync 1 DAGs
[2021-02-25 17:26:05,262] {logging_mixin.py:103} INFO - [2021-02-25 17:26:05,262] {dag.py:2266} INFO - Setting next_dagrun for example_short_circuit_operator to 2021-02-23 00:00:00+00:00
[2021-02-25 17:26:05,271] {scheduler_job.py:189} INFO - Processing /home/i-sip_iot/anaconda3/envs/sandbox/lib/python3.7/site-packages/airflow/example_dags/example_short_circuit_operator.py took 0.045 seconds
[2021-02-25 17:26:32,683] {scheduler_job.py:181} INFO - Started process (PID=187958) to work on /home/i-sip_iot/anaconda3/envs/sandbox/lib/python3.7/site-packages/airflow/example_dags/example_short_circuit_operator.py
[2021-02-25 17:26:32,684] {scheduler_job.py:629} INFO - Processing file /home/i-sip_iot/anaconda3/envs/sandbox/lib/python3.7/site-packages/airflow/example_dags/example_short_circuit_operator.py for tasks to queue
[2021-02-25 17:26:32,684] {logging_mixin.py:103} INFO - [2021-02-25 17:26:32,684] {dagbag.py:440} INFO - Filling up the DagBag from /home/i-sip_iot/anaconda3/envs/sandbox/lib/python3.7/site-packages/airflow/example_dags/example_short_circuit_operator.py
[2021-02-25 17:26:32,692] {scheduler_job.py:639} INFO - DAG(s) dict_keys(['example_short_circuit_operator']) retrieved from /home/i-sip_iot/anaconda3/envs/sandbox/lib/python3.7/site-packages/airflow/example_dags/example_short_circuit_operator.py
[2021-02-25 17:26:32,693] {logging_mixin.py:103} INFO - [2021-02-25 17:26:32,693] {dag.py:1813} INFO - Sync 1 DAGs
[2021-02-25 17:26:32,703] {logging_mixin.py:103} INFO - [2021-02-25 17:26:32,703] {dag.py:2266} INFO - Setting next_dagrun for example_short_circuit_operator to 2021-02-23 00:00:00+00:00
[2021-02-25 17:26:32,713] {scheduler_job.py:189} INFO - Processing /home/i-sip_iot/anaconda3/envs/sandbox/lib/python3.7/site-packages/airflow/example_dags/example_short_circuit_operator.py took 0.032 seconds
[2021-02-25 17:26:58,591] {scheduler_job.py:181} INFO - Started process (PID=188229) to work on /home/i-sip_iot/anaconda3/envs/sandbox/lib/python3.7/site-packages/airflow/example_dags/example_short_circuit_operator.py
[2021-02-25 17:26:58,592] {scheduler_job.py:629} INFO - Processing file /home/i-sip_iot/anaconda3/envs/sandbox/lib/python3.7/site-packages/airflow/example_dags/example_short_circuit_operator.py for tasks to queue
[2021-02-25 17:26:58,592] {logging_mixin.py:103} INFO - [2021-02-25 17:26:58,592] {dagbag.py:440} INFO - Filling up the DagBag from /home/i-sip_iot/anaconda3/envs/sandbox/lib/python3.7/site-packages/airflow/example_dags/example_short_circuit_operator.py
[2021-02-25 17:26:58,598] {scheduler_job.py:639} INFO - DAG(s) dict_keys(['example_short_circuit_operator']) retrieved from /home/i-sip_iot/anaconda3/envs/sandbox/lib/python3.7/site-packages/airflow/example_dags/example_short_circuit_operator.py
[2021-02-25 17:26:58,599] {logging_mixin.py:103} INFO - [2021-02-25 17:26:58,599] {dag.py:1813} INFO - Sync 1 DAGs
[2021-02-25 17:26:58,609] {logging_mixin.py:103} INFO - [2021-02-25 17:26:58,609] {dag.py:2266} INFO - Setting next_dagrun for example_short_circuit_operator to 2021-02-23 00:00:00+00:00
[2021-02-25 17:26:58,617] {scheduler_job.py:189} INFO - Processing /home/i-sip_iot/anaconda3/envs/sandbox/lib/python3.7/site-packages/airflow/example_dags/example_short_circuit_operator.py took 0.028 seconds
[2021-02-25 17:27:25,341] {scheduler_job.py:181} INFO - Started process (PID=188297) to work on /home/i-sip_iot/anaconda3/envs/sandbox/lib/python3.7/site-packages/airflow/example_dags/example_short_circuit_operator.py
[2021-02-25 17:27:25,342] {scheduler_job.py:629} INFO - Processing file /home/i-sip_iot/anaconda3/envs/sandbox/lib/python3.7/site-packages/airflow/example_dags/example_short_circuit_operator.py for tasks to queue
[2021-02-25 17:27:25,343] {logging_mixin.py:103} INFO - [2021-02-25 17:27:25,343] {dagbag.py:440} INFO - Filling up the DagBag from /home/i-sip_iot/anaconda3/envs/sandbox/lib/python3.7/site-packages/airflow/example_dags/example_short_circuit_operator.py
[2021-02-25 17:27:25,352] {scheduler_job.py:639} INFO - DAG(s) dict_keys(['example_short_circuit_operator']) retrieved from /home/i-sip_iot/anaconda3/envs/sandbox/lib/python3.7/site-packages/airflow/example_dags/example_short_circuit_operator.py
[2021-02-25 17:27:25,352] {logging_mixin.py:103} INFO - [2021-02-25 17:27:25,352] {dag.py:1813} INFO - Sync 1 DAGs
[2021-02-25 17:27:25,363] {logging_mixin.py:103} INFO - [2021-02-25 17:27:25,363] {dag.py:2266} INFO - Setting next_dagrun for example_short_circuit_operator to 2021-02-23 00:00:00+00:00
[2021-02-25 17:27:25,371] {scheduler_job.py:189} INFO - Processing /home/i-sip_iot/anaconda3/envs/sandbox/lib/python3.7/site-packages/airflow/example_dags/example_short_circuit_operator.py took 0.033 seconds
[2021-02-25 17:27:53,543] {scheduler_job.py:181} INFO - Started process (PID=188574) to work on /home/i-sip_iot/anaconda3/envs/sandbox/lib/python3.7/site-packages/airflow/example_dags/example_short_circuit_operator.py
[2021-02-25 17:27:53,544] {scheduler_job.py:629} INFO - Processing file /home/i-sip_iot/anaconda3/envs/sandbox/lib/python3.7/site-packages/airflow/example_dags/example_short_circuit_operator.py for tasks to queue
[2021-02-25 17:27:53,544] {logging_mixin.py:103} INFO - [2021-02-25 17:27:53,544] {dagbag.py:440} INFO - Filling up the DagBag from /home/i-sip_iot/anaconda3/envs/sandbox/lib/python3.7/site-packages/airflow/example_dags/example_short_circuit_operator.py
[2021-02-25 17:27:53,555] {scheduler_job.py:639} INFO - DAG(s) dict_keys(['example_short_circuit_operator']) retrieved from /home/i-sip_iot/anaconda3/envs/sandbox/lib/python3.7/site-packages/airflow/example_dags/example_short_circuit_operator.py
[2021-02-25 17:27:53,556] {logging_mixin.py:103} INFO - [2021-02-25 17:27:53,555] {dag.py:1813} INFO - Sync 1 DAGs
[2021-02-25 17:27:53,571] {logging_mixin.py:103} INFO - [2021-02-25 17:27:53,571] {dag.py:2266} INFO - Setting next_dagrun for example_short_circuit_operator to 2021-02-23 00:00:00+00:00
[2021-02-25 17:27:53,580] {scheduler_job.py:189} INFO - Processing /home/i-sip_iot/anaconda3/envs/sandbox/lib/python3.7/site-packages/airflow/example_dags/example_short_circuit_operator.py took 0.040 seconds
[2021-02-25 17:28:21,036] {scheduler_job.py:181} INFO - Started process (PID=188664) to work on /home/i-sip_iot/anaconda3/envs/sandbox/lib/python3.7/site-packages/airflow/example_dags/example_short_circuit_operator.py
[2021-02-25 17:28:21,037] {scheduler_job.py:629} INFO - Processing file /home/i-sip_iot/anaconda3/envs/sandbox/lib/python3.7/site-packages/airflow/example_dags/example_short_circuit_operator.py for tasks to queue
[2021-02-25 17:28:21,038] {logging_mixin.py:103} INFO - [2021-02-25 17:28:21,038] {dagbag.py:440} INFO - Filling up the DagBag from /home/i-sip_iot/anaconda3/envs/sandbox/lib/python3.7/site-packages/airflow/example_dags/example_short_circuit_operator.py
[2021-02-25 17:28:21,050] {scheduler_job.py:639} INFO - DAG(s) dict_keys(['example_short_circuit_operator']) retrieved from /home/i-sip_iot/anaconda3/envs/sandbox/lib/python3.7/site-packages/airflow/example_dags/example_short_circuit_operator.py
[2021-02-25 17:28:21,051] {logging_mixin.py:103} INFO - [2021-02-25 17:28:21,051] {dag.py:1813} INFO - Sync 1 DAGs
[2021-02-25 17:28:21,062] {logging_mixin.py:103} INFO - [2021-02-25 17:28:21,062] {dag.py:2266} INFO - Setting next_dagrun for example_short_circuit_operator to 2021-02-23 00:00:00+00:00
[2021-02-25 17:28:21,070] {scheduler_job.py:189} INFO - Processing /home/i-sip_iot/anaconda3/envs/sandbox/lib/python3.7/site-packages/airflow/example_dags/example_short_circuit_operator.py took 0.037 seconds
[2021-02-25 17:28:47,909] {scheduler_job.py:181} INFO - Started process (PID=188910) to work on /home/i-sip_iot/anaconda3/envs/sandbox/lib/python3.7/site-packages/airflow/example_dags/example_short_circuit_operator.py
[2021-02-25 17:28:47,910] {scheduler_job.py:629} INFO - Processing file /home/i-sip_iot/anaconda3/envs/sandbox/lib/python3.7/site-packages/airflow/example_dags/example_short_circuit_operator.py for tasks to queue
[2021-02-25 17:28:47,910] {logging_mixin.py:103} INFO - [2021-02-25 17:28:47,910] {dagbag.py:440} INFO - Filling up the DagBag from /home/i-sip_iot/anaconda3/envs/sandbox/lib/python3.7/site-packages/airflow/example_dags/example_short_circuit_operator.py
[2021-02-25 17:28:47,922] {scheduler_job.py:639} INFO - DAG(s) dict_keys(['example_short_circuit_operator']) retrieved from /home/i-sip_iot/anaconda3/envs/sandbox/lib/python3.7/site-packages/airflow/example_dags/example_short_circuit_operator.py
[2021-02-25 17:28:47,923] {logging_mixin.py:103} INFO - [2021-02-25 17:28:47,923] {dag.py:1813} INFO - Sync 1 DAGs
[2021-02-25 17:28:47,939] {logging_mixin.py:103} INFO - [2021-02-25 17:28:47,939] {dag.py:2266} INFO - Setting next_dagrun for example_short_circuit_operator to 2021-02-23 00:00:00+00:00
[2021-02-25 17:28:47,948] {scheduler_job.py:189} INFO - Processing /home/i-sip_iot/anaconda3/envs/sandbox/lib/python3.7/site-packages/airflow/example_dags/example_short_circuit_operator.py took 0.043 seconds
[2021-02-25 17:29:15,777] {scheduler_job.py:181} INFO - Started process (PID=189004) to work on /home/i-sip_iot/anaconda3/envs/sandbox/lib/python3.7/site-packages/airflow/example_dags/example_short_circuit_operator.py
[2021-02-25 17:29:15,779] {scheduler_job.py:629} INFO - Processing file /home/i-sip_iot/anaconda3/envs/sandbox/lib/python3.7/site-packages/airflow/example_dags/example_short_circuit_operator.py for tasks to queue
[2021-02-25 17:29:15,781] {logging_mixin.py:103} INFO - [2021-02-25 17:29:15,780] {dagbag.py:440} INFO - Filling up the DagBag from /home/i-sip_iot/anaconda3/envs/sandbox/lib/python3.7/site-packages/airflow/example_dags/example_short_circuit_operator.py
[2021-02-25 17:29:15,798] {scheduler_job.py:639} INFO - DAG(s) dict_keys(['example_short_circuit_operator']) retrieved from /home/i-sip_iot/anaconda3/envs/sandbox/lib/python3.7/site-packages/airflow/example_dags/example_short_circuit_operator.py
[2021-02-25 17:29:15,799] {logging_mixin.py:103} INFO - [2021-02-25 17:29:15,799] {dag.py:1813} INFO - Sync 1 DAGs
[2021-02-25 17:29:15,812] {logging_mixin.py:103} INFO - [2021-02-25 17:29:15,812] {dag.py:2266} INFO - Setting next_dagrun for example_short_circuit_operator to 2021-02-23 00:00:00+00:00
[2021-02-25 17:29:15,821] {scheduler_job.py:189} INFO - Processing /home/i-sip_iot/anaconda3/envs/sandbox/lib/python3.7/site-packages/airflow/example_dags/example_short_circuit_operator.py took 0.050 seconds
[2021-02-25 17:29:43,192] {scheduler_job.py:181} INFO - Started process (PID=189259) to work on /home/i-sip_iot/anaconda3/envs/sandbox/lib/python3.7/site-packages/airflow/example_dags/example_short_circuit_operator.py
[2021-02-25 17:29:43,194] {scheduler_job.py:629} INFO - Processing file /home/i-sip_iot/anaconda3/envs/sandbox/lib/python3.7/site-packages/airflow/example_dags/example_short_circuit_operator.py for tasks to queue
[2021-02-25 17:29:43,195] {logging_mixin.py:103} INFO - [2021-02-25 17:29:43,195] {dagbag.py:440} INFO - Filling up the DagBag from /home/i-sip_iot/anaconda3/envs/sandbox/lib/python3.7/site-packages/airflow/example_dags/example_short_circuit_operator.py
[2021-02-25 17:29:43,210] {scheduler_job.py:639} INFO - DAG(s) dict_keys(['example_short_circuit_operator']) retrieved from /home/i-sip_iot/anaconda3/envs/sandbox/lib/python3.7/site-packages/airflow/example_dags/example_short_circuit_operator.py
[2021-02-25 17:29:43,210] {logging_mixin.py:103} INFO - [2021-02-25 17:29:43,210] {dag.py:1813} INFO - Sync 1 DAGs
[2021-02-25 17:29:43,227] {logging_mixin.py:103} INFO - [2021-02-25 17:29:43,227] {dag.py:2266} INFO - Setting next_dagrun for example_short_circuit_operator to 2021-02-23 00:00:00+00:00
[2021-02-25 17:29:43,236] {scheduler_job.py:189} INFO - Processing /home/i-sip_iot/anaconda3/envs/sandbox/lib/python3.7/site-packages/airflow/example_dags/example_short_circuit_operator.py took 0.050 seconds
[2021-02-25 17:30:10,578] {scheduler_job.py:181} INFO - Started process (PID=189358) to work on /home/i-sip_iot/anaconda3/envs/sandbox/lib/python3.7/site-packages/airflow/example_dags/example_short_circuit_operator.py
[2021-02-25 17:30:10,581] {scheduler_job.py:629} INFO - Processing file /home/i-sip_iot/anaconda3/envs/sandbox/lib/python3.7/site-packages/airflow/example_dags/example_short_circuit_operator.py for tasks to queue
[2021-02-25 17:30:10,583] {logging_mixin.py:103} INFO - [2021-02-25 17:30:10,582] {dagbag.py:440} INFO - Filling up the DagBag from /home/i-sip_iot/anaconda3/envs/sandbox/lib/python3.7/site-packages/airflow/example_dags/example_short_circuit_operator.py
[2021-02-25 17:30:10,603] {scheduler_job.py:639} INFO - DAG(s) dict_keys(['example_short_circuit_operator']) retrieved from /home/i-sip_iot/anaconda3/envs/sandbox/lib/python3.7/site-packages/airflow/example_dags/example_short_circuit_operator.py
[2021-02-25 17:30:10,604] {logging_mixin.py:103} INFO - [2021-02-25 17:30:10,603] {dag.py:1813} INFO - Sync 1 DAGs
[2021-02-25 17:30:10,618] {logging_mixin.py:103} INFO - [2021-02-25 17:30:10,618] {dag.py:2266} INFO - Setting next_dagrun for example_short_circuit_operator to 2021-02-23 00:00:00+00:00
[2021-02-25 17:30:10,626] {scheduler_job.py:189} INFO - Processing /home/i-sip_iot/anaconda3/envs/sandbox/lib/python3.7/site-packages/airflow/example_dags/example_short_circuit_operator.py took 0.056 seconds
[2021-02-25 17:30:37,722] {scheduler_job.py:181} INFO - Started process (PID=189447) to work on /home/i-sip_iot/anaconda3/envs/sandbox/lib/python3.7/site-packages/airflow/example_dags/example_short_circuit_operator.py
[2021-02-25 17:30:37,724] {scheduler_job.py:629} INFO - Processing file /home/i-sip_iot/anaconda3/envs/sandbox/lib/python3.7/site-packages/airflow/example_dags/example_short_circuit_operator.py for tasks to queue
[2021-02-25 17:30:37,725] {logging_mixin.py:103} INFO - [2021-02-25 17:30:37,725] {dagbag.py:440} INFO - Filling up the DagBag from /home/i-sip_iot/anaconda3/envs/sandbox/lib/python3.7/site-packages/airflow/example_dags/example_short_circuit_operator.py
[2021-02-25 17:30:37,742] {scheduler_job.py:639} INFO - DAG(s) dict_keys(['example_short_circuit_operator']) retrieved from /home/i-sip_iot/anaconda3/envs/sandbox/lib/python3.7/site-packages/airflow/example_dags/example_short_circuit_operator.py
[2021-02-25 17:30:37,742] {logging_mixin.py:103} INFO - [2021-02-25 17:30:37,742] {dag.py:1813} INFO - Sync 1 DAGs
[2021-02-25 17:30:37,759] {logging_mixin.py:103} INFO - [2021-02-25 17:30:37,759] {dag.py:2266} INFO - Setting next_dagrun for example_short_circuit_operator to 2021-02-23 00:00:00+00:00
[2021-02-25 17:30:37,772] {scheduler_job.py:189} INFO - Processing /home/i-sip_iot/anaconda3/envs/sandbox/lib/python3.7/site-packages/airflow/example_dags/example_short_circuit_operator.py took 0.056 seconds
[2021-02-25 17:31:05,725] {scheduler_job.py:181} INFO - Started process (PID=189707) to work on /home/i-sip_iot/anaconda3/envs/sandbox/lib/python3.7/site-packages/airflow/example_dags/example_short_circuit_operator.py
[2021-02-25 17:31:05,727] {scheduler_job.py:629} INFO - Processing file /home/i-sip_iot/anaconda3/envs/sandbox/lib/python3.7/site-packages/airflow/example_dags/example_short_circuit_operator.py for tasks to queue
[2021-02-25 17:31:05,729] {logging_mixin.py:103} INFO - [2021-02-25 17:31:05,728] {dagbag.py:440} INFO - Filling up the DagBag from /home/i-sip_iot/anaconda3/envs/sandbox/lib/python3.7/site-packages/airflow/example_dags/example_short_circuit_operator.py
[2021-02-25 17:31:05,746] {scheduler_job.py:639} INFO - DAG(s) dict_keys(['example_short_circuit_operator']) retrieved from /home/i-sip_iot/anaconda3/envs/sandbox/lib/python3.7/site-packages/airflow/example_dags/example_short_circuit_operator.py
[2021-02-25 17:31:05,747] {logging_mixin.py:103} INFO - [2021-02-25 17:31:05,747] {dag.py:1813} INFO - Sync 1 DAGs
[2021-02-25 17:31:05,760] {logging_mixin.py:103} INFO - [2021-02-25 17:31:05,760] {dag.py:2266} INFO - Setting next_dagrun for example_short_circuit_operator to 2021-02-23 00:00:00+00:00
[2021-02-25 17:31:05,769] {scheduler_job.py:189} INFO - Processing /home/i-sip_iot/anaconda3/envs/sandbox/lib/python3.7/site-packages/airflow/example_dags/example_short_circuit_operator.py took 0.050 seconds
[2021-02-25 17:31:32,100] {scheduler_job.py:181} INFO - Started process (PID=189808) to work on /home/i-sip_iot/anaconda3/envs/sandbox/lib/python3.7/site-packages/airflow/example_dags/example_short_circuit_operator.py
[2021-02-25 17:31:32,100] {scheduler_job.py:629} INFO - Processing file /home/i-sip_iot/anaconda3/envs/sandbox/lib/python3.7/site-packages/airflow/example_dags/example_short_circuit_operator.py for tasks to queue
[2021-02-25 17:31:32,101] {logging_mixin.py:103} INFO - [2021-02-25 17:31:32,101] {dagbag.py:440} INFO - Filling up the DagBag from /home/i-sip_iot/anaconda3/envs/sandbox/lib/python3.7/site-packages/airflow/example_dags/example_short_circuit_operator.py
[2021-02-25 17:31:32,106] {scheduler_job.py:639} INFO - DAG(s) dict_keys(['example_short_circuit_operator']) retrieved from /home/i-sip_iot/anaconda3/envs/sandbox/lib/python3.7/site-packages/airflow/example_dags/example_short_circuit_operator.py
[2021-02-25 17:31:32,107] {logging_mixin.py:103} INFO - [2021-02-25 17:31:32,107] {dag.py:1813} INFO - Sync 1 DAGs
[2021-02-25 17:31:32,118] {logging_mixin.py:103} INFO - [2021-02-25 17:31:32,118] {dag.py:2266} INFO - Setting next_dagrun for example_short_circuit_operator to 2021-02-23 00:00:00+00:00
[2021-02-25 17:31:32,126] {scheduler_job.py:189} INFO - Processing /home/i-sip_iot/anaconda3/envs/sandbox/lib/python3.7/site-packages/airflow/example_dags/example_short_circuit_operator.py took 0.027 seconds
[2021-02-25 17:31:58,991] {scheduler_job.py:181} INFO - Started process (PID=190034) to work on /home/i-sip_iot/anaconda3/envs/sandbox/lib/python3.7/site-packages/airflow/example_dags/example_short_circuit_operator.py
[2021-02-25 17:31:58,993] {scheduler_job.py:629} INFO - Processing file /home/i-sip_iot/anaconda3/envs/sandbox/lib/python3.7/site-packages/airflow/example_dags/example_short_circuit_operator.py for tasks to queue
[2021-02-25 17:31:58,994] {logging_mixin.py:103} INFO - [2021-02-25 17:31:58,994] {dagbag.py:440} INFO - Filling up the DagBag from /home/i-sip_iot/anaconda3/envs/sandbox/lib/python3.7/site-packages/airflow/example_dags/example_short_circuit_operator.py
[2021-02-25 17:31:59,004] {scheduler_job.py:639} INFO - DAG(s) dict_keys(['example_short_circuit_operator']) retrieved from /home/i-sip_iot/anaconda3/envs/sandbox/lib/python3.7/site-packages/airflow/example_dags/example_short_circuit_operator.py
[2021-02-25 17:31:59,005] {logging_mixin.py:103} INFO - [2021-02-25 17:31:59,005] {dag.py:1813} INFO - Sync 1 DAGs
[2021-02-25 17:31:59,016] {logging_mixin.py:103} INFO - [2021-02-25 17:31:59,016] {dag.py:2266} INFO - Setting next_dagrun for example_short_circuit_operator to 2021-02-23 00:00:00+00:00
[2021-02-25 17:31:59,024] {scheduler_job.py:189} INFO - Processing /home/i-sip_iot/anaconda3/envs/sandbox/lib/python3.7/site-packages/airflow/example_dags/example_short_circuit_operator.py took 0.036 seconds
