[2021-02-25 17:15:31,765] {scheduler_job.py:181} INFO - Started process (PID=184379) to work on /home/i-sip_iot/anaconda3/envs/sandbox/lib/python3.7/site-packages/airflow/example_dags/example_branch_python_dop_operator_3.py
[2021-02-25 17:15:31,767] {scheduler_job.py:629} INFO - Processing file /home/i-sip_iot/anaconda3/envs/sandbox/lib/python3.7/site-packages/airflow/example_dags/example_branch_python_dop_operator_3.py for tasks to queue
[2021-02-25 17:15:31,769] {logging_mixin.py:103} INFO - [2021-02-25 17:15:31,769] {dagbag.py:440} INFO - Filling up the DagBag from /home/i-sip_iot/anaconda3/envs/sandbox/lib/python3.7/site-packages/airflow/example_dags/example_branch_python_dop_operator_3.py
[2021-02-25 17:15:31,791] {scheduler_job.py:639} INFO - DAG(s) dict_keys(['example_branch_dop_operator_v3']) retrieved from /home/i-sip_iot/anaconda3/envs/sandbox/lib/python3.7/site-packages/airflow/example_dags/example_branch_python_dop_operator_3.py
[2021-02-25 17:15:31,792] {logging_mixin.py:103} INFO - [2021-02-25 17:15:31,792] {dag.py:1813} INFO - Sync 1 DAGs
[2021-02-25 17:15:31,815] {logging_mixin.py:103} INFO - [2021-02-25 17:15:31,815] {dag.py:2266} INFO - Setting next_dagrun for example_branch_dop_operator_v3 to 2021-02-23 00:00:00+00:00
[2021-02-25 17:15:31,834] {scheduler_job.py:189} INFO - Processing /home/i-sip_iot/anaconda3/envs/sandbox/lib/python3.7/site-packages/airflow/example_dags/example_branch_python_dop_operator_3.py took 0.076 seconds
[2021-02-25 17:15:59,330] {scheduler_job.py:181} INFO - Started process (PID=184617) to work on /home/i-sip_iot/anaconda3/envs/sandbox/lib/python3.7/site-packages/airflow/example_dags/example_branch_python_dop_operator_3.py
[2021-02-25 17:15:59,331] {scheduler_job.py:629} INFO - Processing file /home/i-sip_iot/anaconda3/envs/sandbox/lib/python3.7/site-packages/airflow/example_dags/example_branch_python_dop_operator_3.py for tasks to queue
[2021-02-25 17:15:59,332] {logging_mixin.py:103} INFO - [2021-02-25 17:15:59,332] {dagbag.py:440} INFO - Filling up the DagBag from /home/i-sip_iot/anaconda3/envs/sandbox/lib/python3.7/site-packages/airflow/example_dags/example_branch_python_dop_operator_3.py
[2021-02-25 17:15:59,345] {scheduler_job.py:639} INFO - DAG(s) dict_keys(['example_branch_dop_operator_v3']) retrieved from /home/i-sip_iot/anaconda3/envs/sandbox/lib/python3.7/site-packages/airflow/example_dags/example_branch_python_dop_operator_3.py
[2021-02-25 17:15:59,346] {logging_mixin.py:103} INFO - [2021-02-25 17:15:59,346] {dag.py:1813} INFO - Sync 1 DAGs
[2021-02-25 17:15:59,366] {logging_mixin.py:103} INFO - [2021-02-25 17:15:59,366] {dag.py:2266} INFO - Setting next_dagrun for example_branch_dop_operator_v3 to 2021-02-23 00:00:00+00:00
[2021-02-25 17:15:59,371] {scheduler_job.py:189} INFO - Processing /home/i-sip_iot/anaconda3/envs/sandbox/lib/python3.7/site-packages/airflow/example_dags/example_branch_python_dop_operator_3.py took 0.045 seconds
[2021-02-25 17:16:26,251] {scheduler_job.py:181} INFO - Started process (PID=184690) to work on /home/i-sip_iot/anaconda3/envs/sandbox/lib/python3.7/site-packages/airflow/example_dags/example_branch_python_dop_operator_3.py
[2021-02-25 17:16:26,254] {scheduler_job.py:629} INFO - Processing file /home/i-sip_iot/anaconda3/envs/sandbox/lib/python3.7/site-packages/airflow/example_dags/example_branch_python_dop_operator_3.py for tasks to queue
[2021-02-25 17:16:26,255] {logging_mixin.py:103} INFO - [2021-02-25 17:16:26,255] {dagbag.py:440} INFO - Filling up the DagBag from /home/i-sip_iot/anaconda3/envs/sandbox/lib/python3.7/site-packages/airflow/example_dags/example_branch_python_dop_operator_3.py
[2021-02-25 17:16:26,278] {scheduler_job.py:639} INFO - DAG(s) dict_keys(['example_branch_dop_operator_v3']) retrieved from /home/i-sip_iot/anaconda3/envs/sandbox/lib/python3.7/site-packages/airflow/example_dags/example_branch_python_dop_operator_3.py
[2021-02-25 17:16:26,279] {logging_mixin.py:103} INFO - [2021-02-25 17:16:26,279] {dag.py:1813} INFO - Sync 1 DAGs
[2021-02-25 17:16:26,302] {logging_mixin.py:103} INFO - [2021-02-25 17:16:26,302] {dag.py:2266} INFO - Setting next_dagrun for example_branch_dop_operator_v3 to 2021-02-23 00:00:00+00:00
[2021-02-25 17:16:26,309] {scheduler_job.py:189} INFO - Processing /home/i-sip_iot/anaconda3/envs/sandbox/lib/python3.7/site-packages/airflow/example_dags/example_branch_python_dop_operator_3.py took 0.064 seconds
[2021-02-25 17:16:53,695] {scheduler_job.py:181} INFO - Started process (PID=184931) to work on /home/i-sip_iot/anaconda3/envs/sandbox/lib/python3.7/site-packages/airflow/example_dags/example_branch_python_dop_operator_3.py
[2021-02-25 17:16:53,697] {scheduler_job.py:629} INFO - Processing file /home/i-sip_iot/anaconda3/envs/sandbox/lib/python3.7/site-packages/airflow/example_dags/example_branch_python_dop_operator_3.py for tasks to queue
[2021-02-25 17:16:53,698] {logging_mixin.py:103} INFO - [2021-02-25 17:16:53,697] {dagbag.py:440} INFO - Filling up the DagBag from /home/i-sip_iot/anaconda3/envs/sandbox/lib/python3.7/site-packages/airflow/example_dags/example_branch_python_dop_operator_3.py
[2021-02-25 17:16:53,716] {scheduler_job.py:639} INFO - DAG(s) dict_keys(['example_branch_dop_operator_v3']) retrieved from /home/i-sip_iot/anaconda3/envs/sandbox/lib/python3.7/site-packages/airflow/example_dags/example_branch_python_dop_operator_3.py
[2021-02-25 17:16:53,717] {logging_mixin.py:103} INFO - [2021-02-25 17:16:53,717] {dag.py:1813} INFO - Sync 1 DAGs
[2021-02-25 17:16:53,745] {logging_mixin.py:103} INFO - [2021-02-25 17:16:53,745] {dag.py:2266} INFO - Setting next_dagrun for example_branch_dop_operator_v3 to 2021-02-23 00:00:00+00:00
[2021-02-25 17:16:53,753] {scheduler_job.py:189} INFO - Processing /home/i-sip_iot/anaconda3/envs/sandbox/lib/python3.7/site-packages/airflow/example_dags/example_branch_python_dop_operator_3.py took 0.060 seconds
[2021-02-25 17:17:21,105] {scheduler_job.py:181} INFO - Started process (PID=184999) to work on /home/i-sip_iot/anaconda3/envs/sandbox/lib/python3.7/site-packages/airflow/example_dags/example_branch_python_dop_operator_3.py
[2021-02-25 17:17:21,106] {scheduler_job.py:629} INFO - Processing file /home/i-sip_iot/anaconda3/envs/sandbox/lib/python3.7/site-packages/airflow/example_dags/example_branch_python_dop_operator_3.py for tasks to queue
[2021-02-25 17:17:21,107] {logging_mixin.py:103} INFO - [2021-02-25 17:17:21,107] {dagbag.py:440} INFO - Filling up the DagBag from /home/i-sip_iot/anaconda3/envs/sandbox/lib/python3.7/site-packages/airflow/example_dags/example_branch_python_dop_operator_3.py
[2021-02-25 17:17:21,123] {scheduler_job.py:639} INFO - DAG(s) dict_keys(['example_branch_dop_operator_v3']) retrieved from /home/i-sip_iot/anaconda3/envs/sandbox/lib/python3.7/site-packages/airflow/example_dags/example_branch_python_dop_operator_3.py
[2021-02-25 17:17:21,124] {logging_mixin.py:103} INFO - [2021-02-25 17:17:21,124] {dag.py:1813} INFO - Sync 1 DAGs
[2021-02-25 17:17:21,150] {logging_mixin.py:103} INFO - [2021-02-25 17:17:21,150] {dag.py:2266} INFO - Setting next_dagrun for example_branch_dop_operator_v3 to 2021-02-23 00:00:00+00:00
[2021-02-25 17:17:21,158] {scheduler_job.py:189} INFO - Processing /home/i-sip_iot/anaconda3/envs/sandbox/lib/python3.7/site-packages/airflow/example_dags/example_branch_python_dop_operator_3.py took 0.056 seconds
[2021-02-25 17:17:48,635] {scheduler_job.py:181} INFO - Started process (PID=185236) to work on /home/i-sip_iot/anaconda3/envs/sandbox/lib/python3.7/site-packages/airflow/example_dags/example_branch_python_dop_operator_3.py
[2021-02-25 17:17:48,637] {scheduler_job.py:629} INFO - Processing file /home/i-sip_iot/anaconda3/envs/sandbox/lib/python3.7/site-packages/airflow/example_dags/example_branch_python_dop_operator_3.py for tasks to queue
[2021-02-25 17:17:48,637] {logging_mixin.py:103} INFO - [2021-02-25 17:17:48,637] {dagbag.py:440} INFO - Filling up the DagBag from /home/i-sip_iot/anaconda3/envs/sandbox/lib/python3.7/site-packages/airflow/example_dags/example_branch_python_dop_operator_3.py
[2021-02-25 17:17:48,651] {scheduler_job.py:639} INFO - DAG(s) dict_keys(['example_branch_dop_operator_v3']) retrieved from /home/i-sip_iot/anaconda3/envs/sandbox/lib/python3.7/site-packages/airflow/example_dags/example_branch_python_dop_operator_3.py
[2021-02-25 17:17:48,652] {logging_mixin.py:103} INFO - [2021-02-25 17:17:48,652] {dag.py:1813} INFO - Sync 1 DAGs
[2021-02-25 17:17:48,673] {logging_mixin.py:103} INFO - [2021-02-25 17:17:48,673] {dag.py:2266} INFO - Setting next_dagrun for example_branch_dop_operator_v3 to 2021-02-23 00:00:00+00:00
[2021-02-25 17:17:48,684] {scheduler_job.py:189} INFO - Processing /home/i-sip_iot/anaconda3/envs/sandbox/lib/python3.7/site-packages/airflow/example_dags/example_branch_python_dop_operator_3.py took 0.051 seconds
[2021-02-25 17:18:15,528] {scheduler_job.py:181} INFO - Started process (PID=185313) to work on /home/i-sip_iot/anaconda3/envs/sandbox/lib/python3.7/site-packages/airflow/example_dags/example_branch_python_dop_operator_3.py
[2021-02-25 17:18:15,529] {scheduler_job.py:629} INFO - Processing file /home/i-sip_iot/anaconda3/envs/sandbox/lib/python3.7/site-packages/airflow/example_dags/example_branch_python_dop_operator_3.py for tasks to queue
[2021-02-25 17:18:15,530] {logging_mixin.py:103} INFO - [2021-02-25 17:18:15,530] {dagbag.py:440} INFO - Filling up the DagBag from /home/i-sip_iot/anaconda3/envs/sandbox/lib/python3.7/site-packages/airflow/example_dags/example_branch_python_dop_operator_3.py
[2021-02-25 17:18:15,547] {scheduler_job.py:639} INFO - DAG(s) dict_keys(['example_branch_dop_operator_v3']) retrieved from /home/i-sip_iot/anaconda3/envs/sandbox/lib/python3.7/site-packages/airflow/example_dags/example_branch_python_dop_operator_3.py
[2021-02-25 17:18:15,549] {logging_mixin.py:103} INFO - [2021-02-25 17:18:15,548] {dag.py:1813} INFO - Sync 1 DAGs
[2021-02-25 17:18:15,576] {logging_mixin.py:103} INFO - [2021-02-25 17:18:15,576] {dag.py:2266} INFO - Setting next_dagrun for example_branch_dop_operator_v3 to 2021-02-23 00:00:00+00:00
[2021-02-25 17:18:15,591] {scheduler_job.py:189} INFO - Processing /home/i-sip_iot/anaconda3/envs/sandbox/lib/python3.7/site-packages/airflow/example_dags/example_branch_python_dop_operator_3.py took 0.067 seconds
[2021-02-25 17:18:42,923] {scheduler_job.py:181} INFO - Started process (PID=185541) to work on /home/i-sip_iot/anaconda3/envs/sandbox/lib/python3.7/site-packages/airflow/example_dags/example_branch_python_dop_operator_3.py
[2021-02-25 17:18:42,924] {scheduler_job.py:629} INFO - Processing file /home/i-sip_iot/anaconda3/envs/sandbox/lib/python3.7/site-packages/airflow/example_dags/example_branch_python_dop_operator_3.py for tasks to queue
[2021-02-25 17:18:42,925] {logging_mixin.py:103} INFO - [2021-02-25 17:18:42,925] {dagbag.py:440} INFO - Filling up the DagBag from /home/i-sip_iot/anaconda3/envs/sandbox/lib/python3.7/site-packages/airflow/example_dags/example_branch_python_dop_operator_3.py
[2021-02-25 17:18:42,943] {scheduler_job.py:639} INFO - DAG(s) dict_keys(['example_branch_dop_operator_v3']) retrieved from /home/i-sip_iot/anaconda3/envs/sandbox/lib/python3.7/site-packages/airflow/example_dags/example_branch_python_dop_operator_3.py
[2021-02-25 17:18:42,944] {logging_mixin.py:103} INFO - [2021-02-25 17:18:42,944] {dag.py:1813} INFO - Sync 1 DAGs
[2021-02-25 17:18:42,968] {logging_mixin.py:103} INFO - [2021-02-25 17:18:42,968] {dag.py:2266} INFO - Setting next_dagrun for example_branch_dop_operator_v3 to 2021-02-23 00:00:00+00:00
[2021-02-25 17:18:42,977] {scheduler_job.py:189} INFO - Processing /home/i-sip_iot/anaconda3/envs/sandbox/lib/python3.7/site-packages/airflow/example_dags/example_branch_python_dop_operator_3.py took 0.058 seconds
[2021-02-25 17:19:09,758] {scheduler_job.py:181} INFO - Started process (PID=185620) to work on /home/i-sip_iot/anaconda3/envs/sandbox/lib/python3.7/site-packages/airflow/example_dags/example_branch_python_dop_operator_3.py
[2021-02-25 17:19:09,759] {scheduler_job.py:629} INFO - Processing file /home/i-sip_iot/anaconda3/envs/sandbox/lib/python3.7/site-packages/airflow/example_dags/example_branch_python_dop_operator_3.py for tasks to queue
[2021-02-25 17:19:09,760] {logging_mixin.py:103} INFO - [2021-02-25 17:19:09,760] {dagbag.py:440} INFO - Filling up the DagBag from /home/i-sip_iot/anaconda3/envs/sandbox/lib/python3.7/site-packages/airflow/example_dags/example_branch_python_dop_operator_3.py
[2021-02-25 17:19:09,781] {scheduler_job.py:639} INFO - DAG(s) dict_keys(['example_branch_dop_operator_v3']) retrieved from /home/i-sip_iot/anaconda3/envs/sandbox/lib/python3.7/site-packages/airflow/example_dags/example_branch_python_dop_operator_3.py
[2021-02-25 17:19:09,782] {logging_mixin.py:103} INFO - [2021-02-25 17:19:09,782] {dag.py:1813} INFO - Sync 1 DAGs
[2021-02-25 17:19:09,807] {logging_mixin.py:103} INFO - [2021-02-25 17:19:09,807] {dag.py:2266} INFO - Setting next_dagrun for example_branch_dop_operator_v3 to 2021-02-23 00:00:00+00:00
[2021-02-25 17:19:09,816] {scheduler_job.py:189} INFO - Processing /home/i-sip_iot/anaconda3/envs/sandbox/lib/python3.7/site-packages/airflow/example_dags/example_branch_python_dop_operator_3.py took 0.060 seconds
[2021-02-25 17:19:36,717] {scheduler_job.py:181} INFO - Started process (PID=185858) to work on /home/i-sip_iot/anaconda3/envs/sandbox/lib/python3.7/site-packages/airflow/example_dags/example_branch_python_dop_operator_3.py
[2021-02-25 17:19:36,717] {scheduler_job.py:629} INFO - Processing file /home/i-sip_iot/anaconda3/envs/sandbox/lib/python3.7/site-packages/airflow/example_dags/example_branch_python_dop_operator_3.py for tasks to queue
[2021-02-25 17:19:36,718] {logging_mixin.py:103} INFO - [2021-02-25 17:19:36,718] {dagbag.py:440} INFO - Filling up the DagBag from /home/i-sip_iot/anaconda3/envs/sandbox/lib/python3.7/site-packages/airflow/example_dags/example_branch_python_dop_operator_3.py
[2021-02-25 17:19:36,727] {scheduler_job.py:639} INFO - DAG(s) dict_keys(['example_branch_dop_operator_v3']) retrieved from /home/i-sip_iot/anaconda3/envs/sandbox/lib/python3.7/site-packages/airflow/example_dags/example_branch_python_dop_operator_3.py
[2021-02-25 17:19:36,727] {logging_mixin.py:103} INFO - [2021-02-25 17:19:36,727] {dag.py:1813} INFO - Sync 1 DAGs
[2021-02-25 17:19:36,759] {logging_mixin.py:103} INFO - [2021-02-25 17:19:36,759] {dag.py:2266} INFO - Setting next_dagrun for example_branch_dop_operator_v3 to 2021-02-23 00:00:00+00:00
[2021-02-25 17:19:36,771] {scheduler_job.py:189} INFO - Processing /home/i-sip_iot/anaconda3/envs/sandbox/lib/python3.7/site-packages/airflow/example_dags/example_branch_python_dop_operator_3.py took 0.056 seconds
[2021-02-25 17:20:04,746] {scheduler_job.py:181} INFO - Started process (PID=185917) to work on /home/i-sip_iot/anaconda3/envs/sandbox/lib/python3.7/site-packages/airflow/example_dags/example_branch_python_dop_operator_3.py
[2021-02-25 17:20:04,746] {scheduler_job.py:629} INFO - Processing file /home/i-sip_iot/anaconda3/envs/sandbox/lib/python3.7/site-packages/airflow/example_dags/example_branch_python_dop_operator_3.py for tasks to queue
[2021-02-25 17:20:04,747] {logging_mixin.py:103} INFO - [2021-02-25 17:20:04,747] {dagbag.py:440} INFO - Filling up the DagBag from /home/i-sip_iot/anaconda3/envs/sandbox/lib/python3.7/site-packages/airflow/example_dags/example_branch_python_dop_operator_3.py
[2021-02-25 17:20:04,757] {scheduler_job.py:639} INFO - DAG(s) dict_keys(['example_branch_dop_operator_v3']) retrieved from /home/i-sip_iot/anaconda3/envs/sandbox/lib/python3.7/site-packages/airflow/example_dags/example_branch_python_dop_operator_3.py
[2021-02-25 17:20:04,757] {logging_mixin.py:103} INFO - [2021-02-25 17:20:04,757] {dag.py:1813} INFO - Sync 1 DAGs
[2021-02-25 17:20:04,779] {logging_mixin.py:103} INFO - [2021-02-25 17:20:04,779] {dag.py:2266} INFO - Setting next_dagrun for example_branch_dop_operator_v3 to 2021-02-23 00:00:00+00:00
[2021-02-25 17:20:04,788] {scheduler_job.py:189} INFO - Processing /home/i-sip_iot/anaconda3/envs/sandbox/lib/python3.7/site-packages/airflow/example_dags/example_branch_python_dop_operator_3.py took 0.045 seconds
[2021-02-25 17:20:31,649] {scheduler_job.py:181} INFO - Started process (PID=186000) to work on /home/i-sip_iot/anaconda3/envs/sandbox/lib/python3.7/site-packages/airflow/example_dags/example_branch_python_dop_operator_3.py
[2021-02-25 17:20:31,651] {scheduler_job.py:629} INFO - Processing file /home/i-sip_iot/anaconda3/envs/sandbox/lib/python3.7/site-packages/airflow/example_dags/example_branch_python_dop_operator_3.py for tasks to queue
[2021-02-25 17:20:31,652] {logging_mixin.py:103} INFO - [2021-02-25 17:20:31,652] {dagbag.py:440} INFO - Filling up the DagBag from /home/i-sip_iot/anaconda3/envs/sandbox/lib/python3.7/site-packages/airflow/example_dags/example_branch_python_dop_operator_3.py
[2021-02-25 17:20:31,674] {scheduler_job.py:639} INFO - DAG(s) dict_keys(['example_branch_dop_operator_v3']) retrieved from /home/i-sip_iot/anaconda3/envs/sandbox/lib/python3.7/site-packages/airflow/example_dags/example_branch_python_dop_operator_3.py
[2021-02-25 17:20:31,674] {logging_mixin.py:103} INFO - [2021-02-25 17:20:31,674] {dag.py:1813} INFO - Sync 1 DAGs
[2021-02-25 17:20:31,697] {logging_mixin.py:103} INFO - [2021-02-25 17:20:31,696] {dag.py:2266} INFO - Setting next_dagrun for example_branch_dop_operator_v3 to 2021-02-23 00:00:00+00:00
[2021-02-25 17:20:31,704] {scheduler_job.py:189} INFO - Processing /home/i-sip_iot/anaconda3/envs/sandbox/lib/python3.7/site-packages/airflow/example_dags/example_branch_python_dop_operator_3.py took 0.062 seconds
[2021-02-25 17:20:59,051] {scheduler_job.py:181} INFO - Started process (PID=186248) to work on /home/i-sip_iot/anaconda3/envs/sandbox/lib/python3.7/site-packages/airflow/example_dags/example_branch_python_dop_operator_3.py
[2021-02-25 17:20:59,053] {scheduler_job.py:629} INFO - Processing file /home/i-sip_iot/anaconda3/envs/sandbox/lib/python3.7/site-packages/airflow/example_dags/example_branch_python_dop_operator_3.py for tasks to queue
[2021-02-25 17:20:59,054] {logging_mixin.py:103} INFO - [2021-02-25 17:20:59,054] {dagbag.py:440} INFO - Filling up the DagBag from /home/i-sip_iot/anaconda3/envs/sandbox/lib/python3.7/site-packages/airflow/example_dags/example_branch_python_dop_operator_3.py
[2021-02-25 17:20:59,077] {scheduler_job.py:639} INFO - DAG(s) dict_keys(['example_branch_dop_operator_v3']) retrieved from /home/i-sip_iot/anaconda3/envs/sandbox/lib/python3.7/site-packages/airflow/example_dags/example_branch_python_dop_operator_3.py
[2021-02-25 17:20:59,078] {logging_mixin.py:103} INFO - [2021-02-25 17:20:59,078] {dag.py:1813} INFO - Sync 1 DAGs
[2021-02-25 17:20:59,100] {logging_mixin.py:103} INFO - [2021-02-25 17:20:59,100] {dag.py:2266} INFO - Setting next_dagrun for example_branch_dop_operator_v3 to 2021-02-23 00:00:00+00:00
[2021-02-25 17:20:59,108] {scheduler_job.py:189} INFO - Processing /home/i-sip_iot/anaconda3/envs/sandbox/lib/python3.7/site-packages/airflow/example_dags/example_branch_python_dop_operator_3.py took 0.063 seconds
[2021-02-25 17:21:25,864] {scheduler_job.py:181} INFO - Started process (PID=186312) to work on /home/i-sip_iot/anaconda3/envs/sandbox/lib/python3.7/site-packages/airflow/example_dags/example_branch_python_dop_operator_3.py
[2021-02-25 17:21:25,865] {scheduler_job.py:629} INFO - Processing file /home/i-sip_iot/anaconda3/envs/sandbox/lib/python3.7/site-packages/airflow/example_dags/example_branch_python_dop_operator_3.py for tasks to queue
[2021-02-25 17:21:25,865] {logging_mixin.py:103} INFO - [2021-02-25 17:21:25,865] {dagbag.py:440} INFO - Filling up the DagBag from /home/i-sip_iot/anaconda3/envs/sandbox/lib/python3.7/site-packages/airflow/example_dags/example_branch_python_dop_operator_3.py
[2021-02-25 17:21:25,873] {scheduler_job.py:639} INFO - DAG(s) dict_keys(['example_branch_dop_operator_v3']) retrieved from /home/i-sip_iot/anaconda3/envs/sandbox/lib/python3.7/site-packages/airflow/example_dags/example_branch_python_dop_operator_3.py
[2021-02-25 17:21:25,873] {logging_mixin.py:103} INFO - [2021-02-25 17:21:25,873] {dag.py:1813} INFO - Sync 1 DAGs
[2021-02-25 17:21:25,891] {logging_mixin.py:103} INFO - [2021-02-25 17:21:25,891] {dag.py:2266} INFO - Setting next_dagrun for example_branch_dop_operator_v3 to 2021-02-23 00:00:00+00:00
[2021-02-25 17:21:25,898] {scheduler_job.py:189} INFO - Processing /home/i-sip_iot/anaconda3/envs/sandbox/lib/python3.7/site-packages/airflow/example_dags/example_branch_python_dop_operator_3.py took 0.036 seconds
[2021-02-25 17:21:54,024] {scheduler_job.py:181} INFO - Started process (PID=186535) to work on /home/i-sip_iot/anaconda3/envs/sandbox/lib/python3.7/site-packages/airflow/example_dags/example_branch_python_dop_operator_3.py
[2021-02-25 17:21:54,024] {scheduler_job.py:629} INFO - Processing file /home/i-sip_iot/anaconda3/envs/sandbox/lib/python3.7/site-packages/airflow/example_dags/example_branch_python_dop_operator_3.py for tasks to queue
[2021-02-25 17:21:54,025] {logging_mixin.py:103} INFO - [2021-02-25 17:21:54,025] {dagbag.py:440} INFO - Filling up the DagBag from /home/i-sip_iot/anaconda3/envs/sandbox/lib/python3.7/site-packages/airflow/example_dags/example_branch_python_dop_operator_3.py
[2021-02-25 17:21:54,032] {scheduler_job.py:639} INFO - DAG(s) dict_keys(['example_branch_dop_operator_v3']) retrieved from /home/i-sip_iot/anaconda3/envs/sandbox/lib/python3.7/site-packages/airflow/example_dags/example_branch_python_dop_operator_3.py
[2021-02-25 17:21:54,033] {logging_mixin.py:103} INFO - [2021-02-25 17:21:54,033] {dag.py:1813} INFO - Sync 1 DAGs
[2021-02-25 17:21:54,051] {logging_mixin.py:103} INFO - [2021-02-25 17:21:54,051] {dag.py:2266} INFO - Setting next_dagrun for example_branch_dop_operator_v3 to 2021-02-23 00:00:00+00:00
[2021-02-25 17:21:54,058] {scheduler_job.py:189} INFO - Processing /home/i-sip_iot/anaconda3/envs/sandbox/lib/python3.7/site-packages/airflow/example_dags/example_branch_python_dop_operator_3.py took 0.036 seconds
[2021-02-25 17:22:20,419] {scheduler_job.py:181} INFO - Started process (PID=186598) to work on /home/i-sip_iot/anaconda3/envs/sandbox/lib/python3.7/site-packages/airflow/example_dags/example_branch_python_dop_operator_3.py
[2021-02-25 17:22:20,420] {scheduler_job.py:629} INFO - Processing file /home/i-sip_iot/anaconda3/envs/sandbox/lib/python3.7/site-packages/airflow/example_dags/example_branch_python_dop_operator_3.py for tasks to queue
[2021-02-25 17:22:20,421] {logging_mixin.py:103} INFO - [2021-02-25 17:22:20,421] {dagbag.py:440} INFO - Filling up the DagBag from /home/i-sip_iot/anaconda3/envs/sandbox/lib/python3.7/site-packages/airflow/example_dags/example_branch_python_dop_operator_3.py
[2021-02-25 17:22:20,441] {scheduler_job.py:639} INFO - DAG(s) dict_keys(['example_branch_dop_operator_v3']) retrieved from /home/i-sip_iot/anaconda3/envs/sandbox/lib/python3.7/site-packages/airflow/example_dags/example_branch_python_dop_operator_3.py
[2021-02-25 17:22:20,442] {logging_mixin.py:103} INFO - [2021-02-25 17:22:20,442] {dag.py:1813} INFO - Sync 1 DAGs
[2021-02-25 17:22:20,467] {logging_mixin.py:103} INFO - [2021-02-25 17:22:20,467] {dag.py:2266} INFO - Setting next_dagrun for example_branch_dop_operator_v3 to 2021-02-23 00:00:00+00:00
[2021-02-25 17:22:20,475] {scheduler_job.py:189} INFO - Processing /home/i-sip_iot/anaconda3/envs/sandbox/lib/python3.7/site-packages/airflow/example_dags/example_branch_python_dop_operator_3.py took 0.060 seconds
[2021-02-25 17:22:48,322] {scheduler_job.py:181} INFO - Started process (PID=186820) to work on /home/i-sip_iot/anaconda3/envs/sandbox/lib/python3.7/site-packages/airflow/example_dags/example_branch_python_dop_operator_3.py
[2021-02-25 17:22:48,323] {scheduler_job.py:629} INFO - Processing file /home/i-sip_iot/anaconda3/envs/sandbox/lib/python3.7/site-packages/airflow/example_dags/example_branch_python_dop_operator_3.py for tasks to queue
[2021-02-25 17:22:48,323] {logging_mixin.py:103} INFO - [2021-02-25 17:22:48,323] {dagbag.py:440} INFO - Filling up the DagBag from /home/i-sip_iot/anaconda3/envs/sandbox/lib/python3.7/site-packages/airflow/example_dags/example_branch_python_dop_operator_3.py
[2021-02-25 17:22:48,330] {scheduler_job.py:639} INFO - DAG(s) dict_keys(['example_branch_dop_operator_v3']) retrieved from /home/i-sip_iot/anaconda3/envs/sandbox/lib/python3.7/site-packages/airflow/example_dags/example_branch_python_dop_operator_3.py
[2021-02-25 17:22:48,331] {logging_mixin.py:103} INFO - [2021-02-25 17:22:48,331] {dag.py:1813} INFO - Sync 1 DAGs
[2021-02-25 17:22:48,349] {logging_mixin.py:103} INFO - [2021-02-25 17:22:48,349] {dag.py:2266} INFO - Setting next_dagrun for example_branch_dop_operator_v3 to 2021-02-23 00:00:00+00:00
[2021-02-25 17:22:48,356] {scheduler_job.py:189} INFO - Processing /home/i-sip_iot/anaconda3/envs/sandbox/lib/python3.7/site-packages/airflow/example_dags/example_branch_python_dop_operator_3.py took 0.036 seconds
[2021-02-25 17:23:15,235] {scheduler_job.py:181} INFO - Started process (PID=186884) to work on /home/i-sip_iot/anaconda3/envs/sandbox/lib/python3.7/site-packages/airflow/example_dags/example_branch_python_dop_operator_3.py
[2021-02-25 17:23:15,237] {scheduler_job.py:629} INFO - Processing file /home/i-sip_iot/anaconda3/envs/sandbox/lib/python3.7/site-packages/airflow/example_dags/example_branch_python_dop_operator_3.py for tasks to queue
[2021-02-25 17:23:15,238] {logging_mixin.py:103} INFO - [2021-02-25 17:23:15,237] {dagbag.py:440} INFO - Filling up the DagBag from /home/i-sip_iot/anaconda3/envs/sandbox/lib/python3.7/site-packages/airflow/example_dags/example_branch_python_dop_operator_3.py
[2021-02-25 17:23:15,253] {scheduler_job.py:639} INFO - DAG(s) dict_keys(['example_branch_dop_operator_v3']) retrieved from /home/i-sip_iot/anaconda3/envs/sandbox/lib/python3.7/site-packages/airflow/example_dags/example_branch_python_dop_operator_3.py
[2021-02-25 17:23:15,254] {logging_mixin.py:103} INFO - [2021-02-25 17:23:15,254] {dag.py:1813} INFO - Sync 1 DAGs
[2021-02-25 17:23:15,275] {logging_mixin.py:103} INFO - [2021-02-25 17:23:15,275] {dag.py:2266} INFO - Setting next_dagrun for example_branch_dop_operator_v3 to 2021-02-23 00:00:00+00:00
[2021-02-25 17:23:15,283] {scheduler_job.py:189} INFO - Processing /home/i-sip_iot/anaconda3/envs/sandbox/lib/python3.7/site-packages/airflow/example_dags/example_branch_python_dop_operator_3.py took 0.051 seconds
[2021-02-25 17:23:42,106] {scheduler_job.py:181} INFO - Started process (PID=187110) to work on /home/i-sip_iot/anaconda3/envs/sandbox/lib/python3.7/site-packages/airflow/example_dags/example_branch_python_dop_operator_3.py
[2021-02-25 17:23:42,108] {scheduler_job.py:629} INFO - Processing file /home/i-sip_iot/anaconda3/envs/sandbox/lib/python3.7/site-packages/airflow/example_dags/example_branch_python_dop_operator_3.py for tasks to queue
[2021-02-25 17:23:42,108] {logging_mixin.py:103} INFO - [2021-02-25 17:23:42,108] {dagbag.py:440} INFO - Filling up the DagBag from /home/i-sip_iot/anaconda3/envs/sandbox/lib/python3.7/site-packages/airflow/example_dags/example_branch_python_dop_operator_3.py
[2021-02-25 17:23:42,121] {scheduler_job.py:639} INFO - DAG(s) dict_keys(['example_branch_dop_operator_v3']) retrieved from /home/i-sip_iot/anaconda3/envs/sandbox/lib/python3.7/site-packages/airflow/example_dags/example_branch_python_dop_operator_3.py
[2021-02-25 17:23:42,122] {logging_mixin.py:103} INFO - [2021-02-25 17:23:42,122] {dag.py:1813} INFO - Sync 1 DAGs
[2021-02-25 17:23:42,141] {logging_mixin.py:103} INFO - [2021-02-25 17:23:42,141] {dag.py:2266} INFO - Setting next_dagrun for example_branch_dop_operator_v3 to 2021-02-23 00:00:00+00:00
[2021-02-25 17:23:42,149] {scheduler_job.py:189} INFO - Processing /home/i-sip_iot/anaconda3/envs/sandbox/lib/python3.7/site-packages/airflow/example_dags/example_branch_python_dop_operator_3.py took 0.048 seconds
[2021-02-25 17:24:09,697] {scheduler_job.py:181} INFO - Started process (PID=187206) to work on /home/i-sip_iot/anaconda3/envs/sandbox/lib/python3.7/site-packages/airflow/example_dags/example_branch_python_dop_operator_3.py
[2021-02-25 17:24:09,699] {scheduler_job.py:629} INFO - Processing file /home/i-sip_iot/anaconda3/envs/sandbox/lib/python3.7/site-packages/airflow/example_dags/example_branch_python_dop_operator_3.py for tasks to queue
[2021-02-25 17:24:09,700] {logging_mixin.py:103} INFO - [2021-02-25 17:24:09,700] {dagbag.py:440} INFO - Filling up the DagBag from /home/i-sip_iot/anaconda3/envs/sandbox/lib/python3.7/site-packages/airflow/example_dags/example_branch_python_dop_operator_3.py
[2021-02-25 17:24:09,716] {scheduler_job.py:639} INFO - DAG(s) dict_keys(['example_branch_dop_operator_v3']) retrieved from /home/i-sip_iot/anaconda3/envs/sandbox/lib/python3.7/site-packages/airflow/example_dags/example_branch_python_dop_operator_3.py
[2021-02-25 17:24:09,717] {logging_mixin.py:103} INFO - [2021-02-25 17:24:09,717] {dag.py:1813} INFO - Sync 1 DAGs
[2021-02-25 17:24:09,738] {logging_mixin.py:103} INFO - [2021-02-25 17:24:09,738] {dag.py:2266} INFO - Setting next_dagrun for example_branch_dop_operator_v3 to 2021-02-23 00:00:00+00:00
[2021-02-25 17:24:09,746] {scheduler_job.py:189} INFO - Processing /home/i-sip_iot/anaconda3/envs/sandbox/lib/python3.7/site-packages/airflow/example_dags/example_branch_python_dop_operator_3.py took 0.054 seconds
[2021-02-25 17:24:36,587] {scheduler_job.py:181} INFO - Started process (PID=187262) to work on /home/i-sip_iot/anaconda3/envs/sandbox/lib/python3.7/site-packages/airflow/example_dags/example_branch_python_dop_operator_3.py
[2021-02-25 17:24:36,587] {scheduler_job.py:629} INFO - Processing file /home/i-sip_iot/anaconda3/envs/sandbox/lib/python3.7/site-packages/airflow/example_dags/example_branch_python_dop_operator_3.py for tasks to queue
[2021-02-25 17:24:36,588] {logging_mixin.py:103} INFO - [2021-02-25 17:24:36,588] {dagbag.py:440} INFO - Filling up the DagBag from /home/i-sip_iot/anaconda3/envs/sandbox/lib/python3.7/site-packages/airflow/example_dags/example_branch_python_dop_operator_3.py
[2021-02-25 17:24:36,595] {scheduler_job.py:639} INFO - DAG(s) dict_keys(['example_branch_dop_operator_v3']) retrieved from /home/i-sip_iot/anaconda3/envs/sandbox/lib/python3.7/site-packages/airflow/example_dags/example_branch_python_dop_operator_3.py
[2021-02-25 17:24:36,595] {logging_mixin.py:103} INFO - [2021-02-25 17:24:36,595] {dag.py:1813} INFO - Sync 1 DAGs
[2021-02-25 17:24:36,613] {logging_mixin.py:103} INFO - [2021-02-25 17:24:36,613] {dag.py:2266} INFO - Setting next_dagrun for example_branch_dop_operator_v3 to 2021-02-23 00:00:00+00:00
[2021-02-25 17:24:36,620] {scheduler_job.py:189} INFO - Processing /home/i-sip_iot/anaconda3/envs/sandbox/lib/python3.7/site-packages/airflow/example_dags/example_branch_python_dop_operator_3.py took 0.035 seconds
[2021-02-25 17:25:03,473] {scheduler_job.py:181} INFO - Started process (PID=187525) to work on /home/i-sip_iot/anaconda3/envs/sandbox/lib/python3.7/site-packages/airflow/example_dags/example_branch_python_dop_operator_3.py
[2021-02-25 17:25:03,474] {scheduler_job.py:629} INFO - Processing file /home/i-sip_iot/anaconda3/envs/sandbox/lib/python3.7/site-packages/airflow/example_dags/example_branch_python_dop_operator_3.py for tasks to queue
[2021-02-25 17:25:03,474] {logging_mixin.py:103} INFO - [2021-02-25 17:25:03,474] {dagbag.py:440} INFO - Filling up the DagBag from /home/i-sip_iot/anaconda3/envs/sandbox/lib/python3.7/site-packages/airflow/example_dags/example_branch_python_dop_operator_3.py
[2021-02-25 17:25:03,491] {scheduler_job.py:639} INFO - DAG(s) dict_keys(['example_branch_dop_operator_v3']) retrieved from /home/i-sip_iot/anaconda3/envs/sandbox/lib/python3.7/site-packages/airflow/example_dags/example_branch_python_dop_operator_3.py
[2021-02-25 17:25:03,492] {logging_mixin.py:103} INFO - [2021-02-25 17:25:03,492] {dag.py:1813} INFO - Sync 1 DAGs
[2021-02-25 17:25:03,522] {logging_mixin.py:103} INFO - [2021-02-25 17:25:03,522] {dag.py:2266} INFO - Setting next_dagrun for example_branch_dop_operator_v3 to 2021-02-23 00:00:00+00:00
[2021-02-25 17:25:03,538] {scheduler_job.py:189} INFO - Processing /home/i-sip_iot/anaconda3/envs/sandbox/lib/python3.7/site-packages/airflow/example_dags/example_branch_python_dop_operator_3.py took 0.068 seconds
[2021-02-25 17:25:30,973] {scheduler_job.py:181} INFO - Started process (PID=187585) to work on /home/i-sip_iot/anaconda3/envs/sandbox/lib/python3.7/site-packages/airflow/example_dags/example_branch_python_dop_operator_3.py
[2021-02-25 17:25:30,976] {scheduler_job.py:629} INFO - Processing file /home/i-sip_iot/anaconda3/envs/sandbox/lib/python3.7/site-packages/airflow/example_dags/example_branch_python_dop_operator_3.py for tasks to queue
[2021-02-25 17:25:30,977] {logging_mixin.py:103} INFO - [2021-02-25 17:25:30,977] {dagbag.py:440} INFO - Filling up the DagBag from /home/i-sip_iot/anaconda3/envs/sandbox/lib/python3.7/site-packages/airflow/example_dags/example_branch_python_dop_operator_3.py
[2021-02-25 17:25:30,997] {scheduler_job.py:639} INFO - DAG(s) dict_keys(['example_branch_dop_operator_v3']) retrieved from /home/i-sip_iot/anaconda3/envs/sandbox/lib/python3.7/site-packages/airflow/example_dags/example_branch_python_dop_operator_3.py
[2021-02-25 17:25:30,998] {logging_mixin.py:103} INFO - [2021-02-25 17:25:30,998] {dag.py:1813} INFO - Sync 1 DAGs
[2021-02-25 17:25:31,020] {logging_mixin.py:103} INFO - [2021-02-25 17:25:31,020] {dag.py:2266} INFO - Setting next_dagrun for example_branch_dop_operator_v3 to 2021-02-23 00:00:00+00:00
[2021-02-25 17:25:31,028] {scheduler_job.py:189} INFO - Processing /home/i-sip_iot/anaconda3/envs/sandbox/lib/python3.7/site-packages/airflow/example_dags/example_branch_python_dop_operator_3.py took 0.061 seconds
[2021-02-25 17:25:58,060] {scheduler_job.py:181} INFO - Started process (PID=187862) to work on /home/i-sip_iot/anaconda3/envs/sandbox/lib/python3.7/site-packages/airflow/example_dags/example_branch_python_dop_operator_3.py
[2021-02-25 17:25:58,060] {scheduler_job.py:629} INFO - Processing file /home/i-sip_iot/anaconda3/envs/sandbox/lib/python3.7/site-packages/airflow/example_dags/example_branch_python_dop_operator_3.py for tasks to queue
[2021-02-25 17:25:58,061] {logging_mixin.py:103} INFO - [2021-02-25 17:25:58,061] {dagbag.py:440} INFO - Filling up the DagBag from /home/i-sip_iot/anaconda3/envs/sandbox/lib/python3.7/site-packages/airflow/example_dags/example_branch_python_dop_operator_3.py
[2021-02-25 17:25:58,068] {scheduler_job.py:639} INFO - DAG(s) dict_keys(['example_branch_dop_operator_v3']) retrieved from /home/i-sip_iot/anaconda3/envs/sandbox/lib/python3.7/site-packages/airflow/example_dags/example_branch_python_dop_operator_3.py
[2021-02-25 17:25:58,069] {logging_mixin.py:103} INFO - [2021-02-25 17:25:58,069] {dag.py:1813} INFO - Sync 1 DAGs
[2021-02-25 17:25:58,090] {logging_mixin.py:103} INFO - [2021-02-25 17:25:58,090] {dag.py:2266} INFO - Setting next_dagrun for example_branch_dop_operator_v3 to 2021-02-23 00:00:00+00:00
[2021-02-25 17:25:58,102] {scheduler_job.py:189} INFO - Processing /home/i-sip_iot/anaconda3/envs/sandbox/lib/python3.7/site-packages/airflow/example_dags/example_branch_python_dop_operator_3.py took 0.045 seconds
[2021-02-25 17:26:25,808] {scheduler_job.py:181} INFO - Started process (PID=187926) to work on /home/i-sip_iot/anaconda3/envs/sandbox/lib/python3.7/site-packages/airflow/example_dags/example_branch_python_dop_operator_3.py
[2021-02-25 17:26:25,809] {scheduler_job.py:629} INFO - Processing file /home/i-sip_iot/anaconda3/envs/sandbox/lib/python3.7/site-packages/airflow/example_dags/example_branch_python_dop_operator_3.py for tasks to queue
[2021-02-25 17:26:25,809] {logging_mixin.py:103} INFO - [2021-02-25 17:26:25,809] {dagbag.py:440} INFO - Filling up the DagBag from /home/i-sip_iot/anaconda3/envs/sandbox/lib/python3.7/site-packages/airflow/example_dags/example_branch_python_dop_operator_3.py
[2021-02-25 17:26:25,817] {scheduler_job.py:639} INFO - DAG(s) dict_keys(['example_branch_dop_operator_v3']) retrieved from /home/i-sip_iot/anaconda3/envs/sandbox/lib/python3.7/site-packages/airflow/example_dags/example_branch_python_dop_operator_3.py
[2021-02-25 17:26:25,818] {logging_mixin.py:103} INFO - [2021-02-25 17:26:25,818] {dag.py:1813} INFO - Sync 1 DAGs
[2021-02-25 17:26:25,835] {logging_mixin.py:103} INFO - [2021-02-25 17:26:25,835] {dag.py:2266} INFO - Setting next_dagrun for example_branch_dop_operator_v3 to 2021-02-23 00:00:00+00:00
[2021-02-25 17:26:25,843] {scheduler_job.py:189} INFO - Processing /home/i-sip_iot/anaconda3/envs/sandbox/lib/python3.7/site-packages/airflow/example_dags/example_branch_python_dop_operator_3.py took 0.037 seconds
[2021-02-25 17:26:52,653] {scheduler_job.py:181} INFO - Started process (PID=188188) to work on /home/i-sip_iot/anaconda3/envs/sandbox/lib/python3.7/site-packages/airflow/example_dags/example_branch_python_dop_operator_3.py
[2021-02-25 17:26:52,655] {scheduler_job.py:629} INFO - Processing file /home/i-sip_iot/anaconda3/envs/sandbox/lib/python3.7/site-packages/airflow/example_dags/example_branch_python_dop_operator_3.py for tasks to queue
[2021-02-25 17:26:52,655] {logging_mixin.py:103} INFO - [2021-02-25 17:26:52,655] {dagbag.py:440} INFO - Filling up the DagBag from /home/i-sip_iot/anaconda3/envs/sandbox/lib/python3.7/site-packages/airflow/example_dags/example_branch_python_dop_operator_3.py
[2021-02-25 17:26:52,670] {scheduler_job.py:639} INFO - DAG(s) dict_keys(['example_branch_dop_operator_v3']) retrieved from /home/i-sip_iot/anaconda3/envs/sandbox/lib/python3.7/site-packages/airflow/example_dags/example_branch_python_dop_operator_3.py
[2021-02-25 17:26:52,672] {logging_mixin.py:103} INFO - [2021-02-25 17:26:52,671] {dag.py:1813} INFO - Sync 1 DAGs
[2021-02-25 17:26:52,694] {logging_mixin.py:103} INFO - [2021-02-25 17:26:52,694] {dag.py:2266} INFO - Setting next_dagrun for example_branch_dop_operator_v3 to 2021-02-23 00:00:00+00:00
[2021-02-25 17:26:52,702] {scheduler_job.py:189} INFO - Processing /home/i-sip_iot/anaconda3/envs/sandbox/lib/python3.7/site-packages/airflow/example_dags/example_branch_python_dop_operator_3.py took 0.053 seconds
[2021-02-25 17:27:18,436] {scheduler_job.py:181} INFO - Started process (PID=188284) to work on /home/i-sip_iot/anaconda3/envs/sandbox/lib/python3.7/site-packages/airflow/example_dags/example_branch_python_dop_operator_3.py
[2021-02-25 17:27:18,436] {scheduler_job.py:629} INFO - Processing file /home/i-sip_iot/anaconda3/envs/sandbox/lib/python3.7/site-packages/airflow/example_dags/example_branch_python_dop_operator_3.py for tasks to queue
[2021-02-25 17:27:18,437] {logging_mixin.py:103} INFO - [2021-02-25 17:27:18,437] {dagbag.py:440} INFO - Filling up the DagBag from /home/i-sip_iot/anaconda3/envs/sandbox/lib/python3.7/site-packages/airflow/example_dags/example_branch_python_dop_operator_3.py
[2021-02-25 17:27:18,446] {scheduler_job.py:639} INFO - DAG(s) dict_keys(['example_branch_dop_operator_v3']) retrieved from /home/i-sip_iot/anaconda3/envs/sandbox/lib/python3.7/site-packages/airflow/example_dags/example_branch_python_dop_operator_3.py
[2021-02-25 17:27:18,446] {logging_mixin.py:103} INFO - [2021-02-25 17:27:18,446] {dag.py:1813} INFO - Sync 1 DAGs
[2021-02-25 17:27:18,468] {logging_mixin.py:103} INFO - [2021-02-25 17:27:18,468] {dag.py:2266} INFO - Setting next_dagrun for example_branch_dop_operator_v3 to 2021-02-23 00:00:00+00:00
[2021-02-25 17:27:18,480] {scheduler_job.py:189} INFO - Processing /home/i-sip_iot/anaconda3/envs/sandbox/lib/python3.7/site-packages/airflow/example_dags/example_branch_python_dop_operator_3.py took 0.046 seconds
[2021-02-25 17:27:46,139] {scheduler_job.py:181} INFO - Started process (PID=188544) to work on /home/i-sip_iot/anaconda3/envs/sandbox/lib/python3.7/site-packages/airflow/example_dags/example_branch_python_dop_operator_3.py
[2021-02-25 17:27:46,141] {scheduler_job.py:629} INFO - Processing file /home/i-sip_iot/anaconda3/envs/sandbox/lib/python3.7/site-packages/airflow/example_dags/example_branch_python_dop_operator_3.py for tasks to queue
[2021-02-25 17:27:46,142] {logging_mixin.py:103} INFO - [2021-02-25 17:27:46,142] {dagbag.py:440} INFO - Filling up the DagBag from /home/i-sip_iot/anaconda3/envs/sandbox/lib/python3.7/site-packages/airflow/example_dags/example_branch_python_dop_operator_3.py
[2021-02-25 17:27:46,156] {scheduler_job.py:639} INFO - DAG(s) dict_keys(['example_branch_dop_operator_v3']) retrieved from /home/i-sip_iot/anaconda3/envs/sandbox/lib/python3.7/site-packages/airflow/example_dags/example_branch_python_dop_operator_3.py
[2021-02-25 17:27:46,157] {logging_mixin.py:103} INFO - [2021-02-25 17:27:46,157] {dag.py:1813} INFO - Sync 1 DAGs
[2021-02-25 17:27:46,178] {logging_mixin.py:103} INFO - [2021-02-25 17:27:46,178] {dag.py:2266} INFO - Setting next_dagrun for example_branch_dop_operator_v3 to 2021-02-23 00:00:00+00:00
[2021-02-25 17:27:46,185] {scheduler_job.py:189} INFO - Processing /home/i-sip_iot/anaconda3/envs/sandbox/lib/python3.7/site-packages/airflow/example_dags/example_branch_python_dop_operator_3.py took 0.051 seconds
[2021-02-25 17:28:14,116] {scheduler_job.py:181} INFO - Started process (PID=188649) to work on /home/i-sip_iot/anaconda3/envs/sandbox/lib/python3.7/site-packages/airflow/example_dags/example_branch_python_dop_operator_3.py
[2021-02-25 17:28:14,116] {scheduler_job.py:629} INFO - Processing file /home/i-sip_iot/anaconda3/envs/sandbox/lib/python3.7/site-packages/airflow/example_dags/example_branch_python_dop_operator_3.py for tasks to queue
[2021-02-25 17:28:14,117] {logging_mixin.py:103} INFO - [2021-02-25 17:28:14,117] {dagbag.py:440} INFO - Filling up the DagBag from /home/i-sip_iot/anaconda3/envs/sandbox/lib/python3.7/site-packages/airflow/example_dags/example_branch_python_dop_operator_3.py
[2021-02-25 17:28:14,124] {scheduler_job.py:639} INFO - DAG(s) dict_keys(['example_branch_dop_operator_v3']) retrieved from /home/i-sip_iot/anaconda3/envs/sandbox/lib/python3.7/site-packages/airflow/example_dags/example_branch_python_dop_operator_3.py
[2021-02-25 17:28:14,124] {logging_mixin.py:103} INFO - [2021-02-25 17:28:14,124] {dag.py:1813} INFO - Sync 1 DAGs
[2021-02-25 17:28:14,167] {logging_mixin.py:103} INFO - [2021-02-25 17:28:14,167] {dag.py:2266} INFO - Setting next_dagrun for example_branch_dop_operator_v3 to 2021-02-23 00:00:00+00:00
[2021-02-25 17:28:14,180] {scheduler_job.py:189} INFO - Processing /home/i-sip_iot/anaconda3/envs/sandbox/lib/python3.7/site-packages/airflow/example_dags/example_branch_python_dop_operator_3.py took 0.065 seconds
[2021-02-25 17:28:41,632] {scheduler_job.py:181} INFO - Started process (PID=188899) to work on /home/i-sip_iot/anaconda3/envs/sandbox/lib/python3.7/site-packages/airflow/example_dags/example_branch_python_dop_operator_3.py
[2021-02-25 17:28:41,632] {scheduler_job.py:629} INFO - Processing file /home/i-sip_iot/anaconda3/envs/sandbox/lib/python3.7/site-packages/airflow/example_dags/example_branch_python_dop_operator_3.py for tasks to queue
[2021-02-25 17:28:41,633] {logging_mixin.py:103} INFO - [2021-02-25 17:28:41,633] {dagbag.py:440} INFO - Filling up the DagBag from /home/i-sip_iot/anaconda3/envs/sandbox/lib/python3.7/site-packages/airflow/example_dags/example_branch_python_dop_operator_3.py
[2021-02-25 17:28:41,645] {scheduler_job.py:639} INFO - DAG(s) dict_keys(['example_branch_dop_operator_v3']) retrieved from /home/i-sip_iot/anaconda3/envs/sandbox/lib/python3.7/site-packages/airflow/example_dags/example_branch_python_dop_operator_3.py
[2021-02-25 17:28:41,646] {logging_mixin.py:103} INFO - [2021-02-25 17:28:41,646] {dag.py:1813} INFO - Sync 1 DAGs
[2021-02-25 17:28:41,668] {logging_mixin.py:103} INFO - [2021-02-25 17:28:41,667] {dag.py:2266} INFO - Setting next_dagrun for example_branch_dop_operator_v3 to 2021-02-23 00:00:00+00:00
[2021-02-25 17:28:41,676] {scheduler_job.py:189} INFO - Processing /home/i-sip_iot/anaconda3/envs/sandbox/lib/python3.7/site-packages/airflow/example_dags/example_branch_python_dop_operator_3.py took 0.046 seconds
[2021-02-25 17:29:08,826] {scheduler_job.py:181} INFO - Started process (PID=188983) to work on /home/i-sip_iot/anaconda3/envs/sandbox/lib/python3.7/site-packages/airflow/example_dags/example_branch_python_dop_operator_3.py
[2021-02-25 17:29:08,827] {scheduler_job.py:629} INFO - Processing file /home/i-sip_iot/anaconda3/envs/sandbox/lib/python3.7/site-packages/airflow/example_dags/example_branch_python_dop_operator_3.py for tasks to queue
[2021-02-25 17:29:08,827] {logging_mixin.py:103} INFO - [2021-02-25 17:29:08,827] {dagbag.py:440} INFO - Filling up the DagBag from /home/i-sip_iot/anaconda3/envs/sandbox/lib/python3.7/site-packages/airflow/example_dags/example_branch_python_dop_operator_3.py
[2021-02-25 17:29:08,838] {scheduler_job.py:639} INFO - DAG(s) dict_keys(['example_branch_dop_operator_v3']) retrieved from /home/i-sip_iot/anaconda3/envs/sandbox/lib/python3.7/site-packages/airflow/example_dags/example_branch_python_dop_operator_3.py
[2021-02-25 17:29:08,839] {logging_mixin.py:103} INFO - [2021-02-25 17:29:08,839] {dag.py:1813} INFO - Sync 1 DAGs
[2021-02-25 17:29:08,862] {logging_mixin.py:103} INFO - [2021-02-25 17:29:08,862] {dag.py:2266} INFO - Setting next_dagrun for example_branch_dop_operator_v3 to 2021-02-23 00:00:00+00:00
[2021-02-25 17:29:08,872] {scheduler_job.py:189} INFO - Processing /home/i-sip_iot/anaconda3/envs/sandbox/lib/python3.7/site-packages/airflow/example_dags/example_branch_python_dop_operator_3.py took 0.047 seconds
[2021-02-25 17:29:35,706] {scheduler_job.py:181} INFO - Started process (PID=189066) to work on /home/i-sip_iot/anaconda3/envs/sandbox/lib/python3.7/site-packages/airflow/example_dags/example_branch_python_dop_operator_3.py
[2021-02-25 17:29:35,707] {scheduler_job.py:629} INFO - Processing file /home/i-sip_iot/anaconda3/envs/sandbox/lib/python3.7/site-packages/airflow/example_dags/example_branch_python_dop_operator_3.py for tasks to queue
[2021-02-25 17:29:35,707] {logging_mixin.py:103} INFO - [2021-02-25 17:29:35,707] {dagbag.py:440} INFO - Filling up the DagBag from /home/i-sip_iot/anaconda3/envs/sandbox/lib/python3.7/site-packages/airflow/example_dags/example_branch_python_dop_operator_3.py
[2021-02-25 17:29:35,714] {scheduler_job.py:639} INFO - DAG(s) dict_keys(['example_branch_dop_operator_v3']) retrieved from /home/i-sip_iot/anaconda3/envs/sandbox/lib/python3.7/site-packages/airflow/example_dags/example_branch_python_dop_operator_3.py
[2021-02-25 17:29:35,714] {logging_mixin.py:103} INFO - [2021-02-25 17:29:35,714] {dag.py:1813} INFO - Sync 1 DAGs
[2021-02-25 17:29:35,731] {logging_mixin.py:103} INFO - [2021-02-25 17:29:35,731] {dag.py:2266} INFO - Setting next_dagrun for example_branch_dop_operator_v3 to 2021-02-23 00:00:00+00:00
[2021-02-25 17:29:35,739] {scheduler_job.py:189} INFO - Processing /home/i-sip_iot/anaconda3/envs/sandbox/lib/python3.7/site-packages/airflow/example_dags/example_branch_python_dop_operator_3.py took 0.034 seconds
[2021-02-25 17:30:03,406] {scheduler_job.py:181} INFO - Started process (PID=189346) to work on /home/i-sip_iot/anaconda3/envs/sandbox/lib/python3.7/site-packages/airflow/example_dags/example_branch_python_dop_operator_3.py
[2021-02-25 17:30:03,407] {scheduler_job.py:629} INFO - Processing file /home/i-sip_iot/anaconda3/envs/sandbox/lib/python3.7/site-packages/airflow/example_dags/example_branch_python_dop_operator_3.py for tasks to queue
[2021-02-25 17:30:03,408] {logging_mixin.py:103} INFO - [2021-02-25 17:30:03,408] {dagbag.py:440} INFO - Filling up the DagBag from /home/i-sip_iot/anaconda3/envs/sandbox/lib/python3.7/site-packages/airflow/example_dags/example_branch_python_dop_operator_3.py
[2021-02-25 17:30:03,420] {scheduler_job.py:639} INFO - DAG(s) dict_keys(['example_branch_dop_operator_v3']) retrieved from /home/i-sip_iot/anaconda3/envs/sandbox/lib/python3.7/site-packages/airflow/example_dags/example_branch_python_dop_operator_3.py
[2021-02-25 17:30:03,421] {logging_mixin.py:103} INFO - [2021-02-25 17:30:03,421] {dag.py:1813} INFO - Sync 1 DAGs
[2021-02-25 17:30:03,445] {logging_mixin.py:103} INFO - [2021-02-25 17:30:03,445] {dag.py:2266} INFO - Setting next_dagrun for example_branch_dop_operator_v3 to 2021-02-23 00:00:00+00:00
[2021-02-25 17:30:03,455] {scheduler_job.py:189} INFO - Processing /home/i-sip_iot/anaconda3/envs/sandbox/lib/python3.7/site-packages/airflow/example_dags/example_branch_python_dop_operator_3.py took 0.051 seconds
[2021-02-25 17:30:30,290] {scheduler_job.py:181} INFO - Started process (PID=189433) to work on /home/i-sip_iot/anaconda3/envs/sandbox/lib/python3.7/site-packages/airflow/example_dags/example_branch_python_dop_operator_3.py
[2021-02-25 17:30:30,290] {scheduler_job.py:629} INFO - Processing file /home/i-sip_iot/anaconda3/envs/sandbox/lib/python3.7/site-packages/airflow/example_dags/example_branch_python_dop_operator_3.py for tasks to queue
[2021-02-25 17:30:30,290] {logging_mixin.py:103} INFO - [2021-02-25 17:30:30,290] {dagbag.py:440} INFO - Filling up the DagBag from /home/i-sip_iot/anaconda3/envs/sandbox/lib/python3.7/site-packages/airflow/example_dags/example_branch_python_dop_operator_3.py
[2021-02-25 17:30:30,297] {scheduler_job.py:639} INFO - DAG(s) dict_keys(['example_branch_dop_operator_v3']) retrieved from /home/i-sip_iot/anaconda3/envs/sandbox/lib/python3.7/site-packages/airflow/example_dags/example_branch_python_dop_operator_3.py
[2021-02-25 17:30:30,298] {logging_mixin.py:103} INFO - [2021-02-25 17:30:30,298] {dag.py:1813} INFO - Sync 1 DAGs
[2021-02-25 17:30:30,316] {logging_mixin.py:103} INFO - [2021-02-25 17:30:30,316] {dag.py:2266} INFO - Setting next_dagrun for example_branch_dop_operator_v3 to 2021-02-23 00:00:00+00:00
[2021-02-25 17:30:30,324] {scheduler_job.py:189} INFO - Processing /home/i-sip_iot/anaconda3/envs/sandbox/lib/python3.7/site-packages/airflow/example_dags/example_branch_python_dop_operator_3.py took 0.036 seconds
[2021-02-25 17:30:58,334] {scheduler_job.py:181} INFO - Started process (PID=189668) to work on /home/i-sip_iot/anaconda3/envs/sandbox/lib/python3.7/site-packages/airflow/example_dags/example_branch_python_dop_operator_3.py
[2021-02-25 17:30:58,337] {scheduler_job.py:629} INFO - Processing file /home/i-sip_iot/anaconda3/envs/sandbox/lib/python3.7/site-packages/airflow/example_dags/example_branch_python_dop_operator_3.py for tasks to queue
[2021-02-25 17:30:58,338] {logging_mixin.py:103} INFO - [2021-02-25 17:30:58,338] {dagbag.py:440} INFO - Filling up the DagBag from /home/i-sip_iot/anaconda3/envs/sandbox/lib/python3.7/site-packages/airflow/example_dags/example_branch_python_dop_operator_3.py
[2021-02-25 17:30:58,354] {scheduler_job.py:639} INFO - DAG(s) dict_keys(['example_branch_dop_operator_v3']) retrieved from /home/i-sip_iot/anaconda3/envs/sandbox/lib/python3.7/site-packages/airflow/example_dags/example_branch_python_dop_operator_3.py
[2021-02-25 17:30:58,355] {logging_mixin.py:103} INFO - [2021-02-25 17:30:58,355] {dag.py:1813} INFO - Sync 1 DAGs
[2021-02-25 17:30:58,376] {logging_mixin.py:103} INFO - [2021-02-25 17:30:58,376] {dag.py:2266} INFO - Setting next_dagrun for example_branch_dop_operator_v3 to 2021-02-23 00:00:00+00:00
[2021-02-25 17:30:58,384] {scheduler_job.py:189} INFO - Processing /home/i-sip_iot/anaconda3/envs/sandbox/lib/python3.7/site-packages/airflow/example_dags/example_branch_python_dop_operator_3.py took 0.058 seconds
[2021-02-25 17:31:26,320] {scheduler_job.py:181} INFO - Started process (PID=189779) to work on /home/i-sip_iot/anaconda3/envs/sandbox/lib/python3.7/site-packages/airflow/example_dags/example_branch_python_dop_operator_3.py
[2021-02-25 17:31:26,321] {scheduler_job.py:629} INFO - Processing file /home/i-sip_iot/anaconda3/envs/sandbox/lib/python3.7/site-packages/airflow/example_dags/example_branch_python_dop_operator_3.py for tasks to queue
[2021-02-25 17:31:26,322] {logging_mixin.py:103} INFO - [2021-02-25 17:31:26,322] {dagbag.py:440} INFO - Filling up the DagBag from /home/i-sip_iot/anaconda3/envs/sandbox/lib/python3.7/site-packages/airflow/example_dags/example_branch_python_dop_operator_3.py
[2021-02-25 17:31:26,335] {scheduler_job.py:639} INFO - DAG(s) dict_keys(['example_branch_dop_operator_v3']) retrieved from /home/i-sip_iot/anaconda3/envs/sandbox/lib/python3.7/site-packages/airflow/example_dags/example_branch_python_dop_operator_3.py
[2021-02-25 17:31:26,336] {logging_mixin.py:103} INFO - [2021-02-25 17:31:26,336] {dag.py:1813} INFO - Sync 1 DAGs
[2021-02-25 17:31:26,358] {logging_mixin.py:103} INFO - [2021-02-25 17:31:26,358] {dag.py:2266} INFO - Setting next_dagrun for example_branch_dop_operator_v3 to 2021-02-23 00:00:00+00:00
[2021-02-25 17:31:26,368] {scheduler_job.py:189} INFO - Processing /home/i-sip_iot/anaconda3/envs/sandbox/lib/python3.7/site-packages/airflow/example_dags/example_branch_python_dop_operator_3.py took 0.050 seconds
[2021-02-25 17:31:52,082] {scheduler_job.py:181} INFO - Started process (PID=190007) to work on /home/i-sip_iot/anaconda3/envs/sandbox/lib/python3.7/site-packages/airflow/example_dags/example_branch_python_dop_operator_3.py
[2021-02-25 17:31:52,083] {scheduler_job.py:629} INFO - Processing file /home/i-sip_iot/anaconda3/envs/sandbox/lib/python3.7/site-packages/airflow/example_dags/example_branch_python_dop_operator_3.py for tasks to queue
[2021-02-25 17:31:52,084] {logging_mixin.py:103} INFO - [2021-02-25 17:31:52,084] {dagbag.py:440} INFO - Filling up the DagBag from /home/i-sip_iot/anaconda3/envs/sandbox/lib/python3.7/site-packages/airflow/example_dags/example_branch_python_dop_operator_3.py
[2021-02-25 17:31:52,094] {scheduler_job.py:639} INFO - DAG(s) dict_keys(['example_branch_dop_operator_v3']) retrieved from /home/i-sip_iot/anaconda3/envs/sandbox/lib/python3.7/site-packages/airflow/example_dags/example_branch_python_dop_operator_3.py
[2021-02-25 17:31:52,095] {logging_mixin.py:103} INFO - [2021-02-25 17:31:52,095] {dag.py:1813} INFO - Sync 1 DAGs
[2021-02-25 17:31:52,115] {logging_mixin.py:103} INFO - [2021-02-25 17:31:52,115] {dag.py:2266} INFO - Setting next_dagrun for example_branch_dop_operator_v3 to 2021-02-23 00:00:00+00:00
[2021-02-25 17:31:52,123] {scheduler_job.py:189} INFO - Processing /home/i-sip_iot/anaconda3/envs/sandbox/lib/python3.7/site-packages/airflow/example_dags/example_branch_python_dop_operator_3.py took 0.043 seconds
[2021-02-25 17:32:18,660] {scheduler_job.py:181} INFO - Started process (PID=190108) to work on /home/i-sip_iot/anaconda3/envs/sandbox/lib/python3.7/site-packages/airflow/example_dags/example_branch_python_dop_operator_3.py
[2021-02-25 17:32:18,662] {scheduler_job.py:629} INFO - Processing file /home/i-sip_iot/anaconda3/envs/sandbox/lib/python3.7/site-packages/airflow/example_dags/example_branch_python_dop_operator_3.py for tasks to queue
[2021-02-25 17:32:18,663] {logging_mixin.py:103} INFO - [2021-02-25 17:32:18,663] {dagbag.py:440} INFO - Filling up the DagBag from /home/i-sip_iot/anaconda3/envs/sandbox/lib/python3.7/site-packages/airflow/example_dags/example_branch_python_dop_operator_3.py
[2021-02-25 17:32:18,686] {scheduler_job.py:639} INFO - DAG(s) dict_keys(['example_branch_dop_operator_v3']) retrieved from /home/i-sip_iot/anaconda3/envs/sandbox/lib/python3.7/site-packages/airflow/example_dags/example_branch_python_dop_operator_3.py
[2021-02-25 17:32:18,687] {logging_mixin.py:103} INFO - [2021-02-25 17:32:18,687] {dag.py:1813} INFO - Sync 1 DAGs
[2021-02-25 17:32:18,709] {logging_mixin.py:103} INFO - [2021-02-25 17:32:18,709] {dag.py:2266} INFO - Setting next_dagrun for example_branch_dop_operator_v3 to 2021-02-23 00:00:00+00:00
[2021-02-25 17:32:18,716] {scheduler_job.py:189} INFO - Processing /home/i-sip_iot/anaconda3/envs/sandbox/lib/python3.7/site-packages/airflow/example_dags/example_branch_python_dop_operator_3.py took 0.062 seconds
[2021-02-25 17:32:46,504] {scheduler_job.py:181} INFO - Started process (PID=190362) to work on /home/i-sip_iot/anaconda3/envs/sandbox/lib/python3.7/site-packages/airflow/example_dags/example_branch_python_dop_operator_3.py
[2021-02-25 17:32:46,506] {scheduler_job.py:629} INFO - Processing file /home/i-sip_iot/anaconda3/envs/sandbox/lib/python3.7/site-packages/airflow/example_dags/example_branch_python_dop_operator_3.py for tasks to queue
[2021-02-25 17:32:46,508] {logging_mixin.py:103} INFO - [2021-02-25 17:32:46,508] {dagbag.py:440} INFO - Filling up the DagBag from /home/i-sip_iot/anaconda3/envs/sandbox/lib/python3.7/site-packages/airflow/example_dags/example_branch_python_dop_operator_3.py
[2021-02-25 17:32:46,526] {scheduler_job.py:639} INFO - DAG(s) dict_keys(['example_branch_dop_operator_v3']) retrieved from /home/i-sip_iot/anaconda3/envs/sandbox/lib/python3.7/site-packages/airflow/example_dags/example_branch_python_dop_operator_3.py
[2021-02-25 17:32:46,527] {logging_mixin.py:103} INFO - [2021-02-25 17:32:46,527] {dag.py:1813} INFO - Sync 1 DAGs
[2021-02-25 17:32:46,548] {logging_mixin.py:103} INFO - [2021-02-25 17:32:46,548] {dag.py:2266} INFO - Setting next_dagrun for example_branch_dop_operator_v3 to 2021-02-23 00:00:00+00:00
[2021-02-25 17:32:46,556] {scheduler_job.py:189} INFO - Processing /home/i-sip_iot/anaconda3/envs/sandbox/lib/python3.7/site-packages/airflow/example_dags/example_branch_python_dop_operator_3.py took 0.058 seconds
[2021-02-25 17:33:14,704] {scheduler_job.py:181} INFO - Started process (PID=190488) to work on /home/i-sip_iot/anaconda3/envs/sandbox/lib/python3.7/site-packages/airflow/example_dags/example_branch_python_dop_operator_3.py
[2021-02-25 17:33:14,705] {scheduler_job.py:629} INFO - Processing file /home/i-sip_iot/anaconda3/envs/sandbox/lib/python3.7/site-packages/airflow/example_dags/example_branch_python_dop_operator_3.py for tasks to queue
[2021-02-25 17:33:14,706] {logging_mixin.py:103} INFO - [2021-02-25 17:33:14,705] {dagbag.py:440} INFO - Filling up the DagBag from /home/i-sip_iot/anaconda3/envs/sandbox/lib/python3.7/site-packages/airflow/example_dags/example_branch_python_dop_operator_3.py
[2021-02-25 17:33:14,717] {scheduler_job.py:639} INFO - DAG(s) dict_keys(['example_branch_dop_operator_v3']) retrieved from /home/i-sip_iot/anaconda3/envs/sandbox/lib/python3.7/site-packages/airflow/example_dags/example_branch_python_dop_operator_3.py
[2021-02-25 17:33:14,718] {logging_mixin.py:103} INFO - [2021-02-25 17:33:14,718] {dag.py:1813} INFO - Sync 1 DAGs
[2021-02-25 17:33:14,742] {logging_mixin.py:103} INFO - [2021-02-25 17:33:14,742] {dag.py:2266} INFO - Setting next_dagrun for example_branch_dop_operator_v3 to 2021-02-23 00:00:00+00:00
[2021-02-25 17:33:14,751] {scheduler_job.py:189} INFO - Processing /home/i-sip_iot/anaconda3/envs/sandbox/lib/python3.7/site-packages/airflow/example_dags/example_branch_python_dop_operator_3.py took 0.048 seconds
[2021-02-25 17:33:41,083] {scheduler_job.py:181} INFO - Started process (PID=190571) to work on /home/i-sip_iot/anaconda3/envs/sandbox/lib/python3.7/site-packages/airflow/example_dags/example_branch_python_dop_operator_3.py
[2021-02-25 17:33:41,084] {scheduler_job.py:629} INFO - Processing file /home/i-sip_iot/anaconda3/envs/sandbox/lib/python3.7/site-packages/airflow/example_dags/example_branch_python_dop_operator_3.py for tasks to queue
[2021-02-25 17:33:41,084] {logging_mixin.py:103} INFO - [2021-02-25 17:33:41,084] {dagbag.py:440} INFO - Filling up the DagBag from /home/i-sip_iot/anaconda3/envs/sandbox/lib/python3.7/site-packages/airflow/example_dags/example_branch_python_dop_operator_3.py
[2021-02-25 17:33:41,093] {scheduler_job.py:639} INFO - DAG(s) dict_keys(['example_branch_dop_operator_v3']) retrieved from /home/i-sip_iot/anaconda3/envs/sandbox/lib/python3.7/site-packages/airflow/example_dags/example_branch_python_dop_operator_3.py
[2021-02-25 17:33:41,094] {logging_mixin.py:103} INFO - [2021-02-25 17:33:41,094] {dag.py:1813} INFO - Sync 1 DAGs
[2021-02-25 17:33:41,111] {logging_mixin.py:103} INFO - [2021-02-25 17:33:41,110] {dag.py:2266} INFO - Setting next_dagrun for example_branch_dop_operator_v3 to 2021-02-23 00:00:00+00:00
[2021-02-25 17:33:41,118] {scheduler_job.py:189} INFO - Processing /home/i-sip_iot/anaconda3/envs/sandbox/lib/python3.7/site-packages/airflow/example_dags/example_branch_python_dop_operator_3.py took 0.037 seconds
