[2021-02-25 17:15:25,467] {scheduler_job.py:181} INFO - Started process (PID=184371) to work on /home/i-sip_iot/anaconda3/envs/sandbox/lib/python3.7/site-packages/airflow/example_dags/example_nested_branch_dag.py
[2021-02-25 17:15:25,469] {scheduler_job.py:629} INFO - Processing file /home/i-sip_iot/anaconda3/envs/sandbox/lib/python3.7/site-packages/airflow/example_dags/example_nested_branch_dag.py for tasks to queue
[2021-02-25 17:15:25,469] {logging_mixin.py:103} INFO - [2021-02-25 17:15:25,469] {dagbag.py:440} INFO - Filling up the DagBag from /home/i-sip_iot/anaconda3/envs/sandbox/lib/python3.7/site-packages/airflow/example_dags/example_nested_branch_dag.py
[2021-02-25 17:15:25,488] {scheduler_job.py:639} INFO - DAG(s) dict_keys(['example_nested_branch_dag']) retrieved from /home/i-sip_iot/anaconda3/envs/sandbox/lib/python3.7/site-packages/airflow/example_dags/example_nested_branch_dag.py
[2021-02-25 17:15:25,490] {logging_mixin.py:103} INFO - [2021-02-25 17:15:25,489] {dag.py:1813} INFO - Sync 1 DAGs
[2021-02-25 17:15:25,510] {logging_mixin.py:103} INFO - [2021-02-25 17:15:25,510] {dag.py:2266} INFO - Setting next_dagrun for example_nested_branch_dag to 2021-02-23 00:00:00+00:00
[2021-02-25 17:15:25,539] {scheduler_job.py:189} INFO - Processing /home/i-sip_iot/anaconda3/envs/sandbox/lib/python3.7/site-packages/airflow/example_dags/example_nested_branch_dag.py took 0.076 seconds
[2021-02-25 17:15:53,161] {scheduler_job.py:181} INFO - Started process (PID=184602) to work on /home/i-sip_iot/anaconda3/envs/sandbox/lib/python3.7/site-packages/airflow/example_dags/example_nested_branch_dag.py
[2021-02-25 17:15:53,162] {scheduler_job.py:629} INFO - Processing file /home/i-sip_iot/anaconda3/envs/sandbox/lib/python3.7/site-packages/airflow/example_dags/example_nested_branch_dag.py for tasks to queue
[2021-02-25 17:15:53,162] {logging_mixin.py:103} INFO - [2021-02-25 17:15:53,162] {dagbag.py:440} INFO - Filling up the DagBag from /home/i-sip_iot/anaconda3/envs/sandbox/lib/python3.7/site-packages/airflow/example_dags/example_nested_branch_dag.py
[2021-02-25 17:15:53,170] {scheduler_job.py:639} INFO - DAG(s) dict_keys(['example_nested_branch_dag']) retrieved from /home/i-sip_iot/anaconda3/envs/sandbox/lib/python3.7/site-packages/airflow/example_dags/example_nested_branch_dag.py
[2021-02-25 17:15:53,170] {logging_mixin.py:103} INFO - [2021-02-25 17:15:53,170] {dag.py:1813} INFO - Sync 1 DAGs
[2021-02-25 17:15:53,184] {logging_mixin.py:103} INFO - [2021-02-25 17:15:53,184] {dag.py:2266} INFO - Setting next_dagrun for example_nested_branch_dag to 2021-02-23 00:00:00+00:00
[2021-02-25 17:15:53,190] {scheduler_job.py:189} INFO - Processing /home/i-sip_iot/anaconda3/envs/sandbox/lib/python3.7/site-packages/airflow/example_dags/example_nested_branch_dag.py took 0.030 seconds
[2021-02-25 17:16:19,956] {scheduler_job.py:181} INFO - Started process (PID=184663) to work on /home/i-sip_iot/anaconda3/envs/sandbox/lib/python3.7/site-packages/airflow/example_dags/example_nested_branch_dag.py
[2021-02-25 17:16:19,959] {scheduler_job.py:629} INFO - Processing file /home/i-sip_iot/anaconda3/envs/sandbox/lib/python3.7/site-packages/airflow/example_dags/example_nested_branch_dag.py for tasks to queue
[2021-02-25 17:16:19,961] {logging_mixin.py:103} INFO - [2021-02-25 17:16:19,960] {dagbag.py:440} INFO - Filling up the DagBag from /home/i-sip_iot/anaconda3/envs/sandbox/lib/python3.7/site-packages/airflow/example_dags/example_nested_branch_dag.py
[2021-02-25 17:16:19,984] {scheduler_job.py:639} INFO - DAG(s) dict_keys(['example_nested_branch_dag']) retrieved from /home/i-sip_iot/anaconda3/envs/sandbox/lib/python3.7/site-packages/airflow/example_dags/example_nested_branch_dag.py
[2021-02-25 17:16:19,985] {logging_mixin.py:103} INFO - [2021-02-25 17:16:19,985] {dag.py:1813} INFO - Sync 1 DAGs
[2021-02-25 17:16:20,004] {logging_mixin.py:103} INFO - [2021-02-25 17:16:20,004] {dag.py:2266} INFO - Setting next_dagrun for example_nested_branch_dag to 2021-02-23 00:00:00+00:00
[2021-02-25 17:16:20,012] {scheduler_job.py:189} INFO - Processing /home/i-sip_iot/anaconda3/envs/sandbox/lib/python3.7/site-packages/airflow/example_dags/example_nested_branch_dag.py took 0.062 seconds
[2021-02-25 17:16:47,973] {scheduler_job.py:181} INFO - Started process (PID=184906) to work on /home/i-sip_iot/anaconda3/envs/sandbox/lib/python3.7/site-packages/airflow/example_dags/example_nested_branch_dag.py
[2021-02-25 17:16:47,975] {scheduler_job.py:629} INFO - Processing file /home/i-sip_iot/anaconda3/envs/sandbox/lib/python3.7/site-packages/airflow/example_dags/example_nested_branch_dag.py for tasks to queue
[2021-02-25 17:16:47,976] {logging_mixin.py:103} INFO - [2021-02-25 17:16:47,975] {dagbag.py:440} INFO - Filling up the DagBag from /home/i-sip_iot/anaconda3/envs/sandbox/lib/python3.7/site-packages/airflow/example_dags/example_nested_branch_dag.py
[2021-02-25 17:16:47,998] {scheduler_job.py:639} INFO - DAG(s) dict_keys(['example_nested_branch_dag']) retrieved from /home/i-sip_iot/anaconda3/envs/sandbox/lib/python3.7/site-packages/airflow/example_dags/example_nested_branch_dag.py
[2021-02-25 17:16:47,999] {logging_mixin.py:103} INFO - [2021-02-25 17:16:47,999] {dag.py:1813} INFO - Sync 1 DAGs
[2021-02-25 17:16:48,019] {logging_mixin.py:103} INFO - [2021-02-25 17:16:48,018] {dag.py:2266} INFO - Setting next_dagrun for example_nested_branch_dag to 2021-02-23 00:00:00+00:00
[2021-02-25 17:16:48,027] {scheduler_job.py:189} INFO - Processing /home/i-sip_iot/anaconda3/envs/sandbox/lib/python3.7/site-packages/airflow/example_dags/example_nested_branch_dag.py took 0.059 seconds
[2021-02-25 17:17:14,819] {scheduler_job.py:181} INFO - Started process (PID=184982) to work on /home/i-sip_iot/anaconda3/envs/sandbox/lib/python3.7/site-packages/airflow/example_dags/example_nested_branch_dag.py
[2021-02-25 17:17:14,819] {scheduler_job.py:629} INFO - Processing file /home/i-sip_iot/anaconda3/envs/sandbox/lib/python3.7/site-packages/airflow/example_dags/example_nested_branch_dag.py for tasks to queue
[2021-02-25 17:17:14,820] {logging_mixin.py:103} INFO - [2021-02-25 17:17:14,820] {dagbag.py:440} INFO - Filling up the DagBag from /home/i-sip_iot/anaconda3/envs/sandbox/lib/python3.7/site-packages/airflow/example_dags/example_nested_branch_dag.py
[2021-02-25 17:17:14,827] {scheduler_job.py:639} INFO - DAG(s) dict_keys(['example_nested_branch_dag']) retrieved from /home/i-sip_iot/anaconda3/envs/sandbox/lib/python3.7/site-packages/airflow/example_dags/example_nested_branch_dag.py
[2021-02-25 17:17:14,827] {logging_mixin.py:103} INFO - [2021-02-25 17:17:14,827] {dag.py:1813} INFO - Sync 1 DAGs
[2021-02-25 17:17:14,843] {logging_mixin.py:103} INFO - [2021-02-25 17:17:14,843] {dag.py:2266} INFO - Setting next_dagrun for example_nested_branch_dag to 2021-02-23 00:00:00+00:00
[2021-02-25 17:17:14,857] {scheduler_job.py:189} INFO - Processing /home/i-sip_iot/anaconda3/envs/sandbox/lib/python3.7/site-packages/airflow/example_dags/example_nested_branch_dag.py took 0.039 seconds
[2021-02-25 17:17:42,335] {scheduler_job.py:181} INFO - Started process (PID=185226) to work on /home/i-sip_iot/anaconda3/envs/sandbox/lib/python3.7/site-packages/airflow/example_dags/example_nested_branch_dag.py
[2021-02-25 17:17:42,336] {scheduler_job.py:629} INFO - Processing file /home/i-sip_iot/anaconda3/envs/sandbox/lib/python3.7/site-packages/airflow/example_dags/example_nested_branch_dag.py for tasks to queue
[2021-02-25 17:17:42,336] {logging_mixin.py:103} INFO - [2021-02-25 17:17:42,336] {dagbag.py:440} INFO - Filling up the DagBag from /home/i-sip_iot/anaconda3/envs/sandbox/lib/python3.7/site-packages/airflow/example_dags/example_nested_branch_dag.py
[2021-02-25 17:17:42,343] {scheduler_job.py:639} INFO - DAG(s) dict_keys(['example_nested_branch_dag']) retrieved from /home/i-sip_iot/anaconda3/envs/sandbox/lib/python3.7/site-packages/airflow/example_dags/example_nested_branch_dag.py
[2021-02-25 17:17:42,344] {logging_mixin.py:103} INFO - [2021-02-25 17:17:42,343] {dag.py:1813} INFO - Sync 1 DAGs
[2021-02-25 17:17:42,357] {logging_mixin.py:103} INFO - [2021-02-25 17:17:42,357] {dag.py:2266} INFO - Setting next_dagrun for example_nested_branch_dag to 2021-02-23 00:00:00+00:00
[2021-02-25 17:17:42,367] {scheduler_job.py:189} INFO - Processing /home/i-sip_iot/anaconda3/envs/sandbox/lib/python3.7/site-packages/airflow/example_dags/example_nested_branch_dag.py took 0.033 seconds
[2021-02-25 17:18:09,244] {scheduler_job.py:181} INFO - Started process (PID=185289) to work on /home/i-sip_iot/anaconda3/envs/sandbox/lib/python3.7/site-packages/airflow/example_dags/example_nested_branch_dag.py
[2021-02-25 17:18:09,245] {scheduler_job.py:629} INFO - Processing file /home/i-sip_iot/anaconda3/envs/sandbox/lib/python3.7/site-packages/airflow/example_dags/example_nested_branch_dag.py for tasks to queue
[2021-02-25 17:18:09,245] {logging_mixin.py:103} INFO - [2021-02-25 17:18:09,245] {dagbag.py:440} INFO - Filling up the DagBag from /home/i-sip_iot/anaconda3/envs/sandbox/lib/python3.7/site-packages/airflow/example_dags/example_nested_branch_dag.py
[2021-02-25 17:18:09,253] {scheduler_job.py:639} INFO - DAG(s) dict_keys(['example_nested_branch_dag']) retrieved from /home/i-sip_iot/anaconda3/envs/sandbox/lib/python3.7/site-packages/airflow/example_dags/example_nested_branch_dag.py
[2021-02-25 17:18:09,253] {logging_mixin.py:103} INFO - [2021-02-25 17:18:09,253] {dag.py:1813} INFO - Sync 1 DAGs
[2021-02-25 17:18:09,268] {logging_mixin.py:103} INFO - [2021-02-25 17:18:09,268] {dag.py:2266} INFO - Setting next_dagrun for example_nested_branch_dag to 2021-02-23 00:00:00+00:00
[2021-02-25 17:18:09,277] {scheduler_job.py:189} INFO - Processing /home/i-sip_iot/anaconda3/envs/sandbox/lib/python3.7/site-packages/airflow/example_dags/example_nested_branch_dag.py took 0.034 seconds
[2021-02-25 17:18:37,259] {scheduler_job.py:181} INFO - Started process (PID=185534) to work on /home/i-sip_iot/anaconda3/envs/sandbox/lib/python3.7/site-packages/airflow/example_dags/example_nested_branch_dag.py
[2021-02-25 17:18:37,260] {scheduler_job.py:629} INFO - Processing file /home/i-sip_iot/anaconda3/envs/sandbox/lib/python3.7/site-packages/airflow/example_dags/example_nested_branch_dag.py for tasks to queue
[2021-02-25 17:18:37,261] {logging_mixin.py:103} INFO - [2021-02-25 17:18:37,260] {dagbag.py:440} INFO - Filling up the DagBag from /home/i-sip_iot/anaconda3/envs/sandbox/lib/python3.7/site-packages/airflow/example_dags/example_nested_branch_dag.py
[2021-02-25 17:18:37,273] {scheduler_job.py:639} INFO - DAG(s) dict_keys(['example_nested_branch_dag']) retrieved from /home/i-sip_iot/anaconda3/envs/sandbox/lib/python3.7/site-packages/airflow/example_dags/example_nested_branch_dag.py
[2021-02-25 17:18:37,274] {logging_mixin.py:103} INFO - [2021-02-25 17:18:37,274] {dag.py:1813} INFO - Sync 1 DAGs
[2021-02-25 17:18:37,293] {logging_mixin.py:103} INFO - [2021-02-25 17:18:37,293] {dag.py:2266} INFO - Setting next_dagrun for example_nested_branch_dag to 2021-02-23 00:00:00+00:00
[2021-02-25 17:18:37,306] {scheduler_job.py:189} INFO - Processing /home/i-sip_iot/anaconda3/envs/sandbox/lib/python3.7/site-packages/airflow/example_dags/example_nested_branch_dag.py took 0.050 seconds
[2021-02-25 17:19:03,977] {scheduler_job.py:181} INFO - Started process (PID=185612) to work on /home/i-sip_iot/anaconda3/envs/sandbox/lib/python3.7/site-packages/airflow/example_dags/example_nested_branch_dag.py
[2021-02-25 17:19:03,978] {scheduler_job.py:629} INFO - Processing file /home/i-sip_iot/anaconda3/envs/sandbox/lib/python3.7/site-packages/airflow/example_dags/example_nested_branch_dag.py for tasks to queue
[2021-02-25 17:19:03,978] {logging_mixin.py:103} INFO - [2021-02-25 17:19:03,978] {dagbag.py:440} INFO - Filling up the DagBag from /home/i-sip_iot/anaconda3/envs/sandbox/lib/python3.7/site-packages/airflow/example_dags/example_nested_branch_dag.py
[2021-02-25 17:19:03,986] {scheduler_job.py:639} INFO - DAG(s) dict_keys(['example_nested_branch_dag']) retrieved from /home/i-sip_iot/anaconda3/envs/sandbox/lib/python3.7/site-packages/airflow/example_dags/example_nested_branch_dag.py
[2021-02-25 17:19:03,987] {logging_mixin.py:103} INFO - [2021-02-25 17:19:03,987] {dag.py:1813} INFO - Sync 1 DAGs
[2021-02-25 17:19:04,001] {logging_mixin.py:103} INFO - [2021-02-25 17:19:04,001] {dag.py:2266} INFO - Setting next_dagrun for example_nested_branch_dag to 2021-02-23 00:00:00+00:00
[2021-02-25 17:19:04,009] {scheduler_job.py:189} INFO - Processing /home/i-sip_iot/anaconda3/envs/sandbox/lib/python3.7/site-packages/airflow/example_dags/example_nested_branch_dag.py took 0.035 seconds
[2021-02-25 17:19:30,399] {scheduler_job.py:181} INFO - Started process (PID=185680) to work on /home/i-sip_iot/anaconda3/envs/sandbox/lib/python3.7/site-packages/airflow/example_dags/example_nested_branch_dag.py
[2021-02-25 17:19:30,400] {scheduler_job.py:629} INFO - Processing file /home/i-sip_iot/anaconda3/envs/sandbox/lib/python3.7/site-packages/airflow/example_dags/example_nested_branch_dag.py for tasks to queue
[2021-02-25 17:19:30,401] {logging_mixin.py:103} INFO - [2021-02-25 17:19:30,401] {dagbag.py:440} INFO - Filling up the DagBag from /home/i-sip_iot/anaconda3/envs/sandbox/lib/python3.7/site-packages/airflow/example_dags/example_nested_branch_dag.py
[2021-02-25 17:19:30,414] {scheduler_job.py:639} INFO - DAG(s) dict_keys(['example_nested_branch_dag']) retrieved from /home/i-sip_iot/anaconda3/envs/sandbox/lib/python3.7/site-packages/airflow/example_dags/example_nested_branch_dag.py
[2021-02-25 17:19:30,415] {logging_mixin.py:103} INFO - [2021-02-25 17:19:30,415] {dag.py:1813} INFO - Sync 1 DAGs
[2021-02-25 17:19:30,430] {logging_mixin.py:103} INFO - [2021-02-25 17:19:30,430] {dag.py:2266} INFO - Setting next_dagrun for example_nested_branch_dag to 2021-02-23 00:00:00+00:00
[2021-02-25 17:19:30,439] {scheduler_job.py:189} INFO - Processing /home/i-sip_iot/anaconda3/envs/sandbox/lib/python3.7/site-packages/airflow/example_dags/example_nested_branch_dag.py took 0.044 seconds
[2021-02-25 17:19:58,460] {scheduler_job.py:181} INFO - Started process (PID=185906) to work on /home/i-sip_iot/anaconda3/envs/sandbox/lib/python3.7/site-packages/airflow/example_dags/example_nested_branch_dag.py
[2021-02-25 17:19:58,461] {scheduler_job.py:629} INFO - Processing file /home/i-sip_iot/anaconda3/envs/sandbox/lib/python3.7/site-packages/airflow/example_dags/example_nested_branch_dag.py for tasks to queue
[2021-02-25 17:19:58,461] {logging_mixin.py:103} INFO - [2021-02-25 17:19:58,461] {dagbag.py:440} INFO - Filling up the DagBag from /home/i-sip_iot/anaconda3/envs/sandbox/lib/python3.7/site-packages/airflow/example_dags/example_nested_branch_dag.py
[2021-02-25 17:19:58,469] {scheduler_job.py:639} INFO - DAG(s) dict_keys(['example_nested_branch_dag']) retrieved from /home/i-sip_iot/anaconda3/envs/sandbox/lib/python3.7/site-packages/airflow/example_dags/example_nested_branch_dag.py
[2021-02-25 17:19:58,470] {logging_mixin.py:103} INFO - [2021-02-25 17:19:58,470] {dag.py:1813} INFO - Sync 1 DAGs
[2021-02-25 17:19:58,483] {logging_mixin.py:103} INFO - [2021-02-25 17:19:58,482] {dag.py:2266} INFO - Setting next_dagrun for example_nested_branch_dag to 2021-02-23 00:00:00+00:00
[2021-02-25 17:19:58,491] {scheduler_job.py:189} INFO - Processing /home/i-sip_iot/anaconda3/envs/sandbox/lib/python3.7/site-packages/airflow/example_dags/example_nested_branch_dag.py took 0.032 seconds
[2021-02-25 17:20:25,349] {scheduler_job.py:181} INFO - Started process (PID=185987) to work on /home/i-sip_iot/anaconda3/envs/sandbox/lib/python3.7/site-packages/airflow/example_dags/example_nested_branch_dag.py
[2021-02-25 17:20:25,350] {scheduler_job.py:629} INFO - Processing file /home/i-sip_iot/anaconda3/envs/sandbox/lib/python3.7/site-packages/airflow/example_dags/example_nested_branch_dag.py for tasks to queue
[2021-02-25 17:20:25,350] {logging_mixin.py:103} INFO - [2021-02-25 17:20:25,350] {dagbag.py:440} INFO - Filling up the DagBag from /home/i-sip_iot/anaconda3/envs/sandbox/lib/python3.7/site-packages/airflow/example_dags/example_nested_branch_dag.py
[2021-02-25 17:20:25,356] {scheduler_job.py:639} INFO - DAG(s) dict_keys(['example_nested_branch_dag']) retrieved from /home/i-sip_iot/anaconda3/envs/sandbox/lib/python3.7/site-packages/airflow/example_dags/example_nested_branch_dag.py
[2021-02-25 17:20:25,357] {logging_mixin.py:103} INFO - [2021-02-25 17:20:25,357] {dag.py:1813} INFO - Sync 1 DAGs
[2021-02-25 17:20:25,369] {logging_mixin.py:103} INFO - [2021-02-25 17:20:25,369] {dag.py:2266} INFO - Setting next_dagrun for example_nested_branch_dag to 2021-02-23 00:00:00+00:00
[2021-02-25 17:20:25,377] {scheduler_job.py:189} INFO - Processing /home/i-sip_iot/anaconda3/envs/sandbox/lib/python3.7/site-packages/airflow/example_dags/example_nested_branch_dag.py took 0.030 seconds
[2021-02-25 17:20:52,826] {scheduler_job.py:181} INFO - Started process (PID=186213) to work on /home/i-sip_iot/anaconda3/envs/sandbox/lib/python3.7/site-packages/airflow/example_dags/example_nested_branch_dag.py
[2021-02-25 17:20:52,827] {scheduler_job.py:629} INFO - Processing file /home/i-sip_iot/anaconda3/envs/sandbox/lib/python3.7/site-packages/airflow/example_dags/example_nested_branch_dag.py for tasks to queue
[2021-02-25 17:20:52,827] {logging_mixin.py:103} INFO - [2021-02-25 17:20:52,827] {dagbag.py:440} INFO - Filling up the DagBag from /home/i-sip_iot/anaconda3/envs/sandbox/lib/python3.7/site-packages/airflow/example_dags/example_nested_branch_dag.py
[2021-02-25 17:20:52,834] {scheduler_job.py:639} INFO - DAG(s) dict_keys(['example_nested_branch_dag']) retrieved from /home/i-sip_iot/anaconda3/envs/sandbox/lib/python3.7/site-packages/airflow/example_dags/example_nested_branch_dag.py
[2021-02-25 17:20:52,834] {logging_mixin.py:103} INFO - [2021-02-25 17:20:52,834] {dag.py:1813} INFO - Sync 1 DAGs
[2021-02-25 17:20:52,847] {logging_mixin.py:103} INFO - [2021-02-25 17:20:52,847] {dag.py:2266} INFO - Setting next_dagrun for example_nested_branch_dag to 2021-02-23 00:00:00+00:00
[2021-02-25 17:20:52,855] {scheduler_job.py:189} INFO - Processing /home/i-sip_iot/anaconda3/envs/sandbox/lib/python3.7/site-packages/airflow/example_dags/example_nested_branch_dag.py took 0.030 seconds
[2021-02-25 17:21:19,701] {scheduler_job.py:181} INFO - Started process (PID=186292) to work on /home/i-sip_iot/anaconda3/envs/sandbox/lib/python3.7/site-packages/airflow/example_dags/example_nested_branch_dag.py
[2021-02-25 17:21:19,705] {scheduler_job.py:629} INFO - Processing file /home/i-sip_iot/anaconda3/envs/sandbox/lib/python3.7/site-packages/airflow/example_dags/example_nested_branch_dag.py for tasks to queue
[2021-02-25 17:21:19,706] {logging_mixin.py:103} INFO - [2021-02-25 17:21:19,706] {dagbag.py:440} INFO - Filling up the DagBag from /home/i-sip_iot/anaconda3/envs/sandbox/lib/python3.7/site-packages/airflow/example_dags/example_nested_branch_dag.py
[2021-02-25 17:21:19,720] {scheduler_job.py:639} INFO - DAG(s) dict_keys(['example_nested_branch_dag']) retrieved from /home/i-sip_iot/anaconda3/envs/sandbox/lib/python3.7/site-packages/airflow/example_dags/example_nested_branch_dag.py
[2021-02-25 17:21:19,721] {logging_mixin.py:103} INFO - [2021-02-25 17:21:19,721] {dag.py:1813} INFO - Sync 1 DAGs
[2021-02-25 17:21:19,737] {logging_mixin.py:103} INFO - [2021-02-25 17:21:19,737] {dag.py:2266} INFO - Setting next_dagrun for example_nested_branch_dag to 2021-02-23 00:00:00+00:00
[2021-02-25 17:21:19,745] {scheduler_job.py:189} INFO - Processing /home/i-sip_iot/anaconda3/envs/sandbox/lib/python3.7/site-packages/airflow/example_dags/example_nested_branch_dag.py took 0.050 seconds
[2021-02-25 17:21:47,796] {scheduler_job.py:181} INFO - Started process (PID=186522) to work on /home/i-sip_iot/anaconda3/envs/sandbox/lib/python3.7/site-packages/airflow/example_dags/example_nested_branch_dag.py
[2021-02-25 17:21:47,797] {scheduler_job.py:629} INFO - Processing file /home/i-sip_iot/anaconda3/envs/sandbox/lib/python3.7/site-packages/airflow/example_dags/example_nested_branch_dag.py for tasks to queue
[2021-02-25 17:21:47,798] {logging_mixin.py:103} INFO - [2021-02-25 17:21:47,798] {dagbag.py:440} INFO - Filling up the DagBag from /home/i-sip_iot/anaconda3/envs/sandbox/lib/python3.7/site-packages/airflow/example_dags/example_nested_branch_dag.py
[2021-02-25 17:21:47,814] {scheduler_job.py:639} INFO - DAG(s) dict_keys(['example_nested_branch_dag']) retrieved from /home/i-sip_iot/anaconda3/envs/sandbox/lib/python3.7/site-packages/airflow/example_dags/example_nested_branch_dag.py
[2021-02-25 17:21:47,815] {logging_mixin.py:103} INFO - [2021-02-25 17:21:47,815] {dag.py:1813} INFO - Sync 1 DAGs
[2021-02-25 17:21:47,831] {logging_mixin.py:103} INFO - [2021-02-25 17:21:47,831] {dag.py:2266} INFO - Setting next_dagrun for example_nested_branch_dag to 2021-02-23 00:00:00+00:00
[2021-02-25 17:21:47,839] {scheduler_job.py:189} INFO - Processing /home/i-sip_iot/anaconda3/envs/sandbox/lib/python3.7/site-packages/airflow/example_dags/example_nested_branch_dag.py took 0.049 seconds
[2021-02-25 17:22:14,658] {scheduler_job.py:181} INFO - Started process (PID=186591) to work on /home/i-sip_iot/anaconda3/envs/sandbox/lib/python3.7/site-packages/airflow/example_dags/example_nested_branch_dag.py
[2021-02-25 17:22:14,660] {scheduler_job.py:629} INFO - Processing file /home/i-sip_iot/anaconda3/envs/sandbox/lib/python3.7/site-packages/airflow/example_dags/example_nested_branch_dag.py for tasks to queue
[2021-02-25 17:22:14,661] {logging_mixin.py:103} INFO - [2021-02-25 17:22:14,661] {dagbag.py:440} INFO - Filling up the DagBag from /home/i-sip_iot/anaconda3/envs/sandbox/lib/python3.7/site-packages/airflow/example_dags/example_nested_branch_dag.py
[2021-02-25 17:22:14,682] {scheduler_job.py:639} INFO - DAG(s) dict_keys(['example_nested_branch_dag']) retrieved from /home/i-sip_iot/anaconda3/envs/sandbox/lib/python3.7/site-packages/airflow/example_dags/example_nested_branch_dag.py
[2021-02-25 17:22:14,683] {logging_mixin.py:103} INFO - [2021-02-25 17:22:14,683] {dag.py:1813} INFO - Sync 1 DAGs
[2021-02-25 17:22:14,705] {logging_mixin.py:103} INFO - [2021-02-25 17:22:14,705] {dag.py:2266} INFO - Setting next_dagrun for example_nested_branch_dag to 2021-02-23 00:00:00+00:00
[2021-02-25 17:22:14,714] {scheduler_job.py:189} INFO - Processing /home/i-sip_iot/anaconda3/envs/sandbox/lib/python3.7/site-packages/airflow/example_dags/example_nested_branch_dag.py took 0.063 seconds
[2021-02-25 17:22:41,516] {scheduler_job.py:181} INFO - Started process (PID=186807) to work on /home/i-sip_iot/anaconda3/envs/sandbox/lib/python3.7/site-packages/airflow/example_dags/example_nested_branch_dag.py
[2021-02-25 17:22:41,517] {scheduler_job.py:629} INFO - Processing file /home/i-sip_iot/anaconda3/envs/sandbox/lib/python3.7/site-packages/airflow/example_dags/example_nested_branch_dag.py for tasks to queue
[2021-02-25 17:22:41,518] {logging_mixin.py:103} INFO - [2021-02-25 17:22:41,518] {dagbag.py:440} INFO - Filling up the DagBag from /home/i-sip_iot/anaconda3/envs/sandbox/lib/python3.7/site-packages/airflow/example_dags/example_nested_branch_dag.py
[2021-02-25 17:22:41,531] {scheduler_job.py:639} INFO - DAG(s) dict_keys(['example_nested_branch_dag']) retrieved from /home/i-sip_iot/anaconda3/envs/sandbox/lib/python3.7/site-packages/airflow/example_dags/example_nested_branch_dag.py
[2021-02-25 17:22:41,532] {logging_mixin.py:103} INFO - [2021-02-25 17:22:41,532] {dag.py:1813} INFO - Sync 1 DAGs
[2021-02-25 17:22:41,552] {logging_mixin.py:103} INFO - [2021-02-25 17:22:41,552] {dag.py:2266} INFO - Setting next_dagrun for example_nested_branch_dag to 2021-02-23 00:00:00+00:00
[2021-02-25 17:22:41,560] {scheduler_job.py:189} INFO - Processing /home/i-sip_iot/anaconda3/envs/sandbox/lib/python3.7/site-packages/airflow/example_dags/example_nested_branch_dag.py took 0.046 seconds
[2021-02-25 17:23:08,933] {scheduler_job.py:181} INFO - Started process (PID=186877) to work on /home/i-sip_iot/anaconda3/envs/sandbox/lib/python3.7/site-packages/airflow/example_dags/example_nested_branch_dag.py
[2021-02-25 17:23:08,935] {scheduler_job.py:629} INFO - Processing file /home/i-sip_iot/anaconda3/envs/sandbox/lib/python3.7/site-packages/airflow/example_dags/example_nested_branch_dag.py for tasks to queue
[2021-02-25 17:23:08,935] {logging_mixin.py:103} INFO - [2021-02-25 17:23:08,935] {dagbag.py:440} INFO - Filling up the DagBag from /home/i-sip_iot/anaconda3/envs/sandbox/lib/python3.7/site-packages/airflow/example_dags/example_nested_branch_dag.py
[2021-02-25 17:23:08,949] {scheduler_job.py:639} INFO - DAG(s) dict_keys(['example_nested_branch_dag']) retrieved from /home/i-sip_iot/anaconda3/envs/sandbox/lib/python3.7/site-packages/airflow/example_dags/example_nested_branch_dag.py
[2021-02-25 17:23:08,950] {logging_mixin.py:103} INFO - [2021-02-25 17:23:08,950] {dag.py:1813} INFO - Sync 1 DAGs
[2021-02-25 17:23:08,967] {logging_mixin.py:103} INFO - [2021-02-25 17:23:08,967] {dag.py:2266} INFO - Setting next_dagrun for example_nested_branch_dag to 2021-02-23 00:00:00+00:00
[2021-02-25 17:23:08,975] {scheduler_job.py:189} INFO - Processing /home/i-sip_iot/anaconda3/envs/sandbox/lib/python3.7/site-packages/airflow/example_dags/example_nested_branch_dag.py took 0.045 seconds
[2021-02-25 17:23:35,856] {scheduler_job.py:181} INFO - Started process (PID=186934) to work on /home/i-sip_iot/anaconda3/envs/sandbox/lib/python3.7/site-packages/airflow/example_dags/example_nested_branch_dag.py
[2021-02-25 17:23:35,858] {scheduler_job.py:629} INFO - Processing file /home/i-sip_iot/anaconda3/envs/sandbox/lib/python3.7/site-packages/airflow/example_dags/example_nested_branch_dag.py for tasks to queue
[2021-02-25 17:23:35,860] {logging_mixin.py:103} INFO - [2021-02-25 17:23:35,859] {dagbag.py:440} INFO - Filling up the DagBag from /home/i-sip_iot/anaconda3/envs/sandbox/lib/python3.7/site-packages/airflow/example_dags/example_nested_branch_dag.py
[2021-02-25 17:23:35,880] {scheduler_job.py:639} INFO - DAG(s) dict_keys(['example_nested_branch_dag']) retrieved from /home/i-sip_iot/anaconda3/envs/sandbox/lib/python3.7/site-packages/airflow/example_dags/example_nested_branch_dag.py
[2021-02-25 17:23:35,881] {logging_mixin.py:103} INFO - [2021-02-25 17:23:35,881] {dag.py:1813} INFO - Sync 1 DAGs
[2021-02-25 17:23:35,898] {logging_mixin.py:103} INFO - [2021-02-25 17:23:35,898] {dag.py:2266} INFO - Setting next_dagrun for example_nested_branch_dag to 2021-02-23 00:00:00+00:00
[2021-02-25 17:23:35,906] {scheduler_job.py:189} INFO - Processing /home/i-sip_iot/anaconda3/envs/sandbox/lib/python3.7/site-packages/airflow/example_dags/example_nested_branch_dag.py took 0.056 seconds
[2021-02-25 17:24:03,370] {scheduler_job.py:181} INFO - Started process (PID=187187) to work on /home/i-sip_iot/anaconda3/envs/sandbox/lib/python3.7/site-packages/airflow/example_dags/example_nested_branch_dag.py
[2021-02-25 17:24:03,371] {scheduler_job.py:629} INFO - Processing file /home/i-sip_iot/anaconda3/envs/sandbox/lib/python3.7/site-packages/airflow/example_dags/example_nested_branch_dag.py for tasks to queue
[2021-02-25 17:24:03,372] {logging_mixin.py:103} INFO - [2021-02-25 17:24:03,372] {dagbag.py:440} INFO - Filling up the DagBag from /home/i-sip_iot/anaconda3/envs/sandbox/lib/python3.7/site-packages/airflow/example_dags/example_nested_branch_dag.py
[2021-02-25 17:24:03,387] {scheduler_job.py:639} INFO - DAG(s) dict_keys(['example_nested_branch_dag']) retrieved from /home/i-sip_iot/anaconda3/envs/sandbox/lib/python3.7/site-packages/airflow/example_dags/example_nested_branch_dag.py
[2021-02-25 17:24:03,388] {logging_mixin.py:103} INFO - [2021-02-25 17:24:03,388] {dag.py:1813} INFO - Sync 1 DAGs
[2021-02-25 17:24:03,403] {logging_mixin.py:103} INFO - [2021-02-25 17:24:03,403] {dag.py:2266} INFO - Setting next_dagrun for example_nested_branch_dag to 2021-02-23 00:00:00+00:00
[2021-02-25 17:24:03,411] {scheduler_job.py:189} INFO - Processing /home/i-sip_iot/anaconda3/envs/sandbox/lib/python3.7/site-packages/airflow/example_dags/example_nested_branch_dag.py took 0.046 seconds
[2021-02-25 17:24:30,306] {scheduler_job.py:181} INFO - Started process (PID=187251) to work on /home/i-sip_iot/anaconda3/envs/sandbox/lib/python3.7/site-packages/airflow/example_dags/example_nested_branch_dag.py
[2021-02-25 17:24:30,311] {scheduler_job.py:629} INFO - Processing file /home/i-sip_iot/anaconda3/envs/sandbox/lib/python3.7/site-packages/airflow/example_dags/example_nested_branch_dag.py for tasks to queue
[2021-02-25 17:24:30,313] {logging_mixin.py:103} INFO - [2021-02-25 17:24:30,312] {dagbag.py:440} INFO - Filling up the DagBag from /home/i-sip_iot/anaconda3/envs/sandbox/lib/python3.7/site-packages/airflow/example_dags/example_nested_branch_dag.py
[2021-02-25 17:24:30,334] {scheduler_job.py:639} INFO - DAG(s) dict_keys(['example_nested_branch_dag']) retrieved from /home/i-sip_iot/anaconda3/envs/sandbox/lib/python3.7/site-packages/airflow/example_dags/example_nested_branch_dag.py
[2021-02-25 17:24:30,335] {logging_mixin.py:103} INFO - [2021-02-25 17:24:30,335] {dag.py:1813} INFO - Sync 1 DAGs
[2021-02-25 17:24:30,357] {logging_mixin.py:103} INFO - [2021-02-25 17:24:30,357] {dag.py:2266} INFO - Setting next_dagrun for example_nested_branch_dag to 2021-02-23 00:00:00+00:00
[2021-02-25 17:24:30,368] {scheduler_job.py:189} INFO - Processing /home/i-sip_iot/anaconda3/envs/sandbox/lib/python3.7/site-packages/airflow/example_dags/example_nested_branch_dag.py took 0.069 seconds
[2021-02-25 17:24:57,658] {scheduler_job.py:181} INFO - Started process (PID=187494) to work on /home/i-sip_iot/anaconda3/envs/sandbox/lib/python3.7/site-packages/airflow/example_dags/example_nested_branch_dag.py
[2021-02-25 17:24:57,658] {scheduler_job.py:629} INFO - Processing file /home/i-sip_iot/anaconda3/envs/sandbox/lib/python3.7/site-packages/airflow/example_dags/example_nested_branch_dag.py for tasks to queue
[2021-02-25 17:24:57,658] {logging_mixin.py:103} INFO - [2021-02-25 17:24:57,658] {dagbag.py:440} INFO - Filling up the DagBag from /home/i-sip_iot/anaconda3/envs/sandbox/lib/python3.7/site-packages/airflow/example_dags/example_nested_branch_dag.py
[2021-02-25 17:24:57,666] {scheduler_job.py:639} INFO - DAG(s) dict_keys(['example_nested_branch_dag']) retrieved from /home/i-sip_iot/anaconda3/envs/sandbox/lib/python3.7/site-packages/airflow/example_dags/example_nested_branch_dag.py
[2021-02-25 17:24:57,666] {logging_mixin.py:103} INFO - [2021-02-25 17:24:57,666] {dag.py:1813} INFO - Sync 1 DAGs
[2021-02-25 17:24:57,679] {logging_mixin.py:103} INFO - [2021-02-25 17:24:57,679] {dag.py:2266} INFO - Setting next_dagrun for example_nested_branch_dag to 2021-02-23 00:00:00+00:00
[2021-02-25 17:24:57,686] {scheduler_job.py:189} INFO - Processing /home/i-sip_iot/anaconda3/envs/sandbox/lib/python3.7/site-packages/airflow/example_dags/example_nested_branch_dag.py took 0.030 seconds
[2021-02-25 17:25:25,189] {scheduler_job.py:181} INFO - Started process (PID=187562) to work on /home/i-sip_iot/anaconda3/envs/sandbox/lib/python3.7/site-packages/airflow/example_dags/example_nested_branch_dag.py
[2021-02-25 17:25:25,189] {scheduler_job.py:629} INFO - Processing file /home/i-sip_iot/anaconda3/envs/sandbox/lib/python3.7/site-packages/airflow/example_dags/example_nested_branch_dag.py for tasks to queue
[2021-02-25 17:25:25,189] {logging_mixin.py:103} INFO - [2021-02-25 17:25:25,189] {dagbag.py:440} INFO - Filling up the DagBag from /home/i-sip_iot/anaconda3/envs/sandbox/lib/python3.7/site-packages/airflow/example_dags/example_nested_branch_dag.py
[2021-02-25 17:25:25,197] {scheduler_job.py:639} INFO - DAG(s) dict_keys(['example_nested_branch_dag']) retrieved from /home/i-sip_iot/anaconda3/envs/sandbox/lib/python3.7/site-packages/airflow/example_dags/example_nested_branch_dag.py
[2021-02-25 17:25:25,197] {logging_mixin.py:103} INFO - [2021-02-25 17:25:25,197] {dag.py:1813} INFO - Sync 1 DAGs
[2021-02-25 17:25:25,211] {logging_mixin.py:103} INFO - [2021-02-25 17:25:25,211] {dag.py:2266} INFO - Setting next_dagrun for example_nested_branch_dag to 2021-02-23 00:00:00+00:00
[2021-02-25 17:25:25,221] {scheduler_job.py:189} INFO - Processing /home/i-sip_iot/anaconda3/envs/sandbox/lib/python3.7/site-packages/airflow/example_dags/example_nested_branch_dag.py took 0.034 seconds
[2021-02-25 17:25:52,657] {scheduler_job.py:181} INFO - Started process (PID=187812) to work on /home/i-sip_iot/anaconda3/envs/sandbox/lib/python3.7/site-packages/airflow/example_dags/example_nested_branch_dag.py
[2021-02-25 17:25:52,659] {scheduler_job.py:629} INFO - Processing file /home/i-sip_iot/anaconda3/envs/sandbox/lib/python3.7/site-packages/airflow/example_dags/example_nested_branch_dag.py for tasks to queue
[2021-02-25 17:25:52,660] {logging_mixin.py:103} INFO - [2021-02-25 17:25:52,660] {dagbag.py:440} INFO - Filling up the DagBag from /home/i-sip_iot/anaconda3/envs/sandbox/lib/python3.7/site-packages/airflow/example_dags/example_nested_branch_dag.py
[2021-02-25 17:25:52,675] {scheduler_job.py:639} INFO - DAG(s) dict_keys(['example_nested_branch_dag']) retrieved from /home/i-sip_iot/anaconda3/envs/sandbox/lib/python3.7/site-packages/airflow/example_dags/example_nested_branch_dag.py
[2021-02-25 17:25:52,675] {logging_mixin.py:103} INFO - [2021-02-25 17:25:52,675] {dag.py:1813} INFO - Sync 1 DAGs
[2021-02-25 17:25:52,700] {logging_mixin.py:103} INFO - [2021-02-25 17:25:52,699] {dag.py:2266} INFO - Setting next_dagrun for example_nested_branch_dag to 2021-02-23 00:00:00+00:00
[2021-02-25 17:25:52,714] {scheduler_job.py:189} INFO - Processing /home/i-sip_iot/anaconda3/envs/sandbox/lib/python3.7/site-packages/airflow/example_dags/example_nested_branch_dag.py took 0.060 seconds
[2021-02-25 17:26:19,541] {scheduler_job.py:181} INFO - Started process (PID=187916) to work on /home/i-sip_iot/anaconda3/envs/sandbox/lib/python3.7/site-packages/airflow/example_dags/example_nested_branch_dag.py
[2021-02-25 17:26:19,543] {scheduler_job.py:629} INFO - Processing file /home/i-sip_iot/anaconda3/envs/sandbox/lib/python3.7/site-packages/airflow/example_dags/example_nested_branch_dag.py for tasks to queue
[2021-02-25 17:26:19,544] {logging_mixin.py:103} INFO - [2021-02-25 17:26:19,544] {dagbag.py:440} INFO - Filling up the DagBag from /home/i-sip_iot/anaconda3/envs/sandbox/lib/python3.7/site-packages/airflow/example_dags/example_nested_branch_dag.py
[2021-02-25 17:26:19,562] {scheduler_job.py:639} INFO - DAG(s) dict_keys(['example_nested_branch_dag']) retrieved from /home/i-sip_iot/anaconda3/envs/sandbox/lib/python3.7/site-packages/airflow/example_dags/example_nested_branch_dag.py
[2021-02-25 17:26:19,563] {logging_mixin.py:103} INFO - [2021-02-25 17:26:19,563] {dag.py:1813} INFO - Sync 1 DAGs
[2021-02-25 17:26:19,580] {logging_mixin.py:103} INFO - [2021-02-25 17:26:19,580] {dag.py:2266} INFO - Setting next_dagrun for example_nested_branch_dag to 2021-02-23 00:00:00+00:00
[2021-02-25 17:26:19,588] {scheduler_job.py:189} INFO - Processing /home/i-sip_iot/anaconda3/envs/sandbox/lib/python3.7/site-packages/airflow/example_dags/example_nested_branch_dag.py took 0.053 seconds
[2021-02-25 17:26:46,845] {scheduler_job.py:181} INFO - Started process (PID=188172) to work on /home/i-sip_iot/anaconda3/envs/sandbox/lib/python3.7/site-packages/airflow/example_dags/example_nested_branch_dag.py
[2021-02-25 17:26:46,846] {scheduler_job.py:629} INFO - Processing file /home/i-sip_iot/anaconda3/envs/sandbox/lib/python3.7/site-packages/airflow/example_dags/example_nested_branch_dag.py for tasks to queue
[2021-02-25 17:26:46,846] {logging_mixin.py:103} INFO - [2021-02-25 17:26:46,846] {dagbag.py:440} INFO - Filling up the DagBag from /home/i-sip_iot/anaconda3/envs/sandbox/lib/python3.7/site-packages/airflow/example_dags/example_nested_branch_dag.py
[2021-02-25 17:26:46,854] {scheduler_job.py:639} INFO - DAG(s) dict_keys(['example_nested_branch_dag']) retrieved from /home/i-sip_iot/anaconda3/envs/sandbox/lib/python3.7/site-packages/airflow/example_dags/example_nested_branch_dag.py
[2021-02-25 17:26:46,855] {logging_mixin.py:103} INFO - [2021-02-25 17:26:46,855] {dag.py:1813} INFO - Sync 1 DAGs
[2021-02-25 17:26:46,868] {logging_mixin.py:103} INFO - [2021-02-25 17:26:46,868] {dag.py:2266} INFO - Setting next_dagrun for example_nested_branch_dag to 2021-02-23 00:00:00+00:00
[2021-02-25 17:26:46,877] {scheduler_job.py:189} INFO - Processing /home/i-sip_iot/anaconda3/envs/sandbox/lib/python3.7/site-packages/airflow/example_dags/example_nested_branch_dag.py took 0.033 seconds
[2021-02-25 17:27:13,313] {scheduler_job.py:181} INFO - Started process (PID=188269) to work on /home/i-sip_iot/anaconda3/envs/sandbox/lib/python3.7/site-packages/airflow/example_dags/example_nested_branch_dag.py
[2021-02-25 17:27:13,314] {scheduler_job.py:629} INFO - Processing file /home/i-sip_iot/anaconda3/envs/sandbox/lib/python3.7/site-packages/airflow/example_dags/example_nested_branch_dag.py for tasks to queue
[2021-02-25 17:27:13,314] {logging_mixin.py:103} INFO - [2021-02-25 17:27:13,314] {dagbag.py:440} INFO - Filling up the DagBag from /home/i-sip_iot/anaconda3/envs/sandbox/lib/python3.7/site-packages/airflow/example_dags/example_nested_branch_dag.py
[2021-02-25 17:27:13,326] {scheduler_job.py:639} INFO - DAG(s) dict_keys(['example_nested_branch_dag']) retrieved from /home/i-sip_iot/anaconda3/envs/sandbox/lib/python3.7/site-packages/airflow/example_dags/example_nested_branch_dag.py
[2021-02-25 17:27:13,327] {logging_mixin.py:103} INFO - [2021-02-25 17:27:13,327] {dag.py:1813} INFO - Sync 1 DAGs
[2021-02-25 17:27:13,344] {logging_mixin.py:103} INFO - [2021-02-25 17:27:13,344] {dag.py:2266} INFO - Setting next_dagrun for example_nested_branch_dag to 2021-02-23 00:00:00+00:00
[2021-02-25 17:27:13,353] {scheduler_job.py:189} INFO - Processing /home/i-sip_iot/anaconda3/envs/sandbox/lib/python3.7/site-packages/airflow/example_dags/example_nested_branch_dag.py took 0.042 seconds
