[2021-02-25 17:15:18,070] {scheduler_job.py:181} INFO - Started process (PID=184340) to work on /home/i-sip_iot/anaconda3/envs/sandbox/lib/python3.7/site-packages/airflow/example_dags/example_trigger_controller_dag.py
[2021-02-25 17:15:18,070] {scheduler_job.py:629} INFO - Processing file /home/i-sip_iot/anaconda3/envs/sandbox/lib/python3.7/site-packages/airflow/example_dags/example_trigger_controller_dag.py for tasks to queue
[2021-02-25 17:15:18,071] {logging_mixin.py:103} INFO - [2021-02-25 17:15:18,070] {dagbag.py:440} INFO - Filling up the DagBag from /home/i-sip_iot/anaconda3/envs/sandbox/lib/python3.7/site-packages/airflow/example_dags/example_trigger_controller_dag.py
[2021-02-25 17:15:18,078] {scheduler_job.py:639} INFO - DAG(s) dict_keys(['example_trigger_controller_dag']) retrieved from /home/i-sip_iot/anaconda3/envs/sandbox/lib/python3.7/site-packages/airflow/example_dags/example_trigger_controller_dag.py
[2021-02-25 17:15:18,079] {logging_mixin.py:103} INFO - [2021-02-25 17:15:18,079] {dag.py:1813} INFO - Sync 1 DAGs
[2021-02-25 17:15:18,088] {logging_mixin.py:103} INFO - [2021-02-25 17:15:18,088] {dag.py:2266} INFO - Setting next_dagrun for example_trigger_controller_dag to 2021-02-23 00:00:00+00:00
[2021-02-25 17:15:18,106] {scheduler_job.py:189} INFO - Processing /home/i-sip_iot/anaconda3/envs/sandbox/lib/python3.7/site-packages/airflow/example_dags/example_trigger_controller_dag.py took 0.038 seconds
[2021-02-25 17:15:44,992] {scheduler_job.py:181} INFO - Started process (PID=184569) to work on /home/i-sip_iot/anaconda3/envs/sandbox/lib/python3.7/site-packages/airflow/example_dags/example_trigger_controller_dag.py
[2021-02-25 17:15:44,994] {scheduler_job.py:629} INFO - Processing file /home/i-sip_iot/anaconda3/envs/sandbox/lib/python3.7/site-packages/airflow/example_dags/example_trigger_controller_dag.py for tasks to queue
[2021-02-25 17:15:44,996] {logging_mixin.py:103} INFO - [2021-02-25 17:15:44,995] {dagbag.py:440} INFO - Filling up the DagBag from /home/i-sip_iot/anaconda3/envs/sandbox/lib/python3.7/site-packages/airflow/example_dags/example_trigger_controller_dag.py
[2021-02-25 17:15:45,011] {scheduler_job.py:639} INFO - DAG(s) dict_keys(['example_trigger_controller_dag']) retrieved from /home/i-sip_iot/anaconda3/envs/sandbox/lib/python3.7/site-packages/airflow/example_dags/example_trigger_controller_dag.py
[2021-02-25 17:15:45,012] {logging_mixin.py:103} INFO - [2021-02-25 17:15:45,012] {dag.py:1813} INFO - Sync 1 DAGs
[2021-02-25 17:15:45,030] {logging_mixin.py:103} INFO - [2021-02-25 17:15:45,030] {dag.py:2266} INFO - Setting next_dagrun for example_trigger_controller_dag to 2021-02-23 00:00:00+00:00
[2021-02-25 17:15:45,038] {scheduler_job.py:189} INFO - Processing /home/i-sip_iot/anaconda3/envs/sandbox/lib/python3.7/site-packages/airflow/example_dags/example_trigger_controller_dag.py took 0.052 seconds
[2021-02-25 17:16:11,904] {scheduler_job.py:181} INFO - Started process (PID=184654) to work on /home/i-sip_iot/anaconda3/envs/sandbox/lib/python3.7/site-packages/airflow/example_dags/example_trigger_controller_dag.py
[2021-02-25 17:16:11,905] {scheduler_job.py:629} INFO - Processing file /home/i-sip_iot/anaconda3/envs/sandbox/lib/python3.7/site-packages/airflow/example_dags/example_trigger_controller_dag.py for tasks to queue
[2021-02-25 17:16:11,905] {logging_mixin.py:103} INFO - [2021-02-25 17:16:11,905] {dagbag.py:440} INFO - Filling up the DagBag from /home/i-sip_iot/anaconda3/envs/sandbox/lib/python3.7/site-packages/airflow/example_dags/example_trigger_controller_dag.py
[2021-02-25 17:16:11,911] {scheduler_job.py:639} INFO - DAG(s) dict_keys(['example_trigger_controller_dag']) retrieved from /home/i-sip_iot/anaconda3/envs/sandbox/lib/python3.7/site-packages/airflow/example_dags/example_trigger_controller_dag.py
[2021-02-25 17:16:11,911] {logging_mixin.py:103} INFO - [2021-02-25 17:16:11,911] {dag.py:1813} INFO - Sync 1 DAGs
[2021-02-25 17:16:11,921] {logging_mixin.py:103} INFO - [2021-02-25 17:16:11,921] {dag.py:2266} INFO - Setting next_dagrun for example_trigger_controller_dag to 2021-02-23 00:00:00+00:00
[2021-02-25 17:16:11,928] {scheduler_job.py:189} INFO - Processing /home/i-sip_iot/anaconda3/envs/sandbox/lib/python3.7/site-packages/airflow/example_dags/example_trigger_controller_dag.py took 0.026 seconds
[2021-02-25 17:16:39,705] {scheduler_job.py:181} INFO - Started process (PID=184882) to work on /home/i-sip_iot/anaconda3/envs/sandbox/lib/python3.7/site-packages/airflow/example_dags/example_trigger_controller_dag.py
[2021-02-25 17:16:39,706] {scheduler_job.py:629} INFO - Processing file /home/i-sip_iot/anaconda3/envs/sandbox/lib/python3.7/site-packages/airflow/example_dags/example_trigger_controller_dag.py for tasks to queue
[2021-02-25 17:16:39,707] {logging_mixin.py:103} INFO - [2021-02-25 17:16:39,707] {dagbag.py:440} INFO - Filling up the DagBag from /home/i-sip_iot/anaconda3/envs/sandbox/lib/python3.7/site-packages/airflow/example_dags/example_trigger_controller_dag.py
[2021-02-25 17:16:39,720] {scheduler_job.py:639} INFO - DAG(s) dict_keys(['example_trigger_controller_dag']) retrieved from /home/i-sip_iot/anaconda3/envs/sandbox/lib/python3.7/site-packages/airflow/example_dags/example_trigger_controller_dag.py
[2021-02-25 17:16:39,722] {logging_mixin.py:103} INFO - [2021-02-25 17:16:39,721] {dag.py:1813} INFO - Sync 1 DAGs
[2021-02-25 17:16:39,737] {logging_mixin.py:103} INFO - [2021-02-25 17:16:39,737] {dag.py:2266} INFO - Setting next_dagrun for example_trigger_controller_dag to 2021-02-23 00:00:00+00:00
[2021-02-25 17:16:39,745] {scheduler_job.py:189} INFO - Processing /home/i-sip_iot/anaconda3/envs/sandbox/lib/python3.7/site-packages/airflow/example_dags/example_trigger_controller_dag.py took 0.046 seconds
[2021-02-25 17:17:07,408] {scheduler_job.py:181} INFO - Started process (PID=184965) to work on /home/i-sip_iot/anaconda3/envs/sandbox/lib/python3.7/site-packages/airflow/example_dags/example_trigger_controller_dag.py
[2021-02-25 17:17:07,409] {scheduler_job.py:629} INFO - Processing file /home/i-sip_iot/anaconda3/envs/sandbox/lib/python3.7/site-packages/airflow/example_dags/example_trigger_controller_dag.py for tasks to queue
[2021-02-25 17:17:07,409] {logging_mixin.py:103} INFO - [2021-02-25 17:17:07,409] {dagbag.py:440} INFO - Filling up the DagBag from /home/i-sip_iot/anaconda3/envs/sandbox/lib/python3.7/site-packages/airflow/example_dags/example_trigger_controller_dag.py
[2021-02-25 17:17:07,417] {scheduler_job.py:639} INFO - DAG(s) dict_keys(['example_trigger_controller_dag']) retrieved from /home/i-sip_iot/anaconda3/envs/sandbox/lib/python3.7/site-packages/airflow/example_dags/example_trigger_controller_dag.py
[2021-02-25 17:17:07,418] {logging_mixin.py:103} INFO - [2021-02-25 17:17:07,418] {dag.py:1813} INFO - Sync 1 DAGs
[2021-02-25 17:17:07,431] {logging_mixin.py:103} INFO - [2021-02-25 17:17:07,431] {dag.py:2266} INFO - Setting next_dagrun for example_trigger_controller_dag to 2021-02-23 00:00:00+00:00
[2021-02-25 17:17:07,441] {scheduler_job.py:189} INFO - Processing /home/i-sip_iot/anaconda3/envs/sandbox/lib/python3.7/site-packages/airflow/example_dags/example_trigger_controller_dag.py took 0.035 seconds
[2021-02-25 17:17:34,320] {scheduler_job.py:181} INFO - Started process (PID=185051) to work on /home/i-sip_iot/anaconda3/envs/sandbox/lib/python3.7/site-packages/airflow/example_dags/example_trigger_controller_dag.py
[2021-02-25 17:17:34,320] {scheduler_job.py:629} INFO - Processing file /home/i-sip_iot/anaconda3/envs/sandbox/lib/python3.7/site-packages/airflow/example_dags/example_trigger_controller_dag.py for tasks to queue
[2021-02-25 17:17:34,321] {logging_mixin.py:103} INFO - [2021-02-25 17:17:34,321] {dagbag.py:440} INFO - Filling up the DagBag from /home/i-sip_iot/anaconda3/envs/sandbox/lib/python3.7/site-packages/airflow/example_dags/example_trigger_controller_dag.py
[2021-02-25 17:17:34,325] {scheduler_job.py:639} INFO - DAG(s) dict_keys(['example_trigger_controller_dag']) retrieved from /home/i-sip_iot/anaconda3/envs/sandbox/lib/python3.7/site-packages/airflow/example_dags/example_trigger_controller_dag.py
[2021-02-25 17:17:34,325] {logging_mixin.py:103} INFO - [2021-02-25 17:17:34,325] {dag.py:1813} INFO - Sync 1 DAGs
[2021-02-25 17:17:34,336] {logging_mixin.py:103} INFO - [2021-02-25 17:17:34,336] {dag.py:2266} INFO - Setting next_dagrun for example_trigger_controller_dag to 2021-02-23 00:00:00+00:00
[2021-02-25 17:17:34,343] {scheduler_job.py:189} INFO - Processing /home/i-sip_iot/anaconda3/envs/sandbox/lib/python3.7/site-packages/airflow/example_dags/example_trigger_controller_dag.py took 0.025 seconds
[2021-02-25 17:18:01,174] {scheduler_job.py:181} INFO - Started process (PID=185278) to work on /home/i-sip_iot/anaconda3/envs/sandbox/lib/python3.7/site-packages/airflow/example_dags/example_trigger_controller_dag.py
[2021-02-25 17:18:01,175] {scheduler_job.py:629} INFO - Processing file /home/i-sip_iot/anaconda3/envs/sandbox/lib/python3.7/site-packages/airflow/example_dags/example_trigger_controller_dag.py for tasks to queue
[2021-02-25 17:18:01,176] {logging_mixin.py:103} INFO - [2021-02-25 17:18:01,175] {dagbag.py:440} INFO - Filling up the DagBag from /home/i-sip_iot/anaconda3/envs/sandbox/lib/python3.7/site-packages/airflow/example_dags/example_trigger_controller_dag.py
[2021-02-25 17:18:01,185] {scheduler_job.py:639} INFO - DAG(s) dict_keys(['example_trigger_controller_dag']) retrieved from /home/i-sip_iot/anaconda3/envs/sandbox/lib/python3.7/site-packages/airflow/example_dags/example_trigger_controller_dag.py
[2021-02-25 17:18:01,186] {logging_mixin.py:103} INFO - [2021-02-25 17:18:01,186] {dag.py:1813} INFO - Sync 1 DAGs
[2021-02-25 17:18:01,202] {logging_mixin.py:103} INFO - [2021-02-25 17:18:01,202] {dag.py:2266} INFO - Setting next_dagrun for example_trigger_controller_dag to 2021-02-23 00:00:00+00:00
[2021-02-25 17:18:01,214] {scheduler_job.py:189} INFO - Processing /home/i-sip_iot/anaconda3/envs/sandbox/lib/python3.7/site-packages/airflow/example_dags/example_trigger_controller_dag.py took 0.042 seconds
[2021-02-25 17:18:28,693] {scheduler_job.py:181} INFO - Started process (PID=185342) to work on /home/i-sip_iot/anaconda3/envs/sandbox/lib/python3.7/site-packages/airflow/example_dags/example_trigger_controller_dag.py
[2021-02-25 17:18:28,696] {scheduler_job.py:629} INFO - Processing file /home/i-sip_iot/anaconda3/envs/sandbox/lib/python3.7/site-packages/airflow/example_dags/example_trigger_controller_dag.py for tasks to queue
[2021-02-25 17:18:28,697] {logging_mixin.py:103} INFO - [2021-02-25 17:18:28,697] {dagbag.py:440} INFO - Filling up the DagBag from /home/i-sip_iot/anaconda3/envs/sandbox/lib/python3.7/site-packages/airflow/example_dags/example_trigger_controller_dag.py
[2021-02-25 17:18:28,715] {scheduler_job.py:639} INFO - DAG(s) dict_keys(['example_trigger_controller_dag']) retrieved from /home/i-sip_iot/anaconda3/envs/sandbox/lib/python3.7/site-packages/airflow/example_dags/example_trigger_controller_dag.py
[2021-02-25 17:18:28,716] {logging_mixin.py:103} INFO - [2021-02-25 17:18:28,716] {dag.py:1813} INFO - Sync 1 DAGs
[2021-02-25 17:18:28,732] {logging_mixin.py:103} INFO - [2021-02-25 17:18:28,732] {dag.py:2266} INFO - Setting next_dagrun for example_trigger_controller_dag to 2021-02-23 00:00:00+00:00
[2021-02-25 17:18:28,741] {scheduler_job.py:189} INFO - Processing /home/i-sip_iot/anaconda3/envs/sandbox/lib/python3.7/site-packages/airflow/example_dags/example_trigger_controller_dag.py took 0.054 seconds
[2021-02-25 17:18:55,801] {scheduler_job.py:181} INFO - Started process (PID=185595) to work on /home/i-sip_iot/anaconda3/envs/sandbox/lib/python3.7/site-packages/airflow/example_dags/example_trigger_controller_dag.py
[2021-02-25 17:18:55,803] {scheduler_job.py:629} INFO - Processing file /home/i-sip_iot/anaconda3/envs/sandbox/lib/python3.7/site-packages/airflow/example_dags/example_trigger_controller_dag.py for tasks to queue
[2021-02-25 17:18:55,804] {logging_mixin.py:103} INFO - [2021-02-25 17:18:55,804] {dagbag.py:440} INFO - Filling up the DagBag from /home/i-sip_iot/anaconda3/envs/sandbox/lib/python3.7/site-packages/airflow/example_dags/example_trigger_controller_dag.py
[2021-02-25 17:18:55,822] {scheduler_job.py:639} INFO - DAG(s) dict_keys(['example_trigger_controller_dag']) retrieved from /home/i-sip_iot/anaconda3/envs/sandbox/lib/python3.7/site-packages/airflow/example_dags/example_trigger_controller_dag.py
[2021-02-25 17:18:55,823] {logging_mixin.py:103} INFO - [2021-02-25 17:18:55,823] {dag.py:1813} INFO - Sync 1 DAGs
[2021-02-25 17:18:55,838] {logging_mixin.py:103} INFO - [2021-02-25 17:18:55,838] {dag.py:2266} INFO - Setting next_dagrun for example_trigger_controller_dag to 2021-02-23 00:00:00+00:00
[2021-02-25 17:18:55,847] {scheduler_job.py:189} INFO - Processing /home/i-sip_iot/anaconda3/envs/sandbox/lib/python3.7/site-packages/airflow/example_dags/example_trigger_controller_dag.py took 0.052 seconds
[2021-02-25 17:19:23,521] {scheduler_job.py:181} INFO - Started process (PID=185667) to work on /home/i-sip_iot/anaconda3/envs/sandbox/lib/python3.7/site-packages/airflow/example_dags/example_trigger_controller_dag.py
[2021-02-25 17:19:23,522] {scheduler_job.py:629} INFO - Processing file /home/i-sip_iot/anaconda3/envs/sandbox/lib/python3.7/site-packages/airflow/example_dags/example_trigger_controller_dag.py for tasks to queue
[2021-02-25 17:19:23,522] {logging_mixin.py:103} INFO - [2021-02-25 17:19:23,522] {dagbag.py:440} INFO - Filling up the DagBag from /home/i-sip_iot/anaconda3/envs/sandbox/lib/python3.7/site-packages/airflow/example_dags/example_trigger_controller_dag.py
[2021-02-25 17:19:23,526] {scheduler_job.py:639} INFO - DAG(s) dict_keys(['example_trigger_controller_dag']) retrieved from /home/i-sip_iot/anaconda3/envs/sandbox/lib/python3.7/site-packages/airflow/example_dags/example_trigger_controller_dag.py
[2021-02-25 17:19:23,527] {logging_mixin.py:103} INFO - [2021-02-25 17:19:23,527] {dag.py:1813} INFO - Sync 1 DAGs
[2021-02-25 17:19:23,535] {logging_mixin.py:103} INFO - [2021-02-25 17:19:23,535] {dag.py:2266} INFO - Setting next_dagrun for example_trigger_controller_dag to 2021-02-23 00:00:00+00:00
[2021-02-25 17:19:23,543] {scheduler_job.py:189} INFO - Processing /home/i-sip_iot/anaconda3/envs/sandbox/lib/python3.7/site-packages/airflow/example_dags/example_trigger_controller_dag.py took 0.024 seconds
[2021-02-25 17:19:50,409] {scheduler_job.py:181} INFO - Started process (PID=185877) to work on /home/i-sip_iot/anaconda3/envs/sandbox/lib/python3.7/site-packages/airflow/example_dags/example_trigger_controller_dag.py
[2021-02-25 17:19:50,410] {scheduler_job.py:629} INFO - Processing file /home/i-sip_iot/anaconda3/envs/sandbox/lib/python3.7/site-packages/airflow/example_dags/example_trigger_controller_dag.py for tasks to queue
[2021-02-25 17:19:50,411] {logging_mixin.py:103} INFO - [2021-02-25 17:19:50,411] {dagbag.py:440} INFO - Filling up the DagBag from /home/i-sip_iot/anaconda3/envs/sandbox/lib/python3.7/site-packages/airflow/example_dags/example_trigger_controller_dag.py
[2021-02-25 17:19:50,421] {scheduler_job.py:639} INFO - DAG(s) dict_keys(['example_trigger_controller_dag']) retrieved from /home/i-sip_iot/anaconda3/envs/sandbox/lib/python3.7/site-packages/airflow/example_dags/example_trigger_controller_dag.py
[2021-02-25 17:19:50,422] {logging_mixin.py:103} INFO - [2021-02-25 17:19:50,422] {dag.py:1813} INFO - Sync 1 DAGs
[2021-02-25 17:19:50,439] {logging_mixin.py:103} INFO - [2021-02-25 17:19:50,439] {dag.py:2266} INFO - Setting next_dagrun for example_trigger_controller_dag to 2021-02-23 00:00:00+00:00
[2021-02-25 17:19:50,448] {scheduler_job.py:189} INFO - Processing /home/i-sip_iot/anaconda3/envs/sandbox/lib/python3.7/site-packages/airflow/example_dags/example_trigger_controller_dag.py took 0.042 seconds
[2021-02-25 17:20:16,784] {scheduler_job.py:181} INFO - Started process (PID=185956) to work on /home/i-sip_iot/anaconda3/envs/sandbox/lib/python3.7/site-packages/airflow/example_dags/example_trigger_controller_dag.py
[2021-02-25 17:20:16,784] {scheduler_job.py:629} INFO - Processing file /home/i-sip_iot/anaconda3/envs/sandbox/lib/python3.7/site-packages/airflow/example_dags/example_trigger_controller_dag.py for tasks to queue
[2021-02-25 17:20:16,785] {logging_mixin.py:103} INFO - [2021-02-25 17:20:16,785] {dagbag.py:440} INFO - Filling up the DagBag from /home/i-sip_iot/anaconda3/envs/sandbox/lib/python3.7/site-packages/airflow/example_dags/example_trigger_controller_dag.py
[2021-02-25 17:20:16,789] {scheduler_job.py:639} INFO - DAG(s) dict_keys(['example_trigger_controller_dag']) retrieved from /home/i-sip_iot/anaconda3/envs/sandbox/lib/python3.7/site-packages/airflow/example_dags/example_trigger_controller_dag.py
[2021-02-25 17:20:16,790] {logging_mixin.py:103} INFO - [2021-02-25 17:20:16,790] {dag.py:1813} INFO - Sync 1 DAGs
[2021-02-25 17:20:16,798] {logging_mixin.py:103} INFO - [2021-02-25 17:20:16,798] {dag.py:2266} INFO - Setting next_dagrun for example_trigger_controller_dag to 2021-02-23 00:00:00+00:00
[2021-02-25 17:20:16,805] {scheduler_job.py:189} INFO - Processing /home/i-sip_iot/anaconda3/envs/sandbox/lib/python3.7/site-packages/airflow/example_dags/example_trigger_controller_dag.py took 0.022 seconds
[2021-02-25 17:20:44,840] {scheduler_job.py:181} INFO - Started process (PID=186200) to work on /home/i-sip_iot/anaconda3/envs/sandbox/lib/python3.7/site-packages/airflow/example_dags/example_trigger_controller_dag.py
[2021-02-25 17:20:44,841] {scheduler_job.py:629} INFO - Processing file /home/i-sip_iot/anaconda3/envs/sandbox/lib/python3.7/site-packages/airflow/example_dags/example_trigger_controller_dag.py for tasks to queue
[2021-02-25 17:20:44,841] {logging_mixin.py:103} INFO - [2021-02-25 17:20:44,841] {dagbag.py:440} INFO - Filling up the DagBag from /home/i-sip_iot/anaconda3/envs/sandbox/lib/python3.7/site-packages/airflow/example_dags/example_trigger_controller_dag.py
[2021-02-25 17:20:44,845] {scheduler_job.py:639} INFO - DAG(s) dict_keys(['example_trigger_controller_dag']) retrieved from /home/i-sip_iot/anaconda3/envs/sandbox/lib/python3.7/site-packages/airflow/example_dags/example_trigger_controller_dag.py
[2021-02-25 17:20:44,846] {logging_mixin.py:103} INFO - [2021-02-25 17:20:44,846] {dag.py:1813} INFO - Sync 1 DAGs
[2021-02-25 17:20:44,854] {logging_mixin.py:103} INFO - [2021-02-25 17:20:44,854] {dag.py:2266} INFO - Setting next_dagrun for example_trigger_controller_dag to 2021-02-23 00:00:00+00:00
[2021-02-25 17:20:44,861] {scheduler_job.py:189} INFO - Processing /home/i-sip_iot/anaconda3/envs/sandbox/lib/python3.7/site-packages/airflow/example_dags/example_trigger_controller_dag.py took 0.022 seconds
[2021-02-25 17:21:11,865] {scheduler_job.py:181} INFO - Started process (PID=186283) to work on /home/i-sip_iot/anaconda3/envs/sandbox/lib/python3.7/site-packages/airflow/example_dags/example_trigger_controller_dag.py
[2021-02-25 17:21:11,866] {scheduler_job.py:629} INFO - Processing file /home/i-sip_iot/anaconda3/envs/sandbox/lib/python3.7/site-packages/airflow/example_dags/example_trigger_controller_dag.py for tasks to queue
[2021-02-25 17:21:11,866] {logging_mixin.py:103} INFO - [2021-02-25 17:21:11,866] {dagbag.py:440} INFO - Filling up the DagBag from /home/i-sip_iot/anaconda3/envs/sandbox/lib/python3.7/site-packages/airflow/example_dags/example_trigger_controller_dag.py
[2021-02-25 17:21:11,871] {scheduler_job.py:639} INFO - DAG(s) dict_keys(['example_trigger_controller_dag']) retrieved from /home/i-sip_iot/anaconda3/envs/sandbox/lib/python3.7/site-packages/airflow/example_dags/example_trigger_controller_dag.py
[2021-02-25 17:21:11,872] {logging_mixin.py:103} INFO - [2021-02-25 17:21:11,872] {dag.py:1813} INFO - Sync 1 DAGs
[2021-02-25 17:21:11,882] {logging_mixin.py:103} INFO - [2021-02-25 17:21:11,882] {dag.py:2266} INFO - Setting next_dagrun for example_trigger_controller_dag to 2021-02-23 00:00:00+00:00
[2021-02-25 17:21:11,889] {scheduler_job.py:189} INFO - Processing /home/i-sip_iot/anaconda3/envs/sandbox/lib/python3.7/site-packages/airflow/example_dags/example_trigger_controller_dag.py took 0.026 seconds
[2021-02-25 17:21:39,193] {scheduler_job.py:181} INFO - Started process (PID=186504) to work on /home/i-sip_iot/anaconda3/envs/sandbox/lib/python3.7/site-packages/airflow/example_dags/example_trigger_controller_dag.py
[2021-02-25 17:21:39,195] {scheduler_job.py:629} INFO - Processing file /home/i-sip_iot/anaconda3/envs/sandbox/lib/python3.7/site-packages/airflow/example_dags/example_trigger_controller_dag.py for tasks to queue
[2021-02-25 17:21:39,196] {logging_mixin.py:103} INFO - [2021-02-25 17:21:39,196] {dagbag.py:440} INFO - Filling up the DagBag from /home/i-sip_iot/anaconda3/envs/sandbox/lib/python3.7/site-packages/airflow/example_dags/example_trigger_controller_dag.py
[2021-02-25 17:21:39,206] {scheduler_job.py:639} INFO - DAG(s) dict_keys(['example_trigger_controller_dag']) retrieved from /home/i-sip_iot/anaconda3/envs/sandbox/lib/python3.7/site-packages/airflow/example_dags/example_trigger_controller_dag.py
[2021-02-25 17:21:39,207] {logging_mixin.py:103} INFO - [2021-02-25 17:21:39,207] {dag.py:1813} INFO - Sync 1 DAGs
[2021-02-25 17:21:39,219] {logging_mixin.py:103} INFO - [2021-02-25 17:21:39,219] {dag.py:2266} INFO - Setting next_dagrun for example_trigger_controller_dag to 2021-02-23 00:00:00+00:00
[2021-02-25 17:21:39,228] {scheduler_job.py:189} INFO - Processing /home/i-sip_iot/anaconda3/envs/sandbox/lib/python3.7/site-packages/airflow/example_dags/example_trigger_controller_dag.py took 0.041 seconds
[2021-02-25 17:22:06,096] {scheduler_job.py:181} INFO - Started process (PID=186576) to work on /home/i-sip_iot/anaconda3/envs/sandbox/lib/python3.7/site-packages/airflow/example_dags/example_trigger_controller_dag.py
[2021-02-25 17:22:06,097] {scheduler_job.py:629} INFO - Processing file /home/i-sip_iot/anaconda3/envs/sandbox/lib/python3.7/site-packages/airflow/example_dags/example_trigger_controller_dag.py for tasks to queue
[2021-02-25 17:22:06,097] {logging_mixin.py:103} INFO - [2021-02-25 17:22:06,097] {dagbag.py:440} INFO - Filling up the DagBag from /home/i-sip_iot/anaconda3/envs/sandbox/lib/python3.7/site-packages/airflow/example_dags/example_trigger_controller_dag.py
[2021-02-25 17:22:06,102] {scheduler_job.py:639} INFO - DAG(s) dict_keys(['example_trigger_controller_dag']) retrieved from /home/i-sip_iot/anaconda3/envs/sandbox/lib/python3.7/site-packages/airflow/example_dags/example_trigger_controller_dag.py
[2021-02-25 17:22:06,103] {logging_mixin.py:103} INFO - [2021-02-25 17:22:06,103] {dag.py:1813} INFO - Sync 1 DAGs
[2021-02-25 17:22:06,113] {logging_mixin.py:103} INFO - [2021-02-25 17:22:06,113] {dag.py:2266} INFO - Setting next_dagrun for example_trigger_controller_dag to 2021-02-23 00:00:00+00:00
[2021-02-25 17:22:06,122] {scheduler_job.py:189} INFO - Processing /home/i-sip_iot/anaconda3/envs/sandbox/lib/python3.7/site-packages/airflow/example_dags/example_trigger_controller_dag.py took 0.028 seconds
[2021-02-25 17:22:34,103] {scheduler_job.py:181} INFO - Started process (PID=186627) to work on /home/i-sip_iot/anaconda3/envs/sandbox/lib/python3.7/site-packages/airflow/example_dags/example_trigger_controller_dag.py
[2021-02-25 17:22:34,104] {scheduler_job.py:629} INFO - Processing file /home/i-sip_iot/anaconda3/envs/sandbox/lib/python3.7/site-packages/airflow/example_dags/example_trigger_controller_dag.py for tasks to queue
[2021-02-25 17:22:34,105] {logging_mixin.py:103} INFO - [2021-02-25 17:22:34,105] {dagbag.py:440} INFO - Filling up the DagBag from /home/i-sip_iot/anaconda3/envs/sandbox/lib/python3.7/site-packages/airflow/example_dags/example_trigger_controller_dag.py
[2021-02-25 17:22:34,114] {scheduler_job.py:639} INFO - DAG(s) dict_keys(['example_trigger_controller_dag']) retrieved from /home/i-sip_iot/anaconda3/envs/sandbox/lib/python3.7/site-packages/airflow/example_dags/example_trigger_controller_dag.py
[2021-02-25 17:22:34,115] {logging_mixin.py:103} INFO - [2021-02-25 17:22:34,115] {dag.py:1813} INFO - Sync 1 DAGs
[2021-02-25 17:22:34,132] {logging_mixin.py:103} INFO - [2021-02-25 17:22:34,132] {dag.py:2266} INFO - Setting next_dagrun for example_trigger_controller_dag to 2021-02-23 00:00:00+00:00
[2021-02-25 17:22:34,145] {scheduler_job.py:189} INFO - Processing /home/i-sip_iot/anaconda3/envs/sandbox/lib/python3.7/site-packages/airflow/example_dags/example_trigger_controller_dag.py took 0.045 seconds
[2021-02-25 17:23:01,190] {scheduler_job.py:181} INFO - Started process (PID=186865) to work on /home/i-sip_iot/anaconda3/envs/sandbox/lib/python3.7/site-packages/airflow/example_dags/example_trigger_controller_dag.py
[2021-02-25 17:23:01,191] {scheduler_job.py:629} INFO - Processing file /home/i-sip_iot/anaconda3/envs/sandbox/lib/python3.7/site-packages/airflow/example_dags/example_trigger_controller_dag.py for tasks to queue
[2021-02-25 17:23:01,192] {logging_mixin.py:103} INFO - [2021-02-25 17:23:01,192] {dagbag.py:440} INFO - Filling up the DagBag from /home/i-sip_iot/anaconda3/envs/sandbox/lib/python3.7/site-packages/airflow/example_dags/example_trigger_controller_dag.py
[2021-02-25 17:23:01,200] {scheduler_job.py:639} INFO - DAG(s) dict_keys(['example_trigger_controller_dag']) retrieved from /home/i-sip_iot/anaconda3/envs/sandbox/lib/python3.7/site-packages/airflow/example_dags/example_trigger_controller_dag.py
[2021-02-25 17:23:01,200] {logging_mixin.py:103} INFO - [2021-02-25 17:23:01,200] {dag.py:1813} INFO - Sync 1 DAGs
[2021-02-25 17:23:01,211] {logging_mixin.py:103} INFO - [2021-02-25 17:23:01,211] {dag.py:2266} INFO - Setting next_dagrun for example_trigger_controller_dag to 2021-02-23 00:00:00+00:00
[2021-02-25 17:23:01,219] {scheduler_job.py:189} INFO - Processing /home/i-sip_iot/anaconda3/envs/sandbox/lib/python3.7/site-packages/airflow/example_dags/example_trigger_controller_dag.py took 0.031 seconds
[2021-02-25 17:23:27,262] {scheduler_job.py:181} INFO - Started process (PID=186923) to work on /home/i-sip_iot/anaconda3/envs/sandbox/lib/python3.7/site-packages/airflow/example_dags/example_trigger_controller_dag.py
[2021-02-25 17:23:27,263] {scheduler_job.py:629} INFO - Processing file /home/i-sip_iot/anaconda3/envs/sandbox/lib/python3.7/site-packages/airflow/example_dags/example_trigger_controller_dag.py for tasks to queue
[2021-02-25 17:23:27,264] {logging_mixin.py:103} INFO - [2021-02-25 17:23:27,263] {dagbag.py:440} INFO - Filling up the DagBag from /home/i-sip_iot/anaconda3/envs/sandbox/lib/python3.7/site-packages/airflow/example_dags/example_trigger_controller_dag.py
[2021-02-25 17:23:27,268] {scheduler_job.py:639} INFO - DAG(s) dict_keys(['example_trigger_controller_dag']) retrieved from /home/i-sip_iot/anaconda3/envs/sandbox/lib/python3.7/site-packages/airflow/example_dags/example_trigger_controller_dag.py
[2021-02-25 17:23:27,269] {logging_mixin.py:103} INFO - [2021-02-25 17:23:27,269] {dag.py:1813} INFO - Sync 1 DAGs
[2021-02-25 17:23:27,278] {logging_mixin.py:103} INFO - [2021-02-25 17:23:27,277] {dag.py:2266} INFO - Setting next_dagrun for example_trigger_controller_dag to 2021-02-23 00:00:00+00:00
[2021-02-25 17:23:27,285] {scheduler_job.py:189} INFO - Processing /home/i-sip_iot/anaconda3/envs/sandbox/lib/python3.7/site-packages/airflow/example_dags/example_trigger_controller_dag.py took 0.024 seconds
[2021-02-25 17:23:55,333] {scheduler_job.py:181} INFO - Started process (PID=187158) to work on /home/i-sip_iot/anaconda3/envs/sandbox/lib/python3.7/site-packages/airflow/example_dags/example_trigger_controller_dag.py
[2021-02-25 17:23:55,334] {scheduler_job.py:629} INFO - Processing file /home/i-sip_iot/anaconda3/envs/sandbox/lib/python3.7/site-packages/airflow/example_dags/example_trigger_controller_dag.py for tasks to queue
[2021-02-25 17:23:55,335] {logging_mixin.py:103} INFO - [2021-02-25 17:23:55,335] {dagbag.py:440} INFO - Filling up the DagBag from /home/i-sip_iot/anaconda3/envs/sandbox/lib/python3.7/site-packages/airflow/example_dags/example_trigger_controller_dag.py
[2021-02-25 17:23:55,342] {scheduler_job.py:639} INFO - DAG(s) dict_keys(['example_trigger_controller_dag']) retrieved from /home/i-sip_iot/anaconda3/envs/sandbox/lib/python3.7/site-packages/airflow/example_dags/example_trigger_controller_dag.py
[2021-02-25 17:23:55,343] {logging_mixin.py:103} INFO - [2021-02-25 17:23:55,343] {dag.py:1813} INFO - Sync 1 DAGs
[2021-02-25 17:23:55,354] {logging_mixin.py:103} INFO - [2021-02-25 17:23:55,354] {dag.py:2266} INFO - Setting next_dagrun for example_trigger_controller_dag to 2021-02-23 00:00:00+00:00
[2021-02-25 17:23:55,363] {scheduler_job.py:189} INFO - Processing /home/i-sip_iot/anaconda3/envs/sandbox/lib/python3.7/site-packages/airflow/example_dags/example_trigger_controller_dag.py took 0.033 seconds
[2021-02-25 17:24:22,283] {scheduler_job.py:181} INFO - Started process (PID=187224) to work on /home/i-sip_iot/anaconda3/envs/sandbox/lib/python3.7/site-packages/airflow/example_dags/example_trigger_controller_dag.py
[2021-02-25 17:24:22,286] {scheduler_job.py:629} INFO - Processing file /home/i-sip_iot/anaconda3/envs/sandbox/lib/python3.7/site-packages/airflow/example_dags/example_trigger_controller_dag.py for tasks to queue
[2021-02-25 17:24:22,288] {logging_mixin.py:103} INFO - [2021-02-25 17:24:22,287] {dagbag.py:440} INFO - Filling up the DagBag from /home/i-sip_iot/anaconda3/envs/sandbox/lib/python3.7/site-packages/airflow/example_dags/example_trigger_controller_dag.py
[2021-02-25 17:24:22,304] {scheduler_job.py:639} INFO - DAG(s) dict_keys(['example_trigger_controller_dag']) retrieved from /home/i-sip_iot/anaconda3/envs/sandbox/lib/python3.7/site-packages/airflow/example_dags/example_trigger_controller_dag.py
[2021-02-25 17:24:22,305] {logging_mixin.py:103} INFO - [2021-02-25 17:24:22,304] {dag.py:1813} INFO - Sync 1 DAGs
[2021-02-25 17:24:22,320] {logging_mixin.py:103} INFO - [2021-02-25 17:24:22,320] {dag.py:2266} INFO - Setting next_dagrun for example_trigger_controller_dag to 2021-02-23 00:00:00+00:00
[2021-02-25 17:24:22,329] {scheduler_job.py:189} INFO - Processing /home/i-sip_iot/anaconda3/envs/sandbox/lib/python3.7/site-packages/airflow/example_dags/example_trigger_controller_dag.py took 0.052 seconds
[2021-02-25 17:24:49,764] {scheduler_job.py:181} INFO - Started process (PID=187458) to work on /home/i-sip_iot/anaconda3/envs/sandbox/lib/python3.7/site-packages/airflow/example_dags/example_trigger_controller_dag.py
[2021-02-25 17:24:49,765] {scheduler_job.py:629} INFO - Processing file /home/i-sip_iot/anaconda3/envs/sandbox/lib/python3.7/site-packages/airflow/example_dags/example_trigger_controller_dag.py for tasks to queue
[2021-02-25 17:24:49,765] {logging_mixin.py:103} INFO - [2021-02-25 17:24:49,765] {dagbag.py:440} INFO - Filling up the DagBag from /home/i-sip_iot/anaconda3/envs/sandbox/lib/python3.7/site-packages/airflow/example_dags/example_trigger_controller_dag.py
[2021-02-25 17:24:49,774] {scheduler_job.py:639} INFO - DAG(s) dict_keys(['example_trigger_controller_dag']) retrieved from /home/i-sip_iot/anaconda3/envs/sandbox/lib/python3.7/site-packages/airflow/example_dags/example_trigger_controller_dag.py
[2021-02-25 17:24:49,775] {logging_mixin.py:103} INFO - [2021-02-25 17:24:49,775] {dag.py:1813} INFO - Sync 1 DAGs
[2021-02-25 17:24:49,788] {logging_mixin.py:103} INFO - [2021-02-25 17:24:49,788] {dag.py:2266} INFO - Setting next_dagrun for example_trigger_controller_dag to 2021-02-23 00:00:00+00:00
[2021-02-25 17:24:49,797] {scheduler_job.py:189} INFO - Processing /home/i-sip_iot/anaconda3/envs/sandbox/lib/python3.7/site-packages/airflow/example_dags/example_trigger_controller_dag.py took 0.036 seconds
[2021-02-25 17:25:16,670] {scheduler_job.py:181} INFO - Started process (PID=187542) to work on /home/i-sip_iot/anaconda3/envs/sandbox/lib/python3.7/site-packages/airflow/example_dags/example_trigger_controller_dag.py
[2021-02-25 17:25:16,672] {scheduler_job.py:629} INFO - Processing file /home/i-sip_iot/anaconda3/envs/sandbox/lib/python3.7/site-packages/airflow/example_dags/example_trigger_controller_dag.py for tasks to queue
[2021-02-25 17:25:16,673] {logging_mixin.py:103} INFO - [2021-02-25 17:25:16,673] {dagbag.py:440} INFO - Filling up the DagBag from /home/i-sip_iot/anaconda3/envs/sandbox/lib/python3.7/site-packages/airflow/example_dags/example_trigger_controller_dag.py
[2021-02-25 17:25:16,689] {scheduler_job.py:639} INFO - DAG(s) dict_keys(['example_trigger_controller_dag']) retrieved from /home/i-sip_iot/anaconda3/envs/sandbox/lib/python3.7/site-packages/airflow/example_dags/example_trigger_controller_dag.py
[2021-02-25 17:25:16,690] {logging_mixin.py:103} INFO - [2021-02-25 17:25:16,690] {dag.py:1813} INFO - Sync 1 DAGs
[2021-02-25 17:25:16,706] {logging_mixin.py:103} INFO - [2021-02-25 17:25:16,706] {dag.py:2266} INFO - Setting next_dagrun for example_trigger_controller_dag to 2021-02-23 00:00:00+00:00
[2021-02-25 17:25:16,715] {scheduler_job.py:189} INFO - Processing /home/i-sip_iot/anaconda3/envs/sandbox/lib/python3.7/site-packages/airflow/example_dags/example_trigger_controller_dag.py took 0.050 seconds
[2021-02-25 17:25:44,065] {scheduler_job.py:181} INFO - Started process (PID=187789) to work on /home/i-sip_iot/anaconda3/envs/sandbox/lib/python3.7/site-packages/airflow/example_dags/example_trigger_controller_dag.py
[2021-02-25 17:25:44,065] {scheduler_job.py:629} INFO - Processing file /home/i-sip_iot/anaconda3/envs/sandbox/lib/python3.7/site-packages/airflow/example_dags/example_trigger_controller_dag.py for tasks to queue
[2021-02-25 17:25:44,066] {logging_mixin.py:103} INFO - [2021-02-25 17:25:44,066] {dagbag.py:440} INFO - Filling up the DagBag from /home/i-sip_iot/anaconda3/envs/sandbox/lib/python3.7/site-packages/airflow/example_dags/example_trigger_controller_dag.py
[2021-02-25 17:25:44,073] {scheduler_job.py:639} INFO - DAG(s) dict_keys(['example_trigger_controller_dag']) retrieved from /home/i-sip_iot/anaconda3/envs/sandbox/lib/python3.7/site-packages/airflow/example_dags/example_trigger_controller_dag.py
[2021-02-25 17:25:44,074] {logging_mixin.py:103} INFO - [2021-02-25 17:25:44,074] {dag.py:1813} INFO - Sync 1 DAGs
[2021-02-25 17:25:44,085] {logging_mixin.py:103} INFO - [2021-02-25 17:25:44,085] {dag.py:2266} INFO - Setting next_dagrun for example_trigger_controller_dag to 2021-02-23 00:00:00+00:00
[2021-02-25 17:25:44,093] {scheduler_job.py:189} INFO - Processing /home/i-sip_iot/anaconda3/envs/sandbox/lib/python3.7/site-packages/airflow/example_dags/example_trigger_controller_dag.py took 0.031 seconds
[2021-02-25 17:26:11,501] {scheduler_job.py:181} INFO - Started process (PID=187893) to work on /home/i-sip_iot/anaconda3/envs/sandbox/lib/python3.7/site-packages/airflow/example_dags/example_trigger_controller_dag.py
[2021-02-25 17:26:11,502] {scheduler_job.py:629} INFO - Processing file /home/i-sip_iot/anaconda3/envs/sandbox/lib/python3.7/site-packages/airflow/example_dags/example_trigger_controller_dag.py for tasks to queue
[2021-02-25 17:26:11,503] {logging_mixin.py:103} INFO - [2021-02-25 17:26:11,503] {dagbag.py:440} INFO - Filling up the DagBag from /home/i-sip_iot/anaconda3/envs/sandbox/lib/python3.7/site-packages/airflow/example_dags/example_trigger_controller_dag.py
[2021-02-25 17:26:11,512] {scheduler_job.py:639} INFO - DAG(s) dict_keys(['example_trigger_controller_dag']) retrieved from /home/i-sip_iot/anaconda3/envs/sandbox/lib/python3.7/site-packages/airflow/example_dags/example_trigger_controller_dag.py
[2021-02-25 17:26:11,513] {logging_mixin.py:103} INFO - [2021-02-25 17:26:11,513] {dag.py:1813} INFO - Sync 1 DAGs
[2021-02-25 17:26:11,530] {logging_mixin.py:103} INFO - [2021-02-25 17:26:11,530] {dag.py:2266} INFO - Setting next_dagrun for example_trigger_controller_dag to 2021-02-23 00:00:00+00:00
[2021-02-25 17:26:11,539] {scheduler_job.py:189} INFO - Processing /home/i-sip_iot/anaconda3/envs/sandbox/lib/python3.7/site-packages/airflow/example_dags/example_trigger_controller_dag.py took 0.040 seconds
[2021-02-25 17:26:39,003] {scheduler_job.py:181} INFO - Started process (PID=187979) to work on /home/i-sip_iot/anaconda3/envs/sandbox/lib/python3.7/site-packages/airflow/example_dags/example_trigger_controller_dag.py
[2021-02-25 17:26:39,004] {scheduler_job.py:629} INFO - Processing file /home/i-sip_iot/anaconda3/envs/sandbox/lib/python3.7/site-packages/airflow/example_dags/example_trigger_controller_dag.py for tasks to queue
[2021-02-25 17:26:39,005] {logging_mixin.py:103} INFO - [2021-02-25 17:26:39,004] {dagbag.py:440} INFO - Filling up the DagBag from /home/i-sip_iot/anaconda3/envs/sandbox/lib/python3.7/site-packages/airflow/example_dags/example_trigger_controller_dag.py
[2021-02-25 17:26:39,013] {scheduler_job.py:639} INFO - DAG(s) dict_keys(['example_trigger_controller_dag']) retrieved from /home/i-sip_iot/anaconda3/envs/sandbox/lib/python3.7/site-packages/airflow/example_dags/example_trigger_controller_dag.py
[2021-02-25 17:26:39,013] {logging_mixin.py:103} INFO - [2021-02-25 17:26:39,013] {dag.py:1813} INFO - Sync 1 DAGs
[2021-02-25 17:26:39,025] {logging_mixin.py:103} INFO - [2021-02-25 17:26:39,025] {dag.py:2266} INFO - Setting next_dagrun for example_trigger_controller_dag to 2021-02-23 00:00:00+00:00
[2021-02-25 17:26:39,035] {scheduler_job.py:189} INFO - Processing /home/i-sip_iot/anaconda3/envs/sandbox/lib/python3.7/site-packages/airflow/example_dags/example_trigger_controller_dag.py took 0.035 seconds
[2021-02-25 17:27:04,725] {scheduler_job.py:181} INFO - Started process (PID=188253) to work on /home/i-sip_iot/anaconda3/envs/sandbox/lib/python3.7/site-packages/airflow/example_dags/example_trigger_controller_dag.py
[2021-02-25 17:27:04,726] {scheduler_job.py:629} INFO - Processing file /home/i-sip_iot/anaconda3/envs/sandbox/lib/python3.7/site-packages/airflow/example_dags/example_trigger_controller_dag.py for tasks to queue
[2021-02-25 17:27:04,726] {logging_mixin.py:103} INFO - [2021-02-25 17:27:04,726] {dagbag.py:440} INFO - Filling up the DagBag from /home/i-sip_iot/anaconda3/envs/sandbox/lib/python3.7/site-packages/airflow/example_dags/example_trigger_controller_dag.py
[2021-02-25 17:27:04,731] {scheduler_job.py:639} INFO - DAG(s) dict_keys(['example_trigger_controller_dag']) retrieved from /home/i-sip_iot/anaconda3/envs/sandbox/lib/python3.7/site-packages/airflow/example_dags/example_trigger_controller_dag.py
[2021-02-25 17:27:04,732] {logging_mixin.py:103} INFO - [2021-02-25 17:27:04,732] {dag.py:1813} INFO - Sync 1 DAGs
[2021-02-25 17:27:04,742] {logging_mixin.py:103} INFO - [2021-02-25 17:27:04,742] {dag.py:2266} INFO - Setting next_dagrun for example_trigger_controller_dag to 2021-02-23 00:00:00+00:00
[2021-02-25 17:27:04,749] {scheduler_job.py:189} INFO - Processing /home/i-sip_iot/anaconda3/envs/sandbox/lib/python3.7/site-packages/airflow/example_dags/example_trigger_controller_dag.py took 0.026 seconds
[2021-02-25 17:27:31,806] {scheduler_job.py:181} INFO - Started process (PID=188329) to work on /home/i-sip_iot/anaconda3/envs/sandbox/lib/python3.7/site-packages/airflow/example_dags/example_trigger_controller_dag.py
[2021-02-25 17:27:31,809] {scheduler_job.py:629} INFO - Processing file /home/i-sip_iot/anaconda3/envs/sandbox/lib/python3.7/site-packages/airflow/example_dags/example_trigger_controller_dag.py for tasks to queue
[2021-02-25 17:27:31,810] {logging_mixin.py:103} INFO - [2021-02-25 17:27:31,810] {dagbag.py:440} INFO - Filling up the DagBag from /home/i-sip_iot/anaconda3/envs/sandbox/lib/python3.7/site-packages/airflow/example_dags/example_trigger_controller_dag.py
[2021-02-25 17:27:31,823] {scheduler_job.py:639} INFO - DAG(s) dict_keys(['example_trigger_controller_dag']) retrieved from /home/i-sip_iot/anaconda3/envs/sandbox/lib/python3.7/site-packages/airflow/example_dags/example_trigger_controller_dag.py
[2021-02-25 17:27:31,824] {logging_mixin.py:103} INFO - [2021-02-25 17:27:31,824] {dag.py:1813} INFO - Sync 1 DAGs
[2021-02-25 17:27:31,838] {logging_mixin.py:103} INFO - [2021-02-25 17:27:31,838] {dag.py:2266} INFO - Setting next_dagrun for example_trigger_controller_dag to 2021-02-23 00:00:00+00:00
[2021-02-25 17:27:31,846] {scheduler_job.py:189} INFO - Processing /home/i-sip_iot/anaconda3/envs/sandbox/lib/python3.7/site-packages/airflow/example_dags/example_trigger_controller_dag.py took 0.046 seconds
[2021-02-25 17:28:00,117] {scheduler_job.py:181} INFO - Started process (PID=188613) to work on /home/i-sip_iot/anaconda3/envs/sandbox/lib/python3.7/site-packages/airflow/example_dags/example_trigger_controller_dag.py
[2021-02-25 17:28:00,117] {scheduler_job.py:629} INFO - Processing file /home/i-sip_iot/anaconda3/envs/sandbox/lib/python3.7/site-packages/airflow/example_dags/example_trigger_controller_dag.py for tasks to queue
[2021-02-25 17:28:00,118] {logging_mixin.py:103} INFO - [2021-02-25 17:28:00,118] {dagbag.py:440} INFO - Filling up the DagBag from /home/i-sip_iot/anaconda3/envs/sandbox/lib/python3.7/site-packages/airflow/example_dags/example_trigger_controller_dag.py
[2021-02-25 17:28:00,123] {scheduler_job.py:639} INFO - DAG(s) dict_keys(['example_trigger_controller_dag']) retrieved from /home/i-sip_iot/anaconda3/envs/sandbox/lib/python3.7/site-packages/airflow/example_dags/example_trigger_controller_dag.py
[2021-02-25 17:28:00,124] {logging_mixin.py:103} INFO - [2021-02-25 17:28:00,123] {dag.py:1813} INFO - Sync 1 DAGs
[2021-02-25 17:28:00,132] {logging_mixin.py:103} INFO - [2021-02-25 17:28:00,132] {dag.py:2266} INFO - Setting next_dagrun for example_trigger_controller_dag to 2021-02-23 00:00:00+00:00
[2021-02-25 17:28:00,140] {scheduler_job.py:189} INFO - Processing /home/i-sip_iot/anaconda3/envs/sandbox/lib/python3.7/site-packages/airflow/example_dags/example_trigger_controller_dag.py took 0.025 seconds
[2021-02-25 17:28:27,328] {scheduler_job.py:181} INFO - Started process (PID=188697) to work on /home/i-sip_iot/anaconda3/envs/sandbox/lib/python3.7/site-packages/airflow/example_dags/example_trigger_controller_dag.py
[2021-02-25 17:28:27,330] {scheduler_job.py:629} INFO - Processing file /home/i-sip_iot/anaconda3/envs/sandbox/lib/python3.7/site-packages/airflow/example_dags/example_trigger_controller_dag.py for tasks to queue
[2021-02-25 17:28:27,330] {logging_mixin.py:103} INFO - [2021-02-25 17:28:27,330] {dagbag.py:440} INFO - Filling up the DagBag from /home/i-sip_iot/anaconda3/envs/sandbox/lib/python3.7/site-packages/airflow/example_dags/example_trigger_controller_dag.py
[2021-02-25 17:28:27,343] {scheduler_job.py:639} INFO - DAG(s) dict_keys(['example_trigger_controller_dag']) retrieved from /home/i-sip_iot/anaconda3/envs/sandbox/lib/python3.7/site-packages/airflow/example_dags/example_trigger_controller_dag.py
[2021-02-25 17:28:27,344] {logging_mixin.py:103} INFO - [2021-02-25 17:28:27,344] {dag.py:1813} INFO - Sync 1 DAGs
[2021-02-25 17:28:27,359] {logging_mixin.py:103} INFO - [2021-02-25 17:28:27,359] {dag.py:2266} INFO - Setting next_dagrun for example_trigger_controller_dag to 2021-02-23 00:00:00+00:00
[2021-02-25 17:28:27,367] {scheduler_job.py:189} INFO - Processing /home/i-sip_iot/anaconda3/envs/sandbox/lib/python3.7/site-packages/airflow/example_dags/example_trigger_controller_dag.py took 0.043 seconds
[2021-02-25 17:28:54,500] {scheduler_job.py:181} INFO - Started process (PID=188933) to work on /home/i-sip_iot/anaconda3/envs/sandbox/lib/python3.7/site-packages/airflow/example_dags/example_trigger_controller_dag.py
[2021-02-25 17:28:54,502] {scheduler_job.py:629} INFO - Processing file /home/i-sip_iot/anaconda3/envs/sandbox/lib/python3.7/site-packages/airflow/example_dags/example_trigger_controller_dag.py for tasks to queue
[2021-02-25 17:28:54,503] {logging_mixin.py:103} INFO - [2021-02-25 17:28:54,503] {dagbag.py:440} INFO - Filling up the DagBag from /home/i-sip_iot/anaconda3/envs/sandbox/lib/python3.7/site-packages/airflow/example_dags/example_trigger_controller_dag.py
[2021-02-25 17:28:54,510] {scheduler_job.py:639} INFO - DAG(s) dict_keys(['example_trigger_controller_dag']) retrieved from /home/i-sip_iot/anaconda3/envs/sandbox/lib/python3.7/site-packages/airflow/example_dags/example_trigger_controller_dag.py
[2021-02-25 17:28:54,510] {logging_mixin.py:103} INFO - [2021-02-25 17:28:54,510] {dag.py:1813} INFO - Sync 1 DAGs
[2021-02-25 17:28:54,522] {logging_mixin.py:103} INFO - [2021-02-25 17:28:54,521] {dag.py:2266} INFO - Setting next_dagrun for example_trigger_controller_dag to 2021-02-23 00:00:00+00:00
[2021-02-25 17:28:54,529] {scheduler_job.py:189} INFO - Processing /home/i-sip_iot/anaconda3/envs/sandbox/lib/python3.7/site-packages/airflow/example_dags/example_trigger_controller_dag.py took 0.031 seconds
[2021-02-25 17:29:22,878] {scheduler_job.py:181} INFO - Started process (PID=189030) to work on /home/i-sip_iot/anaconda3/envs/sandbox/lib/python3.7/site-packages/airflow/example_dags/example_trigger_controller_dag.py
[2021-02-25 17:29:22,880] {scheduler_job.py:629} INFO - Processing file /home/i-sip_iot/anaconda3/envs/sandbox/lib/python3.7/site-packages/airflow/example_dags/example_trigger_controller_dag.py for tasks to queue
[2021-02-25 17:29:22,883] {logging_mixin.py:103} INFO - [2021-02-25 17:29:22,883] {dagbag.py:440} INFO - Filling up the DagBag from /home/i-sip_iot/anaconda3/envs/sandbox/lib/python3.7/site-packages/airflow/example_dags/example_trigger_controller_dag.py
[2021-02-25 17:29:22,894] {scheduler_job.py:639} INFO - DAG(s) dict_keys(['example_trigger_controller_dag']) retrieved from /home/i-sip_iot/anaconda3/envs/sandbox/lib/python3.7/site-packages/airflow/example_dags/example_trigger_controller_dag.py
[2021-02-25 17:29:22,895] {logging_mixin.py:103} INFO - [2021-02-25 17:29:22,895] {dag.py:1813} INFO - Sync 1 DAGs
[2021-02-25 17:29:22,908] {logging_mixin.py:103} INFO - [2021-02-25 17:29:22,907] {dag.py:2266} INFO - Setting next_dagrun for example_trigger_controller_dag to 2021-02-23 00:00:00+00:00
[2021-02-25 17:29:22,916] {scheduler_job.py:189} INFO - Processing /home/i-sip_iot/anaconda3/envs/sandbox/lib/python3.7/site-packages/airflow/example_dags/example_trigger_controller_dag.py took 0.043 seconds
[2021-02-25 17:29:48,891] {scheduler_job.py:181} INFO - Started process (PID=189296) to work on /home/i-sip_iot/anaconda3/envs/sandbox/lib/python3.7/site-packages/airflow/example_dags/example_trigger_controller_dag.py
[2021-02-25 17:29:48,892] {scheduler_job.py:629} INFO - Processing file /home/i-sip_iot/anaconda3/envs/sandbox/lib/python3.7/site-packages/airflow/example_dags/example_trigger_controller_dag.py for tasks to queue
[2021-02-25 17:29:48,892] {logging_mixin.py:103} INFO - [2021-02-25 17:29:48,892] {dagbag.py:440} INFO - Filling up the DagBag from /home/i-sip_iot/anaconda3/envs/sandbox/lib/python3.7/site-packages/airflow/example_dags/example_trigger_controller_dag.py
[2021-02-25 17:29:48,897] {scheduler_job.py:639} INFO - DAG(s) dict_keys(['example_trigger_controller_dag']) retrieved from /home/i-sip_iot/anaconda3/envs/sandbox/lib/python3.7/site-packages/airflow/example_dags/example_trigger_controller_dag.py
[2021-02-25 17:29:48,897] {logging_mixin.py:103} INFO - [2021-02-25 17:29:48,897] {dag.py:1813} INFO - Sync 1 DAGs
[2021-02-25 17:29:48,906] {logging_mixin.py:103} INFO - [2021-02-25 17:29:48,906] {dag.py:2266} INFO - Setting next_dagrun for example_trigger_controller_dag to 2021-02-23 00:00:00+00:00
[2021-02-25 17:29:48,913] {scheduler_job.py:189} INFO - Processing /home/i-sip_iot/anaconda3/envs/sandbox/lib/python3.7/site-packages/airflow/example_dags/example_trigger_controller_dag.py took 0.023 seconds
[2021-02-25 17:30:16,297] {scheduler_job.py:181} INFO - Started process (PID=189378) to work on /home/i-sip_iot/anaconda3/envs/sandbox/lib/python3.7/site-packages/airflow/example_dags/example_trigger_controller_dag.py
[2021-02-25 17:30:16,299] {scheduler_job.py:629} INFO - Processing file /home/i-sip_iot/anaconda3/envs/sandbox/lib/python3.7/site-packages/airflow/example_dags/example_trigger_controller_dag.py for tasks to queue
[2021-02-25 17:30:16,300] {logging_mixin.py:103} INFO - [2021-02-25 17:30:16,299] {dagbag.py:440} INFO - Filling up the DagBag from /home/i-sip_iot/anaconda3/envs/sandbox/lib/python3.7/site-packages/airflow/example_dags/example_trigger_controller_dag.py
[2021-02-25 17:30:16,317] {scheduler_job.py:639} INFO - DAG(s) dict_keys(['example_trigger_controller_dag']) retrieved from /home/i-sip_iot/anaconda3/envs/sandbox/lib/python3.7/site-packages/airflow/example_dags/example_trigger_controller_dag.py
[2021-02-25 17:30:16,318] {logging_mixin.py:103} INFO - [2021-02-25 17:30:16,318] {dag.py:1813} INFO - Sync 1 DAGs
[2021-02-25 17:30:16,338] {logging_mixin.py:103} INFO - [2021-02-25 17:30:16,338] {dag.py:2266} INFO - Setting next_dagrun for example_trigger_controller_dag to 2021-02-23 00:00:00+00:00
[2021-02-25 17:30:16,347] {scheduler_job.py:189} INFO - Processing /home/i-sip_iot/anaconda3/envs/sandbox/lib/python3.7/site-packages/airflow/example_dags/example_trigger_controller_dag.py took 0.054 seconds
[2021-02-25 17:30:44,304] {scheduler_job.py:181} INFO - Started process (PID=189638) to work on /home/i-sip_iot/anaconda3/envs/sandbox/lib/python3.7/site-packages/airflow/example_dags/example_trigger_controller_dag.py
[2021-02-25 17:30:44,305] {scheduler_job.py:629} INFO - Processing file /home/i-sip_iot/anaconda3/envs/sandbox/lib/python3.7/site-packages/airflow/example_dags/example_trigger_controller_dag.py for tasks to queue
[2021-02-25 17:30:44,305] {logging_mixin.py:103} INFO - [2021-02-25 17:30:44,305] {dagbag.py:440} INFO - Filling up the DagBag from /home/i-sip_iot/anaconda3/envs/sandbox/lib/python3.7/site-packages/airflow/example_dags/example_trigger_controller_dag.py
[2021-02-25 17:30:44,312] {scheduler_job.py:639} INFO - DAG(s) dict_keys(['example_trigger_controller_dag']) retrieved from /home/i-sip_iot/anaconda3/envs/sandbox/lib/python3.7/site-packages/airflow/example_dags/example_trigger_controller_dag.py
[2021-02-25 17:30:44,313] {logging_mixin.py:103} INFO - [2021-02-25 17:30:44,312] {dag.py:1813} INFO - Sync 1 DAGs
[2021-02-25 17:30:44,327] {logging_mixin.py:103} INFO - [2021-02-25 17:30:44,327] {dag.py:2266} INFO - Setting next_dagrun for example_trigger_controller_dag to 2021-02-23 00:00:00+00:00
[2021-02-25 17:30:44,335] {scheduler_job.py:189} INFO - Processing /home/i-sip_iot/anaconda3/envs/sandbox/lib/python3.7/site-packages/airflow/example_dags/example_trigger_controller_dag.py took 0.033 seconds
[2021-02-25 17:31:11,479] {scheduler_job.py:181} INFO - Started process (PID=189747) to work on /home/i-sip_iot/anaconda3/envs/sandbox/lib/python3.7/site-packages/airflow/example_dags/example_trigger_controller_dag.py
[2021-02-25 17:31:11,480] {scheduler_job.py:629} INFO - Processing file /home/i-sip_iot/anaconda3/envs/sandbox/lib/python3.7/site-packages/airflow/example_dags/example_trigger_controller_dag.py for tasks to queue
[2021-02-25 17:31:11,480] {logging_mixin.py:103} INFO - [2021-02-25 17:31:11,480] {dagbag.py:440} INFO - Filling up the DagBag from /home/i-sip_iot/anaconda3/envs/sandbox/lib/python3.7/site-packages/airflow/example_dags/example_trigger_controller_dag.py
[2021-02-25 17:31:11,486] {scheduler_job.py:639} INFO - DAG(s) dict_keys(['example_trigger_controller_dag']) retrieved from /home/i-sip_iot/anaconda3/envs/sandbox/lib/python3.7/site-packages/airflow/example_dags/example_trigger_controller_dag.py
[2021-02-25 17:31:11,486] {logging_mixin.py:103} INFO - [2021-02-25 17:31:11,486] {dag.py:1813} INFO - Sync 1 DAGs
[2021-02-25 17:31:11,498] {logging_mixin.py:103} INFO - [2021-02-25 17:31:11,497] {dag.py:2266} INFO - Setting next_dagrun for example_trigger_controller_dag to 2021-02-23 00:00:00+00:00
[2021-02-25 17:31:11,506] {scheduler_job.py:189} INFO - Processing /home/i-sip_iot/anaconda3/envs/sandbox/lib/python3.7/site-packages/airflow/example_dags/example_trigger_controller_dag.py took 0.029 seconds
[2021-02-25 17:31:38,390] {scheduler_job.py:181} INFO - Started process (PID=189826) to work on /home/i-sip_iot/anaconda3/envs/sandbox/lib/python3.7/site-packages/airflow/example_dags/example_trigger_controller_dag.py
[2021-02-25 17:31:38,391] {scheduler_job.py:629} INFO - Processing file /home/i-sip_iot/anaconda3/envs/sandbox/lib/python3.7/site-packages/airflow/example_dags/example_trigger_controller_dag.py for tasks to queue
[2021-02-25 17:31:38,392] {logging_mixin.py:103} INFO - [2021-02-25 17:31:38,392] {dagbag.py:440} INFO - Filling up the DagBag from /home/i-sip_iot/anaconda3/envs/sandbox/lib/python3.7/site-packages/airflow/example_dags/example_trigger_controller_dag.py
[2021-02-25 17:31:38,398] {scheduler_job.py:639} INFO - DAG(s) dict_keys(['example_trigger_controller_dag']) retrieved from /home/i-sip_iot/anaconda3/envs/sandbox/lib/python3.7/site-packages/airflow/example_dags/example_trigger_controller_dag.py
[2021-02-25 17:31:38,398] {logging_mixin.py:103} INFO - [2021-02-25 17:31:38,398] {dag.py:1813} INFO - Sync 1 DAGs
[2021-02-25 17:31:38,408] {logging_mixin.py:103} INFO - [2021-02-25 17:31:38,408] {dag.py:2266} INFO - Setting next_dagrun for example_trigger_controller_dag to 2021-02-23 00:00:00+00:00
[2021-02-25 17:31:38,417] {scheduler_job.py:189} INFO - Processing /home/i-sip_iot/anaconda3/envs/sandbox/lib/python3.7/site-packages/airflow/example_dags/example_trigger_controller_dag.py took 0.028 seconds
[2021-02-25 17:32:05,457] {scheduler_job.py:181} INFO - Started process (PID=190076) to work on /home/i-sip_iot/anaconda3/envs/sandbox/lib/python3.7/site-packages/airflow/example_dags/example_trigger_controller_dag.py
[2021-02-25 17:32:05,458] {scheduler_job.py:629} INFO - Processing file /home/i-sip_iot/anaconda3/envs/sandbox/lib/python3.7/site-packages/airflow/example_dags/example_trigger_controller_dag.py for tasks to queue
[2021-02-25 17:32:05,459] {logging_mixin.py:103} INFO - [2021-02-25 17:32:05,459] {dagbag.py:440} INFO - Filling up the DagBag from /home/i-sip_iot/anaconda3/envs/sandbox/lib/python3.7/site-packages/airflow/example_dags/example_trigger_controller_dag.py
[2021-02-25 17:32:05,473] {scheduler_job.py:639} INFO - DAG(s) dict_keys(['example_trigger_controller_dag']) retrieved from /home/i-sip_iot/anaconda3/envs/sandbox/lib/python3.7/site-packages/airflow/example_dags/example_trigger_controller_dag.py
[2021-02-25 17:32:05,474] {logging_mixin.py:103} INFO - [2021-02-25 17:32:05,474] {dag.py:1813} INFO - Sync 1 DAGs
[2021-02-25 17:32:05,490] {logging_mixin.py:103} INFO - [2021-02-25 17:32:05,490] {dag.py:2266} INFO - Setting next_dagrun for example_trigger_controller_dag to 2021-02-23 00:00:00+00:00
[2021-02-25 17:32:05,499] {scheduler_job.py:189} INFO - Processing /home/i-sip_iot/anaconda3/envs/sandbox/lib/python3.7/site-packages/airflow/example_dags/example_trigger_controller_dag.py took 0.046 seconds
[2021-02-25 17:32:32,489] {scheduler_job.py:181} INFO - Started process (PID=190158) to work on /home/i-sip_iot/anaconda3/envs/sandbox/lib/python3.7/site-packages/airflow/example_dags/example_trigger_controller_dag.py
[2021-02-25 17:32:32,490] {scheduler_job.py:629} INFO - Processing file /home/i-sip_iot/anaconda3/envs/sandbox/lib/python3.7/site-packages/airflow/example_dags/example_trigger_controller_dag.py for tasks to queue
[2021-02-25 17:32:32,490] {logging_mixin.py:103} INFO - [2021-02-25 17:32:32,490] {dagbag.py:440} INFO - Filling up the DagBag from /home/i-sip_iot/anaconda3/envs/sandbox/lib/python3.7/site-packages/airflow/example_dags/example_trigger_controller_dag.py
[2021-02-25 17:32:32,495] {scheduler_job.py:639} INFO - DAG(s) dict_keys(['example_trigger_controller_dag']) retrieved from /home/i-sip_iot/anaconda3/envs/sandbox/lib/python3.7/site-packages/airflow/example_dags/example_trigger_controller_dag.py
[2021-02-25 17:32:32,495] {logging_mixin.py:103} INFO - [2021-02-25 17:32:32,495] {dag.py:1813} INFO - Sync 1 DAGs
[2021-02-25 17:32:32,504] {logging_mixin.py:103} INFO - [2021-02-25 17:32:32,504] {dag.py:2266} INFO - Setting next_dagrun for example_trigger_controller_dag to 2021-02-23 00:00:00+00:00
[2021-02-25 17:32:32,511] {scheduler_job.py:189} INFO - Processing /home/i-sip_iot/anaconda3/envs/sandbox/lib/python3.7/site-packages/airflow/example_dags/example_trigger_controller_dag.py took 0.024 seconds
[2021-02-25 17:32:59,898] {scheduler_job.py:181} INFO - Started process (PID=190440) to work on /home/i-sip_iot/anaconda3/envs/sandbox/lib/python3.7/site-packages/airflow/example_dags/example_trigger_controller_dag.py
[2021-02-25 17:32:59,899] {scheduler_job.py:629} INFO - Processing file /home/i-sip_iot/anaconda3/envs/sandbox/lib/python3.7/site-packages/airflow/example_dags/example_trigger_controller_dag.py for tasks to queue
[2021-02-25 17:32:59,900] {logging_mixin.py:103} INFO - [2021-02-25 17:32:59,900] {dagbag.py:440} INFO - Filling up the DagBag from /home/i-sip_iot/anaconda3/envs/sandbox/lib/python3.7/site-packages/airflow/example_dags/example_trigger_controller_dag.py
[2021-02-25 17:32:59,911] {scheduler_job.py:639} INFO - DAG(s) dict_keys(['example_trigger_controller_dag']) retrieved from /home/i-sip_iot/anaconda3/envs/sandbox/lib/python3.7/site-packages/airflow/example_dags/example_trigger_controller_dag.py
[2021-02-25 17:32:59,912] {logging_mixin.py:103} INFO - [2021-02-25 17:32:59,912] {dag.py:1813} INFO - Sync 1 DAGs
[2021-02-25 17:32:59,927] {logging_mixin.py:103} INFO - [2021-02-25 17:32:59,927] {dag.py:2266} INFO - Setting next_dagrun for example_trigger_controller_dag to 2021-02-23 00:00:00+00:00
[2021-02-25 17:32:59,936] {scheduler_job.py:189} INFO - Processing /home/i-sip_iot/anaconda3/envs/sandbox/lib/python3.7/site-packages/airflow/example_dags/example_trigger_controller_dag.py took 0.042 seconds
[2021-02-25 17:33:26,759] {scheduler_job.py:181} INFO - Started process (PID=190513) to work on /home/i-sip_iot/anaconda3/envs/sandbox/lib/python3.7/site-packages/airflow/example_dags/example_trigger_controller_dag.py
[2021-02-25 17:33:26,760] {scheduler_job.py:629} INFO - Processing file /home/i-sip_iot/anaconda3/envs/sandbox/lib/python3.7/site-packages/airflow/example_dags/example_trigger_controller_dag.py for tasks to queue
[2021-02-25 17:33:26,760] {logging_mixin.py:103} INFO - [2021-02-25 17:33:26,760] {dagbag.py:440} INFO - Filling up the DagBag from /home/i-sip_iot/anaconda3/envs/sandbox/lib/python3.7/site-packages/airflow/example_dags/example_trigger_controller_dag.py
[2021-02-25 17:33:26,766] {scheduler_job.py:639} INFO - DAG(s) dict_keys(['example_trigger_controller_dag']) retrieved from /home/i-sip_iot/anaconda3/envs/sandbox/lib/python3.7/site-packages/airflow/example_dags/example_trigger_controller_dag.py
[2021-02-25 17:33:26,766] {logging_mixin.py:103} INFO - [2021-02-25 17:33:26,766] {dag.py:1813} INFO - Sync 1 DAGs
[2021-02-25 17:33:26,778] {logging_mixin.py:103} INFO - [2021-02-25 17:33:26,778] {dag.py:2266} INFO - Setting next_dagrun for example_trigger_controller_dag to 2021-02-23 00:00:00+00:00
[2021-02-25 17:33:26,786] {scheduler_job.py:189} INFO - Processing /home/i-sip_iot/anaconda3/envs/sandbox/lib/python3.7/site-packages/airflow/example_dags/example_trigger_controller_dag.py took 0.030 seconds
[2021-02-25 17:33:55,128] {scheduler_job.py:181} INFO - Started process (PID=190807) to work on /home/i-sip_iot/anaconda3/envs/sandbox/lib/python3.7/site-packages/airflow/example_dags/example_trigger_controller_dag.py
[2021-02-25 17:33:55,128] {scheduler_job.py:629} INFO - Processing file /home/i-sip_iot/anaconda3/envs/sandbox/lib/python3.7/site-packages/airflow/example_dags/example_trigger_controller_dag.py for tasks to queue
[2021-02-25 17:33:55,129] {logging_mixin.py:103} INFO - [2021-02-25 17:33:55,128] {dagbag.py:440} INFO - Filling up the DagBag from /home/i-sip_iot/anaconda3/envs/sandbox/lib/python3.7/site-packages/airflow/example_dags/example_trigger_controller_dag.py
[2021-02-25 17:33:55,133] {scheduler_job.py:639} INFO - DAG(s) dict_keys(['example_trigger_controller_dag']) retrieved from /home/i-sip_iot/anaconda3/envs/sandbox/lib/python3.7/site-packages/airflow/example_dags/example_trigger_controller_dag.py
[2021-02-25 17:33:55,134] {logging_mixin.py:103} INFO - [2021-02-25 17:33:55,134] {dag.py:1813} INFO - Sync 1 DAGs
[2021-02-25 17:33:55,144] {logging_mixin.py:103} INFO - [2021-02-25 17:33:55,144] {dag.py:2266} INFO - Setting next_dagrun for example_trigger_controller_dag to 2021-02-23 00:00:00+00:00
[2021-02-25 17:33:55,151] {scheduler_job.py:189} INFO - Processing /home/i-sip_iot/anaconda3/envs/sandbox/lib/python3.7/site-packages/airflow/example_dags/example_trigger_controller_dag.py took 0.025 seconds
[2021-02-25 17:34:22,215] {scheduler_job.py:181} INFO - Started process (PID=190924) to work on /home/i-sip_iot/anaconda3/envs/sandbox/lib/python3.7/site-packages/airflow/example_dags/example_trigger_controller_dag.py
[2021-02-25 17:34:22,217] {scheduler_job.py:629} INFO - Processing file /home/i-sip_iot/anaconda3/envs/sandbox/lib/python3.7/site-packages/airflow/example_dags/example_trigger_controller_dag.py for tasks to queue
[2021-02-25 17:34:22,218] {logging_mixin.py:103} INFO - [2021-02-25 17:34:22,218] {dagbag.py:440} INFO - Filling up the DagBag from /home/i-sip_iot/anaconda3/envs/sandbox/lib/python3.7/site-packages/airflow/example_dags/example_trigger_controller_dag.py
[2021-02-25 17:34:22,232] {scheduler_job.py:639} INFO - DAG(s) dict_keys(['example_trigger_controller_dag']) retrieved from /home/i-sip_iot/anaconda3/envs/sandbox/lib/python3.7/site-packages/airflow/example_dags/example_trigger_controller_dag.py
[2021-02-25 17:34:22,233] {logging_mixin.py:103} INFO - [2021-02-25 17:34:22,233] {dag.py:1813} INFO - Sync 1 DAGs
[2021-02-25 17:34:22,248] {logging_mixin.py:103} INFO - [2021-02-25 17:34:22,248] {dag.py:2266} INFO - Setting next_dagrun for example_trigger_controller_dag to 2021-02-23 00:00:00+00:00
[2021-02-25 17:34:22,257] {scheduler_job.py:189} INFO - Processing /home/i-sip_iot/anaconda3/envs/sandbox/lib/python3.7/site-packages/airflow/example_dags/example_trigger_controller_dag.py took 0.046 seconds
[2021-02-25 17:34:50,192] {scheduler_job.py:181} INFO - Started process (PID=191190) to work on /home/i-sip_iot/anaconda3/envs/sandbox/lib/python3.7/site-packages/airflow/example_dags/example_trigger_controller_dag.py
[2021-02-25 17:34:50,193] {scheduler_job.py:629} INFO - Processing file /home/i-sip_iot/anaconda3/envs/sandbox/lib/python3.7/site-packages/airflow/example_dags/example_trigger_controller_dag.py for tasks to queue
[2021-02-25 17:34:50,194] {logging_mixin.py:103} INFO - [2021-02-25 17:34:50,193] {dagbag.py:440} INFO - Filling up the DagBag from /home/i-sip_iot/anaconda3/envs/sandbox/lib/python3.7/site-packages/airflow/example_dags/example_trigger_controller_dag.py
[2021-02-25 17:34:50,200] {scheduler_job.py:639} INFO - DAG(s) dict_keys(['example_trigger_controller_dag']) retrieved from /home/i-sip_iot/anaconda3/envs/sandbox/lib/python3.7/site-packages/airflow/example_dags/example_trigger_controller_dag.py
[2021-02-25 17:34:50,200] {logging_mixin.py:103} INFO - [2021-02-25 17:34:50,200] {dag.py:1813} INFO - Sync 1 DAGs
[2021-02-25 17:34:50,211] {logging_mixin.py:103} INFO - [2021-02-25 17:34:50,211] {dag.py:2266} INFO - Setting next_dagrun for example_trigger_controller_dag to 2021-02-23 00:00:00+00:00
[2021-02-25 17:34:50,221] {scheduler_job.py:189} INFO - Processing /home/i-sip_iot/anaconda3/envs/sandbox/lib/python3.7/site-packages/airflow/example_dags/example_trigger_controller_dag.py took 0.031 seconds
[2021-02-25 17:35:17,326] {scheduler_job.py:181} INFO - Started process (PID=191285) to work on /home/i-sip_iot/anaconda3/envs/sandbox/lib/python3.7/site-packages/airflow/example_dags/example_trigger_controller_dag.py
[2021-02-25 17:35:17,327] {scheduler_job.py:629} INFO - Processing file /home/i-sip_iot/anaconda3/envs/sandbox/lib/python3.7/site-packages/airflow/example_dags/example_trigger_controller_dag.py for tasks to queue
[2021-02-25 17:35:17,327] {logging_mixin.py:103} INFO - [2021-02-25 17:35:17,327] {dagbag.py:440} INFO - Filling up the DagBag from /home/i-sip_iot/anaconda3/envs/sandbox/lib/python3.7/site-packages/airflow/example_dags/example_trigger_controller_dag.py
[2021-02-25 17:35:17,331] {scheduler_job.py:639} INFO - DAG(s) dict_keys(['example_trigger_controller_dag']) retrieved from /home/i-sip_iot/anaconda3/envs/sandbox/lib/python3.7/site-packages/airflow/example_dags/example_trigger_controller_dag.py
[2021-02-25 17:35:17,332] {logging_mixin.py:103} INFO - [2021-02-25 17:35:17,332] {dag.py:1813} INFO - Sync 1 DAGs
[2021-02-25 17:35:17,347] {logging_mixin.py:103} INFO - [2021-02-25 17:35:17,347] {dag.py:2266} INFO - Setting next_dagrun for example_trigger_controller_dag to 2021-02-23 00:00:00+00:00
[2021-02-25 17:35:17,360] {scheduler_job.py:189} INFO - Processing /home/i-sip_iot/anaconda3/envs/sandbox/lib/python3.7/site-packages/airflow/example_dags/example_trigger_controller_dag.py took 0.036 seconds
[2021-02-25 17:35:44,580] {scheduler_job.py:181} INFO - Started process (PID=191516) to work on /home/i-sip_iot/anaconda3/envs/sandbox/lib/python3.7/site-packages/airflow/example_dags/example_trigger_controller_dag.py
[2021-02-25 17:35:44,582] {scheduler_job.py:629} INFO - Processing file /home/i-sip_iot/anaconda3/envs/sandbox/lib/python3.7/site-packages/airflow/example_dags/example_trigger_controller_dag.py for tasks to queue
[2021-02-25 17:35:44,583] {logging_mixin.py:103} INFO - [2021-02-25 17:35:44,583] {dagbag.py:440} INFO - Filling up the DagBag from /home/i-sip_iot/anaconda3/envs/sandbox/lib/python3.7/site-packages/airflow/example_dags/example_trigger_controller_dag.py
[2021-02-25 17:35:44,598] {scheduler_job.py:639} INFO - DAG(s) dict_keys(['example_trigger_controller_dag']) retrieved from /home/i-sip_iot/anaconda3/envs/sandbox/lib/python3.7/site-packages/airflow/example_dags/example_trigger_controller_dag.py
[2021-02-25 17:35:44,599] {logging_mixin.py:103} INFO - [2021-02-25 17:35:44,599] {dag.py:1813} INFO - Sync 1 DAGs
[2021-02-25 17:35:44,613] {logging_mixin.py:103} INFO - [2021-02-25 17:35:44,613] {dag.py:2266} INFO - Setting next_dagrun for example_trigger_controller_dag to 2021-02-23 00:00:00+00:00
[2021-02-25 17:35:44,622] {scheduler_job.py:189} INFO - Processing /home/i-sip_iot/anaconda3/envs/sandbox/lib/python3.7/site-packages/airflow/example_dags/example_trigger_controller_dag.py took 0.048 seconds
[2021-02-25 17:36:11,368] {scheduler_job.py:181} INFO - Started process (PID=191610) to work on /home/i-sip_iot/anaconda3/envs/sandbox/lib/python3.7/site-packages/airflow/example_dags/example_trigger_controller_dag.py
[2021-02-25 17:36:11,370] {scheduler_job.py:629} INFO - Processing file /home/i-sip_iot/anaconda3/envs/sandbox/lib/python3.7/site-packages/airflow/example_dags/example_trigger_controller_dag.py for tasks to queue
[2021-02-25 17:36:11,370] {logging_mixin.py:103} INFO - [2021-02-25 17:36:11,370] {dagbag.py:440} INFO - Filling up the DagBag from /home/i-sip_iot/anaconda3/envs/sandbox/lib/python3.7/site-packages/airflow/example_dags/example_trigger_controller_dag.py
[2021-02-25 17:36:11,380] {scheduler_job.py:639} INFO - DAG(s) dict_keys(['example_trigger_controller_dag']) retrieved from /home/i-sip_iot/anaconda3/envs/sandbox/lib/python3.7/site-packages/airflow/example_dags/example_trigger_controller_dag.py
[2021-02-25 17:36:11,381] {logging_mixin.py:103} INFO - [2021-02-25 17:36:11,381] {dag.py:1813} INFO - Sync 1 DAGs
[2021-02-25 17:36:11,398] {logging_mixin.py:103} INFO - [2021-02-25 17:36:11,398] {dag.py:2266} INFO - Setting next_dagrun for example_trigger_controller_dag to 2021-02-23 00:00:00+00:00
[2021-02-25 17:36:11,409] {scheduler_job.py:189} INFO - Processing /home/i-sip_iot/anaconda3/envs/sandbox/lib/python3.7/site-packages/airflow/example_dags/example_trigger_controller_dag.py took 0.043 seconds
[2021-02-25 17:36:39,630] {scheduler_job.py:181} INFO - Started process (PID=191686) to work on /home/i-sip_iot/anaconda3/envs/sandbox/lib/python3.7/site-packages/airflow/example_dags/example_trigger_controller_dag.py
[2021-02-25 17:36:39,631] {scheduler_job.py:629} INFO - Processing file /home/i-sip_iot/anaconda3/envs/sandbox/lib/python3.7/site-packages/airflow/example_dags/example_trigger_controller_dag.py for tasks to queue
[2021-02-25 17:36:39,631] {logging_mixin.py:103} INFO - [2021-02-25 17:36:39,631] {dagbag.py:440} INFO - Filling up the DagBag from /home/i-sip_iot/anaconda3/envs/sandbox/lib/python3.7/site-packages/airflow/example_dags/example_trigger_controller_dag.py
[2021-02-25 17:36:39,637] {scheduler_job.py:639} INFO - DAG(s) dict_keys(['example_trigger_controller_dag']) retrieved from /home/i-sip_iot/anaconda3/envs/sandbox/lib/python3.7/site-packages/airflow/example_dags/example_trigger_controller_dag.py
[2021-02-25 17:36:39,638] {logging_mixin.py:103} INFO - [2021-02-25 17:36:39,638] {dag.py:1813} INFO - Sync 1 DAGs
[2021-02-25 17:36:39,647] {logging_mixin.py:103} INFO - [2021-02-25 17:36:39,647] {dag.py:2266} INFO - Setting next_dagrun for example_trigger_controller_dag to 2021-02-23 00:00:00+00:00
[2021-02-25 17:36:39,655] {scheduler_job.py:189} INFO - Processing /home/i-sip_iot/anaconda3/envs/sandbox/lib/python3.7/site-packages/airflow/example_dags/example_trigger_controller_dag.py took 0.027 seconds
[2021-02-25 17:37:06,661] {scheduler_job.py:181} INFO - Started process (PID=191927) to work on /home/i-sip_iot/anaconda3/envs/sandbox/lib/python3.7/site-packages/airflow/example_dags/example_trigger_controller_dag.py
[2021-02-25 17:37:06,663] {scheduler_job.py:629} INFO - Processing file /home/i-sip_iot/anaconda3/envs/sandbox/lib/python3.7/site-packages/airflow/example_dags/example_trigger_controller_dag.py for tasks to queue
[2021-02-25 17:37:06,663] {logging_mixin.py:103} INFO - [2021-02-25 17:37:06,663] {dagbag.py:440} INFO - Filling up the DagBag from /home/i-sip_iot/anaconda3/envs/sandbox/lib/python3.7/site-packages/airflow/example_dags/example_trigger_controller_dag.py
[2021-02-25 17:37:06,683] {scheduler_job.py:639} INFO - DAG(s) dict_keys(['example_trigger_controller_dag']) retrieved from /home/i-sip_iot/anaconda3/envs/sandbox/lib/python3.7/site-packages/airflow/example_dags/example_trigger_controller_dag.py
[2021-02-25 17:37:06,684] {logging_mixin.py:103} INFO - [2021-02-25 17:37:06,684] {dag.py:1813} INFO - Sync 1 DAGs
[2021-02-25 17:37:06,716] {logging_mixin.py:103} INFO - [2021-02-25 17:37:06,716] {dag.py:2266} INFO - Setting next_dagrun for example_trigger_controller_dag to 2021-02-23 00:00:00+00:00
[2021-02-25 17:37:06,725] {scheduler_job.py:189} INFO - Processing /home/i-sip_iot/anaconda3/envs/sandbox/lib/python3.7/site-packages/airflow/example_dags/example_trigger_controller_dag.py took 0.072 seconds
[2021-02-25 17:37:33,520] {scheduler_job.py:181} INFO - Started process (PID=192013) to work on /home/i-sip_iot/anaconda3/envs/sandbox/lib/python3.7/site-packages/airflow/example_dags/example_trigger_controller_dag.py
[2021-02-25 17:37:33,521] {scheduler_job.py:629} INFO - Processing file /home/i-sip_iot/anaconda3/envs/sandbox/lib/python3.7/site-packages/airflow/example_dags/example_trigger_controller_dag.py for tasks to queue
[2021-02-25 17:37:33,521] {logging_mixin.py:103} INFO - [2021-02-25 17:37:33,521] {dagbag.py:440} INFO - Filling up the DagBag from /home/i-sip_iot/anaconda3/envs/sandbox/lib/python3.7/site-packages/airflow/example_dags/example_trigger_controller_dag.py
[2021-02-25 17:37:33,526] {scheduler_job.py:639} INFO - DAG(s) dict_keys(['example_trigger_controller_dag']) retrieved from /home/i-sip_iot/anaconda3/envs/sandbox/lib/python3.7/site-packages/airflow/example_dags/example_trigger_controller_dag.py
[2021-02-25 17:37:33,526] {logging_mixin.py:103} INFO - [2021-02-25 17:37:33,526] {dag.py:1813} INFO - Sync 1 DAGs
[2021-02-25 17:37:33,537] {logging_mixin.py:103} INFO - [2021-02-25 17:37:33,537] {dag.py:2266} INFO - Setting next_dagrun for example_trigger_controller_dag to 2021-02-23 00:00:00+00:00
[2021-02-25 17:37:33,544] {scheduler_job.py:189} INFO - Processing /home/i-sip_iot/anaconda3/envs/sandbox/lib/python3.7/site-packages/airflow/example_dags/example_trigger_controller_dag.py took 0.025 seconds
[2021-02-25 17:38:01,838] {scheduler_job.py:181} INFO - Started process (PID=192298) to work on /home/i-sip_iot/anaconda3/envs/sandbox/lib/python3.7/site-packages/airflow/example_dags/example_trigger_controller_dag.py
[2021-02-25 17:38:01,839] {scheduler_job.py:629} INFO - Processing file /home/i-sip_iot/anaconda3/envs/sandbox/lib/python3.7/site-packages/airflow/example_dags/example_trigger_controller_dag.py for tasks to queue
[2021-02-25 17:38:01,839] {logging_mixin.py:103} INFO - [2021-02-25 17:38:01,839] {dagbag.py:440} INFO - Filling up the DagBag from /home/i-sip_iot/anaconda3/envs/sandbox/lib/python3.7/site-packages/airflow/example_dags/example_trigger_controller_dag.py
[2021-02-25 17:38:01,844] {scheduler_job.py:639} INFO - DAG(s) dict_keys(['example_trigger_controller_dag']) retrieved from /home/i-sip_iot/anaconda3/envs/sandbox/lib/python3.7/site-packages/airflow/example_dags/example_trigger_controller_dag.py
[2021-02-25 17:38:01,845] {logging_mixin.py:103} INFO - [2021-02-25 17:38:01,845] {dag.py:1813} INFO - Sync 1 DAGs
[2021-02-25 17:38:01,855] {logging_mixin.py:103} INFO - [2021-02-25 17:38:01,855] {dag.py:2266} INFO - Setting next_dagrun for example_trigger_controller_dag to 2021-02-23 00:00:00+00:00
[2021-02-25 17:38:01,864] {scheduler_job.py:189} INFO - Processing /home/i-sip_iot/anaconda3/envs/sandbox/lib/python3.7/site-packages/airflow/example_dags/example_trigger_controller_dag.py took 0.028 seconds
[2021-02-25 17:38:28,657] {scheduler_job.py:181} INFO - Started process (PID=192363) to work on /home/i-sip_iot/anaconda3/envs/sandbox/lib/python3.7/site-packages/airflow/example_dags/example_trigger_controller_dag.py
[2021-02-25 17:38:28,658] {scheduler_job.py:629} INFO - Processing file /home/i-sip_iot/anaconda3/envs/sandbox/lib/python3.7/site-packages/airflow/example_dags/example_trigger_controller_dag.py for tasks to queue
[2021-02-25 17:38:28,658] {logging_mixin.py:103} INFO - [2021-02-25 17:38:28,658] {dagbag.py:440} INFO - Filling up the DagBag from /home/i-sip_iot/anaconda3/envs/sandbox/lib/python3.7/site-packages/airflow/example_dags/example_trigger_controller_dag.py
[2021-02-25 17:38:28,665] {scheduler_job.py:639} INFO - DAG(s) dict_keys(['example_trigger_controller_dag']) retrieved from /home/i-sip_iot/anaconda3/envs/sandbox/lib/python3.7/site-packages/airflow/example_dags/example_trigger_controller_dag.py
[2021-02-25 17:38:28,666] {logging_mixin.py:103} INFO - [2021-02-25 17:38:28,666] {dag.py:1813} INFO - Sync 1 DAGs
[2021-02-25 17:38:28,675] {logging_mixin.py:103} INFO - [2021-02-25 17:38:28,675] {dag.py:2266} INFO - Setting next_dagrun for example_trigger_controller_dag to 2021-02-23 00:00:00+00:00
[2021-02-25 17:38:28,684] {scheduler_job.py:189} INFO - Processing /home/i-sip_iot/anaconda3/envs/sandbox/lib/python3.7/site-packages/airflow/example_dags/example_trigger_controller_dag.py took 0.029 seconds
[2021-02-25 17:38:55,882] {scheduler_job.py:181} INFO - Started process (PID=192616) to work on /home/i-sip_iot/anaconda3/envs/sandbox/lib/python3.7/site-packages/airflow/example_dags/example_trigger_controller_dag.py
[2021-02-25 17:38:55,884] {scheduler_job.py:629} INFO - Processing file /home/i-sip_iot/anaconda3/envs/sandbox/lib/python3.7/site-packages/airflow/example_dags/example_trigger_controller_dag.py for tasks to queue
[2021-02-25 17:38:55,886] {logging_mixin.py:103} INFO - [2021-02-25 17:38:55,885] {dagbag.py:440} INFO - Filling up the DagBag from /home/i-sip_iot/anaconda3/envs/sandbox/lib/python3.7/site-packages/airflow/example_dags/example_trigger_controller_dag.py
[2021-02-25 17:38:55,900] {scheduler_job.py:639} INFO - DAG(s) dict_keys(['example_trigger_controller_dag']) retrieved from /home/i-sip_iot/anaconda3/envs/sandbox/lib/python3.7/site-packages/airflow/example_dags/example_trigger_controller_dag.py
[2021-02-25 17:38:55,901] {logging_mixin.py:103} INFO - [2021-02-25 17:38:55,901] {dag.py:1813} INFO - Sync 1 DAGs
[2021-02-25 17:38:55,915] {logging_mixin.py:103} INFO - [2021-02-25 17:38:55,915] {dag.py:2266} INFO - Setting next_dagrun for example_trigger_controller_dag to 2021-02-23 00:00:00+00:00
[2021-02-25 17:38:55,923] {scheduler_job.py:189} INFO - Processing /home/i-sip_iot/anaconda3/envs/sandbox/lib/python3.7/site-packages/airflow/example_dags/example_trigger_controller_dag.py took 0.047 seconds
[2021-02-25 17:39:22,934] {scheduler_job.py:181} INFO - Started process (PID=192700) to work on /home/i-sip_iot/anaconda3/envs/sandbox/lib/python3.7/site-packages/airflow/example_dags/example_trigger_controller_dag.py
[2021-02-25 17:39:22,935] {scheduler_job.py:629} INFO - Processing file /home/i-sip_iot/anaconda3/envs/sandbox/lib/python3.7/site-packages/airflow/example_dags/example_trigger_controller_dag.py for tasks to queue
[2021-02-25 17:39:22,936] {logging_mixin.py:103} INFO - [2021-02-25 17:39:22,935] {dagbag.py:440} INFO - Filling up the DagBag from /home/i-sip_iot/anaconda3/envs/sandbox/lib/python3.7/site-packages/airflow/example_dags/example_trigger_controller_dag.py
[2021-02-25 17:39:22,946] {scheduler_job.py:639} INFO - DAG(s) dict_keys(['example_trigger_controller_dag']) retrieved from /home/i-sip_iot/anaconda3/envs/sandbox/lib/python3.7/site-packages/airflow/example_dags/example_trigger_controller_dag.py
[2021-02-25 17:39:22,947] {logging_mixin.py:103} INFO - [2021-02-25 17:39:22,947] {dag.py:1813} INFO - Sync 1 DAGs
[2021-02-25 17:39:22,964] {logging_mixin.py:103} INFO - [2021-02-25 17:39:22,964] {dag.py:2266} INFO - Setting next_dagrun for example_trigger_controller_dag to 2021-02-23 00:00:00+00:00
[2021-02-25 17:39:22,974] {scheduler_job.py:189} INFO - Processing /home/i-sip_iot/anaconda3/envs/sandbox/lib/python3.7/site-packages/airflow/example_dags/example_trigger_controller_dag.py took 0.043 seconds
[2021-02-25 17:39:50,152] {scheduler_job.py:181} INFO - Started process (PID=192973) to work on /home/i-sip_iot/anaconda3/envs/sandbox/lib/python3.7/site-packages/airflow/example_dags/example_trigger_controller_dag.py
[2021-02-25 17:39:50,154] {scheduler_job.py:629} INFO - Processing file /home/i-sip_iot/anaconda3/envs/sandbox/lib/python3.7/site-packages/airflow/example_dags/example_trigger_controller_dag.py for tasks to queue
[2021-02-25 17:39:50,157] {logging_mixin.py:103} INFO - [2021-02-25 17:39:50,157] {dagbag.py:440} INFO - Filling up the DagBag from /home/i-sip_iot/anaconda3/envs/sandbox/lib/python3.7/site-packages/airflow/example_dags/example_trigger_controller_dag.py
[2021-02-25 17:39:50,175] {scheduler_job.py:639} INFO - DAG(s) dict_keys(['example_trigger_controller_dag']) retrieved from /home/i-sip_iot/anaconda3/envs/sandbox/lib/python3.7/site-packages/airflow/example_dags/example_trigger_controller_dag.py
[2021-02-25 17:39:50,176] {logging_mixin.py:103} INFO - [2021-02-25 17:39:50,176] {dag.py:1813} INFO - Sync 1 DAGs
[2021-02-25 17:39:50,196] {logging_mixin.py:103} INFO - [2021-02-25 17:39:50,196] {dag.py:2266} INFO - Setting next_dagrun for example_trigger_controller_dag to 2021-02-23 00:00:00+00:00
[2021-02-25 17:39:50,209] {scheduler_job.py:189} INFO - Processing /home/i-sip_iot/anaconda3/envs/sandbox/lib/python3.7/site-packages/airflow/example_dags/example_trigger_controller_dag.py took 0.063 seconds
[2021-02-25 17:40:17,199] {scheduler_job.py:181} INFO - Started process (PID=193063) to work on /home/i-sip_iot/anaconda3/envs/sandbox/lib/python3.7/site-packages/airflow/example_dags/example_trigger_controller_dag.py
[2021-02-25 17:40:17,200] {scheduler_job.py:629} INFO - Processing file /home/i-sip_iot/anaconda3/envs/sandbox/lib/python3.7/site-packages/airflow/example_dags/example_trigger_controller_dag.py for tasks to queue
[2021-02-25 17:40:17,200] {logging_mixin.py:103} INFO - [2021-02-25 17:40:17,200] {dagbag.py:440} INFO - Filling up the DagBag from /home/i-sip_iot/anaconda3/envs/sandbox/lib/python3.7/site-packages/airflow/example_dags/example_trigger_controller_dag.py
[2021-02-25 17:40:17,209] {scheduler_job.py:639} INFO - DAG(s) dict_keys(['example_trigger_controller_dag']) retrieved from /home/i-sip_iot/anaconda3/envs/sandbox/lib/python3.7/site-packages/airflow/example_dags/example_trigger_controller_dag.py
[2021-02-25 17:40:17,210] {logging_mixin.py:103} INFO - [2021-02-25 17:40:17,210] {dag.py:1813} INFO - Sync 1 DAGs
[2021-02-25 17:40:17,224] {logging_mixin.py:103} INFO - [2021-02-25 17:40:17,224] {dag.py:2266} INFO - Setting next_dagrun for example_trigger_controller_dag to 2021-02-23 00:00:00+00:00
[2021-02-25 17:40:17,233] {scheduler_job.py:189} INFO - Processing /home/i-sip_iot/anaconda3/envs/sandbox/lib/python3.7/site-packages/airflow/example_dags/example_trigger_controller_dag.py took 0.037 seconds
[2021-02-25 17:40:44,188] {scheduler_job.py:181} INFO - Started process (PID=193144) to work on /home/i-sip_iot/anaconda3/envs/sandbox/lib/python3.7/site-packages/airflow/example_dags/example_trigger_controller_dag.py
[2021-02-25 17:40:44,190] {scheduler_job.py:629} INFO - Processing file /home/i-sip_iot/anaconda3/envs/sandbox/lib/python3.7/site-packages/airflow/example_dags/example_trigger_controller_dag.py for tasks to queue
[2021-02-25 17:40:44,191] {logging_mixin.py:103} INFO - [2021-02-25 17:40:44,191] {dagbag.py:440} INFO - Filling up the DagBag from /home/i-sip_iot/anaconda3/envs/sandbox/lib/python3.7/site-packages/airflow/example_dags/example_trigger_controller_dag.py
[2021-02-25 17:40:44,202] {scheduler_job.py:639} INFO - DAG(s) dict_keys(['example_trigger_controller_dag']) retrieved from /home/i-sip_iot/anaconda3/envs/sandbox/lib/python3.7/site-packages/airflow/example_dags/example_trigger_controller_dag.py
[2021-02-25 17:40:44,203] {logging_mixin.py:103} INFO - [2021-02-25 17:40:44,203] {dag.py:1813} INFO - Sync 1 DAGs
[2021-02-25 17:40:44,217] {logging_mixin.py:103} INFO - [2021-02-25 17:40:44,217] {dag.py:2266} INFO - Setting next_dagrun for example_trigger_controller_dag to 2021-02-23 00:00:00+00:00
[2021-02-25 17:40:44,226] {scheduler_job.py:189} INFO - Processing /home/i-sip_iot/anaconda3/envs/sandbox/lib/python3.7/site-packages/airflow/example_dags/example_trigger_controller_dag.py took 0.044 seconds
