[2021-02-25 17:15:27,725] {scheduler_job.py:181} INFO - Started process (PID=184373) to work on /home/i-sip_iot/anaconda3/envs/sandbox/lib/python3.7/site-packages/airflow/example_dags/example_latest_only_with_trigger.py
[2021-02-25 17:15:27,726] {scheduler_job.py:629} INFO - Processing file /home/i-sip_iot/anaconda3/envs/sandbox/lib/python3.7/site-packages/airflow/example_dags/example_latest_only_with_trigger.py for tasks to queue
[2021-02-25 17:15:27,727] {logging_mixin.py:103} INFO - [2021-02-25 17:15:27,727] {dagbag.py:440} INFO - Filling up the DagBag from /home/i-sip_iot/anaconda3/envs/sandbox/lib/python3.7/site-packages/airflow/example_dags/example_latest_only_with_trigger.py
[2021-02-25 17:15:27,739] {scheduler_job.py:639} INFO - DAG(s) dict_keys(['latest_only_with_trigger']) retrieved from /home/i-sip_iot/anaconda3/envs/sandbox/lib/python3.7/site-packages/airflow/example_dags/example_latest_only_with_trigger.py
[2021-02-25 17:15:27,740] {logging_mixin.py:103} INFO - [2021-02-25 17:15:27,740] {dag.py:1813} INFO - Sync 1 DAGs
[2021-02-25 17:15:27,756] {logging_mixin.py:103} INFO - [2021-02-25 17:15:27,756] {dag.py:2266} INFO - Setting next_dagrun for latest_only_with_trigger to 2021-02-23 00:00:00+00:00
[2021-02-25 17:15:27,783] {scheduler_job.py:189} INFO - Processing /home/i-sip_iot/anaconda3/envs/sandbox/lib/python3.7/site-packages/airflow/example_dags/example_latest_only_with_trigger.py took 0.062 seconds
[2021-02-25 17:15:55,315] {scheduler_job.py:181} INFO - Started process (PID=184604) to work on /home/i-sip_iot/anaconda3/envs/sandbox/lib/python3.7/site-packages/airflow/example_dags/example_latest_only_with_trigger.py
[2021-02-25 17:15:55,317] {scheduler_job.py:629} INFO - Processing file /home/i-sip_iot/anaconda3/envs/sandbox/lib/python3.7/site-packages/airflow/example_dags/example_latest_only_with_trigger.py for tasks to queue
[2021-02-25 17:15:55,318] {logging_mixin.py:103} INFO - [2021-02-25 17:15:55,318] {dagbag.py:440} INFO - Filling up the DagBag from /home/i-sip_iot/anaconda3/envs/sandbox/lib/python3.7/site-packages/airflow/example_dags/example_latest_only_with_trigger.py
[2021-02-25 17:15:55,333] {scheduler_job.py:639} INFO - DAG(s) dict_keys(['latest_only_with_trigger']) retrieved from /home/i-sip_iot/anaconda3/envs/sandbox/lib/python3.7/site-packages/airflow/example_dags/example_latest_only_with_trigger.py
[2021-02-25 17:15:55,334] {logging_mixin.py:103} INFO - [2021-02-25 17:15:55,334] {dag.py:1813} INFO - Sync 1 DAGs
[2021-02-25 17:15:55,347] {logging_mixin.py:103} INFO - [2021-02-25 17:15:55,347] {dag.py:2266} INFO - Setting next_dagrun for latest_only_with_trigger to 2021-02-23 00:00:00+00:00
[2021-02-25 17:15:55,353] {scheduler_job.py:189} INFO - Processing /home/i-sip_iot/anaconda3/envs/sandbox/lib/python3.7/site-packages/airflow/example_dags/example_latest_only_with_trigger.py took 0.044 seconds
[2021-02-25 17:16:22,303] {scheduler_job.py:181} INFO - Started process (PID=184682) to work on /home/i-sip_iot/anaconda3/envs/sandbox/lib/python3.7/site-packages/airflow/example_dags/example_latest_only_with_trigger.py
[2021-02-25 17:16:22,304] {scheduler_job.py:629} INFO - Processing file /home/i-sip_iot/anaconda3/envs/sandbox/lib/python3.7/site-packages/airflow/example_dags/example_latest_only_with_trigger.py for tasks to queue
[2021-02-25 17:16:22,304] {logging_mixin.py:103} INFO - [2021-02-25 17:16:22,304] {dagbag.py:440} INFO - Filling up the DagBag from /home/i-sip_iot/anaconda3/envs/sandbox/lib/python3.7/site-packages/airflow/example_dags/example_latest_only_with_trigger.py
[2021-02-25 17:16:22,309] {scheduler_job.py:639} INFO - DAG(s) dict_keys(['latest_only_with_trigger']) retrieved from /home/i-sip_iot/anaconda3/envs/sandbox/lib/python3.7/site-packages/airflow/example_dags/example_latest_only_with_trigger.py
[2021-02-25 17:16:22,309] {logging_mixin.py:103} INFO - [2021-02-25 17:16:22,309] {dag.py:1813} INFO - Sync 1 DAGs
[2021-02-25 17:16:22,319] {logging_mixin.py:103} INFO - [2021-02-25 17:16:22,319] {dag.py:2266} INFO - Setting next_dagrun for latest_only_with_trigger to 2021-02-23 00:00:00+00:00
[2021-02-25 17:16:22,326] {scheduler_job.py:189} INFO - Processing /home/i-sip_iot/anaconda3/envs/sandbox/lib/python3.7/site-packages/airflow/example_dags/example_latest_only_with_trigger.py took 0.024 seconds
[2021-02-25 17:16:50,213] {scheduler_job.py:181} INFO - Started process (PID=184912) to work on /home/i-sip_iot/anaconda3/envs/sandbox/lib/python3.7/site-packages/airflow/example_dags/example_latest_only_with_trigger.py
[2021-02-25 17:16:50,213] {scheduler_job.py:629} INFO - Processing file /home/i-sip_iot/anaconda3/envs/sandbox/lib/python3.7/site-packages/airflow/example_dags/example_latest_only_with_trigger.py for tasks to queue
[2021-02-25 17:16:50,214] {logging_mixin.py:103} INFO - [2021-02-25 17:16:50,213] {dagbag.py:440} INFO - Filling up the DagBag from /home/i-sip_iot/anaconda3/envs/sandbox/lib/python3.7/site-packages/airflow/example_dags/example_latest_only_with_trigger.py
[2021-02-25 17:16:50,220] {scheduler_job.py:639} INFO - DAG(s) dict_keys(['latest_only_with_trigger']) retrieved from /home/i-sip_iot/anaconda3/envs/sandbox/lib/python3.7/site-packages/airflow/example_dags/example_latest_only_with_trigger.py
[2021-02-25 17:16:50,221] {logging_mixin.py:103} INFO - [2021-02-25 17:16:50,221] {dag.py:1813} INFO - Sync 1 DAGs
[2021-02-25 17:16:50,231] {logging_mixin.py:103} INFO - [2021-02-25 17:16:50,231] {dag.py:2266} INFO - Setting next_dagrun for latest_only_with_trigger to 2021-02-23 00:00:00+00:00
[2021-02-25 17:16:50,244] {scheduler_job.py:189} INFO - Processing /home/i-sip_iot/anaconda3/envs/sandbox/lib/python3.7/site-packages/airflow/example_dags/example_latest_only_with_trigger.py took 0.034 seconds
[2021-02-25 17:17:16,569] {scheduler_job.py:181} INFO - Started process (PID=184985) to work on /home/i-sip_iot/anaconda3/envs/sandbox/lib/python3.7/site-packages/airflow/example_dags/example_latest_only_with_trigger.py
[2021-02-25 17:17:16,570] {scheduler_job.py:629} INFO - Processing file /home/i-sip_iot/anaconda3/envs/sandbox/lib/python3.7/site-packages/airflow/example_dags/example_latest_only_with_trigger.py for tasks to queue
[2021-02-25 17:17:16,570] {logging_mixin.py:103} INFO - [2021-02-25 17:17:16,570] {dagbag.py:440} INFO - Filling up the DagBag from /home/i-sip_iot/anaconda3/envs/sandbox/lib/python3.7/site-packages/airflow/example_dags/example_latest_only_with_trigger.py
[2021-02-25 17:17:16,580] {scheduler_job.py:639} INFO - DAG(s) dict_keys(['latest_only_with_trigger']) retrieved from /home/i-sip_iot/anaconda3/envs/sandbox/lib/python3.7/site-packages/airflow/example_dags/example_latest_only_with_trigger.py
[2021-02-25 17:17:16,581] {logging_mixin.py:103} INFO - [2021-02-25 17:17:16,580] {dag.py:1813} INFO - Sync 1 DAGs
[2021-02-25 17:17:16,593] {logging_mixin.py:103} INFO - [2021-02-25 17:17:16,593] {dag.py:2266} INFO - Setting next_dagrun for latest_only_with_trigger to 2021-02-23 00:00:00+00:00
[2021-02-25 17:17:16,602] {scheduler_job.py:189} INFO - Processing /home/i-sip_iot/anaconda3/envs/sandbox/lib/python3.7/site-packages/airflow/example_dags/example_latest_only_with_trigger.py took 0.036 seconds
[2021-02-25 17:17:44,618] {scheduler_job.py:181} INFO - Started process (PID=185228) to work on /home/i-sip_iot/anaconda3/envs/sandbox/lib/python3.7/site-packages/airflow/example_dags/example_latest_only_with_trigger.py
[2021-02-25 17:17:44,619] {scheduler_job.py:629} INFO - Processing file /home/i-sip_iot/anaconda3/envs/sandbox/lib/python3.7/site-packages/airflow/example_dags/example_latest_only_with_trigger.py for tasks to queue
[2021-02-25 17:17:44,619] {logging_mixin.py:103} INFO - [2021-02-25 17:17:44,619] {dagbag.py:440} INFO - Filling up the DagBag from /home/i-sip_iot/anaconda3/envs/sandbox/lib/python3.7/site-packages/airflow/example_dags/example_latest_only_with_trigger.py
[2021-02-25 17:17:44,624] {scheduler_job.py:639} INFO - DAG(s) dict_keys(['latest_only_with_trigger']) retrieved from /home/i-sip_iot/anaconda3/envs/sandbox/lib/python3.7/site-packages/airflow/example_dags/example_latest_only_with_trigger.py
[2021-02-25 17:17:44,624] {logging_mixin.py:103} INFO - [2021-02-25 17:17:44,624] {dag.py:1813} INFO - Sync 1 DAGs
[2021-02-25 17:17:44,638] {logging_mixin.py:103} INFO - [2021-02-25 17:17:44,638] {dag.py:2266} INFO - Setting next_dagrun for latest_only_with_trigger to 2021-02-23 00:00:00+00:00
[2021-02-25 17:17:44,647] {scheduler_job.py:189} INFO - Processing /home/i-sip_iot/anaconda3/envs/sandbox/lib/python3.7/site-packages/airflow/example_dags/example_latest_only_with_trigger.py took 0.031 seconds
[2021-02-25 17:18:11,511] {scheduler_job.py:181} INFO - Started process (PID=185294) to work on /home/i-sip_iot/anaconda3/envs/sandbox/lib/python3.7/site-packages/airflow/example_dags/example_latest_only_with_trigger.py
[2021-02-25 17:18:11,512] {scheduler_job.py:629} INFO - Processing file /home/i-sip_iot/anaconda3/envs/sandbox/lib/python3.7/site-packages/airflow/example_dags/example_latest_only_with_trigger.py for tasks to queue
[2021-02-25 17:18:11,512] {logging_mixin.py:103} INFO - [2021-02-25 17:18:11,512] {dagbag.py:440} INFO - Filling up the DagBag from /home/i-sip_iot/anaconda3/envs/sandbox/lib/python3.7/site-packages/airflow/example_dags/example_latest_only_with_trigger.py
[2021-02-25 17:18:11,524] {scheduler_job.py:639} INFO - DAG(s) dict_keys(['latest_only_with_trigger']) retrieved from /home/i-sip_iot/anaconda3/envs/sandbox/lib/python3.7/site-packages/airflow/example_dags/example_latest_only_with_trigger.py
[2021-02-25 17:18:11,525] {logging_mixin.py:103} INFO - [2021-02-25 17:18:11,525] {dag.py:1813} INFO - Sync 1 DAGs
[2021-02-25 17:18:11,546] {logging_mixin.py:103} INFO - [2021-02-25 17:18:11,546] {dag.py:2266} INFO - Setting next_dagrun for latest_only_with_trigger to 2021-02-23 00:00:00+00:00
[2021-02-25 17:18:11,559] {scheduler_job.py:189} INFO - Processing /home/i-sip_iot/anaconda3/envs/sandbox/lib/python3.7/site-packages/airflow/example_dags/example_latest_only_with_trigger.py took 0.052 seconds
[2021-02-25 17:18:39,004] {scheduler_job.py:181} INFO - Started process (PID=185536) to work on /home/i-sip_iot/anaconda3/envs/sandbox/lib/python3.7/site-packages/airflow/example_dags/example_latest_only_with_trigger.py
[2021-02-25 17:18:39,006] {scheduler_job.py:629} INFO - Processing file /home/i-sip_iot/anaconda3/envs/sandbox/lib/python3.7/site-packages/airflow/example_dags/example_latest_only_with_trigger.py for tasks to queue
[2021-02-25 17:18:39,008] {logging_mixin.py:103} INFO - [2021-02-25 17:18:39,007] {dagbag.py:440} INFO - Filling up the DagBag from /home/i-sip_iot/anaconda3/envs/sandbox/lib/python3.7/site-packages/airflow/example_dags/example_latest_only_with_trigger.py
[2021-02-25 17:18:39,021] {scheduler_job.py:639} INFO - DAG(s) dict_keys(['latest_only_with_trigger']) retrieved from /home/i-sip_iot/anaconda3/envs/sandbox/lib/python3.7/site-packages/airflow/example_dags/example_latest_only_with_trigger.py
[2021-02-25 17:18:39,022] {logging_mixin.py:103} INFO - [2021-02-25 17:18:39,022] {dag.py:1813} INFO - Sync 1 DAGs
[2021-02-25 17:18:39,036] {logging_mixin.py:103} INFO - [2021-02-25 17:18:39,036] {dag.py:2266} INFO - Setting next_dagrun for latest_only_with_trigger to 2021-02-23 00:00:00+00:00
[2021-02-25 17:18:39,045] {scheduler_job.py:189} INFO - Processing /home/i-sip_iot/anaconda3/envs/sandbox/lib/python3.7/site-packages/airflow/example_dags/example_latest_only_with_trigger.py took 0.048 seconds
[2021-02-25 17:19:05,756] {scheduler_job.py:181} INFO - Started process (PID=185616) to work on /home/i-sip_iot/anaconda3/envs/sandbox/lib/python3.7/site-packages/airflow/example_dags/example_latest_only_with_trigger.py
[2021-02-25 17:19:05,757] {scheduler_job.py:629} INFO - Processing file /home/i-sip_iot/anaconda3/envs/sandbox/lib/python3.7/site-packages/airflow/example_dags/example_latest_only_with_trigger.py for tasks to queue
[2021-02-25 17:19:05,758] {logging_mixin.py:103} INFO - [2021-02-25 17:19:05,758] {dagbag.py:440} INFO - Filling up the DagBag from /home/i-sip_iot/anaconda3/envs/sandbox/lib/python3.7/site-packages/airflow/example_dags/example_latest_only_with_trigger.py
[2021-02-25 17:19:05,763] {scheduler_job.py:639} INFO - DAG(s) dict_keys(['latest_only_with_trigger']) retrieved from /home/i-sip_iot/anaconda3/envs/sandbox/lib/python3.7/site-packages/airflow/example_dags/example_latest_only_with_trigger.py
[2021-02-25 17:19:05,763] {logging_mixin.py:103} INFO - [2021-02-25 17:19:05,763] {dag.py:1813} INFO - Sync 1 DAGs
[2021-02-25 17:19:05,772] {logging_mixin.py:103} INFO - [2021-02-25 17:19:05,772] {dag.py:2266} INFO - Setting next_dagrun for latest_only_with_trigger to 2021-02-23 00:00:00+00:00
[2021-02-25 17:19:05,780] {scheduler_job.py:189} INFO - Processing /home/i-sip_iot/anaconda3/envs/sandbox/lib/python3.7/site-packages/airflow/example_dags/example_latest_only_with_trigger.py took 0.026 seconds
[2021-02-25 17:19:32,683] {scheduler_job.py:181} INFO - Started process (PID=185685) to work on /home/i-sip_iot/anaconda3/envs/sandbox/lib/python3.7/site-packages/airflow/example_dags/example_latest_only_with_trigger.py
[2021-02-25 17:19:32,684] {scheduler_job.py:629} INFO - Processing file /home/i-sip_iot/anaconda3/envs/sandbox/lib/python3.7/site-packages/airflow/example_dags/example_latest_only_with_trigger.py for tasks to queue
[2021-02-25 17:19:32,684] {logging_mixin.py:103} INFO - [2021-02-25 17:19:32,684] {dagbag.py:440} INFO - Filling up the DagBag from /home/i-sip_iot/anaconda3/envs/sandbox/lib/python3.7/site-packages/airflow/example_dags/example_latest_only_with_trigger.py
[2021-02-25 17:19:32,693] {scheduler_job.py:639} INFO - DAG(s) dict_keys(['latest_only_with_trigger']) retrieved from /home/i-sip_iot/anaconda3/envs/sandbox/lib/python3.7/site-packages/airflow/example_dags/example_latest_only_with_trigger.py
[2021-02-25 17:19:32,694] {logging_mixin.py:103} INFO - [2021-02-25 17:19:32,693] {dag.py:1813} INFO - Sync 1 DAGs
[2021-02-25 17:19:32,709] {logging_mixin.py:103} INFO - [2021-02-25 17:19:32,709] {dag.py:2266} INFO - Setting next_dagrun for latest_only_with_trigger to 2021-02-23 00:00:00+00:00
[2021-02-25 17:19:32,720] {scheduler_job.py:189} INFO - Processing /home/i-sip_iot/anaconda3/envs/sandbox/lib/python3.7/site-packages/airflow/example_dags/example_latest_only_with_trigger.py took 0.039 seconds
[2021-02-25 17:20:00,703] {scheduler_job.py:181} INFO - Started process (PID=185913) to work on /home/i-sip_iot/anaconda3/envs/sandbox/lib/python3.7/site-packages/airflow/example_dags/example_latest_only_with_trigger.py
[2021-02-25 17:20:00,704] {scheduler_job.py:629} INFO - Processing file /home/i-sip_iot/anaconda3/envs/sandbox/lib/python3.7/site-packages/airflow/example_dags/example_latest_only_with_trigger.py for tasks to queue
[2021-02-25 17:20:00,705] {logging_mixin.py:103} INFO - [2021-02-25 17:20:00,705] {dagbag.py:440} INFO - Filling up the DagBag from /home/i-sip_iot/anaconda3/envs/sandbox/lib/python3.7/site-packages/airflow/example_dags/example_latest_only_with_trigger.py
[2021-02-25 17:20:00,711] {scheduler_job.py:639} INFO - DAG(s) dict_keys(['latest_only_with_trigger']) retrieved from /home/i-sip_iot/anaconda3/envs/sandbox/lib/python3.7/site-packages/airflow/example_dags/example_latest_only_with_trigger.py
[2021-02-25 17:20:00,711] {logging_mixin.py:103} INFO - [2021-02-25 17:20:00,711] {dag.py:1813} INFO - Sync 1 DAGs
[2021-02-25 17:20:00,723] {logging_mixin.py:103} INFO - [2021-02-25 17:20:00,723] {dag.py:2266} INFO - Setting next_dagrun for latest_only_with_trigger to 2021-02-23 00:00:00+00:00
[2021-02-25 17:20:00,733] {scheduler_job.py:189} INFO - Processing /home/i-sip_iot/anaconda3/envs/sandbox/lib/python3.7/site-packages/airflow/example_dags/example_latest_only_with_trigger.py took 0.031 seconds
[2021-02-25 17:20:27,114] {scheduler_job.py:181} INFO - Started process (PID=185991) to work on /home/i-sip_iot/anaconda3/envs/sandbox/lib/python3.7/site-packages/airflow/example_dags/example_latest_only_with_trigger.py
[2021-02-25 17:20:27,115] {scheduler_job.py:629} INFO - Processing file /home/i-sip_iot/anaconda3/envs/sandbox/lib/python3.7/site-packages/airflow/example_dags/example_latest_only_with_trigger.py for tasks to queue
[2021-02-25 17:20:27,116] {logging_mixin.py:103} INFO - [2021-02-25 17:20:27,116] {dagbag.py:440} INFO - Filling up the DagBag from /home/i-sip_iot/anaconda3/envs/sandbox/lib/python3.7/site-packages/airflow/example_dags/example_latest_only_with_trigger.py
[2021-02-25 17:20:27,130] {scheduler_job.py:639} INFO - DAG(s) dict_keys(['latest_only_with_trigger']) retrieved from /home/i-sip_iot/anaconda3/envs/sandbox/lib/python3.7/site-packages/airflow/example_dags/example_latest_only_with_trigger.py
[2021-02-25 17:20:27,131] {logging_mixin.py:103} INFO - [2021-02-25 17:20:27,131] {dag.py:1813} INFO - Sync 1 DAGs
[2021-02-25 17:20:27,146] {logging_mixin.py:103} INFO - [2021-02-25 17:20:27,146] {dag.py:2266} INFO - Setting next_dagrun for latest_only_with_trigger to 2021-02-23 00:00:00+00:00
[2021-02-25 17:20:27,155] {scheduler_job.py:189} INFO - Processing /home/i-sip_iot/anaconda3/envs/sandbox/lib/python3.7/site-packages/airflow/example_dags/example_latest_only_with_trigger.py took 0.045 seconds
[2021-02-25 17:20:55,108] {scheduler_job.py:181} INFO - Started process (PID=186228) to work on /home/i-sip_iot/anaconda3/envs/sandbox/lib/python3.7/site-packages/airflow/example_dags/example_latest_only_with_trigger.py
[2021-02-25 17:20:55,109] {scheduler_job.py:629} INFO - Processing file /home/i-sip_iot/anaconda3/envs/sandbox/lib/python3.7/site-packages/airflow/example_dags/example_latest_only_with_trigger.py for tasks to queue
[2021-02-25 17:20:55,109] {logging_mixin.py:103} INFO - [2021-02-25 17:20:55,109] {dagbag.py:440} INFO - Filling up the DagBag from /home/i-sip_iot/anaconda3/envs/sandbox/lib/python3.7/site-packages/airflow/example_dags/example_latest_only_with_trigger.py
[2021-02-25 17:20:55,114] {scheduler_job.py:639} INFO - DAG(s) dict_keys(['latest_only_with_trigger']) retrieved from /home/i-sip_iot/anaconda3/envs/sandbox/lib/python3.7/site-packages/airflow/example_dags/example_latest_only_with_trigger.py
[2021-02-25 17:20:55,114] {logging_mixin.py:103} INFO - [2021-02-25 17:20:55,114] {dag.py:1813} INFO - Sync 1 DAGs
[2021-02-25 17:20:55,124] {logging_mixin.py:103} INFO - [2021-02-25 17:20:55,124] {dag.py:2266} INFO - Setting next_dagrun for latest_only_with_trigger to 2021-02-23 00:00:00+00:00
[2021-02-25 17:20:55,133] {scheduler_job.py:189} INFO - Processing /home/i-sip_iot/anaconda3/envs/sandbox/lib/python3.7/site-packages/airflow/example_dags/example_latest_only_with_trigger.py took 0.026 seconds
[2021-02-25 17:21:21,947] {scheduler_job.py:181} INFO - Started process (PID=186294) to work on /home/i-sip_iot/anaconda3/envs/sandbox/lib/python3.7/site-packages/airflow/example_dags/example_latest_only_with_trigger.py
[2021-02-25 17:21:21,950] {scheduler_job.py:629} INFO - Processing file /home/i-sip_iot/anaconda3/envs/sandbox/lib/python3.7/site-packages/airflow/example_dags/example_latest_only_with_trigger.py for tasks to queue
[2021-02-25 17:21:21,951] {logging_mixin.py:103} INFO - [2021-02-25 17:21:21,951] {dagbag.py:440} INFO - Filling up the DagBag from /home/i-sip_iot/anaconda3/envs/sandbox/lib/python3.7/site-packages/airflow/example_dags/example_latest_only_with_trigger.py
[2021-02-25 17:21:21,967] {scheduler_job.py:639} INFO - DAG(s) dict_keys(['latest_only_with_trigger']) retrieved from /home/i-sip_iot/anaconda3/envs/sandbox/lib/python3.7/site-packages/airflow/example_dags/example_latest_only_with_trigger.py
[2021-02-25 17:21:21,969] {logging_mixin.py:103} INFO - [2021-02-25 17:21:21,969] {dag.py:1813} INFO - Sync 1 DAGs
[2021-02-25 17:21:21,986] {logging_mixin.py:103} INFO - [2021-02-25 17:21:21,986] {dag.py:2266} INFO - Setting next_dagrun for latest_only_with_trigger to 2021-02-23 00:00:00+00:00
[2021-02-25 17:21:21,996] {scheduler_job.py:189} INFO - Processing /home/i-sip_iot/anaconda3/envs/sandbox/lib/python3.7/site-packages/airflow/example_dags/example_latest_only_with_trigger.py took 0.054 seconds
[2021-02-25 17:21:49,508] {scheduler_job.py:181} INFO - Started process (PID=186525) to work on /home/i-sip_iot/anaconda3/envs/sandbox/lib/python3.7/site-packages/airflow/example_dags/example_latest_only_with_trigger.py
[2021-02-25 17:21:49,508] {scheduler_job.py:629} INFO - Processing file /home/i-sip_iot/anaconda3/envs/sandbox/lib/python3.7/site-packages/airflow/example_dags/example_latest_only_with_trigger.py for tasks to queue
[2021-02-25 17:21:49,509] {logging_mixin.py:103} INFO - [2021-02-25 17:21:49,509] {dagbag.py:440} INFO - Filling up the DagBag from /home/i-sip_iot/anaconda3/envs/sandbox/lib/python3.7/site-packages/airflow/example_dags/example_latest_only_with_trigger.py
[2021-02-25 17:21:49,513] {scheduler_job.py:639} INFO - DAG(s) dict_keys(['latest_only_with_trigger']) retrieved from /home/i-sip_iot/anaconda3/envs/sandbox/lib/python3.7/site-packages/airflow/example_dags/example_latest_only_with_trigger.py
[2021-02-25 17:21:49,514] {logging_mixin.py:103} INFO - [2021-02-25 17:21:49,514] {dag.py:1813} INFO - Sync 1 DAGs
[2021-02-25 17:21:49,522] {logging_mixin.py:103} INFO - [2021-02-25 17:21:49,522] {dag.py:2266} INFO - Setting next_dagrun for latest_only_with_trigger to 2021-02-23 00:00:00+00:00
[2021-02-25 17:21:49,529] {scheduler_job.py:189} INFO - Processing /home/i-sip_iot/anaconda3/envs/sandbox/lib/python3.7/site-packages/airflow/example_dags/example_latest_only_with_trigger.py took 0.023 seconds
[2021-02-25 17:22:16,413] {scheduler_job.py:181} INFO - Started process (PID=186594) to work on /home/i-sip_iot/anaconda3/envs/sandbox/lib/python3.7/site-packages/airflow/example_dags/example_latest_only_with_trigger.py
[2021-02-25 17:22:16,415] {scheduler_job.py:629} INFO - Processing file /home/i-sip_iot/anaconda3/envs/sandbox/lib/python3.7/site-packages/airflow/example_dags/example_latest_only_with_trigger.py for tasks to queue
[2021-02-25 17:22:16,416] {logging_mixin.py:103} INFO - [2021-02-25 17:22:16,415] {dagbag.py:440} INFO - Filling up the DagBag from /home/i-sip_iot/anaconda3/envs/sandbox/lib/python3.7/site-packages/airflow/example_dags/example_latest_only_with_trigger.py
[2021-02-25 17:22:16,426] {scheduler_job.py:639} INFO - DAG(s) dict_keys(['latest_only_with_trigger']) retrieved from /home/i-sip_iot/anaconda3/envs/sandbox/lib/python3.7/site-packages/airflow/example_dags/example_latest_only_with_trigger.py
[2021-02-25 17:22:16,427] {logging_mixin.py:103} INFO - [2021-02-25 17:22:16,427] {dag.py:1813} INFO - Sync 1 DAGs
[2021-02-25 17:22:16,440] {logging_mixin.py:103} INFO - [2021-02-25 17:22:16,440] {dag.py:2266} INFO - Setting next_dagrun for latest_only_with_trigger to 2021-02-23 00:00:00+00:00
[2021-02-25 17:22:16,448] {scheduler_job.py:189} INFO - Processing /home/i-sip_iot/anaconda3/envs/sandbox/lib/python3.7/site-packages/airflow/example_dags/example_latest_only_with_trigger.py took 0.043 seconds
[2021-02-25 17:22:43,777] {scheduler_job.py:181} INFO - Started process (PID=186810) to work on /home/i-sip_iot/anaconda3/envs/sandbox/lib/python3.7/site-packages/airflow/example_dags/example_latest_only_with_trigger.py
[2021-02-25 17:22:43,778] {scheduler_job.py:629} INFO - Processing file /home/i-sip_iot/anaconda3/envs/sandbox/lib/python3.7/site-packages/airflow/example_dags/example_latest_only_with_trigger.py for tasks to queue
[2021-02-25 17:22:43,779] {logging_mixin.py:103} INFO - [2021-02-25 17:22:43,779] {dagbag.py:440} INFO - Filling up the DagBag from /home/i-sip_iot/anaconda3/envs/sandbox/lib/python3.7/site-packages/airflow/example_dags/example_latest_only_with_trigger.py
[2021-02-25 17:22:43,791] {scheduler_job.py:639} INFO - DAG(s) dict_keys(['latest_only_with_trigger']) retrieved from /home/i-sip_iot/anaconda3/envs/sandbox/lib/python3.7/site-packages/airflow/example_dags/example_latest_only_with_trigger.py
[2021-02-25 17:22:43,792] {logging_mixin.py:103} INFO - [2021-02-25 17:22:43,792] {dag.py:1813} INFO - Sync 1 DAGs
[2021-02-25 17:22:43,812] {logging_mixin.py:103} INFO - [2021-02-25 17:22:43,812] {dag.py:2266} INFO - Setting next_dagrun for latest_only_with_trigger to 2021-02-23 00:00:00+00:00
[2021-02-25 17:22:43,823] {scheduler_job.py:189} INFO - Processing /home/i-sip_iot/anaconda3/envs/sandbox/lib/python3.7/site-packages/airflow/example_dags/example_latest_only_with_trigger.py took 0.049 seconds
[2021-02-25 17:23:11,206] {scheduler_job.py:181} INFO - Started process (PID=186879) to work on /home/i-sip_iot/anaconda3/envs/sandbox/lib/python3.7/site-packages/airflow/example_dags/example_latest_only_with_trigger.py
[2021-02-25 17:23:11,208] {scheduler_job.py:629} INFO - Processing file /home/i-sip_iot/anaconda3/envs/sandbox/lib/python3.7/site-packages/airflow/example_dags/example_latest_only_with_trigger.py for tasks to queue
[2021-02-25 17:23:11,210] {logging_mixin.py:103} INFO - [2021-02-25 17:23:11,209] {dagbag.py:440} INFO - Filling up the DagBag from /home/i-sip_iot/anaconda3/envs/sandbox/lib/python3.7/site-packages/airflow/example_dags/example_latest_only_with_trigger.py
[2021-02-25 17:23:11,223] {scheduler_job.py:639} INFO - DAG(s) dict_keys(['latest_only_with_trigger']) retrieved from /home/i-sip_iot/anaconda3/envs/sandbox/lib/python3.7/site-packages/airflow/example_dags/example_latest_only_with_trigger.py
[2021-02-25 17:23:11,224] {logging_mixin.py:103} INFO - [2021-02-25 17:23:11,224] {dag.py:1813} INFO - Sync 1 DAGs
[2021-02-25 17:23:11,237] {logging_mixin.py:103} INFO - [2021-02-25 17:23:11,237] {dag.py:2266} INFO - Setting next_dagrun for latest_only_with_trigger to 2021-02-23 00:00:00+00:00
[2021-02-25 17:23:11,248] {scheduler_job.py:189} INFO - Processing /home/i-sip_iot/anaconda3/envs/sandbox/lib/python3.7/site-packages/airflow/example_dags/example_latest_only_with_trigger.py took 0.049 seconds
[2021-02-25 17:23:37,589] {scheduler_job.py:181} INFO - Started process (PID=186936) to work on /home/i-sip_iot/anaconda3/envs/sandbox/lib/python3.7/site-packages/airflow/example_dags/example_latest_only_with_trigger.py
[2021-02-25 17:23:37,591] {scheduler_job.py:629} INFO - Processing file /home/i-sip_iot/anaconda3/envs/sandbox/lib/python3.7/site-packages/airflow/example_dags/example_latest_only_with_trigger.py for tasks to queue
[2021-02-25 17:23:37,591] {logging_mixin.py:103} INFO - [2021-02-25 17:23:37,591] {dagbag.py:440} INFO - Filling up the DagBag from /home/i-sip_iot/anaconda3/envs/sandbox/lib/python3.7/site-packages/airflow/example_dags/example_latest_only_with_trigger.py
[2021-02-25 17:23:37,602] {scheduler_job.py:639} INFO - DAG(s) dict_keys(['latest_only_with_trigger']) retrieved from /home/i-sip_iot/anaconda3/envs/sandbox/lib/python3.7/site-packages/airflow/example_dags/example_latest_only_with_trigger.py
[2021-02-25 17:23:37,603] {logging_mixin.py:103} INFO - [2021-02-25 17:23:37,603] {dag.py:1813} INFO - Sync 1 DAGs
[2021-02-25 17:23:37,621] {logging_mixin.py:103} INFO - [2021-02-25 17:23:37,621] {dag.py:2266} INFO - Setting next_dagrun for latest_only_with_trigger to 2021-02-23 00:00:00+00:00
[2021-02-25 17:23:37,631] {scheduler_job.py:189} INFO - Processing /home/i-sip_iot/anaconda3/envs/sandbox/lib/python3.7/site-packages/airflow/example_dags/example_latest_only_with_trigger.py took 0.045 seconds
[2021-02-25 17:24:05,674] {scheduler_job.py:181} INFO - Started process (PID=187192) to work on /home/i-sip_iot/anaconda3/envs/sandbox/lib/python3.7/site-packages/airflow/example_dags/example_latest_only_with_trigger.py
[2021-02-25 17:24:05,676] {scheduler_job.py:629} INFO - Processing file /home/i-sip_iot/anaconda3/envs/sandbox/lib/python3.7/site-packages/airflow/example_dags/example_latest_only_with_trigger.py for tasks to queue
[2021-02-25 17:24:05,677] {logging_mixin.py:103} INFO - [2021-02-25 17:24:05,677] {dagbag.py:440} INFO - Filling up the DagBag from /home/i-sip_iot/anaconda3/envs/sandbox/lib/python3.7/site-packages/airflow/example_dags/example_latest_only_with_trigger.py
[2021-02-25 17:24:05,699] {scheduler_job.py:639} INFO - DAG(s) dict_keys(['latest_only_with_trigger']) retrieved from /home/i-sip_iot/anaconda3/envs/sandbox/lib/python3.7/site-packages/airflow/example_dags/example_latest_only_with_trigger.py
[2021-02-25 17:24:05,700] {logging_mixin.py:103} INFO - [2021-02-25 17:24:05,699] {dag.py:1813} INFO - Sync 1 DAGs
[2021-02-25 17:24:05,714] {logging_mixin.py:103} INFO - [2021-02-25 17:24:05,714] {dag.py:2266} INFO - Setting next_dagrun for latest_only_with_trigger to 2021-02-23 00:00:00+00:00
[2021-02-25 17:24:05,722] {scheduler_job.py:189} INFO - Processing /home/i-sip_iot/anaconda3/envs/sandbox/lib/python3.7/site-packages/airflow/example_dags/example_latest_only_with_trigger.py took 0.054 seconds
[2021-02-25 17:24:32,564] {scheduler_job.py:181} INFO - Started process (PID=187256) to work on /home/i-sip_iot/anaconda3/envs/sandbox/lib/python3.7/site-packages/airflow/example_dags/example_latest_only_with_trigger.py
[2021-02-25 17:24:32,568] {scheduler_job.py:629} INFO - Processing file /home/i-sip_iot/anaconda3/envs/sandbox/lib/python3.7/site-packages/airflow/example_dags/example_latest_only_with_trigger.py for tasks to queue
[2021-02-25 17:24:32,569] {logging_mixin.py:103} INFO - [2021-02-25 17:24:32,569] {dagbag.py:440} INFO - Filling up the DagBag from /home/i-sip_iot/anaconda3/envs/sandbox/lib/python3.7/site-packages/airflow/example_dags/example_latest_only_with_trigger.py
[2021-02-25 17:24:32,586] {scheduler_job.py:639} INFO - DAG(s) dict_keys(['latest_only_with_trigger']) retrieved from /home/i-sip_iot/anaconda3/envs/sandbox/lib/python3.7/site-packages/airflow/example_dags/example_latest_only_with_trigger.py
[2021-02-25 17:24:32,587] {logging_mixin.py:103} INFO - [2021-02-25 17:24:32,587] {dag.py:1813} INFO - Sync 1 DAGs
[2021-02-25 17:24:32,603] {logging_mixin.py:103} INFO - [2021-02-25 17:24:32,603] {dag.py:2266} INFO - Setting next_dagrun for latest_only_with_trigger to 2021-02-23 00:00:00+00:00
[2021-02-25 17:24:32,615] {scheduler_job.py:189} INFO - Processing /home/i-sip_iot/anaconda3/envs/sandbox/lib/python3.7/site-packages/airflow/example_dags/example_latest_only_with_trigger.py took 0.057 seconds
[2021-02-25 17:24:59,921] {scheduler_job.py:181} INFO - Started process (PID=187499) to work on /home/i-sip_iot/anaconda3/envs/sandbox/lib/python3.7/site-packages/airflow/example_dags/example_latest_only_with_trigger.py
[2021-02-25 17:24:59,922] {scheduler_job.py:629} INFO - Processing file /home/i-sip_iot/anaconda3/envs/sandbox/lib/python3.7/site-packages/airflow/example_dags/example_latest_only_with_trigger.py for tasks to queue
[2021-02-25 17:24:59,923] {logging_mixin.py:103} INFO - [2021-02-25 17:24:59,923] {dagbag.py:440} INFO - Filling up the DagBag from /home/i-sip_iot/anaconda3/envs/sandbox/lib/python3.7/site-packages/airflow/example_dags/example_latest_only_with_trigger.py
[2021-02-25 17:24:59,937] {scheduler_job.py:639} INFO - DAG(s) dict_keys(['latest_only_with_trigger']) retrieved from /home/i-sip_iot/anaconda3/envs/sandbox/lib/python3.7/site-packages/airflow/example_dags/example_latest_only_with_trigger.py
[2021-02-25 17:24:59,939] {logging_mixin.py:103} INFO - [2021-02-25 17:24:59,938] {dag.py:1813} INFO - Sync 1 DAGs
[2021-02-25 17:24:59,954] {logging_mixin.py:103} INFO - [2021-02-25 17:24:59,954] {dag.py:2266} INFO - Setting next_dagrun for latest_only_with_trigger to 2021-02-23 00:00:00+00:00
[2021-02-25 17:24:59,964] {scheduler_job.py:189} INFO - Processing /home/i-sip_iot/anaconda3/envs/sandbox/lib/python3.7/site-packages/airflow/example_dags/example_latest_only_with_trigger.py took 0.047 seconds
[2021-02-25 17:25:26,959] {scheduler_job.py:181} INFO - Started process (PID=187577) to work on /home/i-sip_iot/anaconda3/envs/sandbox/lib/python3.7/site-packages/airflow/example_dags/example_latest_only_with_trigger.py
[2021-02-25 17:25:26,960] {scheduler_job.py:629} INFO - Processing file /home/i-sip_iot/anaconda3/envs/sandbox/lib/python3.7/site-packages/airflow/example_dags/example_latest_only_with_trigger.py for tasks to queue
[2021-02-25 17:25:26,960] {logging_mixin.py:103} INFO - [2021-02-25 17:25:26,960] {dagbag.py:440} INFO - Filling up the DagBag from /home/i-sip_iot/anaconda3/envs/sandbox/lib/python3.7/site-packages/airflow/example_dags/example_latest_only_with_trigger.py
[2021-02-25 17:25:26,965] {scheduler_job.py:639} INFO - DAG(s) dict_keys(['latest_only_with_trigger']) retrieved from /home/i-sip_iot/anaconda3/envs/sandbox/lib/python3.7/site-packages/airflow/example_dags/example_latest_only_with_trigger.py
[2021-02-25 17:25:26,965] {logging_mixin.py:103} INFO - [2021-02-25 17:25:26,965] {dag.py:1813} INFO - Sync 1 DAGs
[2021-02-25 17:25:26,973] {logging_mixin.py:103} INFO - [2021-02-25 17:25:26,973] {dag.py:2266} INFO - Setting next_dagrun for latest_only_with_trigger to 2021-02-23 00:00:00+00:00
[2021-02-25 17:25:26,982] {scheduler_job.py:189} INFO - Processing /home/i-sip_iot/anaconda3/envs/sandbox/lib/python3.7/site-packages/airflow/example_dags/example_latest_only_with_trigger.py took 0.024 seconds
[2021-02-25 17:25:54,903] {scheduler_job.py:181} INFO - Started process (PID=187832) to work on /home/i-sip_iot/anaconda3/envs/sandbox/lib/python3.7/site-packages/airflow/example_dags/example_latest_only_with_trigger.py
[2021-02-25 17:25:54,904] {scheduler_job.py:629} INFO - Processing file /home/i-sip_iot/anaconda3/envs/sandbox/lib/python3.7/site-packages/airflow/example_dags/example_latest_only_with_trigger.py for tasks to queue
[2021-02-25 17:25:54,904] {logging_mixin.py:103} INFO - [2021-02-25 17:25:54,904] {dagbag.py:440} INFO - Filling up the DagBag from /home/i-sip_iot/anaconda3/envs/sandbox/lib/python3.7/site-packages/airflow/example_dags/example_latest_only_with_trigger.py
[2021-02-25 17:25:54,912] {scheduler_job.py:639} INFO - DAG(s) dict_keys(['latest_only_with_trigger']) retrieved from /home/i-sip_iot/anaconda3/envs/sandbox/lib/python3.7/site-packages/airflow/example_dags/example_latest_only_with_trigger.py
[2021-02-25 17:25:54,913] {logging_mixin.py:103} INFO - [2021-02-25 17:25:54,913] {dag.py:1813} INFO - Sync 1 DAGs
[2021-02-25 17:25:54,923] {logging_mixin.py:103} INFO - [2021-02-25 17:25:54,923] {dag.py:2266} INFO - Setting next_dagrun for latest_only_with_trigger to 2021-02-23 00:00:00+00:00
[2021-02-25 17:25:54,933] {scheduler_job.py:189} INFO - Processing /home/i-sip_iot/anaconda3/envs/sandbox/lib/python3.7/site-packages/airflow/example_dags/example_latest_only_with_trigger.py took 0.032 seconds
[2021-02-25 17:26:21,803] {scheduler_job.py:181} INFO - Started process (PID=187921) to work on /home/i-sip_iot/anaconda3/envs/sandbox/lib/python3.7/site-packages/airflow/example_dags/example_latest_only_with_trigger.py
[2021-02-25 17:26:21,804] {scheduler_job.py:629} INFO - Processing file /home/i-sip_iot/anaconda3/envs/sandbox/lib/python3.7/site-packages/airflow/example_dags/example_latest_only_with_trigger.py for tasks to queue
[2021-02-25 17:26:21,804] {logging_mixin.py:103} INFO - [2021-02-25 17:26:21,804] {dagbag.py:440} INFO - Filling up the DagBag from /home/i-sip_iot/anaconda3/envs/sandbox/lib/python3.7/site-packages/airflow/example_dags/example_latest_only_with_trigger.py
[2021-02-25 17:26:21,810] {scheduler_job.py:639} INFO - DAG(s) dict_keys(['latest_only_with_trigger']) retrieved from /home/i-sip_iot/anaconda3/envs/sandbox/lib/python3.7/site-packages/airflow/example_dags/example_latest_only_with_trigger.py
[2021-02-25 17:26:21,811] {logging_mixin.py:103} INFO - [2021-02-25 17:26:21,811] {dag.py:1813} INFO - Sync 1 DAGs
[2021-02-25 17:26:21,821] {logging_mixin.py:103} INFO - [2021-02-25 17:26:21,821] {dag.py:2266} INFO - Setting next_dagrun for latest_only_with_trigger to 2021-02-23 00:00:00+00:00
[2021-02-25 17:26:21,831] {scheduler_job.py:189} INFO - Processing /home/i-sip_iot/anaconda3/envs/sandbox/lib/python3.7/site-packages/airflow/example_dags/example_latest_only_with_trigger.py took 0.029 seconds
[2021-02-25 17:26:48,134] {scheduler_job.py:181} INFO - Started process (PID=188174) to work on /home/i-sip_iot/anaconda3/envs/sandbox/lib/python3.7/site-packages/airflow/example_dags/example_latest_only_with_trigger.py
[2021-02-25 17:26:48,135] {scheduler_job.py:629} INFO - Processing file /home/i-sip_iot/anaconda3/envs/sandbox/lib/python3.7/site-packages/airflow/example_dags/example_latest_only_with_trigger.py for tasks to queue
[2021-02-25 17:26:48,135] {logging_mixin.py:103} INFO - [2021-02-25 17:26:48,135] {dagbag.py:440} INFO - Filling up the DagBag from /home/i-sip_iot/anaconda3/envs/sandbox/lib/python3.7/site-packages/airflow/example_dags/example_latest_only_with_trigger.py
[2021-02-25 17:26:48,144] {scheduler_job.py:639} INFO - DAG(s) dict_keys(['latest_only_with_trigger']) retrieved from /home/i-sip_iot/anaconda3/envs/sandbox/lib/python3.7/site-packages/airflow/example_dags/example_latest_only_with_trigger.py
[2021-02-25 17:26:48,145] {logging_mixin.py:103} INFO - [2021-02-25 17:26:48,145] {dag.py:1813} INFO - Sync 1 DAGs
[2021-02-25 17:26:48,159] {logging_mixin.py:103} INFO - [2021-02-25 17:26:48,159] {dag.py:2266} INFO - Setting next_dagrun for latest_only_with_trigger to 2021-02-23 00:00:00+00:00
[2021-02-25 17:26:48,168] {scheduler_job.py:189} INFO - Processing /home/i-sip_iot/anaconda3/envs/sandbox/lib/python3.7/site-packages/airflow/example_dags/example_latest_only_with_trigger.py took 0.036 seconds
[2021-02-25 17:27:13,901] {scheduler_job.py:181} INFO - Started process (PID=188271) to work on /home/i-sip_iot/anaconda3/envs/sandbox/lib/python3.7/site-packages/airflow/example_dags/example_latest_only_with_trigger.py
[2021-02-25 17:27:13,901] {scheduler_job.py:629} INFO - Processing file /home/i-sip_iot/anaconda3/envs/sandbox/lib/python3.7/site-packages/airflow/example_dags/example_latest_only_with_trigger.py for tasks to queue
[2021-02-25 17:27:13,902] {logging_mixin.py:103} INFO - [2021-02-25 17:27:13,902] {dagbag.py:440} INFO - Filling up the DagBag from /home/i-sip_iot/anaconda3/envs/sandbox/lib/python3.7/site-packages/airflow/example_dags/example_latest_only_with_trigger.py
[2021-02-25 17:27:13,908] {scheduler_job.py:639} INFO - DAG(s) dict_keys(['latest_only_with_trigger']) retrieved from /home/i-sip_iot/anaconda3/envs/sandbox/lib/python3.7/site-packages/airflow/example_dags/example_latest_only_with_trigger.py
[2021-02-25 17:27:13,909] {logging_mixin.py:103} INFO - [2021-02-25 17:27:13,909] {dag.py:1813} INFO - Sync 1 DAGs
[2021-02-25 17:27:13,920] {logging_mixin.py:103} INFO - [2021-02-25 17:27:13,920] {dag.py:2266} INFO - Setting next_dagrun for latest_only_with_trigger to 2021-02-23 00:00:00+00:00
[2021-02-25 17:27:13,928] {scheduler_job.py:189} INFO - Processing /home/i-sip_iot/anaconda3/envs/sandbox/lib/python3.7/site-packages/airflow/example_dags/example_latest_only_with_trigger.py took 0.029 seconds
[2021-02-25 17:27:42,112] {scheduler_job.py:181} INFO - Started process (PID=188532) to work on /home/i-sip_iot/anaconda3/envs/sandbox/lib/python3.7/site-packages/airflow/example_dags/example_latest_only_with_trigger.py
[2021-02-25 17:27:42,113] {scheduler_job.py:629} INFO - Processing file /home/i-sip_iot/anaconda3/envs/sandbox/lib/python3.7/site-packages/airflow/example_dags/example_latest_only_with_trigger.py for tasks to queue
[2021-02-25 17:27:42,113] {logging_mixin.py:103} INFO - [2021-02-25 17:27:42,113] {dagbag.py:440} INFO - Filling up the DagBag from /home/i-sip_iot/anaconda3/envs/sandbox/lib/python3.7/site-packages/airflow/example_dags/example_latest_only_with_trigger.py
[2021-02-25 17:27:42,121] {scheduler_job.py:639} INFO - DAG(s) dict_keys(['latest_only_with_trigger']) retrieved from /home/i-sip_iot/anaconda3/envs/sandbox/lib/python3.7/site-packages/airflow/example_dags/example_latest_only_with_trigger.py
[2021-02-25 17:27:42,122] {logging_mixin.py:103} INFO - [2021-02-25 17:27:42,122] {dag.py:1813} INFO - Sync 1 DAGs
[2021-02-25 17:27:42,132] {logging_mixin.py:103} INFO - [2021-02-25 17:27:42,132] {dag.py:2266} INFO - Setting next_dagrun for latest_only_with_trigger to 2021-02-23 00:00:00+00:00
[2021-02-25 17:27:42,141] {scheduler_job.py:189} INFO - Processing /home/i-sip_iot/anaconda3/envs/sandbox/lib/python3.7/site-packages/airflow/example_dags/example_latest_only_with_trigger.py took 0.032 seconds
[2021-02-25 17:28:10,122] {scheduler_job.py:181} INFO - Started process (PID=188635) to work on /home/i-sip_iot/anaconda3/envs/sandbox/lib/python3.7/site-packages/airflow/example_dags/example_latest_only_with_trigger.py
[2021-02-25 17:28:10,123] {scheduler_job.py:629} INFO - Processing file /home/i-sip_iot/anaconda3/envs/sandbox/lib/python3.7/site-packages/airflow/example_dags/example_latest_only_with_trigger.py for tasks to queue
[2021-02-25 17:28:10,123] {logging_mixin.py:103} INFO - [2021-02-25 17:28:10,123] {dagbag.py:440} INFO - Filling up the DagBag from /home/i-sip_iot/anaconda3/envs/sandbox/lib/python3.7/site-packages/airflow/example_dags/example_latest_only_with_trigger.py
[2021-02-25 17:28:10,128] {scheduler_job.py:639} INFO - DAG(s) dict_keys(['latest_only_with_trigger']) retrieved from /home/i-sip_iot/anaconda3/envs/sandbox/lib/python3.7/site-packages/airflow/example_dags/example_latest_only_with_trigger.py
[2021-02-25 17:28:10,128] {logging_mixin.py:103} INFO - [2021-02-25 17:28:10,128] {dag.py:1813} INFO - Sync 1 DAGs
[2021-02-25 17:28:10,137] {logging_mixin.py:103} INFO - [2021-02-25 17:28:10,137] {dag.py:2266} INFO - Setting next_dagrun for latest_only_with_trigger to 2021-02-23 00:00:00+00:00
[2021-02-25 17:28:10,144] {scheduler_job.py:189} INFO - Processing /home/i-sip_iot/anaconda3/envs/sandbox/lib/python3.7/site-packages/airflow/example_dags/example_latest_only_with_trigger.py took 0.023 seconds
[2021-02-25 17:28:37,632] {scheduler_job.py:181} INFO - Started process (PID=188724) to work on /home/i-sip_iot/anaconda3/envs/sandbox/lib/python3.7/site-packages/airflow/example_dags/example_latest_only_with_trigger.py
[2021-02-25 17:28:37,633] {scheduler_job.py:629} INFO - Processing file /home/i-sip_iot/anaconda3/envs/sandbox/lib/python3.7/site-packages/airflow/example_dags/example_latest_only_with_trigger.py for tasks to queue
[2021-02-25 17:28:37,634] {logging_mixin.py:103} INFO - [2021-02-25 17:28:37,633] {dagbag.py:440} INFO - Filling up the DagBag from /home/i-sip_iot/anaconda3/envs/sandbox/lib/python3.7/site-packages/airflow/example_dags/example_latest_only_with_trigger.py
[2021-02-25 17:28:37,645] {scheduler_job.py:639} INFO - DAG(s) dict_keys(['latest_only_with_trigger']) retrieved from /home/i-sip_iot/anaconda3/envs/sandbox/lib/python3.7/site-packages/airflow/example_dags/example_latest_only_with_trigger.py
[2021-02-25 17:28:37,646] {logging_mixin.py:103} INFO - [2021-02-25 17:28:37,646] {dag.py:1813} INFO - Sync 1 DAGs
[2021-02-25 17:28:37,663] {logging_mixin.py:103} INFO - [2021-02-25 17:28:37,663] {dag.py:2266} INFO - Setting next_dagrun for latest_only_with_trigger to 2021-02-23 00:00:00+00:00
[2021-02-25 17:28:37,679] {scheduler_job.py:189} INFO - Processing /home/i-sip_iot/anaconda3/envs/sandbox/lib/python3.7/site-packages/airflow/example_dags/example_latest_only_with_trigger.py took 0.050 seconds
[2021-02-25 17:29:04,812] {scheduler_job.py:181} INFO - Started process (PID=188978) to work on /home/i-sip_iot/anaconda3/envs/sandbox/lib/python3.7/site-packages/airflow/example_dags/example_latest_only_with_trigger.py
[2021-02-25 17:29:04,813] {scheduler_job.py:629} INFO - Processing file /home/i-sip_iot/anaconda3/envs/sandbox/lib/python3.7/site-packages/airflow/example_dags/example_latest_only_with_trigger.py for tasks to queue
[2021-02-25 17:29:04,814] {logging_mixin.py:103} INFO - [2021-02-25 17:29:04,813] {dagbag.py:440} INFO - Filling up the DagBag from /home/i-sip_iot/anaconda3/envs/sandbox/lib/python3.7/site-packages/airflow/example_dags/example_latest_only_with_trigger.py
[2021-02-25 17:29:04,823] {scheduler_job.py:639} INFO - DAG(s) dict_keys(['latest_only_with_trigger']) retrieved from /home/i-sip_iot/anaconda3/envs/sandbox/lib/python3.7/site-packages/airflow/example_dags/example_latest_only_with_trigger.py
[2021-02-25 17:29:04,824] {logging_mixin.py:103} INFO - [2021-02-25 17:29:04,824] {dag.py:1813} INFO - Sync 1 DAGs
[2021-02-25 17:29:04,837] {logging_mixin.py:103} INFO - [2021-02-25 17:29:04,837] {dag.py:2266} INFO - Setting next_dagrun for latest_only_with_trigger to 2021-02-23 00:00:00+00:00
[2021-02-25 17:29:04,845] {scheduler_job.py:189} INFO - Processing /home/i-sip_iot/anaconda3/envs/sandbox/lib/python3.7/site-packages/airflow/example_dags/example_latest_only_with_trigger.py took 0.037 seconds
[2021-02-25 17:29:32,027] {scheduler_job.py:181} INFO - Started process (PID=189061) to work on /home/i-sip_iot/anaconda3/envs/sandbox/lib/python3.7/site-packages/airflow/example_dags/example_latest_only_with_trigger.py
[2021-02-25 17:29:32,030] {scheduler_job.py:629} INFO - Processing file /home/i-sip_iot/anaconda3/envs/sandbox/lib/python3.7/site-packages/airflow/example_dags/example_latest_only_with_trigger.py for tasks to queue
[2021-02-25 17:29:32,033] {logging_mixin.py:103} INFO - [2021-02-25 17:29:32,032] {dagbag.py:440} INFO - Filling up the DagBag from /home/i-sip_iot/anaconda3/envs/sandbox/lib/python3.7/site-packages/airflow/example_dags/example_latest_only_with_trigger.py
[2021-02-25 17:29:32,047] {scheduler_job.py:639} INFO - DAG(s) dict_keys(['latest_only_with_trigger']) retrieved from /home/i-sip_iot/anaconda3/envs/sandbox/lib/python3.7/site-packages/airflow/example_dags/example_latest_only_with_trigger.py
[2021-02-25 17:29:32,048] {logging_mixin.py:103} INFO - [2021-02-25 17:29:32,048] {dag.py:1813} INFO - Sync 1 DAGs
[2021-02-25 17:29:32,063] {logging_mixin.py:103} INFO - [2021-02-25 17:29:32,063] {dag.py:2266} INFO - Setting next_dagrun for latest_only_with_trigger to 2021-02-23 00:00:00+00:00
[2021-02-25 17:29:32,073] {scheduler_job.py:189} INFO - Processing /home/i-sip_iot/anaconda3/envs/sandbox/lib/python3.7/site-packages/airflow/example_dags/example_latest_only_with_trigger.py took 0.051 seconds
[2021-02-25 17:29:59,222] {scheduler_job.py:181} INFO - Started process (PID=189328) to work on /home/i-sip_iot/anaconda3/envs/sandbox/lib/python3.7/site-packages/airflow/example_dags/example_latest_only_with_trigger.py
[2021-02-25 17:29:59,225] {scheduler_job.py:629} INFO - Processing file /home/i-sip_iot/anaconda3/envs/sandbox/lib/python3.7/site-packages/airflow/example_dags/example_latest_only_with_trigger.py for tasks to queue
[2021-02-25 17:29:59,226] {logging_mixin.py:103} INFO - [2021-02-25 17:29:59,226] {dagbag.py:440} INFO - Filling up the DagBag from /home/i-sip_iot/anaconda3/envs/sandbox/lib/python3.7/site-packages/airflow/example_dags/example_latest_only_with_trigger.py
[2021-02-25 17:29:59,239] {scheduler_job.py:639} INFO - DAG(s) dict_keys(['latest_only_with_trigger']) retrieved from /home/i-sip_iot/anaconda3/envs/sandbox/lib/python3.7/site-packages/airflow/example_dags/example_latest_only_with_trigger.py
[2021-02-25 17:29:59,240] {logging_mixin.py:103} INFO - [2021-02-25 17:29:59,240] {dag.py:1813} INFO - Sync 1 DAGs
[2021-02-25 17:29:59,257] {logging_mixin.py:103} INFO - [2021-02-25 17:29:59,257] {dag.py:2266} INFO - Setting next_dagrun for latest_only_with_trigger to 2021-02-23 00:00:00+00:00
[2021-02-25 17:29:59,266] {scheduler_job.py:189} INFO - Processing /home/i-sip_iot/anaconda3/envs/sandbox/lib/python3.7/site-packages/airflow/example_dags/example_latest_only_with_trigger.py took 0.051 seconds
[2021-02-25 17:30:26,377] {scheduler_job.py:181} INFO - Started process (PID=189412) to work on /home/i-sip_iot/anaconda3/envs/sandbox/lib/python3.7/site-packages/airflow/example_dags/example_latest_only_with_trigger.py
[2021-02-25 17:30:26,378] {scheduler_job.py:629} INFO - Processing file /home/i-sip_iot/anaconda3/envs/sandbox/lib/python3.7/site-packages/airflow/example_dags/example_latest_only_with_trigger.py for tasks to queue
[2021-02-25 17:30:26,378] {logging_mixin.py:103} INFO - [2021-02-25 17:30:26,378] {dagbag.py:440} INFO - Filling up the DagBag from /home/i-sip_iot/anaconda3/envs/sandbox/lib/python3.7/site-packages/airflow/example_dags/example_latest_only_with_trigger.py
[2021-02-25 17:30:26,383] {scheduler_job.py:639} INFO - DAG(s) dict_keys(['latest_only_with_trigger']) retrieved from /home/i-sip_iot/anaconda3/envs/sandbox/lib/python3.7/site-packages/airflow/example_dags/example_latest_only_with_trigger.py
[2021-02-25 17:30:26,384] {logging_mixin.py:103} INFO - [2021-02-25 17:30:26,384] {dag.py:1813} INFO - Sync 1 DAGs
[2021-02-25 17:30:26,393] {logging_mixin.py:103} INFO - [2021-02-25 17:30:26,393] {dag.py:2266} INFO - Setting next_dagrun for latest_only_with_trigger to 2021-02-23 00:00:00+00:00
[2021-02-25 17:30:26,402] {scheduler_job.py:189} INFO - Processing /home/i-sip_iot/anaconda3/envs/sandbox/lib/python3.7/site-packages/airflow/example_dags/example_latest_only_with_trigger.py took 0.026 seconds
[2021-02-25 17:30:54,295] {scheduler_job.py:181} INFO - Started process (PID=189656) to work on /home/i-sip_iot/anaconda3/envs/sandbox/lib/python3.7/site-packages/airflow/example_dags/example_latest_only_with_trigger.py
[2021-02-25 17:30:54,297] {scheduler_job.py:629} INFO - Processing file /home/i-sip_iot/anaconda3/envs/sandbox/lib/python3.7/site-packages/airflow/example_dags/example_latest_only_with_trigger.py for tasks to queue
[2021-02-25 17:30:54,299] {logging_mixin.py:103} INFO - [2021-02-25 17:30:54,299] {dagbag.py:440} INFO - Filling up the DagBag from /home/i-sip_iot/anaconda3/envs/sandbox/lib/python3.7/site-packages/airflow/example_dags/example_latest_only_with_trigger.py
[2021-02-25 17:30:54,316] {scheduler_job.py:639} INFO - DAG(s) dict_keys(['latest_only_with_trigger']) retrieved from /home/i-sip_iot/anaconda3/envs/sandbox/lib/python3.7/site-packages/airflow/example_dags/example_latest_only_with_trigger.py
[2021-02-25 17:30:54,317] {logging_mixin.py:103} INFO - [2021-02-25 17:30:54,317] {dag.py:1813} INFO - Sync 1 DAGs
[2021-02-25 17:30:54,331] {logging_mixin.py:103} INFO - [2021-02-25 17:30:54,331] {dag.py:2266} INFO - Setting next_dagrun for latest_only_with_trigger to 2021-02-23 00:00:00+00:00
[2021-02-25 17:30:54,340] {scheduler_job.py:189} INFO - Processing /home/i-sip_iot/anaconda3/envs/sandbox/lib/python3.7/site-packages/airflow/example_dags/example_latest_only_with_trigger.py took 0.052 seconds
[2021-02-25 17:31:21,801] {scheduler_job.py:181} INFO - Started process (PID=189768) to work on /home/i-sip_iot/anaconda3/envs/sandbox/lib/python3.7/site-packages/airflow/example_dags/example_latest_only_with_trigger.py
[2021-02-25 17:31:21,802] {scheduler_job.py:629} INFO - Processing file /home/i-sip_iot/anaconda3/envs/sandbox/lib/python3.7/site-packages/airflow/example_dags/example_latest_only_with_trigger.py for tasks to queue
[2021-02-25 17:31:21,802] {logging_mixin.py:103} INFO - [2021-02-25 17:31:21,802] {dagbag.py:440} INFO - Filling up the DagBag from /home/i-sip_iot/anaconda3/envs/sandbox/lib/python3.7/site-packages/airflow/example_dags/example_latest_only_with_trigger.py
[2021-02-25 17:31:21,807] {scheduler_job.py:639} INFO - DAG(s) dict_keys(['latest_only_with_trigger']) retrieved from /home/i-sip_iot/anaconda3/envs/sandbox/lib/python3.7/site-packages/airflow/example_dags/example_latest_only_with_trigger.py
[2021-02-25 17:31:21,807] {logging_mixin.py:103} INFO - [2021-02-25 17:31:21,807] {dag.py:1813} INFO - Sync 1 DAGs
[2021-02-25 17:31:21,818] {logging_mixin.py:103} INFO - [2021-02-25 17:31:21,818] {dag.py:2266} INFO - Setting next_dagrun for latest_only_with_trigger to 2021-02-23 00:00:00+00:00
[2021-02-25 17:31:21,826] {scheduler_job.py:189} INFO - Processing /home/i-sip_iot/anaconda3/envs/sandbox/lib/python3.7/site-packages/airflow/example_dags/example_latest_only_with_trigger.py took 0.026 seconds
[2021-02-25 17:31:47,544] {scheduler_job.py:181} INFO - Started process (PID=190001) to work on /home/i-sip_iot/anaconda3/envs/sandbox/lib/python3.7/site-packages/airflow/example_dags/example_latest_only_with_trigger.py
[2021-02-25 17:31:47,545] {scheduler_job.py:629} INFO - Processing file /home/i-sip_iot/anaconda3/envs/sandbox/lib/python3.7/site-packages/airflow/example_dags/example_latest_only_with_trigger.py for tasks to queue
[2021-02-25 17:31:47,545] {logging_mixin.py:103} INFO - [2021-02-25 17:31:47,545] {dagbag.py:440} INFO - Filling up the DagBag from /home/i-sip_iot/anaconda3/envs/sandbox/lib/python3.7/site-packages/airflow/example_dags/example_latest_only_with_trigger.py
[2021-02-25 17:31:47,552] {scheduler_job.py:639} INFO - DAG(s) dict_keys(['latest_only_with_trigger']) retrieved from /home/i-sip_iot/anaconda3/envs/sandbox/lib/python3.7/site-packages/airflow/example_dags/example_latest_only_with_trigger.py
[2021-02-25 17:31:47,552] {logging_mixin.py:103} INFO - [2021-02-25 17:31:47,552] {dag.py:1813} INFO - Sync 1 DAGs
[2021-02-25 17:31:47,564] {logging_mixin.py:103} INFO - [2021-02-25 17:31:47,564] {dag.py:2266} INFO - Setting next_dagrun for latest_only_with_trigger to 2021-02-23 00:00:00+00:00
[2021-02-25 17:31:47,572] {scheduler_job.py:189} INFO - Processing /home/i-sip_iot/anaconda3/envs/sandbox/lib/python3.7/site-packages/airflow/example_dags/example_latest_only_with_trigger.py took 0.030 seconds
[2021-02-25 17:32:15,799] {scheduler_job.py:181} INFO - Started process (PID=190104) to work on /home/i-sip_iot/anaconda3/envs/sandbox/lib/python3.7/site-packages/airflow/example_dags/example_latest_only_with_trigger.py
[2021-02-25 17:32:15,799] {scheduler_job.py:629} INFO - Processing file /home/i-sip_iot/anaconda3/envs/sandbox/lib/python3.7/site-packages/airflow/example_dags/example_latest_only_with_trigger.py for tasks to queue
[2021-02-25 17:32:15,800] {logging_mixin.py:103} INFO - [2021-02-25 17:32:15,800] {dagbag.py:440} INFO - Filling up the DagBag from /home/i-sip_iot/anaconda3/envs/sandbox/lib/python3.7/site-packages/airflow/example_dags/example_latest_only_with_trigger.py
[2021-02-25 17:32:15,804] {scheduler_job.py:639} INFO - DAG(s) dict_keys(['latest_only_with_trigger']) retrieved from /home/i-sip_iot/anaconda3/envs/sandbox/lib/python3.7/site-packages/airflow/example_dags/example_latest_only_with_trigger.py
[2021-02-25 17:32:15,805] {logging_mixin.py:103} INFO - [2021-02-25 17:32:15,805] {dag.py:1813} INFO - Sync 1 DAGs
[2021-02-25 17:32:15,814] {logging_mixin.py:103} INFO - [2021-02-25 17:32:15,814] {dag.py:2266} INFO - Setting next_dagrun for latest_only_with_trigger to 2021-02-23 00:00:00+00:00
[2021-02-25 17:32:15,821] {scheduler_job.py:189} INFO - Processing /home/i-sip_iot/anaconda3/envs/sandbox/lib/python3.7/site-packages/airflow/example_dags/example_latest_only_with_trigger.py took 0.024 seconds
[2021-02-25 17:32:42,697] {scheduler_job.py:181} INFO - Started process (PID=190355) to work on /home/i-sip_iot/anaconda3/envs/sandbox/lib/python3.7/site-packages/airflow/example_dags/example_latest_only_with_trigger.py
[2021-02-25 17:32:42,697] {scheduler_job.py:629} INFO - Processing file /home/i-sip_iot/anaconda3/envs/sandbox/lib/python3.7/site-packages/airflow/example_dags/example_latest_only_with_trigger.py for tasks to queue
[2021-02-25 17:32:42,698] {logging_mixin.py:103} INFO - [2021-02-25 17:32:42,698] {dagbag.py:440} INFO - Filling up the DagBag from /home/i-sip_iot/anaconda3/envs/sandbox/lib/python3.7/site-packages/airflow/example_dags/example_latest_only_with_trigger.py
[2021-02-25 17:32:42,702] {scheduler_job.py:639} INFO - DAG(s) dict_keys(['latest_only_with_trigger']) retrieved from /home/i-sip_iot/anaconda3/envs/sandbox/lib/python3.7/site-packages/airflow/example_dags/example_latest_only_with_trigger.py
[2021-02-25 17:32:42,703] {logging_mixin.py:103} INFO - [2021-02-25 17:32:42,703] {dag.py:1813} INFO - Sync 1 DAGs
[2021-02-25 17:32:42,711] {logging_mixin.py:103} INFO - [2021-02-25 17:32:42,711] {dag.py:2266} INFO - Setting next_dagrun for latest_only_with_trigger to 2021-02-23 00:00:00+00:00
[2021-02-25 17:32:42,719] {scheduler_job.py:189} INFO - Processing /home/i-sip_iot/anaconda3/envs/sandbox/lib/python3.7/site-packages/airflow/example_dags/example_latest_only_with_trigger.py took 0.024 seconds
[2021-02-25 17:33:10,178] {scheduler_job.py:181} INFO - Started process (PID=190463) to work on /home/i-sip_iot/anaconda3/envs/sandbox/lib/python3.7/site-packages/airflow/example_dags/example_latest_only_with_trigger.py
[2021-02-25 17:33:10,178] {scheduler_job.py:629} INFO - Processing file /home/i-sip_iot/anaconda3/envs/sandbox/lib/python3.7/site-packages/airflow/example_dags/example_latest_only_with_trigger.py for tasks to queue
[2021-02-25 17:33:10,179] {logging_mixin.py:103} INFO - [2021-02-25 17:33:10,179] {dagbag.py:440} INFO - Filling up the DagBag from /home/i-sip_iot/anaconda3/envs/sandbox/lib/python3.7/site-packages/airflow/example_dags/example_latest_only_with_trigger.py
[2021-02-25 17:33:10,183] {scheduler_job.py:639} INFO - DAG(s) dict_keys(['latest_only_with_trigger']) retrieved from /home/i-sip_iot/anaconda3/envs/sandbox/lib/python3.7/site-packages/airflow/example_dags/example_latest_only_with_trigger.py
[2021-02-25 17:33:10,184] {logging_mixin.py:103} INFO - [2021-02-25 17:33:10,184] {dag.py:1813} INFO - Sync 1 DAGs
[2021-02-25 17:33:10,194] {logging_mixin.py:103} INFO - [2021-02-25 17:33:10,194] {dag.py:2266} INFO - Setting next_dagrun for latest_only_with_trigger to 2021-02-23 00:00:00+00:00
[2021-02-25 17:33:10,202] {scheduler_job.py:189} INFO - Processing /home/i-sip_iot/anaconda3/envs/sandbox/lib/python3.7/site-packages/airflow/example_dags/example_latest_only_with_trigger.py took 0.027 seconds
[2021-02-25 17:33:37,079] {scheduler_job.py:181} INFO - Started process (PID=190564) to work on /home/i-sip_iot/anaconda3/envs/sandbox/lib/python3.7/site-packages/airflow/example_dags/example_latest_only_with_trigger.py
[2021-02-25 17:33:37,081] {scheduler_job.py:629} INFO - Processing file /home/i-sip_iot/anaconda3/envs/sandbox/lib/python3.7/site-packages/airflow/example_dags/example_latest_only_with_trigger.py for tasks to queue
[2021-02-25 17:33:37,083] {logging_mixin.py:103} INFO - [2021-02-25 17:33:37,082] {dagbag.py:440} INFO - Filling up the DagBag from /home/i-sip_iot/anaconda3/envs/sandbox/lib/python3.7/site-packages/airflow/example_dags/example_latest_only_with_trigger.py
[2021-02-25 17:33:37,100] {scheduler_job.py:639} INFO - DAG(s) dict_keys(['latest_only_with_trigger']) retrieved from /home/i-sip_iot/anaconda3/envs/sandbox/lib/python3.7/site-packages/airflow/example_dags/example_latest_only_with_trigger.py
[2021-02-25 17:33:37,101] {logging_mixin.py:103} INFO - [2021-02-25 17:33:37,101] {dag.py:1813} INFO - Sync 1 DAGs
[2021-02-25 17:33:37,115] {logging_mixin.py:103} INFO - [2021-02-25 17:33:37,115] {dag.py:2266} INFO - Setting next_dagrun for latest_only_with_trigger to 2021-02-23 00:00:00+00:00
[2021-02-25 17:33:37,125] {scheduler_job.py:189} INFO - Processing /home/i-sip_iot/anaconda3/envs/sandbox/lib/python3.7/site-packages/airflow/example_dags/example_latest_only_with_trigger.py took 0.053 seconds
[2021-02-25 17:34:04,465] {scheduler_job.py:181} INFO - Started process (PID=190876) to work on /home/i-sip_iot/anaconda3/envs/sandbox/lib/python3.7/site-packages/airflow/example_dags/example_latest_only_with_trigger.py
[2021-02-25 17:34:04,466] {scheduler_job.py:629} INFO - Processing file /home/i-sip_iot/anaconda3/envs/sandbox/lib/python3.7/site-packages/airflow/example_dags/example_latest_only_with_trigger.py for tasks to queue
[2021-02-25 17:34:04,466] {logging_mixin.py:103} INFO - [2021-02-25 17:34:04,466] {dagbag.py:440} INFO - Filling up the DagBag from /home/i-sip_iot/anaconda3/envs/sandbox/lib/python3.7/site-packages/airflow/example_dags/example_latest_only_with_trigger.py
[2021-02-25 17:34:04,471] {scheduler_job.py:639} INFO - DAG(s) dict_keys(['latest_only_with_trigger']) retrieved from /home/i-sip_iot/anaconda3/envs/sandbox/lib/python3.7/site-packages/airflow/example_dags/example_latest_only_with_trigger.py
[2021-02-25 17:34:04,472] {logging_mixin.py:103} INFO - [2021-02-25 17:34:04,472] {dag.py:1813} INFO - Sync 1 DAGs
[2021-02-25 17:34:04,481] {logging_mixin.py:103} INFO - [2021-02-25 17:34:04,481] {dag.py:2266} INFO - Setting next_dagrun for latest_only_with_trigger to 2021-02-23 00:00:00+00:00
[2021-02-25 17:34:04,491] {scheduler_job.py:189} INFO - Processing /home/i-sip_iot/anaconda3/envs/sandbox/lib/python3.7/site-packages/airflow/example_dags/example_latest_only_with_trigger.py took 0.027 seconds
[2021-02-25 17:34:32,481] {scheduler_job.py:181} INFO - Started process (PID=190939) to work on /home/i-sip_iot/anaconda3/envs/sandbox/lib/python3.7/site-packages/airflow/example_dags/example_latest_only_with_trigger.py
[2021-02-25 17:34:32,481] {scheduler_job.py:629} INFO - Processing file /home/i-sip_iot/anaconda3/envs/sandbox/lib/python3.7/site-packages/airflow/example_dags/example_latest_only_with_trigger.py for tasks to queue
[2021-02-25 17:34:32,482] {logging_mixin.py:103} INFO - [2021-02-25 17:34:32,482] {dagbag.py:440} INFO - Filling up the DagBag from /home/i-sip_iot/anaconda3/envs/sandbox/lib/python3.7/site-packages/airflow/example_dags/example_latest_only_with_trigger.py
[2021-02-25 17:34:32,487] {scheduler_job.py:639} INFO - DAG(s) dict_keys(['latest_only_with_trigger']) retrieved from /home/i-sip_iot/anaconda3/envs/sandbox/lib/python3.7/site-packages/airflow/example_dags/example_latest_only_with_trigger.py
[2021-02-25 17:34:32,487] {logging_mixin.py:103} INFO - [2021-02-25 17:34:32,487] {dag.py:1813} INFO - Sync 1 DAGs
[2021-02-25 17:34:32,497] {logging_mixin.py:103} INFO - [2021-02-25 17:34:32,497] {dag.py:2266} INFO - Setting next_dagrun for latest_only_with_trigger to 2021-02-23 00:00:00+00:00
[2021-02-25 17:34:32,506] {scheduler_job.py:189} INFO - Processing /home/i-sip_iot/anaconda3/envs/sandbox/lib/python3.7/site-packages/airflow/example_dags/example_latest_only_with_trigger.py took 0.027 seconds
[2021-02-25 17:35:00,488] {scheduler_job.py:181} INFO - Started process (PID=191219) to work on /home/i-sip_iot/anaconda3/envs/sandbox/lib/python3.7/site-packages/airflow/example_dags/example_latest_only_with_trigger.py
[2021-02-25 17:35:00,489] {scheduler_job.py:629} INFO - Processing file /home/i-sip_iot/anaconda3/envs/sandbox/lib/python3.7/site-packages/airflow/example_dags/example_latest_only_with_trigger.py for tasks to queue
[2021-02-25 17:35:00,489] {logging_mixin.py:103} INFO - [2021-02-25 17:35:00,489] {dagbag.py:440} INFO - Filling up the DagBag from /home/i-sip_iot/anaconda3/envs/sandbox/lib/python3.7/site-packages/airflow/example_dags/example_latest_only_with_trigger.py
[2021-02-25 17:35:00,495] {scheduler_job.py:639} INFO - DAG(s) dict_keys(['latest_only_with_trigger']) retrieved from /home/i-sip_iot/anaconda3/envs/sandbox/lib/python3.7/site-packages/airflow/example_dags/example_latest_only_with_trigger.py
[2021-02-25 17:35:00,496] {logging_mixin.py:103} INFO - [2021-02-25 17:35:00,496] {dag.py:1813} INFO - Sync 1 DAGs
[2021-02-25 17:35:00,505] {logging_mixin.py:103} INFO - [2021-02-25 17:35:00,505] {dag.py:2266} INFO - Setting next_dagrun for latest_only_with_trigger to 2021-02-23 00:00:00+00:00
[2021-02-25 17:35:00,513] {scheduler_job.py:189} INFO - Processing /home/i-sip_iot/anaconda3/envs/sandbox/lib/python3.7/site-packages/airflow/example_dags/example_latest_only_with_trigger.py took 0.027 seconds
[2021-02-25 17:35:27,376] {scheduler_job.py:181} INFO - Started process (PID=191297) to work on /home/i-sip_iot/anaconda3/envs/sandbox/lib/python3.7/site-packages/airflow/example_dags/example_latest_only_with_trigger.py
[2021-02-25 17:35:27,377] {scheduler_job.py:629} INFO - Processing file /home/i-sip_iot/anaconda3/envs/sandbox/lib/python3.7/site-packages/airflow/example_dags/example_latest_only_with_trigger.py for tasks to queue
[2021-02-25 17:35:27,378] {logging_mixin.py:103} INFO - [2021-02-25 17:35:27,378] {dagbag.py:440} INFO - Filling up the DagBag from /home/i-sip_iot/anaconda3/envs/sandbox/lib/python3.7/site-packages/airflow/example_dags/example_latest_only_with_trigger.py
[2021-02-25 17:35:27,387] {scheduler_job.py:639} INFO - DAG(s) dict_keys(['latest_only_with_trigger']) retrieved from /home/i-sip_iot/anaconda3/envs/sandbox/lib/python3.7/site-packages/airflow/example_dags/example_latest_only_with_trigger.py
[2021-02-25 17:35:27,388] {logging_mixin.py:103} INFO - [2021-02-25 17:35:27,388] {dag.py:1813} INFO - Sync 1 DAGs
[2021-02-25 17:35:27,402] {logging_mixin.py:103} INFO - [2021-02-25 17:35:27,402] {dag.py:2266} INFO - Setting next_dagrun for latest_only_with_trigger to 2021-02-23 00:00:00+00:00
[2021-02-25 17:35:27,412] {scheduler_job.py:189} INFO - Processing /home/i-sip_iot/anaconda3/envs/sandbox/lib/python3.7/site-packages/airflow/example_dags/example_latest_only_with_trigger.py took 0.038 seconds
[2021-02-25 17:35:54,750] {scheduler_job.py:181} INFO - Started process (PID=191539) to work on /home/i-sip_iot/anaconda3/envs/sandbox/lib/python3.7/site-packages/airflow/example_dags/example_latest_only_with_trigger.py
[2021-02-25 17:35:54,751] {scheduler_job.py:629} INFO - Processing file /home/i-sip_iot/anaconda3/envs/sandbox/lib/python3.7/site-packages/airflow/example_dags/example_latest_only_with_trigger.py for tasks to queue
[2021-02-25 17:35:54,751] {logging_mixin.py:103} INFO - [2021-02-25 17:35:54,751] {dagbag.py:440} INFO - Filling up the DagBag from /home/i-sip_iot/anaconda3/envs/sandbox/lib/python3.7/site-packages/airflow/example_dags/example_latest_only_with_trigger.py
[2021-02-25 17:35:54,757] {scheduler_job.py:639} INFO - DAG(s) dict_keys(['latest_only_with_trigger']) retrieved from /home/i-sip_iot/anaconda3/envs/sandbox/lib/python3.7/site-packages/airflow/example_dags/example_latest_only_with_trigger.py
[2021-02-25 17:35:54,758] {logging_mixin.py:103} INFO - [2021-02-25 17:35:54,758] {dag.py:1813} INFO - Sync 1 DAGs
[2021-02-25 17:35:54,769] {logging_mixin.py:103} INFO - [2021-02-25 17:35:54,769] {dag.py:2266} INFO - Setting next_dagrun for latest_only_with_trigger to 2021-02-23 00:00:00+00:00
[2021-02-25 17:35:54,778] {scheduler_job.py:189} INFO - Processing /home/i-sip_iot/anaconda3/envs/sandbox/lib/python3.7/site-packages/airflow/example_dags/example_latest_only_with_trigger.py took 0.030 seconds
[2021-02-25 17:36:21,658] {scheduler_job.py:181} INFO - Started process (PID=191622) to work on /home/i-sip_iot/anaconda3/envs/sandbox/lib/python3.7/site-packages/airflow/example_dags/example_latest_only_with_trigger.py
[2021-02-25 17:36:21,660] {scheduler_job.py:629} INFO - Processing file /home/i-sip_iot/anaconda3/envs/sandbox/lib/python3.7/site-packages/airflow/example_dags/example_latest_only_with_trigger.py for tasks to queue
[2021-02-25 17:36:21,661] {logging_mixin.py:103} INFO - [2021-02-25 17:36:21,661] {dagbag.py:440} INFO - Filling up the DagBag from /home/i-sip_iot/anaconda3/envs/sandbox/lib/python3.7/site-packages/airflow/example_dags/example_latest_only_with_trigger.py
[2021-02-25 17:36:21,679] {scheduler_job.py:639} INFO - DAG(s) dict_keys(['latest_only_with_trigger']) retrieved from /home/i-sip_iot/anaconda3/envs/sandbox/lib/python3.7/site-packages/airflow/example_dags/example_latest_only_with_trigger.py
[2021-02-25 17:36:21,680] {logging_mixin.py:103} INFO - [2021-02-25 17:36:21,680] {dag.py:1813} INFO - Sync 1 DAGs
[2021-02-25 17:36:21,696] {logging_mixin.py:103} INFO - [2021-02-25 17:36:21,696] {dag.py:2266} INFO - Setting next_dagrun for latest_only_with_trigger to 2021-02-23 00:00:00+00:00
[2021-02-25 17:36:21,705] {scheduler_job.py:189} INFO - Processing /home/i-sip_iot/anaconda3/envs/sandbox/lib/python3.7/site-packages/airflow/example_dags/example_latest_only_with_trigger.py took 0.053 seconds
[2021-02-25 17:36:49,045] {scheduler_job.py:181} INFO - Started process (PID=191875) to work on /home/i-sip_iot/anaconda3/envs/sandbox/lib/python3.7/site-packages/airflow/example_dags/example_latest_only_with_trigger.py
[2021-02-25 17:36:49,046] {scheduler_job.py:629} INFO - Processing file /home/i-sip_iot/anaconda3/envs/sandbox/lib/python3.7/site-packages/airflow/example_dags/example_latest_only_with_trigger.py for tasks to queue
[2021-02-25 17:36:49,047] {logging_mixin.py:103} INFO - [2021-02-25 17:36:49,047] {dagbag.py:440} INFO - Filling up the DagBag from /home/i-sip_iot/anaconda3/envs/sandbox/lib/python3.7/site-packages/airflow/example_dags/example_latest_only_with_trigger.py
[2021-02-25 17:36:49,054] {scheduler_job.py:639} INFO - DAG(s) dict_keys(['latest_only_with_trigger']) retrieved from /home/i-sip_iot/anaconda3/envs/sandbox/lib/python3.7/site-packages/airflow/example_dags/example_latest_only_with_trigger.py
[2021-02-25 17:36:49,054] {logging_mixin.py:103} INFO - [2021-02-25 17:36:49,054] {dag.py:1813} INFO - Sync 1 DAGs
[2021-02-25 17:36:49,063] {logging_mixin.py:103} INFO - [2021-02-25 17:36:49,063] {dag.py:2266} INFO - Setting next_dagrun for latest_only_with_trigger to 2021-02-23 00:00:00+00:00
[2021-02-25 17:36:49,076] {scheduler_job.py:189} INFO - Processing /home/i-sip_iot/anaconda3/envs/sandbox/lib/python3.7/site-packages/airflow/example_dags/example_latest_only_with_trigger.py took 0.032 seconds
[2021-02-25 17:37:16,953] {scheduler_job.py:181} INFO - Started process (PID=191963) to work on /home/i-sip_iot/anaconda3/envs/sandbox/lib/python3.7/site-packages/airflow/example_dags/example_latest_only_with_trigger.py
[2021-02-25 17:37:16,954] {scheduler_job.py:629} INFO - Processing file /home/i-sip_iot/anaconda3/envs/sandbox/lib/python3.7/site-packages/airflow/example_dags/example_latest_only_with_trigger.py for tasks to queue
[2021-02-25 17:37:16,955] {logging_mixin.py:103} INFO - [2021-02-25 17:37:16,954] {dagbag.py:440} INFO - Filling up the DagBag from /home/i-sip_iot/anaconda3/envs/sandbox/lib/python3.7/site-packages/airflow/example_dags/example_latest_only_with_trigger.py
[2021-02-25 17:37:16,967] {scheduler_job.py:639} INFO - DAG(s) dict_keys(['latest_only_with_trigger']) retrieved from /home/i-sip_iot/anaconda3/envs/sandbox/lib/python3.7/site-packages/airflow/example_dags/example_latest_only_with_trigger.py
[2021-02-25 17:37:16,968] {logging_mixin.py:103} INFO - [2021-02-25 17:37:16,968] {dag.py:1813} INFO - Sync 1 DAGs
[2021-02-25 17:37:16,982] {logging_mixin.py:103} INFO - [2021-02-25 17:37:16,982] {dag.py:2266} INFO - Setting next_dagrun for latest_only_with_trigger to 2021-02-23 00:00:00+00:00
[2021-02-25 17:37:16,992] {scheduler_job.py:189} INFO - Processing /home/i-sip_iot/anaconda3/envs/sandbox/lib/python3.7/site-packages/airflow/example_dags/example_latest_only_with_trigger.py took 0.042 seconds
[2021-02-25 17:37:43,821] {scheduler_job.py:181} INFO - Started process (PID=192040) to work on /home/i-sip_iot/anaconda3/envs/sandbox/lib/python3.7/site-packages/airflow/example_dags/example_latest_only_with_trigger.py
[2021-02-25 17:37:43,822] {scheduler_job.py:629} INFO - Processing file /home/i-sip_iot/anaconda3/envs/sandbox/lib/python3.7/site-packages/airflow/example_dags/example_latest_only_with_trigger.py for tasks to queue
[2021-02-25 17:37:43,823] {logging_mixin.py:103} INFO - [2021-02-25 17:37:43,823] {dagbag.py:440} INFO - Filling up the DagBag from /home/i-sip_iot/anaconda3/envs/sandbox/lib/python3.7/site-packages/airflow/example_dags/example_latest_only_with_trigger.py
[2021-02-25 17:37:43,832] {scheduler_job.py:639} INFO - DAG(s) dict_keys(['latest_only_with_trigger']) retrieved from /home/i-sip_iot/anaconda3/envs/sandbox/lib/python3.7/site-packages/airflow/example_dags/example_latest_only_with_trigger.py
[2021-02-25 17:37:43,832] {logging_mixin.py:103} INFO - [2021-02-25 17:37:43,832] {dag.py:1813} INFO - Sync 1 DAGs
[2021-02-25 17:37:43,848] {logging_mixin.py:103} INFO - [2021-02-25 17:37:43,848] {dag.py:2266} INFO - Setting next_dagrun for latest_only_with_trigger to 2021-02-23 00:00:00+00:00
[2021-02-25 17:37:43,859] {scheduler_job.py:189} INFO - Processing /home/i-sip_iot/anaconda3/envs/sandbox/lib/python3.7/site-packages/airflow/example_dags/example_latest_only_with_trigger.py took 0.042 seconds
[2021-02-25 17:38:11,779] {scheduler_job.py:181} INFO - Started process (PID=192323) to work on /home/i-sip_iot/anaconda3/envs/sandbox/lib/python3.7/site-packages/airflow/example_dags/example_latest_only_with_trigger.py
[2021-02-25 17:38:11,780] {scheduler_job.py:629} INFO - Processing file /home/i-sip_iot/anaconda3/envs/sandbox/lib/python3.7/site-packages/airflow/example_dags/example_latest_only_with_trigger.py for tasks to queue
[2021-02-25 17:38:11,780] {logging_mixin.py:103} INFO - [2021-02-25 17:38:11,780] {dagbag.py:440} INFO - Filling up the DagBag from /home/i-sip_iot/anaconda3/envs/sandbox/lib/python3.7/site-packages/airflow/example_dags/example_latest_only_with_trigger.py
[2021-02-25 17:38:11,788] {scheduler_job.py:639} INFO - DAG(s) dict_keys(['latest_only_with_trigger']) retrieved from /home/i-sip_iot/anaconda3/envs/sandbox/lib/python3.7/site-packages/airflow/example_dags/example_latest_only_with_trigger.py
[2021-02-25 17:38:11,788] {logging_mixin.py:103} INFO - [2021-02-25 17:38:11,788] {dag.py:1813} INFO - Sync 1 DAGs
[2021-02-25 17:38:11,800] {logging_mixin.py:103} INFO - [2021-02-25 17:38:11,800] {dag.py:2266} INFO - Setting next_dagrun for latest_only_with_trigger to 2021-02-23 00:00:00+00:00
[2021-02-25 17:38:11,808] {scheduler_job.py:189} INFO - Processing /home/i-sip_iot/anaconda3/envs/sandbox/lib/python3.7/site-packages/airflow/example_dags/example_latest_only_with_trigger.py took 0.032 seconds
[2021-02-25 17:38:38,639] {scheduler_job.py:181} INFO - Started process (PID=192393) to work on /home/i-sip_iot/anaconda3/envs/sandbox/lib/python3.7/site-packages/airflow/example_dags/example_latest_only_with_trigger.py
[2021-02-25 17:38:38,639] {scheduler_job.py:629} INFO - Processing file /home/i-sip_iot/anaconda3/envs/sandbox/lib/python3.7/site-packages/airflow/example_dags/example_latest_only_with_trigger.py for tasks to queue
[2021-02-25 17:38:38,640] {logging_mixin.py:103} INFO - [2021-02-25 17:38:38,640] {dagbag.py:440} INFO - Filling up the DagBag from /home/i-sip_iot/anaconda3/envs/sandbox/lib/python3.7/site-packages/airflow/example_dags/example_latest_only_with_trigger.py
[2021-02-25 17:38:38,645] {scheduler_job.py:639} INFO - DAG(s) dict_keys(['latest_only_with_trigger']) retrieved from /home/i-sip_iot/anaconda3/envs/sandbox/lib/python3.7/site-packages/airflow/example_dags/example_latest_only_with_trigger.py
[2021-02-25 17:38:38,646] {logging_mixin.py:103} INFO - [2021-02-25 17:38:38,646] {dag.py:1813} INFO - Sync 1 DAGs
[2021-02-25 17:38:38,655] {logging_mixin.py:103} INFO - [2021-02-25 17:38:38,655] {dag.py:2266} INFO - Setting next_dagrun for latest_only_with_trigger to 2021-02-23 00:00:00+00:00
[2021-02-25 17:38:38,663] {scheduler_job.py:189} INFO - Processing /home/i-sip_iot/anaconda3/envs/sandbox/lib/python3.7/site-packages/airflow/example_dags/example_latest_only_with_trigger.py took 0.026 seconds
[2021-02-25 17:39:05,541] {scheduler_job.py:181} INFO - Started process (PID=192637) to work on /home/i-sip_iot/anaconda3/envs/sandbox/lib/python3.7/site-packages/airflow/example_dags/example_latest_only_with_trigger.py
[2021-02-25 17:39:05,543] {scheduler_job.py:629} INFO - Processing file /home/i-sip_iot/anaconda3/envs/sandbox/lib/python3.7/site-packages/airflow/example_dags/example_latest_only_with_trigger.py for tasks to queue
[2021-02-25 17:39:05,545] {logging_mixin.py:103} INFO - [2021-02-25 17:39:05,544] {dagbag.py:440} INFO - Filling up the DagBag from /home/i-sip_iot/anaconda3/envs/sandbox/lib/python3.7/site-packages/airflow/example_dags/example_latest_only_with_trigger.py
[2021-02-25 17:39:05,561] {scheduler_job.py:639} INFO - DAG(s) dict_keys(['latest_only_with_trigger']) retrieved from /home/i-sip_iot/anaconda3/envs/sandbox/lib/python3.7/site-packages/airflow/example_dags/example_latest_only_with_trigger.py
[2021-02-25 17:39:05,562] {logging_mixin.py:103} INFO - [2021-02-25 17:39:05,562] {dag.py:1813} INFO - Sync 1 DAGs
[2021-02-25 17:39:05,577] {logging_mixin.py:103} INFO - [2021-02-25 17:39:05,577] {dag.py:2266} INFO - Setting next_dagrun for latest_only_with_trigger to 2021-02-23 00:00:00+00:00
[2021-02-25 17:39:05,587] {scheduler_job.py:189} INFO - Processing /home/i-sip_iot/anaconda3/envs/sandbox/lib/python3.7/site-packages/airflow/example_dags/example_latest_only_with_trigger.py took 0.053 seconds
[2021-02-25 17:39:33,222] {scheduler_job.py:181} INFO - Started process (PID=192731) to work on /home/i-sip_iot/anaconda3/envs/sandbox/lib/python3.7/site-packages/airflow/example_dags/example_latest_only_with_trigger.py
[2021-02-25 17:39:33,223] {scheduler_job.py:629} INFO - Processing file /home/i-sip_iot/anaconda3/envs/sandbox/lib/python3.7/site-packages/airflow/example_dags/example_latest_only_with_trigger.py for tasks to queue
[2021-02-25 17:39:33,224] {logging_mixin.py:103} INFO - [2021-02-25 17:39:33,224] {dagbag.py:440} INFO - Filling up the DagBag from /home/i-sip_iot/anaconda3/envs/sandbox/lib/python3.7/site-packages/airflow/example_dags/example_latest_only_with_trigger.py
[2021-02-25 17:39:33,236] {scheduler_job.py:639} INFO - DAG(s) dict_keys(['latest_only_with_trigger']) retrieved from /home/i-sip_iot/anaconda3/envs/sandbox/lib/python3.7/site-packages/airflow/example_dags/example_latest_only_with_trigger.py
[2021-02-25 17:39:33,237] {logging_mixin.py:103} INFO - [2021-02-25 17:39:33,237] {dag.py:1813} INFO - Sync 1 DAGs
[2021-02-25 17:39:33,254] {logging_mixin.py:103} INFO - [2021-02-25 17:39:33,254] {dag.py:2266} INFO - Setting next_dagrun for latest_only_with_trigger to 2021-02-23 00:00:00+00:00
[2021-02-25 17:39:33,264] {scheduler_job.py:189} INFO - Processing /home/i-sip_iot/anaconda3/envs/sandbox/lib/python3.7/site-packages/airflow/example_dags/example_latest_only_with_trigger.py took 0.045 seconds
[2021-02-25 17:40:00,121] {scheduler_job.py:181} INFO - Started process (PID=193002) to work on /home/i-sip_iot/anaconda3/envs/sandbox/lib/python3.7/site-packages/airflow/example_dags/example_latest_only_with_trigger.py
[2021-02-25 17:40:00,123] {scheduler_job.py:629} INFO - Processing file /home/i-sip_iot/anaconda3/envs/sandbox/lib/python3.7/site-packages/airflow/example_dags/example_latest_only_with_trigger.py for tasks to queue
[2021-02-25 17:40:00,123] {logging_mixin.py:103} INFO - [2021-02-25 17:40:00,123] {dagbag.py:440} INFO - Filling up the DagBag from /home/i-sip_iot/anaconda3/envs/sandbox/lib/python3.7/site-packages/airflow/example_dags/example_latest_only_with_trigger.py
[2021-02-25 17:40:00,134] {scheduler_job.py:639} INFO - DAG(s) dict_keys(['latest_only_with_trigger']) retrieved from /home/i-sip_iot/anaconda3/envs/sandbox/lib/python3.7/site-packages/airflow/example_dags/example_latest_only_with_trigger.py
[2021-02-25 17:40:00,135] {logging_mixin.py:103} INFO - [2021-02-25 17:40:00,135] {dag.py:1813} INFO - Sync 1 DAGs
[2021-02-25 17:40:00,150] {logging_mixin.py:103} INFO - [2021-02-25 17:40:00,150] {dag.py:2266} INFO - Setting next_dagrun for latest_only_with_trigger to 2021-02-23 00:00:00+00:00
[2021-02-25 17:40:00,159] {scheduler_job.py:189} INFO - Processing /home/i-sip_iot/anaconda3/envs/sandbox/lib/python3.7/site-packages/airflow/example_dags/example_latest_only_with_trigger.py took 0.042 seconds
[2021-02-25 17:40:27,510] {scheduler_job.py:181} INFO - Started process (PID=193083) to work on /home/i-sip_iot/anaconda3/envs/sandbox/lib/python3.7/site-packages/airflow/example_dags/example_latest_only_with_trigger.py
[2021-02-25 17:40:27,511] {scheduler_job.py:629} INFO - Processing file /home/i-sip_iot/anaconda3/envs/sandbox/lib/python3.7/site-packages/airflow/example_dags/example_latest_only_with_trigger.py for tasks to queue
[2021-02-25 17:40:27,511] {logging_mixin.py:103} INFO - [2021-02-25 17:40:27,511] {dagbag.py:440} INFO - Filling up the DagBag from /home/i-sip_iot/anaconda3/envs/sandbox/lib/python3.7/site-packages/airflow/example_dags/example_latest_only_with_trigger.py
[2021-02-25 17:40:27,516] {scheduler_job.py:639} INFO - DAG(s) dict_keys(['latest_only_with_trigger']) retrieved from /home/i-sip_iot/anaconda3/envs/sandbox/lib/python3.7/site-packages/airflow/example_dags/example_latest_only_with_trigger.py
[2021-02-25 17:40:27,516] {logging_mixin.py:103} INFO - [2021-02-25 17:40:27,516] {dag.py:1813} INFO - Sync 1 DAGs
[2021-02-25 17:40:27,525] {logging_mixin.py:103} INFO - [2021-02-25 17:40:27,525] {dag.py:2266} INFO - Setting next_dagrun for latest_only_with_trigger to 2021-02-23 00:00:00+00:00
[2021-02-25 17:40:27,532] {scheduler_job.py:189} INFO - Processing /home/i-sip_iot/anaconda3/envs/sandbox/lib/python3.7/site-packages/airflow/example_dags/example_latest_only_with_trigger.py took 0.023 seconds
[2021-02-25 17:40:54,466] {scheduler_job.py:181} INFO - Started process (PID=193343) to work on /home/i-sip_iot/anaconda3/envs/sandbox/lib/python3.7/site-packages/airflow/example_dags/example_latest_only_with_trigger.py
[2021-02-25 17:40:54,467] {scheduler_job.py:629} INFO - Processing file /home/i-sip_iot/anaconda3/envs/sandbox/lib/python3.7/site-packages/airflow/example_dags/example_latest_only_with_trigger.py for tasks to queue
[2021-02-25 17:40:54,467] {logging_mixin.py:103} INFO - [2021-02-25 17:40:54,467] {dagbag.py:440} INFO - Filling up the DagBag from /home/i-sip_iot/anaconda3/envs/sandbox/lib/python3.7/site-packages/airflow/example_dags/example_latest_only_with_trigger.py
[2021-02-25 17:40:54,475] {scheduler_job.py:639} INFO - DAG(s) dict_keys(['latest_only_with_trigger']) retrieved from /home/i-sip_iot/anaconda3/envs/sandbox/lib/python3.7/site-packages/airflow/example_dags/example_latest_only_with_trigger.py
[2021-02-25 17:40:54,476] {logging_mixin.py:103} INFO - [2021-02-25 17:40:54,476] {dag.py:1813} INFO - Sync 1 DAGs
[2021-02-25 17:40:54,487] {logging_mixin.py:103} INFO - [2021-02-25 17:40:54,487] {dag.py:2266} INFO - Setting next_dagrun for latest_only_with_trigger to 2021-02-23 00:00:00+00:00
[2021-02-25 17:40:54,496] {scheduler_job.py:189} INFO - Processing /home/i-sip_iot/anaconda3/envs/sandbox/lib/python3.7/site-packages/airflow/example_dags/example_latest_only_with_trigger.py took 0.032 seconds
