[2021-02-25 17:15:33,507] {scheduler_job.py:181} INFO - Started process (PID=184383) to work on /home/i-sip_iot/anaconda3/envs/sandbox/lib/python3.7/site-packages/airflow/example_dags/example_dag_decorator.py
[2021-02-25 17:15:33,509] {scheduler_job.py:629} INFO - Processing file /home/i-sip_iot/anaconda3/envs/sandbox/lib/python3.7/site-packages/airflow/example_dags/example_dag_decorator.py for tasks to queue
[2021-02-25 17:15:33,511] {logging_mixin.py:103} INFO - [2021-02-25 17:15:33,510] {dagbag.py:440} INFO - Filling up the DagBag from /home/i-sip_iot/anaconda3/envs/sandbox/lib/python3.7/site-packages/airflow/example_dags/example_dag_decorator.py
[2021-02-25 17:15:33,536] {scheduler_job.py:639} INFO - DAG(s) dict_keys(['example_dag_decorator']) retrieved from /home/i-sip_iot/anaconda3/envs/sandbox/lib/python3.7/site-packages/airflow/example_dags/example_dag_decorator.py
[2021-02-25 17:15:33,537] {logging_mixin.py:103} INFO - [2021-02-25 17:15:33,537] {dag.py:1813} INFO - Sync 1 DAGs
[2021-02-25 17:15:33,551] {logging_mixin.py:103} INFO - [2021-02-25 17:15:33,551] {dag.py:2266} INFO - Setting next_dagrun for example_dag_decorator to None
[2021-02-25 17:15:33,568] {scheduler_job.py:189} INFO - Processing /home/i-sip_iot/anaconda3/envs/sandbox/lib/python3.7/site-packages/airflow/example_dags/example_dag_decorator.py took 0.067 seconds
[2021-02-25 17:16:01,624] {scheduler_job.py:181} INFO - Started process (PID=184621) to work on /home/i-sip_iot/anaconda3/envs/sandbox/lib/python3.7/site-packages/airflow/example_dags/example_dag_decorator.py
[2021-02-25 17:16:01,626] {scheduler_job.py:629} INFO - Processing file /home/i-sip_iot/anaconda3/envs/sandbox/lib/python3.7/site-packages/airflow/example_dags/example_dag_decorator.py for tasks to queue
[2021-02-25 17:16:01,628] {logging_mixin.py:103} INFO - [2021-02-25 17:16:01,627] {dagbag.py:440} INFO - Filling up the DagBag from /home/i-sip_iot/anaconda3/envs/sandbox/lib/python3.7/site-packages/airflow/example_dags/example_dag_decorator.py
[2021-02-25 17:16:01,643] {scheduler_job.py:639} INFO - DAG(s) dict_keys(['example_dag_decorator']) retrieved from /home/i-sip_iot/anaconda3/envs/sandbox/lib/python3.7/site-packages/airflow/example_dags/example_dag_decorator.py
[2021-02-25 17:16:01,644] {logging_mixin.py:103} INFO - [2021-02-25 17:16:01,644] {dag.py:1813} INFO - Sync 1 DAGs
[2021-02-25 17:16:01,655] {logging_mixin.py:103} INFO - [2021-02-25 17:16:01,655] {dag.py:2266} INFO - Setting next_dagrun for example_dag_decorator to None
[2021-02-25 17:16:01,660] {scheduler_job.py:189} INFO - Processing /home/i-sip_iot/anaconda3/envs/sandbox/lib/python3.7/site-packages/airflow/example_dags/example_dag_decorator.py took 0.042 seconds
[2021-02-25 17:16:28,491] {scheduler_job.py:181} INFO - Started process (PID=184693) to work on /home/i-sip_iot/anaconda3/envs/sandbox/lib/python3.7/site-packages/airflow/example_dags/example_dag_decorator.py
[2021-02-25 17:16:28,492] {scheduler_job.py:629} INFO - Processing file /home/i-sip_iot/anaconda3/envs/sandbox/lib/python3.7/site-packages/airflow/example_dags/example_dag_decorator.py for tasks to queue
[2021-02-25 17:16:28,492] {logging_mixin.py:103} INFO - [2021-02-25 17:16:28,492] {dagbag.py:440} INFO - Filling up the DagBag from /home/i-sip_iot/anaconda3/envs/sandbox/lib/python3.7/site-packages/airflow/example_dags/example_dag_decorator.py
[2021-02-25 17:16:28,501] {scheduler_job.py:639} INFO - DAG(s) dict_keys(['example_dag_decorator']) retrieved from /home/i-sip_iot/anaconda3/envs/sandbox/lib/python3.7/site-packages/airflow/example_dags/example_dag_decorator.py
[2021-02-25 17:16:28,501] {logging_mixin.py:103} INFO - [2021-02-25 17:16:28,501] {dag.py:1813} INFO - Sync 1 DAGs
[2021-02-25 17:16:28,511] {logging_mixin.py:103} INFO - [2021-02-25 17:16:28,511] {dag.py:2266} INFO - Setting next_dagrun for example_dag_decorator to None
[2021-02-25 17:16:28,533] {scheduler_job.py:189} INFO - Processing /home/i-sip_iot/anaconda3/envs/sandbox/lib/python3.7/site-packages/airflow/example_dags/example_dag_decorator.py took 0.044 seconds
[2021-02-25 17:16:55,960] {scheduler_job.py:181} INFO - Started process (PID=184933) to work on /home/i-sip_iot/anaconda3/envs/sandbox/lib/python3.7/site-packages/airflow/example_dags/example_dag_decorator.py
[2021-02-25 17:16:55,960] {scheduler_job.py:629} INFO - Processing file /home/i-sip_iot/anaconda3/envs/sandbox/lib/python3.7/site-packages/airflow/example_dags/example_dag_decorator.py for tasks to queue
[2021-02-25 17:16:55,961] {logging_mixin.py:103} INFO - [2021-02-25 17:16:55,961] {dagbag.py:440} INFO - Filling up the DagBag from /home/i-sip_iot/anaconda3/envs/sandbox/lib/python3.7/site-packages/airflow/example_dags/example_dag_decorator.py
[2021-02-25 17:16:55,976] {scheduler_job.py:639} INFO - DAG(s) dict_keys(['example_dag_decorator']) retrieved from /home/i-sip_iot/anaconda3/envs/sandbox/lib/python3.7/site-packages/airflow/example_dags/example_dag_decorator.py
[2021-02-25 17:16:55,977] {logging_mixin.py:103} INFO - [2021-02-25 17:16:55,976] {dag.py:1813} INFO - Sync 1 DAGs
[2021-02-25 17:16:55,994] {logging_mixin.py:103} INFO - [2021-02-25 17:16:55,994] {dag.py:2266} INFO - Setting next_dagrun for example_dag_decorator to None
[2021-02-25 17:16:56,001] {scheduler_job.py:189} INFO - Processing /home/i-sip_iot/anaconda3/envs/sandbox/lib/python3.7/site-packages/airflow/example_dags/example_dag_decorator.py took 0.044 seconds
[2021-02-25 17:17:22,864] {scheduler_job.py:181} INFO - Started process (PID=185014) to work on /home/i-sip_iot/anaconda3/envs/sandbox/lib/python3.7/site-packages/airflow/example_dags/example_dag_decorator.py
[2021-02-25 17:17:22,865] {scheduler_job.py:629} INFO - Processing file /home/i-sip_iot/anaconda3/envs/sandbox/lib/python3.7/site-packages/airflow/example_dags/example_dag_decorator.py for tasks to queue
[2021-02-25 17:17:22,865] {logging_mixin.py:103} INFO - [2021-02-25 17:17:22,865] {dagbag.py:440} INFO - Filling up the DagBag from /home/i-sip_iot/anaconda3/envs/sandbox/lib/python3.7/site-packages/airflow/example_dags/example_dag_decorator.py
[2021-02-25 17:17:22,873] {scheduler_job.py:639} INFO - DAG(s) dict_keys(['example_dag_decorator']) retrieved from /home/i-sip_iot/anaconda3/envs/sandbox/lib/python3.7/site-packages/airflow/example_dags/example_dag_decorator.py
[2021-02-25 17:17:22,873] {logging_mixin.py:103} INFO - [2021-02-25 17:17:22,873] {dag.py:1813} INFO - Sync 1 DAGs
[2021-02-25 17:17:22,884] {logging_mixin.py:103} INFO - [2021-02-25 17:17:22,884] {dag.py:2266} INFO - Setting next_dagrun for example_dag_decorator to None
[2021-02-25 17:17:22,907] {scheduler_job.py:189} INFO - Processing /home/i-sip_iot/anaconda3/envs/sandbox/lib/python3.7/site-packages/airflow/example_dags/example_dag_decorator.py took 0.045 seconds
[2021-02-25 17:17:50,883] {scheduler_job.py:181} INFO - Started process (PID=185238) to work on /home/i-sip_iot/anaconda3/envs/sandbox/lib/python3.7/site-packages/airflow/example_dags/example_dag_decorator.py
[2021-02-25 17:17:50,884] {scheduler_job.py:629} INFO - Processing file /home/i-sip_iot/anaconda3/envs/sandbox/lib/python3.7/site-packages/airflow/example_dags/example_dag_decorator.py for tasks to queue
[2021-02-25 17:17:50,885] {logging_mixin.py:103} INFO - [2021-02-25 17:17:50,885] {dagbag.py:440} INFO - Filling up the DagBag from /home/i-sip_iot/anaconda3/envs/sandbox/lib/python3.7/site-packages/airflow/example_dags/example_dag_decorator.py
[2021-02-25 17:17:50,897] {scheduler_job.py:639} INFO - DAG(s) dict_keys(['example_dag_decorator']) retrieved from /home/i-sip_iot/anaconda3/envs/sandbox/lib/python3.7/site-packages/airflow/example_dags/example_dag_decorator.py
[2021-02-25 17:17:50,898] {logging_mixin.py:103} INFO - [2021-02-25 17:17:50,898] {dag.py:1813} INFO - Sync 1 DAGs
[2021-02-25 17:17:50,912] {logging_mixin.py:103} INFO - [2021-02-25 17:17:50,912] {dag.py:2266} INFO - Setting next_dagrun for example_dag_decorator to None
[2021-02-25 17:17:50,918] {scheduler_job.py:189} INFO - Processing /home/i-sip_iot/anaconda3/envs/sandbox/lib/python3.7/site-packages/airflow/example_dags/example_dag_decorator.py took 0.037 seconds
[2021-02-25 17:18:17,779] {scheduler_job.py:181} INFO - Started process (PID=185316) to work on /home/i-sip_iot/anaconda3/envs/sandbox/lib/python3.7/site-packages/airflow/example_dags/example_dag_decorator.py
[2021-02-25 17:18:17,780] {scheduler_job.py:629} INFO - Processing file /home/i-sip_iot/anaconda3/envs/sandbox/lib/python3.7/site-packages/airflow/example_dags/example_dag_decorator.py for tasks to queue
[2021-02-25 17:18:17,780] {logging_mixin.py:103} INFO - [2021-02-25 17:18:17,780] {dagbag.py:440} INFO - Filling up the DagBag from /home/i-sip_iot/anaconda3/envs/sandbox/lib/python3.7/site-packages/airflow/example_dags/example_dag_decorator.py
[2021-02-25 17:18:17,796] {scheduler_job.py:639} INFO - DAG(s) dict_keys(['example_dag_decorator']) retrieved from /home/i-sip_iot/anaconda3/envs/sandbox/lib/python3.7/site-packages/airflow/example_dags/example_dag_decorator.py
[2021-02-25 17:18:17,797] {logging_mixin.py:103} INFO - [2021-02-25 17:18:17,797] {dag.py:1813} INFO - Sync 1 DAGs
[2021-02-25 17:18:17,812] {logging_mixin.py:103} INFO - [2021-02-25 17:18:17,812] {dag.py:2266} INFO - Setting next_dagrun for example_dag_decorator to None
[2021-02-25 17:18:17,820] {scheduler_job.py:189} INFO - Processing /home/i-sip_iot/anaconda3/envs/sandbox/lib/python3.7/site-packages/airflow/example_dags/example_dag_decorator.py took 0.045 seconds
[2021-02-25 17:18:45,185] {scheduler_job.py:181} INFO - Started process (PID=185543) to work on /home/i-sip_iot/anaconda3/envs/sandbox/lib/python3.7/site-packages/airflow/example_dags/example_dag_decorator.py
[2021-02-25 17:18:45,187] {scheduler_job.py:629} INFO - Processing file /home/i-sip_iot/anaconda3/envs/sandbox/lib/python3.7/site-packages/airflow/example_dags/example_dag_decorator.py for tasks to queue
[2021-02-25 17:18:45,188] {logging_mixin.py:103} INFO - [2021-02-25 17:18:45,187] {dagbag.py:440} INFO - Filling up the DagBag from /home/i-sip_iot/anaconda3/envs/sandbox/lib/python3.7/site-packages/airflow/example_dags/example_dag_decorator.py
[2021-02-25 17:18:45,201] {scheduler_job.py:639} INFO - DAG(s) dict_keys(['example_dag_decorator']) retrieved from /home/i-sip_iot/anaconda3/envs/sandbox/lib/python3.7/site-packages/airflow/example_dags/example_dag_decorator.py
[2021-02-25 17:18:45,202] {logging_mixin.py:103} INFO - [2021-02-25 17:18:45,202] {dag.py:1813} INFO - Sync 1 DAGs
[2021-02-25 17:18:45,216] {logging_mixin.py:103} INFO - [2021-02-25 17:18:45,216] {dag.py:2266} INFO - Setting next_dagrun for example_dag_decorator to None
[2021-02-25 17:18:45,238] {scheduler_job.py:189} INFO - Processing /home/i-sip_iot/anaconda3/envs/sandbox/lib/python3.7/site-packages/airflow/example_dags/example_dag_decorator.py took 0.056 seconds
[2021-02-25 17:19:12,084] {scheduler_job.py:181} INFO - Started process (PID=185626) to work on /home/i-sip_iot/anaconda3/envs/sandbox/lib/python3.7/site-packages/airflow/example_dags/example_dag_decorator.py
[2021-02-25 17:19:12,086] {scheduler_job.py:629} INFO - Processing file /home/i-sip_iot/anaconda3/envs/sandbox/lib/python3.7/site-packages/airflow/example_dags/example_dag_decorator.py for tasks to queue
[2021-02-25 17:19:12,087] {logging_mixin.py:103} INFO - [2021-02-25 17:19:12,087] {dagbag.py:440} INFO - Filling up the DagBag from /home/i-sip_iot/anaconda3/envs/sandbox/lib/python3.7/site-packages/airflow/example_dags/example_dag_decorator.py
[2021-02-25 17:19:12,108] {scheduler_job.py:639} INFO - DAG(s) dict_keys(['example_dag_decorator']) retrieved from /home/i-sip_iot/anaconda3/envs/sandbox/lib/python3.7/site-packages/airflow/example_dags/example_dag_decorator.py
[2021-02-25 17:19:12,109] {logging_mixin.py:103} INFO - [2021-02-25 17:19:12,109] {dag.py:1813} INFO - Sync 1 DAGs
[2021-02-25 17:19:12,121] {logging_mixin.py:103} INFO - [2021-02-25 17:19:12,121] {dag.py:2266} INFO - Setting next_dagrun for example_dag_decorator to None
[2021-02-25 17:19:12,127] {scheduler_job.py:189} INFO - Processing /home/i-sip_iot/anaconda3/envs/sandbox/lib/python3.7/site-packages/airflow/example_dags/example_dag_decorator.py took 0.048 seconds
[2021-02-25 17:19:38,965] {scheduler_job.py:181} INFO - Started process (PID=185861) to work on /home/i-sip_iot/anaconda3/envs/sandbox/lib/python3.7/site-packages/airflow/example_dags/example_dag_decorator.py
[2021-02-25 17:19:38,966] {scheduler_job.py:629} INFO - Processing file /home/i-sip_iot/anaconda3/envs/sandbox/lib/python3.7/site-packages/airflow/example_dags/example_dag_decorator.py for tasks to queue
[2021-02-25 17:19:38,966] {logging_mixin.py:103} INFO - [2021-02-25 17:19:38,966] {dagbag.py:440} INFO - Filling up the DagBag from /home/i-sip_iot/anaconda3/envs/sandbox/lib/python3.7/site-packages/airflow/example_dags/example_dag_decorator.py
[2021-02-25 17:19:38,973] {scheduler_job.py:639} INFO - DAG(s) dict_keys(['example_dag_decorator']) retrieved from /home/i-sip_iot/anaconda3/envs/sandbox/lib/python3.7/site-packages/airflow/example_dags/example_dag_decorator.py
[2021-02-25 17:19:38,974] {logging_mixin.py:103} INFO - [2021-02-25 17:19:38,974] {dag.py:1813} INFO - Sync 1 DAGs
[2021-02-25 17:19:38,982] {logging_mixin.py:103} INFO - [2021-02-25 17:19:38,982] {dag.py:2266} INFO - Setting next_dagrun for example_dag_decorator to None
[2021-02-25 17:19:39,005] {scheduler_job.py:189} INFO - Processing /home/i-sip_iot/anaconda3/envs/sandbox/lib/python3.7/site-packages/airflow/example_dags/example_dag_decorator.py took 0.042 seconds
[2021-02-25 17:20:06,496] {scheduler_job.py:181} INFO - Started process (PID=185926) to work on /home/i-sip_iot/anaconda3/envs/sandbox/lib/python3.7/site-packages/airflow/example_dags/example_dag_decorator.py
[2021-02-25 17:20:06,496] {scheduler_job.py:629} INFO - Processing file /home/i-sip_iot/anaconda3/envs/sandbox/lib/python3.7/site-packages/airflow/example_dags/example_dag_decorator.py for tasks to queue
[2021-02-25 17:20:06,497] {logging_mixin.py:103} INFO - [2021-02-25 17:20:06,497] {dagbag.py:440} INFO - Filling up the DagBag from /home/i-sip_iot/anaconda3/envs/sandbox/lib/python3.7/site-packages/airflow/example_dags/example_dag_decorator.py
[2021-02-25 17:20:06,506] {scheduler_job.py:639} INFO - DAG(s) dict_keys(['example_dag_decorator']) retrieved from /home/i-sip_iot/anaconda3/envs/sandbox/lib/python3.7/site-packages/airflow/example_dags/example_dag_decorator.py
[2021-02-25 17:20:06,507] {logging_mixin.py:103} INFO - [2021-02-25 17:20:06,507] {dag.py:1813} INFO - Sync 1 DAGs
[2021-02-25 17:20:06,516] {logging_mixin.py:103} INFO - [2021-02-25 17:20:06,516] {dag.py:2266} INFO - Setting next_dagrun for example_dag_decorator to None
[2021-02-25 17:20:06,521] {scheduler_job.py:189} INFO - Processing /home/i-sip_iot/anaconda3/envs/sandbox/lib/python3.7/site-packages/airflow/example_dags/example_dag_decorator.py took 0.028 seconds
[2021-02-25 17:20:33,412] {scheduler_job.py:181} INFO - Started process (PID=186002) to work on /home/i-sip_iot/anaconda3/envs/sandbox/lib/python3.7/site-packages/airflow/example_dags/example_dag_decorator.py
[2021-02-25 17:20:33,414] {scheduler_job.py:629} INFO - Processing file /home/i-sip_iot/anaconda3/envs/sandbox/lib/python3.7/site-packages/airflow/example_dags/example_dag_decorator.py for tasks to queue
[2021-02-25 17:20:33,416] {logging_mixin.py:103} INFO - [2021-02-25 17:20:33,415] {dagbag.py:440} INFO - Filling up the DagBag from /home/i-sip_iot/anaconda3/envs/sandbox/lib/python3.7/site-packages/airflow/example_dags/example_dag_decorator.py
[2021-02-25 17:20:33,436] {scheduler_job.py:639} INFO - DAG(s) dict_keys(['example_dag_decorator']) retrieved from /home/i-sip_iot/anaconda3/envs/sandbox/lib/python3.7/site-packages/airflow/example_dags/example_dag_decorator.py
[2021-02-25 17:20:33,437] {logging_mixin.py:103} INFO - [2021-02-25 17:20:33,437] {dag.py:1813} INFO - Sync 1 DAGs
[2021-02-25 17:20:33,449] {logging_mixin.py:103} INFO - [2021-02-25 17:20:33,449] {dag.py:2266} INFO - Setting next_dagrun for example_dag_decorator to None
[2021-02-25 17:20:33,469] {scheduler_job.py:189} INFO - Processing /home/i-sip_iot/anaconda3/envs/sandbox/lib/python3.7/site-packages/airflow/example_dags/example_dag_decorator.py took 0.064 seconds
[2021-02-25 17:21:01,303] {scheduler_job.py:181} INFO - Started process (PID=186250) to work on /home/i-sip_iot/anaconda3/envs/sandbox/lib/python3.7/site-packages/airflow/example_dags/example_dag_decorator.py
[2021-02-25 17:21:01,305] {scheduler_job.py:629} INFO - Processing file /home/i-sip_iot/anaconda3/envs/sandbox/lib/python3.7/site-packages/airflow/example_dags/example_dag_decorator.py for tasks to queue
[2021-02-25 17:21:01,306] {logging_mixin.py:103} INFO - [2021-02-25 17:21:01,306] {dagbag.py:440} INFO - Filling up the DagBag from /home/i-sip_iot/anaconda3/envs/sandbox/lib/python3.7/site-packages/airflow/example_dags/example_dag_decorator.py
[2021-02-25 17:21:01,323] {scheduler_job.py:639} INFO - DAG(s) dict_keys(['example_dag_decorator']) retrieved from /home/i-sip_iot/anaconda3/envs/sandbox/lib/python3.7/site-packages/airflow/example_dags/example_dag_decorator.py
[2021-02-25 17:21:01,324] {logging_mixin.py:103} INFO - [2021-02-25 17:21:01,324] {dag.py:1813} INFO - Sync 1 DAGs
[2021-02-25 17:21:01,336] {logging_mixin.py:103} INFO - [2021-02-25 17:21:01,335] {dag.py:2266} INFO - Setting next_dagrun for example_dag_decorator to None
[2021-02-25 17:21:01,341] {scheduler_job.py:189} INFO - Processing /home/i-sip_iot/anaconda3/envs/sandbox/lib/python3.7/site-packages/airflow/example_dags/example_dag_decorator.py took 0.044 seconds
[2021-02-25 17:21:28,137] {scheduler_job.py:181} INFO - Started process (PID=186314) to work on /home/i-sip_iot/anaconda3/envs/sandbox/lib/python3.7/site-packages/airflow/example_dags/example_dag_decorator.py
[2021-02-25 17:21:28,141] {scheduler_job.py:629} INFO - Processing file /home/i-sip_iot/anaconda3/envs/sandbox/lib/python3.7/site-packages/airflow/example_dags/example_dag_decorator.py for tasks to queue
[2021-02-25 17:21:28,143] {logging_mixin.py:103} INFO - [2021-02-25 17:21:28,142] {dagbag.py:440} INFO - Filling up the DagBag from /home/i-sip_iot/anaconda3/envs/sandbox/lib/python3.7/site-packages/airflow/example_dags/example_dag_decorator.py
[2021-02-25 17:21:28,159] {scheduler_job.py:639} INFO - DAG(s) dict_keys(['example_dag_decorator']) retrieved from /home/i-sip_iot/anaconda3/envs/sandbox/lib/python3.7/site-packages/airflow/example_dags/example_dag_decorator.py
[2021-02-25 17:21:28,160] {logging_mixin.py:103} INFO - [2021-02-25 17:21:28,160] {dag.py:1813} INFO - Sync 1 DAGs
[2021-02-25 17:21:28,172] {logging_mixin.py:103} INFO - [2021-02-25 17:21:28,172] {dag.py:2266} INFO - Setting next_dagrun for example_dag_decorator to None
[2021-02-25 17:21:28,188] {scheduler_job.py:189} INFO - Processing /home/i-sip_iot/anaconda3/envs/sandbox/lib/python3.7/site-packages/airflow/example_dags/example_dag_decorator.py took 0.057 seconds
[2021-02-25 17:21:55,809] {scheduler_job.py:181} INFO - Started process (PID=186553) to work on /home/i-sip_iot/anaconda3/envs/sandbox/lib/python3.7/site-packages/airflow/example_dags/example_dag_decorator.py
[2021-02-25 17:21:55,810] {scheduler_job.py:629} INFO - Processing file /home/i-sip_iot/anaconda3/envs/sandbox/lib/python3.7/site-packages/airflow/example_dags/example_dag_decorator.py for tasks to queue
[2021-02-25 17:21:55,810] {logging_mixin.py:103} INFO - [2021-02-25 17:21:55,810] {dagbag.py:440} INFO - Filling up the DagBag from /home/i-sip_iot/anaconda3/envs/sandbox/lib/python3.7/site-packages/airflow/example_dags/example_dag_decorator.py
[2021-02-25 17:21:55,817] {scheduler_job.py:639} INFO - DAG(s) dict_keys(['example_dag_decorator']) retrieved from /home/i-sip_iot/anaconda3/envs/sandbox/lib/python3.7/site-packages/airflow/example_dags/example_dag_decorator.py
[2021-02-25 17:21:55,817] {logging_mixin.py:103} INFO - [2021-02-25 17:21:55,817] {dag.py:1813} INFO - Sync 1 DAGs
[2021-02-25 17:21:55,826] {logging_mixin.py:103} INFO - [2021-02-25 17:21:55,826] {dag.py:2266} INFO - Setting next_dagrun for example_dag_decorator to None
[2021-02-25 17:21:55,830] {scheduler_job.py:189} INFO - Processing /home/i-sip_iot/anaconda3/envs/sandbox/lib/python3.7/site-packages/airflow/example_dags/example_dag_decorator.py took 0.022 seconds
[2021-02-25 17:22:22,690] {scheduler_job.py:181} INFO - Started process (PID=186600) to work on /home/i-sip_iot/anaconda3/envs/sandbox/lib/python3.7/site-packages/airflow/example_dags/example_dag_decorator.py
[2021-02-25 17:22:22,692] {scheduler_job.py:629} INFO - Processing file /home/i-sip_iot/anaconda3/envs/sandbox/lib/python3.7/site-packages/airflow/example_dags/example_dag_decorator.py for tasks to queue
[2021-02-25 17:22:22,693] {logging_mixin.py:103} INFO - [2021-02-25 17:22:22,693] {dagbag.py:440} INFO - Filling up the DagBag from /home/i-sip_iot/anaconda3/envs/sandbox/lib/python3.7/site-packages/airflow/example_dags/example_dag_decorator.py
[2021-02-25 17:22:22,708] {scheduler_job.py:639} INFO - DAG(s) dict_keys(['example_dag_decorator']) retrieved from /home/i-sip_iot/anaconda3/envs/sandbox/lib/python3.7/site-packages/airflow/example_dags/example_dag_decorator.py
[2021-02-25 17:22:22,709] {logging_mixin.py:103} INFO - [2021-02-25 17:22:22,709] {dag.py:1813} INFO - Sync 1 DAGs
[2021-02-25 17:22:22,722] {logging_mixin.py:103} INFO - [2021-02-25 17:22:22,721] {dag.py:2266} INFO - Setting next_dagrun for example_dag_decorator to None
[2021-02-25 17:22:22,742] {scheduler_job.py:189} INFO - Processing /home/i-sip_iot/anaconda3/envs/sandbox/lib/python3.7/site-packages/airflow/example_dags/example_dag_decorator.py took 0.059 seconds
[2021-02-25 17:22:50,595] {scheduler_job.py:181} INFO - Started process (PID=186824) to work on /home/i-sip_iot/anaconda3/envs/sandbox/lib/python3.7/site-packages/airflow/example_dags/example_dag_decorator.py
[2021-02-25 17:22:50,598] {scheduler_job.py:629} INFO - Processing file /home/i-sip_iot/anaconda3/envs/sandbox/lib/python3.7/site-packages/airflow/example_dags/example_dag_decorator.py for tasks to queue
[2021-02-25 17:22:50,601] {logging_mixin.py:103} INFO - [2021-02-25 17:22:50,600] {dagbag.py:440} INFO - Filling up the DagBag from /home/i-sip_iot/anaconda3/envs/sandbox/lib/python3.7/site-packages/airflow/example_dags/example_dag_decorator.py
[2021-02-25 17:22:50,620] {scheduler_job.py:639} INFO - DAG(s) dict_keys(['example_dag_decorator']) retrieved from /home/i-sip_iot/anaconda3/envs/sandbox/lib/python3.7/site-packages/airflow/example_dags/example_dag_decorator.py
[2021-02-25 17:22:50,621] {logging_mixin.py:103} INFO - [2021-02-25 17:22:50,620] {dag.py:1813} INFO - Sync 1 DAGs
[2021-02-25 17:22:50,633] {logging_mixin.py:103} INFO - [2021-02-25 17:22:50,632] {dag.py:2266} INFO - Setting next_dagrun for example_dag_decorator to None
[2021-02-25 17:22:50,637] {scheduler_job.py:189} INFO - Processing /home/i-sip_iot/anaconda3/envs/sandbox/lib/python3.7/site-packages/airflow/example_dags/example_dag_decorator.py took 0.049 seconds
[2021-02-25 17:23:16,981] {scheduler_job.py:181} INFO - Started process (PID=186886) to work on /home/i-sip_iot/anaconda3/envs/sandbox/lib/python3.7/site-packages/airflow/example_dags/example_dag_decorator.py
[2021-02-25 17:23:16,984] {scheduler_job.py:629} INFO - Processing file /home/i-sip_iot/anaconda3/envs/sandbox/lib/python3.7/site-packages/airflow/example_dags/example_dag_decorator.py for tasks to queue
[2021-02-25 17:23:16,986] {logging_mixin.py:103} INFO - [2021-02-25 17:23:16,986] {dagbag.py:440} INFO - Filling up the DagBag from /home/i-sip_iot/anaconda3/envs/sandbox/lib/python3.7/site-packages/airflow/example_dags/example_dag_decorator.py
[2021-02-25 17:23:17,009] {scheduler_job.py:639} INFO - DAG(s) dict_keys(['example_dag_decorator']) retrieved from /home/i-sip_iot/anaconda3/envs/sandbox/lib/python3.7/site-packages/airflow/example_dags/example_dag_decorator.py
[2021-02-25 17:23:17,010] {logging_mixin.py:103} INFO - [2021-02-25 17:23:17,010] {dag.py:1813} INFO - Sync 1 DAGs
[2021-02-25 17:23:17,024] {logging_mixin.py:103} INFO - [2021-02-25 17:23:17,024] {dag.py:2266} INFO - Setting next_dagrun for example_dag_decorator to None
[2021-02-25 17:23:17,046] {scheduler_job.py:189} INFO - Processing /home/i-sip_iot/anaconda3/envs/sandbox/lib/python3.7/site-packages/airflow/example_dags/example_dag_decorator.py took 0.071 seconds
[2021-02-25 17:23:43,893] {scheduler_job.py:181} INFO - Started process (PID=187122) to work on /home/i-sip_iot/anaconda3/envs/sandbox/lib/python3.7/site-packages/airflow/example_dags/example_dag_decorator.py
[2021-02-25 17:23:43,893] {scheduler_job.py:629} INFO - Processing file /home/i-sip_iot/anaconda3/envs/sandbox/lib/python3.7/site-packages/airflow/example_dags/example_dag_decorator.py for tasks to queue
[2021-02-25 17:23:43,893] {logging_mixin.py:103} INFO - [2021-02-25 17:23:43,893] {dagbag.py:440} INFO - Filling up the DagBag from /home/i-sip_iot/anaconda3/envs/sandbox/lib/python3.7/site-packages/airflow/example_dags/example_dag_decorator.py
[2021-02-25 17:23:43,902] {scheduler_job.py:639} INFO - DAG(s) dict_keys(['example_dag_decorator']) retrieved from /home/i-sip_iot/anaconda3/envs/sandbox/lib/python3.7/site-packages/airflow/example_dags/example_dag_decorator.py
[2021-02-25 17:23:43,903] {logging_mixin.py:103} INFO - [2021-02-25 17:23:43,903] {dag.py:1813} INFO - Sync 1 DAGs
[2021-02-25 17:23:43,911] {logging_mixin.py:103} INFO - [2021-02-25 17:23:43,911] {dag.py:2266} INFO - Setting next_dagrun for example_dag_decorator to None
[2021-02-25 17:23:43,918] {scheduler_job.py:189} INFO - Processing /home/i-sip_iot/anaconda3/envs/sandbox/lib/python3.7/site-packages/airflow/example_dags/example_dag_decorator.py took 0.027 seconds
[2021-02-25 17:24:11,957] {scheduler_job.py:181} INFO - Started process (PID=187208) to work on /home/i-sip_iot/anaconda3/envs/sandbox/lib/python3.7/site-packages/airflow/example_dags/example_dag_decorator.py
[2021-02-25 17:24:11,959] {scheduler_job.py:629} INFO - Processing file /home/i-sip_iot/anaconda3/envs/sandbox/lib/python3.7/site-packages/airflow/example_dags/example_dag_decorator.py for tasks to queue
[2021-02-25 17:24:11,960] {logging_mixin.py:103} INFO - [2021-02-25 17:24:11,960] {dagbag.py:440} INFO - Filling up the DagBag from /home/i-sip_iot/anaconda3/envs/sandbox/lib/python3.7/site-packages/airflow/example_dags/example_dag_decorator.py
[2021-02-25 17:24:11,983] {scheduler_job.py:639} INFO - DAG(s) dict_keys(['example_dag_decorator']) retrieved from /home/i-sip_iot/anaconda3/envs/sandbox/lib/python3.7/site-packages/airflow/example_dags/example_dag_decorator.py
[2021-02-25 17:24:11,984] {logging_mixin.py:103} INFO - [2021-02-25 17:24:11,984] {dag.py:1813} INFO - Sync 1 DAGs
[2021-02-25 17:24:11,997] {logging_mixin.py:103} INFO - [2021-02-25 17:24:11,997] {dag.py:2266} INFO - Setting next_dagrun for example_dag_decorator to None
[2021-02-25 17:24:12,017] {scheduler_job.py:189} INFO - Processing /home/i-sip_iot/anaconda3/envs/sandbox/lib/python3.7/site-packages/airflow/example_dags/example_dag_decorator.py took 0.066 seconds
[2021-02-25 17:24:38,872] {scheduler_job.py:181} INFO - Started process (PID=187438) to work on /home/i-sip_iot/anaconda3/envs/sandbox/lib/python3.7/site-packages/airflow/example_dags/example_dag_decorator.py
[2021-02-25 17:24:38,873] {scheduler_job.py:629} INFO - Processing file /home/i-sip_iot/anaconda3/envs/sandbox/lib/python3.7/site-packages/airflow/example_dags/example_dag_decorator.py for tasks to queue
[2021-02-25 17:24:38,874] {logging_mixin.py:103} INFO - [2021-02-25 17:24:38,874] {dagbag.py:440} INFO - Filling up the DagBag from /home/i-sip_iot/anaconda3/envs/sandbox/lib/python3.7/site-packages/airflow/example_dags/example_dag_decorator.py
[2021-02-25 17:24:38,883] {scheduler_job.py:639} INFO - DAG(s) dict_keys(['example_dag_decorator']) retrieved from /home/i-sip_iot/anaconda3/envs/sandbox/lib/python3.7/site-packages/airflow/example_dags/example_dag_decorator.py
[2021-02-25 17:24:38,884] {logging_mixin.py:103} INFO - [2021-02-25 17:24:38,884] {dag.py:1813} INFO - Sync 1 DAGs
[2021-02-25 17:24:38,895] {logging_mixin.py:103} INFO - [2021-02-25 17:24:38,895] {dag.py:2266} INFO - Setting next_dagrun for example_dag_decorator to None
[2021-02-25 17:24:38,900] {scheduler_job.py:189} INFO - Processing /home/i-sip_iot/anaconda3/envs/sandbox/lib/python3.7/site-packages/airflow/example_dags/example_dag_decorator.py took 0.030 seconds
[2021-02-25 17:25:05,220] {scheduler_job.py:181} INFO - Started process (PID=187528) to work on /home/i-sip_iot/anaconda3/envs/sandbox/lib/python3.7/site-packages/airflow/example_dags/example_dag_decorator.py
[2021-02-25 17:25:05,220] {scheduler_job.py:629} INFO - Processing file /home/i-sip_iot/anaconda3/envs/sandbox/lib/python3.7/site-packages/airflow/example_dags/example_dag_decorator.py for tasks to queue
[2021-02-25 17:25:05,221] {logging_mixin.py:103} INFO - [2021-02-25 17:25:05,221] {dagbag.py:440} INFO - Filling up the DagBag from /home/i-sip_iot/anaconda3/envs/sandbox/lib/python3.7/site-packages/airflow/example_dags/example_dag_decorator.py
[2021-02-25 17:25:05,227] {scheduler_job.py:639} INFO - DAG(s) dict_keys(['example_dag_decorator']) retrieved from /home/i-sip_iot/anaconda3/envs/sandbox/lib/python3.7/site-packages/airflow/example_dags/example_dag_decorator.py
[2021-02-25 17:25:05,228] {logging_mixin.py:103} INFO - [2021-02-25 17:25:05,228] {dag.py:1813} INFO - Sync 1 DAGs
[2021-02-25 17:25:05,236] {logging_mixin.py:103} INFO - [2021-02-25 17:25:05,236] {dag.py:2266} INFO - Setting next_dagrun for example_dag_decorator to None
[2021-02-25 17:25:05,254] {scheduler_job.py:189} INFO - Processing /home/i-sip_iot/anaconda3/envs/sandbox/lib/python3.7/site-packages/airflow/example_dags/example_dag_decorator.py took 0.036 seconds
[2021-02-25 17:25:33,263] {scheduler_job.py:181} INFO - Started process (PID=187588) to work on /home/i-sip_iot/anaconda3/envs/sandbox/lib/python3.7/site-packages/airflow/example_dags/example_dag_decorator.py
[2021-02-25 17:25:33,265] {scheduler_job.py:629} INFO - Processing file /home/i-sip_iot/anaconda3/envs/sandbox/lib/python3.7/site-packages/airflow/example_dags/example_dag_decorator.py for tasks to queue
[2021-02-25 17:25:33,266] {logging_mixin.py:103} INFO - [2021-02-25 17:25:33,266] {dagbag.py:440} INFO - Filling up the DagBag from /home/i-sip_iot/anaconda3/envs/sandbox/lib/python3.7/site-packages/airflow/example_dags/example_dag_decorator.py
[2021-02-25 17:25:33,288] {scheduler_job.py:639} INFO - DAG(s) dict_keys(['example_dag_decorator']) retrieved from /home/i-sip_iot/anaconda3/envs/sandbox/lib/python3.7/site-packages/airflow/example_dags/example_dag_decorator.py
[2021-02-25 17:25:33,288] {logging_mixin.py:103} INFO - [2021-02-25 17:25:33,288] {dag.py:1813} INFO - Sync 1 DAGs
[2021-02-25 17:25:33,301] {logging_mixin.py:103} INFO - [2021-02-25 17:25:33,301] {dag.py:2266} INFO - Setting next_dagrun for example_dag_decorator to None
[2021-02-25 17:25:33,307] {scheduler_job.py:189} INFO - Processing /home/i-sip_iot/anaconda3/envs/sandbox/lib/python3.7/site-packages/airflow/example_dags/example_dag_decorator.py took 0.050 seconds
[2021-02-25 17:26:00,315] {scheduler_job.py:181} INFO - Started process (PID=187864) to work on /home/i-sip_iot/anaconda3/envs/sandbox/lib/python3.7/site-packages/airflow/example_dags/example_dag_decorator.py
[2021-02-25 17:26:00,315] {scheduler_job.py:629} INFO - Processing file /home/i-sip_iot/anaconda3/envs/sandbox/lib/python3.7/site-packages/airflow/example_dags/example_dag_decorator.py for tasks to queue
[2021-02-25 17:26:00,315] {logging_mixin.py:103} INFO - [2021-02-25 17:26:00,315] {dagbag.py:440} INFO - Filling up the DagBag from /home/i-sip_iot/anaconda3/envs/sandbox/lib/python3.7/site-packages/airflow/example_dags/example_dag_decorator.py
[2021-02-25 17:26:00,322] {scheduler_job.py:639} INFO - DAG(s) dict_keys(['example_dag_decorator']) retrieved from /home/i-sip_iot/anaconda3/envs/sandbox/lib/python3.7/site-packages/airflow/example_dags/example_dag_decorator.py
[2021-02-25 17:26:00,323] {logging_mixin.py:103} INFO - [2021-02-25 17:26:00,323] {dag.py:1813} INFO - Sync 1 DAGs
[2021-02-25 17:26:00,332] {logging_mixin.py:103} INFO - [2021-02-25 17:26:00,332] {dag.py:2266} INFO - Setting next_dagrun for example_dag_decorator to None
[2021-02-25 17:26:00,349] {scheduler_job.py:189} INFO - Processing /home/i-sip_iot/anaconda3/envs/sandbox/lib/python3.7/site-packages/airflow/example_dags/example_dag_decorator.py took 0.036 seconds
[2021-02-25 17:26:27,547] {scheduler_job.py:181} INFO - Started process (PID=187941) to work on /home/i-sip_iot/anaconda3/envs/sandbox/lib/python3.7/site-packages/airflow/example_dags/example_dag_decorator.py
[2021-02-25 17:26:27,548] {scheduler_job.py:629} INFO - Processing file /home/i-sip_iot/anaconda3/envs/sandbox/lib/python3.7/site-packages/airflow/example_dags/example_dag_decorator.py for tasks to queue
[2021-02-25 17:26:27,548] {logging_mixin.py:103} INFO - [2021-02-25 17:26:27,548] {dagbag.py:440} INFO - Filling up the DagBag from /home/i-sip_iot/anaconda3/envs/sandbox/lib/python3.7/site-packages/airflow/example_dags/example_dag_decorator.py
[2021-02-25 17:26:27,554] {scheduler_job.py:639} INFO - DAG(s) dict_keys(['example_dag_decorator']) retrieved from /home/i-sip_iot/anaconda3/envs/sandbox/lib/python3.7/site-packages/airflow/example_dags/example_dag_decorator.py
[2021-02-25 17:26:27,555] {logging_mixin.py:103} INFO - [2021-02-25 17:26:27,554] {dag.py:1813} INFO - Sync 1 DAGs
[2021-02-25 17:26:27,563] {logging_mixin.py:103} INFO - [2021-02-25 17:26:27,563] {dag.py:2266} INFO - Setting next_dagrun for example_dag_decorator to None
[2021-02-25 17:26:27,567] {scheduler_job.py:189} INFO - Processing /home/i-sip_iot/anaconda3/envs/sandbox/lib/python3.7/site-packages/airflow/example_dags/example_dag_decorator.py took 0.021 seconds
[2021-02-25 17:26:54,433] {scheduler_job.py:181} INFO - Started process (PID=188198) to work on /home/i-sip_iot/anaconda3/envs/sandbox/lib/python3.7/site-packages/airflow/example_dags/example_dag_decorator.py
[2021-02-25 17:26:54,433] {scheduler_job.py:629} INFO - Processing file /home/i-sip_iot/anaconda3/envs/sandbox/lib/python3.7/site-packages/airflow/example_dags/example_dag_decorator.py for tasks to queue
[2021-02-25 17:26:54,434] {logging_mixin.py:103} INFO - [2021-02-25 17:26:54,434] {dagbag.py:440} INFO - Filling up the DagBag from /home/i-sip_iot/anaconda3/envs/sandbox/lib/python3.7/site-packages/airflow/example_dags/example_dag_decorator.py
[2021-02-25 17:26:54,442] {scheduler_job.py:639} INFO - DAG(s) dict_keys(['example_dag_decorator']) retrieved from /home/i-sip_iot/anaconda3/envs/sandbox/lib/python3.7/site-packages/airflow/example_dags/example_dag_decorator.py
[2021-02-25 17:26:54,442] {logging_mixin.py:103} INFO - [2021-02-25 17:26:54,442] {dag.py:1813} INFO - Sync 1 DAGs
[2021-02-25 17:26:54,452] {logging_mixin.py:103} INFO - [2021-02-25 17:26:54,451] {dag.py:2266} INFO - Setting next_dagrun for example_dag_decorator to None
[2021-02-25 17:26:54,472] {scheduler_job.py:189} INFO - Processing /home/i-sip_iot/anaconda3/envs/sandbox/lib/python3.7/site-packages/airflow/example_dags/example_dag_decorator.py took 0.042 seconds
[2021-02-25 17:27:20,185] {scheduler_job.py:181} INFO - Started process (PID=188289) to work on /home/i-sip_iot/anaconda3/envs/sandbox/lib/python3.7/site-packages/airflow/example_dags/example_dag_decorator.py
[2021-02-25 17:27:20,185] {scheduler_job.py:629} INFO - Processing file /home/i-sip_iot/anaconda3/envs/sandbox/lib/python3.7/site-packages/airflow/example_dags/example_dag_decorator.py for tasks to queue
[2021-02-25 17:27:20,186] {logging_mixin.py:103} INFO - [2021-02-25 17:27:20,186] {dagbag.py:440} INFO - Filling up the DagBag from /home/i-sip_iot/anaconda3/envs/sandbox/lib/python3.7/site-packages/airflow/example_dags/example_dag_decorator.py
[2021-02-25 17:27:20,194] {scheduler_job.py:639} INFO - DAG(s) dict_keys(['example_dag_decorator']) retrieved from /home/i-sip_iot/anaconda3/envs/sandbox/lib/python3.7/site-packages/airflow/example_dags/example_dag_decorator.py
[2021-02-25 17:27:20,195] {logging_mixin.py:103} INFO - [2021-02-25 17:27:20,195] {dag.py:1813} INFO - Sync 1 DAGs
[2021-02-25 17:27:20,205] {logging_mixin.py:103} INFO - [2021-02-25 17:27:20,205] {dag.py:2266} INFO - Setting next_dagrun for example_dag_decorator to None
[2021-02-25 17:27:20,210] {scheduler_job.py:189} INFO - Processing /home/i-sip_iot/anaconda3/envs/sandbox/lib/python3.7/site-packages/airflow/example_dags/example_dag_decorator.py took 0.028 seconds
