[2021-02-25 17:15:24,338] {scheduler_job.py:181} INFO - Started process (PID=184362) to work on /home/i-sip_iot/anaconda3/envs/sandbox/lib/python3.7/site-packages/airflow/example_dags/example_subdag_operator.py
[2021-02-25 17:15:24,339] {scheduler_job.py:629} INFO - Processing file /home/i-sip_iot/anaconda3/envs/sandbox/lib/python3.7/site-packages/airflow/example_dags/example_subdag_operator.py for tasks to queue
[2021-02-25 17:15:24,340] {logging_mixin.py:103} INFO - [2021-02-25 17:15:24,340] {dagbag.py:440} INFO - Filling up the DagBag from /home/i-sip_iot/anaconda3/envs/sandbox/lib/python3.7/site-packages/airflow/example_dags/example_subdag_operator.py
[2021-02-25 17:15:24,356] {scheduler_job.py:639} INFO - DAG(s) dict_keys(['example_subdag_operator.section-1', 'example_subdag_operator.section-2', 'example_subdag_operator']) retrieved from /home/i-sip_iot/anaconda3/envs/sandbox/lib/python3.7/site-packages/airflow/example_dags/example_subdag_operator.py
[2021-02-25 17:15:24,357] {logging_mixin.py:103} INFO - [2021-02-25 17:15:24,357] {dag.py:1813} INFO - Sync 3 DAGs
[2021-02-25 17:15:24,365] {logging_mixin.py:103} INFO - [2021-02-25 17:15:24,365] {dag.py:2266} INFO - Setting next_dagrun for example_subdag_operator to 2021-02-23 00:00:00+00:00
[2021-02-25 17:15:24,366] {logging_mixin.py:103} INFO - [2021-02-25 17:15:24,366] {dag.py:2266} INFO - Setting next_dagrun for example_subdag_operator.section-1 to None
[2021-02-25 17:15:24,366] {logging_mixin.py:103} INFO - [2021-02-25 17:15:24,366] {dag.py:2266} INFO - Setting next_dagrun for example_subdag_operator.section-2 to None
[2021-02-25 17:15:24,385] {logging_mixin.py:103} INFO - [2021-02-25 17:15:24,385] {dag.py:1813} INFO - Sync 2 DAGs
[2021-02-25 17:15:24,390] {logging_mixin.py:103} INFO - [2021-02-25 17:15:24,390] {dag.py:2266} INFO - Setting next_dagrun for example_subdag_operator.section-1 to None
[2021-02-25 17:15:24,390] {logging_mixin.py:103} INFO - [2021-02-25 17:15:24,390] {dag.py:2266} INFO - Setting next_dagrun for example_subdag_operator.section-2 to None
[2021-02-25 17:15:24,407] {scheduler_job.py:189} INFO - Processing /home/i-sip_iot/anaconda3/envs/sandbox/lib/python3.7/site-packages/airflow/example_dags/example_subdag_operator.py took 0.071 seconds
[2021-02-25 17:15:52,383] {scheduler_job.py:181} INFO - Started process (PID=184601) to work on /home/i-sip_iot/anaconda3/envs/sandbox/lib/python3.7/site-packages/airflow/example_dags/example_subdag_operator.py
[2021-02-25 17:15:52,384] {scheduler_job.py:629} INFO - Processing file /home/i-sip_iot/anaconda3/envs/sandbox/lib/python3.7/site-packages/airflow/example_dags/example_subdag_operator.py for tasks to queue
[2021-02-25 17:15:52,384] {logging_mixin.py:103} INFO - [2021-02-25 17:15:52,384] {dagbag.py:440} INFO - Filling up the DagBag from /home/i-sip_iot/anaconda3/envs/sandbox/lib/python3.7/site-packages/airflow/example_dags/example_subdag_operator.py
[2021-02-25 17:15:52,395] {scheduler_job.py:639} INFO - DAG(s) dict_keys(['example_subdag_operator.section-1', 'example_subdag_operator.section-2', 'example_subdag_operator']) retrieved from /home/i-sip_iot/anaconda3/envs/sandbox/lib/python3.7/site-packages/airflow/example_dags/example_subdag_operator.py
[2021-02-25 17:15:52,396] {logging_mixin.py:103} INFO - [2021-02-25 17:15:52,396] {dag.py:1813} INFO - Sync 3 DAGs
[2021-02-25 17:15:52,403] {logging_mixin.py:103} INFO - [2021-02-25 17:15:52,403] {dag.py:2266} INFO - Setting next_dagrun for example_subdag_operator to 2021-02-23 00:00:00+00:00
[2021-02-25 17:15:52,403] {logging_mixin.py:103} INFO - [2021-02-25 17:15:52,403] {dag.py:2266} INFO - Setting next_dagrun for example_subdag_operator.section-1 to None
[2021-02-25 17:15:52,403] {logging_mixin.py:103} INFO - [2021-02-25 17:15:52,403] {dag.py:2266} INFO - Setting next_dagrun for example_subdag_operator.section-2 to None
[2021-02-25 17:15:52,405] {logging_mixin.py:103} INFO - [2021-02-25 17:15:52,405] {dag.py:1813} INFO - Sync 2 DAGs
[2021-02-25 17:15:52,409] {logging_mixin.py:103} INFO - [2021-02-25 17:15:52,409] {dag.py:2266} INFO - Setting next_dagrun for example_subdag_operator.section-1 to None
[2021-02-25 17:15:52,409] {logging_mixin.py:103} INFO - [2021-02-25 17:15:52,409] {dag.py:2266} INFO - Setting next_dagrun for example_subdag_operator.section-2 to None
[2021-02-25 17:15:52,412] {scheduler_job.py:189} INFO - Processing /home/i-sip_iot/anaconda3/envs/sandbox/lib/python3.7/site-packages/airflow/example_dags/example_subdag_operator.py took 0.030 seconds
[2021-02-25 17:16:19,339] {scheduler_job.py:181} INFO - Started process (PID=184662) to work on /home/i-sip_iot/anaconda3/envs/sandbox/lib/python3.7/site-packages/airflow/example_dags/example_subdag_operator.py
[2021-02-25 17:16:19,341] {scheduler_job.py:629} INFO - Processing file /home/i-sip_iot/anaconda3/envs/sandbox/lib/python3.7/site-packages/airflow/example_dags/example_subdag_operator.py for tasks to queue
[2021-02-25 17:16:19,342] {logging_mixin.py:103} INFO - [2021-02-25 17:16:19,342] {dagbag.py:440} INFO - Filling up the DagBag from /home/i-sip_iot/anaconda3/envs/sandbox/lib/python3.7/site-packages/airflow/example_dags/example_subdag_operator.py
[2021-02-25 17:16:19,370] {scheduler_job.py:639} INFO - DAG(s) dict_keys(['example_subdag_operator.section-1', 'example_subdag_operator.section-2', 'example_subdag_operator']) retrieved from /home/i-sip_iot/anaconda3/envs/sandbox/lib/python3.7/site-packages/airflow/example_dags/example_subdag_operator.py
[2021-02-25 17:16:19,371] {logging_mixin.py:103} INFO - [2021-02-25 17:16:19,371] {dag.py:1813} INFO - Sync 3 DAGs
[2021-02-25 17:16:19,379] {logging_mixin.py:103} INFO - [2021-02-25 17:16:19,379] {dag.py:2266} INFO - Setting next_dagrun for example_subdag_operator to 2021-02-23 00:00:00+00:00
[2021-02-25 17:16:19,380] {logging_mixin.py:103} INFO - [2021-02-25 17:16:19,380] {dag.py:2266} INFO - Setting next_dagrun for example_subdag_operator.section-1 to None
[2021-02-25 17:16:19,380] {logging_mixin.py:103} INFO - [2021-02-25 17:16:19,380] {dag.py:2266} INFO - Setting next_dagrun for example_subdag_operator.section-2 to None
[2021-02-25 17:16:19,382] {logging_mixin.py:103} INFO - [2021-02-25 17:16:19,382] {dag.py:1813} INFO - Sync 2 DAGs
[2021-02-25 17:16:19,386] {logging_mixin.py:103} INFO - [2021-02-25 17:16:19,386] {dag.py:2266} INFO - Setting next_dagrun for example_subdag_operator.section-1 to None
[2021-02-25 17:16:19,386] {logging_mixin.py:103} INFO - [2021-02-25 17:16:19,386] {dag.py:2266} INFO - Setting next_dagrun for example_subdag_operator.section-2 to None
[2021-02-25 17:16:19,393] {scheduler_job.py:189} INFO - Processing /home/i-sip_iot/anaconda3/envs/sandbox/lib/python3.7/site-packages/airflow/example_dags/example_subdag_operator.py took 0.060 seconds
[2021-02-25 17:16:46,854] {scheduler_job.py:181} INFO - Started process (PID=184903) to work on /home/i-sip_iot/anaconda3/envs/sandbox/lib/python3.7/site-packages/airflow/example_dags/example_subdag_operator.py
[2021-02-25 17:16:46,856] {scheduler_job.py:629} INFO - Processing file /home/i-sip_iot/anaconda3/envs/sandbox/lib/python3.7/site-packages/airflow/example_dags/example_subdag_operator.py for tasks to queue
[2021-02-25 17:16:46,857] {logging_mixin.py:103} INFO - [2021-02-25 17:16:46,857] {dagbag.py:440} INFO - Filling up the DagBag from /home/i-sip_iot/anaconda3/envs/sandbox/lib/python3.7/site-packages/airflow/example_dags/example_subdag_operator.py
[2021-02-25 17:16:46,888] {scheduler_job.py:639} INFO - DAG(s) dict_keys(['example_subdag_operator.section-1', 'example_subdag_operator.section-2', 'example_subdag_operator']) retrieved from /home/i-sip_iot/anaconda3/envs/sandbox/lib/python3.7/site-packages/airflow/example_dags/example_subdag_operator.py
[2021-02-25 17:16:46,889] {logging_mixin.py:103} INFO - [2021-02-25 17:16:46,889] {dag.py:1813} INFO - Sync 3 DAGs
[2021-02-25 17:16:46,898] {logging_mixin.py:103} INFO - [2021-02-25 17:16:46,898] {dag.py:2266} INFO - Setting next_dagrun for example_subdag_operator to 2021-02-23 00:00:00+00:00
[2021-02-25 17:16:46,899] {logging_mixin.py:103} INFO - [2021-02-25 17:16:46,898] {dag.py:2266} INFO - Setting next_dagrun for example_subdag_operator.section-1 to None
[2021-02-25 17:16:46,899] {logging_mixin.py:103} INFO - [2021-02-25 17:16:46,899] {dag.py:2266} INFO - Setting next_dagrun for example_subdag_operator.section-2 to None
[2021-02-25 17:16:46,901] {logging_mixin.py:103} INFO - [2021-02-25 17:16:46,901] {dag.py:1813} INFO - Sync 2 DAGs
[2021-02-25 17:16:46,905] {logging_mixin.py:103} INFO - [2021-02-25 17:16:46,905] {dag.py:2266} INFO - Setting next_dagrun for example_subdag_operator.section-1 to None
[2021-02-25 17:16:46,905] {logging_mixin.py:103} INFO - [2021-02-25 17:16:46,905] {dag.py:2266} INFO - Setting next_dagrun for example_subdag_operator.section-2 to None
[2021-02-25 17:16:46,911] {scheduler_job.py:189} INFO - Processing /home/i-sip_iot/anaconda3/envs/sandbox/lib/python3.7/site-packages/airflow/example_dags/example_subdag_operator.py took 0.065 seconds
[2021-02-25 17:17:13,688] {scheduler_job.py:181} INFO - Started process (PID=184981) to work on /home/i-sip_iot/anaconda3/envs/sandbox/lib/python3.7/site-packages/airflow/example_dags/example_subdag_operator.py
[2021-02-25 17:17:13,689] {scheduler_job.py:629} INFO - Processing file /home/i-sip_iot/anaconda3/envs/sandbox/lib/python3.7/site-packages/airflow/example_dags/example_subdag_operator.py for tasks to queue
[2021-02-25 17:17:13,689] {logging_mixin.py:103} INFO - [2021-02-25 17:17:13,689] {dagbag.py:440} INFO - Filling up the DagBag from /home/i-sip_iot/anaconda3/envs/sandbox/lib/python3.7/site-packages/airflow/example_dags/example_subdag_operator.py
[2021-02-25 17:17:13,704] {scheduler_job.py:639} INFO - DAG(s) dict_keys(['example_subdag_operator.section-1', 'example_subdag_operator.section-2', 'example_subdag_operator']) retrieved from /home/i-sip_iot/anaconda3/envs/sandbox/lib/python3.7/site-packages/airflow/example_dags/example_subdag_operator.py
[2021-02-25 17:17:13,704] {logging_mixin.py:103} INFO - [2021-02-25 17:17:13,704] {dag.py:1813} INFO - Sync 3 DAGs
[2021-02-25 17:17:13,717] {logging_mixin.py:103} INFO - [2021-02-25 17:17:13,717] {dag.py:2266} INFO - Setting next_dagrun for example_subdag_operator to 2021-02-23 00:00:00+00:00
[2021-02-25 17:17:13,718] {logging_mixin.py:103} INFO - [2021-02-25 17:17:13,718] {dag.py:2266} INFO - Setting next_dagrun for example_subdag_operator.section-1 to None
[2021-02-25 17:17:13,718] {logging_mixin.py:103} INFO - [2021-02-25 17:17:13,718] {dag.py:2266} INFO - Setting next_dagrun for example_subdag_operator.section-2 to None
[2021-02-25 17:17:13,724] {logging_mixin.py:103} INFO - [2021-02-25 17:17:13,724] {dag.py:1813} INFO - Sync 2 DAGs
[2021-02-25 17:17:13,733] {logging_mixin.py:103} INFO - [2021-02-25 17:17:13,733] {dag.py:2266} INFO - Setting next_dagrun for example_subdag_operator.section-1 to None
[2021-02-25 17:17:13,733] {logging_mixin.py:103} INFO - [2021-02-25 17:17:13,733] {dag.py:2266} INFO - Setting next_dagrun for example_subdag_operator.section-2 to None
[2021-02-25 17:17:13,750] {scheduler_job.py:189} INFO - Processing /home/i-sip_iot/anaconda3/envs/sandbox/lib/python3.7/site-packages/airflow/example_dags/example_subdag_operator.py took 0.064 seconds
[2021-02-25 17:17:41,348] {scheduler_job.py:181} INFO - Started process (PID=185224) to work on /home/i-sip_iot/anaconda3/envs/sandbox/lib/python3.7/site-packages/airflow/example_dags/example_subdag_operator.py
[2021-02-25 17:17:41,351] {scheduler_job.py:629} INFO - Processing file /home/i-sip_iot/anaconda3/envs/sandbox/lib/python3.7/site-packages/airflow/example_dags/example_subdag_operator.py for tasks to queue
[2021-02-25 17:17:41,353] {logging_mixin.py:103} INFO - [2021-02-25 17:17:41,352] {dagbag.py:440} INFO - Filling up the DagBag from /home/i-sip_iot/anaconda3/envs/sandbox/lib/python3.7/site-packages/airflow/example_dags/example_subdag_operator.py
[2021-02-25 17:17:41,378] {scheduler_job.py:639} INFO - DAG(s) dict_keys(['example_subdag_operator.section-1', 'example_subdag_operator.section-2', 'example_subdag_operator']) retrieved from /home/i-sip_iot/anaconda3/envs/sandbox/lib/python3.7/site-packages/airflow/example_dags/example_subdag_operator.py
[2021-02-25 17:17:41,379] {logging_mixin.py:103} INFO - [2021-02-25 17:17:41,379] {dag.py:1813} INFO - Sync 3 DAGs
[2021-02-25 17:17:41,386] {logging_mixin.py:103} INFO - [2021-02-25 17:17:41,386] {dag.py:2266} INFO - Setting next_dagrun for example_subdag_operator to 2021-02-23 00:00:00+00:00
[2021-02-25 17:17:41,387] {logging_mixin.py:103} INFO - [2021-02-25 17:17:41,387] {dag.py:2266} INFO - Setting next_dagrun for example_subdag_operator.section-1 to None
[2021-02-25 17:17:41,387] {logging_mixin.py:103} INFO - [2021-02-25 17:17:41,387] {dag.py:2266} INFO - Setting next_dagrun for example_subdag_operator.section-2 to None
[2021-02-25 17:17:41,389] {logging_mixin.py:103} INFO - [2021-02-25 17:17:41,389] {dag.py:1813} INFO - Sync 2 DAGs
[2021-02-25 17:17:41,392] {logging_mixin.py:103} INFO - [2021-02-25 17:17:41,392] {dag.py:2266} INFO - Setting next_dagrun for example_subdag_operator.section-1 to None
[2021-02-25 17:17:41,393] {logging_mixin.py:103} INFO - [2021-02-25 17:17:41,392] {dag.py:2266} INFO - Setting next_dagrun for example_subdag_operator.section-2 to None
[2021-02-25 17:17:41,401] {scheduler_job.py:189} INFO - Processing /home/i-sip_iot/anaconda3/envs/sandbox/lib/python3.7/site-packages/airflow/example_dags/example_subdag_operator.py took 0.060 seconds
[2021-02-25 17:18:08,116] {scheduler_job.py:181} INFO - Started process (PID=185287) to work on /home/i-sip_iot/anaconda3/envs/sandbox/lib/python3.7/site-packages/airflow/example_dags/example_subdag_operator.py
[2021-02-25 17:18:08,119] {scheduler_job.py:629} INFO - Processing file /home/i-sip_iot/anaconda3/envs/sandbox/lib/python3.7/site-packages/airflow/example_dags/example_subdag_operator.py for tasks to queue
[2021-02-25 17:18:08,120] {logging_mixin.py:103} INFO - [2021-02-25 17:18:08,119] {dagbag.py:440} INFO - Filling up the DagBag from /home/i-sip_iot/anaconda3/envs/sandbox/lib/python3.7/site-packages/airflow/example_dags/example_subdag_operator.py
[2021-02-25 17:18:08,153] {scheduler_job.py:639} INFO - DAG(s) dict_keys(['example_subdag_operator.section-1', 'example_subdag_operator.section-2', 'example_subdag_operator']) retrieved from /home/i-sip_iot/anaconda3/envs/sandbox/lib/python3.7/site-packages/airflow/example_dags/example_subdag_operator.py
[2021-02-25 17:18:08,154] {logging_mixin.py:103} INFO - [2021-02-25 17:18:08,154] {dag.py:1813} INFO - Sync 3 DAGs
[2021-02-25 17:18:08,165] {logging_mixin.py:103} INFO - [2021-02-25 17:18:08,165] {dag.py:2266} INFO - Setting next_dagrun for example_subdag_operator to 2021-02-23 00:00:00+00:00
[2021-02-25 17:18:08,165] {logging_mixin.py:103} INFO - [2021-02-25 17:18:08,165] {dag.py:2266} INFO - Setting next_dagrun for example_subdag_operator.section-1 to None
[2021-02-25 17:18:08,165] {logging_mixin.py:103} INFO - [2021-02-25 17:18:08,165] {dag.py:2266} INFO - Setting next_dagrun for example_subdag_operator.section-2 to None
[2021-02-25 17:18:08,168] {logging_mixin.py:103} INFO - [2021-02-25 17:18:08,168] {dag.py:1813} INFO - Sync 2 DAGs
[2021-02-25 17:18:08,172] {logging_mixin.py:103} INFO - [2021-02-25 17:18:08,172] {dag.py:2266} INFO - Setting next_dagrun for example_subdag_operator.section-1 to None
[2021-02-25 17:18:08,172] {logging_mixin.py:103} INFO - [2021-02-25 17:18:08,172] {dag.py:2266} INFO - Setting next_dagrun for example_subdag_operator.section-2 to None
[2021-02-25 17:18:08,179] {scheduler_job.py:189} INFO - Processing /home/i-sip_iot/anaconda3/envs/sandbox/lib/python3.7/site-packages/airflow/example_dags/example_subdag_operator.py took 0.068 seconds
[2021-02-25 17:18:36,119] {scheduler_job.py:181} INFO - Started process (PID=185519) to work on /home/i-sip_iot/anaconda3/envs/sandbox/lib/python3.7/site-packages/airflow/example_dags/example_subdag_operator.py
[2021-02-25 17:18:36,119] {scheduler_job.py:629} INFO - Processing file /home/i-sip_iot/anaconda3/envs/sandbox/lib/python3.7/site-packages/airflow/example_dags/example_subdag_operator.py for tasks to queue
[2021-02-25 17:18:36,120] {logging_mixin.py:103} INFO - [2021-02-25 17:18:36,120] {dagbag.py:440} INFO - Filling up the DagBag from /home/i-sip_iot/anaconda3/envs/sandbox/lib/python3.7/site-packages/airflow/example_dags/example_subdag_operator.py
[2021-02-25 17:18:36,139] {scheduler_job.py:639} INFO - DAG(s) dict_keys(['example_subdag_operator.section-1', 'example_subdag_operator.section-2', 'example_subdag_operator']) retrieved from /home/i-sip_iot/anaconda3/envs/sandbox/lib/python3.7/site-packages/airflow/example_dags/example_subdag_operator.py
[2021-02-25 17:18:36,140] {logging_mixin.py:103} INFO - [2021-02-25 17:18:36,140] {dag.py:1813} INFO - Sync 3 DAGs
[2021-02-25 17:18:36,150] {logging_mixin.py:103} INFO - [2021-02-25 17:18:36,150] {dag.py:2266} INFO - Setting next_dagrun for example_subdag_operator to 2021-02-23 00:00:00+00:00
[2021-02-25 17:18:36,151] {logging_mixin.py:103} INFO - [2021-02-25 17:18:36,151] {dag.py:2266} INFO - Setting next_dagrun for example_subdag_operator.section-1 to None
[2021-02-25 17:18:36,151] {logging_mixin.py:103} INFO - [2021-02-25 17:18:36,151] {dag.py:2266} INFO - Setting next_dagrun for example_subdag_operator.section-2 to None
[2021-02-25 17:18:36,153] {logging_mixin.py:103} INFO - [2021-02-25 17:18:36,153] {dag.py:1813} INFO - Sync 2 DAGs
[2021-02-25 17:18:36,157] {logging_mixin.py:103} INFO - [2021-02-25 17:18:36,157] {dag.py:2266} INFO - Setting next_dagrun for example_subdag_operator.section-1 to None
[2021-02-25 17:18:36,157] {logging_mixin.py:103} INFO - [2021-02-25 17:18:36,157] {dag.py:2266} INFO - Setting next_dagrun for example_subdag_operator.section-2 to None
[2021-02-25 17:18:36,164] {scheduler_job.py:189} INFO - Processing /home/i-sip_iot/anaconda3/envs/sandbox/lib/python3.7/site-packages/airflow/example_dags/example_subdag_operator.py took 0.048 seconds
[2021-02-25 17:19:02,863] {scheduler_job.py:181} INFO - Started process (PID=185611) to work on /home/i-sip_iot/anaconda3/envs/sandbox/lib/python3.7/site-packages/airflow/example_dags/example_subdag_operator.py
[2021-02-25 17:19:02,866] {scheduler_job.py:629} INFO - Processing file /home/i-sip_iot/anaconda3/envs/sandbox/lib/python3.7/site-packages/airflow/example_dags/example_subdag_operator.py for tasks to queue
[2021-02-25 17:19:02,867] {logging_mixin.py:103} INFO - [2021-02-25 17:19:02,867] {dagbag.py:440} INFO - Filling up the DagBag from /home/i-sip_iot/anaconda3/envs/sandbox/lib/python3.7/site-packages/airflow/example_dags/example_subdag_operator.py
[2021-02-25 17:19:02,896] {scheduler_job.py:639} INFO - DAG(s) dict_keys(['example_subdag_operator.section-1', 'example_subdag_operator.section-2', 'example_subdag_operator']) retrieved from /home/i-sip_iot/anaconda3/envs/sandbox/lib/python3.7/site-packages/airflow/example_dags/example_subdag_operator.py
[2021-02-25 17:19:02,896] {logging_mixin.py:103} INFO - [2021-02-25 17:19:02,896] {dag.py:1813} INFO - Sync 3 DAGs
[2021-02-25 17:19:02,904] {logging_mixin.py:103} INFO - [2021-02-25 17:19:02,904] {dag.py:2266} INFO - Setting next_dagrun for example_subdag_operator to 2021-02-23 00:00:00+00:00
[2021-02-25 17:19:02,904] {logging_mixin.py:103} INFO - [2021-02-25 17:19:02,904] {dag.py:2266} INFO - Setting next_dagrun for example_subdag_operator.section-1 to None
[2021-02-25 17:19:02,904] {logging_mixin.py:103} INFO - [2021-02-25 17:19:02,904] {dag.py:2266} INFO - Setting next_dagrun for example_subdag_operator.section-2 to None
[2021-02-25 17:19:02,907] {logging_mixin.py:103} INFO - [2021-02-25 17:19:02,907] {dag.py:1813} INFO - Sync 2 DAGs
[2021-02-25 17:19:02,911] {logging_mixin.py:103} INFO - [2021-02-25 17:19:02,911] {dag.py:2266} INFO - Setting next_dagrun for example_subdag_operator.section-1 to None
[2021-02-25 17:19:02,911] {logging_mixin.py:103} INFO - [2021-02-25 17:19:02,911] {dag.py:2266} INFO - Setting next_dagrun for example_subdag_operator.section-2 to None
[2021-02-25 17:19:02,918] {scheduler_job.py:189} INFO - Processing /home/i-sip_iot/anaconda3/envs/sandbox/lib/python3.7/site-packages/airflow/example_dags/example_subdag_operator.py took 0.062 seconds
[2021-02-25 17:19:29,778] {scheduler_job.py:181} INFO - Started process (PID=185679) to work on /home/i-sip_iot/anaconda3/envs/sandbox/lib/python3.7/site-packages/airflow/example_dags/example_subdag_operator.py
[2021-02-25 17:19:29,781] {scheduler_job.py:629} INFO - Processing file /home/i-sip_iot/anaconda3/envs/sandbox/lib/python3.7/site-packages/airflow/example_dags/example_subdag_operator.py for tasks to queue
[2021-02-25 17:19:29,782] {logging_mixin.py:103} INFO - [2021-02-25 17:19:29,782] {dagbag.py:440} INFO - Filling up the DagBag from /home/i-sip_iot/anaconda3/envs/sandbox/lib/python3.7/site-packages/airflow/example_dags/example_subdag_operator.py
[2021-02-25 17:19:29,812] {scheduler_job.py:639} INFO - DAG(s) dict_keys(['example_subdag_operator.section-1', 'example_subdag_operator.section-2', 'example_subdag_operator']) retrieved from /home/i-sip_iot/anaconda3/envs/sandbox/lib/python3.7/site-packages/airflow/example_dags/example_subdag_operator.py
[2021-02-25 17:19:29,812] {logging_mixin.py:103} INFO - [2021-02-25 17:19:29,812] {dag.py:1813} INFO - Sync 3 DAGs
[2021-02-25 17:19:29,821] {logging_mixin.py:103} INFO - [2021-02-25 17:19:29,821] {dag.py:2266} INFO - Setting next_dagrun for example_subdag_operator to 2021-02-23 00:00:00+00:00
[2021-02-25 17:19:29,822] {logging_mixin.py:103} INFO - [2021-02-25 17:19:29,822] {dag.py:2266} INFO - Setting next_dagrun for example_subdag_operator.section-1 to None
[2021-02-25 17:19:29,822] {logging_mixin.py:103} INFO - [2021-02-25 17:19:29,822] {dag.py:2266} INFO - Setting next_dagrun for example_subdag_operator.section-2 to None
[2021-02-25 17:19:29,825] {logging_mixin.py:103} INFO - [2021-02-25 17:19:29,824] {dag.py:1813} INFO - Sync 2 DAGs
[2021-02-25 17:19:29,828] {logging_mixin.py:103} INFO - [2021-02-25 17:19:29,828] {dag.py:2266} INFO - Setting next_dagrun for example_subdag_operator.section-1 to None
[2021-02-25 17:19:29,828] {logging_mixin.py:103} INFO - [2021-02-25 17:19:29,828] {dag.py:2266} INFO - Setting next_dagrun for example_subdag_operator.section-2 to None
[2021-02-25 17:19:29,835] {scheduler_job.py:189} INFO - Processing /home/i-sip_iot/anaconda3/envs/sandbox/lib/python3.7/site-packages/airflow/example_dags/example_subdag_operator.py took 0.063 seconds
[2021-02-25 17:19:57,345] {scheduler_job.py:181} INFO - Started process (PID=185905) to work on /home/i-sip_iot/anaconda3/envs/sandbox/lib/python3.7/site-packages/airflow/example_dags/example_subdag_operator.py
[2021-02-25 17:19:57,347] {scheduler_job.py:629} INFO - Processing file /home/i-sip_iot/anaconda3/envs/sandbox/lib/python3.7/site-packages/airflow/example_dags/example_subdag_operator.py for tasks to queue
[2021-02-25 17:19:57,349] {logging_mixin.py:103} INFO - [2021-02-25 17:19:57,348] {dagbag.py:440} INFO - Filling up the DagBag from /home/i-sip_iot/anaconda3/envs/sandbox/lib/python3.7/site-packages/airflow/example_dags/example_subdag_operator.py
[2021-02-25 17:19:57,377] {scheduler_job.py:639} INFO - DAG(s) dict_keys(['example_subdag_operator.section-1', 'example_subdag_operator.section-2', 'example_subdag_operator']) retrieved from /home/i-sip_iot/anaconda3/envs/sandbox/lib/python3.7/site-packages/airflow/example_dags/example_subdag_operator.py
[2021-02-25 17:19:57,378] {logging_mixin.py:103} INFO - [2021-02-25 17:19:57,378] {dag.py:1813} INFO - Sync 3 DAGs
[2021-02-25 17:19:57,388] {logging_mixin.py:103} INFO - [2021-02-25 17:19:57,388] {dag.py:2266} INFO - Setting next_dagrun for example_subdag_operator to 2021-02-23 00:00:00+00:00
[2021-02-25 17:19:57,388] {logging_mixin.py:103} INFO - [2021-02-25 17:19:57,388] {dag.py:2266} INFO - Setting next_dagrun for example_subdag_operator.section-1 to None
[2021-02-25 17:19:57,388] {logging_mixin.py:103} INFO - [2021-02-25 17:19:57,388] {dag.py:2266} INFO - Setting next_dagrun for example_subdag_operator.section-2 to None
[2021-02-25 17:19:57,391] {logging_mixin.py:103} INFO - [2021-02-25 17:19:57,391] {dag.py:1813} INFO - Sync 2 DAGs
[2021-02-25 17:19:57,394] {logging_mixin.py:103} INFO - [2021-02-25 17:19:57,394] {dag.py:2266} INFO - Setting next_dagrun for example_subdag_operator.section-1 to None
[2021-02-25 17:19:57,394] {logging_mixin.py:103} INFO - [2021-02-25 17:19:57,394] {dag.py:2266} INFO - Setting next_dagrun for example_subdag_operator.section-2 to None
[2021-02-25 17:19:57,401] {scheduler_job.py:189} INFO - Processing /home/i-sip_iot/anaconda3/envs/sandbox/lib/python3.7/site-packages/airflow/example_dags/example_subdag_operator.py took 0.062 seconds
[2021-02-25 17:20:24,208] {scheduler_job.py:181} INFO - Started process (PID=185986) to work on /home/i-sip_iot/anaconda3/envs/sandbox/lib/python3.7/site-packages/airflow/example_dags/example_subdag_operator.py
[2021-02-25 17:20:24,209] {scheduler_job.py:629} INFO - Processing file /home/i-sip_iot/anaconda3/envs/sandbox/lib/python3.7/site-packages/airflow/example_dags/example_subdag_operator.py for tasks to queue
[2021-02-25 17:20:24,209] {logging_mixin.py:103} INFO - [2021-02-25 17:20:24,209] {dagbag.py:440} INFO - Filling up the DagBag from /home/i-sip_iot/anaconda3/envs/sandbox/lib/python3.7/site-packages/airflow/example_dags/example_subdag_operator.py
[2021-02-25 17:20:24,221] {scheduler_job.py:639} INFO - DAG(s) dict_keys(['example_subdag_operator.section-1', 'example_subdag_operator.section-2', 'example_subdag_operator']) retrieved from /home/i-sip_iot/anaconda3/envs/sandbox/lib/python3.7/site-packages/airflow/example_dags/example_subdag_operator.py
[2021-02-25 17:20:24,222] {logging_mixin.py:103} INFO - [2021-02-25 17:20:24,222] {dag.py:1813} INFO - Sync 3 DAGs
[2021-02-25 17:20:24,228] {logging_mixin.py:103} INFO - [2021-02-25 17:20:24,228] {dag.py:2266} INFO - Setting next_dagrun for example_subdag_operator to 2021-02-23 00:00:00+00:00
[2021-02-25 17:20:24,228] {logging_mixin.py:103} INFO - [2021-02-25 17:20:24,228] {dag.py:2266} INFO - Setting next_dagrun for example_subdag_operator.section-1 to None
[2021-02-25 17:20:24,228] {logging_mixin.py:103} INFO - [2021-02-25 17:20:24,228] {dag.py:2266} INFO - Setting next_dagrun for example_subdag_operator.section-2 to None
[2021-02-25 17:20:24,231] {logging_mixin.py:103} INFO - [2021-02-25 17:20:24,231] {dag.py:1813} INFO - Sync 2 DAGs
[2021-02-25 17:20:24,234] {logging_mixin.py:103} INFO - [2021-02-25 17:20:24,234] {dag.py:2266} INFO - Setting next_dagrun for example_subdag_operator.section-1 to None
[2021-02-25 17:20:24,234] {logging_mixin.py:103} INFO - [2021-02-25 17:20:24,234] {dag.py:2266} INFO - Setting next_dagrun for example_subdag_operator.section-2 to None
[2021-02-25 17:20:24,242] {scheduler_job.py:189} INFO - Processing /home/i-sip_iot/anaconda3/envs/sandbox/lib/python3.7/site-packages/airflow/example_dags/example_subdag_operator.py took 0.035 seconds
[2021-02-25 17:20:52,214] {scheduler_job.py:181} INFO - Started process (PID=186212) to work on /home/i-sip_iot/anaconda3/envs/sandbox/lib/python3.7/site-packages/airflow/example_dags/example_subdag_operator.py
[2021-02-25 17:20:52,215] {scheduler_job.py:629} INFO - Processing file /home/i-sip_iot/anaconda3/envs/sandbox/lib/python3.7/site-packages/airflow/example_dags/example_subdag_operator.py for tasks to queue
[2021-02-25 17:20:52,216] {logging_mixin.py:103} INFO - [2021-02-25 17:20:52,216] {dagbag.py:440} INFO - Filling up the DagBag from /home/i-sip_iot/anaconda3/envs/sandbox/lib/python3.7/site-packages/airflow/example_dags/example_subdag_operator.py
[2021-02-25 17:20:52,237] {scheduler_job.py:639} INFO - DAG(s) dict_keys(['example_subdag_operator.section-1', 'example_subdag_operator.section-2', 'example_subdag_operator']) retrieved from /home/i-sip_iot/anaconda3/envs/sandbox/lib/python3.7/site-packages/airflow/example_dags/example_subdag_operator.py
[2021-02-25 17:20:52,238] {logging_mixin.py:103} INFO - [2021-02-25 17:20:52,238] {dag.py:1813} INFO - Sync 3 DAGs
[2021-02-25 17:20:52,249] {logging_mixin.py:103} INFO - [2021-02-25 17:20:52,249] {dag.py:2266} INFO - Setting next_dagrun for example_subdag_operator to 2021-02-23 00:00:00+00:00
[2021-02-25 17:20:52,249] {logging_mixin.py:103} INFO - [2021-02-25 17:20:52,249] {dag.py:2266} INFO - Setting next_dagrun for example_subdag_operator.section-1 to None
[2021-02-25 17:20:52,249] {logging_mixin.py:103} INFO - [2021-02-25 17:20:52,249] {dag.py:2266} INFO - Setting next_dagrun for example_subdag_operator.section-2 to None
[2021-02-25 17:20:52,253] {logging_mixin.py:103} INFO - [2021-02-25 17:20:52,252] {dag.py:1813} INFO - Sync 2 DAGs
[2021-02-25 17:20:52,257] {logging_mixin.py:103} INFO - [2021-02-25 17:20:52,257] {dag.py:2266} INFO - Setting next_dagrun for example_subdag_operator.section-1 to None
[2021-02-25 17:20:52,257] {logging_mixin.py:103} INFO - [2021-02-25 17:20:52,257] {dag.py:2266} INFO - Setting next_dagrun for example_subdag_operator.section-2 to None
[2021-02-25 17:20:52,264] {scheduler_job.py:189} INFO - Processing /home/i-sip_iot/anaconda3/envs/sandbox/lib/python3.7/site-packages/airflow/example_dags/example_subdag_operator.py took 0.052 seconds
[2021-02-25 17:21:18,550] {scheduler_job.py:181} INFO - Started process (PID=186291) to work on /home/i-sip_iot/anaconda3/envs/sandbox/lib/python3.7/site-packages/airflow/example_dags/example_subdag_operator.py
[2021-02-25 17:21:18,554] {scheduler_job.py:629} INFO - Processing file /home/i-sip_iot/anaconda3/envs/sandbox/lib/python3.7/site-packages/airflow/example_dags/example_subdag_operator.py for tasks to queue
[2021-02-25 17:21:18,555] {logging_mixin.py:103} INFO - [2021-02-25 17:21:18,555] {dagbag.py:440} INFO - Filling up the DagBag from /home/i-sip_iot/anaconda3/envs/sandbox/lib/python3.7/site-packages/airflow/example_dags/example_subdag_operator.py
[2021-02-25 17:21:18,581] {scheduler_job.py:639} INFO - DAG(s) dict_keys(['example_subdag_operator.section-1', 'example_subdag_operator.section-2', 'example_subdag_operator']) retrieved from /home/i-sip_iot/anaconda3/envs/sandbox/lib/python3.7/site-packages/airflow/example_dags/example_subdag_operator.py
[2021-02-25 17:21:18,582] {logging_mixin.py:103} INFO - [2021-02-25 17:21:18,582] {dag.py:1813} INFO - Sync 3 DAGs
[2021-02-25 17:21:18,591] {logging_mixin.py:103} INFO - [2021-02-25 17:21:18,591] {dag.py:2266} INFO - Setting next_dagrun for example_subdag_operator to 2021-02-23 00:00:00+00:00
[2021-02-25 17:21:18,592] {logging_mixin.py:103} INFO - [2021-02-25 17:21:18,592] {dag.py:2266} INFO - Setting next_dagrun for example_subdag_operator.section-1 to None
[2021-02-25 17:21:18,592] {logging_mixin.py:103} INFO - [2021-02-25 17:21:18,592] {dag.py:2266} INFO - Setting next_dagrun for example_subdag_operator.section-2 to None
[2021-02-25 17:21:18,594] {logging_mixin.py:103} INFO - [2021-02-25 17:21:18,594] {dag.py:1813} INFO - Sync 2 DAGs
[2021-02-25 17:21:18,598] {logging_mixin.py:103} INFO - [2021-02-25 17:21:18,598] {dag.py:2266} INFO - Setting next_dagrun for example_subdag_operator.section-1 to None
[2021-02-25 17:21:18,598] {logging_mixin.py:103} INFO - [2021-02-25 17:21:18,598] {dag.py:2266} INFO - Setting next_dagrun for example_subdag_operator.section-2 to None
[2021-02-25 17:21:18,605] {scheduler_job.py:189} INFO - Processing /home/i-sip_iot/anaconda3/envs/sandbox/lib/python3.7/site-packages/airflow/example_dags/example_subdag_operator.py took 0.060 seconds
[2021-02-25 17:21:46,669] {scheduler_job.py:181} INFO - Started process (PID=186521) to work on /home/i-sip_iot/anaconda3/envs/sandbox/lib/python3.7/site-packages/airflow/example_dags/example_subdag_operator.py
[2021-02-25 17:21:46,672] {scheduler_job.py:629} INFO - Processing file /home/i-sip_iot/anaconda3/envs/sandbox/lib/python3.7/site-packages/airflow/example_dags/example_subdag_operator.py for tasks to queue
[2021-02-25 17:21:46,673] {logging_mixin.py:103} INFO - [2021-02-25 17:21:46,673] {dagbag.py:440} INFO - Filling up the DagBag from /home/i-sip_iot/anaconda3/envs/sandbox/lib/python3.7/site-packages/airflow/example_dags/example_subdag_operator.py
[2021-02-25 17:21:46,702] {scheduler_job.py:639} INFO - DAG(s) dict_keys(['example_subdag_operator.section-1', 'example_subdag_operator.section-2', 'example_subdag_operator']) retrieved from /home/i-sip_iot/anaconda3/envs/sandbox/lib/python3.7/site-packages/airflow/example_dags/example_subdag_operator.py
[2021-02-25 17:21:46,703] {logging_mixin.py:103} INFO - [2021-02-25 17:21:46,703] {dag.py:1813} INFO - Sync 3 DAGs
[2021-02-25 17:21:46,712] {logging_mixin.py:103} INFO - [2021-02-25 17:21:46,711] {dag.py:2266} INFO - Setting next_dagrun for example_subdag_operator to 2021-02-23 00:00:00+00:00
[2021-02-25 17:21:46,712] {logging_mixin.py:103} INFO - [2021-02-25 17:21:46,712] {dag.py:2266} INFO - Setting next_dagrun for example_subdag_operator.section-1 to None
[2021-02-25 17:21:46,712] {logging_mixin.py:103} INFO - [2021-02-25 17:21:46,712] {dag.py:2266} INFO - Setting next_dagrun for example_subdag_operator.section-2 to None
[2021-02-25 17:21:46,715] {logging_mixin.py:103} INFO - [2021-02-25 17:21:46,715] {dag.py:1813} INFO - Sync 2 DAGs
[2021-02-25 17:21:46,719] {logging_mixin.py:103} INFO - [2021-02-25 17:21:46,719] {dag.py:2266} INFO - Setting next_dagrun for example_subdag_operator.section-1 to None
[2021-02-25 17:21:46,719] {logging_mixin.py:103} INFO - [2021-02-25 17:21:46,719] {dag.py:2266} INFO - Setting next_dagrun for example_subdag_operator.section-2 to None
[2021-02-25 17:21:46,726] {scheduler_job.py:189} INFO - Processing /home/i-sip_iot/anaconda3/envs/sandbox/lib/python3.7/site-packages/airflow/example_dags/example_subdag_operator.py took 0.063 seconds
[2021-02-25 17:22:13,516] {scheduler_job.py:181} INFO - Started process (PID=186590) to work on /home/i-sip_iot/anaconda3/envs/sandbox/lib/python3.7/site-packages/airflow/example_dags/example_subdag_operator.py
[2021-02-25 17:22:13,517] {scheduler_job.py:629} INFO - Processing file /home/i-sip_iot/anaconda3/envs/sandbox/lib/python3.7/site-packages/airflow/example_dags/example_subdag_operator.py for tasks to queue
[2021-02-25 17:22:13,517] {logging_mixin.py:103} INFO - [2021-02-25 17:22:13,517] {dagbag.py:440} INFO - Filling up the DagBag from /home/i-sip_iot/anaconda3/envs/sandbox/lib/python3.7/site-packages/airflow/example_dags/example_subdag_operator.py
[2021-02-25 17:22:13,529] {scheduler_job.py:639} INFO - DAG(s) dict_keys(['example_subdag_operator.section-1', 'example_subdag_operator.section-2', 'example_subdag_operator']) retrieved from /home/i-sip_iot/anaconda3/envs/sandbox/lib/python3.7/site-packages/airflow/example_dags/example_subdag_operator.py
[2021-02-25 17:22:13,530] {logging_mixin.py:103} INFO - [2021-02-25 17:22:13,530] {dag.py:1813} INFO - Sync 3 DAGs
[2021-02-25 17:22:13,538] {logging_mixin.py:103} INFO - [2021-02-25 17:22:13,538] {dag.py:2266} INFO - Setting next_dagrun for example_subdag_operator to 2021-02-23 00:00:00+00:00
[2021-02-25 17:22:13,539] {logging_mixin.py:103} INFO - [2021-02-25 17:22:13,539] {dag.py:2266} INFO - Setting next_dagrun for example_subdag_operator.section-1 to None
[2021-02-25 17:22:13,539] {logging_mixin.py:103} INFO - [2021-02-25 17:22:13,539] {dag.py:2266} INFO - Setting next_dagrun for example_subdag_operator.section-2 to None
[2021-02-25 17:22:13,541] {logging_mixin.py:103} INFO - [2021-02-25 17:22:13,541] {dag.py:1813} INFO - Sync 2 DAGs
[2021-02-25 17:22:13,545] {logging_mixin.py:103} INFO - [2021-02-25 17:22:13,545] {dag.py:2266} INFO - Setting next_dagrun for example_subdag_operator.section-1 to None
[2021-02-25 17:22:13,545] {logging_mixin.py:103} INFO - [2021-02-25 17:22:13,545] {dag.py:2266} INFO - Setting next_dagrun for example_subdag_operator.section-2 to None
[2021-02-25 17:22:13,552] {scheduler_job.py:189} INFO - Processing /home/i-sip_iot/anaconda3/envs/sandbox/lib/python3.7/site-packages/airflow/example_dags/example_subdag_operator.py took 0.038 seconds
[2021-02-25 17:22:41,014] {scheduler_job.py:181} INFO - Started process (PID=186806) to work on /home/i-sip_iot/anaconda3/envs/sandbox/lib/python3.7/site-packages/airflow/example_dags/example_subdag_operator.py
[2021-02-25 17:22:41,016] {scheduler_job.py:629} INFO - Processing file /home/i-sip_iot/anaconda3/envs/sandbox/lib/python3.7/site-packages/airflow/example_dags/example_subdag_operator.py for tasks to queue
[2021-02-25 17:22:41,017] {logging_mixin.py:103} INFO - [2021-02-25 17:22:41,016] {dagbag.py:440} INFO - Filling up the DagBag from /home/i-sip_iot/anaconda3/envs/sandbox/lib/python3.7/site-packages/airflow/example_dags/example_subdag_operator.py
[2021-02-25 17:22:41,041] {scheduler_job.py:639} INFO - DAG(s) dict_keys(['example_subdag_operator.section-1', 'example_subdag_operator.section-2', 'example_subdag_operator']) retrieved from /home/i-sip_iot/anaconda3/envs/sandbox/lib/python3.7/site-packages/airflow/example_dags/example_subdag_operator.py
[2021-02-25 17:22:41,042] {logging_mixin.py:103} INFO - [2021-02-25 17:22:41,042] {dag.py:1813} INFO - Sync 3 DAGs
[2021-02-25 17:22:41,051] {logging_mixin.py:103} INFO - [2021-02-25 17:22:41,051] {dag.py:2266} INFO - Setting next_dagrun for example_subdag_operator to 2021-02-23 00:00:00+00:00
[2021-02-25 17:22:41,051] {logging_mixin.py:103} INFO - [2021-02-25 17:22:41,051] {dag.py:2266} INFO - Setting next_dagrun for example_subdag_operator.section-1 to None
[2021-02-25 17:22:41,051] {logging_mixin.py:103} INFO - [2021-02-25 17:22:41,051] {dag.py:2266} INFO - Setting next_dagrun for example_subdag_operator.section-2 to None
[2021-02-25 17:22:41,054] {logging_mixin.py:103} INFO - [2021-02-25 17:22:41,054] {dag.py:1813} INFO - Sync 2 DAGs
[2021-02-25 17:22:41,057] {logging_mixin.py:103} INFO - [2021-02-25 17:22:41,057] {dag.py:2266} INFO - Setting next_dagrun for example_subdag_operator.section-1 to None
[2021-02-25 17:22:41,057] {logging_mixin.py:103} INFO - [2021-02-25 17:22:41,057] {dag.py:2266} INFO - Setting next_dagrun for example_subdag_operator.section-2 to None
[2021-02-25 17:22:41,063] {scheduler_job.py:189} INFO - Processing /home/i-sip_iot/anaconda3/envs/sandbox/lib/python3.7/site-packages/airflow/example_dags/example_subdag_operator.py took 0.053 seconds
[2021-02-25 17:23:07,814] {scheduler_job.py:181} INFO - Started process (PID=186876) to work on /home/i-sip_iot/anaconda3/envs/sandbox/lib/python3.7/site-packages/airflow/example_dags/example_subdag_operator.py
[2021-02-25 17:23:07,816] {scheduler_job.py:629} INFO - Processing file /home/i-sip_iot/anaconda3/envs/sandbox/lib/python3.7/site-packages/airflow/example_dags/example_subdag_operator.py for tasks to queue
[2021-02-25 17:23:07,817] {logging_mixin.py:103} INFO - [2021-02-25 17:23:07,817] {dagbag.py:440} INFO - Filling up the DagBag from /home/i-sip_iot/anaconda3/envs/sandbox/lib/python3.7/site-packages/airflow/example_dags/example_subdag_operator.py
[2021-02-25 17:23:07,848] {scheduler_job.py:639} INFO - DAG(s) dict_keys(['example_subdag_operator.section-1', 'example_subdag_operator.section-2', 'example_subdag_operator']) retrieved from /home/i-sip_iot/anaconda3/envs/sandbox/lib/python3.7/site-packages/airflow/example_dags/example_subdag_operator.py
[2021-02-25 17:23:07,848] {logging_mixin.py:103} INFO - [2021-02-25 17:23:07,848] {dag.py:1813} INFO - Sync 3 DAGs
[2021-02-25 17:23:07,857] {logging_mixin.py:103} INFO - [2021-02-25 17:23:07,857] {dag.py:2266} INFO - Setting next_dagrun for example_subdag_operator to 2021-02-23 00:00:00+00:00
[2021-02-25 17:23:07,858] {logging_mixin.py:103} INFO - [2021-02-25 17:23:07,858] {dag.py:2266} INFO - Setting next_dagrun for example_subdag_operator.section-1 to None
[2021-02-25 17:23:07,858] {logging_mixin.py:103} INFO - [2021-02-25 17:23:07,858] {dag.py:2266} INFO - Setting next_dagrun for example_subdag_operator.section-2 to None
[2021-02-25 17:23:07,861] {logging_mixin.py:103} INFO - [2021-02-25 17:23:07,861] {dag.py:1813} INFO - Sync 2 DAGs
[2021-02-25 17:23:07,865] {logging_mixin.py:103} INFO - [2021-02-25 17:23:07,865] {dag.py:2266} INFO - Setting next_dagrun for example_subdag_operator.section-1 to None
[2021-02-25 17:23:07,866] {logging_mixin.py:103} INFO - [2021-02-25 17:23:07,866] {dag.py:2266} INFO - Setting next_dagrun for example_subdag_operator.section-2 to None
[2021-02-25 17:23:07,872] {scheduler_job.py:189} INFO - Processing /home/i-sip_iot/anaconda3/envs/sandbox/lib/python3.7/site-packages/airflow/example_dags/example_subdag_operator.py took 0.064 seconds
[2021-02-25 17:23:34,728] {scheduler_job.py:181} INFO - Started process (PID=186933) to work on /home/i-sip_iot/anaconda3/envs/sandbox/lib/python3.7/site-packages/airflow/example_dags/example_subdag_operator.py
[2021-02-25 17:23:34,730] {scheduler_job.py:629} INFO - Processing file /home/i-sip_iot/anaconda3/envs/sandbox/lib/python3.7/site-packages/airflow/example_dags/example_subdag_operator.py for tasks to queue
[2021-02-25 17:23:34,732] {logging_mixin.py:103} INFO - [2021-02-25 17:23:34,731] {dagbag.py:440} INFO - Filling up the DagBag from /home/i-sip_iot/anaconda3/envs/sandbox/lib/python3.7/site-packages/airflow/example_dags/example_subdag_operator.py
[2021-02-25 17:23:34,758] {scheduler_job.py:639} INFO - DAG(s) dict_keys(['example_subdag_operator.section-1', 'example_subdag_operator.section-2', 'example_subdag_operator']) retrieved from /home/i-sip_iot/anaconda3/envs/sandbox/lib/python3.7/site-packages/airflow/example_dags/example_subdag_operator.py
[2021-02-25 17:23:34,758] {logging_mixin.py:103} INFO - [2021-02-25 17:23:34,758] {dag.py:1813} INFO - Sync 3 DAGs
[2021-02-25 17:23:34,767] {logging_mixin.py:103} INFO - [2021-02-25 17:23:34,766] {dag.py:2266} INFO - Setting next_dagrun for example_subdag_operator to 2021-02-23 00:00:00+00:00
[2021-02-25 17:23:34,767] {logging_mixin.py:103} INFO - [2021-02-25 17:23:34,767] {dag.py:2266} INFO - Setting next_dagrun for example_subdag_operator.section-1 to None
[2021-02-25 17:23:34,767] {logging_mixin.py:103} INFO - [2021-02-25 17:23:34,767] {dag.py:2266} INFO - Setting next_dagrun for example_subdag_operator.section-2 to None
[2021-02-25 17:23:34,770] {logging_mixin.py:103} INFO - [2021-02-25 17:23:34,770] {dag.py:1813} INFO - Sync 2 DAGs
[2021-02-25 17:23:34,773] {logging_mixin.py:103} INFO - [2021-02-25 17:23:34,773] {dag.py:2266} INFO - Setting next_dagrun for example_subdag_operator.section-1 to None
[2021-02-25 17:23:34,773] {logging_mixin.py:103} INFO - [2021-02-25 17:23:34,773] {dag.py:2266} INFO - Setting next_dagrun for example_subdag_operator.section-2 to None
[2021-02-25 17:23:34,780] {scheduler_job.py:189} INFO - Processing /home/i-sip_iot/anaconda3/envs/sandbox/lib/python3.7/site-packages/airflow/example_dags/example_subdag_operator.py took 0.058 seconds
[2021-02-25 17:24:02,728] {scheduler_job.py:181} INFO - Started process (PID=187186) to work on /home/i-sip_iot/anaconda3/envs/sandbox/lib/python3.7/site-packages/airflow/example_dags/example_subdag_operator.py
[2021-02-25 17:24:02,729] {scheduler_job.py:629} INFO - Processing file /home/i-sip_iot/anaconda3/envs/sandbox/lib/python3.7/site-packages/airflow/example_dags/example_subdag_operator.py for tasks to queue
[2021-02-25 17:24:02,729] {logging_mixin.py:103} INFO - [2021-02-25 17:24:02,729] {dagbag.py:440} INFO - Filling up the DagBag from /home/i-sip_iot/anaconda3/envs/sandbox/lib/python3.7/site-packages/airflow/example_dags/example_subdag_operator.py
[2021-02-25 17:24:02,750] {scheduler_job.py:639} INFO - DAG(s) dict_keys(['example_subdag_operator.section-1', 'example_subdag_operator.section-2', 'example_subdag_operator']) retrieved from /home/i-sip_iot/anaconda3/envs/sandbox/lib/python3.7/site-packages/airflow/example_dags/example_subdag_operator.py
[2021-02-25 17:24:02,751] {logging_mixin.py:103} INFO - [2021-02-25 17:24:02,751] {dag.py:1813} INFO - Sync 3 DAGs
[2021-02-25 17:24:02,761] {logging_mixin.py:103} INFO - [2021-02-25 17:24:02,761] {dag.py:2266} INFO - Setting next_dagrun for example_subdag_operator to 2021-02-23 00:00:00+00:00
[2021-02-25 17:24:02,762] {logging_mixin.py:103} INFO - [2021-02-25 17:24:02,762] {dag.py:2266} INFO - Setting next_dagrun for example_subdag_operator.section-1 to None
[2021-02-25 17:24:02,762] {logging_mixin.py:103} INFO - [2021-02-25 17:24:02,762] {dag.py:2266} INFO - Setting next_dagrun for example_subdag_operator.section-2 to None
[2021-02-25 17:24:02,765] {logging_mixin.py:103} INFO - [2021-02-25 17:24:02,765] {dag.py:1813} INFO - Sync 2 DAGs
[2021-02-25 17:24:02,769] {logging_mixin.py:103} INFO - [2021-02-25 17:24:02,769] {dag.py:2266} INFO - Setting next_dagrun for example_subdag_operator.section-1 to None
[2021-02-25 17:24:02,770] {logging_mixin.py:103} INFO - [2021-02-25 17:24:02,770] {dag.py:2266} INFO - Setting next_dagrun for example_subdag_operator.section-2 to None
[2021-02-25 17:24:02,777] {scheduler_job.py:189} INFO - Processing /home/i-sip_iot/anaconda3/envs/sandbox/lib/python3.7/site-packages/airflow/example_dags/example_subdag_operator.py took 0.052 seconds
[2021-02-25 17:24:29,153] {scheduler_job.py:181} INFO - Started process (PID=187248) to work on /home/i-sip_iot/anaconda3/envs/sandbox/lib/python3.7/site-packages/airflow/example_dags/example_subdag_operator.py
[2021-02-25 17:24:29,154] {scheduler_job.py:629} INFO - Processing file /home/i-sip_iot/anaconda3/envs/sandbox/lib/python3.7/site-packages/airflow/example_dags/example_subdag_operator.py for tasks to queue
[2021-02-25 17:24:29,154] {logging_mixin.py:103} INFO - [2021-02-25 17:24:29,154] {dagbag.py:440} INFO - Filling up the DagBag from /home/i-sip_iot/anaconda3/envs/sandbox/lib/python3.7/site-packages/airflow/example_dags/example_subdag_operator.py
[2021-02-25 17:24:29,166] {scheduler_job.py:639} INFO - DAG(s) dict_keys(['example_subdag_operator.section-1', 'example_subdag_operator.section-2', 'example_subdag_operator']) retrieved from /home/i-sip_iot/anaconda3/envs/sandbox/lib/python3.7/site-packages/airflow/example_dags/example_subdag_operator.py
[2021-02-25 17:24:29,167] {logging_mixin.py:103} INFO - [2021-02-25 17:24:29,167] {dag.py:1813} INFO - Sync 3 DAGs
[2021-02-25 17:24:29,174] {logging_mixin.py:103} INFO - [2021-02-25 17:24:29,174] {dag.py:2266} INFO - Setting next_dagrun for example_subdag_operator to 2021-02-23 00:00:00+00:00
[2021-02-25 17:24:29,174] {logging_mixin.py:103} INFO - [2021-02-25 17:24:29,174] {dag.py:2266} INFO - Setting next_dagrun for example_subdag_operator.section-1 to None
[2021-02-25 17:24:29,174] {logging_mixin.py:103} INFO - [2021-02-25 17:24:29,174] {dag.py:2266} INFO - Setting next_dagrun for example_subdag_operator.section-2 to None
[2021-02-25 17:24:29,176] {logging_mixin.py:103} INFO - [2021-02-25 17:24:29,176] {dag.py:1813} INFO - Sync 2 DAGs
[2021-02-25 17:24:29,180] {logging_mixin.py:103} INFO - [2021-02-25 17:24:29,180] {dag.py:2266} INFO - Setting next_dagrun for example_subdag_operator.section-1 to None
[2021-02-25 17:24:29,180] {logging_mixin.py:103} INFO - [2021-02-25 17:24:29,180] {dag.py:2266} INFO - Setting next_dagrun for example_subdag_operator.section-2 to None
[2021-02-25 17:24:29,187] {scheduler_job.py:189} INFO - Processing /home/i-sip_iot/anaconda3/envs/sandbox/lib/python3.7/site-packages/airflow/example_dags/example_subdag_operator.py took 0.036 seconds
[2021-02-25 17:24:57,221] {scheduler_job.py:181} INFO - Started process (PID=187493) to work on /home/i-sip_iot/anaconda3/envs/sandbox/lib/python3.7/site-packages/airflow/example_dags/example_subdag_operator.py
[2021-02-25 17:24:57,221] {scheduler_job.py:629} INFO - Processing file /home/i-sip_iot/anaconda3/envs/sandbox/lib/python3.7/site-packages/airflow/example_dags/example_subdag_operator.py for tasks to queue
[2021-02-25 17:24:57,221] {logging_mixin.py:103} INFO - [2021-02-25 17:24:57,221] {dagbag.py:440} INFO - Filling up the DagBag from /home/i-sip_iot/anaconda3/envs/sandbox/lib/python3.7/site-packages/airflow/example_dags/example_subdag_operator.py
[2021-02-25 17:24:57,232] {scheduler_job.py:639} INFO - DAG(s) dict_keys(['example_subdag_operator.section-1', 'example_subdag_operator.section-2', 'example_subdag_operator']) retrieved from /home/i-sip_iot/anaconda3/envs/sandbox/lib/python3.7/site-packages/airflow/example_dags/example_subdag_operator.py
[2021-02-25 17:24:57,233] {logging_mixin.py:103} INFO - [2021-02-25 17:24:57,233] {dag.py:1813} INFO - Sync 3 DAGs
[2021-02-25 17:24:57,240] {logging_mixin.py:103} INFO - [2021-02-25 17:24:57,239] {dag.py:2266} INFO - Setting next_dagrun for example_subdag_operator to 2021-02-23 00:00:00+00:00
[2021-02-25 17:24:57,240] {logging_mixin.py:103} INFO - [2021-02-25 17:24:57,240] {dag.py:2266} INFO - Setting next_dagrun for example_subdag_operator.section-1 to None
[2021-02-25 17:24:57,240] {logging_mixin.py:103} INFO - [2021-02-25 17:24:57,240] {dag.py:2266} INFO - Setting next_dagrun for example_subdag_operator.section-2 to None
[2021-02-25 17:24:57,242] {logging_mixin.py:103} INFO - [2021-02-25 17:24:57,242] {dag.py:1813} INFO - Sync 2 DAGs
[2021-02-25 17:24:57,246] {logging_mixin.py:103} INFO - [2021-02-25 17:24:57,246] {dag.py:2266} INFO - Setting next_dagrun for example_subdag_operator.section-1 to None
[2021-02-25 17:24:57,246] {logging_mixin.py:103} INFO - [2021-02-25 17:24:57,246] {dag.py:2266} INFO - Setting next_dagrun for example_subdag_operator.section-2 to None
[2021-02-25 17:24:57,254] {scheduler_job.py:189} INFO - Processing /home/i-sip_iot/anaconda3/envs/sandbox/lib/python3.7/site-packages/airflow/example_dags/example_subdag_operator.py took 0.035 seconds
[2021-02-25 17:25:24,063] {scheduler_job.py:181} INFO - Started process (PID=187560) to work on /home/i-sip_iot/anaconda3/envs/sandbox/lib/python3.7/site-packages/airflow/example_dags/example_subdag_operator.py
[2021-02-25 17:25:24,064] {scheduler_job.py:629} INFO - Processing file /home/i-sip_iot/anaconda3/envs/sandbox/lib/python3.7/site-packages/airflow/example_dags/example_subdag_operator.py for tasks to queue
[2021-02-25 17:25:24,065] {logging_mixin.py:103} INFO - [2021-02-25 17:25:24,065] {dagbag.py:440} INFO - Filling up the DagBag from /home/i-sip_iot/anaconda3/envs/sandbox/lib/python3.7/site-packages/airflow/example_dags/example_subdag_operator.py
[2021-02-25 17:25:24,083] {scheduler_job.py:639} INFO - DAG(s) dict_keys(['example_subdag_operator.section-1', 'example_subdag_operator.section-2', 'example_subdag_operator']) retrieved from /home/i-sip_iot/anaconda3/envs/sandbox/lib/python3.7/site-packages/airflow/example_dags/example_subdag_operator.py
[2021-02-25 17:25:24,084] {logging_mixin.py:103} INFO - [2021-02-25 17:25:24,083] {dag.py:1813} INFO - Sync 3 DAGs
[2021-02-25 17:25:24,092] {logging_mixin.py:103} INFO - [2021-02-25 17:25:24,092] {dag.py:2266} INFO - Setting next_dagrun for example_subdag_operator to 2021-02-23 00:00:00+00:00
[2021-02-25 17:25:24,093] {logging_mixin.py:103} INFO - [2021-02-25 17:25:24,093] {dag.py:2266} INFO - Setting next_dagrun for example_subdag_operator.section-1 to None
[2021-02-25 17:25:24,093] {logging_mixin.py:103} INFO - [2021-02-25 17:25:24,093] {dag.py:2266} INFO - Setting next_dagrun for example_subdag_operator.section-2 to None
[2021-02-25 17:25:24,095] {logging_mixin.py:103} INFO - [2021-02-25 17:25:24,095] {dag.py:1813} INFO - Sync 2 DAGs
[2021-02-25 17:25:24,099] {logging_mixin.py:103} INFO - [2021-02-25 17:25:24,099] {dag.py:2266} INFO - Setting next_dagrun for example_subdag_operator.section-1 to None
[2021-02-25 17:25:24,099] {logging_mixin.py:103} INFO - [2021-02-25 17:25:24,099] {dag.py:2266} INFO - Setting next_dagrun for example_subdag_operator.section-2 to None
[2021-02-25 17:25:24,105] {scheduler_job.py:189} INFO - Processing /home/i-sip_iot/anaconda3/envs/sandbox/lib/python3.7/site-packages/airflow/example_dags/example_subdag_operator.py took 0.044 seconds
[2021-02-25 17:25:51,519] {scheduler_job.py:181} INFO - Started process (PID=187805) to work on /home/i-sip_iot/anaconda3/envs/sandbox/lib/python3.7/site-packages/airflow/example_dags/example_subdag_operator.py
[2021-02-25 17:25:51,520] {scheduler_job.py:629} INFO - Processing file /home/i-sip_iot/anaconda3/envs/sandbox/lib/python3.7/site-packages/airflow/example_dags/example_subdag_operator.py for tasks to queue
[2021-02-25 17:25:51,521] {logging_mixin.py:103} INFO - [2021-02-25 17:25:51,521] {dagbag.py:440} INFO - Filling up the DagBag from /home/i-sip_iot/anaconda3/envs/sandbox/lib/python3.7/site-packages/airflow/example_dags/example_subdag_operator.py
[2021-02-25 17:25:51,547] {scheduler_job.py:639} INFO - DAG(s) dict_keys(['example_subdag_operator.section-1', 'example_subdag_operator.section-2', 'example_subdag_operator']) retrieved from /home/i-sip_iot/anaconda3/envs/sandbox/lib/python3.7/site-packages/airflow/example_dags/example_subdag_operator.py
[2021-02-25 17:25:51,548] {logging_mixin.py:103} INFO - [2021-02-25 17:25:51,548] {dag.py:1813} INFO - Sync 3 DAGs
[2021-02-25 17:25:51,557] {logging_mixin.py:103} INFO - [2021-02-25 17:25:51,557] {dag.py:2266} INFO - Setting next_dagrun for example_subdag_operator to 2021-02-23 00:00:00+00:00
[2021-02-25 17:25:51,557] {logging_mixin.py:103} INFO - [2021-02-25 17:25:51,557] {dag.py:2266} INFO - Setting next_dagrun for example_subdag_operator.section-1 to None
[2021-02-25 17:25:51,557] {logging_mixin.py:103} INFO - [2021-02-25 17:25:51,557] {dag.py:2266} INFO - Setting next_dagrun for example_subdag_operator.section-2 to None
[2021-02-25 17:25:51,560] {logging_mixin.py:103} INFO - [2021-02-25 17:25:51,560] {dag.py:1813} INFO - Sync 2 DAGs
[2021-02-25 17:25:51,564] {logging_mixin.py:103} INFO - [2021-02-25 17:25:51,564] {dag.py:2266} INFO - Setting next_dagrun for example_subdag_operator.section-1 to None
[2021-02-25 17:25:51,564] {logging_mixin.py:103} INFO - [2021-02-25 17:25:51,564] {dag.py:2266} INFO - Setting next_dagrun for example_subdag_operator.section-2 to None
[2021-02-25 17:25:51,571] {scheduler_job.py:189} INFO - Processing /home/i-sip_iot/anaconda3/envs/sandbox/lib/python3.7/site-packages/airflow/example_dags/example_subdag_operator.py took 0.056 seconds
[2021-02-25 17:26:18,408] {scheduler_job.py:181} INFO - Started process (PID=187910) to work on /home/i-sip_iot/anaconda3/envs/sandbox/lib/python3.7/site-packages/airflow/example_dags/example_subdag_operator.py
[2021-02-25 17:26:18,410] {scheduler_job.py:629} INFO - Processing file /home/i-sip_iot/anaconda3/envs/sandbox/lib/python3.7/site-packages/airflow/example_dags/example_subdag_operator.py for tasks to queue
[2021-02-25 17:26:18,411] {logging_mixin.py:103} INFO - [2021-02-25 17:26:18,410] {dagbag.py:440} INFO - Filling up the DagBag from /home/i-sip_iot/anaconda3/envs/sandbox/lib/python3.7/site-packages/airflow/example_dags/example_subdag_operator.py
[2021-02-25 17:26:18,437] {scheduler_job.py:639} INFO - DAG(s) dict_keys(['example_subdag_operator.section-1', 'example_subdag_operator.section-2', 'example_subdag_operator']) retrieved from /home/i-sip_iot/anaconda3/envs/sandbox/lib/python3.7/site-packages/airflow/example_dags/example_subdag_operator.py
[2021-02-25 17:26:18,438] {logging_mixin.py:103} INFO - [2021-02-25 17:26:18,438] {dag.py:1813} INFO - Sync 3 DAGs
[2021-02-25 17:26:18,450] {logging_mixin.py:103} INFO - [2021-02-25 17:26:18,450] {dag.py:2266} INFO - Setting next_dagrun for example_subdag_operator to 2021-02-23 00:00:00+00:00
[2021-02-25 17:26:18,451] {logging_mixin.py:103} INFO - [2021-02-25 17:26:18,451] {dag.py:2266} INFO - Setting next_dagrun for example_subdag_operator.section-1 to None
[2021-02-25 17:26:18,451] {logging_mixin.py:103} INFO - [2021-02-25 17:26:18,451] {dag.py:2266} INFO - Setting next_dagrun for example_subdag_operator.section-2 to None
[2021-02-25 17:26:18,455] {logging_mixin.py:103} INFO - [2021-02-25 17:26:18,454] {dag.py:1813} INFO - Sync 2 DAGs
[2021-02-25 17:26:18,459] {logging_mixin.py:103} INFO - [2021-02-25 17:26:18,459] {dag.py:2266} INFO - Setting next_dagrun for example_subdag_operator.section-1 to None
[2021-02-25 17:26:18,459] {logging_mixin.py:103} INFO - [2021-02-25 17:26:18,459] {dag.py:2266} INFO - Setting next_dagrun for example_subdag_operator.section-2 to None
[2021-02-25 17:26:18,467] {scheduler_job.py:189} INFO - Processing /home/i-sip_iot/anaconda3/envs/sandbox/lib/python3.7/site-packages/airflow/example_dags/example_subdag_operator.py took 0.063 seconds
[2021-02-25 17:26:45,730] {scheduler_job.py:181} INFO - Started process (PID=188170) to work on /home/i-sip_iot/anaconda3/envs/sandbox/lib/python3.7/site-packages/airflow/example_dags/example_subdag_operator.py
[2021-02-25 17:26:45,732] {scheduler_job.py:629} INFO - Processing file /home/i-sip_iot/anaconda3/envs/sandbox/lib/python3.7/site-packages/airflow/example_dags/example_subdag_operator.py for tasks to queue
[2021-02-25 17:26:45,733] {logging_mixin.py:103} INFO - [2021-02-25 17:26:45,733] {dagbag.py:440} INFO - Filling up the DagBag from /home/i-sip_iot/anaconda3/envs/sandbox/lib/python3.7/site-packages/airflow/example_dags/example_subdag_operator.py
[2021-02-25 17:26:45,764] {scheduler_job.py:639} INFO - DAG(s) dict_keys(['example_subdag_operator.section-1', 'example_subdag_operator.section-2', 'example_subdag_operator']) retrieved from /home/i-sip_iot/anaconda3/envs/sandbox/lib/python3.7/site-packages/airflow/example_dags/example_subdag_operator.py
[2021-02-25 17:26:45,765] {logging_mixin.py:103} INFO - [2021-02-25 17:26:45,765] {dag.py:1813} INFO - Sync 3 DAGs
[2021-02-25 17:26:45,775] {logging_mixin.py:103} INFO - [2021-02-25 17:26:45,775] {dag.py:2266} INFO - Setting next_dagrun for example_subdag_operator to 2021-02-23 00:00:00+00:00
[2021-02-25 17:26:45,775] {logging_mixin.py:103} INFO - [2021-02-25 17:26:45,775] {dag.py:2266} INFO - Setting next_dagrun for example_subdag_operator.section-1 to None
[2021-02-25 17:26:45,776] {logging_mixin.py:103} INFO - [2021-02-25 17:26:45,775] {dag.py:2266} INFO - Setting next_dagrun for example_subdag_operator.section-2 to None
[2021-02-25 17:26:45,779] {logging_mixin.py:103} INFO - [2021-02-25 17:26:45,779] {dag.py:1813} INFO - Sync 2 DAGs
[2021-02-25 17:26:45,783] {logging_mixin.py:103} INFO - [2021-02-25 17:26:45,783] {dag.py:2266} INFO - Setting next_dagrun for example_subdag_operator.section-1 to None
[2021-02-25 17:26:45,783] {logging_mixin.py:103} INFO - [2021-02-25 17:26:45,783] {dag.py:2266} INFO - Setting next_dagrun for example_subdag_operator.section-2 to None
[2021-02-25 17:26:45,791] {scheduler_job.py:189} INFO - Processing /home/i-sip_iot/anaconda3/envs/sandbox/lib/python3.7/site-packages/airflow/example_dags/example_subdag_operator.py took 0.066 seconds
[2021-02-25 17:27:12,177] {scheduler_job.py:181} INFO - Started process (PID=188267) to work on /home/i-sip_iot/anaconda3/envs/sandbox/lib/python3.7/site-packages/airflow/example_dags/example_subdag_operator.py
[2021-02-25 17:27:12,179] {scheduler_job.py:629} INFO - Processing file /home/i-sip_iot/anaconda3/envs/sandbox/lib/python3.7/site-packages/airflow/example_dags/example_subdag_operator.py for tasks to queue
[2021-02-25 17:27:12,180] {logging_mixin.py:103} INFO - [2021-02-25 17:27:12,180] {dagbag.py:440} INFO - Filling up the DagBag from /home/i-sip_iot/anaconda3/envs/sandbox/lib/python3.7/site-packages/airflow/example_dags/example_subdag_operator.py
[2021-02-25 17:27:12,210] {scheduler_job.py:639} INFO - DAG(s) dict_keys(['example_subdag_operator.section-1', 'example_subdag_operator.section-2', 'example_subdag_operator']) retrieved from /home/i-sip_iot/anaconda3/envs/sandbox/lib/python3.7/site-packages/airflow/example_dags/example_subdag_operator.py
[2021-02-25 17:27:12,211] {logging_mixin.py:103} INFO - [2021-02-25 17:27:12,211] {dag.py:1813} INFO - Sync 3 DAGs
[2021-02-25 17:27:12,220] {logging_mixin.py:103} INFO - [2021-02-25 17:27:12,220] {dag.py:2266} INFO - Setting next_dagrun for example_subdag_operator to 2021-02-23 00:00:00+00:00
[2021-02-25 17:27:12,221] {logging_mixin.py:103} INFO - [2021-02-25 17:27:12,221] {dag.py:2266} INFO - Setting next_dagrun for example_subdag_operator.section-1 to None
[2021-02-25 17:27:12,221] {logging_mixin.py:103} INFO - [2021-02-25 17:27:12,221] {dag.py:2266} INFO - Setting next_dagrun for example_subdag_operator.section-2 to None
[2021-02-25 17:27:12,223] {logging_mixin.py:103} INFO - [2021-02-25 17:27:12,223] {dag.py:1813} INFO - Sync 2 DAGs
[2021-02-25 17:27:12,227] {logging_mixin.py:103} INFO - [2021-02-25 17:27:12,227] {dag.py:2266} INFO - Setting next_dagrun for example_subdag_operator.section-1 to None
[2021-02-25 17:27:12,227] {logging_mixin.py:103} INFO - [2021-02-25 17:27:12,227] {dag.py:2266} INFO - Setting next_dagrun for example_subdag_operator.section-2 to None
[2021-02-25 17:27:12,234] {scheduler_job.py:189} INFO - Processing /home/i-sip_iot/anaconda3/envs/sandbox/lib/python3.7/site-packages/airflow/example_dags/example_subdag_operator.py took 0.064 seconds
