[2021-02-25 17:15:07,924] {scheduler_job.py:181} INFO - Started process (PID=184304) to work on /home/i-sip_iot/anaconda3/envs/sandbox/lib/python3.7/site-packages/airflow/example_dags/example_kubernetes_executor.py
[2021-02-25 17:15:07,924] {scheduler_job.py:629} INFO - Processing file /home/i-sip_iot/anaconda3/envs/sandbox/lib/python3.7/site-packages/airflow/example_dags/example_kubernetes_executor.py for tasks to queue
[2021-02-25 17:15:07,925] {logging_mixin.py:103} INFO - [2021-02-25 17:15:07,925] {dagbag.py:440} INFO - Filling up the DagBag from /home/i-sip_iot/anaconda3/envs/sandbox/lib/python3.7/site-packages/airflow/example_dags/example_kubernetes_executor.py
[2021-02-25 17:15:07,931] {scheduler_job.py:639} INFO - DAG(s) dict_keys(['example_kubernetes_executor']) retrieved from /home/i-sip_iot/anaconda3/envs/sandbox/lib/python3.7/site-packages/airflow/example_dags/example_kubernetes_executor.py
[2021-02-25 17:15:07,931] {logging_mixin.py:103} INFO - [2021-02-25 17:15:07,931] {dag.py:1813} INFO - Sync 1 DAGs
[2021-02-25 17:15:07,941] {logging_mixin.py:103} INFO - [2021-02-25 17:15:07,941] {dag.py:2266} INFO - Setting next_dagrun for example_kubernetes_executor to None
[2021-02-25 17:15:07,956] {scheduler_job.py:189} INFO - Processing /home/i-sip_iot/anaconda3/envs/sandbox/lib/python3.7/site-packages/airflow/example_dags/example_kubernetes_executor.py took 0.034 seconds
[2021-02-25 17:15:34,637] {scheduler_job.py:181} INFO - Started process (PID=184521) to work on /home/i-sip_iot/anaconda3/envs/sandbox/lib/python3.7/site-packages/airflow/example_dags/example_kubernetes_executor.py
[2021-02-25 17:15:34,637] {scheduler_job.py:629} INFO - Processing file /home/i-sip_iot/anaconda3/envs/sandbox/lib/python3.7/site-packages/airflow/example_dags/example_kubernetes_executor.py for tasks to queue
[2021-02-25 17:15:34,637] {logging_mixin.py:103} INFO - [2021-02-25 17:15:34,637] {dagbag.py:440} INFO - Filling up the DagBag from /home/i-sip_iot/anaconda3/envs/sandbox/lib/python3.7/site-packages/airflow/example_dags/example_kubernetes_executor.py
[2021-02-25 17:15:34,643] {scheduler_job.py:639} INFO - DAG(s) dict_keys(['example_kubernetes_executor']) retrieved from /home/i-sip_iot/anaconda3/envs/sandbox/lib/python3.7/site-packages/airflow/example_dags/example_kubernetes_executor.py
[2021-02-25 17:15:34,643] {logging_mixin.py:103} INFO - [2021-02-25 17:15:34,643] {dag.py:1813} INFO - Sync 1 DAGs
[2021-02-25 17:15:34,654] {logging_mixin.py:103} INFO - [2021-02-25 17:15:34,654] {dag.py:2266} INFO - Setting next_dagrun for example_kubernetes_executor to None
[2021-02-25 17:15:34,661] {scheduler_job.py:189} INFO - Processing /home/i-sip_iot/anaconda3/envs/sandbox/lib/python3.7/site-packages/airflow/example_dags/example_kubernetes_executor.py took 0.026 seconds
[2021-02-25 17:16:02,740] {scheduler_job.py:181} INFO - Started process (PID=184636) to work on /home/i-sip_iot/anaconda3/envs/sandbox/lib/python3.7/site-packages/airflow/example_dags/example_kubernetes_executor.py
[2021-02-25 17:16:02,741] {scheduler_job.py:629} INFO - Processing file /home/i-sip_iot/anaconda3/envs/sandbox/lib/python3.7/site-packages/airflow/example_dags/example_kubernetes_executor.py for tasks to queue
[2021-02-25 17:16:02,741] {logging_mixin.py:103} INFO - [2021-02-25 17:16:02,741] {dagbag.py:440} INFO - Filling up the DagBag from /home/i-sip_iot/anaconda3/envs/sandbox/lib/python3.7/site-packages/airflow/example_dags/example_kubernetes_executor.py
[2021-02-25 17:16:02,746] {scheduler_job.py:639} INFO - DAG(s) dict_keys(['example_kubernetes_executor']) retrieved from /home/i-sip_iot/anaconda3/envs/sandbox/lib/python3.7/site-packages/airflow/example_dags/example_kubernetes_executor.py
[2021-02-25 17:16:02,747] {logging_mixin.py:103} INFO - [2021-02-25 17:16:02,747] {dag.py:1813} INFO - Sync 1 DAGs
[2021-02-25 17:16:02,756] {logging_mixin.py:103} INFO - [2021-02-25 17:16:02,756] {dag.py:2266} INFO - Setting next_dagrun for example_kubernetes_executor to None
[2021-02-25 17:16:02,763] {scheduler_job.py:189} INFO - Processing /home/i-sip_iot/anaconda3/envs/sandbox/lib/python3.7/site-packages/airflow/example_dags/example_kubernetes_executor.py took 0.025 seconds
[2021-02-25 17:16:29,631] {scheduler_job.py:181} INFO - Started process (PID=184696) to work on /home/i-sip_iot/anaconda3/envs/sandbox/lib/python3.7/site-packages/airflow/example_dags/example_kubernetes_executor.py
[2021-02-25 17:16:29,635] {scheduler_job.py:629} INFO - Processing file /home/i-sip_iot/anaconda3/envs/sandbox/lib/python3.7/site-packages/airflow/example_dags/example_kubernetes_executor.py for tasks to queue
[2021-02-25 17:16:29,636] {logging_mixin.py:103} INFO - [2021-02-25 17:16:29,636] {dagbag.py:440} INFO - Filling up the DagBag from /home/i-sip_iot/anaconda3/envs/sandbox/lib/python3.7/site-packages/airflow/example_dags/example_kubernetes_executor.py
[2021-02-25 17:16:29,656] {scheduler_job.py:639} INFO - DAG(s) dict_keys(['example_kubernetes_executor']) retrieved from /home/i-sip_iot/anaconda3/envs/sandbox/lib/python3.7/site-packages/airflow/example_dags/example_kubernetes_executor.py
[2021-02-25 17:16:29,657] {logging_mixin.py:103} INFO - [2021-02-25 17:16:29,656] {dag.py:1813} INFO - Sync 1 DAGs
[2021-02-25 17:16:29,671] {logging_mixin.py:103} INFO - [2021-02-25 17:16:29,671] {dag.py:2266} INFO - Setting next_dagrun for example_kubernetes_executor to None
[2021-02-25 17:16:29,680] {scheduler_job.py:189} INFO - Processing /home/i-sip_iot/anaconda3/envs/sandbox/lib/python3.7/site-packages/airflow/example_dags/example_kubernetes_executor.py took 0.054 seconds
[2021-02-25 17:16:57,115] {scheduler_job.py:181} INFO - Started process (PID=184942) to work on /home/i-sip_iot/anaconda3/envs/sandbox/lib/python3.7/site-packages/airflow/example_dags/example_kubernetes_executor.py
[2021-02-25 17:16:57,118] {scheduler_job.py:629} INFO - Processing file /home/i-sip_iot/anaconda3/envs/sandbox/lib/python3.7/site-packages/airflow/example_dags/example_kubernetes_executor.py for tasks to queue
[2021-02-25 17:16:57,119] {logging_mixin.py:103} INFO - [2021-02-25 17:16:57,119] {dagbag.py:440} INFO - Filling up the DagBag from /home/i-sip_iot/anaconda3/envs/sandbox/lib/python3.7/site-packages/airflow/example_dags/example_kubernetes_executor.py
[2021-02-25 17:16:57,137] {scheduler_job.py:639} INFO - DAG(s) dict_keys(['example_kubernetes_executor']) retrieved from /home/i-sip_iot/anaconda3/envs/sandbox/lib/python3.7/site-packages/airflow/example_dags/example_kubernetes_executor.py
[2021-02-25 17:16:57,138] {logging_mixin.py:103} INFO - [2021-02-25 17:16:57,138] {dag.py:1813} INFO - Sync 1 DAGs
[2021-02-25 17:16:57,153] {logging_mixin.py:103} INFO - [2021-02-25 17:16:57,153] {dag.py:2266} INFO - Setting next_dagrun for example_kubernetes_executor to None
[2021-02-25 17:16:57,162] {scheduler_job.py:189} INFO - Processing /home/i-sip_iot/anaconda3/envs/sandbox/lib/python3.7/site-packages/airflow/example_dags/example_kubernetes_executor.py took 0.053 seconds
[2021-02-25 17:17:23,951] {scheduler_job.py:181} INFO - Started process (PID=185023) to work on /home/i-sip_iot/anaconda3/envs/sandbox/lib/python3.7/site-packages/airflow/example_dags/example_kubernetes_executor.py
[2021-02-25 17:17:23,951] {scheduler_job.py:629} INFO - Processing file /home/i-sip_iot/anaconda3/envs/sandbox/lib/python3.7/site-packages/airflow/example_dags/example_kubernetes_executor.py for tasks to queue
[2021-02-25 17:17:23,952] {logging_mixin.py:103} INFO - [2021-02-25 17:17:23,952] {dagbag.py:440} INFO - Filling up the DagBag from /home/i-sip_iot/anaconda3/envs/sandbox/lib/python3.7/site-packages/airflow/example_dags/example_kubernetes_executor.py
[2021-02-25 17:17:23,958] {scheduler_job.py:639} INFO - DAG(s) dict_keys(['example_kubernetes_executor']) retrieved from /home/i-sip_iot/anaconda3/envs/sandbox/lib/python3.7/site-packages/airflow/example_dags/example_kubernetes_executor.py
[2021-02-25 17:17:23,958] {logging_mixin.py:103} INFO - [2021-02-25 17:17:23,958] {dag.py:1813} INFO - Sync 1 DAGs
[2021-02-25 17:17:23,970] {logging_mixin.py:103} INFO - [2021-02-25 17:17:23,970] {dag.py:2266} INFO - Setting next_dagrun for example_kubernetes_executor to None
[2021-02-25 17:17:23,979] {scheduler_job.py:189} INFO - Processing /home/i-sip_iot/anaconda3/envs/sandbox/lib/python3.7/site-packages/airflow/example_dags/example_kubernetes_executor.py took 0.030 seconds
[2021-02-25 17:17:52,004] {scheduler_job.py:181} INFO - Started process (PID=185255) to work on /home/i-sip_iot/anaconda3/envs/sandbox/lib/python3.7/site-packages/airflow/example_dags/example_kubernetes_executor.py
[2021-02-25 17:17:52,005] {scheduler_job.py:629} INFO - Processing file /home/i-sip_iot/anaconda3/envs/sandbox/lib/python3.7/site-packages/airflow/example_dags/example_kubernetes_executor.py for tasks to queue
[2021-02-25 17:17:52,005] {logging_mixin.py:103} INFO - [2021-02-25 17:17:52,005] {dagbag.py:440} INFO - Filling up the DagBag from /home/i-sip_iot/anaconda3/envs/sandbox/lib/python3.7/site-packages/airflow/example_dags/example_kubernetes_executor.py
[2021-02-25 17:17:52,012] {scheduler_job.py:639} INFO - DAG(s) dict_keys(['example_kubernetes_executor']) retrieved from /home/i-sip_iot/anaconda3/envs/sandbox/lib/python3.7/site-packages/airflow/example_dags/example_kubernetes_executor.py
[2021-02-25 17:17:52,012] {logging_mixin.py:103} INFO - [2021-02-25 17:17:52,012] {dag.py:1813} INFO - Sync 1 DAGs
[2021-02-25 17:17:52,022] {logging_mixin.py:103} INFO - [2021-02-25 17:17:52,022] {dag.py:2266} INFO - Setting next_dagrun for example_kubernetes_executor to None
[2021-02-25 17:17:52,032] {scheduler_job.py:189} INFO - Processing /home/i-sip_iot/anaconda3/envs/sandbox/lib/python3.7/site-packages/airflow/example_dags/example_kubernetes_executor.py took 0.029 seconds
[2021-02-25 17:18:18,401] {scheduler_job.py:181} INFO - Started process (PID=185317) to work on /home/i-sip_iot/anaconda3/envs/sandbox/lib/python3.7/site-packages/airflow/example_dags/example_kubernetes_executor.py
[2021-02-25 17:18:18,402] {scheduler_job.py:629} INFO - Processing file /home/i-sip_iot/anaconda3/envs/sandbox/lib/python3.7/site-packages/airflow/example_dags/example_kubernetes_executor.py for tasks to queue
[2021-02-25 17:18:18,402] {logging_mixin.py:103} INFO - [2021-02-25 17:18:18,402] {dagbag.py:440} INFO - Filling up the DagBag from /home/i-sip_iot/anaconda3/envs/sandbox/lib/python3.7/site-packages/airflow/example_dags/example_kubernetes_executor.py
[2021-02-25 17:18:18,410] {scheduler_job.py:639} INFO - DAG(s) dict_keys(['example_kubernetes_executor']) retrieved from /home/i-sip_iot/anaconda3/envs/sandbox/lib/python3.7/site-packages/airflow/example_dags/example_kubernetes_executor.py
[2021-02-25 17:18:18,411] {logging_mixin.py:103} INFO - [2021-02-25 17:18:18,411] {dag.py:1813} INFO - Sync 1 DAGs
[2021-02-25 17:18:18,421] {logging_mixin.py:103} INFO - [2021-02-25 17:18:18,421] {dag.py:2266} INFO - Setting next_dagrun for example_kubernetes_executor to None
[2021-02-25 17:18:18,430] {scheduler_job.py:189} INFO - Processing /home/i-sip_iot/anaconda3/envs/sandbox/lib/python3.7/site-packages/airflow/example_dags/example_kubernetes_executor.py took 0.031 seconds
[2021-02-25 17:18:46,319] {scheduler_job.py:181} INFO - Started process (PID=185544) to work on /home/i-sip_iot/anaconda3/envs/sandbox/lib/python3.7/site-packages/airflow/example_dags/example_kubernetes_executor.py
[2021-02-25 17:18:46,322] {scheduler_job.py:629} INFO - Processing file /home/i-sip_iot/anaconda3/envs/sandbox/lib/python3.7/site-packages/airflow/example_dags/example_kubernetes_executor.py for tasks to queue
[2021-02-25 17:18:46,323] {logging_mixin.py:103} INFO - [2021-02-25 17:18:46,323] {dagbag.py:440} INFO - Filling up the DagBag from /home/i-sip_iot/anaconda3/envs/sandbox/lib/python3.7/site-packages/airflow/example_dags/example_kubernetes_executor.py
[2021-02-25 17:18:46,342] {scheduler_job.py:639} INFO - DAG(s) dict_keys(['example_kubernetes_executor']) retrieved from /home/i-sip_iot/anaconda3/envs/sandbox/lib/python3.7/site-packages/airflow/example_dags/example_kubernetes_executor.py
[2021-02-25 17:18:46,343] {logging_mixin.py:103} INFO - [2021-02-25 17:18:46,343] {dag.py:1813} INFO - Sync 1 DAGs
[2021-02-25 17:18:46,356] {logging_mixin.py:103} INFO - [2021-02-25 17:18:46,356] {dag.py:2266} INFO - Setting next_dagrun for example_kubernetes_executor to None
[2021-02-25 17:18:46,365] {scheduler_job.py:189} INFO - Processing /home/i-sip_iot/anaconda3/envs/sandbox/lib/python3.7/site-packages/airflow/example_dags/example_kubernetes_executor.py took 0.051 seconds
[2021-02-25 17:19:13,239] {scheduler_job.py:181} INFO - Started process (PID=185629) to work on /home/i-sip_iot/anaconda3/envs/sandbox/lib/python3.7/site-packages/airflow/example_dags/example_kubernetes_executor.py
[2021-02-25 17:19:13,242] {scheduler_job.py:629} INFO - Processing file /home/i-sip_iot/anaconda3/envs/sandbox/lib/python3.7/site-packages/airflow/example_dags/example_kubernetes_executor.py for tasks to queue
[2021-02-25 17:19:13,243] {logging_mixin.py:103} INFO - [2021-02-25 17:19:13,243] {dagbag.py:440} INFO - Filling up the DagBag from /home/i-sip_iot/anaconda3/envs/sandbox/lib/python3.7/site-packages/airflow/example_dags/example_kubernetes_executor.py
[2021-02-25 17:19:13,263] {scheduler_job.py:639} INFO - DAG(s) dict_keys(['example_kubernetes_executor']) retrieved from /home/i-sip_iot/anaconda3/envs/sandbox/lib/python3.7/site-packages/airflow/example_dags/example_kubernetes_executor.py
[2021-02-25 17:19:13,264] {logging_mixin.py:103} INFO - [2021-02-25 17:19:13,264] {dag.py:1813} INFO - Sync 1 DAGs
[2021-02-25 17:19:13,278] {logging_mixin.py:103} INFO - [2021-02-25 17:19:13,278] {dag.py:2266} INFO - Setting next_dagrun for example_kubernetes_executor to None
[2021-02-25 17:19:13,287] {scheduler_job.py:189} INFO - Processing /home/i-sip_iot/anaconda3/envs/sandbox/lib/python3.7/site-packages/airflow/example_dags/example_kubernetes_executor.py took 0.054 seconds
[2021-02-25 17:19:40,085] {scheduler_job.py:181} INFO - Started process (PID=185863) to work on /home/i-sip_iot/anaconda3/envs/sandbox/lib/python3.7/site-packages/airflow/example_dags/example_kubernetes_executor.py
[2021-02-25 17:19:40,087] {scheduler_job.py:629} INFO - Processing file /home/i-sip_iot/anaconda3/envs/sandbox/lib/python3.7/site-packages/airflow/example_dags/example_kubernetes_executor.py for tasks to queue
[2021-02-25 17:19:40,088] {logging_mixin.py:103} INFO - [2021-02-25 17:19:40,088] {dagbag.py:440} INFO - Filling up the DagBag from /home/i-sip_iot/anaconda3/envs/sandbox/lib/python3.7/site-packages/airflow/example_dags/example_kubernetes_executor.py
[2021-02-25 17:19:40,105] {scheduler_job.py:639} INFO - DAG(s) dict_keys(['example_kubernetes_executor']) retrieved from /home/i-sip_iot/anaconda3/envs/sandbox/lib/python3.7/site-packages/airflow/example_dags/example_kubernetes_executor.py
[2021-02-25 17:19:40,106] {logging_mixin.py:103} INFO - [2021-02-25 17:19:40,106] {dag.py:1813} INFO - Sync 1 DAGs
[2021-02-25 17:19:40,120] {logging_mixin.py:103} INFO - [2021-02-25 17:19:40,120] {dag.py:2266} INFO - Setting next_dagrun for example_kubernetes_executor to None
[2021-02-25 17:19:40,129] {scheduler_job.py:189} INFO - Processing /home/i-sip_iot/anaconda3/envs/sandbox/lib/python3.7/site-packages/airflow/example_dags/example_kubernetes_executor.py took 0.050 seconds
[2021-02-25 17:20:07,638] {scheduler_job.py:181} INFO - Started process (PID=185929) to work on /home/i-sip_iot/anaconda3/envs/sandbox/lib/python3.7/site-packages/airflow/example_dags/example_kubernetes_executor.py
[2021-02-25 17:20:07,638] {scheduler_job.py:629} INFO - Processing file /home/i-sip_iot/anaconda3/envs/sandbox/lib/python3.7/site-packages/airflow/example_dags/example_kubernetes_executor.py for tasks to queue
[2021-02-25 17:20:07,639] {logging_mixin.py:103} INFO - [2021-02-25 17:20:07,639] {dagbag.py:440} INFO - Filling up the DagBag from /home/i-sip_iot/anaconda3/envs/sandbox/lib/python3.7/site-packages/airflow/example_dags/example_kubernetes_executor.py
[2021-02-25 17:20:07,645] {scheduler_job.py:639} INFO - DAG(s) dict_keys(['example_kubernetes_executor']) retrieved from /home/i-sip_iot/anaconda3/envs/sandbox/lib/python3.7/site-packages/airflow/example_dags/example_kubernetes_executor.py
[2021-02-25 17:20:07,645] {logging_mixin.py:103} INFO - [2021-02-25 17:20:07,645] {dag.py:1813} INFO - Sync 1 DAGs
[2021-02-25 17:20:07,655] {logging_mixin.py:103} INFO - [2021-02-25 17:20:07,655] {dag.py:2266} INFO - Setting next_dagrun for example_kubernetes_executor to None
[2021-02-25 17:20:07,663] {scheduler_job.py:189} INFO - Processing /home/i-sip_iot/anaconda3/envs/sandbox/lib/python3.7/site-packages/airflow/example_dags/example_kubernetes_executor.py took 0.027 seconds
[2021-02-25 17:20:34,528] {scheduler_job.py:181} INFO - Started process (PID=186010) to work on /home/i-sip_iot/anaconda3/envs/sandbox/lib/python3.7/site-packages/airflow/example_dags/example_kubernetes_executor.py
[2021-02-25 17:20:34,529] {scheduler_job.py:629} INFO - Processing file /home/i-sip_iot/anaconda3/envs/sandbox/lib/python3.7/site-packages/airflow/example_dags/example_kubernetes_executor.py for tasks to queue
[2021-02-25 17:20:34,529] {logging_mixin.py:103} INFO - [2021-02-25 17:20:34,529] {dagbag.py:440} INFO - Filling up the DagBag from /home/i-sip_iot/anaconda3/envs/sandbox/lib/python3.7/site-packages/airflow/example_dags/example_kubernetes_executor.py
[2021-02-25 17:20:34,535] {scheduler_job.py:639} INFO - DAG(s) dict_keys(['example_kubernetes_executor']) retrieved from /home/i-sip_iot/anaconda3/envs/sandbox/lib/python3.7/site-packages/airflow/example_dags/example_kubernetes_executor.py
[2021-02-25 17:20:34,535] {logging_mixin.py:103} INFO - [2021-02-25 17:20:34,535] {dag.py:1813} INFO - Sync 1 DAGs
[2021-02-25 17:20:34,545] {logging_mixin.py:103} INFO - [2021-02-25 17:20:34,545] {dag.py:2266} INFO - Setting next_dagrun for example_kubernetes_executor to None
[2021-02-25 17:20:34,554] {scheduler_job.py:189} INFO - Processing /home/i-sip_iot/anaconda3/envs/sandbox/lib/python3.7/site-packages/airflow/example_dags/example_kubernetes_executor.py took 0.027 seconds
[2021-02-25 17:21:02,423] {scheduler_job.py:181} INFO - Started process (PID=186256) to work on /home/i-sip_iot/anaconda3/envs/sandbox/lib/python3.7/site-packages/airflow/example_dags/example_kubernetes_executor.py
[2021-02-25 17:21:02,424] {scheduler_job.py:629} INFO - Processing file /home/i-sip_iot/anaconda3/envs/sandbox/lib/python3.7/site-packages/airflow/example_dags/example_kubernetes_executor.py for tasks to queue
[2021-02-25 17:21:02,424] {logging_mixin.py:103} INFO - [2021-02-25 17:21:02,424] {dagbag.py:440} INFO - Filling up the DagBag from /home/i-sip_iot/anaconda3/envs/sandbox/lib/python3.7/site-packages/airflow/example_dags/example_kubernetes_executor.py
[2021-02-25 17:21:02,432] {scheduler_job.py:639} INFO - DAG(s) dict_keys(['example_kubernetes_executor']) retrieved from /home/i-sip_iot/anaconda3/envs/sandbox/lib/python3.7/site-packages/airflow/example_dags/example_kubernetes_executor.py
[2021-02-25 17:21:02,433] {logging_mixin.py:103} INFO - [2021-02-25 17:21:02,433] {dag.py:1813} INFO - Sync 1 DAGs
[2021-02-25 17:21:02,443] {logging_mixin.py:103} INFO - [2021-02-25 17:21:02,443] {dag.py:2266} INFO - Setting next_dagrun for example_kubernetes_executor to None
[2021-02-25 17:21:02,451] {scheduler_job.py:189} INFO - Processing /home/i-sip_iot/anaconda3/envs/sandbox/lib/python3.7/site-packages/airflow/example_dags/example_kubernetes_executor.py took 0.031 seconds
[2021-02-25 17:21:28,850] {scheduler_job.py:181} INFO - Started process (PID=186315) to work on /home/i-sip_iot/anaconda3/envs/sandbox/lib/python3.7/site-packages/airflow/example_dags/example_kubernetes_executor.py
[2021-02-25 17:21:28,851] {scheduler_job.py:629} INFO - Processing file /home/i-sip_iot/anaconda3/envs/sandbox/lib/python3.7/site-packages/airflow/example_dags/example_kubernetes_executor.py for tasks to queue
[2021-02-25 17:21:28,852] {logging_mixin.py:103} INFO - [2021-02-25 17:21:28,851] {dagbag.py:440} INFO - Filling up the DagBag from /home/i-sip_iot/anaconda3/envs/sandbox/lib/python3.7/site-packages/airflow/example_dags/example_kubernetes_executor.py
[2021-02-25 17:21:28,857] {scheduler_job.py:639} INFO - DAG(s) dict_keys(['example_kubernetes_executor']) retrieved from /home/i-sip_iot/anaconda3/envs/sandbox/lib/python3.7/site-packages/airflow/example_dags/example_kubernetes_executor.py
[2021-02-25 17:21:28,857] {logging_mixin.py:103} INFO - [2021-02-25 17:21:28,857] {dag.py:1813} INFO - Sync 1 DAGs
[2021-02-25 17:21:28,866] {logging_mixin.py:103} INFO - [2021-02-25 17:21:28,866] {dag.py:2266} INFO - Setting next_dagrun for example_kubernetes_executor to None
[2021-02-25 17:21:28,876] {scheduler_job.py:189} INFO - Processing /home/i-sip_iot/anaconda3/envs/sandbox/lib/python3.7/site-packages/airflow/example_dags/example_kubernetes_executor.py took 0.027 seconds
[2021-02-25 17:21:56,154] {scheduler_job.py:181} INFO - Started process (PID=186554) to work on /home/i-sip_iot/anaconda3/envs/sandbox/lib/python3.7/site-packages/airflow/example_dags/example_kubernetes_executor.py
[2021-02-25 17:21:56,154] {scheduler_job.py:629} INFO - Processing file /home/i-sip_iot/anaconda3/envs/sandbox/lib/python3.7/site-packages/airflow/example_dags/example_kubernetes_executor.py for tasks to queue
[2021-02-25 17:21:56,155] {logging_mixin.py:103} INFO - [2021-02-25 17:21:56,155] {dagbag.py:440} INFO - Filling up the DagBag from /home/i-sip_iot/anaconda3/envs/sandbox/lib/python3.7/site-packages/airflow/example_dags/example_kubernetes_executor.py
[2021-02-25 17:21:56,160] {scheduler_job.py:639} INFO - DAG(s) dict_keys(['example_kubernetes_executor']) retrieved from /home/i-sip_iot/anaconda3/envs/sandbox/lib/python3.7/site-packages/airflow/example_dags/example_kubernetes_executor.py
[2021-02-25 17:21:56,161] {logging_mixin.py:103} INFO - [2021-02-25 17:21:56,161] {dag.py:1813} INFO - Sync 1 DAGs
[2021-02-25 17:21:56,170] {logging_mixin.py:103} INFO - [2021-02-25 17:21:56,170] {dag.py:2266} INFO - Setting next_dagrun for example_kubernetes_executor to None
[2021-02-25 17:21:56,177] {scheduler_job.py:189} INFO - Processing /home/i-sip_iot/anaconda3/envs/sandbox/lib/python3.7/site-packages/airflow/example_dags/example_kubernetes_executor.py took 0.025 seconds
[2021-02-25 17:22:23,811] {scheduler_job.py:181} INFO - Started process (PID=186601) to work on /home/i-sip_iot/anaconda3/envs/sandbox/lib/python3.7/site-packages/airflow/example_dags/example_kubernetes_executor.py
[2021-02-25 17:22:23,812] {scheduler_job.py:629} INFO - Processing file /home/i-sip_iot/anaconda3/envs/sandbox/lib/python3.7/site-packages/airflow/example_dags/example_kubernetes_executor.py for tasks to queue
[2021-02-25 17:22:23,812] {logging_mixin.py:103} INFO - [2021-02-25 17:22:23,812] {dagbag.py:440} INFO - Filling up the DagBag from /home/i-sip_iot/anaconda3/envs/sandbox/lib/python3.7/site-packages/airflow/example_dags/example_kubernetes_executor.py
[2021-02-25 17:22:23,822] {scheduler_job.py:639} INFO - DAG(s) dict_keys(['example_kubernetes_executor']) retrieved from /home/i-sip_iot/anaconda3/envs/sandbox/lib/python3.7/site-packages/airflow/example_dags/example_kubernetes_executor.py
[2021-02-25 17:22:23,822] {logging_mixin.py:103} INFO - [2021-02-25 17:22:23,822] {dag.py:1813} INFO - Sync 1 DAGs
[2021-02-25 17:22:23,833] {logging_mixin.py:103} INFO - [2021-02-25 17:22:23,833] {dag.py:2266} INFO - Setting next_dagrun for example_kubernetes_executor to None
[2021-02-25 17:22:23,841] {scheduler_job.py:189} INFO - Processing /home/i-sip_iot/anaconda3/envs/sandbox/lib/python3.7/site-packages/airflow/example_dags/example_kubernetes_executor.py took 0.033 seconds
[2021-02-25 17:22:51,191] {scheduler_job.py:181} INFO - Started process (PID=186827) to work on /home/i-sip_iot/anaconda3/envs/sandbox/lib/python3.7/site-packages/airflow/example_dags/example_kubernetes_executor.py
[2021-02-25 17:22:51,191] {scheduler_job.py:629} INFO - Processing file /home/i-sip_iot/anaconda3/envs/sandbox/lib/python3.7/site-packages/airflow/example_dags/example_kubernetes_executor.py for tasks to queue
[2021-02-25 17:22:51,192] {logging_mixin.py:103} INFO - [2021-02-25 17:22:51,192] {dagbag.py:440} INFO - Filling up the DagBag from /home/i-sip_iot/anaconda3/envs/sandbox/lib/python3.7/site-packages/airflow/example_dags/example_kubernetes_executor.py
[2021-02-25 17:22:51,201] {scheduler_job.py:639} INFO - DAG(s) dict_keys(['example_kubernetes_executor']) retrieved from /home/i-sip_iot/anaconda3/envs/sandbox/lib/python3.7/site-packages/airflow/example_dags/example_kubernetes_executor.py
[2021-02-25 17:22:51,202] {logging_mixin.py:103} INFO - [2021-02-25 17:22:51,202] {dag.py:1813} INFO - Sync 1 DAGs
[2021-02-25 17:22:51,212] {logging_mixin.py:103} INFO - [2021-02-25 17:22:51,212] {dag.py:2266} INFO - Setting next_dagrun for example_kubernetes_executor to None
[2021-02-25 17:22:51,221] {scheduler_job.py:189} INFO - Processing /home/i-sip_iot/anaconda3/envs/sandbox/lib/python3.7/site-packages/airflow/example_dags/example_kubernetes_executor.py took 0.032 seconds
[2021-02-25 17:23:18,119] {scheduler_job.py:181} INFO - Started process (PID=186887) to work on /home/i-sip_iot/anaconda3/envs/sandbox/lib/python3.7/site-packages/airflow/example_dags/example_kubernetes_executor.py
[2021-02-25 17:23:18,121] {scheduler_job.py:629} INFO - Processing file /home/i-sip_iot/anaconda3/envs/sandbox/lib/python3.7/site-packages/airflow/example_dags/example_kubernetes_executor.py for tasks to queue
[2021-02-25 17:23:18,122] {logging_mixin.py:103} INFO - [2021-02-25 17:23:18,122] {dagbag.py:440} INFO - Filling up the DagBag from /home/i-sip_iot/anaconda3/envs/sandbox/lib/python3.7/site-packages/airflow/example_dags/example_kubernetes_executor.py
[2021-02-25 17:23:18,143] {scheduler_job.py:639} INFO - DAG(s) dict_keys(['example_kubernetes_executor']) retrieved from /home/i-sip_iot/anaconda3/envs/sandbox/lib/python3.7/site-packages/airflow/example_dags/example_kubernetes_executor.py
[2021-02-25 17:23:18,144] {logging_mixin.py:103} INFO - [2021-02-25 17:23:18,144] {dag.py:1813} INFO - Sync 1 DAGs
[2021-02-25 17:23:18,160] {logging_mixin.py:103} INFO - [2021-02-25 17:23:18,159] {dag.py:2266} INFO - Setting next_dagrun for example_kubernetes_executor to None
[2021-02-25 17:23:18,173] {scheduler_job.py:189} INFO - Processing /home/i-sip_iot/anaconda3/envs/sandbox/lib/python3.7/site-packages/airflow/example_dags/example_kubernetes_executor.py took 0.060 seconds
[2021-02-25 17:23:45,018] {scheduler_job.py:181} INFO - Started process (PID=187133) to work on /home/i-sip_iot/anaconda3/envs/sandbox/lib/python3.7/site-packages/airflow/example_dags/example_kubernetes_executor.py
[2021-02-25 17:23:45,019] {scheduler_job.py:629} INFO - Processing file /home/i-sip_iot/anaconda3/envs/sandbox/lib/python3.7/site-packages/airflow/example_dags/example_kubernetes_executor.py for tasks to queue
[2021-02-25 17:23:45,019] {logging_mixin.py:103} INFO - [2021-02-25 17:23:45,019] {dagbag.py:440} INFO - Filling up the DagBag from /home/i-sip_iot/anaconda3/envs/sandbox/lib/python3.7/site-packages/airflow/example_dags/example_kubernetes_executor.py
[2021-02-25 17:23:45,026] {scheduler_job.py:639} INFO - DAG(s) dict_keys(['example_kubernetes_executor']) retrieved from /home/i-sip_iot/anaconda3/envs/sandbox/lib/python3.7/site-packages/airflow/example_dags/example_kubernetes_executor.py
[2021-02-25 17:23:45,027] {logging_mixin.py:103} INFO - [2021-02-25 17:23:45,027] {dag.py:1813} INFO - Sync 1 DAGs
[2021-02-25 17:23:45,040] {logging_mixin.py:103} INFO - [2021-02-25 17:23:45,040] {dag.py:2266} INFO - Setting next_dagrun for example_kubernetes_executor to None
[2021-02-25 17:23:45,050] {scheduler_job.py:189} INFO - Processing /home/i-sip_iot/anaconda3/envs/sandbox/lib/python3.7/site-packages/airflow/example_dags/example_kubernetes_executor.py took 0.033 seconds
[2021-02-25 17:24:12,371] {scheduler_job.py:181} INFO - Started process (PID=187209) to work on /home/i-sip_iot/anaconda3/envs/sandbox/lib/python3.7/site-packages/airflow/example_dags/example_kubernetes_executor.py
[2021-02-25 17:24:12,374] {scheduler_job.py:629} INFO - Processing file /home/i-sip_iot/anaconda3/envs/sandbox/lib/python3.7/site-packages/airflow/example_dags/example_kubernetes_executor.py for tasks to queue
[2021-02-25 17:24:12,376] {logging_mixin.py:103} INFO - [2021-02-25 17:24:12,376] {dagbag.py:440} INFO - Filling up the DagBag from /home/i-sip_iot/anaconda3/envs/sandbox/lib/python3.7/site-packages/airflow/example_dags/example_kubernetes_executor.py
[2021-02-25 17:24:12,394] {scheduler_job.py:639} INFO - DAG(s) dict_keys(['example_kubernetes_executor']) retrieved from /home/i-sip_iot/anaconda3/envs/sandbox/lib/python3.7/site-packages/airflow/example_dags/example_kubernetes_executor.py
[2021-02-25 17:24:12,396] {logging_mixin.py:103} INFO - [2021-02-25 17:24:12,396] {dag.py:1813} INFO - Sync 1 DAGs
[2021-02-25 17:24:12,411] {logging_mixin.py:103} INFO - [2021-02-25 17:24:12,411] {dag.py:2266} INFO - Setting next_dagrun for example_kubernetes_executor to None
[2021-02-25 17:24:12,419] {scheduler_job.py:189} INFO - Processing /home/i-sip_iot/anaconda3/envs/sandbox/lib/python3.7/site-packages/airflow/example_dags/example_kubernetes_executor.py took 0.054 seconds
[2021-02-25 17:24:39,465] {scheduler_job.py:181} INFO - Started process (PID=187439) to work on /home/i-sip_iot/anaconda3/envs/sandbox/lib/python3.7/site-packages/airflow/example_dags/example_kubernetes_executor.py
[2021-02-25 17:24:39,466] {scheduler_job.py:629} INFO - Processing file /home/i-sip_iot/anaconda3/envs/sandbox/lib/python3.7/site-packages/airflow/example_dags/example_kubernetes_executor.py for tasks to queue
[2021-02-25 17:24:39,467] {logging_mixin.py:103} INFO - [2021-02-25 17:24:39,467] {dagbag.py:440} INFO - Filling up the DagBag from /home/i-sip_iot/anaconda3/envs/sandbox/lib/python3.7/site-packages/airflow/example_dags/example_kubernetes_executor.py
[2021-02-25 17:24:39,476] {scheduler_job.py:639} INFO - DAG(s) dict_keys(['example_kubernetes_executor']) retrieved from /home/i-sip_iot/anaconda3/envs/sandbox/lib/python3.7/site-packages/airflow/example_dags/example_kubernetes_executor.py
[2021-02-25 17:24:39,477] {logging_mixin.py:103} INFO - [2021-02-25 17:24:39,477] {dag.py:1813} INFO - Sync 1 DAGs
[2021-02-25 17:24:39,489] {logging_mixin.py:103} INFO - [2021-02-25 17:24:39,489] {dag.py:2266} INFO - Setting next_dagrun for example_kubernetes_executor to None
[2021-02-25 17:24:39,497] {scheduler_job.py:189} INFO - Processing /home/i-sip_iot/anaconda3/envs/sandbox/lib/python3.7/site-packages/airflow/example_dags/example_kubernetes_executor.py took 0.035 seconds
[2021-02-25 17:25:06,376] {scheduler_job.py:181} INFO - Started process (PID=187529) to work on /home/i-sip_iot/anaconda3/envs/sandbox/lib/python3.7/site-packages/airflow/example_dags/example_kubernetes_executor.py
[2021-02-25 17:25:06,378] {scheduler_job.py:629} INFO - Processing file /home/i-sip_iot/anaconda3/envs/sandbox/lib/python3.7/site-packages/airflow/example_dags/example_kubernetes_executor.py for tasks to queue
[2021-02-25 17:25:06,378] {logging_mixin.py:103} INFO - [2021-02-25 17:25:06,378] {dagbag.py:440} INFO - Filling up the DagBag from /home/i-sip_iot/anaconda3/envs/sandbox/lib/python3.7/site-packages/airflow/example_dags/example_kubernetes_executor.py
[2021-02-25 17:25:06,387] {scheduler_job.py:639} INFO - DAG(s) dict_keys(['example_kubernetes_executor']) retrieved from /home/i-sip_iot/anaconda3/envs/sandbox/lib/python3.7/site-packages/airflow/example_dags/example_kubernetes_executor.py
[2021-02-25 17:25:06,387] {logging_mixin.py:103} INFO - [2021-02-25 17:25:06,387] {dag.py:1813} INFO - Sync 1 DAGs
[2021-02-25 17:25:06,403] {logging_mixin.py:103} INFO - [2021-02-25 17:25:06,403] {dag.py:2266} INFO - Setting next_dagrun for example_kubernetes_executor to None
[2021-02-25 17:25:06,412] {scheduler_job.py:189} INFO - Processing /home/i-sip_iot/anaconda3/envs/sandbox/lib/python3.7/site-packages/airflow/example_dags/example_kubernetes_executor.py took 0.038 seconds
[2021-02-25 17:25:34,387] {scheduler_job.py:181} INFO - Started process (PID=187590) to work on /home/i-sip_iot/anaconda3/envs/sandbox/lib/python3.7/site-packages/airflow/example_dags/example_kubernetes_executor.py
[2021-02-25 17:25:34,389] {scheduler_job.py:629} INFO - Processing file /home/i-sip_iot/anaconda3/envs/sandbox/lib/python3.7/site-packages/airflow/example_dags/example_kubernetes_executor.py for tasks to queue
[2021-02-25 17:25:34,390] {logging_mixin.py:103} INFO - [2021-02-25 17:25:34,389] {dagbag.py:440} INFO - Filling up the DagBag from /home/i-sip_iot/anaconda3/envs/sandbox/lib/python3.7/site-packages/airflow/example_dags/example_kubernetes_executor.py
[2021-02-25 17:25:34,406] {scheduler_job.py:639} INFO - DAG(s) dict_keys(['example_kubernetes_executor']) retrieved from /home/i-sip_iot/anaconda3/envs/sandbox/lib/python3.7/site-packages/airflow/example_dags/example_kubernetes_executor.py
[2021-02-25 17:25:34,407] {logging_mixin.py:103} INFO - [2021-02-25 17:25:34,407] {dag.py:1813} INFO - Sync 1 DAGs
[2021-02-25 17:25:34,423] {logging_mixin.py:103} INFO - [2021-02-25 17:25:34,423] {dag.py:2266} INFO - Setting next_dagrun for example_kubernetes_executor to None
[2021-02-25 17:25:34,433] {scheduler_job.py:189} INFO - Processing /home/i-sip_iot/anaconda3/envs/sandbox/lib/python3.7/site-packages/airflow/example_dags/example_kubernetes_executor.py took 0.050 seconds
[2021-02-25 17:26:01,438] {scheduler_job.py:181} INFO - Started process (PID=187867) to work on /home/i-sip_iot/anaconda3/envs/sandbox/lib/python3.7/site-packages/airflow/example_dags/example_kubernetes_executor.py
[2021-02-25 17:26:01,439] {scheduler_job.py:629} INFO - Processing file /home/i-sip_iot/anaconda3/envs/sandbox/lib/python3.7/site-packages/airflow/example_dags/example_kubernetes_executor.py for tasks to queue
[2021-02-25 17:26:01,439] {logging_mixin.py:103} INFO - [2021-02-25 17:26:01,439] {dagbag.py:440} INFO - Filling up the DagBag from /home/i-sip_iot/anaconda3/envs/sandbox/lib/python3.7/site-packages/airflow/example_dags/example_kubernetes_executor.py
[2021-02-25 17:26:01,447] {scheduler_job.py:639} INFO - DAG(s) dict_keys(['example_kubernetes_executor']) retrieved from /home/i-sip_iot/anaconda3/envs/sandbox/lib/python3.7/site-packages/airflow/example_dags/example_kubernetes_executor.py
[2021-02-25 17:26:01,447] {logging_mixin.py:103} INFO - [2021-02-25 17:26:01,447] {dag.py:1813} INFO - Sync 1 DAGs
[2021-02-25 17:26:01,456] {logging_mixin.py:103} INFO - [2021-02-25 17:26:01,456] {dag.py:2266} INFO - Setting next_dagrun for example_kubernetes_executor to None
[2021-02-25 17:26:01,466] {scheduler_job.py:189} INFO - Processing /home/i-sip_iot/anaconda3/envs/sandbox/lib/python3.7/site-packages/airflow/example_dags/example_kubernetes_executor.py took 0.029 seconds
[2021-02-25 17:26:28,317] {scheduler_job.py:181} INFO - Started process (PID=187942) to work on /home/i-sip_iot/anaconda3/envs/sandbox/lib/python3.7/site-packages/airflow/example_dags/example_kubernetes_executor.py
[2021-02-25 17:26:28,318] {scheduler_job.py:629} INFO - Processing file /home/i-sip_iot/anaconda3/envs/sandbox/lib/python3.7/site-packages/airflow/example_dags/example_kubernetes_executor.py for tasks to queue
[2021-02-25 17:26:28,318] {logging_mixin.py:103} INFO - [2021-02-25 17:26:28,318] {dagbag.py:440} INFO - Filling up the DagBag from /home/i-sip_iot/anaconda3/envs/sandbox/lib/python3.7/site-packages/airflow/example_dags/example_kubernetes_executor.py
[2021-02-25 17:26:28,324] {scheduler_job.py:639} INFO - DAG(s) dict_keys(['example_kubernetes_executor']) retrieved from /home/i-sip_iot/anaconda3/envs/sandbox/lib/python3.7/site-packages/airflow/example_dags/example_kubernetes_executor.py
[2021-02-25 17:26:28,324] {logging_mixin.py:103} INFO - [2021-02-25 17:26:28,324] {dag.py:1813} INFO - Sync 1 DAGs
[2021-02-25 17:26:28,333] {logging_mixin.py:103} INFO - [2021-02-25 17:26:28,333] {dag.py:2266} INFO - Setting next_dagrun for example_kubernetes_executor to None
[2021-02-25 17:26:28,342] {scheduler_job.py:189} INFO - Processing /home/i-sip_iot/anaconda3/envs/sandbox/lib/python3.7/site-packages/airflow/example_dags/example_kubernetes_executor.py took 0.027 seconds
[2021-02-25 17:26:55,583] {scheduler_job.py:181} INFO - Started process (PID=188201) to work on /home/i-sip_iot/anaconda3/envs/sandbox/lib/python3.7/site-packages/airflow/example_dags/example_kubernetes_executor.py
[2021-02-25 17:26:55,584] {scheduler_job.py:629} INFO - Processing file /home/i-sip_iot/anaconda3/envs/sandbox/lib/python3.7/site-packages/airflow/example_dags/example_kubernetes_executor.py for tasks to queue
[2021-02-25 17:26:55,584] {logging_mixin.py:103} INFO - [2021-02-25 17:26:55,584] {dagbag.py:440} INFO - Filling up the DagBag from /home/i-sip_iot/anaconda3/envs/sandbox/lib/python3.7/site-packages/airflow/example_dags/example_kubernetes_executor.py
[2021-02-25 17:26:55,596] {scheduler_job.py:639} INFO - DAG(s) dict_keys(['example_kubernetes_executor']) retrieved from /home/i-sip_iot/anaconda3/envs/sandbox/lib/python3.7/site-packages/airflow/example_dags/example_kubernetes_executor.py
[2021-02-25 17:26:55,597] {logging_mixin.py:103} INFO - [2021-02-25 17:26:55,597] {dag.py:1813} INFO - Sync 1 DAGs
[2021-02-25 17:26:55,613] {logging_mixin.py:103} INFO - [2021-02-25 17:26:55,613] {dag.py:2266} INFO - Setting next_dagrun for example_kubernetes_executor to None
[2021-02-25 17:26:55,624] {scheduler_job.py:189} INFO - Processing /home/i-sip_iot/anaconda3/envs/sandbox/lib/python3.7/site-packages/airflow/example_dags/example_kubernetes_executor.py took 0.044 seconds
[2021-02-25 17:27:21,319] {scheduler_job.py:181} INFO - Started process (PID=188290) to work on /home/i-sip_iot/anaconda3/envs/sandbox/lib/python3.7/site-packages/airflow/example_dags/example_kubernetes_executor.py
[2021-02-25 17:27:21,320] {scheduler_job.py:629} INFO - Processing file /home/i-sip_iot/anaconda3/envs/sandbox/lib/python3.7/site-packages/airflow/example_dags/example_kubernetes_executor.py for tasks to queue
[2021-02-25 17:27:21,321] {logging_mixin.py:103} INFO - [2021-02-25 17:27:21,321] {dagbag.py:440} INFO - Filling up the DagBag from /home/i-sip_iot/anaconda3/envs/sandbox/lib/python3.7/site-packages/airflow/example_dags/example_kubernetes_executor.py
[2021-02-25 17:27:21,328] {scheduler_job.py:639} INFO - DAG(s) dict_keys(['example_kubernetes_executor']) retrieved from /home/i-sip_iot/anaconda3/envs/sandbox/lib/python3.7/site-packages/airflow/example_dags/example_kubernetes_executor.py
[2021-02-25 17:27:21,328] {logging_mixin.py:103} INFO - [2021-02-25 17:27:21,328] {dag.py:1813} INFO - Sync 1 DAGs
[2021-02-25 17:27:21,338] {logging_mixin.py:103} INFO - [2021-02-25 17:27:21,338] {dag.py:2266} INFO - Setting next_dagrun for example_kubernetes_executor to None
[2021-02-25 17:27:21,348] {scheduler_job.py:189} INFO - Processing /home/i-sip_iot/anaconda3/envs/sandbox/lib/python3.7/site-packages/airflow/example_dags/example_kubernetes_executor.py took 0.030 seconds
[2021-02-25 17:27:49,541] {scheduler_job.py:181} INFO - Started process (PID=188549) to work on /home/i-sip_iot/anaconda3/envs/sandbox/lib/python3.7/site-packages/airflow/example_dags/example_kubernetes_executor.py
[2021-02-25 17:27:49,543] {scheduler_job.py:629} INFO - Processing file /home/i-sip_iot/anaconda3/envs/sandbox/lib/python3.7/site-packages/airflow/example_dags/example_kubernetes_executor.py for tasks to queue
[2021-02-25 17:27:49,544] {logging_mixin.py:103} INFO - [2021-02-25 17:27:49,544] {dagbag.py:440} INFO - Filling up the DagBag from /home/i-sip_iot/anaconda3/envs/sandbox/lib/python3.7/site-packages/airflow/example_dags/example_kubernetes_executor.py
[2021-02-25 17:27:49,560] {scheduler_job.py:639} INFO - DAG(s) dict_keys(['example_kubernetes_executor']) retrieved from /home/i-sip_iot/anaconda3/envs/sandbox/lib/python3.7/site-packages/airflow/example_dags/example_kubernetes_executor.py
[2021-02-25 17:27:49,561] {logging_mixin.py:103} INFO - [2021-02-25 17:27:49,561] {dag.py:1813} INFO - Sync 1 DAGs
[2021-02-25 17:27:49,575] {logging_mixin.py:103} INFO - [2021-02-25 17:27:49,575] {dag.py:2266} INFO - Setting next_dagrun for example_kubernetes_executor to None
[2021-02-25 17:27:49,584] {scheduler_job.py:189} INFO - Processing /home/i-sip_iot/anaconda3/envs/sandbox/lib/python3.7/site-packages/airflow/example_dags/example_kubernetes_executor.py took 0.049 seconds
[2021-02-25 17:28:17,022] {scheduler_job.py:181} INFO - Started process (PID=188653) to work on /home/i-sip_iot/anaconda3/envs/sandbox/lib/python3.7/site-packages/airflow/example_dags/example_kubernetes_executor.py
[2021-02-25 17:28:17,023] {scheduler_job.py:629} INFO - Processing file /home/i-sip_iot/anaconda3/envs/sandbox/lib/python3.7/site-packages/airflow/example_dags/example_kubernetes_executor.py for tasks to queue
[2021-02-25 17:28:17,023] {logging_mixin.py:103} INFO - [2021-02-25 17:28:17,023] {dagbag.py:440} INFO - Filling up the DagBag from /home/i-sip_iot/anaconda3/envs/sandbox/lib/python3.7/site-packages/airflow/example_dags/example_kubernetes_executor.py
[2021-02-25 17:28:17,029] {scheduler_job.py:639} INFO - DAG(s) dict_keys(['example_kubernetes_executor']) retrieved from /home/i-sip_iot/anaconda3/envs/sandbox/lib/python3.7/site-packages/airflow/example_dags/example_kubernetes_executor.py
[2021-02-25 17:28:17,029] {logging_mixin.py:103} INFO - [2021-02-25 17:28:17,029] {dag.py:1813} INFO - Sync 1 DAGs
[2021-02-25 17:28:17,039] {logging_mixin.py:103} INFO - [2021-02-25 17:28:17,039] {dag.py:2266} INFO - Setting next_dagrun for example_kubernetes_executor to None
[2021-02-25 17:28:17,047] {scheduler_job.py:189} INFO - Processing /home/i-sip_iot/anaconda3/envs/sandbox/lib/python3.7/site-packages/airflow/example_dags/example_kubernetes_executor.py took 0.026 seconds
[2021-02-25 17:28:44,374] {scheduler_job.py:181} INFO - Started process (PID=188904) to work on /home/i-sip_iot/anaconda3/envs/sandbox/lib/python3.7/site-packages/airflow/example_dags/example_kubernetes_executor.py
[2021-02-25 17:28:44,375] {scheduler_job.py:629} INFO - Processing file /home/i-sip_iot/anaconda3/envs/sandbox/lib/python3.7/site-packages/airflow/example_dags/example_kubernetes_executor.py for tasks to queue
[2021-02-25 17:28:44,375] {logging_mixin.py:103} INFO - [2021-02-25 17:28:44,375] {dagbag.py:440} INFO - Filling up the DagBag from /home/i-sip_iot/anaconda3/envs/sandbox/lib/python3.7/site-packages/airflow/example_dags/example_kubernetes_executor.py
[2021-02-25 17:28:44,382] {scheduler_job.py:639} INFO - DAG(s) dict_keys(['example_kubernetes_executor']) retrieved from /home/i-sip_iot/anaconda3/envs/sandbox/lib/python3.7/site-packages/airflow/example_dags/example_kubernetes_executor.py
[2021-02-25 17:28:44,383] {logging_mixin.py:103} INFO - [2021-02-25 17:28:44,383] {dag.py:1813} INFO - Sync 1 DAGs
[2021-02-25 17:28:44,395] {logging_mixin.py:103} INFO - [2021-02-25 17:28:44,395] {dag.py:2266} INFO - Setting next_dagrun for example_kubernetes_executor to None
[2021-02-25 17:28:44,405] {scheduler_job.py:189} INFO - Processing /home/i-sip_iot/anaconda3/envs/sandbox/lib/python3.7/site-packages/airflow/example_dags/example_kubernetes_executor.py took 0.033 seconds
[2021-02-25 17:29:12,209] {scheduler_job.py:181} INFO - Started process (PID=188991) to work on /home/i-sip_iot/anaconda3/envs/sandbox/lib/python3.7/site-packages/airflow/example_dags/example_kubernetes_executor.py
[2021-02-25 17:29:12,209] {scheduler_job.py:629} INFO - Processing file /home/i-sip_iot/anaconda3/envs/sandbox/lib/python3.7/site-packages/airflow/example_dags/example_kubernetes_executor.py for tasks to queue
[2021-02-25 17:29:12,210] {logging_mixin.py:103} INFO - [2021-02-25 17:29:12,210] {dagbag.py:440} INFO - Filling up the DagBag from /home/i-sip_iot/anaconda3/envs/sandbox/lib/python3.7/site-packages/airflow/example_dags/example_kubernetes_executor.py
[2021-02-25 17:29:12,217] {scheduler_job.py:639} INFO - DAG(s) dict_keys(['example_kubernetes_executor']) retrieved from /home/i-sip_iot/anaconda3/envs/sandbox/lib/python3.7/site-packages/airflow/example_dags/example_kubernetes_executor.py
[2021-02-25 17:29:12,218] {logging_mixin.py:103} INFO - [2021-02-25 17:29:12,218] {dag.py:1813} INFO - Sync 1 DAGs
[2021-02-25 17:29:12,228] {logging_mixin.py:103} INFO - [2021-02-25 17:29:12,228] {dag.py:2266} INFO - Setting next_dagrun for example_kubernetes_executor to None
[2021-02-25 17:29:12,237] {scheduler_job.py:189} INFO - Processing /home/i-sip_iot/anaconda3/envs/sandbox/lib/python3.7/site-packages/airflow/example_dags/example_kubernetes_executor.py took 0.029 seconds
[2021-02-25 17:29:38,587] {scheduler_job.py:181} INFO - Started process (PID=189079) to work on /home/i-sip_iot/anaconda3/envs/sandbox/lib/python3.7/site-packages/airflow/example_dags/example_kubernetes_executor.py
[2021-02-25 17:29:38,589] {scheduler_job.py:629} INFO - Processing file /home/i-sip_iot/anaconda3/envs/sandbox/lib/python3.7/site-packages/airflow/example_dags/example_kubernetes_executor.py for tasks to queue
[2021-02-25 17:29:38,590] {logging_mixin.py:103} INFO - [2021-02-25 17:29:38,589] {dagbag.py:440} INFO - Filling up the DagBag from /home/i-sip_iot/anaconda3/envs/sandbox/lib/python3.7/site-packages/airflow/example_dags/example_kubernetes_executor.py
[2021-02-25 17:29:38,602] {scheduler_job.py:639} INFO - DAG(s) dict_keys(['example_kubernetes_executor']) retrieved from /home/i-sip_iot/anaconda3/envs/sandbox/lib/python3.7/site-packages/airflow/example_dags/example_kubernetes_executor.py
[2021-02-25 17:29:38,603] {logging_mixin.py:103} INFO - [2021-02-25 17:29:38,603] {dag.py:1813} INFO - Sync 1 DAGs
[2021-02-25 17:29:38,619] {logging_mixin.py:103} INFO - [2021-02-25 17:29:38,619] {dag.py:2266} INFO - Setting next_dagrun for example_kubernetes_executor to None
[2021-02-25 17:29:38,629] {scheduler_job.py:189} INFO - Processing /home/i-sip_iot/anaconda3/envs/sandbox/lib/python3.7/site-packages/airflow/example_dags/example_kubernetes_executor.py took 0.045 seconds
[2021-02-25 17:30:06,657] {scheduler_job.py:181} INFO - Started process (PID=189351) to work on /home/i-sip_iot/anaconda3/envs/sandbox/lib/python3.7/site-packages/airflow/example_dags/example_kubernetes_executor.py
[2021-02-25 17:30:06,657] {scheduler_job.py:629} INFO - Processing file /home/i-sip_iot/anaconda3/envs/sandbox/lib/python3.7/site-packages/airflow/example_dags/example_kubernetes_executor.py for tasks to queue
[2021-02-25 17:30:06,658] {logging_mixin.py:103} INFO - [2021-02-25 17:30:06,658] {dagbag.py:440} INFO - Filling up the DagBag from /home/i-sip_iot/anaconda3/envs/sandbox/lib/python3.7/site-packages/airflow/example_dags/example_kubernetes_executor.py
[2021-02-25 17:30:06,665] {scheduler_job.py:639} INFO - DAG(s) dict_keys(['example_kubernetes_executor']) retrieved from /home/i-sip_iot/anaconda3/envs/sandbox/lib/python3.7/site-packages/airflow/example_dags/example_kubernetes_executor.py
[2021-02-25 17:30:06,666] {logging_mixin.py:103} INFO - [2021-02-25 17:30:06,666] {dag.py:1813} INFO - Sync 1 DAGs
[2021-02-25 17:30:06,677] {logging_mixin.py:103} INFO - [2021-02-25 17:30:06,677] {dag.py:2266} INFO - Setting next_dagrun for example_kubernetes_executor to None
[2021-02-25 17:30:06,687] {scheduler_job.py:189} INFO - Processing /home/i-sip_iot/anaconda3/envs/sandbox/lib/python3.7/site-packages/airflow/example_dags/example_kubernetes_executor.py took 0.032 seconds
[2021-02-25 17:30:33,680] {scheduler_job.py:181} INFO - Started process (PID=189438) to work on /home/i-sip_iot/anaconda3/envs/sandbox/lib/python3.7/site-packages/airflow/example_dags/example_kubernetes_executor.py
[2021-02-25 17:30:33,681] {scheduler_job.py:629} INFO - Processing file /home/i-sip_iot/anaconda3/envs/sandbox/lib/python3.7/site-packages/airflow/example_dags/example_kubernetes_executor.py for tasks to queue
[2021-02-25 17:30:33,681] {logging_mixin.py:103} INFO - [2021-02-25 17:30:33,681] {dagbag.py:440} INFO - Filling up the DagBag from /home/i-sip_iot/anaconda3/envs/sandbox/lib/python3.7/site-packages/airflow/example_dags/example_kubernetes_executor.py
[2021-02-25 17:30:33,687] {scheduler_job.py:639} INFO - DAG(s) dict_keys(['example_kubernetes_executor']) retrieved from /home/i-sip_iot/anaconda3/envs/sandbox/lib/python3.7/site-packages/airflow/example_dags/example_kubernetes_executor.py
[2021-02-25 17:30:33,687] {logging_mixin.py:103} INFO - [2021-02-25 17:30:33,687] {dag.py:1813} INFO - Sync 1 DAGs
[2021-02-25 17:30:33,697] {logging_mixin.py:103} INFO - [2021-02-25 17:30:33,697] {dag.py:2266} INFO - Setting next_dagrun for example_kubernetes_executor to None
[2021-02-25 17:30:33,704] {scheduler_job.py:189} INFO - Processing /home/i-sip_iot/anaconda3/envs/sandbox/lib/python3.7/site-packages/airflow/example_dags/example_kubernetes_executor.py took 0.027 seconds
[2021-02-25 17:31:01,186] {scheduler_job.py:181} INFO - Started process (PID=189685) to work on /home/i-sip_iot/anaconda3/envs/sandbox/lib/python3.7/site-packages/airflow/example_dags/example_kubernetes_executor.py
[2021-02-25 17:31:01,187] {scheduler_job.py:629} INFO - Processing file /home/i-sip_iot/anaconda3/envs/sandbox/lib/python3.7/site-packages/airflow/example_dags/example_kubernetes_executor.py for tasks to queue
[2021-02-25 17:31:01,187] {logging_mixin.py:103} INFO - [2021-02-25 17:31:01,187] {dagbag.py:440} INFO - Filling up the DagBag from /home/i-sip_iot/anaconda3/envs/sandbox/lib/python3.7/site-packages/airflow/example_dags/example_kubernetes_executor.py
[2021-02-25 17:31:01,193] {scheduler_job.py:639} INFO - DAG(s) dict_keys(['example_kubernetes_executor']) retrieved from /home/i-sip_iot/anaconda3/envs/sandbox/lib/python3.7/site-packages/airflow/example_dags/example_kubernetes_executor.py
[2021-02-25 17:31:01,193] {logging_mixin.py:103} INFO - [2021-02-25 17:31:01,193] {dag.py:1813} INFO - Sync 1 DAGs
[2021-02-25 17:31:01,203] {logging_mixin.py:103} INFO - [2021-02-25 17:31:01,203] {dag.py:2266} INFO - Setting next_dagrun for example_kubernetes_executor to None
[2021-02-25 17:31:01,211] {scheduler_job.py:189} INFO - Processing /home/i-sip_iot/anaconda3/envs/sandbox/lib/python3.7/site-packages/airflow/example_dags/example_kubernetes_executor.py took 0.027 seconds
[2021-02-25 17:31:29,233] {scheduler_job.py:181} INFO - Started process (PID=189782) to work on /home/i-sip_iot/anaconda3/envs/sandbox/lib/python3.7/site-packages/airflow/example_dags/example_kubernetes_executor.py
[2021-02-25 17:31:29,235] {scheduler_job.py:629} INFO - Processing file /home/i-sip_iot/anaconda3/envs/sandbox/lib/python3.7/site-packages/airflow/example_dags/example_kubernetes_executor.py for tasks to queue
[2021-02-25 17:31:29,236] {logging_mixin.py:103} INFO - [2021-02-25 17:31:29,236] {dagbag.py:440} INFO - Filling up the DagBag from /home/i-sip_iot/anaconda3/envs/sandbox/lib/python3.7/site-packages/airflow/example_dags/example_kubernetes_executor.py
[2021-02-25 17:31:29,252] {scheduler_job.py:639} INFO - DAG(s) dict_keys(['example_kubernetes_executor']) retrieved from /home/i-sip_iot/anaconda3/envs/sandbox/lib/python3.7/site-packages/airflow/example_dags/example_kubernetes_executor.py
[2021-02-25 17:31:29,253] {logging_mixin.py:103} INFO - [2021-02-25 17:31:29,253] {dag.py:1813} INFO - Sync 1 DAGs
[2021-02-25 17:31:29,272] {logging_mixin.py:103} INFO - [2021-02-25 17:31:29,272] {dag.py:2266} INFO - Setting next_dagrun for example_kubernetes_executor to None
[2021-02-25 17:31:29,283] {scheduler_job.py:189} INFO - Processing /home/i-sip_iot/anaconda3/envs/sandbox/lib/python3.7/site-packages/airflow/example_dags/example_kubernetes_executor.py took 0.055 seconds
[2021-02-25 17:31:54,956] {scheduler_job.py:181} INFO - Started process (PID=190011) to work on /home/i-sip_iot/anaconda3/envs/sandbox/lib/python3.7/site-packages/airflow/example_dags/example_kubernetes_executor.py
[2021-02-25 17:31:54,956] {scheduler_job.py:629} INFO - Processing file /home/i-sip_iot/anaconda3/envs/sandbox/lib/python3.7/site-packages/airflow/example_dags/example_kubernetes_executor.py for tasks to queue
[2021-02-25 17:31:54,957] {logging_mixin.py:103} INFO - [2021-02-25 17:31:54,957] {dagbag.py:440} INFO - Filling up the DagBag from /home/i-sip_iot/anaconda3/envs/sandbox/lib/python3.7/site-packages/airflow/example_dags/example_kubernetes_executor.py
[2021-02-25 17:31:54,964] {scheduler_job.py:639} INFO - DAG(s) dict_keys(['example_kubernetes_executor']) retrieved from /home/i-sip_iot/anaconda3/envs/sandbox/lib/python3.7/site-packages/airflow/example_dags/example_kubernetes_executor.py
[2021-02-25 17:31:54,965] {logging_mixin.py:103} INFO - [2021-02-25 17:31:54,965] {dag.py:1813} INFO - Sync 1 DAGs
[2021-02-25 17:31:54,974] {logging_mixin.py:103} INFO - [2021-02-25 17:31:54,974] {dag.py:2266} INFO - Setting next_dagrun for example_kubernetes_executor to None
[2021-02-25 17:31:54,984] {scheduler_job.py:189} INFO - Processing /home/i-sip_iot/anaconda3/envs/sandbox/lib/python3.7/site-packages/airflow/example_dags/example_kubernetes_executor.py took 0.030 seconds
[2021-02-25 17:32:22,084] {scheduler_job.py:181} INFO - Started process (PID=190111) to work on /home/i-sip_iot/anaconda3/envs/sandbox/lib/python3.7/site-packages/airflow/example_dags/example_kubernetes_executor.py
[2021-02-25 17:32:22,087] {scheduler_job.py:629} INFO - Processing file /home/i-sip_iot/anaconda3/envs/sandbox/lib/python3.7/site-packages/airflow/example_dags/example_kubernetes_executor.py for tasks to queue
[2021-02-25 17:32:22,088] {logging_mixin.py:103} INFO - [2021-02-25 17:32:22,088] {dagbag.py:440} INFO - Filling up the DagBag from /home/i-sip_iot/anaconda3/envs/sandbox/lib/python3.7/site-packages/airflow/example_dags/example_kubernetes_executor.py
[2021-02-25 17:32:22,104] {scheduler_job.py:639} INFO - DAG(s) dict_keys(['example_kubernetes_executor']) retrieved from /home/i-sip_iot/anaconda3/envs/sandbox/lib/python3.7/site-packages/airflow/example_dags/example_kubernetes_executor.py
[2021-02-25 17:32:22,105] {logging_mixin.py:103} INFO - [2021-02-25 17:32:22,105] {dag.py:1813} INFO - Sync 1 DAGs
[2021-02-25 17:32:22,119] {logging_mixin.py:103} INFO - [2021-02-25 17:32:22,118] {dag.py:2266} INFO - Setting next_dagrun for example_kubernetes_executor to None
[2021-02-25 17:32:22,128] {scheduler_job.py:189} INFO - Processing /home/i-sip_iot/anaconda3/envs/sandbox/lib/python3.7/site-packages/airflow/example_dags/example_kubernetes_executor.py took 0.050 seconds
[2021-02-25 17:32:49,597] {scheduler_job.py:181} INFO - Started process (PID=190409) to work on /home/i-sip_iot/anaconda3/envs/sandbox/lib/python3.7/site-packages/airflow/example_dags/example_kubernetes_executor.py
[2021-02-25 17:32:49,599] {scheduler_job.py:629} INFO - Processing file /home/i-sip_iot/anaconda3/envs/sandbox/lib/python3.7/site-packages/airflow/example_dags/example_kubernetes_executor.py for tasks to queue
[2021-02-25 17:32:49,599] {logging_mixin.py:103} INFO - [2021-02-25 17:32:49,599] {dagbag.py:440} INFO - Filling up the DagBag from /home/i-sip_iot/anaconda3/envs/sandbox/lib/python3.7/site-packages/airflow/example_dags/example_kubernetes_executor.py
[2021-02-25 17:32:49,612] {scheduler_job.py:639} INFO - DAG(s) dict_keys(['example_kubernetes_executor']) retrieved from /home/i-sip_iot/anaconda3/envs/sandbox/lib/python3.7/site-packages/airflow/example_dags/example_kubernetes_executor.py
[2021-02-25 17:32:49,613] {logging_mixin.py:103} INFO - [2021-02-25 17:32:49,613] {dag.py:1813} INFO - Sync 1 DAGs
[2021-02-25 17:32:49,629] {logging_mixin.py:103} INFO - [2021-02-25 17:32:49,628] {dag.py:2266} INFO - Setting next_dagrun for example_kubernetes_executor to None
[2021-02-25 17:32:49,638] {scheduler_job.py:189} INFO - Processing /home/i-sip_iot/anaconda3/envs/sandbox/lib/python3.7/site-packages/airflow/example_dags/example_kubernetes_executor.py took 0.044 seconds
[2021-02-25 17:33:16,793] {scheduler_job.py:181} INFO - Started process (PID=190491) to work on /home/i-sip_iot/anaconda3/envs/sandbox/lib/python3.7/site-packages/airflow/example_dags/example_kubernetes_executor.py
[2021-02-25 17:33:16,794] {scheduler_job.py:629} INFO - Processing file /home/i-sip_iot/anaconda3/envs/sandbox/lib/python3.7/site-packages/airflow/example_dags/example_kubernetes_executor.py for tasks to queue
[2021-02-25 17:33:16,794] {logging_mixin.py:103} INFO - [2021-02-25 17:33:16,794] {dagbag.py:440} INFO - Filling up the DagBag from /home/i-sip_iot/anaconda3/envs/sandbox/lib/python3.7/site-packages/airflow/example_dags/example_kubernetes_executor.py
[2021-02-25 17:33:16,799] {scheduler_job.py:639} INFO - DAG(s) dict_keys(['example_kubernetes_executor']) retrieved from /home/i-sip_iot/anaconda3/envs/sandbox/lib/python3.7/site-packages/airflow/example_dags/example_kubernetes_executor.py
[2021-02-25 17:33:16,800] {logging_mixin.py:103} INFO - [2021-02-25 17:33:16,800] {dag.py:1813} INFO - Sync 1 DAGs
[2021-02-25 17:33:16,809] {logging_mixin.py:103} INFO - [2021-02-25 17:33:16,809] {dag.py:2266} INFO - Setting next_dagrun for example_kubernetes_executor to None
[2021-02-25 17:33:16,816] {scheduler_job.py:189} INFO - Processing /home/i-sip_iot/anaconda3/envs/sandbox/lib/python3.7/site-packages/airflow/example_dags/example_kubernetes_executor.py took 0.024 seconds
[2021-02-25 17:33:44,484] {scheduler_job.py:181} INFO - Started process (PID=190743) to work on /home/i-sip_iot/anaconda3/envs/sandbox/lib/python3.7/site-packages/airflow/example_dags/example_kubernetes_executor.py
[2021-02-25 17:33:44,486] {scheduler_job.py:629} INFO - Processing file /home/i-sip_iot/anaconda3/envs/sandbox/lib/python3.7/site-packages/airflow/example_dags/example_kubernetes_executor.py for tasks to queue
[2021-02-25 17:33:44,487] {logging_mixin.py:103} INFO - [2021-02-25 17:33:44,486] {dagbag.py:440} INFO - Filling up the DagBag from /home/i-sip_iot/anaconda3/envs/sandbox/lib/python3.7/site-packages/airflow/example_dags/example_kubernetes_executor.py
[2021-02-25 17:33:44,505] {scheduler_job.py:639} INFO - DAG(s) dict_keys(['example_kubernetes_executor']) retrieved from /home/i-sip_iot/anaconda3/envs/sandbox/lib/python3.7/site-packages/airflow/example_dags/example_kubernetes_executor.py
[2021-02-25 17:33:44,506] {logging_mixin.py:103} INFO - [2021-02-25 17:33:44,506] {dag.py:1813} INFO - Sync 1 DAGs
[2021-02-25 17:33:44,521] {logging_mixin.py:103} INFO - [2021-02-25 17:33:44,521] {dag.py:2266} INFO - Setting next_dagrun for example_kubernetes_executor to None
[2021-02-25 17:33:44,531] {scheduler_job.py:189} INFO - Processing /home/i-sip_iot/anaconda3/envs/sandbox/lib/python3.7/site-packages/airflow/example_dags/example_kubernetes_executor.py took 0.053 seconds
[2021-02-25 17:34:11,887] {scheduler_job.py:181} INFO - Started process (PID=190892) to work on /home/i-sip_iot/anaconda3/envs/sandbox/lib/python3.7/site-packages/airflow/example_dags/example_kubernetes_executor.py
[2021-02-25 17:34:11,888] {scheduler_job.py:629} INFO - Processing file /home/i-sip_iot/anaconda3/envs/sandbox/lib/python3.7/site-packages/airflow/example_dags/example_kubernetes_executor.py for tasks to queue
[2021-02-25 17:34:11,888] {logging_mixin.py:103} INFO - [2021-02-25 17:34:11,888] {dagbag.py:440} INFO - Filling up the DagBag from /home/i-sip_iot/anaconda3/envs/sandbox/lib/python3.7/site-packages/airflow/example_dags/example_kubernetes_executor.py
[2021-02-25 17:34:11,896] {scheduler_job.py:639} INFO - DAG(s) dict_keys(['example_kubernetes_executor']) retrieved from /home/i-sip_iot/anaconda3/envs/sandbox/lib/python3.7/site-packages/airflow/example_dags/example_kubernetes_executor.py
[2021-02-25 17:34:11,896] {logging_mixin.py:103} INFO - [2021-02-25 17:34:11,896] {dag.py:1813} INFO - Sync 1 DAGs
[2021-02-25 17:34:11,908] {logging_mixin.py:103} INFO - [2021-02-25 17:34:11,908] {dag.py:2266} INFO - Setting next_dagrun for example_kubernetes_executor to None
[2021-02-25 17:34:11,917] {scheduler_job.py:189} INFO - Processing /home/i-sip_iot/anaconda3/envs/sandbox/lib/python3.7/site-packages/airflow/example_dags/example_kubernetes_executor.py took 0.032 seconds
[2021-02-25 17:34:39,897] {scheduler_job.py:181} INFO - Started process (PID=190984) to work on /home/i-sip_iot/anaconda3/envs/sandbox/lib/python3.7/site-packages/airflow/example_dags/example_kubernetes_executor.py
[2021-02-25 17:34:39,897] {scheduler_job.py:629} INFO - Processing file /home/i-sip_iot/anaconda3/envs/sandbox/lib/python3.7/site-packages/airflow/example_dags/example_kubernetes_executor.py for tasks to queue
[2021-02-25 17:34:39,898] {logging_mixin.py:103} INFO - [2021-02-25 17:34:39,898] {dagbag.py:440} INFO - Filling up the DagBag from /home/i-sip_iot/anaconda3/envs/sandbox/lib/python3.7/site-packages/airflow/example_dags/example_kubernetes_executor.py
[2021-02-25 17:34:39,905] {scheduler_job.py:639} INFO - DAG(s) dict_keys(['example_kubernetes_executor']) retrieved from /home/i-sip_iot/anaconda3/envs/sandbox/lib/python3.7/site-packages/airflow/example_dags/example_kubernetes_executor.py
[2021-02-25 17:34:39,905] {logging_mixin.py:103} INFO - [2021-02-25 17:34:39,905] {dag.py:1813} INFO - Sync 1 DAGs
[2021-02-25 17:34:39,916] {logging_mixin.py:103} INFO - [2021-02-25 17:34:39,916] {dag.py:2266} INFO - Setting next_dagrun for example_kubernetes_executor to None
[2021-02-25 17:34:39,928] {scheduler_job.py:189} INFO - Processing /home/i-sip_iot/anaconda3/envs/sandbox/lib/python3.7/site-packages/airflow/example_dags/example_kubernetes_executor.py took 0.033 seconds
[2021-02-25 17:35:06,771] {scheduler_job.py:181} INFO - Started process (PID=191243) to work on /home/i-sip_iot/anaconda3/envs/sandbox/lib/python3.7/site-packages/airflow/example_dags/example_kubernetes_executor.py
[2021-02-25 17:35:06,772] {scheduler_job.py:629} INFO - Processing file /home/i-sip_iot/anaconda3/envs/sandbox/lib/python3.7/site-packages/airflow/example_dags/example_kubernetes_executor.py for tasks to queue
[2021-02-25 17:35:06,772] {logging_mixin.py:103} INFO - [2021-02-25 17:35:06,772] {dagbag.py:440} INFO - Filling up the DagBag from /home/i-sip_iot/anaconda3/envs/sandbox/lib/python3.7/site-packages/airflow/example_dags/example_kubernetes_executor.py
[2021-02-25 17:35:06,784] {scheduler_job.py:639} INFO - DAG(s) dict_keys(['example_kubernetes_executor']) retrieved from /home/i-sip_iot/anaconda3/envs/sandbox/lib/python3.7/site-packages/airflow/example_dags/example_kubernetes_executor.py
[2021-02-25 17:35:06,785] {logging_mixin.py:103} INFO - [2021-02-25 17:35:06,785] {dag.py:1813} INFO - Sync 1 DAGs
[2021-02-25 17:35:06,799] {logging_mixin.py:103} INFO - [2021-02-25 17:35:06,799] {dag.py:2266} INFO - Setting next_dagrun for example_kubernetes_executor to None
[2021-02-25 17:35:06,809] {scheduler_job.py:189} INFO - Processing /home/i-sip_iot/anaconda3/envs/sandbox/lib/python3.7/site-packages/airflow/example_dags/example_kubernetes_executor.py took 0.043 seconds
[2021-02-25 17:35:34,264] {scheduler_job.py:181} INFO - Started process (PID=191308) to work on /home/i-sip_iot/anaconda3/envs/sandbox/lib/python3.7/site-packages/airflow/example_dags/example_kubernetes_executor.py
[2021-02-25 17:35:34,266] {scheduler_job.py:629} INFO - Processing file /home/i-sip_iot/anaconda3/envs/sandbox/lib/python3.7/site-packages/airflow/example_dags/example_kubernetes_executor.py for tasks to queue
[2021-02-25 17:35:34,268] {logging_mixin.py:103} INFO - [2021-02-25 17:35:34,268] {dagbag.py:440} INFO - Filling up the DagBag from /home/i-sip_iot/anaconda3/envs/sandbox/lib/python3.7/site-packages/airflow/example_dags/example_kubernetes_executor.py
[2021-02-25 17:35:34,287] {scheduler_job.py:639} INFO - DAG(s) dict_keys(['example_kubernetes_executor']) retrieved from /home/i-sip_iot/anaconda3/envs/sandbox/lib/python3.7/site-packages/airflow/example_dags/example_kubernetes_executor.py
[2021-02-25 17:35:34,288] {logging_mixin.py:103} INFO - [2021-02-25 17:35:34,288] {dag.py:1813} INFO - Sync 1 DAGs
[2021-02-25 17:35:34,302] {logging_mixin.py:103} INFO - [2021-02-25 17:35:34,302] {dag.py:2266} INFO - Setting next_dagrun for example_kubernetes_executor to None
[2021-02-25 17:35:34,311] {scheduler_job.py:189} INFO - Processing /home/i-sip_iot/anaconda3/envs/sandbox/lib/python3.7/site-packages/airflow/example_dags/example_kubernetes_executor.py took 0.053 seconds
[2021-02-25 17:36:02,227] {scheduler_job.py:181} INFO - Started process (PID=191562) to work on /home/i-sip_iot/anaconda3/envs/sandbox/lib/python3.7/site-packages/airflow/example_dags/example_kubernetes_executor.py
[2021-02-25 17:36:02,228] {scheduler_job.py:629} INFO - Processing file /home/i-sip_iot/anaconda3/envs/sandbox/lib/python3.7/site-packages/airflow/example_dags/example_kubernetes_executor.py for tasks to queue
[2021-02-25 17:36:02,228] {logging_mixin.py:103} INFO - [2021-02-25 17:36:02,228] {dagbag.py:440} INFO - Filling up the DagBag from /home/i-sip_iot/anaconda3/envs/sandbox/lib/python3.7/site-packages/airflow/example_dags/example_kubernetes_executor.py
[2021-02-25 17:36:02,235] {scheduler_job.py:639} INFO - DAG(s) dict_keys(['example_kubernetes_executor']) retrieved from /home/i-sip_iot/anaconda3/envs/sandbox/lib/python3.7/site-packages/airflow/example_dags/example_kubernetes_executor.py
[2021-02-25 17:36:02,235] {logging_mixin.py:103} INFO - [2021-02-25 17:36:02,235] {dag.py:1813} INFO - Sync 1 DAGs
[2021-02-25 17:36:02,247] {logging_mixin.py:103} INFO - [2021-02-25 17:36:02,247] {dag.py:2266} INFO - Setting next_dagrun for example_kubernetes_executor to None
[2021-02-25 17:36:02,256] {scheduler_job.py:189} INFO - Processing /home/i-sip_iot/anaconda3/envs/sandbox/lib/python3.7/site-packages/airflow/example_dags/example_kubernetes_executor.py took 0.031 seconds
[2021-02-25 17:36:29,035] {scheduler_job.py:181} INFO - Started process (PID=191645) to work on /home/i-sip_iot/anaconda3/envs/sandbox/lib/python3.7/site-packages/airflow/example_dags/example_kubernetes_executor.py
[2021-02-25 17:36:29,036] {scheduler_job.py:629} INFO - Processing file /home/i-sip_iot/anaconda3/envs/sandbox/lib/python3.7/site-packages/airflow/example_dags/example_kubernetes_executor.py for tasks to queue
[2021-02-25 17:36:29,036] {logging_mixin.py:103} INFO - [2021-02-25 17:36:29,036] {dagbag.py:440} INFO - Filling up the DagBag from /home/i-sip_iot/anaconda3/envs/sandbox/lib/python3.7/site-packages/airflow/example_dags/example_kubernetes_executor.py
[2021-02-25 17:36:29,043] {scheduler_job.py:639} INFO - DAG(s) dict_keys(['example_kubernetes_executor']) retrieved from /home/i-sip_iot/anaconda3/envs/sandbox/lib/python3.7/site-packages/airflow/example_dags/example_kubernetes_executor.py
[2021-02-25 17:36:29,044] {logging_mixin.py:103} INFO - [2021-02-25 17:36:29,044] {dag.py:1813} INFO - Sync 1 DAGs
[2021-02-25 17:36:29,057] {logging_mixin.py:103} INFO - [2021-02-25 17:36:29,057] {dag.py:2266} INFO - Setting next_dagrun for example_kubernetes_executor to None
[2021-02-25 17:36:29,066] {scheduler_job.py:189} INFO - Processing /home/i-sip_iot/anaconda3/envs/sandbox/lib/python3.7/site-packages/airflow/example_dags/example_kubernetes_executor.py took 0.033 seconds
[2021-02-25 17:36:56,458] {scheduler_job.py:181} INFO - Started process (PID=191891) to work on /home/i-sip_iot/anaconda3/envs/sandbox/lib/python3.7/site-packages/airflow/example_dags/example_kubernetes_executor.py
[2021-02-25 17:36:56,459] {scheduler_job.py:629} INFO - Processing file /home/i-sip_iot/anaconda3/envs/sandbox/lib/python3.7/site-packages/airflow/example_dags/example_kubernetes_executor.py for tasks to queue
[2021-02-25 17:36:56,459] {logging_mixin.py:103} INFO - [2021-02-25 17:36:56,459] {dagbag.py:440} INFO - Filling up the DagBag from /home/i-sip_iot/anaconda3/envs/sandbox/lib/python3.7/site-packages/airflow/example_dags/example_kubernetes_executor.py
[2021-02-25 17:36:56,466] {scheduler_job.py:639} INFO - DAG(s) dict_keys(['example_kubernetes_executor']) retrieved from /home/i-sip_iot/anaconda3/envs/sandbox/lib/python3.7/site-packages/airflow/example_dags/example_kubernetes_executor.py
[2021-02-25 17:36:56,466] {logging_mixin.py:103} INFO - [2021-02-25 17:36:56,466] {dag.py:1813} INFO - Sync 1 DAGs
[2021-02-25 17:36:56,476] {logging_mixin.py:103} INFO - [2021-02-25 17:36:56,476] {dag.py:2266} INFO - Setting next_dagrun for example_kubernetes_executor to None
[2021-02-25 17:36:56,486] {scheduler_job.py:189} INFO - Processing /home/i-sip_iot/anaconda3/envs/sandbox/lib/python3.7/site-packages/airflow/example_dags/example_kubernetes_executor.py took 0.029 seconds
[2021-02-25 17:37:23,229] {scheduler_job.py:181} INFO - Started process (PID=191971) to work on /home/i-sip_iot/anaconda3/envs/sandbox/lib/python3.7/site-packages/airflow/example_dags/example_kubernetes_executor.py
[2021-02-25 17:37:23,230] {scheduler_job.py:629} INFO - Processing file /home/i-sip_iot/anaconda3/envs/sandbox/lib/python3.7/site-packages/airflow/example_dags/example_kubernetes_executor.py for tasks to queue
[2021-02-25 17:37:23,231] {logging_mixin.py:103} INFO - [2021-02-25 17:37:23,231] {dagbag.py:440} INFO - Filling up the DagBag from /home/i-sip_iot/anaconda3/envs/sandbox/lib/python3.7/site-packages/airflow/example_dags/example_kubernetes_executor.py
[2021-02-25 17:37:23,236] {scheduler_job.py:639} INFO - DAG(s) dict_keys(['example_kubernetes_executor']) retrieved from /home/i-sip_iot/anaconda3/envs/sandbox/lib/python3.7/site-packages/airflow/example_dags/example_kubernetes_executor.py
[2021-02-25 17:37:23,237] {logging_mixin.py:103} INFO - [2021-02-25 17:37:23,237] {dag.py:1813} INFO - Sync 1 DAGs
[2021-02-25 17:37:23,247] {logging_mixin.py:103} INFO - [2021-02-25 17:37:23,247] {dag.py:2266} INFO - Setting next_dagrun for example_kubernetes_executor to None
[2021-02-25 17:37:23,256] {scheduler_job.py:189} INFO - Processing /home/i-sip_iot/anaconda3/envs/sandbox/lib/python3.7/site-packages/airflow/example_dags/example_kubernetes_executor.py took 0.028 seconds
[2021-02-25 17:37:50,944] {scheduler_job.py:181} INFO - Started process (PID=192232) to work on /home/i-sip_iot/anaconda3/envs/sandbox/lib/python3.7/site-packages/airflow/example_dags/example_kubernetes_executor.py
[2021-02-25 17:37:50,944] {scheduler_job.py:629} INFO - Processing file /home/i-sip_iot/anaconda3/envs/sandbox/lib/python3.7/site-packages/airflow/example_dags/example_kubernetes_executor.py for tasks to queue
[2021-02-25 17:37:50,945] {logging_mixin.py:103} INFO - [2021-02-25 17:37:50,944] {dagbag.py:440} INFO - Filling up the DagBag from /home/i-sip_iot/anaconda3/envs/sandbox/lib/python3.7/site-packages/airflow/example_dags/example_kubernetes_executor.py
[2021-02-25 17:37:50,951] {scheduler_job.py:639} INFO - DAG(s) dict_keys(['example_kubernetes_executor']) retrieved from /home/i-sip_iot/anaconda3/envs/sandbox/lib/python3.7/site-packages/airflow/example_dags/example_kubernetes_executor.py
[2021-02-25 17:37:50,951] {logging_mixin.py:103} INFO - [2021-02-25 17:37:50,951] {dag.py:1813} INFO - Sync 1 DAGs
[2021-02-25 17:37:50,959] {logging_mixin.py:103} INFO - [2021-02-25 17:37:50,959] {dag.py:2266} INFO - Setting next_dagrun for example_kubernetes_executor to None
[2021-02-25 17:37:50,968] {scheduler_job.py:189} INFO - Processing /home/i-sip_iot/anaconda3/envs/sandbox/lib/python3.7/site-packages/airflow/example_dags/example_kubernetes_executor.py took 0.026 seconds
[2021-02-25 17:38:18,666] {scheduler_job.py:181} INFO - Started process (PID=192334) to work on /home/i-sip_iot/anaconda3/envs/sandbox/lib/python3.7/site-packages/airflow/example_dags/example_kubernetes_executor.py
[2021-02-25 17:38:18,667] {scheduler_job.py:629} INFO - Processing file /home/i-sip_iot/anaconda3/envs/sandbox/lib/python3.7/site-packages/airflow/example_dags/example_kubernetes_executor.py for tasks to queue
[2021-02-25 17:38:18,668] {logging_mixin.py:103} INFO - [2021-02-25 17:38:18,667] {dagbag.py:440} INFO - Filling up the DagBag from /home/i-sip_iot/anaconda3/envs/sandbox/lib/python3.7/site-packages/airflow/example_dags/example_kubernetes_executor.py
[2021-02-25 17:38:18,682] {scheduler_job.py:639} INFO - DAG(s) dict_keys(['example_kubernetes_executor']) retrieved from /home/i-sip_iot/anaconda3/envs/sandbox/lib/python3.7/site-packages/airflow/example_dags/example_kubernetes_executor.py
[2021-02-25 17:38:18,683] {logging_mixin.py:103} INFO - [2021-02-25 17:38:18,683] {dag.py:1813} INFO - Sync 1 DAGs
[2021-02-25 17:38:18,700] {logging_mixin.py:103} INFO - [2021-02-25 17:38:18,700] {dag.py:2266} INFO - Setting next_dagrun for example_kubernetes_executor to None
[2021-02-25 17:38:18,709] {scheduler_job.py:189} INFO - Processing /home/i-sip_iot/anaconda3/envs/sandbox/lib/python3.7/site-packages/airflow/example_dags/example_kubernetes_executor.py took 0.048 seconds
[2021-02-25 17:38:45,568] {scheduler_job.py:181} INFO - Started process (PID=192569) to work on /home/i-sip_iot/anaconda3/envs/sandbox/lib/python3.7/site-packages/airflow/example_dags/example_kubernetes_executor.py
[2021-02-25 17:38:45,570] {scheduler_job.py:629} INFO - Processing file /home/i-sip_iot/anaconda3/envs/sandbox/lib/python3.7/site-packages/airflow/example_dags/example_kubernetes_executor.py for tasks to queue
[2021-02-25 17:38:45,571] {logging_mixin.py:103} INFO - [2021-02-25 17:38:45,571] {dagbag.py:440} INFO - Filling up the DagBag from /home/i-sip_iot/anaconda3/envs/sandbox/lib/python3.7/site-packages/airflow/example_dags/example_kubernetes_executor.py
[2021-02-25 17:38:45,590] {scheduler_job.py:639} INFO - DAG(s) dict_keys(['example_kubernetes_executor']) retrieved from /home/i-sip_iot/anaconda3/envs/sandbox/lib/python3.7/site-packages/airflow/example_dags/example_kubernetes_executor.py
[2021-02-25 17:38:45,591] {logging_mixin.py:103} INFO - [2021-02-25 17:38:45,591] {dag.py:1813} INFO - Sync 1 DAGs
[2021-02-25 17:38:45,605] {logging_mixin.py:103} INFO - [2021-02-25 17:38:45,605] {dag.py:2266} INFO - Setting next_dagrun for example_kubernetes_executor to None
[2021-02-25 17:38:45,618] {scheduler_job.py:189} INFO - Processing /home/i-sip_iot/anaconda3/envs/sandbox/lib/python3.7/site-packages/airflow/example_dags/example_kubernetes_executor.py took 0.056 seconds
[2021-02-25 17:39:12,434] {scheduler_job.py:181} INFO - Started process (PID=192674) to work on /home/i-sip_iot/anaconda3/envs/sandbox/lib/python3.7/site-packages/airflow/example_dags/example_kubernetes_executor.py
[2021-02-25 17:39:12,436] {scheduler_job.py:629} INFO - Processing file /home/i-sip_iot/anaconda3/envs/sandbox/lib/python3.7/site-packages/airflow/example_dags/example_kubernetes_executor.py for tasks to queue
[2021-02-25 17:39:12,437] {logging_mixin.py:103} INFO - [2021-02-25 17:39:12,436] {dagbag.py:440} INFO - Filling up the DagBag from /home/i-sip_iot/anaconda3/envs/sandbox/lib/python3.7/site-packages/airflow/example_dags/example_kubernetes_executor.py
[2021-02-25 17:39:12,460] {scheduler_job.py:639} INFO - DAG(s) dict_keys(['example_kubernetes_executor']) retrieved from /home/i-sip_iot/anaconda3/envs/sandbox/lib/python3.7/site-packages/airflow/example_dags/example_kubernetes_executor.py
[2021-02-25 17:39:12,462] {logging_mixin.py:103} INFO - [2021-02-25 17:39:12,462] {dag.py:1813} INFO - Sync 1 DAGs
[2021-02-25 17:39:12,494] {logging_mixin.py:103} INFO - [2021-02-25 17:39:12,494] {dag.py:2266} INFO - Setting next_dagrun for example_kubernetes_executor to None
[2021-02-25 17:39:12,509] {scheduler_job.py:189} INFO - Processing /home/i-sip_iot/anaconda3/envs/sandbox/lib/python3.7/site-packages/airflow/example_dags/example_kubernetes_executor.py took 0.080 seconds
[2021-02-25 17:39:39,473] {scheduler_job.py:181} INFO - Started process (PID=192766) to work on /home/i-sip_iot/anaconda3/envs/sandbox/lib/python3.7/site-packages/airflow/example_dags/example_kubernetes_executor.py
[2021-02-25 17:39:39,474] {scheduler_job.py:629} INFO - Processing file /home/i-sip_iot/anaconda3/envs/sandbox/lib/python3.7/site-packages/airflow/example_dags/example_kubernetes_executor.py for tasks to queue
[2021-02-25 17:39:39,474] {logging_mixin.py:103} INFO - [2021-02-25 17:39:39,474] {dagbag.py:440} INFO - Filling up the DagBag from /home/i-sip_iot/anaconda3/envs/sandbox/lib/python3.7/site-packages/airflow/example_dags/example_kubernetes_executor.py
[2021-02-25 17:39:39,482] {scheduler_job.py:639} INFO - DAG(s) dict_keys(['example_kubernetes_executor']) retrieved from /home/i-sip_iot/anaconda3/envs/sandbox/lib/python3.7/site-packages/airflow/example_dags/example_kubernetes_executor.py
[2021-02-25 17:39:39,483] {logging_mixin.py:103} INFO - [2021-02-25 17:39:39,483] {dag.py:1813} INFO - Sync 1 DAGs
[2021-02-25 17:39:39,493] {logging_mixin.py:103} INFO - [2021-02-25 17:39:39,493] {dag.py:2266} INFO - Setting next_dagrun for example_kubernetes_executor to None
[2021-02-25 17:39:39,502] {scheduler_job.py:189} INFO - Processing /home/i-sip_iot/anaconda3/envs/sandbox/lib/python3.7/site-packages/airflow/example_dags/example_kubernetes_executor.py took 0.031 seconds
[2021-02-25 17:40:07,045] {scheduler_job.py:181} INFO - Started process (PID=193013) to work on /home/i-sip_iot/anaconda3/envs/sandbox/lib/python3.7/site-packages/airflow/example_dags/example_kubernetes_executor.py
[2021-02-25 17:40:07,047] {scheduler_job.py:629} INFO - Processing file /home/i-sip_iot/anaconda3/envs/sandbox/lib/python3.7/site-packages/airflow/example_dags/example_kubernetes_executor.py for tasks to queue
[2021-02-25 17:40:07,049] {logging_mixin.py:103} INFO - [2021-02-25 17:40:07,048] {dagbag.py:440} INFO - Filling up the DagBag from /home/i-sip_iot/anaconda3/envs/sandbox/lib/python3.7/site-packages/airflow/example_dags/example_kubernetes_executor.py
[2021-02-25 17:40:07,067] {scheduler_job.py:639} INFO - DAG(s) dict_keys(['example_kubernetes_executor']) retrieved from /home/i-sip_iot/anaconda3/envs/sandbox/lib/python3.7/site-packages/airflow/example_dags/example_kubernetes_executor.py
[2021-02-25 17:40:07,068] {logging_mixin.py:103} INFO - [2021-02-25 17:40:07,068] {dag.py:1813} INFO - Sync 1 DAGs
[2021-02-25 17:40:07,081] {logging_mixin.py:103} INFO - [2021-02-25 17:40:07,081] {dag.py:2266} INFO - Setting next_dagrun for example_kubernetes_executor to None
[2021-02-25 17:40:07,090] {scheduler_job.py:189} INFO - Processing /home/i-sip_iot/anaconda3/envs/sandbox/lib/python3.7/site-packages/airflow/example_dags/example_kubernetes_executor.py took 0.052 seconds
[2021-02-25 17:40:34,979] {scheduler_job.py:181} INFO - Started process (PID=193097) to work on /home/i-sip_iot/anaconda3/envs/sandbox/lib/python3.7/site-packages/airflow/example_dags/example_kubernetes_executor.py
[2021-02-25 17:40:34,980] {scheduler_job.py:629} INFO - Processing file /home/i-sip_iot/anaconda3/envs/sandbox/lib/python3.7/site-packages/airflow/example_dags/example_kubernetes_executor.py for tasks to queue
[2021-02-25 17:40:34,980] {logging_mixin.py:103} INFO - [2021-02-25 17:40:34,980] {dagbag.py:440} INFO - Filling up the DagBag from /home/i-sip_iot/anaconda3/envs/sandbox/lib/python3.7/site-packages/airflow/example_dags/example_kubernetes_executor.py
[2021-02-25 17:40:34,990] {scheduler_job.py:639} INFO - DAG(s) dict_keys(['example_kubernetes_executor']) retrieved from /home/i-sip_iot/anaconda3/envs/sandbox/lib/python3.7/site-packages/airflow/example_dags/example_kubernetes_executor.py
[2021-02-25 17:40:34,991] {logging_mixin.py:103} INFO - [2021-02-25 17:40:34,991] {dag.py:1813} INFO - Sync 1 DAGs
[2021-02-25 17:40:35,005] {logging_mixin.py:103} INFO - [2021-02-25 17:40:35,005] {dag.py:2266} INFO - Setting next_dagrun for example_kubernetes_executor to None
[2021-02-25 17:40:35,014] {scheduler_job.py:189} INFO - Processing /home/i-sip_iot/anaconda3/envs/sandbox/lib/python3.7/site-packages/airflow/example_dags/example_kubernetes_executor.py took 0.038 seconds
