[2021-02-25 17:15:12,901] {scheduler_job.py:181} INFO - Started process (PID=184332) to work on /home/i-sip_iot/anaconda3/envs/sandbox/lib/python3.7/site-packages/airflow/example_dags/example_kubernetes_executor_config.py
[2021-02-25 17:15:12,902] {scheduler_job.py:629} INFO - Processing file /home/i-sip_iot/anaconda3/envs/sandbox/lib/python3.7/site-packages/airflow/example_dags/example_kubernetes_executor_config.py for tasks to queue
[2021-02-25 17:15:12,902] {logging_mixin.py:103} INFO - [2021-02-25 17:15:12,902] {dagbag.py:440} INFO - Filling up the DagBag from /home/i-sip_iot/anaconda3/envs/sandbox/lib/python3.7/site-packages/airflow/example_dags/example_kubernetes_executor_config.py
[2021-02-25 17:15:12,907] {logging_mixin.py:103} INFO - [2021-02-25 17:15:12,907] {example_kubernetes_executor_config.py:174} WARNING - Could not import DAGs in example_kubernetes_executor_config.py: No module named 'kubernetes'
[2021-02-25 17:15:12,907] {logging_mixin.py:103} INFO - [2021-02-25 17:15:12,907] {example_kubernetes_executor_config.py:175} WARNING - Install kubernetes dependencies with: pip install apache-airflow['cncf.kubernetes']
[2021-02-25 17:15:12,907] {scheduler_job.py:641} WARNING - No viable dags retrieved from /home/i-sip_iot/anaconda3/envs/sandbox/lib/python3.7/site-packages/airflow/example_dags/example_kubernetes_executor_config.py
[2021-02-25 17:15:12,913] {scheduler_job.py:189} INFO - Processing /home/i-sip_iot/anaconda3/envs/sandbox/lib/python3.7/site-packages/airflow/example_dags/example_kubernetes_executor_config.py took 0.014 seconds
[2021-02-25 17:15:39,817] {scheduler_job.py:181} INFO - Started process (PID=184557) to work on /home/i-sip_iot/anaconda3/envs/sandbox/lib/python3.7/site-packages/airflow/example_dags/example_kubernetes_executor_config.py
[2021-02-25 17:15:39,819] {scheduler_job.py:629} INFO - Processing file /home/i-sip_iot/anaconda3/envs/sandbox/lib/python3.7/site-packages/airflow/example_dags/example_kubernetes_executor_config.py for tasks to queue
[2021-02-25 17:15:39,821] {logging_mixin.py:103} INFO - [2021-02-25 17:15:39,820] {dagbag.py:440} INFO - Filling up the DagBag from /home/i-sip_iot/anaconda3/envs/sandbox/lib/python3.7/site-packages/airflow/example_dags/example_kubernetes_executor_config.py
[2021-02-25 17:15:39,834] {logging_mixin.py:103} INFO - [2021-02-25 17:15:39,834] {example_kubernetes_executor_config.py:174} WARNING - Could not import DAGs in example_kubernetes_executor_config.py: No module named 'kubernetes'
[2021-02-25 17:15:39,834] {logging_mixin.py:103} INFO - [2021-02-25 17:15:39,834] {example_kubernetes_executor_config.py:175} WARNING - Install kubernetes dependencies with: pip install apache-airflow['cncf.kubernetes']
[2021-02-25 17:15:39,835] {scheduler_job.py:641} WARNING - No viable dags retrieved from /home/i-sip_iot/anaconda3/envs/sandbox/lib/python3.7/site-packages/airflow/example_dags/example_kubernetes_executor_config.py
[2021-02-25 17:15:39,845] {scheduler_job.py:189} INFO - Processing /home/i-sip_iot/anaconda3/envs/sandbox/lib/python3.7/site-packages/airflow/example_dags/example_kubernetes_executor_config.py took 0.033 seconds
[2021-02-25 17:16:07,892] {scheduler_job.py:181} INFO - Started process (PID=184643) to work on /home/i-sip_iot/anaconda3/envs/sandbox/lib/python3.7/site-packages/airflow/example_dags/example_kubernetes_executor_config.py
[2021-02-25 17:16:07,893] {scheduler_job.py:629} INFO - Processing file /home/i-sip_iot/anaconda3/envs/sandbox/lib/python3.7/site-packages/airflow/example_dags/example_kubernetes_executor_config.py for tasks to queue
[2021-02-25 17:16:07,893] {logging_mixin.py:103} INFO - [2021-02-25 17:16:07,893] {dagbag.py:440} INFO - Filling up the DagBag from /home/i-sip_iot/anaconda3/envs/sandbox/lib/python3.7/site-packages/airflow/example_dags/example_kubernetes_executor_config.py
[2021-02-25 17:16:07,897] {logging_mixin.py:103} INFO - [2021-02-25 17:16:07,897] {example_kubernetes_executor_config.py:174} WARNING - Could not import DAGs in example_kubernetes_executor_config.py: No module named 'kubernetes'
[2021-02-25 17:16:07,897] {logging_mixin.py:103} INFO - [2021-02-25 17:16:07,897] {example_kubernetes_executor_config.py:175} WARNING - Install kubernetes dependencies with: pip install apache-airflow['cncf.kubernetes']
[2021-02-25 17:16:07,897] {scheduler_job.py:641} WARNING - No viable dags retrieved from /home/i-sip_iot/anaconda3/envs/sandbox/lib/python3.7/site-packages/airflow/example_dags/example_kubernetes_executor_config.py
[2021-02-25 17:16:07,901] {scheduler_job.py:189} INFO - Processing /home/i-sip_iot/anaconda3/envs/sandbox/lib/python3.7/site-packages/airflow/example_dags/example_kubernetes_executor_config.py took 0.011 seconds
[2021-02-25 17:16:34,794] {scheduler_job.py:181} INFO - Started process (PID=184763) to work on /home/i-sip_iot/anaconda3/envs/sandbox/lib/python3.7/site-packages/airflow/example_dags/example_kubernetes_executor_config.py
[2021-02-25 17:16:34,795] {scheduler_job.py:629} INFO - Processing file /home/i-sip_iot/anaconda3/envs/sandbox/lib/python3.7/site-packages/airflow/example_dags/example_kubernetes_executor_config.py for tasks to queue
[2021-02-25 17:16:34,796] {logging_mixin.py:103} INFO - [2021-02-25 17:16:34,795] {dagbag.py:440} INFO - Filling up the DagBag from /home/i-sip_iot/anaconda3/envs/sandbox/lib/python3.7/site-packages/airflow/example_dags/example_kubernetes_executor_config.py
[2021-02-25 17:16:34,801] {logging_mixin.py:103} INFO - [2021-02-25 17:16:34,801] {example_kubernetes_executor_config.py:174} WARNING - Could not import DAGs in example_kubernetes_executor_config.py: No module named 'kubernetes'
[2021-02-25 17:16:34,801] {logging_mixin.py:103} INFO - [2021-02-25 17:16:34,801] {example_kubernetes_executor_config.py:175} WARNING - Install kubernetes dependencies with: pip install apache-airflow['cncf.kubernetes']
[2021-02-25 17:16:34,801] {scheduler_job.py:641} WARNING - No viable dags retrieved from /home/i-sip_iot/anaconda3/envs/sandbox/lib/python3.7/site-packages/airflow/example_dags/example_kubernetes_executor_config.py
[2021-02-25 17:16:34,808] {scheduler_job.py:189} INFO - Processing /home/i-sip_iot/anaconda3/envs/sandbox/lib/python3.7/site-packages/airflow/example_dags/example_kubernetes_executor_config.py took 0.016 seconds
[2021-02-25 17:17:02,272] {scheduler_job.py:181} INFO - Started process (PID=184952) to work on /home/i-sip_iot/anaconda3/envs/sandbox/lib/python3.7/site-packages/airflow/example_dags/example_kubernetes_executor_config.py
[2021-02-25 17:17:02,272] {scheduler_job.py:629} INFO - Processing file /home/i-sip_iot/anaconda3/envs/sandbox/lib/python3.7/site-packages/airflow/example_dags/example_kubernetes_executor_config.py for tasks to queue
[2021-02-25 17:17:02,272] {logging_mixin.py:103} INFO - [2021-02-25 17:17:02,272] {dagbag.py:440} INFO - Filling up the DagBag from /home/i-sip_iot/anaconda3/envs/sandbox/lib/python3.7/site-packages/airflow/example_dags/example_kubernetes_executor_config.py
[2021-02-25 17:17:02,276] {logging_mixin.py:103} INFO - [2021-02-25 17:17:02,276] {example_kubernetes_executor_config.py:174} WARNING - Could not import DAGs in example_kubernetes_executor_config.py: No module named 'kubernetes'
[2021-02-25 17:17:02,276] {logging_mixin.py:103} INFO - [2021-02-25 17:17:02,276] {example_kubernetes_executor_config.py:175} WARNING - Install kubernetes dependencies with: pip install apache-airflow['cncf.kubernetes']
[2021-02-25 17:17:02,276] {scheduler_job.py:641} WARNING - No viable dags retrieved from /home/i-sip_iot/anaconda3/envs/sandbox/lib/python3.7/site-packages/airflow/example_dags/example_kubernetes_executor_config.py
[2021-02-25 17:17:02,280] {scheduler_job.py:189} INFO - Processing /home/i-sip_iot/anaconda3/envs/sandbox/lib/python3.7/site-packages/airflow/example_dags/example_kubernetes_executor_config.py took 0.010 seconds
[2021-02-25 17:17:29,154] {scheduler_job.py:181} INFO - Started process (PID=185029) to work on /home/i-sip_iot/anaconda3/envs/sandbox/lib/python3.7/site-packages/airflow/example_dags/example_kubernetes_executor_config.py
[2021-02-25 17:17:29,154] {scheduler_job.py:629} INFO - Processing file /home/i-sip_iot/anaconda3/envs/sandbox/lib/python3.7/site-packages/airflow/example_dags/example_kubernetes_executor_config.py for tasks to queue
[2021-02-25 17:17:29,155] {logging_mixin.py:103} INFO - [2021-02-25 17:17:29,155] {dagbag.py:440} INFO - Filling up the DagBag from /home/i-sip_iot/anaconda3/envs/sandbox/lib/python3.7/site-packages/airflow/example_dags/example_kubernetes_executor_config.py
[2021-02-25 17:17:29,160] {logging_mixin.py:103} INFO - [2021-02-25 17:17:29,159] {example_kubernetes_executor_config.py:174} WARNING - Could not import DAGs in example_kubernetes_executor_config.py: No module named 'kubernetes'
[2021-02-25 17:17:29,160] {logging_mixin.py:103} INFO - [2021-02-25 17:17:29,160] {example_kubernetes_executor_config.py:175} WARNING - Install kubernetes dependencies with: pip install apache-airflow['cncf.kubernetes']
[2021-02-25 17:17:29,160] {scheduler_job.py:641} WARNING - No viable dags retrieved from /home/i-sip_iot/anaconda3/envs/sandbox/lib/python3.7/site-packages/airflow/example_dags/example_kubernetes_executor_config.py
[2021-02-25 17:17:29,165] {scheduler_job.py:189} INFO - Processing /home/i-sip_iot/anaconda3/envs/sandbox/lib/python3.7/site-packages/airflow/example_dags/example_kubernetes_executor_config.py took 0.014 seconds
[2021-02-25 17:17:56,475] {scheduler_job.py:181} INFO - Started process (PID=185268) to work on /home/i-sip_iot/anaconda3/envs/sandbox/lib/python3.7/site-packages/airflow/example_dags/example_kubernetes_executor_config.py
[2021-02-25 17:17:56,477] {scheduler_job.py:629} INFO - Processing file /home/i-sip_iot/anaconda3/envs/sandbox/lib/python3.7/site-packages/airflow/example_dags/example_kubernetes_executor_config.py for tasks to queue
[2021-02-25 17:17:56,478] {logging_mixin.py:103} INFO - [2021-02-25 17:17:56,478] {dagbag.py:440} INFO - Filling up the DagBag from /home/i-sip_iot/anaconda3/envs/sandbox/lib/python3.7/site-packages/airflow/example_dags/example_kubernetes_executor_config.py
[2021-02-25 17:17:56,487] {logging_mixin.py:103} INFO - [2021-02-25 17:17:56,487] {example_kubernetes_executor_config.py:174} WARNING - Could not import DAGs in example_kubernetes_executor_config.py: No module named 'kubernetes'
[2021-02-25 17:17:56,488] {logging_mixin.py:103} INFO - [2021-02-25 17:17:56,487] {example_kubernetes_executor_config.py:175} WARNING - Install kubernetes dependencies with: pip install apache-airflow['cncf.kubernetes']
[2021-02-25 17:17:56,488] {scheduler_job.py:641} WARNING - No viable dags retrieved from /home/i-sip_iot/anaconda3/envs/sandbox/lib/python3.7/site-packages/airflow/example_dags/example_kubernetes_executor_config.py
[2021-02-25 17:17:56,495] {scheduler_job.py:189} INFO - Processing /home/i-sip_iot/anaconda3/envs/sandbox/lib/python3.7/site-packages/airflow/example_dags/example_kubernetes_executor_config.py took 0.024 seconds
[2021-02-25 17:18:23,542] {scheduler_job.py:181} INFO - Started process (PID=185335) to work on /home/i-sip_iot/anaconda3/envs/sandbox/lib/python3.7/site-packages/airflow/example_dags/example_kubernetes_executor_config.py
[2021-02-25 17:18:23,543] {scheduler_job.py:629} INFO - Processing file /home/i-sip_iot/anaconda3/envs/sandbox/lib/python3.7/site-packages/airflow/example_dags/example_kubernetes_executor_config.py for tasks to queue
[2021-02-25 17:18:23,543] {logging_mixin.py:103} INFO - [2021-02-25 17:18:23,543] {dagbag.py:440} INFO - Filling up the DagBag from /home/i-sip_iot/anaconda3/envs/sandbox/lib/python3.7/site-packages/airflow/example_dags/example_kubernetes_executor_config.py
[2021-02-25 17:18:23,546] {logging_mixin.py:103} INFO - [2021-02-25 17:18:23,546] {example_kubernetes_executor_config.py:174} WARNING - Could not import DAGs in example_kubernetes_executor_config.py: No module named 'kubernetes'
[2021-02-25 17:18:23,546] {logging_mixin.py:103} INFO - [2021-02-25 17:18:23,546] {example_kubernetes_executor_config.py:175} WARNING - Install kubernetes dependencies with: pip install apache-airflow['cncf.kubernetes']
[2021-02-25 17:18:23,546] {scheduler_job.py:641} WARNING - No viable dags retrieved from /home/i-sip_iot/anaconda3/envs/sandbox/lib/python3.7/site-packages/airflow/example_dags/example_kubernetes_executor_config.py
[2021-02-25 17:18:23,549] {scheduler_job.py:189} INFO - Processing /home/i-sip_iot/anaconda3/envs/sandbox/lib/python3.7/site-packages/airflow/example_dags/example_kubernetes_executor_config.py took 0.009 seconds
[2021-02-25 17:18:51,479] {scheduler_job.py:181} INFO - Started process (PID=185575) to work on /home/i-sip_iot/anaconda3/envs/sandbox/lib/python3.7/site-packages/airflow/example_dags/example_kubernetes_executor_config.py
[2021-02-25 17:18:51,481] {scheduler_job.py:629} INFO - Processing file /home/i-sip_iot/anaconda3/envs/sandbox/lib/python3.7/site-packages/airflow/example_dags/example_kubernetes_executor_config.py for tasks to queue
[2021-02-25 17:18:51,482] {logging_mixin.py:103} INFO - [2021-02-25 17:18:51,482] {dagbag.py:440} INFO - Filling up the DagBag from /home/i-sip_iot/anaconda3/envs/sandbox/lib/python3.7/site-packages/airflow/example_dags/example_kubernetes_executor_config.py
[2021-02-25 17:18:51,494] {logging_mixin.py:103} INFO - [2021-02-25 17:18:51,494] {example_kubernetes_executor_config.py:174} WARNING - Could not import DAGs in example_kubernetes_executor_config.py: No module named 'kubernetes'
[2021-02-25 17:18:51,495] {logging_mixin.py:103} INFO - [2021-02-25 17:18:51,495] {example_kubernetes_executor_config.py:175} WARNING - Install kubernetes dependencies with: pip install apache-airflow['cncf.kubernetes']
[2021-02-25 17:18:51,495] {scheduler_job.py:641} WARNING - No viable dags retrieved from /home/i-sip_iot/anaconda3/envs/sandbox/lib/python3.7/site-packages/airflow/example_dags/example_kubernetes_executor_config.py
[2021-02-25 17:18:51,502] {scheduler_job.py:189} INFO - Processing /home/i-sip_iot/anaconda3/envs/sandbox/lib/python3.7/site-packages/airflow/example_dags/example_kubernetes_executor_config.py took 0.028 seconds
[2021-02-25 17:19:18,365] {scheduler_job.py:181} INFO - Started process (PID=185648) to work on /home/i-sip_iot/anaconda3/envs/sandbox/lib/python3.7/site-packages/airflow/example_dags/example_kubernetes_executor_config.py
[2021-02-25 17:19:18,366] {scheduler_job.py:629} INFO - Processing file /home/i-sip_iot/anaconda3/envs/sandbox/lib/python3.7/site-packages/airflow/example_dags/example_kubernetes_executor_config.py for tasks to queue
[2021-02-25 17:19:18,366] {logging_mixin.py:103} INFO - [2021-02-25 17:19:18,366] {dagbag.py:440} INFO - Filling up the DagBag from /home/i-sip_iot/anaconda3/envs/sandbox/lib/python3.7/site-packages/airflow/example_dags/example_kubernetes_executor_config.py
[2021-02-25 17:19:18,369] {logging_mixin.py:103} INFO - [2021-02-25 17:19:18,369] {example_kubernetes_executor_config.py:174} WARNING - Could not import DAGs in example_kubernetes_executor_config.py: No module named 'kubernetes'
[2021-02-25 17:19:18,369] {logging_mixin.py:103} INFO - [2021-02-25 17:19:18,369] {example_kubernetes_executor_config.py:175} WARNING - Install kubernetes dependencies with: pip install apache-airflow['cncf.kubernetes']
[2021-02-25 17:19:18,370] {scheduler_job.py:641} WARNING - No viable dags retrieved from /home/i-sip_iot/anaconda3/envs/sandbox/lib/python3.7/site-packages/airflow/example_dags/example_kubernetes_executor_config.py
[2021-02-25 17:19:18,374] {scheduler_job.py:189} INFO - Processing /home/i-sip_iot/anaconda3/envs/sandbox/lib/python3.7/site-packages/airflow/example_dags/example_kubernetes_executor_config.py took 0.010 seconds
[2021-02-25 17:19:45,273] {scheduler_job.py:181} INFO - Started process (PID=185869) to work on /home/i-sip_iot/anaconda3/envs/sandbox/lib/python3.7/site-packages/airflow/example_dags/example_kubernetes_executor_config.py
[2021-02-25 17:19:45,275] {scheduler_job.py:629} INFO - Processing file /home/i-sip_iot/anaconda3/envs/sandbox/lib/python3.7/site-packages/airflow/example_dags/example_kubernetes_executor_config.py for tasks to queue
[2021-02-25 17:19:45,276] {logging_mixin.py:103} INFO - [2021-02-25 17:19:45,276] {dagbag.py:440} INFO - Filling up the DagBag from /home/i-sip_iot/anaconda3/envs/sandbox/lib/python3.7/site-packages/airflow/example_dags/example_kubernetes_executor_config.py
[2021-02-25 17:19:45,285] {logging_mixin.py:103} INFO - [2021-02-25 17:19:45,285] {example_kubernetes_executor_config.py:174} WARNING - Could not import DAGs in example_kubernetes_executor_config.py: No module named 'kubernetes'
[2021-02-25 17:19:45,285] {logging_mixin.py:103} INFO - [2021-02-25 17:19:45,285] {example_kubernetes_executor_config.py:175} WARNING - Install kubernetes dependencies with: pip install apache-airflow['cncf.kubernetes']
[2021-02-25 17:19:45,285] {scheduler_job.py:641} WARNING - No viable dags retrieved from /home/i-sip_iot/anaconda3/envs/sandbox/lib/python3.7/site-packages/airflow/example_dags/example_kubernetes_executor_config.py
[2021-02-25 17:19:45,295] {scheduler_job.py:189} INFO - Processing /home/i-sip_iot/anaconda3/envs/sandbox/lib/python3.7/site-packages/airflow/example_dags/example_kubernetes_executor_config.py took 0.026 seconds
[2021-02-25 17:20:11,653] {scheduler_job.py:181} INFO - Started process (PID=185939) to work on /home/i-sip_iot/anaconda3/envs/sandbox/lib/python3.7/site-packages/airflow/example_dags/example_kubernetes_executor_config.py
[2021-02-25 17:20:11,655] {scheduler_job.py:629} INFO - Processing file /home/i-sip_iot/anaconda3/envs/sandbox/lib/python3.7/site-packages/airflow/example_dags/example_kubernetes_executor_config.py for tasks to queue
[2021-02-25 17:20:11,657] {logging_mixin.py:103} INFO - [2021-02-25 17:20:11,657] {dagbag.py:440} INFO - Filling up the DagBag from /home/i-sip_iot/anaconda3/envs/sandbox/lib/python3.7/site-packages/airflow/example_dags/example_kubernetes_executor_config.py
[2021-02-25 17:20:11,668] {logging_mixin.py:103} INFO - [2021-02-25 17:20:11,667] {example_kubernetes_executor_config.py:174} WARNING - Could not import DAGs in example_kubernetes_executor_config.py: No module named 'kubernetes'
[2021-02-25 17:20:11,668] {logging_mixin.py:103} INFO - [2021-02-25 17:20:11,668] {example_kubernetes_executor_config.py:175} WARNING - Install kubernetes dependencies with: pip install apache-airflow['cncf.kubernetes']
[2021-02-25 17:20:11,668] {scheduler_job.py:641} WARNING - No viable dags retrieved from /home/i-sip_iot/anaconda3/envs/sandbox/lib/python3.7/site-packages/airflow/example_dags/example_kubernetes_executor_config.py
[2021-02-25 17:20:11,675] {scheduler_job.py:189} INFO - Processing /home/i-sip_iot/anaconda3/envs/sandbox/lib/python3.7/site-packages/airflow/example_dags/example_kubernetes_executor_config.py took 0.028 seconds
[2021-02-25 17:20:39,677] {scheduler_job.py:181} INFO - Started process (PID=186191) to work on /home/i-sip_iot/anaconda3/envs/sandbox/lib/python3.7/site-packages/airflow/example_dags/example_kubernetes_executor_config.py
[2021-02-25 17:20:39,678] {scheduler_job.py:629} INFO - Processing file /home/i-sip_iot/anaconda3/envs/sandbox/lib/python3.7/site-packages/airflow/example_dags/example_kubernetes_executor_config.py for tasks to queue
[2021-02-25 17:20:39,678] {logging_mixin.py:103} INFO - [2021-02-25 17:20:39,678] {dagbag.py:440} INFO - Filling up the DagBag from /home/i-sip_iot/anaconda3/envs/sandbox/lib/python3.7/site-packages/airflow/example_dags/example_kubernetes_executor_config.py
[2021-02-25 17:20:39,682] {logging_mixin.py:103} INFO - [2021-02-25 17:20:39,682] {example_kubernetes_executor_config.py:174} WARNING - Could not import DAGs in example_kubernetes_executor_config.py: No module named 'kubernetes'
[2021-02-25 17:20:39,682] {logging_mixin.py:103} INFO - [2021-02-25 17:20:39,682] {example_kubernetes_executor_config.py:175} WARNING - Install kubernetes dependencies with: pip install apache-airflow['cncf.kubernetes']
[2021-02-25 17:20:39,682] {scheduler_job.py:641} WARNING - No viable dags retrieved from /home/i-sip_iot/anaconda3/envs/sandbox/lib/python3.7/site-packages/airflow/example_dags/example_kubernetes_executor_config.py
[2021-02-25 17:20:39,686] {scheduler_job.py:189} INFO - Processing /home/i-sip_iot/anaconda3/envs/sandbox/lib/python3.7/site-packages/airflow/example_dags/example_kubernetes_executor_config.py took 0.011 seconds
[2021-02-25 17:21:07,610] {scheduler_job.py:181} INFO - Started process (PID=186278) to work on /home/i-sip_iot/anaconda3/envs/sandbox/lib/python3.7/site-packages/airflow/example_dags/example_kubernetes_executor_config.py
[2021-02-25 17:21:07,610] {scheduler_job.py:629} INFO - Processing file /home/i-sip_iot/anaconda3/envs/sandbox/lib/python3.7/site-packages/airflow/example_dags/example_kubernetes_executor_config.py for tasks to queue
[2021-02-25 17:21:07,611] {logging_mixin.py:103} INFO - [2021-02-25 17:21:07,611] {dagbag.py:440} INFO - Filling up the DagBag from /home/i-sip_iot/anaconda3/envs/sandbox/lib/python3.7/site-packages/airflow/example_dags/example_kubernetes_executor_config.py
[2021-02-25 17:21:07,614] {logging_mixin.py:103} INFO - [2021-02-25 17:21:07,614] {example_kubernetes_executor_config.py:174} WARNING - Could not import DAGs in example_kubernetes_executor_config.py: No module named 'kubernetes'
[2021-02-25 17:21:07,614] {logging_mixin.py:103} INFO - [2021-02-25 17:21:07,614] {example_kubernetes_executor_config.py:175} WARNING - Install kubernetes dependencies with: pip install apache-airflow['cncf.kubernetes']
[2021-02-25 17:21:07,615] {scheduler_job.py:641} WARNING - No viable dags retrieved from /home/i-sip_iot/anaconda3/envs/sandbox/lib/python3.7/site-packages/airflow/example_dags/example_kubernetes_executor_config.py
[2021-02-25 17:21:07,618] {scheduler_job.py:189} INFO - Processing /home/i-sip_iot/anaconda3/envs/sandbox/lib/python3.7/site-packages/airflow/example_dags/example_kubernetes_executor_config.py took 0.010 seconds
[2021-02-25 17:21:34,013] {scheduler_job.py:181} INFO - Started process (PID=186330) to work on /home/i-sip_iot/anaconda3/envs/sandbox/lib/python3.7/site-packages/airflow/example_dags/example_kubernetes_executor_config.py
[2021-02-25 17:21:34,014] {scheduler_job.py:629} INFO - Processing file /home/i-sip_iot/anaconda3/envs/sandbox/lib/python3.7/site-packages/airflow/example_dags/example_kubernetes_executor_config.py for tasks to queue
[2021-02-25 17:21:34,015] {logging_mixin.py:103} INFO - [2021-02-25 17:21:34,015] {dagbag.py:440} INFO - Filling up the DagBag from /home/i-sip_iot/anaconda3/envs/sandbox/lib/python3.7/site-packages/airflow/example_dags/example_kubernetes_executor_config.py
[2021-02-25 17:21:34,021] {logging_mixin.py:103} INFO - [2021-02-25 17:21:34,020] {example_kubernetes_executor_config.py:174} WARNING - Could not import DAGs in example_kubernetes_executor_config.py: No module named 'kubernetes'
[2021-02-25 17:21:34,021] {logging_mixin.py:103} INFO - [2021-02-25 17:21:34,021] {example_kubernetes_executor_config.py:175} WARNING - Install kubernetes dependencies with: pip install apache-airflow['cncf.kubernetes']
[2021-02-25 17:21:34,021] {scheduler_job.py:641} WARNING - No viable dags retrieved from /home/i-sip_iot/anaconda3/envs/sandbox/lib/python3.7/site-packages/airflow/example_dags/example_kubernetes_executor_config.py
[2021-02-25 17:21:34,026] {scheduler_job.py:189} INFO - Processing /home/i-sip_iot/anaconda3/envs/sandbox/lib/python3.7/site-packages/airflow/example_dags/example_kubernetes_executor_config.py took 0.016 seconds
[2021-02-25 17:22:00,967] {scheduler_job.py:181} INFO - Started process (PID=186570) to work on /home/i-sip_iot/anaconda3/envs/sandbox/lib/python3.7/site-packages/airflow/example_dags/example_kubernetes_executor_config.py
[2021-02-25 17:22:00,971] {scheduler_job.py:629} INFO - Processing file /home/i-sip_iot/anaconda3/envs/sandbox/lib/python3.7/site-packages/airflow/example_dags/example_kubernetes_executor_config.py for tasks to queue
[2021-02-25 17:22:00,972] {logging_mixin.py:103} INFO - [2021-02-25 17:22:00,972] {dagbag.py:440} INFO - Filling up the DagBag from /home/i-sip_iot/anaconda3/envs/sandbox/lib/python3.7/site-packages/airflow/example_dags/example_kubernetes_executor_config.py
[2021-02-25 17:22:00,984] {logging_mixin.py:103} INFO - [2021-02-25 17:22:00,984] {example_kubernetes_executor_config.py:174} WARNING - Could not import DAGs in example_kubernetes_executor_config.py: No module named 'kubernetes'
[2021-02-25 17:22:00,984] {logging_mixin.py:103} INFO - [2021-02-25 17:22:00,984] {example_kubernetes_executor_config.py:175} WARNING - Install kubernetes dependencies with: pip install apache-airflow['cncf.kubernetes']
[2021-02-25 17:22:00,985] {scheduler_job.py:641} WARNING - No viable dags retrieved from /home/i-sip_iot/anaconda3/envs/sandbox/lib/python3.7/site-packages/airflow/example_dags/example_kubernetes_executor_config.py
[2021-02-25 17:22:00,992] {scheduler_job.py:189} INFO - Processing /home/i-sip_iot/anaconda3/envs/sandbox/lib/python3.7/site-packages/airflow/example_dags/example_kubernetes_executor_config.py took 0.032 seconds
[2021-02-25 17:22:28,655] {scheduler_job.py:181} INFO - Started process (PID=186619) to work on /home/i-sip_iot/anaconda3/envs/sandbox/lib/python3.7/site-packages/airflow/example_dags/example_kubernetes_executor_config.py
[2021-02-25 17:22:28,657] {scheduler_job.py:629} INFO - Processing file /home/i-sip_iot/anaconda3/envs/sandbox/lib/python3.7/site-packages/airflow/example_dags/example_kubernetes_executor_config.py for tasks to queue
[2021-02-25 17:22:28,658] {logging_mixin.py:103} INFO - [2021-02-25 17:22:28,658] {dagbag.py:440} INFO - Filling up the DagBag from /home/i-sip_iot/anaconda3/envs/sandbox/lib/python3.7/site-packages/airflow/example_dags/example_kubernetes_executor_config.py
[2021-02-25 17:22:28,669] {logging_mixin.py:103} INFO - [2021-02-25 17:22:28,669] {example_kubernetes_executor_config.py:174} WARNING - Could not import DAGs in example_kubernetes_executor_config.py: No module named 'kubernetes'
[2021-02-25 17:22:28,669] {logging_mixin.py:103} INFO - [2021-02-25 17:22:28,669] {example_kubernetes_executor_config.py:175} WARNING - Install kubernetes dependencies with: pip install apache-airflow['cncf.kubernetes']
[2021-02-25 17:22:28,670] {scheduler_job.py:641} WARNING - No viable dags retrieved from /home/i-sip_iot/anaconda3/envs/sandbox/lib/python3.7/site-packages/airflow/example_dags/example_kubernetes_executor_config.py
[2021-02-25 17:22:28,676] {scheduler_job.py:189} INFO - Processing /home/i-sip_iot/anaconda3/envs/sandbox/lib/python3.7/site-packages/airflow/example_dags/example_kubernetes_executor_config.py took 0.028 seconds
[2021-02-25 17:22:56,342] {scheduler_job.py:181} INFO - Started process (PID=186858) to work on /home/i-sip_iot/anaconda3/envs/sandbox/lib/python3.7/site-packages/airflow/example_dags/example_kubernetes_executor_config.py
[2021-02-25 17:22:56,342] {scheduler_job.py:629} INFO - Processing file /home/i-sip_iot/anaconda3/envs/sandbox/lib/python3.7/site-packages/airflow/example_dags/example_kubernetes_executor_config.py for tasks to queue
[2021-02-25 17:22:56,342] {logging_mixin.py:103} INFO - [2021-02-25 17:22:56,342] {dagbag.py:440} INFO - Filling up the DagBag from /home/i-sip_iot/anaconda3/envs/sandbox/lib/python3.7/site-packages/airflow/example_dags/example_kubernetes_executor_config.py
[2021-02-25 17:22:56,345] {logging_mixin.py:103} INFO - [2021-02-25 17:22:56,345] {example_kubernetes_executor_config.py:174} WARNING - Could not import DAGs in example_kubernetes_executor_config.py: No module named 'kubernetes'
[2021-02-25 17:22:56,346] {logging_mixin.py:103} INFO - [2021-02-25 17:22:56,346] {example_kubernetes_executor_config.py:175} WARNING - Install kubernetes dependencies with: pip install apache-airflow['cncf.kubernetes']
[2021-02-25 17:22:56,346] {scheduler_job.py:641} WARNING - No viable dags retrieved from /home/i-sip_iot/anaconda3/envs/sandbox/lib/python3.7/site-packages/airflow/example_dags/example_kubernetes_executor_config.py
[2021-02-25 17:22:56,349] {scheduler_job.py:189} INFO - Processing /home/i-sip_iot/anaconda3/envs/sandbox/lib/python3.7/site-packages/airflow/example_dags/example_kubernetes_executor_config.py took 0.009 seconds
[2021-02-25 17:23:23,263] {scheduler_job.py:181} INFO - Started process (PID=186904) to work on /home/i-sip_iot/anaconda3/envs/sandbox/lib/python3.7/site-packages/airflow/example_dags/example_kubernetes_executor_config.py
[2021-02-25 17:23:23,264] {scheduler_job.py:629} INFO - Processing file /home/i-sip_iot/anaconda3/envs/sandbox/lib/python3.7/site-packages/airflow/example_dags/example_kubernetes_executor_config.py for tasks to queue
[2021-02-25 17:23:23,264] {logging_mixin.py:103} INFO - [2021-02-25 17:23:23,264] {dagbag.py:440} INFO - Filling up the DagBag from /home/i-sip_iot/anaconda3/envs/sandbox/lib/python3.7/site-packages/airflow/example_dags/example_kubernetes_executor_config.py
[2021-02-25 17:23:23,268] {logging_mixin.py:103} INFO - [2021-02-25 17:23:23,268] {example_kubernetes_executor_config.py:174} WARNING - Could not import DAGs in example_kubernetes_executor_config.py: No module named 'kubernetes'
[2021-02-25 17:23:23,268] {logging_mixin.py:103} INFO - [2021-02-25 17:23:23,268] {example_kubernetes_executor_config.py:175} WARNING - Install kubernetes dependencies with: pip install apache-airflow['cncf.kubernetes']
[2021-02-25 17:23:23,268] {scheduler_job.py:641} WARNING - No viable dags retrieved from /home/i-sip_iot/anaconda3/envs/sandbox/lib/python3.7/site-packages/airflow/example_dags/example_kubernetes_executor_config.py
[2021-02-25 17:23:23,271] {scheduler_job.py:189} INFO - Processing /home/i-sip_iot/anaconda3/envs/sandbox/lib/python3.7/site-packages/airflow/example_dags/example_kubernetes_executor_config.py took 0.010 seconds
[2021-02-25 17:23:50,169] {scheduler_job.py:181} INFO - Started process (PID=187143) to work on /home/i-sip_iot/anaconda3/envs/sandbox/lib/python3.7/site-packages/airflow/example_dags/example_kubernetes_executor_config.py
[2021-02-25 17:23:50,170] {scheduler_job.py:629} INFO - Processing file /home/i-sip_iot/anaconda3/envs/sandbox/lib/python3.7/site-packages/airflow/example_dags/example_kubernetes_executor_config.py for tasks to queue
[2021-02-25 17:23:50,171] {logging_mixin.py:103} INFO - [2021-02-25 17:23:50,171] {dagbag.py:440} INFO - Filling up the DagBag from /home/i-sip_iot/anaconda3/envs/sandbox/lib/python3.7/site-packages/airflow/example_dags/example_kubernetes_executor_config.py
[2021-02-25 17:23:50,177] {logging_mixin.py:103} INFO - [2021-02-25 17:23:50,177] {example_kubernetes_executor_config.py:174} WARNING - Could not import DAGs in example_kubernetes_executor_config.py: No module named 'kubernetes'
[2021-02-25 17:23:50,177] {logging_mixin.py:103} INFO - [2021-02-25 17:23:50,177] {example_kubernetes_executor_config.py:175} WARNING - Install kubernetes dependencies with: pip install apache-airflow['cncf.kubernetes']
[2021-02-25 17:23:50,177] {scheduler_job.py:641} WARNING - No viable dags retrieved from /home/i-sip_iot/anaconda3/envs/sandbox/lib/python3.7/site-packages/airflow/example_dags/example_kubernetes_executor_config.py
[2021-02-25 17:23:50,183] {scheduler_job.py:189} INFO - Processing /home/i-sip_iot/anaconda3/envs/sandbox/lib/python3.7/site-packages/airflow/example_dags/example_kubernetes_executor_config.py took 0.016 seconds
[2021-02-25 17:24:17,120] {scheduler_job.py:181} INFO - Started process (PID=187217) to work on /home/i-sip_iot/anaconda3/envs/sandbox/lib/python3.7/site-packages/airflow/example_dags/example_kubernetes_executor_config.py
[2021-02-25 17:24:17,124] {scheduler_job.py:629} INFO - Processing file /home/i-sip_iot/anaconda3/envs/sandbox/lib/python3.7/site-packages/airflow/example_dags/example_kubernetes_executor_config.py for tasks to queue
[2021-02-25 17:24:17,125] {logging_mixin.py:103} INFO - [2021-02-25 17:24:17,125] {dagbag.py:440} INFO - Filling up the DagBag from /home/i-sip_iot/anaconda3/envs/sandbox/lib/python3.7/site-packages/airflow/example_dags/example_kubernetes_executor_config.py
[2021-02-25 17:24:17,135] {logging_mixin.py:103} INFO - [2021-02-25 17:24:17,135] {example_kubernetes_executor_config.py:174} WARNING - Could not import DAGs in example_kubernetes_executor_config.py: No module named 'kubernetes'
[2021-02-25 17:24:17,135] {logging_mixin.py:103} INFO - [2021-02-25 17:24:17,135] {example_kubernetes_executor_config.py:175} WARNING - Install kubernetes dependencies with: pip install apache-airflow['cncf.kubernetes']
[2021-02-25 17:24:17,136] {scheduler_job.py:641} WARNING - No viable dags retrieved from /home/i-sip_iot/anaconda3/envs/sandbox/lib/python3.7/site-packages/airflow/example_dags/example_kubernetes_executor_config.py
[2021-02-25 17:24:17,142] {scheduler_job.py:189} INFO - Processing /home/i-sip_iot/anaconda3/envs/sandbox/lib/python3.7/site-packages/airflow/example_dags/example_kubernetes_executor_config.py took 0.029 seconds
[2021-02-25 17:24:44,623] {scheduler_job.py:181} INFO - Started process (PID=187451) to work on /home/i-sip_iot/anaconda3/envs/sandbox/lib/python3.7/site-packages/airflow/example_dags/example_kubernetes_executor_config.py
[2021-02-25 17:24:44,623] {scheduler_job.py:629} INFO - Processing file /home/i-sip_iot/anaconda3/envs/sandbox/lib/python3.7/site-packages/airflow/example_dags/example_kubernetes_executor_config.py for tasks to queue
[2021-02-25 17:24:44,624] {logging_mixin.py:103} INFO - [2021-02-25 17:24:44,624] {dagbag.py:440} INFO - Filling up the DagBag from /home/i-sip_iot/anaconda3/envs/sandbox/lib/python3.7/site-packages/airflow/example_dags/example_kubernetes_executor_config.py
[2021-02-25 17:24:44,630] {logging_mixin.py:103} INFO - [2021-02-25 17:24:44,630] {example_kubernetes_executor_config.py:174} WARNING - Could not import DAGs in example_kubernetes_executor_config.py: No module named 'kubernetes'
[2021-02-25 17:24:44,630] {logging_mixin.py:103} INFO - [2021-02-25 17:24:44,630] {example_kubernetes_executor_config.py:175} WARNING - Install kubernetes dependencies with: pip install apache-airflow['cncf.kubernetes']
[2021-02-25 17:24:44,630] {scheduler_job.py:641} WARNING - No viable dags retrieved from /home/i-sip_iot/anaconda3/envs/sandbox/lib/python3.7/site-packages/airflow/example_dags/example_kubernetes_executor_config.py
[2021-02-25 17:24:44,635] {scheduler_job.py:189} INFO - Processing /home/i-sip_iot/anaconda3/envs/sandbox/lib/python3.7/site-packages/airflow/example_dags/example_kubernetes_executor_config.py took 0.014 seconds
[2021-02-25 17:25:11,513] {scheduler_job.py:181} INFO - Started process (PID=187535) to work on /home/i-sip_iot/anaconda3/envs/sandbox/lib/python3.7/site-packages/airflow/example_dags/example_kubernetes_executor_config.py
[2021-02-25 17:25:11,515] {scheduler_job.py:629} INFO - Processing file /home/i-sip_iot/anaconda3/envs/sandbox/lib/python3.7/site-packages/airflow/example_dags/example_kubernetes_executor_config.py for tasks to queue
[2021-02-25 17:25:11,516] {logging_mixin.py:103} INFO - [2021-02-25 17:25:11,516] {dagbag.py:440} INFO - Filling up the DagBag from /home/i-sip_iot/anaconda3/envs/sandbox/lib/python3.7/site-packages/airflow/example_dags/example_kubernetes_executor_config.py
[2021-02-25 17:25:11,523] {logging_mixin.py:103} INFO - [2021-02-25 17:25:11,523] {example_kubernetes_executor_config.py:174} WARNING - Could not import DAGs in example_kubernetes_executor_config.py: No module named 'kubernetes'
[2021-02-25 17:25:11,523] {logging_mixin.py:103} INFO - [2021-02-25 17:25:11,523] {example_kubernetes_executor_config.py:175} WARNING - Install kubernetes dependencies with: pip install apache-airflow['cncf.kubernetes']
[2021-02-25 17:25:11,523] {scheduler_job.py:641} WARNING - No viable dags retrieved from /home/i-sip_iot/anaconda3/envs/sandbox/lib/python3.7/site-packages/airflow/example_dags/example_kubernetes_executor_config.py
[2021-02-25 17:25:11,530] {scheduler_job.py:189} INFO - Processing /home/i-sip_iot/anaconda3/envs/sandbox/lib/python3.7/site-packages/airflow/example_dags/example_kubernetes_executor_config.py took 0.022 seconds
[2021-02-25 17:25:39,559] {scheduler_job.py:181} INFO - Started process (PID=187775) to work on /home/i-sip_iot/anaconda3/envs/sandbox/lib/python3.7/site-packages/airflow/example_dags/example_kubernetes_executor_config.py
[2021-02-25 17:25:39,560] {scheduler_job.py:629} INFO - Processing file /home/i-sip_iot/anaconda3/envs/sandbox/lib/python3.7/site-packages/airflow/example_dags/example_kubernetes_executor_config.py for tasks to queue
[2021-02-25 17:25:39,561] {logging_mixin.py:103} INFO - [2021-02-25 17:25:39,560] {dagbag.py:440} INFO - Filling up the DagBag from /home/i-sip_iot/anaconda3/envs/sandbox/lib/python3.7/site-packages/airflow/example_dags/example_kubernetes_executor_config.py
[2021-02-25 17:25:39,567] {logging_mixin.py:103} INFO - [2021-02-25 17:25:39,567] {example_kubernetes_executor_config.py:174} WARNING - Could not import DAGs in example_kubernetes_executor_config.py: No module named 'kubernetes'
[2021-02-25 17:25:39,567] {logging_mixin.py:103} INFO - [2021-02-25 17:25:39,567] {example_kubernetes_executor_config.py:175} WARNING - Install kubernetes dependencies with: pip install apache-airflow['cncf.kubernetes']
[2021-02-25 17:25:39,567] {scheduler_job.py:641} WARNING - No viable dags retrieved from /home/i-sip_iot/anaconda3/envs/sandbox/lib/python3.7/site-packages/airflow/example_dags/example_kubernetes_executor_config.py
[2021-02-25 17:25:39,572] {scheduler_job.py:189} INFO - Processing /home/i-sip_iot/anaconda3/envs/sandbox/lib/python3.7/site-packages/airflow/example_dags/example_kubernetes_executor_config.py took 0.017 seconds
[2021-02-25 17:26:06,394] {scheduler_job.py:181} INFO - Started process (PID=187887) to work on /home/i-sip_iot/anaconda3/envs/sandbox/lib/python3.7/site-packages/airflow/example_dags/example_kubernetes_executor_config.py
[2021-02-25 17:26:06,397] {scheduler_job.py:629} INFO - Processing file /home/i-sip_iot/anaconda3/envs/sandbox/lib/python3.7/site-packages/airflow/example_dags/example_kubernetes_executor_config.py for tasks to queue
[2021-02-25 17:26:06,398] {logging_mixin.py:103} INFO - [2021-02-25 17:26:06,398] {dagbag.py:440} INFO - Filling up the DagBag from /home/i-sip_iot/anaconda3/envs/sandbox/lib/python3.7/site-packages/airflow/example_dags/example_kubernetes_executor_config.py
[2021-02-25 17:26:06,414] {logging_mixin.py:103} INFO - [2021-02-25 17:26:06,413] {example_kubernetes_executor_config.py:174} WARNING - Could not import DAGs in example_kubernetes_executor_config.py: No module named 'kubernetes'
[2021-02-25 17:26:06,414] {logging_mixin.py:103} INFO - [2021-02-25 17:26:06,414] {example_kubernetes_executor_config.py:175} WARNING - Install kubernetes dependencies with: pip install apache-airflow['cncf.kubernetes']
[2021-02-25 17:26:06,415] {scheduler_job.py:641} WARNING - No viable dags retrieved from /home/i-sip_iot/anaconda3/envs/sandbox/lib/python3.7/site-packages/airflow/example_dags/example_kubernetes_executor_config.py
[2021-02-25 17:26:06,433] {scheduler_job.py:189} INFO - Processing /home/i-sip_iot/anaconda3/envs/sandbox/lib/python3.7/site-packages/airflow/example_dags/example_kubernetes_executor_config.py took 0.046 seconds
[2021-02-25 17:26:33,831] {scheduler_job.py:181} INFO - Started process (PID=187959) to work on /home/i-sip_iot/anaconda3/envs/sandbox/lib/python3.7/site-packages/airflow/example_dags/example_kubernetes_executor_config.py
[2021-02-25 17:26:33,831] {scheduler_job.py:629} INFO - Processing file /home/i-sip_iot/anaconda3/envs/sandbox/lib/python3.7/site-packages/airflow/example_dags/example_kubernetes_executor_config.py for tasks to queue
[2021-02-25 17:26:33,832] {logging_mixin.py:103} INFO - [2021-02-25 17:26:33,832] {dagbag.py:440} INFO - Filling up the DagBag from /home/i-sip_iot/anaconda3/envs/sandbox/lib/python3.7/site-packages/airflow/example_dags/example_kubernetes_executor_config.py
[2021-02-25 17:26:33,835] {logging_mixin.py:103} INFO - [2021-02-25 17:26:33,835] {example_kubernetes_executor_config.py:174} WARNING - Could not import DAGs in example_kubernetes_executor_config.py: No module named 'kubernetes'
[2021-02-25 17:26:33,835] {logging_mixin.py:103} INFO - [2021-02-25 17:26:33,835] {example_kubernetes_executor_config.py:175} WARNING - Install kubernetes dependencies with: pip install apache-airflow['cncf.kubernetes']
[2021-02-25 17:26:33,836] {scheduler_job.py:641} WARNING - No viable dags retrieved from /home/i-sip_iot/anaconda3/envs/sandbox/lib/python3.7/site-packages/airflow/example_dags/example_kubernetes_executor_config.py
[2021-02-25 17:26:33,842] {scheduler_job.py:189} INFO - Processing /home/i-sip_iot/anaconda3/envs/sandbox/lib/python3.7/site-packages/airflow/example_dags/example_kubernetes_executor_config.py took 0.013 seconds
[2021-02-25 17:26:59,719] {scheduler_job.py:181} INFO - Started process (PID=188230) to work on /home/i-sip_iot/anaconda3/envs/sandbox/lib/python3.7/site-packages/airflow/example_dags/example_kubernetes_executor_config.py
[2021-02-25 17:26:59,719] {scheduler_job.py:629} INFO - Processing file /home/i-sip_iot/anaconda3/envs/sandbox/lib/python3.7/site-packages/airflow/example_dags/example_kubernetes_executor_config.py for tasks to queue
[2021-02-25 17:26:59,720] {logging_mixin.py:103} INFO - [2021-02-25 17:26:59,719] {dagbag.py:440} INFO - Filling up the DagBag from /home/i-sip_iot/anaconda3/envs/sandbox/lib/python3.7/site-packages/airflow/example_dags/example_kubernetes_executor_config.py
[2021-02-25 17:26:59,723] {logging_mixin.py:103} INFO - [2021-02-25 17:26:59,723] {example_kubernetes_executor_config.py:174} WARNING - Could not import DAGs in example_kubernetes_executor_config.py: No module named 'kubernetes'
[2021-02-25 17:26:59,723] {logging_mixin.py:103} INFO - [2021-02-25 17:26:59,723] {example_kubernetes_executor_config.py:175} WARNING - Install kubernetes dependencies with: pip install apache-airflow['cncf.kubernetes']
[2021-02-25 17:26:59,723] {scheduler_job.py:641} WARNING - No viable dags retrieved from /home/i-sip_iot/anaconda3/envs/sandbox/lib/python3.7/site-packages/airflow/example_dags/example_kubernetes_executor_config.py
[2021-02-25 17:26:59,727] {scheduler_job.py:189} INFO - Processing /home/i-sip_iot/anaconda3/envs/sandbox/lib/python3.7/site-packages/airflow/example_dags/example_kubernetes_executor_config.py took 0.010 seconds
