[2021-02-25 17:15:15,190] {scheduler_job.py:181} INFO - Started process (PID=184334) to work on /home/i-sip_iot/anaconda3/envs/sandbox/lib/python3.7/site-packages/airflow/example_dags/tutorial_etl_dag.py
[2021-02-25 17:15:15,191] {scheduler_job.py:629} INFO - Processing file /home/i-sip_iot/anaconda3/envs/sandbox/lib/python3.7/site-packages/airflow/example_dags/tutorial_etl_dag.py for tasks to queue
[2021-02-25 17:15:15,191] {logging_mixin.py:103} INFO - [2021-02-25 17:15:15,191] {dagbag.py:440} INFO - Filling up the DagBag from /home/i-sip_iot/anaconda3/envs/sandbox/lib/python3.7/site-packages/airflow/example_dags/tutorial_etl_dag.py
[2021-02-25 17:15:15,197] {scheduler_job.py:639} INFO - DAG(s) dict_keys(['tutorial_etl_dag']) retrieved from /home/i-sip_iot/anaconda3/envs/sandbox/lib/python3.7/site-packages/airflow/example_dags/tutorial_etl_dag.py
[2021-02-25 17:15:15,198] {logging_mixin.py:103} INFO - [2021-02-25 17:15:15,198] {dag.py:1813} INFO - Sync 1 DAGs
[2021-02-25 17:15:15,210] {logging_mixin.py:103} INFO - [2021-02-25 17:15:15,210] {dag.py:2266} INFO - Setting next_dagrun for tutorial_etl_dag to None
[2021-02-25 17:15:15,232] {scheduler_job.py:189} INFO - Processing /home/i-sip_iot/anaconda3/envs/sandbox/lib/python3.7/site-packages/airflow/example_dags/tutorial_etl_dag.py took 0.044 seconds
[2021-02-25 17:15:42,089] {scheduler_job.py:181} INFO - Started process (PID=184562) to work on /home/i-sip_iot/anaconda3/envs/sandbox/lib/python3.7/site-packages/airflow/example_dags/tutorial_etl_dag.py
[2021-02-25 17:15:42,089] {scheduler_job.py:629} INFO - Processing file /home/i-sip_iot/anaconda3/envs/sandbox/lib/python3.7/site-packages/airflow/example_dags/tutorial_etl_dag.py for tasks to queue
[2021-02-25 17:15:42,090] {logging_mixin.py:103} INFO - [2021-02-25 17:15:42,090] {dagbag.py:440} INFO - Filling up the DagBag from /home/i-sip_iot/anaconda3/envs/sandbox/lib/python3.7/site-packages/airflow/example_dags/tutorial_etl_dag.py
[2021-02-25 17:15:42,099] {scheduler_job.py:639} INFO - DAG(s) dict_keys(['tutorial_etl_dag']) retrieved from /home/i-sip_iot/anaconda3/envs/sandbox/lib/python3.7/site-packages/airflow/example_dags/tutorial_etl_dag.py
[2021-02-25 17:15:42,100] {logging_mixin.py:103} INFO - [2021-02-25 17:15:42,100] {dag.py:1813} INFO - Sync 1 DAGs
[2021-02-25 17:15:42,112] {logging_mixin.py:103} INFO - [2021-02-25 17:15:42,112] {dag.py:2266} INFO - Setting next_dagrun for tutorial_etl_dag to None
[2021-02-25 17:15:42,120] {scheduler_job.py:189} INFO - Processing /home/i-sip_iot/anaconda3/envs/sandbox/lib/python3.7/site-packages/airflow/example_dags/tutorial_etl_dag.py took 0.034 seconds
[2021-02-25 17:16:09,466] {scheduler_job.py:181} INFO - Started process (PID=184648) to work on /home/i-sip_iot/anaconda3/envs/sandbox/lib/python3.7/site-packages/airflow/example_dags/tutorial_etl_dag.py
[2021-02-25 17:16:09,467] {scheduler_job.py:629} INFO - Processing file /home/i-sip_iot/anaconda3/envs/sandbox/lib/python3.7/site-packages/airflow/example_dags/tutorial_etl_dag.py for tasks to queue
[2021-02-25 17:16:09,468] {logging_mixin.py:103} INFO - [2021-02-25 17:16:09,468] {dagbag.py:440} INFO - Filling up the DagBag from /home/i-sip_iot/anaconda3/envs/sandbox/lib/python3.7/site-packages/airflow/example_dags/tutorial_etl_dag.py
[2021-02-25 17:16:09,476] {scheduler_job.py:639} INFO - DAG(s) dict_keys(['tutorial_etl_dag']) retrieved from /home/i-sip_iot/anaconda3/envs/sandbox/lib/python3.7/site-packages/airflow/example_dags/tutorial_etl_dag.py
[2021-02-25 17:16:09,477] {logging_mixin.py:103} INFO - [2021-02-25 17:16:09,477] {dag.py:1813} INFO - Sync 1 DAGs
[2021-02-25 17:16:09,488] {logging_mixin.py:103} INFO - [2021-02-25 17:16:09,488] {dag.py:2266} INFO - Setting next_dagrun for tutorial_etl_dag to None
[2021-02-25 17:16:09,496] {scheduler_job.py:189} INFO - Processing /home/i-sip_iot/anaconda3/envs/sandbox/lib/python3.7/site-packages/airflow/example_dags/tutorial_etl_dag.py took 0.032 seconds
[2021-02-25 17:16:36,560] {scheduler_job.py:181} INFO - Started process (PID=184878) to work on /home/i-sip_iot/anaconda3/envs/sandbox/lib/python3.7/site-packages/airflow/example_dags/tutorial_etl_dag.py
[2021-02-25 17:16:36,561] {scheduler_job.py:629} INFO - Processing file /home/i-sip_iot/anaconda3/envs/sandbox/lib/python3.7/site-packages/airflow/example_dags/tutorial_etl_dag.py for tasks to queue
[2021-02-25 17:16:36,562] {logging_mixin.py:103} INFO - [2021-02-25 17:16:36,562] {dagbag.py:440} INFO - Filling up the DagBag from /home/i-sip_iot/anaconda3/envs/sandbox/lib/python3.7/site-packages/airflow/example_dags/tutorial_etl_dag.py
[2021-02-25 17:16:36,579] {scheduler_job.py:639} INFO - DAG(s) dict_keys(['tutorial_etl_dag']) retrieved from /home/i-sip_iot/anaconda3/envs/sandbox/lib/python3.7/site-packages/airflow/example_dags/tutorial_etl_dag.py
[2021-02-25 17:16:36,581] {logging_mixin.py:103} INFO - [2021-02-25 17:16:36,581] {dag.py:1813} INFO - Sync 1 DAGs
[2021-02-25 17:16:36,598] {logging_mixin.py:103} INFO - [2021-02-25 17:16:36,598] {dag.py:2266} INFO - Setting next_dagrun for tutorial_etl_dag to None
[2021-02-25 17:16:36,608] {scheduler_job.py:189} INFO - Processing /home/i-sip_iot/anaconda3/envs/sandbox/lib/python3.7/site-packages/airflow/example_dags/tutorial_etl_dag.py took 0.053 seconds
[2021-02-25 17:17:04,591] {scheduler_job.py:181} INFO - Started process (PID=184956) to work on /home/i-sip_iot/anaconda3/envs/sandbox/lib/python3.7/site-packages/airflow/example_dags/tutorial_etl_dag.py
[2021-02-25 17:17:04,592] {scheduler_job.py:629} INFO - Processing file /home/i-sip_iot/anaconda3/envs/sandbox/lib/python3.7/site-packages/airflow/example_dags/tutorial_etl_dag.py for tasks to queue
[2021-02-25 17:17:04,593] {logging_mixin.py:103} INFO - [2021-02-25 17:17:04,593] {dagbag.py:440} INFO - Filling up the DagBag from /home/i-sip_iot/anaconda3/envs/sandbox/lib/python3.7/site-packages/airflow/example_dags/tutorial_etl_dag.py
[2021-02-25 17:17:04,605] {scheduler_job.py:639} INFO - DAG(s) dict_keys(['tutorial_etl_dag']) retrieved from /home/i-sip_iot/anaconda3/envs/sandbox/lib/python3.7/site-packages/airflow/example_dags/tutorial_etl_dag.py
[2021-02-25 17:17:04,606] {logging_mixin.py:103} INFO - [2021-02-25 17:17:04,606] {dag.py:1813} INFO - Sync 1 DAGs
[2021-02-25 17:17:04,619] {logging_mixin.py:103} INFO - [2021-02-25 17:17:04,619] {dag.py:2266} INFO - Setting next_dagrun for tutorial_etl_dag to None
[2021-02-25 17:17:04,626] {scheduler_job.py:189} INFO - Processing /home/i-sip_iot/anaconda3/envs/sandbox/lib/python3.7/site-packages/airflow/example_dags/tutorial_etl_dag.py took 0.042 seconds
[2021-02-25 17:17:31,406] {scheduler_job.py:181} INFO - Started process (PID=185048) to work on /home/i-sip_iot/anaconda3/envs/sandbox/lib/python3.7/site-packages/airflow/example_dags/tutorial_etl_dag.py
[2021-02-25 17:17:31,407] {scheduler_job.py:629} INFO - Processing file /home/i-sip_iot/anaconda3/envs/sandbox/lib/python3.7/site-packages/airflow/example_dags/tutorial_etl_dag.py for tasks to queue
[2021-02-25 17:17:31,408] {logging_mixin.py:103} INFO - [2021-02-25 17:17:31,408] {dagbag.py:440} INFO - Filling up the DagBag from /home/i-sip_iot/anaconda3/envs/sandbox/lib/python3.7/site-packages/airflow/example_dags/tutorial_etl_dag.py
[2021-02-25 17:17:31,417] {scheduler_job.py:639} INFO - DAG(s) dict_keys(['tutorial_etl_dag']) retrieved from /home/i-sip_iot/anaconda3/envs/sandbox/lib/python3.7/site-packages/airflow/example_dags/tutorial_etl_dag.py
[2021-02-25 17:17:31,417] {logging_mixin.py:103} INFO - [2021-02-25 17:17:31,417] {dag.py:1813} INFO - Sync 1 DAGs
[2021-02-25 17:17:31,431] {logging_mixin.py:103} INFO - [2021-02-25 17:17:31,431] {dag.py:2266} INFO - Setting next_dagrun for tutorial_etl_dag to None
[2021-02-25 17:17:31,440] {scheduler_job.py:189} INFO - Processing /home/i-sip_iot/anaconda3/envs/sandbox/lib/python3.7/site-packages/airflow/example_dags/tutorial_etl_dag.py took 0.036 seconds
[2021-02-25 17:17:57,774] {scheduler_job.py:181} INFO - Started process (PID=185271) to work on /home/i-sip_iot/anaconda3/envs/sandbox/lib/python3.7/site-packages/airflow/example_dags/tutorial_etl_dag.py
[2021-02-25 17:17:57,775] {scheduler_job.py:629} INFO - Processing file /home/i-sip_iot/anaconda3/envs/sandbox/lib/python3.7/site-packages/airflow/example_dags/tutorial_etl_dag.py for tasks to queue
[2021-02-25 17:17:57,775] {logging_mixin.py:103} INFO - [2021-02-25 17:17:57,775] {dagbag.py:440} INFO - Filling up the DagBag from /home/i-sip_iot/anaconda3/envs/sandbox/lib/python3.7/site-packages/airflow/example_dags/tutorial_etl_dag.py
[2021-02-25 17:17:57,783] {scheduler_job.py:639} INFO - DAG(s) dict_keys(['tutorial_etl_dag']) retrieved from /home/i-sip_iot/anaconda3/envs/sandbox/lib/python3.7/site-packages/airflow/example_dags/tutorial_etl_dag.py
[2021-02-25 17:17:57,783] {logging_mixin.py:103} INFO - [2021-02-25 17:17:57,783] {dag.py:1813} INFO - Sync 1 DAGs
[2021-02-25 17:17:57,794] {logging_mixin.py:103} INFO - [2021-02-25 17:17:57,794] {dag.py:2266} INFO - Setting next_dagrun for tutorial_etl_dag to None
[2021-02-25 17:17:57,804] {scheduler_job.py:189} INFO - Processing /home/i-sip_iot/anaconda3/envs/sandbox/lib/python3.7/site-packages/airflow/example_dags/tutorial_etl_dag.py took 0.031 seconds
[2021-02-25 17:18:25,508] {scheduler_job.py:181} INFO - Started process (PID=185337) to work on /home/i-sip_iot/anaconda3/envs/sandbox/lib/python3.7/site-packages/airflow/example_dags/tutorial_etl_dag.py
[2021-02-25 17:18:25,510] {scheduler_job.py:629} INFO - Processing file /home/i-sip_iot/anaconda3/envs/sandbox/lib/python3.7/site-packages/airflow/example_dags/tutorial_etl_dag.py for tasks to queue
[2021-02-25 17:18:25,510] {logging_mixin.py:103} INFO - [2021-02-25 17:18:25,510] {dagbag.py:440} INFO - Filling up the DagBag from /home/i-sip_iot/anaconda3/envs/sandbox/lib/python3.7/site-packages/airflow/example_dags/tutorial_etl_dag.py
[2021-02-25 17:18:25,526] {scheduler_job.py:639} INFO - DAG(s) dict_keys(['tutorial_etl_dag']) retrieved from /home/i-sip_iot/anaconda3/envs/sandbox/lib/python3.7/site-packages/airflow/example_dags/tutorial_etl_dag.py
[2021-02-25 17:18:25,527] {logging_mixin.py:103} INFO - [2021-02-25 17:18:25,527] {dag.py:1813} INFO - Sync 1 DAGs
[2021-02-25 17:18:25,545] {logging_mixin.py:103} INFO - [2021-02-25 17:18:25,545] {dag.py:2266} INFO - Setting next_dagrun for tutorial_etl_dag to None
[2021-02-25 17:18:25,554] {scheduler_job.py:189} INFO - Processing /home/i-sip_iot/anaconda3/envs/sandbox/lib/python3.7/site-packages/airflow/example_dags/tutorial_etl_dag.py took 0.050 seconds
[2021-02-25 17:18:53,726] {scheduler_job.py:181} INFO - Started process (PID=185590) to work on /home/i-sip_iot/anaconda3/envs/sandbox/lib/python3.7/site-packages/airflow/example_dags/tutorial_etl_dag.py
[2021-02-25 17:18:53,726] {scheduler_job.py:629} INFO - Processing file /home/i-sip_iot/anaconda3/envs/sandbox/lib/python3.7/site-packages/airflow/example_dags/tutorial_etl_dag.py for tasks to queue
[2021-02-25 17:18:53,727] {logging_mixin.py:103} INFO - [2021-02-25 17:18:53,726] {dagbag.py:440} INFO - Filling up the DagBag from /home/i-sip_iot/anaconda3/envs/sandbox/lib/python3.7/site-packages/airflow/example_dags/tutorial_etl_dag.py
[2021-02-25 17:18:53,732] {scheduler_job.py:639} INFO - DAG(s) dict_keys(['tutorial_etl_dag']) retrieved from /home/i-sip_iot/anaconda3/envs/sandbox/lib/python3.7/site-packages/airflow/example_dags/tutorial_etl_dag.py
[2021-02-25 17:18:53,733] {logging_mixin.py:103} INFO - [2021-02-25 17:18:53,733] {dag.py:1813} INFO - Sync 1 DAGs
[2021-02-25 17:18:53,742] {logging_mixin.py:103} INFO - [2021-02-25 17:18:53,742] {dag.py:2266} INFO - Setting next_dagrun for tutorial_etl_dag to None
[2021-02-25 17:18:53,749] {scheduler_job.py:189} INFO - Processing /home/i-sip_iot/anaconda3/envs/sandbox/lib/python3.7/site-packages/airflow/example_dags/tutorial_etl_dag.py took 0.026 seconds
[2021-02-25 17:19:20,119] {scheduler_job.py:181} INFO - Started process (PID=185651) to work on /home/i-sip_iot/anaconda3/envs/sandbox/lib/python3.7/site-packages/airflow/example_dags/tutorial_etl_dag.py
[2021-02-25 17:19:20,122] {scheduler_job.py:629} INFO - Processing file /home/i-sip_iot/anaconda3/envs/sandbox/lib/python3.7/site-packages/airflow/example_dags/tutorial_etl_dag.py for tasks to queue
[2021-02-25 17:19:20,124] {logging_mixin.py:103} INFO - [2021-02-25 17:19:20,124] {dagbag.py:440} INFO - Filling up the DagBag from /home/i-sip_iot/anaconda3/envs/sandbox/lib/python3.7/site-packages/airflow/example_dags/tutorial_etl_dag.py
[2021-02-25 17:19:20,139] {scheduler_job.py:639} INFO - DAG(s) dict_keys(['tutorial_etl_dag']) retrieved from /home/i-sip_iot/anaconda3/envs/sandbox/lib/python3.7/site-packages/airflow/example_dags/tutorial_etl_dag.py
[2021-02-25 17:19:20,140] {logging_mixin.py:103} INFO - [2021-02-25 17:19:20,139] {dag.py:1813} INFO - Sync 1 DAGs
[2021-02-25 17:19:20,153] {logging_mixin.py:103} INFO - [2021-02-25 17:19:20,153] {dag.py:2266} INFO - Setting next_dagrun for tutorial_etl_dag to None
[2021-02-25 17:19:20,161] {scheduler_job.py:189} INFO - Processing /home/i-sip_iot/anaconda3/envs/sandbox/lib/python3.7/site-packages/airflow/example_dags/tutorial_etl_dag.py took 0.048 seconds
[2021-02-25 17:19:47,027] {scheduler_job.py:181} INFO - Started process (PID=185872) to work on /home/i-sip_iot/anaconda3/envs/sandbox/lib/python3.7/site-packages/airflow/example_dags/tutorial_etl_dag.py
[2021-02-25 17:19:47,029] {scheduler_job.py:629} INFO - Processing file /home/i-sip_iot/anaconda3/envs/sandbox/lib/python3.7/site-packages/airflow/example_dags/tutorial_etl_dag.py for tasks to queue
[2021-02-25 17:19:47,029] {logging_mixin.py:103} INFO - [2021-02-25 17:19:47,029] {dagbag.py:440} INFO - Filling up the DagBag from /home/i-sip_iot/anaconda3/envs/sandbox/lib/python3.7/site-packages/airflow/example_dags/tutorial_etl_dag.py
[2021-02-25 17:19:47,037] {scheduler_job.py:639} INFO - DAG(s) dict_keys(['tutorial_etl_dag']) retrieved from /home/i-sip_iot/anaconda3/envs/sandbox/lib/python3.7/site-packages/airflow/example_dags/tutorial_etl_dag.py
[2021-02-25 17:19:47,037] {logging_mixin.py:103} INFO - [2021-02-25 17:19:47,037] {dag.py:1813} INFO - Sync 1 DAGs
[2021-02-25 17:19:47,048] {logging_mixin.py:103} INFO - [2021-02-25 17:19:47,048] {dag.py:2266} INFO - Setting next_dagrun for tutorial_etl_dag to None
[2021-02-25 17:19:47,056] {scheduler_job.py:189} INFO - Processing /home/i-sip_iot/anaconda3/envs/sandbox/lib/python3.7/site-packages/airflow/example_dags/tutorial_etl_dag.py took 0.032 seconds
[2021-02-25 17:20:13,920] {scheduler_job.py:181} INFO - Started process (PID=185946) to work on /home/i-sip_iot/anaconda3/envs/sandbox/lib/python3.7/site-packages/airflow/example_dags/tutorial_etl_dag.py
[2021-02-25 17:20:13,923] {scheduler_job.py:629} INFO - Processing file /home/i-sip_iot/anaconda3/envs/sandbox/lib/python3.7/site-packages/airflow/example_dags/tutorial_etl_dag.py for tasks to queue
[2021-02-25 17:20:13,924] {logging_mixin.py:103} INFO - [2021-02-25 17:20:13,924] {dagbag.py:440} INFO - Filling up the DagBag from /home/i-sip_iot/anaconda3/envs/sandbox/lib/python3.7/site-packages/airflow/example_dags/tutorial_etl_dag.py
[2021-02-25 17:20:13,941] {scheduler_job.py:639} INFO - DAG(s) dict_keys(['tutorial_etl_dag']) retrieved from /home/i-sip_iot/anaconda3/envs/sandbox/lib/python3.7/site-packages/airflow/example_dags/tutorial_etl_dag.py
[2021-02-25 17:20:13,943] {logging_mixin.py:103} INFO - [2021-02-25 17:20:13,942] {dag.py:1813} INFO - Sync 1 DAGs
[2021-02-25 17:20:13,958] {logging_mixin.py:103} INFO - [2021-02-25 17:20:13,958] {dag.py:2266} INFO - Setting next_dagrun for tutorial_etl_dag to None
[2021-02-25 17:20:13,970] {scheduler_job.py:189} INFO - Processing /home/i-sip_iot/anaconda3/envs/sandbox/lib/python3.7/site-packages/airflow/example_dags/tutorial_etl_dag.py took 0.055 seconds
[2021-02-25 17:20:41,620] {scheduler_job.py:181} INFO - Started process (PID=186193) to work on /home/i-sip_iot/anaconda3/envs/sandbox/lib/python3.7/site-packages/airflow/example_dags/tutorial_etl_dag.py
[2021-02-25 17:20:41,622] {scheduler_job.py:629} INFO - Processing file /home/i-sip_iot/anaconda3/envs/sandbox/lib/python3.7/site-packages/airflow/example_dags/tutorial_etl_dag.py for tasks to queue
[2021-02-25 17:20:41,623] {logging_mixin.py:103} INFO - [2021-02-25 17:20:41,623] {dagbag.py:440} INFO - Filling up the DagBag from /home/i-sip_iot/anaconda3/envs/sandbox/lib/python3.7/site-packages/airflow/example_dags/tutorial_etl_dag.py
[2021-02-25 17:20:41,642] {scheduler_job.py:639} INFO - DAG(s) dict_keys(['tutorial_etl_dag']) retrieved from /home/i-sip_iot/anaconda3/envs/sandbox/lib/python3.7/site-packages/airflow/example_dags/tutorial_etl_dag.py
[2021-02-25 17:20:41,643] {logging_mixin.py:103} INFO - [2021-02-25 17:20:41,643] {dag.py:1813} INFO - Sync 1 DAGs
[2021-02-25 17:20:41,658] {logging_mixin.py:103} INFO - [2021-02-25 17:20:41,658] {dag.py:2266} INFO - Setting next_dagrun for tutorial_etl_dag to None
[2021-02-25 17:20:41,667] {scheduler_job.py:189} INFO - Processing /home/i-sip_iot/anaconda3/envs/sandbox/lib/python3.7/site-packages/airflow/example_dags/tutorial_etl_dag.py took 0.053 seconds
[2021-02-25 17:21:09,397] {scheduler_job.py:181} INFO - Started process (PID=186280) to work on /home/i-sip_iot/anaconda3/envs/sandbox/lib/python3.7/site-packages/airflow/example_dags/tutorial_etl_dag.py
[2021-02-25 17:21:09,399] {scheduler_job.py:629} INFO - Processing file /home/i-sip_iot/anaconda3/envs/sandbox/lib/python3.7/site-packages/airflow/example_dags/tutorial_etl_dag.py for tasks to queue
[2021-02-25 17:21:09,399] {logging_mixin.py:103} INFO - [2021-02-25 17:21:09,399] {dagbag.py:440} INFO - Filling up the DagBag from /home/i-sip_iot/anaconda3/envs/sandbox/lib/python3.7/site-packages/airflow/example_dags/tutorial_etl_dag.py
[2021-02-25 17:21:09,411] {scheduler_job.py:639} INFO - DAG(s) dict_keys(['tutorial_etl_dag']) retrieved from /home/i-sip_iot/anaconda3/envs/sandbox/lib/python3.7/site-packages/airflow/example_dags/tutorial_etl_dag.py
[2021-02-25 17:21:09,413] {logging_mixin.py:103} INFO - [2021-02-25 17:21:09,413] {dag.py:1813} INFO - Sync 1 DAGs
[2021-02-25 17:21:09,429] {logging_mixin.py:103} INFO - [2021-02-25 17:21:09,428] {dag.py:2266} INFO - Setting next_dagrun for tutorial_etl_dag to None
[2021-02-25 17:21:09,438] {scheduler_job.py:189} INFO - Processing /home/i-sip_iot/anaconda3/envs/sandbox/lib/python3.7/site-packages/airflow/example_dags/tutorial_etl_dag.py took 0.045 seconds
[2021-02-25 17:21:36,316] {scheduler_job.py:181} INFO - Started process (PID=186333) to work on /home/i-sip_iot/anaconda3/envs/sandbox/lib/python3.7/site-packages/airflow/example_dags/tutorial_etl_dag.py
[2021-02-25 17:21:36,317] {scheduler_job.py:629} INFO - Processing file /home/i-sip_iot/anaconda3/envs/sandbox/lib/python3.7/site-packages/airflow/example_dags/tutorial_etl_dag.py for tasks to queue
[2021-02-25 17:21:36,318] {logging_mixin.py:103} INFO - [2021-02-25 17:21:36,317] {dagbag.py:440} INFO - Filling up the DagBag from /home/i-sip_iot/anaconda3/envs/sandbox/lib/python3.7/site-packages/airflow/example_dags/tutorial_etl_dag.py
[2021-02-25 17:21:36,327] {scheduler_job.py:639} INFO - DAG(s) dict_keys(['tutorial_etl_dag']) retrieved from /home/i-sip_iot/anaconda3/envs/sandbox/lib/python3.7/site-packages/airflow/example_dags/tutorial_etl_dag.py
[2021-02-25 17:21:36,328] {logging_mixin.py:103} INFO - [2021-02-25 17:21:36,328] {dag.py:1813} INFO - Sync 1 DAGs
[2021-02-25 17:21:36,344] {logging_mixin.py:103} INFO - [2021-02-25 17:21:36,344] {dag.py:2266} INFO - Setting next_dagrun for tutorial_etl_dag to None
[2021-02-25 17:21:36,353] {scheduler_job.py:189} INFO - Processing /home/i-sip_iot/anaconda3/envs/sandbox/lib/python3.7/site-packages/airflow/example_dags/tutorial_etl_dag.py took 0.040 seconds
[2021-02-25 17:22:03,240] {scheduler_job.py:181} INFO - Started process (PID=186573) to work on /home/i-sip_iot/anaconda3/envs/sandbox/lib/python3.7/site-packages/airflow/example_dags/tutorial_etl_dag.py
[2021-02-25 17:22:03,241] {scheduler_job.py:629} INFO - Processing file /home/i-sip_iot/anaconda3/envs/sandbox/lib/python3.7/site-packages/airflow/example_dags/tutorial_etl_dag.py for tasks to queue
[2021-02-25 17:22:03,242] {logging_mixin.py:103} INFO - [2021-02-25 17:22:03,242] {dagbag.py:440} INFO - Filling up the DagBag from /home/i-sip_iot/anaconda3/envs/sandbox/lib/python3.7/site-packages/airflow/example_dags/tutorial_etl_dag.py
[2021-02-25 17:22:03,250] {scheduler_job.py:639} INFO - DAG(s) dict_keys(['tutorial_etl_dag']) retrieved from /home/i-sip_iot/anaconda3/envs/sandbox/lib/python3.7/site-packages/airflow/example_dags/tutorial_etl_dag.py
[2021-02-25 17:22:03,251] {logging_mixin.py:103} INFO - [2021-02-25 17:22:03,251] {dag.py:1813} INFO - Sync 1 DAGs
[2021-02-25 17:22:03,262] {logging_mixin.py:103} INFO - [2021-02-25 17:22:03,262] {dag.py:2266} INFO - Setting next_dagrun for tutorial_etl_dag to None
[2021-02-25 17:22:03,271] {scheduler_job.py:189} INFO - Processing /home/i-sip_iot/anaconda3/envs/sandbox/lib/python3.7/site-packages/airflow/example_dags/tutorial_etl_dag.py took 0.035 seconds
[2021-02-25 17:22:30,710] {scheduler_job.py:181} INFO - Started process (PID=186624) to work on /home/i-sip_iot/anaconda3/envs/sandbox/lib/python3.7/site-packages/airflow/example_dags/tutorial_etl_dag.py
[2021-02-25 17:22:30,711] {scheduler_job.py:629} INFO - Processing file /home/i-sip_iot/anaconda3/envs/sandbox/lib/python3.7/site-packages/airflow/example_dags/tutorial_etl_dag.py for tasks to queue
[2021-02-25 17:22:30,712] {logging_mixin.py:103} INFO - [2021-02-25 17:22:30,712] {dagbag.py:440} INFO - Filling up the DagBag from /home/i-sip_iot/anaconda3/envs/sandbox/lib/python3.7/site-packages/airflow/example_dags/tutorial_etl_dag.py
[2021-02-25 17:22:30,724] {scheduler_job.py:639} INFO - DAG(s) dict_keys(['tutorial_etl_dag']) retrieved from /home/i-sip_iot/anaconda3/envs/sandbox/lib/python3.7/site-packages/airflow/example_dags/tutorial_etl_dag.py
[2021-02-25 17:22:30,725] {logging_mixin.py:103} INFO - [2021-02-25 17:22:30,725] {dag.py:1813} INFO - Sync 1 DAGs
[2021-02-25 17:22:30,740] {logging_mixin.py:103} INFO - [2021-02-25 17:22:30,740] {dag.py:2266} INFO - Setting next_dagrun for tutorial_etl_dag to None
[2021-02-25 17:22:30,749] {scheduler_job.py:189} INFO - Processing /home/i-sip_iot/anaconda3/envs/sandbox/lib/python3.7/site-packages/airflow/example_dags/tutorial_etl_dag.py took 0.042 seconds
[2021-02-25 17:22:57,778] {scheduler_job.py:181} INFO - Started process (PID=186861) to work on /home/i-sip_iot/anaconda3/envs/sandbox/lib/python3.7/site-packages/airflow/example_dags/tutorial_etl_dag.py
[2021-02-25 17:22:57,780] {scheduler_job.py:629} INFO - Processing file /home/i-sip_iot/anaconda3/envs/sandbox/lib/python3.7/site-packages/airflow/example_dags/tutorial_etl_dag.py for tasks to queue
[2021-02-25 17:22:57,781] {logging_mixin.py:103} INFO - [2021-02-25 17:22:57,780] {dagbag.py:440} INFO - Filling up the DagBag from /home/i-sip_iot/anaconda3/envs/sandbox/lib/python3.7/site-packages/airflow/example_dags/tutorial_etl_dag.py
[2021-02-25 17:22:57,798] {scheduler_job.py:639} INFO - DAG(s) dict_keys(['tutorial_etl_dag']) retrieved from /home/i-sip_iot/anaconda3/envs/sandbox/lib/python3.7/site-packages/airflow/example_dags/tutorial_etl_dag.py
[2021-02-25 17:22:57,799] {logging_mixin.py:103} INFO - [2021-02-25 17:22:57,799] {dag.py:1813} INFO - Sync 1 DAGs
[2021-02-25 17:22:57,816] {logging_mixin.py:103} INFO - [2021-02-25 17:22:57,816] {dag.py:2266} INFO - Setting next_dagrun for tutorial_etl_dag to None
[2021-02-25 17:22:57,825] {scheduler_job.py:189} INFO - Processing /home/i-sip_iot/anaconda3/envs/sandbox/lib/python3.7/site-packages/airflow/example_dags/tutorial_etl_dag.py took 0.052 seconds
[2021-02-25 17:23:25,574] {scheduler_job.py:181} INFO - Started process (PID=186919) to work on /home/i-sip_iot/anaconda3/envs/sandbox/lib/python3.7/site-packages/airflow/example_dags/tutorial_etl_dag.py
[2021-02-25 17:23:25,575] {scheduler_job.py:629} INFO - Processing file /home/i-sip_iot/anaconda3/envs/sandbox/lib/python3.7/site-packages/airflow/example_dags/tutorial_etl_dag.py for tasks to queue
[2021-02-25 17:23:25,575] {logging_mixin.py:103} INFO - [2021-02-25 17:23:25,575] {dagbag.py:440} INFO - Filling up the DagBag from /home/i-sip_iot/anaconda3/envs/sandbox/lib/python3.7/site-packages/airflow/example_dags/tutorial_etl_dag.py
[2021-02-25 17:23:25,586] {scheduler_job.py:639} INFO - DAG(s) dict_keys(['tutorial_etl_dag']) retrieved from /home/i-sip_iot/anaconda3/envs/sandbox/lib/python3.7/site-packages/airflow/example_dags/tutorial_etl_dag.py
[2021-02-25 17:23:25,586] {logging_mixin.py:103} INFO - [2021-02-25 17:23:25,586] {dag.py:1813} INFO - Sync 1 DAGs
[2021-02-25 17:23:25,595] {logging_mixin.py:103} INFO - [2021-02-25 17:23:25,595] {dag.py:2266} INFO - Setting next_dagrun for tutorial_etl_dag to None
[2021-02-25 17:23:25,604] {scheduler_job.py:189} INFO - Processing /home/i-sip_iot/anaconda3/envs/sandbox/lib/python3.7/site-packages/airflow/example_dags/tutorial_etl_dag.py took 0.033 seconds
[2021-02-25 17:23:52,418] {scheduler_job.py:181} INFO - Started process (PID=187148) to work on /home/i-sip_iot/anaconda3/envs/sandbox/lib/python3.7/site-packages/airflow/example_dags/tutorial_etl_dag.py
[2021-02-25 17:23:52,418] {scheduler_job.py:629} INFO - Processing file /home/i-sip_iot/anaconda3/envs/sandbox/lib/python3.7/site-packages/airflow/example_dags/tutorial_etl_dag.py for tasks to queue
[2021-02-25 17:23:52,419] {logging_mixin.py:103} INFO - [2021-02-25 17:23:52,418] {dagbag.py:440} INFO - Filling up the DagBag from /home/i-sip_iot/anaconda3/envs/sandbox/lib/python3.7/site-packages/airflow/example_dags/tutorial_etl_dag.py
[2021-02-25 17:23:52,425] {scheduler_job.py:639} INFO - DAG(s) dict_keys(['tutorial_etl_dag']) retrieved from /home/i-sip_iot/anaconda3/envs/sandbox/lib/python3.7/site-packages/airflow/example_dags/tutorial_etl_dag.py
[2021-02-25 17:23:52,426] {logging_mixin.py:103} INFO - [2021-02-25 17:23:52,426] {dag.py:1813} INFO - Sync 1 DAGs
[2021-02-25 17:23:52,437] {logging_mixin.py:103} INFO - [2021-02-25 17:23:52,436] {dag.py:2266} INFO - Setting next_dagrun for tutorial_etl_dag to None
[2021-02-25 17:23:52,444] {scheduler_job.py:189} INFO - Processing /home/i-sip_iot/anaconda3/envs/sandbox/lib/python3.7/site-packages/airflow/example_dags/tutorial_etl_dag.py took 0.028 seconds
[2021-02-25 17:24:18,843] {scheduler_job.py:181} INFO - Started process (PID=187219) to work on /home/i-sip_iot/anaconda3/envs/sandbox/lib/python3.7/site-packages/airflow/example_dags/tutorial_etl_dag.py
[2021-02-25 17:24:18,847] {scheduler_job.py:629} INFO - Processing file /home/i-sip_iot/anaconda3/envs/sandbox/lib/python3.7/site-packages/airflow/example_dags/tutorial_etl_dag.py for tasks to queue
[2021-02-25 17:24:18,848] {logging_mixin.py:103} INFO - [2021-02-25 17:24:18,848] {dagbag.py:440} INFO - Filling up the DagBag from /home/i-sip_iot/anaconda3/envs/sandbox/lib/python3.7/site-packages/airflow/example_dags/tutorial_etl_dag.py
[2021-02-25 17:24:18,864] {scheduler_job.py:639} INFO - DAG(s) dict_keys(['tutorial_etl_dag']) retrieved from /home/i-sip_iot/anaconda3/envs/sandbox/lib/python3.7/site-packages/airflow/example_dags/tutorial_etl_dag.py
[2021-02-25 17:24:18,865] {logging_mixin.py:103} INFO - [2021-02-25 17:24:18,865] {dag.py:1813} INFO - Sync 1 DAGs
[2021-02-25 17:24:18,881] {logging_mixin.py:103} INFO - [2021-02-25 17:24:18,880] {dag.py:2266} INFO - Setting next_dagrun for tutorial_etl_dag to None
[2021-02-25 17:24:18,889] {scheduler_job.py:189} INFO - Processing /home/i-sip_iot/anaconda3/envs/sandbox/lib/python3.7/site-packages/airflow/example_dags/tutorial_etl_dag.py took 0.053 seconds
[2021-02-25 17:24:46,891] {scheduler_job.py:181} INFO - Started process (PID=187454) to work on /home/i-sip_iot/anaconda3/envs/sandbox/lib/python3.7/site-packages/airflow/example_dags/tutorial_etl_dag.py
[2021-02-25 17:24:46,892] {scheduler_job.py:629} INFO - Processing file /home/i-sip_iot/anaconda3/envs/sandbox/lib/python3.7/site-packages/airflow/example_dags/tutorial_etl_dag.py for tasks to queue
[2021-02-25 17:24:46,892] {logging_mixin.py:103} INFO - [2021-02-25 17:24:46,892] {dagbag.py:440} INFO - Filling up the DagBag from /home/i-sip_iot/anaconda3/envs/sandbox/lib/python3.7/site-packages/airflow/example_dags/tutorial_etl_dag.py
[2021-02-25 17:24:46,901] {scheduler_job.py:639} INFO - DAG(s) dict_keys(['tutorial_etl_dag']) retrieved from /home/i-sip_iot/anaconda3/envs/sandbox/lib/python3.7/site-packages/airflow/example_dags/tutorial_etl_dag.py
[2021-02-25 17:24:46,901] {logging_mixin.py:103} INFO - [2021-02-25 17:24:46,901] {dag.py:1813} INFO - Sync 1 DAGs
[2021-02-25 17:24:46,912] {logging_mixin.py:103} INFO - [2021-02-25 17:24:46,912] {dag.py:2266} INFO - Setting next_dagrun for tutorial_etl_dag to None
[2021-02-25 17:24:46,919] {scheduler_job.py:189} INFO - Processing /home/i-sip_iot/anaconda3/envs/sandbox/lib/python3.7/site-packages/airflow/example_dags/tutorial_etl_dag.py took 0.032 seconds
[2021-02-25 17:25:13,804] {scheduler_job.py:181} INFO - Started process (PID=187537) to work on /home/i-sip_iot/anaconda3/envs/sandbox/lib/python3.7/site-packages/airflow/example_dags/tutorial_etl_dag.py
[2021-02-25 17:25:13,805] {scheduler_job.py:629} INFO - Processing file /home/i-sip_iot/anaconda3/envs/sandbox/lib/python3.7/site-packages/airflow/example_dags/tutorial_etl_dag.py for tasks to queue
[2021-02-25 17:25:13,805] {logging_mixin.py:103} INFO - [2021-02-25 17:25:13,805] {dagbag.py:440} INFO - Filling up the DagBag from /home/i-sip_iot/anaconda3/envs/sandbox/lib/python3.7/site-packages/airflow/example_dags/tutorial_etl_dag.py
[2021-02-25 17:25:13,814] {scheduler_job.py:639} INFO - DAG(s) dict_keys(['tutorial_etl_dag']) retrieved from /home/i-sip_iot/anaconda3/envs/sandbox/lib/python3.7/site-packages/airflow/example_dags/tutorial_etl_dag.py
[2021-02-25 17:25:13,814] {logging_mixin.py:103} INFO - [2021-02-25 17:25:13,814] {dag.py:1813} INFO - Sync 1 DAGs
[2021-02-25 17:25:13,828] {logging_mixin.py:103} INFO - [2021-02-25 17:25:13,828] {dag.py:2266} INFO - Setting next_dagrun for tutorial_etl_dag to None
[2021-02-25 17:25:13,837] {scheduler_job.py:189} INFO - Processing /home/i-sip_iot/anaconda3/envs/sandbox/lib/python3.7/site-packages/airflow/example_dags/tutorial_etl_dag.py took 0.036 seconds
[2021-02-25 17:25:41,291] {scheduler_job.py:181} INFO - Started process (PID=187778) to work on /home/i-sip_iot/anaconda3/envs/sandbox/lib/python3.7/site-packages/airflow/example_dags/tutorial_etl_dag.py
[2021-02-25 17:25:41,292] {scheduler_job.py:629} INFO - Processing file /home/i-sip_iot/anaconda3/envs/sandbox/lib/python3.7/site-packages/airflow/example_dags/tutorial_etl_dag.py for tasks to queue
[2021-02-25 17:25:41,292] {logging_mixin.py:103} INFO - [2021-02-25 17:25:41,292] {dagbag.py:440} INFO - Filling up the DagBag from /home/i-sip_iot/anaconda3/envs/sandbox/lib/python3.7/site-packages/airflow/example_dags/tutorial_etl_dag.py
[2021-02-25 17:25:41,299] {scheduler_job.py:639} INFO - DAG(s) dict_keys(['tutorial_etl_dag']) retrieved from /home/i-sip_iot/anaconda3/envs/sandbox/lib/python3.7/site-packages/airflow/example_dags/tutorial_etl_dag.py
[2021-02-25 17:25:41,299] {logging_mixin.py:103} INFO - [2021-02-25 17:25:41,299] {dag.py:1813} INFO - Sync 1 DAGs
[2021-02-25 17:25:41,308] {logging_mixin.py:103} INFO - [2021-02-25 17:25:41,308] {dag.py:2266} INFO - Setting next_dagrun for tutorial_etl_dag to None
[2021-02-25 17:25:41,315] {scheduler_job.py:189} INFO - Processing /home/i-sip_iot/anaconda3/envs/sandbox/lib/python3.7/site-packages/airflow/example_dags/tutorial_etl_dag.py took 0.026 seconds
[2021-02-25 17:26:08,103] {scheduler_job.py:181} INFO - Started process (PID=187889) to work on /home/i-sip_iot/anaconda3/envs/sandbox/lib/python3.7/site-packages/airflow/example_dags/tutorial_etl_dag.py
[2021-02-25 17:26:08,104] {scheduler_job.py:629} INFO - Processing file /home/i-sip_iot/anaconda3/envs/sandbox/lib/python3.7/site-packages/airflow/example_dags/tutorial_etl_dag.py for tasks to queue
[2021-02-25 17:26:08,105] {logging_mixin.py:103} INFO - [2021-02-25 17:26:08,105] {dagbag.py:440} INFO - Filling up the DagBag from /home/i-sip_iot/anaconda3/envs/sandbox/lib/python3.7/site-packages/airflow/example_dags/tutorial_etl_dag.py
[2021-02-25 17:26:08,118] {scheduler_job.py:639} INFO - DAG(s) dict_keys(['tutorial_etl_dag']) retrieved from /home/i-sip_iot/anaconda3/envs/sandbox/lib/python3.7/site-packages/airflow/example_dags/tutorial_etl_dag.py
[2021-02-25 17:26:08,119] {logging_mixin.py:103} INFO - [2021-02-25 17:26:08,119] {dag.py:1813} INFO - Sync 1 DAGs
[2021-02-25 17:26:08,131] {logging_mixin.py:103} INFO - [2021-02-25 17:26:08,131] {dag.py:2266} INFO - Setting next_dagrun for tutorial_etl_dag to None
[2021-02-25 17:26:08,138] {scheduler_job.py:189} INFO - Processing /home/i-sip_iot/anaconda3/envs/sandbox/lib/python3.7/site-packages/airflow/example_dags/tutorial_etl_dag.py took 0.039 seconds
[2021-02-25 17:26:36,103] {scheduler_job.py:181} INFO - Started process (PID=187961) to work on /home/i-sip_iot/anaconda3/envs/sandbox/lib/python3.7/site-packages/airflow/example_dags/tutorial_etl_dag.py
[2021-02-25 17:26:36,104] {scheduler_job.py:629} INFO - Processing file /home/i-sip_iot/anaconda3/envs/sandbox/lib/python3.7/site-packages/airflow/example_dags/tutorial_etl_dag.py for tasks to queue
[2021-02-25 17:26:36,104] {logging_mixin.py:103} INFO - [2021-02-25 17:26:36,104] {dagbag.py:440} INFO - Filling up the DagBag from /home/i-sip_iot/anaconda3/envs/sandbox/lib/python3.7/site-packages/airflow/example_dags/tutorial_etl_dag.py
[2021-02-25 17:26:36,113] {scheduler_job.py:639} INFO - DAG(s) dict_keys(['tutorial_etl_dag']) retrieved from /home/i-sip_iot/anaconda3/envs/sandbox/lib/python3.7/site-packages/airflow/example_dags/tutorial_etl_dag.py
[2021-02-25 17:26:36,114] {logging_mixin.py:103} INFO - [2021-02-25 17:26:36,114] {dag.py:1813} INFO - Sync 1 DAGs
[2021-02-25 17:26:36,128] {logging_mixin.py:103} INFO - [2021-02-25 17:26:36,128] {dag.py:2266} INFO - Setting next_dagrun for tutorial_etl_dag to None
[2021-02-25 17:26:36,136] {scheduler_job.py:189} INFO - Processing /home/i-sip_iot/anaconda3/envs/sandbox/lib/python3.7/site-packages/airflow/example_dags/tutorial_etl_dag.py took 0.035 seconds
[2021-02-25 17:27:01,975] {scheduler_job.py:181} INFO - Started process (PID=188236) to work on /home/i-sip_iot/anaconda3/envs/sandbox/lib/python3.7/site-packages/airflow/example_dags/tutorial_etl_dag.py
[2021-02-25 17:27:01,975] {scheduler_job.py:629} INFO - Processing file /home/i-sip_iot/anaconda3/envs/sandbox/lib/python3.7/site-packages/airflow/example_dags/tutorial_etl_dag.py for tasks to queue
[2021-02-25 17:27:01,976] {logging_mixin.py:103} INFO - [2021-02-25 17:27:01,975] {dagbag.py:440} INFO - Filling up the DagBag from /home/i-sip_iot/anaconda3/envs/sandbox/lib/python3.7/site-packages/airflow/example_dags/tutorial_etl_dag.py
[2021-02-25 17:27:01,981] {scheduler_job.py:639} INFO - DAG(s) dict_keys(['tutorial_etl_dag']) retrieved from /home/i-sip_iot/anaconda3/envs/sandbox/lib/python3.7/site-packages/airflow/example_dags/tutorial_etl_dag.py
[2021-02-25 17:27:01,981] {logging_mixin.py:103} INFO - [2021-02-25 17:27:01,981] {dag.py:1813} INFO - Sync 1 DAGs
[2021-02-25 17:27:01,991] {logging_mixin.py:103} INFO - [2021-02-25 17:27:01,991] {dag.py:2266} INFO - Setting next_dagrun for tutorial_etl_dag to None
[2021-02-25 17:27:01,998] {scheduler_job.py:189} INFO - Processing /home/i-sip_iot/anaconda3/envs/sandbox/lib/python3.7/site-packages/airflow/example_dags/tutorial_etl_dag.py took 0.025 seconds
[2021-02-25 17:27:28,737] {scheduler_job.py:181} INFO - Started process (PID=188312) to work on /home/i-sip_iot/anaconda3/envs/sandbox/lib/python3.7/site-packages/airflow/example_dags/tutorial_etl_dag.py
[2021-02-25 17:27:28,738] {scheduler_job.py:629} INFO - Processing file /home/i-sip_iot/anaconda3/envs/sandbox/lib/python3.7/site-packages/airflow/example_dags/tutorial_etl_dag.py for tasks to queue
[2021-02-25 17:27:28,738] {logging_mixin.py:103} INFO - [2021-02-25 17:27:28,738] {dagbag.py:440} INFO - Filling up the DagBag from /home/i-sip_iot/anaconda3/envs/sandbox/lib/python3.7/site-packages/airflow/example_dags/tutorial_etl_dag.py
[2021-02-25 17:27:28,743] {scheduler_job.py:639} INFO - DAG(s) dict_keys(['tutorial_etl_dag']) retrieved from /home/i-sip_iot/anaconda3/envs/sandbox/lib/python3.7/site-packages/airflow/example_dags/tutorial_etl_dag.py
[2021-02-25 17:27:28,744] {logging_mixin.py:103} INFO - [2021-02-25 17:27:28,744] {dag.py:1813} INFO - Sync 1 DAGs
[2021-02-25 17:27:28,752] {logging_mixin.py:103} INFO - [2021-02-25 17:27:28,752] {dag.py:2266} INFO - Setting next_dagrun for tutorial_etl_dag to None
[2021-02-25 17:27:28,760] {scheduler_job.py:189} INFO - Processing /home/i-sip_iot/anaconda3/envs/sandbox/lib/python3.7/site-packages/airflow/example_dags/tutorial_etl_dag.py took 0.024 seconds
[2021-02-25 17:27:56,448] {scheduler_job.py:181} INFO - Started process (PID=188585) to work on /home/i-sip_iot/anaconda3/envs/sandbox/lib/python3.7/site-packages/airflow/example_dags/tutorial_etl_dag.py
[2021-02-25 17:27:56,450] {scheduler_job.py:629} INFO - Processing file /home/i-sip_iot/anaconda3/envs/sandbox/lib/python3.7/site-packages/airflow/example_dags/tutorial_etl_dag.py for tasks to queue
[2021-02-25 17:27:56,451] {logging_mixin.py:103} INFO - [2021-02-25 17:27:56,451] {dagbag.py:440} INFO - Filling up the DagBag from /home/i-sip_iot/anaconda3/envs/sandbox/lib/python3.7/site-packages/airflow/example_dags/tutorial_etl_dag.py
[2021-02-25 17:27:56,468] {scheduler_job.py:639} INFO - DAG(s) dict_keys(['tutorial_etl_dag']) retrieved from /home/i-sip_iot/anaconda3/envs/sandbox/lib/python3.7/site-packages/airflow/example_dags/tutorial_etl_dag.py
[2021-02-25 17:27:56,469] {logging_mixin.py:103} INFO - [2021-02-25 17:27:56,469] {dag.py:1813} INFO - Sync 1 DAGs
[2021-02-25 17:27:56,483] {logging_mixin.py:103} INFO - [2021-02-25 17:27:56,483] {dag.py:2266} INFO - Setting next_dagrun for tutorial_etl_dag to None
[2021-02-25 17:27:56,492] {scheduler_job.py:189} INFO - Processing /home/i-sip_iot/anaconda3/envs/sandbox/lib/python3.7/site-packages/airflow/example_dags/tutorial_etl_dag.py took 0.051 seconds
[2021-02-25 17:28:24,440] {scheduler_job.py:181} INFO - Started process (PID=188676) to work on /home/i-sip_iot/anaconda3/envs/sandbox/lib/python3.7/site-packages/airflow/example_dags/tutorial_etl_dag.py
[2021-02-25 17:28:24,441] {scheduler_job.py:629} INFO - Processing file /home/i-sip_iot/anaconda3/envs/sandbox/lib/python3.7/site-packages/airflow/example_dags/tutorial_etl_dag.py for tasks to queue
[2021-02-25 17:28:24,441] {logging_mixin.py:103} INFO - [2021-02-25 17:28:24,441] {dagbag.py:440} INFO - Filling up the DagBag from /home/i-sip_iot/anaconda3/envs/sandbox/lib/python3.7/site-packages/airflow/example_dags/tutorial_etl_dag.py
[2021-02-25 17:28:24,446] {scheduler_job.py:639} INFO - DAG(s) dict_keys(['tutorial_etl_dag']) retrieved from /home/i-sip_iot/anaconda3/envs/sandbox/lib/python3.7/site-packages/airflow/example_dags/tutorial_etl_dag.py
[2021-02-25 17:28:24,446] {logging_mixin.py:103} INFO - [2021-02-25 17:28:24,446] {dag.py:1813} INFO - Sync 1 DAGs
[2021-02-25 17:28:24,456] {logging_mixin.py:103} INFO - [2021-02-25 17:28:24,456] {dag.py:2266} INFO - Setting next_dagrun for tutorial_etl_dag to None
[2021-02-25 17:28:24,464] {scheduler_job.py:189} INFO - Processing /home/i-sip_iot/anaconda3/envs/sandbox/lib/python3.7/site-packages/airflow/example_dags/tutorial_etl_dag.py took 0.025 seconds
[2021-02-25 17:28:51,285] {scheduler_job.py:181} INFO - Started process (PID=188916) to work on /home/i-sip_iot/anaconda3/envs/sandbox/lib/python3.7/site-packages/airflow/example_dags/tutorial_etl_dag.py
[2021-02-25 17:28:51,286] {scheduler_job.py:629} INFO - Processing file /home/i-sip_iot/anaconda3/envs/sandbox/lib/python3.7/site-packages/airflow/example_dags/tutorial_etl_dag.py for tasks to queue
[2021-02-25 17:28:51,286] {logging_mixin.py:103} INFO - [2021-02-25 17:28:51,286] {dagbag.py:440} INFO - Filling up the DagBag from /home/i-sip_iot/anaconda3/envs/sandbox/lib/python3.7/site-packages/airflow/example_dags/tutorial_etl_dag.py
[2021-02-25 17:28:51,292] {scheduler_job.py:639} INFO - DAG(s) dict_keys(['tutorial_etl_dag']) retrieved from /home/i-sip_iot/anaconda3/envs/sandbox/lib/python3.7/site-packages/airflow/example_dags/tutorial_etl_dag.py
[2021-02-25 17:28:51,292] {logging_mixin.py:103} INFO - [2021-02-25 17:28:51,292] {dag.py:1813} INFO - Sync 1 DAGs
[2021-02-25 17:28:51,302] {logging_mixin.py:103} INFO - [2021-02-25 17:28:51,302] {dag.py:2266} INFO - Setting next_dagrun for tutorial_etl_dag to None
[2021-02-25 17:28:51,311] {scheduler_job.py:189} INFO - Processing /home/i-sip_iot/anaconda3/envs/sandbox/lib/python3.7/site-packages/airflow/example_dags/tutorial_etl_dag.py took 0.028 seconds
[2021-02-25 17:29:19,139] {scheduler_job.py:181} INFO - Started process (PID=189014) to work on /home/i-sip_iot/anaconda3/envs/sandbox/lib/python3.7/site-packages/airflow/example_dags/tutorial_etl_dag.py
[2021-02-25 17:29:19,141] {scheduler_job.py:629} INFO - Processing file /home/i-sip_iot/anaconda3/envs/sandbox/lib/python3.7/site-packages/airflow/example_dags/tutorial_etl_dag.py for tasks to queue
[2021-02-25 17:29:19,142] {logging_mixin.py:103} INFO - [2021-02-25 17:29:19,142] {dagbag.py:440} INFO - Filling up the DagBag from /home/i-sip_iot/anaconda3/envs/sandbox/lib/python3.7/site-packages/airflow/example_dags/tutorial_etl_dag.py
[2021-02-25 17:29:19,161] {scheduler_job.py:639} INFO - DAG(s) dict_keys(['tutorial_etl_dag']) retrieved from /home/i-sip_iot/anaconda3/envs/sandbox/lib/python3.7/site-packages/airflow/example_dags/tutorial_etl_dag.py
[2021-02-25 17:29:19,162] {logging_mixin.py:103} INFO - [2021-02-25 17:29:19,162] {dag.py:1813} INFO - Sync 1 DAGs
[2021-02-25 17:29:19,182] {logging_mixin.py:103} INFO - [2021-02-25 17:29:19,182] {dag.py:2266} INFO - Setting next_dagrun for tutorial_etl_dag to None
[2021-02-25 17:29:19,197] {scheduler_job.py:189} INFO - Processing /home/i-sip_iot/anaconda3/envs/sandbox/lib/python3.7/site-packages/airflow/example_dags/tutorial_etl_dag.py took 0.064 seconds
[2021-02-25 17:29:46,025] {scheduler_job.py:181} INFO - Started process (PID=189265) to work on /home/i-sip_iot/anaconda3/envs/sandbox/lib/python3.7/site-packages/airflow/example_dags/tutorial_etl_dag.py
[2021-02-25 17:29:46,025] {scheduler_job.py:629} INFO - Processing file /home/i-sip_iot/anaconda3/envs/sandbox/lib/python3.7/site-packages/airflow/example_dags/tutorial_etl_dag.py for tasks to queue
[2021-02-25 17:29:46,026] {logging_mixin.py:103} INFO - [2021-02-25 17:29:46,026] {dagbag.py:440} INFO - Filling up the DagBag from /home/i-sip_iot/anaconda3/envs/sandbox/lib/python3.7/site-packages/airflow/example_dags/tutorial_etl_dag.py
[2021-02-25 17:29:46,031] {scheduler_job.py:639} INFO - DAG(s) dict_keys(['tutorial_etl_dag']) retrieved from /home/i-sip_iot/anaconda3/envs/sandbox/lib/python3.7/site-packages/airflow/example_dags/tutorial_etl_dag.py
[2021-02-25 17:29:46,031] {logging_mixin.py:103} INFO - [2021-02-25 17:29:46,031] {dag.py:1813} INFO - Sync 1 DAGs
[2021-02-25 17:29:46,040] {logging_mixin.py:103} INFO - [2021-02-25 17:29:46,040] {dag.py:2266} INFO - Setting next_dagrun for tutorial_etl_dag to None
[2021-02-25 17:29:46,048] {scheduler_job.py:189} INFO - Processing /home/i-sip_iot/anaconda3/envs/sandbox/lib/python3.7/site-packages/airflow/example_dags/tutorial_etl_dag.py took 0.024 seconds
[2021-02-25 17:30:13,989] {scheduler_job.py:181} INFO - Started process (PID=189363) to work on /home/i-sip_iot/anaconda3/envs/sandbox/lib/python3.7/site-packages/airflow/example_dags/tutorial_etl_dag.py
[2021-02-25 17:30:13,991] {scheduler_job.py:629} INFO - Processing file /home/i-sip_iot/anaconda3/envs/sandbox/lib/python3.7/site-packages/airflow/example_dags/tutorial_etl_dag.py for tasks to queue
[2021-02-25 17:30:13,992] {logging_mixin.py:103} INFO - [2021-02-25 17:30:13,992] {dagbag.py:440} INFO - Filling up the DagBag from /home/i-sip_iot/anaconda3/envs/sandbox/lib/python3.7/site-packages/airflow/example_dags/tutorial_etl_dag.py
[2021-02-25 17:30:14,003] {scheduler_job.py:639} INFO - DAG(s) dict_keys(['tutorial_etl_dag']) retrieved from /home/i-sip_iot/anaconda3/envs/sandbox/lib/python3.7/site-packages/airflow/example_dags/tutorial_etl_dag.py
[2021-02-25 17:30:14,003] {logging_mixin.py:103} INFO - [2021-02-25 17:30:14,003] {dag.py:1813} INFO - Sync 1 DAGs
[2021-02-25 17:30:14,016] {logging_mixin.py:103} INFO - [2021-02-25 17:30:14,016] {dag.py:2266} INFO - Setting next_dagrun for tutorial_etl_dag to None
[2021-02-25 17:30:14,024] {scheduler_job.py:189} INFO - Processing /home/i-sip_iot/anaconda3/envs/sandbox/lib/python3.7/site-packages/airflow/example_dags/tutorial_etl_dag.py took 0.042 seconds
[2021-02-25 17:30:40,579] {scheduler_job.py:181} INFO - Started process (PID=189453) to work on /home/i-sip_iot/anaconda3/envs/sandbox/lib/python3.7/site-packages/airflow/example_dags/tutorial_etl_dag.py
[2021-02-25 17:30:40,580] {scheduler_job.py:629} INFO - Processing file /home/i-sip_iot/anaconda3/envs/sandbox/lib/python3.7/site-packages/airflow/example_dags/tutorial_etl_dag.py for tasks to queue
[2021-02-25 17:30:40,580] {logging_mixin.py:103} INFO - [2021-02-25 17:30:40,580] {dagbag.py:440} INFO - Filling up the DagBag from /home/i-sip_iot/anaconda3/envs/sandbox/lib/python3.7/site-packages/airflow/example_dags/tutorial_etl_dag.py
[2021-02-25 17:30:40,590] {scheduler_job.py:639} INFO - DAG(s) dict_keys(['tutorial_etl_dag']) retrieved from /home/i-sip_iot/anaconda3/envs/sandbox/lib/python3.7/site-packages/airflow/example_dags/tutorial_etl_dag.py
[2021-02-25 17:30:40,591] {logging_mixin.py:103} INFO - [2021-02-25 17:30:40,591] {dag.py:1813} INFO - Sync 1 DAGs
[2021-02-25 17:30:40,605] {logging_mixin.py:103} INFO - [2021-02-25 17:30:40,605] {dag.py:2266} INFO - Setting next_dagrun for tutorial_etl_dag to None
[2021-02-25 17:30:40,615] {scheduler_job.py:189} INFO - Processing /home/i-sip_iot/anaconda3/envs/sandbox/lib/python3.7/site-packages/airflow/example_dags/tutorial_etl_dag.py took 0.039 seconds
[2021-02-25 17:31:08,608] {scheduler_job.py:181} INFO - Started process (PID=189725) to work on /home/i-sip_iot/anaconda3/envs/sandbox/lib/python3.7/site-packages/airflow/example_dags/tutorial_etl_dag.py
[2021-02-25 17:31:08,609] {scheduler_job.py:629} INFO - Processing file /home/i-sip_iot/anaconda3/envs/sandbox/lib/python3.7/site-packages/airflow/example_dags/tutorial_etl_dag.py for tasks to queue
[2021-02-25 17:31:08,610] {logging_mixin.py:103} INFO - [2021-02-25 17:31:08,609] {dagbag.py:440} INFO - Filling up the DagBag from /home/i-sip_iot/anaconda3/envs/sandbox/lib/python3.7/site-packages/airflow/example_dags/tutorial_etl_dag.py
[2021-02-25 17:31:08,621] {scheduler_job.py:639} INFO - DAG(s) dict_keys(['tutorial_etl_dag']) retrieved from /home/i-sip_iot/anaconda3/envs/sandbox/lib/python3.7/site-packages/airflow/example_dags/tutorial_etl_dag.py
[2021-02-25 17:31:08,621] {logging_mixin.py:103} INFO - [2021-02-25 17:31:08,621] {dag.py:1813} INFO - Sync 1 DAGs
[2021-02-25 17:31:08,635] {logging_mixin.py:103} INFO - [2021-02-25 17:31:08,635] {dag.py:2266} INFO - Setting next_dagrun for tutorial_etl_dag to None
[2021-02-25 17:31:08,644] {scheduler_job.py:189} INFO - Processing /home/i-sip_iot/anaconda3/envs/sandbox/lib/python3.7/site-packages/airflow/example_dags/tutorial_etl_dag.py took 0.039 seconds
[2021-02-25 17:31:35,501] {scheduler_job.py:181} INFO - Started process (PID=189812) to work on /home/i-sip_iot/anaconda3/envs/sandbox/lib/python3.7/site-packages/airflow/example_dags/tutorial_etl_dag.py
[2021-02-25 17:31:35,501] {scheduler_job.py:629} INFO - Processing file /home/i-sip_iot/anaconda3/envs/sandbox/lib/python3.7/site-packages/airflow/example_dags/tutorial_etl_dag.py for tasks to queue
[2021-02-25 17:31:35,502] {logging_mixin.py:103} INFO - [2021-02-25 17:31:35,502] {dagbag.py:440} INFO - Filling up the DagBag from /home/i-sip_iot/anaconda3/envs/sandbox/lib/python3.7/site-packages/airflow/example_dags/tutorial_etl_dag.py
[2021-02-25 17:31:35,509] {scheduler_job.py:639} INFO - DAG(s) dict_keys(['tutorial_etl_dag']) retrieved from /home/i-sip_iot/anaconda3/envs/sandbox/lib/python3.7/site-packages/airflow/example_dags/tutorial_etl_dag.py
[2021-02-25 17:31:35,509] {logging_mixin.py:103} INFO - [2021-02-25 17:31:35,509] {dag.py:1813} INFO - Sync 1 DAGs
[2021-02-25 17:31:35,525] {logging_mixin.py:103} INFO - [2021-02-25 17:31:35,525] {dag.py:2266} INFO - Setting next_dagrun for tutorial_etl_dag to None
[2021-02-25 17:31:35,538] {scheduler_job.py:189} INFO - Processing /home/i-sip_iot/anaconda3/envs/sandbox/lib/python3.7/site-packages/airflow/example_dags/tutorial_etl_dag.py took 0.039 seconds
[2021-02-25 17:32:02,205] {scheduler_job.py:181} INFO - Started process (PID=190060) to work on /home/i-sip_iot/anaconda3/envs/sandbox/lib/python3.7/site-packages/airflow/example_dags/tutorial_etl_dag.py
[2021-02-25 17:32:02,205] {scheduler_job.py:629} INFO - Processing file /home/i-sip_iot/anaconda3/envs/sandbox/lib/python3.7/site-packages/airflow/example_dags/tutorial_etl_dag.py for tasks to queue
[2021-02-25 17:32:02,205] {logging_mixin.py:103} INFO - [2021-02-25 17:32:02,205] {dagbag.py:440} INFO - Filling up the DagBag from /home/i-sip_iot/anaconda3/envs/sandbox/lib/python3.7/site-packages/airflow/example_dags/tutorial_etl_dag.py
[2021-02-25 17:32:02,211] {scheduler_job.py:639} INFO - DAG(s) dict_keys(['tutorial_etl_dag']) retrieved from /home/i-sip_iot/anaconda3/envs/sandbox/lib/python3.7/site-packages/airflow/example_dags/tutorial_etl_dag.py
[2021-02-25 17:32:02,211] {logging_mixin.py:103} INFO - [2021-02-25 17:32:02,211] {dag.py:1813} INFO - Sync 1 DAGs
[2021-02-25 17:32:02,220] {logging_mixin.py:103} INFO - [2021-02-25 17:32:02,220] {dag.py:2266} INFO - Setting next_dagrun for tutorial_etl_dag to None
[2021-02-25 17:32:02,229] {scheduler_job.py:189} INFO - Processing /home/i-sip_iot/anaconda3/envs/sandbox/lib/python3.7/site-packages/airflow/example_dags/tutorial_etl_dag.py took 0.026 seconds
[2021-02-25 17:32:28,996] {scheduler_job.py:181} INFO - Started process (PID=190130) to work on /home/i-sip_iot/anaconda3/envs/sandbox/lib/python3.7/site-packages/airflow/example_dags/tutorial_etl_dag.py
[2021-02-25 17:32:28,996] {scheduler_job.py:629} INFO - Processing file /home/i-sip_iot/anaconda3/envs/sandbox/lib/python3.7/site-packages/airflow/example_dags/tutorial_etl_dag.py for tasks to queue
[2021-02-25 17:32:28,997] {logging_mixin.py:103} INFO - [2021-02-25 17:32:28,996] {dagbag.py:440} INFO - Filling up the DagBag from /home/i-sip_iot/anaconda3/envs/sandbox/lib/python3.7/site-packages/airflow/example_dags/tutorial_etl_dag.py
[2021-02-25 17:32:29,002] {scheduler_job.py:639} INFO - DAG(s) dict_keys(['tutorial_etl_dag']) retrieved from /home/i-sip_iot/anaconda3/envs/sandbox/lib/python3.7/site-packages/airflow/example_dags/tutorial_etl_dag.py
[2021-02-25 17:32:29,002] {logging_mixin.py:103} INFO - [2021-02-25 17:32:29,002] {dag.py:1813} INFO - Sync 1 DAGs
[2021-02-25 17:32:29,010] {logging_mixin.py:103} INFO - [2021-02-25 17:32:29,010] {dag.py:2266} INFO - Setting next_dagrun for tutorial_etl_dag to None
[2021-02-25 17:32:29,017] {scheduler_job.py:189} INFO - Processing /home/i-sip_iot/anaconda3/envs/sandbox/lib/python3.7/site-packages/airflow/example_dags/tutorial_etl_dag.py took 0.023 seconds
[2021-02-25 17:32:57,000] {scheduler_job.py:181} INFO - Started process (PID=190425) to work on /home/i-sip_iot/anaconda3/envs/sandbox/lib/python3.7/site-packages/airflow/example_dags/tutorial_etl_dag.py
[2021-02-25 17:32:57,001] {scheduler_job.py:629} INFO - Processing file /home/i-sip_iot/anaconda3/envs/sandbox/lib/python3.7/site-packages/airflow/example_dags/tutorial_etl_dag.py for tasks to queue
[2021-02-25 17:32:57,002] {logging_mixin.py:103} INFO - [2021-02-25 17:32:57,001] {dagbag.py:440} INFO - Filling up the DagBag from /home/i-sip_iot/anaconda3/envs/sandbox/lib/python3.7/site-packages/airflow/example_dags/tutorial_etl_dag.py
[2021-02-25 17:32:57,011] {scheduler_job.py:639} INFO - DAG(s) dict_keys(['tutorial_etl_dag']) retrieved from /home/i-sip_iot/anaconda3/envs/sandbox/lib/python3.7/site-packages/airflow/example_dags/tutorial_etl_dag.py
[2021-02-25 17:32:57,012] {logging_mixin.py:103} INFO - [2021-02-25 17:32:57,012] {dag.py:1813} INFO - Sync 1 DAGs
[2021-02-25 17:32:57,023] {logging_mixin.py:103} INFO - [2021-02-25 17:32:57,023] {dag.py:2266} INFO - Setting next_dagrun for tutorial_etl_dag to None
[2021-02-25 17:32:57,033] {scheduler_job.py:189} INFO - Processing /home/i-sip_iot/anaconda3/envs/sandbox/lib/python3.7/site-packages/airflow/example_dags/tutorial_etl_dag.py took 0.036 seconds
[2021-02-25 17:33:23,874] {scheduler_job.py:181} INFO - Started process (PID=190499) to work on /home/i-sip_iot/anaconda3/envs/sandbox/lib/python3.7/site-packages/airflow/example_dags/tutorial_etl_dag.py
[2021-02-25 17:33:23,875] {scheduler_job.py:629} INFO - Processing file /home/i-sip_iot/anaconda3/envs/sandbox/lib/python3.7/site-packages/airflow/example_dags/tutorial_etl_dag.py for tasks to queue
[2021-02-25 17:33:23,875] {logging_mixin.py:103} INFO - [2021-02-25 17:33:23,875] {dagbag.py:440} INFO - Filling up the DagBag from /home/i-sip_iot/anaconda3/envs/sandbox/lib/python3.7/site-packages/airflow/example_dags/tutorial_etl_dag.py
[2021-02-25 17:33:23,882] {scheduler_job.py:639} INFO - DAG(s) dict_keys(['tutorial_etl_dag']) retrieved from /home/i-sip_iot/anaconda3/envs/sandbox/lib/python3.7/site-packages/airflow/example_dags/tutorial_etl_dag.py
[2021-02-25 17:33:23,883] {logging_mixin.py:103} INFO - [2021-02-25 17:33:23,883] {dag.py:1813} INFO - Sync 1 DAGs
[2021-02-25 17:33:23,895] {logging_mixin.py:103} INFO - [2021-02-25 17:33:23,894] {dag.py:2266} INFO - Setting next_dagrun for tutorial_etl_dag to None
[2021-02-25 17:33:23,904] {scheduler_job.py:189} INFO - Processing /home/i-sip_iot/anaconda3/envs/sandbox/lib/python3.7/site-packages/airflow/example_dags/tutorial_etl_dag.py took 0.032 seconds
[2021-02-25 17:33:51,426] {scheduler_job.py:181} INFO - Started process (PID=190770) to work on /home/i-sip_iot/anaconda3/envs/sandbox/lib/python3.7/site-packages/airflow/example_dags/tutorial_etl_dag.py
[2021-02-25 17:33:51,427] {scheduler_job.py:629} INFO - Processing file /home/i-sip_iot/anaconda3/envs/sandbox/lib/python3.7/site-packages/airflow/example_dags/tutorial_etl_dag.py for tasks to queue
[2021-02-25 17:33:51,428] {logging_mixin.py:103} INFO - [2021-02-25 17:33:51,428] {dagbag.py:440} INFO - Filling up the DagBag from /home/i-sip_iot/anaconda3/envs/sandbox/lib/python3.7/site-packages/airflow/example_dags/tutorial_etl_dag.py
[2021-02-25 17:33:51,438] {scheduler_job.py:639} INFO - DAG(s) dict_keys(['tutorial_etl_dag']) retrieved from /home/i-sip_iot/anaconda3/envs/sandbox/lib/python3.7/site-packages/airflow/example_dags/tutorial_etl_dag.py
[2021-02-25 17:33:51,439] {logging_mixin.py:103} INFO - [2021-02-25 17:33:51,439] {dag.py:1813} INFO - Sync 1 DAGs
[2021-02-25 17:33:51,450] {logging_mixin.py:103} INFO - [2021-02-25 17:33:51,450] {dag.py:2266} INFO - Setting next_dagrun for tutorial_etl_dag to None
[2021-02-25 17:33:51,459] {scheduler_job.py:189} INFO - Processing /home/i-sip_iot/anaconda3/envs/sandbox/lib/python3.7/site-packages/airflow/example_dags/tutorial_etl_dag.py took 0.038 seconds
[2021-02-25 17:34:18,491] {scheduler_job.py:181} INFO - Started process (PID=190901) to work on /home/i-sip_iot/anaconda3/envs/sandbox/lib/python3.7/site-packages/airflow/example_dags/tutorial_etl_dag.py
[2021-02-25 17:34:18,493] {scheduler_job.py:629} INFO - Processing file /home/i-sip_iot/anaconda3/envs/sandbox/lib/python3.7/site-packages/airflow/example_dags/tutorial_etl_dag.py for tasks to queue
[2021-02-25 17:34:18,495] {logging_mixin.py:103} INFO - [2021-02-25 17:34:18,494] {dagbag.py:440} INFO - Filling up the DagBag from /home/i-sip_iot/anaconda3/envs/sandbox/lib/python3.7/site-packages/airflow/example_dags/tutorial_etl_dag.py
[2021-02-25 17:34:18,512] {scheduler_job.py:639} INFO - DAG(s) dict_keys(['tutorial_etl_dag']) retrieved from /home/i-sip_iot/anaconda3/envs/sandbox/lib/python3.7/site-packages/airflow/example_dags/tutorial_etl_dag.py
[2021-02-25 17:34:18,513] {logging_mixin.py:103} INFO - [2021-02-25 17:34:18,513] {dag.py:1813} INFO - Sync 1 DAGs
[2021-02-25 17:34:18,526] {logging_mixin.py:103} INFO - [2021-02-25 17:34:18,526] {dag.py:2266} INFO - Setting next_dagrun for tutorial_etl_dag to None
[2021-02-25 17:34:18,534] {scheduler_job.py:189} INFO - Processing /home/i-sip_iot/anaconda3/envs/sandbox/lib/python3.7/site-packages/airflow/example_dags/tutorial_etl_dag.py took 0.051 seconds
[2021-02-25 17:34:47,312] {scheduler_job.py:181} INFO - Started process (PID=191170) to work on /home/i-sip_iot/anaconda3/envs/sandbox/lib/python3.7/site-packages/airflow/example_dags/tutorial_etl_dag.py
[2021-02-25 17:34:47,313] {scheduler_job.py:629} INFO - Processing file /home/i-sip_iot/anaconda3/envs/sandbox/lib/python3.7/site-packages/airflow/example_dags/tutorial_etl_dag.py for tasks to queue
[2021-02-25 17:34:47,313] {logging_mixin.py:103} INFO - [2021-02-25 17:34:47,313] {dagbag.py:440} INFO - Filling up the DagBag from /home/i-sip_iot/anaconda3/envs/sandbox/lib/python3.7/site-packages/airflow/example_dags/tutorial_etl_dag.py
[2021-02-25 17:34:47,318] {scheduler_job.py:639} INFO - DAG(s) dict_keys(['tutorial_etl_dag']) retrieved from /home/i-sip_iot/anaconda3/envs/sandbox/lib/python3.7/site-packages/airflow/example_dags/tutorial_etl_dag.py
[2021-02-25 17:34:47,319] {logging_mixin.py:103} INFO - [2021-02-25 17:34:47,319] {dag.py:1813} INFO - Sync 1 DAGs
[2021-02-25 17:34:47,330] {logging_mixin.py:103} INFO - [2021-02-25 17:34:47,330] {dag.py:2266} INFO - Setting next_dagrun for tutorial_etl_dag to None
[2021-02-25 17:34:47,339] {scheduler_job.py:189} INFO - Processing /home/i-sip_iot/anaconda3/envs/sandbox/lib/python3.7/site-packages/airflow/example_dags/tutorial_etl_dag.py took 0.029 seconds
[2021-02-25 17:35:13,636] {scheduler_job.py:181} INFO - Started process (PID=191258) to work on /home/i-sip_iot/anaconda3/envs/sandbox/lib/python3.7/site-packages/airflow/example_dags/tutorial_etl_dag.py
[2021-02-25 17:35:13,638] {scheduler_job.py:629} INFO - Processing file /home/i-sip_iot/anaconda3/envs/sandbox/lib/python3.7/site-packages/airflow/example_dags/tutorial_etl_dag.py for tasks to queue
[2021-02-25 17:35:13,638] {logging_mixin.py:103} INFO - [2021-02-25 17:35:13,638] {dagbag.py:440} INFO - Filling up the DagBag from /home/i-sip_iot/anaconda3/envs/sandbox/lib/python3.7/site-packages/airflow/example_dags/tutorial_etl_dag.py
[2021-02-25 17:35:13,645] {scheduler_job.py:639} INFO - DAG(s) dict_keys(['tutorial_etl_dag']) retrieved from /home/i-sip_iot/anaconda3/envs/sandbox/lib/python3.7/site-packages/airflow/example_dags/tutorial_etl_dag.py
[2021-02-25 17:35:13,645] {logging_mixin.py:103} INFO - [2021-02-25 17:35:13,645] {dag.py:1813} INFO - Sync 1 DAGs
[2021-02-25 17:35:13,659] {logging_mixin.py:103} INFO - [2021-02-25 17:35:13,659] {dag.py:2266} INFO - Setting next_dagrun for tutorial_etl_dag to None
[2021-02-25 17:35:13,666] {scheduler_job.py:189} INFO - Processing /home/i-sip_iot/anaconda3/envs/sandbox/lib/python3.7/site-packages/airflow/example_dags/tutorial_etl_dag.py took 0.033 seconds
[2021-02-25 17:35:41,692] {scheduler_job.py:181} INFO - Started process (PID=191335) to work on /home/i-sip_iot/anaconda3/envs/sandbox/lib/python3.7/site-packages/airflow/example_dags/tutorial_etl_dag.py
[2021-02-25 17:35:41,694] {scheduler_job.py:629} INFO - Processing file /home/i-sip_iot/anaconda3/envs/sandbox/lib/python3.7/site-packages/airflow/example_dags/tutorial_etl_dag.py for tasks to queue
[2021-02-25 17:35:41,695] {logging_mixin.py:103} INFO - [2021-02-25 17:35:41,695] {dagbag.py:440} INFO - Filling up the DagBag from /home/i-sip_iot/anaconda3/envs/sandbox/lib/python3.7/site-packages/airflow/example_dags/tutorial_etl_dag.py
[2021-02-25 17:35:41,714] {scheduler_job.py:639} INFO - DAG(s) dict_keys(['tutorial_etl_dag']) retrieved from /home/i-sip_iot/anaconda3/envs/sandbox/lib/python3.7/site-packages/airflow/example_dags/tutorial_etl_dag.py
[2021-02-25 17:35:41,715] {logging_mixin.py:103} INFO - [2021-02-25 17:35:41,715] {dag.py:1813} INFO - Sync 1 DAGs
[2021-02-25 17:35:41,731] {logging_mixin.py:103} INFO - [2021-02-25 17:35:41,731] {dag.py:2266} INFO - Setting next_dagrun for tutorial_etl_dag to None
[2021-02-25 17:35:41,740] {scheduler_job.py:189} INFO - Processing /home/i-sip_iot/anaconda3/envs/sandbox/lib/python3.7/site-packages/airflow/example_dags/tutorial_etl_dag.py took 0.054 seconds
[2021-02-25 17:36:08,468] {scheduler_job.py:181} INFO - Started process (PID=191596) to work on /home/i-sip_iot/anaconda3/envs/sandbox/lib/python3.7/site-packages/airflow/example_dags/tutorial_etl_dag.py
[2021-02-25 17:36:08,470] {scheduler_job.py:629} INFO - Processing file /home/i-sip_iot/anaconda3/envs/sandbox/lib/python3.7/site-packages/airflow/example_dags/tutorial_etl_dag.py for tasks to queue
[2021-02-25 17:36:08,471] {logging_mixin.py:103} INFO - [2021-02-25 17:36:08,471] {dagbag.py:440} INFO - Filling up the DagBag from /home/i-sip_iot/anaconda3/envs/sandbox/lib/python3.7/site-packages/airflow/example_dags/tutorial_etl_dag.py
[2021-02-25 17:36:08,486] {scheduler_job.py:639} INFO - DAG(s) dict_keys(['tutorial_etl_dag']) retrieved from /home/i-sip_iot/anaconda3/envs/sandbox/lib/python3.7/site-packages/airflow/example_dags/tutorial_etl_dag.py
[2021-02-25 17:36:08,487] {logging_mixin.py:103} INFO - [2021-02-25 17:36:08,487] {dag.py:1813} INFO - Sync 1 DAGs
[2021-02-25 17:36:08,508] {logging_mixin.py:103} INFO - [2021-02-25 17:36:08,508] {dag.py:2266} INFO - Setting next_dagrun for tutorial_etl_dag to None
[2021-02-25 17:36:08,517] {scheduler_job.py:189} INFO - Processing /home/i-sip_iot/anaconda3/envs/sandbox/lib/python3.7/site-packages/airflow/example_dags/tutorial_etl_dag.py took 0.052 seconds
[2021-02-25 17:36:35,938] {scheduler_job.py:181} INFO - Started process (PID=191670) to work on /home/i-sip_iot/anaconda3/envs/sandbox/lib/python3.7/site-packages/airflow/example_dags/tutorial_etl_dag.py
[2021-02-25 17:36:35,938] {scheduler_job.py:629} INFO - Processing file /home/i-sip_iot/anaconda3/envs/sandbox/lib/python3.7/site-packages/airflow/example_dags/tutorial_etl_dag.py for tasks to queue
[2021-02-25 17:36:35,939] {logging_mixin.py:103} INFO - [2021-02-25 17:36:35,939] {dagbag.py:440} INFO - Filling up the DagBag from /home/i-sip_iot/anaconda3/envs/sandbox/lib/python3.7/site-packages/airflow/example_dags/tutorial_etl_dag.py
[2021-02-25 17:36:35,944] {scheduler_job.py:639} INFO - DAG(s) dict_keys(['tutorial_etl_dag']) retrieved from /home/i-sip_iot/anaconda3/envs/sandbox/lib/python3.7/site-packages/airflow/example_dags/tutorial_etl_dag.py
[2021-02-25 17:36:35,944] {logging_mixin.py:103} INFO - [2021-02-25 17:36:35,944] {dag.py:1813} INFO - Sync 1 DAGs
[2021-02-25 17:36:35,955] {logging_mixin.py:103} INFO - [2021-02-25 17:36:35,955] {dag.py:2266} INFO - Setting next_dagrun for tutorial_etl_dag to None
[2021-02-25 17:36:35,962] {scheduler_job.py:189} INFO - Processing /home/i-sip_iot/anaconda3/envs/sandbox/lib/python3.7/site-packages/airflow/example_dags/tutorial_etl_dag.py took 0.026 seconds
[2021-02-25 17:37:03,874] {scheduler_job.py:181} INFO - Started process (PID=191900) to work on /home/i-sip_iot/anaconda3/envs/sandbox/lib/python3.7/site-packages/airflow/example_dags/tutorial_etl_dag.py
[2021-02-25 17:37:03,874] {scheduler_job.py:629} INFO - Processing file /home/i-sip_iot/anaconda3/envs/sandbox/lib/python3.7/site-packages/airflow/example_dags/tutorial_etl_dag.py for tasks to queue
[2021-02-25 17:37:03,875] {logging_mixin.py:103} INFO - [2021-02-25 17:37:03,875] {dagbag.py:440} INFO - Filling up the DagBag from /home/i-sip_iot/anaconda3/envs/sandbox/lib/python3.7/site-packages/airflow/example_dags/tutorial_etl_dag.py
[2021-02-25 17:37:03,882] {scheduler_job.py:639} INFO - DAG(s) dict_keys(['tutorial_etl_dag']) retrieved from /home/i-sip_iot/anaconda3/envs/sandbox/lib/python3.7/site-packages/airflow/example_dags/tutorial_etl_dag.py
[2021-02-25 17:37:03,883] {logging_mixin.py:103} INFO - [2021-02-25 17:37:03,883] {dag.py:1813} INFO - Sync 1 DAGs
[2021-02-25 17:37:03,895] {logging_mixin.py:103} INFO - [2021-02-25 17:37:03,895] {dag.py:2266} INFO - Setting next_dagrun for tutorial_etl_dag to None
[2021-02-25 17:37:03,906] {scheduler_job.py:189} INFO - Processing /home/i-sip_iot/anaconda3/envs/sandbox/lib/python3.7/site-packages/airflow/example_dags/tutorial_etl_dag.py took 0.034 seconds
[2021-02-25 17:37:30,651] {scheduler_job.py:181} INFO - Started process (PID=191982) to work on /home/i-sip_iot/anaconda3/envs/sandbox/lib/python3.7/site-packages/airflow/example_dags/tutorial_etl_dag.py
[2021-02-25 17:37:30,654] {scheduler_job.py:629} INFO - Processing file /home/i-sip_iot/anaconda3/envs/sandbox/lib/python3.7/site-packages/airflow/example_dags/tutorial_etl_dag.py for tasks to queue
[2021-02-25 17:37:30,656] {logging_mixin.py:103} INFO - [2021-02-25 17:37:30,656] {dagbag.py:440} INFO - Filling up the DagBag from /home/i-sip_iot/anaconda3/envs/sandbox/lib/python3.7/site-packages/airflow/example_dags/tutorial_etl_dag.py
[2021-02-25 17:37:30,684] {scheduler_job.py:639} INFO - DAG(s) dict_keys(['tutorial_etl_dag']) retrieved from /home/i-sip_iot/anaconda3/envs/sandbox/lib/python3.7/site-packages/airflow/example_dags/tutorial_etl_dag.py
[2021-02-25 17:37:30,687] {logging_mixin.py:103} INFO - [2021-02-25 17:37:30,687] {dag.py:1813} INFO - Sync 1 DAGs
[2021-02-25 17:37:30,724] {logging_mixin.py:103} INFO - [2021-02-25 17:37:30,724] {dag.py:2266} INFO - Setting next_dagrun for tutorial_etl_dag to None
[2021-02-25 17:37:30,738] {scheduler_job.py:189} INFO - Processing /home/i-sip_iot/anaconda3/envs/sandbox/lib/python3.7/site-packages/airflow/example_dags/tutorial_etl_dag.py took 0.095 seconds
[2021-02-25 17:37:58,127] {scheduler_job.py:181} INFO - Started process (PID=192263) to work on /home/i-sip_iot/anaconda3/envs/sandbox/lib/python3.7/site-packages/airflow/example_dags/tutorial_etl_dag.py
[2021-02-25 17:37:58,128] {scheduler_job.py:629} INFO - Processing file /home/i-sip_iot/anaconda3/envs/sandbox/lib/python3.7/site-packages/airflow/example_dags/tutorial_etl_dag.py for tasks to queue
[2021-02-25 17:37:58,128] {logging_mixin.py:103} INFO - [2021-02-25 17:37:58,128] {dagbag.py:440} INFO - Filling up the DagBag from /home/i-sip_iot/anaconda3/envs/sandbox/lib/python3.7/site-packages/airflow/example_dags/tutorial_etl_dag.py
[2021-02-25 17:37:58,136] {scheduler_job.py:639} INFO - DAG(s) dict_keys(['tutorial_etl_dag']) retrieved from /home/i-sip_iot/anaconda3/envs/sandbox/lib/python3.7/site-packages/airflow/example_dags/tutorial_etl_dag.py
[2021-02-25 17:37:58,137] {logging_mixin.py:103} INFO - [2021-02-25 17:37:58,137] {dag.py:1813} INFO - Sync 1 DAGs
[2021-02-25 17:37:58,147] {logging_mixin.py:103} INFO - [2021-02-25 17:37:58,147] {dag.py:2266} INFO - Setting next_dagrun for tutorial_etl_dag to None
[2021-02-25 17:37:58,154] {scheduler_job.py:189} INFO - Processing /home/i-sip_iot/anaconda3/envs/sandbox/lib/python3.7/site-packages/airflow/example_dags/tutorial_etl_dag.py took 0.030 seconds
[2021-02-25 17:38:24,956] {scheduler_job.py:181} INFO - Started process (PID=192347) to work on /home/i-sip_iot/anaconda3/envs/sandbox/lib/python3.7/site-packages/airflow/example_dags/tutorial_etl_dag.py
[2021-02-25 17:38:24,957] {scheduler_job.py:629} INFO - Processing file /home/i-sip_iot/anaconda3/envs/sandbox/lib/python3.7/site-packages/airflow/example_dags/tutorial_etl_dag.py for tasks to queue
[2021-02-25 17:38:24,957] {logging_mixin.py:103} INFO - [2021-02-25 17:38:24,957] {dagbag.py:440} INFO - Filling up the DagBag from /home/i-sip_iot/anaconda3/envs/sandbox/lib/python3.7/site-packages/airflow/example_dags/tutorial_etl_dag.py
[2021-02-25 17:38:24,966] {scheduler_job.py:639} INFO - DAG(s) dict_keys(['tutorial_etl_dag']) retrieved from /home/i-sip_iot/anaconda3/envs/sandbox/lib/python3.7/site-packages/airflow/example_dags/tutorial_etl_dag.py
[2021-02-25 17:38:24,967] {logging_mixin.py:103} INFO - [2021-02-25 17:38:24,967] {dag.py:1813} INFO - Sync 1 DAGs
[2021-02-25 17:38:24,977] {logging_mixin.py:103} INFO - [2021-02-25 17:38:24,977] {dag.py:2266} INFO - Setting next_dagrun for tutorial_etl_dag to None
[2021-02-25 17:38:24,987] {scheduler_job.py:189} INFO - Processing /home/i-sip_iot/anaconda3/envs/sandbox/lib/python3.7/site-packages/airflow/example_dags/tutorial_etl_dag.py took 0.033 seconds
[2021-02-25 17:38:52,653] {scheduler_job.py:181} INFO - Started process (PID=192589) to work on /home/i-sip_iot/anaconda3/envs/sandbox/lib/python3.7/site-packages/airflow/example_dags/tutorial_etl_dag.py
[2021-02-25 17:38:52,654] {scheduler_job.py:629} INFO - Processing file /home/i-sip_iot/anaconda3/envs/sandbox/lib/python3.7/site-packages/airflow/example_dags/tutorial_etl_dag.py for tasks to queue
[2021-02-25 17:38:52,654] {logging_mixin.py:103} INFO - [2021-02-25 17:38:52,654] {dagbag.py:440} INFO - Filling up the DagBag from /home/i-sip_iot/anaconda3/envs/sandbox/lib/python3.7/site-packages/airflow/example_dags/tutorial_etl_dag.py
[2021-02-25 17:38:52,661] {scheduler_job.py:639} INFO - DAG(s) dict_keys(['tutorial_etl_dag']) retrieved from /home/i-sip_iot/anaconda3/envs/sandbox/lib/python3.7/site-packages/airflow/example_dags/tutorial_etl_dag.py
[2021-02-25 17:38:52,662] {logging_mixin.py:103} INFO - [2021-02-25 17:38:52,662] {dag.py:1813} INFO - Sync 1 DAGs
[2021-02-25 17:38:52,672] {logging_mixin.py:103} INFO - [2021-02-25 17:38:52,672] {dag.py:2266} INFO - Setting next_dagrun for tutorial_etl_dag to None
[2021-02-25 17:38:52,679] {scheduler_job.py:189} INFO - Processing /home/i-sip_iot/anaconda3/envs/sandbox/lib/python3.7/site-packages/airflow/example_dags/tutorial_etl_dag.py took 0.028 seconds
[2021-02-25 17:39:19,878] {scheduler_job.py:181} INFO - Started process (PID=192684) to work on /home/i-sip_iot/anaconda3/envs/sandbox/lib/python3.7/site-packages/airflow/example_dags/tutorial_etl_dag.py
[2021-02-25 17:39:19,881] {scheduler_job.py:629} INFO - Processing file /home/i-sip_iot/anaconda3/envs/sandbox/lib/python3.7/site-packages/airflow/example_dags/tutorial_etl_dag.py for tasks to queue
[2021-02-25 17:39:19,882] {logging_mixin.py:103} INFO - [2021-02-25 17:39:19,882] {dagbag.py:440} INFO - Filling up the DagBag from /home/i-sip_iot/anaconda3/envs/sandbox/lib/python3.7/site-packages/airflow/example_dags/tutorial_etl_dag.py
[2021-02-25 17:39:19,895] {scheduler_job.py:639} INFO - DAG(s) dict_keys(['tutorial_etl_dag']) retrieved from /home/i-sip_iot/anaconda3/envs/sandbox/lib/python3.7/site-packages/airflow/example_dags/tutorial_etl_dag.py
[2021-02-25 17:39:19,896] {logging_mixin.py:103} INFO - [2021-02-25 17:39:19,896] {dag.py:1813} INFO - Sync 1 DAGs
[2021-02-25 17:39:19,909] {logging_mixin.py:103} INFO - [2021-02-25 17:39:19,909] {dag.py:2266} INFO - Setting next_dagrun for tutorial_etl_dag to None
[2021-02-25 17:39:19,917] {scheduler_job.py:189} INFO - Processing /home/i-sip_iot/anaconda3/envs/sandbox/lib/python3.7/site-packages/airflow/example_dags/tutorial_etl_dag.py took 0.045 seconds
[2021-02-25 17:39:46,431] {scheduler_job.py:181} INFO - Started process (PID=192954) to work on /home/i-sip_iot/anaconda3/envs/sandbox/lib/python3.7/site-packages/airflow/example_dags/tutorial_etl_dag.py
[2021-02-25 17:39:46,433] {scheduler_job.py:629} INFO - Processing file /home/i-sip_iot/anaconda3/envs/sandbox/lib/python3.7/site-packages/airflow/example_dags/tutorial_etl_dag.py for tasks to queue
[2021-02-25 17:39:46,436] {logging_mixin.py:103} INFO - [2021-02-25 17:39:46,436] {dagbag.py:440} INFO - Filling up the DagBag from /home/i-sip_iot/anaconda3/envs/sandbox/lib/python3.7/site-packages/airflow/example_dags/tutorial_etl_dag.py
[2021-02-25 17:39:46,457] {scheduler_job.py:639} INFO - DAG(s) dict_keys(['tutorial_etl_dag']) retrieved from /home/i-sip_iot/anaconda3/envs/sandbox/lib/python3.7/site-packages/airflow/example_dags/tutorial_etl_dag.py
[2021-02-25 17:39:46,459] {logging_mixin.py:103} INFO - [2021-02-25 17:39:46,459] {dag.py:1813} INFO - Sync 1 DAGs
[2021-02-25 17:39:46,473] {logging_mixin.py:103} INFO - [2021-02-25 17:39:46,473] {dag.py:2266} INFO - Setting next_dagrun for tutorial_etl_dag to None
[2021-02-25 17:39:46,488] {scheduler_job.py:189} INFO - Processing /home/i-sip_iot/anaconda3/envs/sandbox/lib/python3.7/site-packages/airflow/example_dags/tutorial_etl_dag.py took 0.063 seconds
[2021-02-25 17:40:14,325] {scheduler_job.py:181} INFO - Started process (PID=193042) to work on /home/i-sip_iot/anaconda3/envs/sandbox/lib/python3.7/site-packages/airflow/example_dags/tutorial_etl_dag.py
[2021-02-25 17:40:14,326] {scheduler_job.py:629} INFO - Processing file /home/i-sip_iot/anaconda3/envs/sandbox/lib/python3.7/site-packages/airflow/example_dags/tutorial_etl_dag.py for tasks to queue
[2021-02-25 17:40:14,326] {logging_mixin.py:103} INFO - [2021-02-25 17:40:14,326] {dagbag.py:440} INFO - Filling up the DagBag from /home/i-sip_iot/anaconda3/envs/sandbox/lib/python3.7/site-packages/airflow/example_dags/tutorial_etl_dag.py
[2021-02-25 17:40:14,335] {scheduler_job.py:639} INFO - DAG(s) dict_keys(['tutorial_etl_dag']) retrieved from /home/i-sip_iot/anaconda3/envs/sandbox/lib/python3.7/site-packages/airflow/example_dags/tutorial_etl_dag.py
[2021-02-25 17:40:14,336] {logging_mixin.py:103} INFO - [2021-02-25 17:40:14,336] {dag.py:1813} INFO - Sync 1 DAGs
[2021-02-25 17:40:14,350] {logging_mixin.py:103} INFO - [2021-02-25 17:40:14,350] {dag.py:2266} INFO - Setting next_dagrun for tutorial_etl_dag to None
[2021-02-25 17:40:14,360] {scheduler_job.py:189} INFO - Processing /home/i-sip_iot/anaconda3/envs/sandbox/lib/python3.7/site-packages/airflow/example_dags/tutorial_etl_dag.py took 0.039 seconds
[2021-02-25 17:40:41,272] {scheduler_job.py:181} INFO - Started process (PID=193126) to work on /home/i-sip_iot/anaconda3/envs/sandbox/lib/python3.7/site-packages/airflow/example_dags/tutorial_etl_dag.py
[2021-02-25 17:40:41,272] {scheduler_job.py:629} INFO - Processing file /home/i-sip_iot/anaconda3/envs/sandbox/lib/python3.7/site-packages/airflow/example_dags/tutorial_etl_dag.py for tasks to queue
[2021-02-25 17:40:41,273] {logging_mixin.py:103} INFO - [2021-02-25 17:40:41,273] {dagbag.py:440} INFO - Filling up the DagBag from /home/i-sip_iot/anaconda3/envs/sandbox/lib/python3.7/site-packages/airflow/example_dags/tutorial_etl_dag.py
[2021-02-25 17:40:41,279] {scheduler_job.py:639} INFO - DAG(s) dict_keys(['tutorial_etl_dag']) retrieved from /home/i-sip_iot/anaconda3/envs/sandbox/lib/python3.7/site-packages/airflow/example_dags/tutorial_etl_dag.py
[2021-02-25 17:40:41,279] {logging_mixin.py:103} INFO - [2021-02-25 17:40:41,279] {dag.py:1813} INFO - Sync 1 DAGs
[2021-02-25 17:40:41,289] {logging_mixin.py:103} INFO - [2021-02-25 17:40:41,289] {dag.py:2266} INFO - Setting next_dagrun for tutorial_etl_dag to None
[2021-02-25 17:40:41,296] {scheduler_job.py:189} INFO - Processing /home/i-sip_iot/anaconda3/envs/sandbox/lib/python3.7/site-packages/airflow/example_dags/tutorial_etl_dag.py took 0.026 seconds
