[2021-02-25 17:15:19,219] {scheduler_job.py:181} INFO - Started process (PID=184341) to work on /home/i-sip_iot/anaconda3/envs/sandbox/lib/python3.7/site-packages/airflow/example_dags/tutorial_taskflow_api_etl.py
[2021-02-25 17:15:19,222] {scheduler_job.py:629} INFO - Processing file /home/i-sip_iot/anaconda3/envs/sandbox/lib/python3.7/site-packages/airflow/example_dags/tutorial_taskflow_api_etl.py for tasks to queue
[2021-02-25 17:15:19,223] {logging_mixin.py:103} INFO - [2021-02-25 17:15:19,222] {dagbag.py:440} INFO - Filling up the DagBag from /home/i-sip_iot/anaconda3/envs/sandbox/lib/python3.7/site-packages/airflow/example_dags/tutorial_taskflow_api_etl.py
[2021-02-25 17:15:19,243] {scheduler_job.py:639} INFO - DAG(s) dict_keys(['tutorial_taskflow_api_etl']) retrieved from /home/i-sip_iot/anaconda3/envs/sandbox/lib/python3.7/site-packages/airflow/example_dags/tutorial_taskflow_api_etl.py
[2021-02-25 17:15:19,244] {logging_mixin.py:103} INFO - [2021-02-25 17:15:19,244] {dag.py:1813} INFO - Sync 1 DAGs
[2021-02-25 17:15:19,258] {logging_mixin.py:103} INFO - [2021-02-25 17:15:19,258] {dag.py:2266} INFO - Setting next_dagrun for tutorial_taskflow_api_etl to None
[2021-02-25 17:15:19,272] {scheduler_job.py:189} INFO - Processing /home/i-sip_iot/anaconda3/envs/sandbox/lib/python3.7/site-packages/airflow/example_dags/tutorial_taskflow_api_etl.py took 0.059 seconds
[2021-02-25 17:15:46,120] {scheduler_job.py:181} INFO - Started process (PID=184572) to work on /home/i-sip_iot/anaconda3/envs/sandbox/lib/python3.7/site-packages/airflow/example_dags/tutorial_taskflow_api_etl.py
[2021-02-25 17:15:46,122] {scheduler_job.py:629} INFO - Processing file /home/i-sip_iot/anaconda3/envs/sandbox/lib/python3.7/site-packages/airflow/example_dags/tutorial_taskflow_api_etl.py for tasks to queue
[2021-02-25 17:15:46,124] {logging_mixin.py:103} INFO - [2021-02-25 17:15:46,123] {dagbag.py:440} INFO - Filling up the DagBag from /home/i-sip_iot/anaconda3/envs/sandbox/lib/python3.7/site-packages/airflow/example_dags/tutorial_taskflow_api_etl.py
[2021-02-25 17:15:46,143] {scheduler_job.py:639} INFO - DAG(s) dict_keys(['tutorial_taskflow_api_etl']) retrieved from /home/i-sip_iot/anaconda3/envs/sandbox/lib/python3.7/site-packages/airflow/example_dags/tutorial_taskflow_api_etl.py
[2021-02-25 17:15:46,144] {logging_mixin.py:103} INFO - [2021-02-25 17:15:46,144] {dag.py:1813} INFO - Sync 1 DAGs
[2021-02-25 17:15:46,158] {logging_mixin.py:103} INFO - [2021-02-25 17:15:46,158] {dag.py:2266} INFO - Setting next_dagrun for tutorial_taskflow_api_etl to None
[2021-02-25 17:15:46,164] {scheduler_job.py:189} INFO - Processing /home/i-sip_iot/anaconda3/envs/sandbox/lib/python3.7/site-packages/airflow/example_dags/tutorial_taskflow_api_etl.py took 0.050 seconds
[2021-02-25 17:16:13,032] {scheduler_job.py:181} INFO - Started process (PID=184655) to work on /home/i-sip_iot/anaconda3/envs/sandbox/lib/python3.7/site-packages/airflow/example_dags/tutorial_taskflow_api_etl.py
[2021-02-25 17:16:13,033] {scheduler_job.py:629} INFO - Processing file /home/i-sip_iot/anaconda3/envs/sandbox/lib/python3.7/site-packages/airflow/example_dags/tutorial_taskflow_api_etl.py for tasks to queue
[2021-02-25 17:16:13,033] {logging_mixin.py:103} INFO - [2021-02-25 17:16:13,033] {dagbag.py:440} INFO - Filling up the DagBag from /home/i-sip_iot/anaconda3/envs/sandbox/lib/python3.7/site-packages/airflow/example_dags/tutorial_taskflow_api_etl.py
[2021-02-25 17:16:13,039] {scheduler_job.py:639} INFO - DAG(s) dict_keys(['tutorial_taskflow_api_etl']) retrieved from /home/i-sip_iot/anaconda3/envs/sandbox/lib/python3.7/site-packages/airflow/example_dags/tutorial_taskflow_api_etl.py
[2021-02-25 17:16:13,039] {logging_mixin.py:103} INFO - [2021-02-25 17:16:13,039] {dag.py:1813} INFO - Sync 1 DAGs
[2021-02-25 17:16:13,048] {logging_mixin.py:103} INFO - [2021-02-25 17:16:13,048] {dag.py:2266} INFO - Setting next_dagrun for tutorial_taskflow_api_etl to None
[2021-02-25 17:16:13,062] {scheduler_job.py:189} INFO - Processing /home/i-sip_iot/anaconda3/envs/sandbox/lib/python3.7/site-packages/airflow/example_dags/tutorial_taskflow_api_etl.py took 0.031 seconds
[2021-02-25 17:16:40,557] {scheduler_job.py:181} INFO - Started process (PID=184886) to work on /home/i-sip_iot/anaconda3/envs/sandbox/lib/python3.7/site-packages/airflow/example_dags/tutorial_taskflow_api_etl.py
[2021-02-25 17:16:40,557] {scheduler_job.py:629} INFO - Processing file /home/i-sip_iot/anaconda3/envs/sandbox/lib/python3.7/site-packages/airflow/example_dags/tutorial_taskflow_api_etl.py for tasks to queue
[2021-02-25 17:16:40,558] {logging_mixin.py:103} INFO - [2021-02-25 17:16:40,558] {dagbag.py:440} INFO - Filling up the DagBag from /home/i-sip_iot/anaconda3/envs/sandbox/lib/python3.7/site-packages/airflow/example_dags/tutorial_taskflow_api_etl.py
[2021-02-25 17:16:40,563] {scheduler_job.py:639} INFO - DAG(s) dict_keys(['tutorial_taskflow_api_etl']) retrieved from /home/i-sip_iot/anaconda3/envs/sandbox/lib/python3.7/site-packages/airflow/example_dags/tutorial_taskflow_api_etl.py
[2021-02-25 17:16:40,564] {logging_mixin.py:103} INFO - [2021-02-25 17:16:40,564] {dag.py:1813} INFO - Sync 1 DAGs
[2021-02-25 17:16:40,572] {logging_mixin.py:103} INFO - [2021-02-25 17:16:40,572] {dag.py:2266} INFO - Setting next_dagrun for tutorial_taskflow_api_etl to None
[2021-02-25 17:16:40,576] {scheduler_job.py:189} INFO - Processing /home/i-sip_iot/anaconda3/envs/sandbox/lib/python3.7/site-packages/airflow/example_dags/tutorial_taskflow_api_etl.py took 0.020 seconds
[2021-02-25 17:17:08,533] {scheduler_job.py:181} INFO - Started process (PID=184975) to work on /home/i-sip_iot/anaconda3/envs/sandbox/lib/python3.7/site-packages/airflow/example_dags/tutorial_taskflow_api_etl.py
[2021-02-25 17:17:08,534] {scheduler_job.py:629} INFO - Processing file /home/i-sip_iot/anaconda3/envs/sandbox/lib/python3.7/site-packages/airflow/example_dags/tutorial_taskflow_api_etl.py for tasks to queue
[2021-02-25 17:17:08,534] {logging_mixin.py:103} INFO - [2021-02-25 17:17:08,534] {dagbag.py:440} INFO - Filling up the DagBag from /home/i-sip_iot/anaconda3/envs/sandbox/lib/python3.7/site-packages/airflow/example_dags/tutorial_taskflow_api_etl.py
[2021-02-25 17:17:08,540] {scheduler_job.py:639} INFO - DAG(s) dict_keys(['tutorial_taskflow_api_etl']) retrieved from /home/i-sip_iot/anaconda3/envs/sandbox/lib/python3.7/site-packages/airflow/example_dags/tutorial_taskflow_api_etl.py
[2021-02-25 17:17:08,540] {logging_mixin.py:103} INFO - [2021-02-25 17:17:08,540] {dag.py:1813} INFO - Sync 1 DAGs
[2021-02-25 17:17:08,552] {logging_mixin.py:103} INFO - [2021-02-25 17:17:08,552] {dag.py:2266} INFO - Setting next_dagrun for tutorial_taskflow_api_etl to None
[2021-02-25 17:17:08,572] {scheduler_job.py:189} INFO - Processing /home/i-sip_iot/anaconda3/envs/sandbox/lib/python3.7/site-packages/airflow/example_dags/tutorial_taskflow_api_etl.py took 0.041 seconds
[2021-02-25 17:17:35,454] {scheduler_job.py:181} INFO - Started process (PID=185156) to work on /home/i-sip_iot/anaconda3/envs/sandbox/lib/python3.7/site-packages/airflow/example_dags/tutorial_taskflow_api_etl.py
[2021-02-25 17:17:35,454] {scheduler_job.py:629} INFO - Processing file /home/i-sip_iot/anaconda3/envs/sandbox/lib/python3.7/site-packages/airflow/example_dags/tutorial_taskflow_api_etl.py for tasks to queue
[2021-02-25 17:17:35,455] {logging_mixin.py:103} INFO - [2021-02-25 17:17:35,455] {dagbag.py:440} INFO - Filling up the DagBag from /home/i-sip_iot/anaconda3/envs/sandbox/lib/python3.7/site-packages/airflow/example_dags/tutorial_taskflow_api_etl.py
[2021-02-25 17:17:35,461] {scheduler_job.py:639} INFO - DAG(s) dict_keys(['tutorial_taskflow_api_etl']) retrieved from /home/i-sip_iot/anaconda3/envs/sandbox/lib/python3.7/site-packages/airflow/example_dags/tutorial_taskflow_api_etl.py
[2021-02-25 17:17:35,462] {logging_mixin.py:103} INFO - [2021-02-25 17:17:35,462] {dag.py:1813} INFO - Sync 1 DAGs
[2021-02-25 17:17:35,471] {logging_mixin.py:103} INFO - [2021-02-25 17:17:35,471] {dag.py:2266} INFO - Setting next_dagrun for tutorial_taskflow_api_etl to None
[2021-02-25 17:17:35,476] {scheduler_job.py:189} INFO - Processing /home/i-sip_iot/anaconda3/envs/sandbox/lib/python3.7/site-packages/airflow/example_dags/tutorial_taskflow_api_etl.py took 0.023 seconds
[2021-02-25 17:18:02,299] {scheduler_job.py:181} INFO - Started process (PID=185279) to work on /home/i-sip_iot/anaconda3/envs/sandbox/lib/python3.7/site-packages/airflow/example_dags/tutorial_taskflow_api_etl.py
[2021-02-25 17:18:02,300] {scheduler_job.py:629} INFO - Processing file /home/i-sip_iot/anaconda3/envs/sandbox/lib/python3.7/site-packages/airflow/example_dags/tutorial_taskflow_api_etl.py for tasks to queue
[2021-02-25 17:18:02,301] {logging_mixin.py:103} INFO - [2021-02-25 17:18:02,301] {dagbag.py:440} INFO - Filling up the DagBag from /home/i-sip_iot/anaconda3/envs/sandbox/lib/python3.7/site-packages/airflow/example_dags/tutorial_taskflow_api_etl.py
[2021-02-25 17:18:02,310] {scheduler_job.py:639} INFO - DAG(s) dict_keys(['tutorial_taskflow_api_etl']) retrieved from /home/i-sip_iot/anaconda3/envs/sandbox/lib/python3.7/site-packages/airflow/example_dags/tutorial_taskflow_api_etl.py
[2021-02-25 17:18:02,311] {logging_mixin.py:103} INFO - [2021-02-25 17:18:02,311] {dag.py:1813} INFO - Sync 1 DAGs
[2021-02-25 17:18:02,323] {logging_mixin.py:103} INFO - [2021-02-25 17:18:02,323] {dag.py:2266} INFO - Setting next_dagrun for tutorial_taskflow_api_etl to None
[2021-02-25 17:18:02,341] {scheduler_job.py:189} INFO - Processing /home/i-sip_iot/anaconda3/envs/sandbox/lib/python3.7/site-packages/airflow/example_dags/tutorial_taskflow_api_etl.py took 0.044 seconds
[2021-02-25 17:18:29,838] {scheduler_job.py:181} INFO - Started process (PID=185345) to work on /home/i-sip_iot/anaconda3/envs/sandbox/lib/python3.7/site-packages/airflow/example_dags/tutorial_taskflow_api_etl.py
[2021-02-25 17:18:29,840] {scheduler_job.py:629} INFO - Processing file /home/i-sip_iot/anaconda3/envs/sandbox/lib/python3.7/site-packages/airflow/example_dags/tutorial_taskflow_api_etl.py for tasks to queue
[2021-02-25 17:18:29,842] {logging_mixin.py:103} INFO - [2021-02-25 17:18:29,841] {dagbag.py:440} INFO - Filling up the DagBag from /home/i-sip_iot/anaconda3/envs/sandbox/lib/python3.7/site-packages/airflow/example_dags/tutorial_taskflow_api_etl.py
[2021-02-25 17:18:29,861] {scheduler_job.py:639} INFO - DAG(s) dict_keys(['tutorial_taskflow_api_etl']) retrieved from /home/i-sip_iot/anaconda3/envs/sandbox/lib/python3.7/site-packages/airflow/example_dags/tutorial_taskflow_api_etl.py
[2021-02-25 17:18:29,862] {logging_mixin.py:103} INFO - [2021-02-25 17:18:29,862] {dag.py:1813} INFO - Sync 1 DAGs
[2021-02-25 17:18:29,876] {logging_mixin.py:103} INFO - [2021-02-25 17:18:29,876] {dag.py:2266} INFO - Setting next_dagrun for tutorial_taskflow_api_etl to None
[2021-02-25 17:18:29,881] {scheduler_job.py:189} INFO - Processing /home/i-sip_iot/anaconda3/envs/sandbox/lib/python3.7/site-packages/airflow/example_dags/tutorial_taskflow_api_etl.py took 0.049 seconds
[2021-02-25 17:18:56,924] {scheduler_job.py:181} INFO - Started process (PID=185603) to work on /home/i-sip_iot/anaconda3/envs/sandbox/lib/python3.7/site-packages/airflow/example_dags/tutorial_taskflow_api_etl.py
[2021-02-25 17:18:56,926] {scheduler_job.py:629} INFO - Processing file /home/i-sip_iot/anaconda3/envs/sandbox/lib/python3.7/site-packages/airflow/example_dags/tutorial_taskflow_api_etl.py for tasks to queue
[2021-02-25 17:18:56,927] {logging_mixin.py:103} INFO - [2021-02-25 17:18:56,927] {dagbag.py:440} INFO - Filling up the DagBag from /home/i-sip_iot/anaconda3/envs/sandbox/lib/python3.7/site-packages/airflow/example_dags/tutorial_taskflow_api_etl.py
[2021-02-25 17:18:56,944] {scheduler_job.py:639} INFO - DAG(s) dict_keys(['tutorial_taskflow_api_etl']) retrieved from /home/i-sip_iot/anaconda3/envs/sandbox/lib/python3.7/site-packages/airflow/example_dags/tutorial_taskflow_api_etl.py
[2021-02-25 17:18:56,945] {logging_mixin.py:103} INFO - [2021-02-25 17:18:56,945] {dag.py:1813} INFO - Sync 1 DAGs
[2021-02-25 17:18:56,961] {logging_mixin.py:103} INFO - [2021-02-25 17:18:56,961] {dag.py:2266} INFO - Setting next_dagrun for tutorial_taskflow_api_etl to None
[2021-02-25 17:18:56,984] {scheduler_job.py:189} INFO - Processing /home/i-sip_iot/anaconda3/envs/sandbox/lib/python3.7/site-packages/airflow/example_dags/tutorial_taskflow_api_etl.py took 0.064 seconds
[2021-02-25 17:19:24,644] {scheduler_job.py:181} INFO - Started process (PID=185669) to work on /home/i-sip_iot/anaconda3/envs/sandbox/lib/python3.7/site-packages/airflow/example_dags/tutorial_taskflow_api_etl.py
[2021-02-25 17:19:24,645] {scheduler_job.py:629} INFO - Processing file /home/i-sip_iot/anaconda3/envs/sandbox/lib/python3.7/site-packages/airflow/example_dags/tutorial_taskflow_api_etl.py for tasks to queue
[2021-02-25 17:19:24,645] {logging_mixin.py:103} INFO - [2021-02-25 17:19:24,645] {dagbag.py:440} INFO - Filling up the DagBag from /home/i-sip_iot/anaconda3/envs/sandbox/lib/python3.7/site-packages/airflow/example_dags/tutorial_taskflow_api_etl.py
[2021-02-25 17:19:24,650] {scheduler_job.py:639} INFO - DAG(s) dict_keys(['tutorial_taskflow_api_etl']) retrieved from /home/i-sip_iot/anaconda3/envs/sandbox/lib/python3.7/site-packages/airflow/example_dags/tutorial_taskflow_api_etl.py
[2021-02-25 17:19:24,650] {logging_mixin.py:103} INFO - [2021-02-25 17:19:24,650] {dag.py:1813} INFO - Sync 1 DAGs
[2021-02-25 17:19:24,659] {logging_mixin.py:103} INFO - [2021-02-25 17:19:24,659] {dag.py:2266} INFO - Setting next_dagrun for tutorial_taskflow_api_etl to None
[2021-02-25 17:19:24,663] {scheduler_job.py:189} INFO - Processing /home/i-sip_iot/anaconda3/envs/sandbox/lib/python3.7/site-packages/airflow/example_dags/tutorial_taskflow_api_etl.py took 0.021 seconds
[2021-02-25 17:19:51,035] {scheduler_job.py:181} INFO - Started process (PID=185878) to work on /home/i-sip_iot/anaconda3/envs/sandbox/lib/python3.7/site-packages/airflow/example_dags/tutorial_taskflow_api_etl.py
[2021-02-25 17:19:51,037] {scheduler_job.py:629} INFO - Processing file /home/i-sip_iot/anaconda3/envs/sandbox/lib/python3.7/site-packages/airflow/example_dags/tutorial_taskflow_api_etl.py for tasks to queue
[2021-02-25 17:19:51,038] {logging_mixin.py:103} INFO - [2021-02-25 17:19:51,038] {dagbag.py:440} INFO - Filling up the DagBag from /home/i-sip_iot/anaconda3/envs/sandbox/lib/python3.7/site-packages/airflow/example_dags/tutorial_taskflow_api_etl.py
[2021-02-25 17:19:51,057] {scheduler_job.py:639} INFO - DAG(s) dict_keys(['tutorial_taskflow_api_etl']) retrieved from /home/i-sip_iot/anaconda3/envs/sandbox/lib/python3.7/site-packages/airflow/example_dags/tutorial_taskflow_api_etl.py
[2021-02-25 17:19:51,058] {logging_mixin.py:103} INFO - [2021-02-25 17:19:51,058] {dag.py:1813} INFO - Sync 1 DAGs
[2021-02-25 17:19:51,072] {logging_mixin.py:103} INFO - [2021-02-25 17:19:51,072] {dag.py:2266} INFO - Setting next_dagrun for tutorial_taskflow_api_etl to None
[2021-02-25 17:19:51,093] {scheduler_job.py:189} INFO - Processing /home/i-sip_iot/anaconda3/envs/sandbox/lib/python3.7/site-packages/airflow/example_dags/tutorial_taskflow_api_etl.py took 0.064 seconds
[2021-02-25 17:20:17,945] {scheduler_job.py:181} INFO - Started process (PID=185958) to work on /home/i-sip_iot/anaconda3/envs/sandbox/lib/python3.7/site-packages/airflow/example_dags/tutorial_taskflow_api_etl.py
[2021-02-25 17:20:17,947] {scheduler_job.py:629} INFO - Processing file /home/i-sip_iot/anaconda3/envs/sandbox/lib/python3.7/site-packages/airflow/example_dags/tutorial_taskflow_api_etl.py for tasks to queue
[2021-02-25 17:20:17,948] {logging_mixin.py:103} INFO - [2021-02-25 17:20:17,948] {dagbag.py:440} INFO - Filling up the DagBag from /home/i-sip_iot/anaconda3/envs/sandbox/lib/python3.7/site-packages/airflow/example_dags/tutorial_taskflow_api_etl.py
[2021-02-25 17:20:17,969] {scheduler_job.py:639} INFO - DAG(s) dict_keys(['tutorial_taskflow_api_etl']) retrieved from /home/i-sip_iot/anaconda3/envs/sandbox/lib/python3.7/site-packages/airflow/example_dags/tutorial_taskflow_api_etl.py
[2021-02-25 17:20:17,970] {logging_mixin.py:103} INFO - [2021-02-25 17:20:17,970] {dag.py:1813} INFO - Sync 1 DAGs
[2021-02-25 17:20:17,984] {logging_mixin.py:103} INFO - [2021-02-25 17:20:17,984] {dag.py:2266} INFO - Setting next_dagrun for tutorial_taskflow_api_etl to None
[2021-02-25 17:20:17,990] {scheduler_job.py:189} INFO - Processing /home/i-sip_iot/anaconda3/envs/sandbox/lib/python3.7/site-packages/airflow/example_dags/tutorial_taskflow_api_etl.py took 0.051 seconds
[2021-02-25 17:20:45,998] {scheduler_job.py:181} INFO - Started process (PID=186205) to work on /home/i-sip_iot/anaconda3/envs/sandbox/lib/python3.7/site-packages/airflow/example_dags/tutorial_taskflow_api_etl.py
[2021-02-25 17:20:46,000] {scheduler_job.py:629} INFO - Processing file /home/i-sip_iot/anaconda3/envs/sandbox/lib/python3.7/site-packages/airflow/example_dags/tutorial_taskflow_api_etl.py for tasks to queue
[2021-02-25 17:20:46,001] {logging_mixin.py:103} INFO - [2021-02-25 17:20:46,000] {dagbag.py:440} INFO - Filling up the DagBag from /home/i-sip_iot/anaconda3/envs/sandbox/lib/python3.7/site-packages/airflow/example_dags/tutorial_taskflow_api_etl.py
[2021-02-25 17:20:46,016] {scheduler_job.py:639} INFO - DAG(s) dict_keys(['tutorial_taskflow_api_etl']) retrieved from /home/i-sip_iot/anaconda3/envs/sandbox/lib/python3.7/site-packages/airflow/example_dags/tutorial_taskflow_api_etl.py
[2021-02-25 17:20:46,017] {logging_mixin.py:103} INFO - [2021-02-25 17:20:46,017] {dag.py:1813} INFO - Sync 1 DAGs
[2021-02-25 17:20:46,030] {logging_mixin.py:103} INFO - [2021-02-25 17:20:46,030] {dag.py:2266} INFO - Setting next_dagrun for tutorial_taskflow_api_etl to None
[2021-02-25 17:20:46,048] {scheduler_job.py:189} INFO - Processing /home/i-sip_iot/anaconda3/envs/sandbox/lib/python3.7/site-packages/airflow/example_dags/tutorial_taskflow_api_etl.py took 0.057 seconds
[2021-02-25 17:21:13,007] {scheduler_job.py:181} INFO - Started process (PID=186284) to work on /home/i-sip_iot/anaconda3/envs/sandbox/lib/python3.7/site-packages/airflow/example_dags/tutorial_taskflow_api_etl.py
[2021-02-25 17:21:13,009] {scheduler_job.py:629} INFO - Processing file /home/i-sip_iot/anaconda3/envs/sandbox/lib/python3.7/site-packages/airflow/example_dags/tutorial_taskflow_api_etl.py for tasks to queue
[2021-02-25 17:21:13,009] {logging_mixin.py:103} INFO - [2021-02-25 17:21:13,009] {dagbag.py:440} INFO - Filling up the DagBag from /home/i-sip_iot/anaconda3/envs/sandbox/lib/python3.7/site-packages/airflow/example_dags/tutorial_taskflow_api_etl.py
[2021-02-25 17:21:13,018] {scheduler_job.py:639} INFO - DAG(s) dict_keys(['tutorial_taskflow_api_etl']) retrieved from /home/i-sip_iot/anaconda3/envs/sandbox/lib/python3.7/site-packages/airflow/example_dags/tutorial_taskflow_api_etl.py
[2021-02-25 17:21:13,019] {logging_mixin.py:103} INFO - [2021-02-25 17:21:13,019] {dag.py:1813} INFO - Sync 1 DAGs
[2021-02-25 17:21:13,033] {logging_mixin.py:103} INFO - [2021-02-25 17:21:13,032] {dag.py:2266} INFO - Setting next_dagrun for tutorial_taskflow_api_etl to None
[2021-02-25 17:21:13,039] {scheduler_job.py:189} INFO - Processing /home/i-sip_iot/anaconda3/envs/sandbox/lib/python3.7/site-packages/airflow/example_dags/tutorial_taskflow_api_etl.py took 0.034 seconds
[2021-02-25 17:21:40,357] {scheduler_job.py:181} INFO - Started process (PID=186506) to work on /home/i-sip_iot/anaconda3/envs/sandbox/lib/python3.7/site-packages/airflow/example_dags/tutorial_taskflow_api_etl.py
[2021-02-25 17:21:40,358] {scheduler_job.py:629} INFO - Processing file /home/i-sip_iot/anaconda3/envs/sandbox/lib/python3.7/site-packages/airflow/example_dags/tutorial_taskflow_api_etl.py for tasks to queue
[2021-02-25 17:21:40,358] {logging_mixin.py:103} INFO - [2021-02-25 17:21:40,358] {dagbag.py:440} INFO - Filling up the DagBag from /home/i-sip_iot/anaconda3/envs/sandbox/lib/python3.7/site-packages/airflow/example_dags/tutorial_taskflow_api_etl.py
[2021-02-25 17:21:40,364] {scheduler_job.py:639} INFO - DAG(s) dict_keys(['tutorial_taskflow_api_etl']) retrieved from /home/i-sip_iot/anaconda3/envs/sandbox/lib/python3.7/site-packages/airflow/example_dags/tutorial_taskflow_api_etl.py
[2021-02-25 17:21:40,364] {logging_mixin.py:103} INFO - [2021-02-25 17:21:40,364] {dag.py:1813} INFO - Sync 1 DAGs
[2021-02-25 17:21:40,373] {logging_mixin.py:103} INFO - [2021-02-25 17:21:40,373] {dag.py:2266} INFO - Setting next_dagrun for tutorial_taskflow_api_etl to None
[2021-02-25 17:21:40,388] {scheduler_job.py:189} INFO - Processing /home/i-sip_iot/anaconda3/envs/sandbox/lib/python3.7/site-packages/airflow/example_dags/tutorial_taskflow_api_etl.py took 0.033 seconds
[2021-02-25 17:22:07,225] {scheduler_job.py:181} INFO - Started process (PID=186577) to work on /home/i-sip_iot/anaconda3/envs/sandbox/lib/python3.7/site-packages/airflow/example_dags/tutorial_taskflow_api_etl.py
[2021-02-25 17:22:07,226] {scheduler_job.py:629} INFO - Processing file /home/i-sip_iot/anaconda3/envs/sandbox/lib/python3.7/site-packages/airflow/example_dags/tutorial_taskflow_api_etl.py for tasks to queue
[2021-02-25 17:22:07,226] {logging_mixin.py:103} INFO - [2021-02-25 17:22:07,226] {dagbag.py:440} INFO - Filling up the DagBag from /home/i-sip_iot/anaconda3/envs/sandbox/lib/python3.7/site-packages/airflow/example_dags/tutorial_taskflow_api_etl.py
[2021-02-25 17:22:07,233] {scheduler_job.py:639} INFO - DAG(s) dict_keys(['tutorial_taskflow_api_etl']) retrieved from /home/i-sip_iot/anaconda3/envs/sandbox/lib/python3.7/site-packages/airflow/example_dags/tutorial_taskflow_api_etl.py
[2021-02-25 17:22:07,234] {logging_mixin.py:103} INFO - [2021-02-25 17:22:07,234] {dag.py:1813} INFO - Sync 1 DAGs
[2021-02-25 17:22:07,243] {logging_mixin.py:103} INFO - [2021-02-25 17:22:07,243] {dag.py:2266} INFO - Setting next_dagrun for tutorial_taskflow_api_etl to None
[2021-02-25 17:22:07,247] {scheduler_job.py:189} INFO - Processing /home/i-sip_iot/anaconda3/envs/sandbox/lib/python3.7/site-packages/airflow/example_dags/tutorial_taskflow_api_etl.py took 0.024 seconds
[2021-02-25 17:22:35,222] {scheduler_job.py:181} INFO - Started process (PID=186628) to work on /home/i-sip_iot/anaconda3/envs/sandbox/lib/python3.7/site-packages/airflow/example_dags/tutorial_taskflow_api_etl.py
[2021-02-25 17:22:35,222] {scheduler_job.py:629} INFO - Processing file /home/i-sip_iot/anaconda3/envs/sandbox/lib/python3.7/site-packages/airflow/example_dags/tutorial_taskflow_api_etl.py for tasks to queue
[2021-02-25 17:22:35,222] {logging_mixin.py:103} INFO - [2021-02-25 17:22:35,222] {dagbag.py:440} INFO - Filling up the DagBag from /home/i-sip_iot/anaconda3/envs/sandbox/lib/python3.7/site-packages/airflow/example_dags/tutorial_taskflow_api_etl.py
[2021-02-25 17:22:35,229] {scheduler_job.py:639} INFO - DAG(s) dict_keys(['tutorial_taskflow_api_etl']) retrieved from /home/i-sip_iot/anaconda3/envs/sandbox/lib/python3.7/site-packages/airflow/example_dags/tutorial_taskflow_api_etl.py
[2021-02-25 17:22:35,229] {logging_mixin.py:103} INFO - [2021-02-25 17:22:35,229] {dag.py:1813} INFO - Sync 1 DAGs
[2021-02-25 17:22:35,240] {logging_mixin.py:103} INFO - [2021-02-25 17:22:35,240] {dag.py:2266} INFO - Setting next_dagrun for tutorial_taskflow_api_etl to None
[2021-02-25 17:22:35,257] {scheduler_job.py:189} INFO - Processing /home/i-sip_iot/anaconda3/envs/sandbox/lib/python3.7/site-packages/airflow/example_dags/tutorial_taskflow_api_etl.py took 0.037 seconds
[2021-02-25 17:23:01,506] {scheduler_job.py:181} INFO - Started process (PID=186866) to work on /home/i-sip_iot/anaconda3/envs/sandbox/lib/python3.7/site-packages/airflow/example_dags/tutorial_taskflow_api_etl.py
[2021-02-25 17:23:01,507] {scheduler_job.py:629} INFO - Processing file /home/i-sip_iot/anaconda3/envs/sandbox/lib/python3.7/site-packages/airflow/example_dags/tutorial_taskflow_api_etl.py for tasks to queue
[2021-02-25 17:23:01,508] {logging_mixin.py:103} INFO - [2021-02-25 17:23:01,508] {dagbag.py:440} INFO - Filling up the DagBag from /home/i-sip_iot/anaconda3/envs/sandbox/lib/python3.7/site-packages/airflow/example_dags/tutorial_taskflow_api_etl.py
[2021-02-25 17:23:01,518] {scheduler_job.py:639} INFO - DAG(s) dict_keys(['tutorial_taskflow_api_etl']) retrieved from /home/i-sip_iot/anaconda3/envs/sandbox/lib/python3.7/site-packages/airflow/example_dags/tutorial_taskflow_api_etl.py
[2021-02-25 17:23:01,519] {logging_mixin.py:103} INFO - [2021-02-25 17:23:01,519] {dag.py:1813} INFO - Sync 1 DAGs
[2021-02-25 17:23:01,528] {logging_mixin.py:103} INFO - [2021-02-25 17:23:01,528] {dag.py:2266} INFO - Setting next_dagrun for tutorial_taskflow_api_etl to None
[2021-02-25 17:23:01,532] {scheduler_job.py:189} INFO - Processing /home/i-sip_iot/anaconda3/envs/sandbox/lib/python3.7/site-packages/airflow/example_dags/tutorial_taskflow_api_etl.py took 0.029 seconds
[2021-02-25 17:23:28,414] {scheduler_job.py:181} INFO - Started process (PID=186924) to work on /home/i-sip_iot/anaconda3/envs/sandbox/lib/python3.7/site-packages/airflow/example_dags/tutorial_taskflow_api_etl.py
[2021-02-25 17:23:28,415] {scheduler_job.py:629} INFO - Processing file /home/i-sip_iot/anaconda3/envs/sandbox/lib/python3.7/site-packages/airflow/example_dags/tutorial_taskflow_api_etl.py for tasks to queue
[2021-02-25 17:23:28,416] {logging_mixin.py:103} INFO - [2021-02-25 17:23:28,416] {dagbag.py:440} INFO - Filling up the DagBag from /home/i-sip_iot/anaconda3/envs/sandbox/lib/python3.7/site-packages/airflow/example_dags/tutorial_taskflow_api_etl.py
[2021-02-25 17:23:28,425] {scheduler_job.py:639} INFO - DAG(s) dict_keys(['tutorial_taskflow_api_etl']) retrieved from /home/i-sip_iot/anaconda3/envs/sandbox/lib/python3.7/site-packages/airflow/example_dags/tutorial_taskflow_api_etl.py
[2021-02-25 17:23:28,426] {logging_mixin.py:103} INFO - [2021-02-25 17:23:28,426] {dag.py:1813} INFO - Sync 1 DAGs
[2021-02-25 17:23:28,437] {logging_mixin.py:103} INFO - [2021-02-25 17:23:28,437] {dag.py:2266} INFO - Setting next_dagrun for tutorial_taskflow_api_etl to None
[2021-02-25 17:23:28,457] {scheduler_job.py:189} INFO - Processing /home/i-sip_iot/anaconda3/envs/sandbox/lib/python3.7/site-packages/airflow/example_dags/tutorial_taskflow_api_etl.py took 0.047 seconds
[2021-02-25 17:23:56,453] {scheduler_job.py:181} INFO - Started process (PID=187178) to work on /home/i-sip_iot/anaconda3/envs/sandbox/lib/python3.7/site-packages/airflow/example_dags/tutorial_taskflow_api_etl.py
[2021-02-25 17:23:56,453] {scheduler_job.py:629} INFO - Processing file /home/i-sip_iot/anaconda3/envs/sandbox/lib/python3.7/site-packages/airflow/example_dags/tutorial_taskflow_api_etl.py for tasks to queue
[2021-02-25 17:23:56,454] {logging_mixin.py:103} INFO - [2021-02-25 17:23:56,454] {dagbag.py:440} INFO - Filling up the DagBag from /home/i-sip_iot/anaconda3/envs/sandbox/lib/python3.7/site-packages/airflow/example_dags/tutorial_taskflow_api_etl.py
[2021-02-25 17:23:56,459] {scheduler_job.py:639} INFO - DAG(s) dict_keys(['tutorial_taskflow_api_etl']) retrieved from /home/i-sip_iot/anaconda3/envs/sandbox/lib/python3.7/site-packages/airflow/example_dags/tutorial_taskflow_api_etl.py
[2021-02-25 17:23:56,460] {logging_mixin.py:103} INFO - [2021-02-25 17:23:56,460] {dag.py:1813} INFO - Sync 1 DAGs
[2021-02-25 17:23:56,470] {logging_mixin.py:103} INFO - [2021-02-25 17:23:56,470] {dag.py:2266} INFO - Setting next_dagrun for tutorial_taskflow_api_etl to None
[2021-02-25 17:23:56,476] {scheduler_job.py:189} INFO - Processing /home/i-sip_iot/anaconda3/envs/sandbox/lib/python3.7/site-packages/airflow/example_dags/tutorial_taskflow_api_etl.py took 0.025 seconds
[2021-02-25 17:24:23,409] {scheduler_job.py:181} INFO - Started process (PID=187225) to work on /home/i-sip_iot/anaconda3/envs/sandbox/lib/python3.7/site-packages/airflow/example_dags/tutorial_taskflow_api_etl.py
[2021-02-25 17:24:23,411] {scheduler_job.py:629} INFO - Processing file /home/i-sip_iot/anaconda3/envs/sandbox/lib/python3.7/site-packages/airflow/example_dags/tutorial_taskflow_api_etl.py for tasks to queue
[2021-02-25 17:24:23,412] {logging_mixin.py:103} INFO - [2021-02-25 17:24:23,412] {dagbag.py:440} INFO - Filling up the DagBag from /home/i-sip_iot/anaconda3/envs/sandbox/lib/python3.7/site-packages/airflow/example_dags/tutorial_taskflow_api_etl.py
[2021-02-25 17:24:23,421] {scheduler_job.py:639} INFO - DAG(s) dict_keys(['tutorial_taskflow_api_etl']) retrieved from /home/i-sip_iot/anaconda3/envs/sandbox/lib/python3.7/site-packages/airflow/example_dags/tutorial_taskflow_api_etl.py
[2021-02-25 17:24:23,422] {logging_mixin.py:103} INFO - [2021-02-25 17:24:23,422] {dag.py:1813} INFO - Sync 1 DAGs
[2021-02-25 17:24:23,434] {logging_mixin.py:103} INFO - [2021-02-25 17:24:23,434] {dag.py:2266} INFO - Setting next_dagrun for tutorial_taskflow_api_etl to None
[2021-02-25 17:24:23,452] {scheduler_job.py:189} INFO - Processing /home/i-sip_iot/anaconda3/envs/sandbox/lib/python3.7/site-packages/airflow/example_dags/tutorial_taskflow_api_etl.py took 0.047 seconds
[2021-02-25 17:24:50,928] {scheduler_job.py:181} INFO - Started process (PID=187459) to work on /home/i-sip_iot/anaconda3/envs/sandbox/lib/python3.7/site-packages/airflow/example_dags/tutorial_taskflow_api_etl.py
[2021-02-25 17:24:50,930] {scheduler_job.py:629} INFO - Processing file /home/i-sip_iot/anaconda3/envs/sandbox/lib/python3.7/site-packages/airflow/example_dags/tutorial_taskflow_api_etl.py for tasks to queue
[2021-02-25 17:24:50,931] {logging_mixin.py:103} INFO - [2021-02-25 17:24:50,931] {dagbag.py:440} INFO - Filling up the DagBag from /home/i-sip_iot/anaconda3/envs/sandbox/lib/python3.7/site-packages/airflow/example_dags/tutorial_taskflow_api_etl.py
[2021-02-25 17:24:50,952] {scheduler_job.py:639} INFO - DAG(s) dict_keys(['tutorial_taskflow_api_etl']) retrieved from /home/i-sip_iot/anaconda3/envs/sandbox/lib/python3.7/site-packages/airflow/example_dags/tutorial_taskflow_api_etl.py
[2021-02-25 17:24:50,953] {logging_mixin.py:103} INFO - [2021-02-25 17:24:50,952] {dag.py:1813} INFO - Sync 1 DAGs
[2021-02-25 17:24:50,967] {logging_mixin.py:103} INFO - [2021-02-25 17:24:50,967] {dag.py:2266} INFO - Setting next_dagrun for tutorial_taskflow_api_etl to None
[2021-02-25 17:24:50,973] {scheduler_job.py:189} INFO - Processing /home/i-sip_iot/anaconda3/envs/sandbox/lib/python3.7/site-packages/airflow/example_dags/tutorial_taskflow_api_etl.py took 0.051 seconds
[2021-02-25 17:25:17,800] {scheduler_job.py:181} INFO - Started process (PID=187543) to work on /home/i-sip_iot/anaconda3/envs/sandbox/lib/python3.7/site-packages/airflow/example_dags/tutorial_taskflow_api_etl.py
[2021-02-25 17:25:17,803] {scheduler_job.py:629} INFO - Processing file /home/i-sip_iot/anaconda3/envs/sandbox/lib/python3.7/site-packages/airflow/example_dags/tutorial_taskflow_api_etl.py for tasks to queue
[2021-02-25 17:25:17,805] {logging_mixin.py:103} INFO - [2021-02-25 17:25:17,804] {dagbag.py:440} INFO - Filling up the DagBag from /home/i-sip_iot/anaconda3/envs/sandbox/lib/python3.7/site-packages/airflow/example_dags/tutorial_taskflow_api_etl.py
[2021-02-25 17:25:17,829] {scheduler_job.py:639} INFO - DAG(s) dict_keys(['tutorial_taskflow_api_etl']) retrieved from /home/i-sip_iot/anaconda3/envs/sandbox/lib/python3.7/site-packages/airflow/example_dags/tutorial_taskflow_api_etl.py
[2021-02-25 17:25:17,831] {logging_mixin.py:103} INFO - [2021-02-25 17:25:17,831] {dag.py:1813} INFO - Sync 1 DAGs
[2021-02-25 17:25:17,851] {logging_mixin.py:103} INFO - [2021-02-25 17:25:17,851] {dag.py:2266} INFO - Setting next_dagrun for tutorial_taskflow_api_etl to None
[2021-02-25 17:25:17,870] {scheduler_job.py:189} INFO - Processing /home/i-sip_iot/anaconda3/envs/sandbox/lib/python3.7/site-packages/airflow/example_dags/tutorial_taskflow_api_etl.py took 0.075 seconds
[2021-02-25 17:25:45,195] {scheduler_job.py:181} INFO - Started process (PID=187791) to work on /home/i-sip_iot/anaconda3/envs/sandbox/lib/python3.7/site-packages/airflow/example_dags/tutorial_taskflow_api_etl.py
[2021-02-25 17:25:45,197] {scheduler_job.py:629} INFO - Processing file /home/i-sip_iot/anaconda3/envs/sandbox/lib/python3.7/site-packages/airflow/example_dags/tutorial_taskflow_api_etl.py for tasks to queue
[2021-02-25 17:25:45,198] {logging_mixin.py:103} INFO - [2021-02-25 17:25:45,198] {dagbag.py:440} INFO - Filling up the DagBag from /home/i-sip_iot/anaconda3/envs/sandbox/lib/python3.7/site-packages/airflow/example_dags/tutorial_taskflow_api_etl.py
[2021-02-25 17:25:45,214] {scheduler_job.py:639} INFO - DAG(s) dict_keys(['tutorial_taskflow_api_etl']) retrieved from /home/i-sip_iot/anaconda3/envs/sandbox/lib/python3.7/site-packages/airflow/example_dags/tutorial_taskflow_api_etl.py
[2021-02-25 17:25:45,215] {logging_mixin.py:103} INFO - [2021-02-25 17:25:45,214] {dag.py:1813} INFO - Sync 1 DAGs
[2021-02-25 17:25:45,229] {logging_mixin.py:103} INFO - [2021-02-25 17:25:45,229] {dag.py:2266} INFO - Setting next_dagrun for tutorial_taskflow_api_etl to None
[2021-02-25 17:25:45,234] {scheduler_job.py:189} INFO - Processing /home/i-sip_iot/anaconda3/envs/sandbox/lib/python3.7/site-packages/airflow/example_dags/tutorial_taskflow_api_etl.py took 0.043 seconds
[2021-02-25 17:26:12,105] {scheduler_job.py:181} INFO - Started process (PID=187894) to work on /home/i-sip_iot/anaconda3/envs/sandbox/lib/python3.7/site-packages/airflow/example_dags/tutorial_taskflow_api_etl.py
[2021-02-25 17:26:12,106] {scheduler_job.py:629} INFO - Processing file /home/i-sip_iot/anaconda3/envs/sandbox/lib/python3.7/site-packages/airflow/example_dags/tutorial_taskflow_api_etl.py for tasks to queue
[2021-02-25 17:26:12,106] {logging_mixin.py:103} INFO - [2021-02-25 17:26:12,106] {dagbag.py:440} INFO - Filling up the DagBag from /home/i-sip_iot/anaconda3/envs/sandbox/lib/python3.7/site-packages/airflow/example_dags/tutorial_taskflow_api_etl.py
[2021-02-25 17:26:12,119] {scheduler_job.py:639} INFO - DAG(s) dict_keys(['tutorial_taskflow_api_etl']) retrieved from /home/i-sip_iot/anaconda3/envs/sandbox/lib/python3.7/site-packages/airflow/example_dags/tutorial_taskflow_api_etl.py
[2021-02-25 17:26:12,119] {logging_mixin.py:103} INFO - [2021-02-25 17:26:12,119] {dag.py:1813} INFO - Sync 1 DAGs
[2021-02-25 17:26:12,131] {logging_mixin.py:103} INFO - [2021-02-25 17:26:12,131] {dag.py:2266} INFO - Setting next_dagrun for tutorial_taskflow_api_etl to None
[2021-02-25 17:26:12,147] {scheduler_job.py:189} INFO - Processing /home/i-sip_iot/anaconda3/envs/sandbox/lib/python3.7/site-packages/airflow/example_dags/tutorial_taskflow_api_etl.py took 0.047 seconds
[2021-02-25 17:26:40,134] {scheduler_job.py:181} INFO - Started process (PID=188163) to work on /home/i-sip_iot/anaconda3/envs/sandbox/lib/python3.7/site-packages/airflow/example_dags/tutorial_taskflow_api_etl.py
[2021-02-25 17:26:40,137] {scheduler_job.py:629} INFO - Processing file /home/i-sip_iot/anaconda3/envs/sandbox/lib/python3.7/site-packages/airflow/example_dags/tutorial_taskflow_api_etl.py for tasks to queue
[2021-02-25 17:26:40,138] {logging_mixin.py:103} INFO - [2021-02-25 17:26:40,138] {dagbag.py:440} INFO - Filling up the DagBag from /home/i-sip_iot/anaconda3/envs/sandbox/lib/python3.7/site-packages/airflow/example_dags/tutorial_taskflow_api_etl.py
[2021-02-25 17:26:40,155] {scheduler_job.py:639} INFO - DAG(s) dict_keys(['tutorial_taskflow_api_etl']) retrieved from /home/i-sip_iot/anaconda3/envs/sandbox/lib/python3.7/site-packages/airflow/example_dags/tutorial_taskflow_api_etl.py
[2021-02-25 17:26:40,157] {logging_mixin.py:103} INFO - [2021-02-25 17:26:40,157] {dag.py:1813} INFO - Sync 1 DAGs
[2021-02-25 17:26:40,170] {logging_mixin.py:103} INFO - [2021-02-25 17:26:40,170] {dag.py:2266} INFO - Setting next_dagrun for tutorial_taskflow_api_etl to None
[2021-02-25 17:26:40,176] {scheduler_job.py:189} INFO - Processing /home/i-sip_iot/anaconda3/envs/sandbox/lib/python3.7/site-packages/airflow/example_dags/tutorial_taskflow_api_etl.py took 0.048 seconds
[2021-02-25 17:27:05,855] {scheduler_job.py:181} INFO - Started process (PID=188254) to work on /home/i-sip_iot/anaconda3/envs/sandbox/lib/python3.7/site-packages/airflow/example_dags/tutorial_taskflow_api_etl.py
[2021-02-25 17:27:05,856] {scheduler_job.py:629} INFO - Processing file /home/i-sip_iot/anaconda3/envs/sandbox/lib/python3.7/site-packages/airflow/example_dags/tutorial_taskflow_api_etl.py for tasks to queue
[2021-02-25 17:27:05,857] {logging_mixin.py:103} INFO - [2021-02-25 17:27:05,857] {dagbag.py:440} INFO - Filling up the DagBag from /home/i-sip_iot/anaconda3/envs/sandbox/lib/python3.7/site-packages/airflow/example_dags/tutorial_taskflow_api_etl.py
[2021-02-25 17:27:05,867] {scheduler_job.py:639} INFO - DAG(s) dict_keys(['tutorial_taskflow_api_etl']) retrieved from /home/i-sip_iot/anaconda3/envs/sandbox/lib/python3.7/site-packages/airflow/example_dags/tutorial_taskflow_api_etl.py
[2021-02-25 17:27:05,867] {logging_mixin.py:103} INFO - [2021-02-25 17:27:05,867] {dag.py:1813} INFO - Sync 1 DAGs
[2021-02-25 17:27:05,881] {logging_mixin.py:103} INFO - [2021-02-25 17:27:05,881] {dag.py:2266} INFO - Setting next_dagrun for tutorial_taskflow_api_etl to None
[2021-02-25 17:27:05,897] {scheduler_job.py:189} INFO - Processing /home/i-sip_iot/anaconda3/envs/sandbox/lib/python3.7/site-packages/airflow/example_dags/tutorial_taskflow_api_etl.py took 0.047 seconds
[2021-02-25 17:27:32,924] {scheduler_job.py:181} INFO - Started process (PID=188330) to work on /home/i-sip_iot/anaconda3/envs/sandbox/lib/python3.7/site-packages/airflow/example_dags/tutorial_taskflow_api_etl.py
[2021-02-25 17:27:32,924] {scheduler_job.py:629} INFO - Processing file /home/i-sip_iot/anaconda3/envs/sandbox/lib/python3.7/site-packages/airflow/example_dags/tutorial_taskflow_api_etl.py for tasks to queue
[2021-02-25 17:27:32,925] {logging_mixin.py:103} INFO - [2021-02-25 17:27:32,925] {dagbag.py:440} INFO - Filling up the DagBag from /home/i-sip_iot/anaconda3/envs/sandbox/lib/python3.7/site-packages/airflow/example_dags/tutorial_taskflow_api_etl.py
[2021-02-25 17:27:32,932] {scheduler_job.py:639} INFO - DAG(s) dict_keys(['tutorial_taskflow_api_etl']) retrieved from /home/i-sip_iot/anaconda3/envs/sandbox/lib/python3.7/site-packages/airflow/example_dags/tutorial_taskflow_api_etl.py
[2021-02-25 17:27:32,932] {logging_mixin.py:103} INFO - [2021-02-25 17:27:32,932] {dag.py:1813} INFO - Sync 1 DAGs
[2021-02-25 17:27:32,942] {logging_mixin.py:103} INFO - [2021-02-25 17:27:32,942] {dag.py:2266} INFO - Setting next_dagrun for tutorial_taskflow_api_etl to None
[2021-02-25 17:27:32,946] {scheduler_job.py:189} INFO - Processing /home/i-sip_iot/anaconda3/envs/sandbox/lib/python3.7/site-packages/airflow/example_dags/tutorial_taskflow_api_etl.py took 0.025 seconds
[2021-02-25 17:28:00,437] {scheduler_job.py:181} INFO - Started process (PID=188616) to work on /home/i-sip_iot/anaconda3/envs/sandbox/lib/python3.7/site-packages/airflow/example_dags/tutorial_taskflow_api_etl.py
[2021-02-25 17:28:00,438] {scheduler_job.py:629} INFO - Processing file /home/i-sip_iot/anaconda3/envs/sandbox/lib/python3.7/site-packages/airflow/example_dags/tutorial_taskflow_api_etl.py for tasks to queue
[2021-02-25 17:28:00,438] {logging_mixin.py:103} INFO - [2021-02-25 17:28:00,438] {dagbag.py:440} INFO - Filling up the DagBag from /home/i-sip_iot/anaconda3/envs/sandbox/lib/python3.7/site-packages/airflow/example_dags/tutorial_taskflow_api_etl.py
[2021-02-25 17:28:00,444] {scheduler_job.py:639} INFO - DAG(s) dict_keys(['tutorial_taskflow_api_etl']) retrieved from /home/i-sip_iot/anaconda3/envs/sandbox/lib/python3.7/site-packages/airflow/example_dags/tutorial_taskflow_api_etl.py
[2021-02-25 17:28:00,444] {logging_mixin.py:103} INFO - [2021-02-25 17:28:00,444] {dag.py:1813} INFO - Sync 1 DAGs
[2021-02-25 17:28:00,452] {logging_mixin.py:103} INFO - [2021-02-25 17:28:00,452] {dag.py:2266} INFO - Setting next_dagrun for tutorial_taskflow_api_etl to None
[2021-02-25 17:28:00,471] {scheduler_job.py:189} INFO - Processing /home/i-sip_iot/anaconda3/envs/sandbox/lib/python3.7/site-packages/airflow/example_dags/tutorial_taskflow_api_etl.py took 0.035 seconds
[2021-02-25 17:28:28,475] {scheduler_job.py:181} INFO - Started process (PID=188698) to work on /home/i-sip_iot/anaconda3/envs/sandbox/lib/python3.7/site-packages/airflow/example_dags/tutorial_taskflow_api_etl.py
[2021-02-25 17:28:28,475] {scheduler_job.py:629} INFO - Processing file /home/i-sip_iot/anaconda3/envs/sandbox/lib/python3.7/site-packages/airflow/example_dags/tutorial_taskflow_api_etl.py for tasks to queue
[2021-02-25 17:28:28,475] {logging_mixin.py:103} INFO - [2021-02-25 17:28:28,475] {dagbag.py:440} INFO - Filling up the DagBag from /home/i-sip_iot/anaconda3/envs/sandbox/lib/python3.7/site-packages/airflow/example_dags/tutorial_taskflow_api_etl.py
[2021-02-25 17:28:28,481] {scheduler_job.py:639} INFO - DAG(s) dict_keys(['tutorial_taskflow_api_etl']) retrieved from /home/i-sip_iot/anaconda3/envs/sandbox/lib/python3.7/site-packages/airflow/example_dags/tutorial_taskflow_api_etl.py
[2021-02-25 17:28:28,481] {logging_mixin.py:103} INFO - [2021-02-25 17:28:28,481] {dag.py:1813} INFO - Sync 1 DAGs
[2021-02-25 17:28:28,492] {logging_mixin.py:103} INFO - [2021-02-25 17:28:28,492] {dag.py:2266} INFO - Setting next_dagrun for tutorial_taskflow_api_etl to None
[2021-02-25 17:28:28,496] {scheduler_job.py:189} INFO - Processing /home/i-sip_iot/anaconda3/envs/sandbox/lib/python3.7/site-packages/airflow/example_dags/tutorial_taskflow_api_etl.py took 0.023 seconds
[2021-02-25 17:28:55,625] {scheduler_job.py:181} INFO - Started process (PID=188945) to work on /home/i-sip_iot/anaconda3/envs/sandbox/lib/python3.7/site-packages/airflow/example_dags/tutorial_taskflow_api_etl.py
[2021-02-25 17:28:55,625] {scheduler_job.py:629} INFO - Processing file /home/i-sip_iot/anaconda3/envs/sandbox/lib/python3.7/site-packages/airflow/example_dags/tutorial_taskflow_api_etl.py for tasks to queue
[2021-02-25 17:28:55,625] {logging_mixin.py:103} INFO - [2021-02-25 17:28:55,625] {dagbag.py:440} INFO - Filling up the DagBag from /home/i-sip_iot/anaconda3/envs/sandbox/lib/python3.7/site-packages/airflow/example_dags/tutorial_taskflow_api_etl.py
[2021-02-25 17:28:55,632] {scheduler_job.py:639} INFO - DAG(s) dict_keys(['tutorial_taskflow_api_etl']) retrieved from /home/i-sip_iot/anaconda3/envs/sandbox/lib/python3.7/site-packages/airflow/example_dags/tutorial_taskflow_api_etl.py
[2021-02-25 17:28:55,632] {logging_mixin.py:103} INFO - [2021-02-25 17:28:55,632] {dag.py:1813} INFO - Sync 1 DAGs
[2021-02-25 17:28:55,645] {logging_mixin.py:103} INFO - [2021-02-25 17:28:55,645] {dag.py:2266} INFO - Setting next_dagrun for tutorial_taskflow_api_etl to None
[2021-02-25 17:28:55,663] {scheduler_job.py:189} INFO - Processing /home/i-sip_iot/anaconda3/envs/sandbox/lib/python3.7/site-packages/airflow/example_dags/tutorial_taskflow_api_etl.py took 0.040 seconds
[2021-02-25 17:29:23,125] {scheduler_job.py:181} INFO - Started process (PID=189031) to work on /home/i-sip_iot/anaconda3/envs/sandbox/lib/python3.7/site-packages/airflow/example_dags/tutorial_taskflow_api_etl.py
[2021-02-25 17:29:23,126] {scheduler_job.py:629} INFO - Processing file /home/i-sip_iot/anaconda3/envs/sandbox/lib/python3.7/site-packages/airflow/example_dags/tutorial_taskflow_api_etl.py for tasks to queue
[2021-02-25 17:29:23,126] {logging_mixin.py:103} INFO - [2021-02-25 17:29:23,126] {dagbag.py:440} INFO - Filling up the DagBag from /home/i-sip_iot/anaconda3/envs/sandbox/lib/python3.7/site-packages/airflow/example_dags/tutorial_taskflow_api_etl.py
[2021-02-25 17:29:23,133] {scheduler_job.py:639} INFO - DAG(s) dict_keys(['tutorial_taskflow_api_etl']) retrieved from /home/i-sip_iot/anaconda3/envs/sandbox/lib/python3.7/site-packages/airflow/example_dags/tutorial_taskflow_api_etl.py
[2021-02-25 17:29:23,133] {logging_mixin.py:103} INFO - [2021-02-25 17:29:23,133] {dag.py:1813} INFO - Sync 1 DAGs
[2021-02-25 17:29:23,143] {logging_mixin.py:103} INFO - [2021-02-25 17:29:23,143] {dag.py:2266} INFO - Setting next_dagrun for tutorial_taskflow_api_etl to None
[2021-02-25 17:29:23,149] {scheduler_job.py:189} INFO - Processing /home/i-sip_iot/anaconda3/envs/sandbox/lib/python3.7/site-packages/airflow/example_dags/tutorial_taskflow_api_etl.py took 0.025 seconds
[2021-02-25 17:29:50,068] {scheduler_job.py:181} INFO - Started process (PID=189306) to work on /home/i-sip_iot/anaconda3/envs/sandbox/lib/python3.7/site-packages/airflow/example_dags/tutorial_taskflow_api_etl.py
[2021-02-25 17:29:50,069] {scheduler_job.py:629} INFO - Processing file /home/i-sip_iot/anaconda3/envs/sandbox/lib/python3.7/site-packages/airflow/example_dags/tutorial_taskflow_api_etl.py for tasks to queue
[2021-02-25 17:29:50,070] {logging_mixin.py:103} INFO - [2021-02-25 17:29:50,070] {dagbag.py:440} INFO - Filling up the DagBag from /home/i-sip_iot/anaconda3/envs/sandbox/lib/python3.7/site-packages/airflow/example_dags/tutorial_taskflow_api_etl.py
[2021-02-25 17:29:50,075] {scheduler_job.py:639} INFO - DAG(s) dict_keys(['tutorial_taskflow_api_etl']) retrieved from /home/i-sip_iot/anaconda3/envs/sandbox/lib/python3.7/site-packages/airflow/example_dags/tutorial_taskflow_api_etl.py
[2021-02-25 17:29:50,076] {logging_mixin.py:103} INFO - [2021-02-25 17:29:50,076] {dag.py:1813} INFO - Sync 1 DAGs
[2021-02-25 17:29:50,092] {logging_mixin.py:103} INFO - [2021-02-25 17:29:50,092] {dag.py:2266} INFO - Setting next_dagrun for tutorial_taskflow_api_etl to None
[2021-02-25 17:29:50,111] {scheduler_job.py:189} INFO - Processing /home/i-sip_iot/anaconda3/envs/sandbox/lib/python3.7/site-packages/airflow/example_dags/tutorial_taskflow_api_etl.py took 0.045 seconds
[2021-02-25 17:30:17,425] {scheduler_job.py:181} INFO - Started process (PID=189379) to work on /home/i-sip_iot/anaconda3/envs/sandbox/lib/python3.7/site-packages/airflow/example_dags/tutorial_taskflow_api_etl.py
[2021-02-25 17:30:17,427] {scheduler_job.py:629} INFO - Processing file /home/i-sip_iot/anaconda3/envs/sandbox/lib/python3.7/site-packages/airflow/example_dags/tutorial_taskflow_api_etl.py for tasks to queue
[2021-02-25 17:30:17,428] {logging_mixin.py:103} INFO - [2021-02-25 17:30:17,427] {dagbag.py:440} INFO - Filling up the DagBag from /home/i-sip_iot/anaconda3/envs/sandbox/lib/python3.7/site-packages/airflow/example_dags/tutorial_taskflow_api_etl.py
[2021-02-25 17:30:17,444] {scheduler_job.py:639} INFO - DAG(s) dict_keys(['tutorial_taskflow_api_etl']) retrieved from /home/i-sip_iot/anaconda3/envs/sandbox/lib/python3.7/site-packages/airflow/example_dags/tutorial_taskflow_api_etl.py
[2021-02-25 17:30:17,444] {logging_mixin.py:103} INFO - [2021-02-25 17:30:17,444] {dag.py:1813} INFO - Sync 1 DAGs
[2021-02-25 17:30:17,457] {logging_mixin.py:103} INFO - [2021-02-25 17:30:17,457] {dag.py:2266} INFO - Setting next_dagrun for tutorial_taskflow_api_etl to None
[2021-02-25 17:30:17,462] {scheduler_job.py:189} INFO - Processing /home/i-sip_iot/anaconda3/envs/sandbox/lib/python3.7/site-packages/airflow/example_dags/tutorial_taskflow_api_etl.py took 0.042 seconds
[2021-02-25 17:30:45,431] {scheduler_job.py:181} INFO - Started process (PID=189640) to work on /home/i-sip_iot/anaconda3/envs/sandbox/lib/python3.7/site-packages/airflow/example_dags/tutorial_taskflow_api_etl.py
[2021-02-25 17:30:45,431] {scheduler_job.py:629} INFO - Processing file /home/i-sip_iot/anaconda3/envs/sandbox/lib/python3.7/site-packages/airflow/example_dags/tutorial_taskflow_api_etl.py for tasks to queue
[2021-02-25 17:30:45,432] {logging_mixin.py:103} INFO - [2021-02-25 17:30:45,432] {dagbag.py:440} INFO - Filling up the DagBag from /home/i-sip_iot/anaconda3/envs/sandbox/lib/python3.7/site-packages/airflow/example_dags/tutorial_taskflow_api_etl.py
[2021-02-25 17:30:45,440] {scheduler_job.py:639} INFO - DAG(s) dict_keys(['tutorial_taskflow_api_etl']) retrieved from /home/i-sip_iot/anaconda3/envs/sandbox/lib/python3.7/site-packages/airflow/example_dags/tutorial_taskflow_api_etl.py
[2021-02-25 17:30:45,441] {logging_mixin.py:103} INFO - [2021-02-25 17:30:45,441] {dag.py:1813} INFO - Sync 1 DAGs
[2021-02-25 17:30:45,451] {logging_mixin.py:103} INFO - [2021-02-25 17:30:45,451] {dag.py:2266} INFO - Setting next_dagrun for tutorial_taskflow_api_etl to None
[2021-02-25 17:30:45,472] {scheduler_job.py:189} INFO - Processing /home/i-sip_iot/anaconda3/envs/sandbox/lib/python3.7/site-packages/airflow/example_dags/tutorial_taskflow_api_etl.py took 0.043 seconds
[2021-02-25 17:31:12,634] {scheduler_job.py:181} INFO - Started process (PID=189757) to work on /home/i-sip_iot/anaconda3/envs/sandbox/lib/python3.7/site-packages/airflow/example_dags/tutorial_taskflow_api_etl.py
[2021-02-25 17:31:12,634] {scheduler_job.py:629} INFO - Processing file /home/i-sip_iot/anaconda3/envs/sandbox/lib/python3.7/site-packages/airflow/example_dags/tutorial_taskflow_api_etl.py for tasks to queue
[2021-02-25 17:31:12,635] {logging_mixin.py:103} INFO - [2021-02-25 17:31:12,635] {dagbag.py:440} INFO - Filling up the DagBag from /home/i-sip_iot/anaconda3/envs/sandbox/lib/python3.7/site-packages/airflow/example_dags/tutorial_taskflow_api_etl.py
[2021-02-25 17:31:12,641] {scheduler_job.py:639} INFO - DAG(s) dict_keys(['tutorial_taskflow_api_etl']) retrieved from /home/i-sip_iot/anaconda3/envs/sandbox/lib/python3.7/site-packages/airflow/example_dags/tutorial_taskflow_api_etl.py
[2021-02-25 17:31:12,642] {logging_mixin.py:103} INFO - [2021-02-25 17:31:12,642] {dag.py:1813} INFO - Sync 1 DAGs
[2021-02-25 17:31:12,652] {logging_mixin.py:103} INFO - [2021-02-25 17:31:12,652] {dag.py:2266} INFO - Setting next_dagrun for tutorial_taskflow_api_etl to None
[2021-02-25 17:31:12,656] {scheduler_job.py:189} INFO - Processing /home/i-sip_iot/anaconda3/envs/sandbox/lib/python3.7/site-packages/airflow/example_dags/tutorial_taskflow_api_etl.py took 0.025 seconds
[2021-02-25 17:31:39,518] {scheduler_job.py:181} INFO - Started process (PID=189827) to work on /home/i-sip_iot/anaconda3/envs/sandbox/lib/python3.7/site-packages/airflow/example_dags/tutorial_taskflow_api_etl.py
[2021-02-25 17:31:39,521] {scheduler_job.py:629} INFO - Processing file /home/i-sip_iot/anaconda3/envs/sandbox/lib/python3.7/site-packages/airflow/example_dags/tutorial_taskflow_api_etl.py for tasks to queue
[2021-02-25 17:31:39,521] {logging_mixin.py:103} INFO - [2021-02-25 17:31:39,521] {dagbag.py:440} INFO - Filling up the DagBag from /home/i-sip_iot/anaconda3/envs/sandbox/lib/python3.7/site-packages/airflow/example_dags/tutorial_taskflow_api_etl.py
[2021-02-25 17:31:39,528] {scheduler_job.py:639} INFO - DAG(s) dict_keys(['tutorial_taskflow_api_etl']) retrieved from /home/i-sip_iot/anaconda3/envs/sandbox/lib/python3.7/site-packages/airflow/example_dags/tutorial_taskflow_api_etl.py
[2021-02-25 17:31:39,530] {logging_mixin.py:103} INFO - [2021-02-25 17:31:39,529] {dag.py:1813} INFO - Sync 1 DAGs
[2021-02-25 17:31:39,540] {logging_mixin.py:103} INFO - [2021-02-25 17:31:39,540] {dag.py:2266} INFO - Setting next_dagrun for tutorial_taskflow_api_etl to None
[2021-02-25 17:31:39,558] {scheduler_job.py:189} INFO - Processing /home/i-sip_iot/anaconda3/envs/sandbox/lib/python3.7/site-packages/airflow/example_dags/tutorial_taskflow_api_etl.py took 0.041 seconds
[2021-02-25 17:32:06,586] {scheduler_job.py:181} INFO - Started process (PID=190085) to work on /home/i-sip_iot/anaconda3/envs/sandbox/lib/python3.7/site-packages/airflow/example_dags/tutorial_taskflow_api_etl.py
[2021-02-25 17:32:06,588] {scheduler_job.py:629} INFO - Processing file /home/i-sip_iot/anaconda3/envs/sandbox/lib/python3.7/site-packages/airflow/example_dags/tutorial_taskflow_api_etl.py for tasks to queue
[2021-02-25 17:32:06,588] {logging_mixin.py:103} INFO - [2021-02-25 17:32:06,588] {dagbag.py:440} INFO - Filling up the DagBag from /home/i-sip_iot/anaconda3/envs/sandbox/lib/python3.7/site-packages/airflow/example_dags/tutorial_taskflow_api_etl.py
[2021-02-25 17:32:06,599] {scheduler_job.py:639} INFO - DAG(s) dict_keys(['tutorial_taskflow_api_etl']) retrieved from /home/i-sip_iot/anaconda3/envs/sandbox/lib/python3.7/site-packages/airflow/example_dags/tutorial_taskflow_api_etl.py
[2021-02-25 17:32:06,600] {logging_mixin.py:103} INFO - [2021-02-25 17:32:06,600] {dag.py:1813} INFO - Sync 1 DAGs
[2021-02-25 17:32:06,612] {logging_mixin.py:103} INFO - [2021-02-25 17:32:06,612] {dag.py:2266} INFO - Setting next_dagrun for tutorial_taskflow_api_etl to None
[2021-02-25 17:32:06,617] {scheduler_job.py:189} INFO - Processing /home/i-sip_iot/anaconda3/envs/sandbox/lib/python3.7/site-packages/airflow/example_dags/tutorial_taskflow_api_etl.py took 0.034 seconds
[2021-02-25 17:32:33,616] {scheduler_job.py:181} INFO - Started process (PID=190159) to work on /home/i-sip_iot/anaconda3/envs/sandbox/lib/python3.7/site-packages/airflow/example_dags/tutorial_taskflow_api_etl.py
[2021-02-25 17:32:33,617] {scheduler_job.py:629} INFO - Processing file /home/i-sip_iot/anaconda3/envs/sandbox/lib/python3.7/site-packages/airflow/example_dags/tutorial_taskflow_api_etl.py for tasks to queue
[2021-02-25 17:32:33,617] {logging_mixin.py:103} INFO - [2021-02-25 17:32:33,617] {dagbag.py:440} INFO - Filling up the DagBag from /home/i-sip_iot/anaconda3/envs/sandbox/lib/python3.7/site-packages/airflow/example_dags/tutorial_taskflow_api_etl.py
[2021-02-25 17:32:33,622] {scheduler_job.py:639} INFO - DAG(s) dict_keys(['tutorial_taskflow_api_etl']) retrieved from /home/i-sip_iot/anaconda3/envs/sandbox/lib/python3.7/site-packages/airflow/example_dags/tutorial_taskflow_api_etl.py
[2021-02-25 17:32:33,623] {logging_mixin.py:103} INFO - [2021-02-25 17:32:33,623] {dag.py:1813} INFO - Sync 1 DAGs
[2021-02-25 17:32:33,632] {logging_mixin.py:103} INFO - [2021-02-25 17:32:33,632] {dag.py:2266} INFO - Setting next_dagrun for tutorial_taskflow_api_etl to None
[2021-02-25 17:32:33,649] {scheduler_job.py:189} INFO - Processing /home/i-sip_iot/anaconda3/envs/sandbox/lib/python3.7/site-packages/airflow/example_dags/tutorial_taskflow_api_etl.py took 0.034 seconds
[2021-02-25 17:33:01,032] {scheduler_job.py:181} INFO - Started process (PID=190441) to work on /home/i-sip_iot/anaconda3/envs/sandbox/lib/python3.7/site-packages/airflow/example_dags/tutorial_taskflow_api_etl.py
[2021-02-25 17:33:01,033] {scheduler_job.py:629} INFO - Processing file /home/i-sip_iot/anaconda3/envs/sandbox/lib/python3.7/site-packages/airflow/example_dags/tutorial_taskflow_api_etl.py for tasks to queue
[2021-02-25 17:33:01,033] {logging_mixin.py:103} INFO - [2021-02-25 17:33:01,033] {dagbag.py:440} INFO - Filling up the DagBag from /home/i-sip_iot/anaconda3/envs/sandbox/lib/python3.7/site-packages/airflow/example_dags/tutorial_taskflow_api_etl.py
[2021-02-25 17:33:01,042] {scheduler_job.py:639} INFO - DAG(s) dict_keys(['tutorial_taskflow_api_etl']) retrieved from /home/i-sip_iot/anaconda3/envs/sandbox/lib/python3.7/site-packages/airflow/example_dags/tutorial_taskflow_api_etl.py
[2021-02-25 17:33:01,043] {logging_mixin.py:103} INFO - [2021-02-25 17:33:01,043] {dag.py:1813} INFO - Sync 1 DAGs
[2021-02-25 17:33:01,053] {logging_mixin.py:103} INFO - [2021-02-25 17:33:01,053] {dag.py:2266} INFO - Setting next_dagrun for tutorial_taskflow_api_etl to None
[2021-02-25 17:33:01,058] {scheduler_job.py:189} INFO - Processing /home/i-sip_iot/anaconda3/envs/sandbox/lib/python3.7/site-packages/airflow/example_dags/tutorial_taskflow_api_etl.py took 0.028 seconds
[2021-02-25 17:33:27,910] {scheduler_job.py:181} INFO - Started process (PID=190516) to work on /home/i-sip_iot/anaconda3/envs/sandbox/lib/python3.7/site-packages/airflow/example_dags/tutorial_taskflow_api_etl.py
[2021-02-25 17:33:27,913] {scheduler_job.py:629} INFO - Processing file /home/i-sip_iot/anaconda3/envs/sandbox/lib/python3.7/site-packages/airflow/example_dags/tutorial_taskflow_api_etl.py for tasks to queue
[2021-02-25 17:33:27,914] {logging_mixin.py:103} INFO - [2021-02-25 17:33:27,914] {dagbag.py:440} INFO - Filling up the DagBag from /home/i-sip_iot/anaconda3/envs/sandbox/lib/python3.7/site-packages/airflow/example_dags/tutorial_taskflow_api_etl.py
[2021-02-25 17:33:27,934] {scheduler_job.py:639} INFO - DAG(s) dict_keys(['tutorial_taskflow_api_etl']) retrieved from /home/i-sip_iot/anaconda3/envs/sandbox/lib/python3.7/site-packages/airflow/example_dags/tutorial_taskflow_api_etl.py
[2021-02-25 17:33:27,935] {logging_mixin.py:103} INFO - [2021-02-25 17:33:27,935] {dag.py:1813} INFO - Sync 1 DAGs
[2021-02-25 17:33:27,951] {logging_mixin.py:103} INFO - [2021-02-25 17:33:27,951] {dag.py:2266} INFO - Setting next_dagrun for tutorial_taskflow_api_etl to None
[2021-02-25 17:33:27,969] {scheduler_job.py:189} INFO - Processing /home/i-sip_iot/anaconda3/envs/sandbox/lib/python3.7/site-packages/airflow/example_dags/tutorial_taskflow_api_etl.py took 0.065 seconds
