[2021-02-25 17:15:14,072] {scheduler_job.py:181} INFO - Started process (PID=184333) to work on /home/i-sip_iot/anaconda3/envs/sandbox/lib/python3.7/site-packages/airflow/example_dags/tutorial.py
[2021-02-25 17:15:14,074] {scheduler_job.py:629} INFO - Processing file /home/i-sip_iot/anaconda3/envs/sandbox/lib/python3.7/site-packages/airflow/example_dags/tutorial.py for tasks to queue
[2021-02-25 17:15:14,075] {logging_mixin.py:103} INFO - [2021-02-25 17:15:14,075] {dagbag.py:440} INFO - Filling up the DagBag from /home/i-sip_iot/anaconda3/envs/sandbox/lib/python3.7/site-packages/airflow/example_dags/tutorial.py
[2021-02-25 17:15:14,092] {scheduler_job.py:639} INFO - DAG(s) dict_keys(['tutorial']) retrieved from /home/i-sip_iot/anaconda3/envs/sandbox/lib/python3.7/site-packages/airflow/example_dags/tutorial.py
[2021-02-25 17:15:14,093] {logging_mixin.py:103} INFO - [2021-02-25 17:15:14,093] {dag.py:1813} INFO - Sync 1 DAGs
[2021-02-25 17:15:14,108] {logging_mixin.py:103} INFO - [2021-02-25 17:15:14,108] {dag.py:2266} INFO - Setting next_dagrun for tutorial to 2021-02-23 00:00:00+00:00
[2021-02-25 17:15:14,128] {scheduler_job.py:189} INFO - Processing /home/i-sip_iot/anaconda3/envs/sandbox/lib/python3.7/site-packages/airflow/example_dags/tutorial.py took 0.061 seconds
[2021-02-25 17:15:40,963] {scheduler_job.py:181} INFO - Started process (PID=184558) to work on /home/i-sip_iot/anaconda3/envs/sandbox/lib/python3.7/site-packages/airflow/example_dags/tutorial.py
[2021-02-25 17:15:40,964] {scheduler_job.py:629} INFO - Processing file /home/i-sip_iot/anaconda3/envs/sandbox/lib/python3.7/site-packages/airflow/example_dags/tutorial.py for tasks to queue
[2021-02-25 17:15:40,965] {logging_mixin.py:103} INFO - [2021-02-25 17:15:40,965] {dagbag.py:440} INFO - Filling up the DagBag from /home/i-sip_iot/anaconda3/envs/sandbox/lib/python3.7/site-packages/airflow/example_dags/tutorial.py
[2021-02-25 17:15:40,974] {scheduler_job.py:639} INFO - DAG(s) dict_keys(['tutorial']) retrieved from /home/i-sip_iot/anaconda3/envs/sandbox/lib/python3.7/site-packages/airflow/example_dags/tutorial.py
[2021-02-25 17:15:40,975] {logging_mixin.py:103} INFO - [2021-02-25 17:15:40,975] {dag.py:1813} INFO - Sync 1 DAGs
[2021-02-25 17:15:40,987] {logging_mixin.py:103} INFO - [2021-02-25 17:15:40,986] {dag.py:2266} INFO - Setting next_dagrun for tutorial to 2021-02-23 00:00:00+00:00
[2021-02-25 17:15:40,993] {scheduler_job.py:189} INFO - Processing /home/i-sip_iot/anaconda3/envs/sandbox/lib/python3.7/site-packages/airflow/example_dags/tutorial.py took 0.033 seconds
[2021-02-25 17:16:08,316] {scheduler_job.py:181} INFO - Started process (PID=184646) to work on /home/i-sip_iot/anaconda3/envs/sandbox/lib/python3.7/site-packages/airflow/example_dags/tutorial.py
[2021-02-25 17:16:08,317] {scheduler_job.py:629} INFO - Processing file /home/i-sip_iot/anaconda3/envs/sandbox/lib/python3.7/site-packages/airflow/example_dags/tutorial.py for tasks to queue
[2021-02-25 17:16:08,317] {logging_mixin.py:103} INFO - [2021-02-25 17:16:08,317] {dagbag.py:440} INFO - Filling up the DagBag from /home/i-sip_iot/anaconda3/envs/sandbox/lib/python3.7/site-packages/airflow/example_dags/tutorial.py
[2021-02-25 17:16:08,322] {scheduler_job.py:639} INFO - DAG(s) dict_keys(['tutorial']) retrieved from /home/i-sip_iot/anaconda3/envs/sandbox/lib/python3.7/site-packages/airflow/example_dags/tutorial.py
[2021-02-25 17:16:08,322] {logging_mixin.py:103} INFO - [2021-02-25 17:16:08,322] {dag.py:1813} INFO - Sync 1 DAGs
[2021-02-25 17:16:08,332] {logging_mixin.py:103} INFO - [2021-02-25 17:16:08,332] {dag.py:2266} INFO - Setting next_dagrun for tutorial to 2021-02-23 00:00:00+00:00
[2021-02-25 17:16:08,339] {scheduler_job.py:189} INFO - Processing /home/i-sip_iot/anaconda3/envs/sandbox/lib/python3.7/site-packages/airflow/example_dags/tutorial.py took 0.024 seconds
[2021-02-25 17:16:35,418] {scheduler_job.py:181} INFO - Started process (PID=184875) to work on /home/i-sip_iot/anaconda3/envs/sandbox/lib/python3.7/site-packages/airflow/example_dags/tutorial.py
[2021-02-25 17:16:35,420] {scheduler_job.py:629} INFO - Processing file /home/i-sip_iot/anaconda3/envs/sandbox/lib/python3.7/site-packages/airflow/example_dags/tutorial.py for tasks to queue
[2021-02-25 17:16:35,420] {logging_mixin.py:103} INFO - [2021-02-25 17:16:35,420] {dagbag.py:440} INFO - Filling up the DagBag from /home/i-sip_iot/anaconda3/envs/sandbox/lib/python3.7/site-packages/airflow/example_dags/tutorial.py
[2021-02-25 17:16:35,430] {scheduler_job.py:639} INFO - DAG(s) dict_keys(['tutorial']) retrieved from /home/i-sip_iot/anaconda3/envs/sandbox/lib/python3.7/site-packages/airflow/example_dags/tutorial.py
[2021-02-25 17:16:35,430] {logging_mixin.py:103} INFO - [2021-02-25 17:16:35,430] {dag.py:1813} INFO - Sync 1 DAGs
[2021-02-25 17:16:35,443] {logging_mixin.py:103} INFO - [2021-02-25 17:16:35,442] {dag.py:2266} INFO - Setting next_dagrun for tutorial to 2021-02-23 00:00:00+00:00
[2021-02-25 17:16:35,451] {scheduler_job.py:189} INFO - Processing /home/i-sip_iot/anaconda3/envs/sandbox/lib/python3.7/site-packages/airflow/example_dags/tutorial.py took 0.037 seconds
[2021-02-25 17:17:03,462] {scheduler_job.py:181} INFO - Started process (PID=184953) to work on /home/i-sip_iot/anaconda3/envs/sandbox/lib/python3.7/site-packages/airflow/example_dags/tutorial.py
[2021-02-25 17:17:03,464] {scheduler_job.py:629} INFO - Processing file /home/i-sip_iot/anaconda3/envs/sandbox/lib/python3.7/site-packages/airflow/example_dags/tutorial.py for tasks to queue
[2021-02-25 17:17:03,465] {logging_mixin.py:103} INFO - [2021-02-25 17:17:03,465] {dagbag.py:440} INFO - Filling up the DagBag from /home/i-sip_iot/anaconda3/envs/sandbox/lib/python3.7/site-packages/airflow/example_dags/tutorial.py
[2021-02-25 17:17:03,483] {scheduler_job.py:639} INFO - DAG(s) dict_keys(['tutorial']) retrieved from /home/i-sip_iot/anaconda3/envs/sandbox/lib/python3.7/site-packages/airflow/example_dags/tutorial.py
[2021-02-25 17:17:03,484] {logging_mixin.py:103} INFO - [2021-02-25 17:17:03,484] {dag.py:1813} INFO - Sync 1 DAGs
[2021-02-25 17:17:03,502] {logging_mixin.py:103} INFO - [2021-02-25 17:17:03,502] {dag.py:2266} INFO - Setting next_dagrun for tutorial to 2021-02-23 00:00:00+00:00
[2021-02-25 17:17:03,511] {scheduler_job.py:189} INFO - Processing /home/i-sip_iot/anaconda3/envs/sandbox/lib/python3.7/site-packages/airflow/example_dags/tutorial.py took 0.055 seconds
[2021-02-25 17:17:30,278] {scheduler_job.py:181} INFO - Started process (PID=185045) to work on /home/i-sip_iot/anaconda3/envs/sandbox/lib/python3.7/site-packages/airflow/example_dags/tutorial.py
[2021-02-25 17:17:30,278] {scheduler_job.py:629} INFO - Processing file /home/i-sip_iot/anaconda3/envs/sandbox/lib/python3.7/site-packages/airflow/example_dags/tutorial.py for tasks to queue
[2021-02-25 17:17:30,279] {logging_mixin.py:103} INFO - [2021-02-25 17:17:30,279] {dagbag.py:440} INFO - Filling up the DagBag from /home/i-sip_iot/anaconda3/envs/sandbox/lib/python3.7/site-packages/airflow/example_dags/tutorial.py
[2021-02-25 17:17:30,287] {scheduler_job.py:639} INFO - DAG(s) dict_keys(['tutorial']) retrieved from /home/i-sip_iot/anaconda3/envs/sandbox/lib/python3.7/site-packages/airflow/example_dags/tutorial.py
[2021-02-25 17:17:30,287] {logging_mixin.py:103} INFO - [2021-02-25 17:17:30,287] {dag.py:1813} INFO - Sync 1 DAGs
[2021-02-25 17:17:30,299] {logging_mixin.py:103} INFO - [2021-02-25 17:17:30,298] {dag.py:2266} INFO - Setting next_dagrun for tutorial to 2021-02-23 00:00:00+00:00
[2021-02-25 17:17:30,306] {scheduler_job.py:189} INFO - Processing /home/i-sip_iot/anaconda3/envs/sandbox/lib/python3.7/site-packages/airflow/example_dags/tutorial.py took 0.030 seconds
[2021-02-25 17:17:57,602] {scheduler_job.py:181} INFO - Started process (PID=185270) to work on /home/i-sip_iot/anaconda3/envs/sandbox/lib/python3.7/site-packages/airflow/example_dags/tutorial.py
[2021-02-25 17:17:57,603] {scheduler_job.py:629} INFO - Processing file /home/i-sip_iot/anaconda3/envs/sandbox/lib/python3.7/site-packages/airflow/example_dags/tutorial.py for tasks to queue
[2021-02-25 17:17:57,604] {logging_mixin.py:103} INFO - [2021-02-25 17:17:57,604] {dagbag.py:440} INFO - Filling up the DagBag from /home/i-sip_iot/anaconda3/envs/sandbox/lib/python3.7/site-packages/airflow/example_dags/tutorial.py
[2021-02-25 17:17:57,613] {scheduler_job.py:639} INFO - DAG(s) dict_keys(['tutorial']) retrieved from /home/i-sip_iot/anaconda3/envs/sandbox/lib/python3.7/site-packages/airflow/example_dags/tutorial.py
[2021-02-25 17:17:57,614] {logging_mixin.py:103} INFO - [2021-02-25 17:17:57,614] {dag.py:1813} INFO - Sync 1 DAGs
[2021-02-25 17:17:57,629] {logging_mixin.py:103} INFO - [2021-02-25 17:17:57,629] {dag.py:2266} INFO - Setting next_dagrun for tutorial to 2021-02-23 00:00:00+00:00
[2021-02-25 17:17:57,638] {scheduler_job.py:189} INFO - Processing /home/i-sip_iot/anaconda3/envs/sandbox/lib/python3.7/site-packages/airflow/example_dags/tutorial.py took 0.038 seconds
[2021-02-25 17:18:24,375] {scheduler_job.py:181} INFO - Started process (PID=185336) to work on /home/i-sip_iot/anaconda3/envs/sandbox/lib/python3.7/site-packages/airflow/example_dags/tutorial.py
[2021-02-25 17:18:24,376] {scheduler_job.py:629} INFO - Processing file /home/i-sip_iot/anaconda3/envs/sandbox/lib/python3.7/site-packages/airflow/example_dags/tutorial.py for tasks to queue
[2021-02-25 17:18:24,376] {logging_mixin.py:103} INFO - [2021-02-25 17:18:24,376] {dagbag.py:440} INFO - Filling up the DagBag from /home/i-sip_iot/anaconda3/envs/sandbox/lib/python3.7/site-packages/airflow/example_dags/tutorial.py
[2021-02-25 17:18:24,381] {scheduler_job.py:639} INFO - DAG(s) dict_keys(['tutorial']) retrieved from /home/i-sip_iot/anaconda3/envs/sandbox/lib/python3.7/site-packages/airflow/example_dags/tutorial.py
[2021-02-25 17:18:24,382] {logging_mixin.py:103} INFO - [2021-02-25 17:18:24,382] {dag.py:1813} INFO - Sync 1 DAGs
[2021-02-25 17:18:24,393] {logging_mixin.py:103} INFO - [2021-02-25 17:18:24,393] {dag.py:2266} INFO - Setting next_dagrun for tutorial to 2021-02-23 00:00:00+00:00
[2021-02-25 17:18:24,402] {scheduler_job.py:189} INFO - Processing /home/i-sip_iot/anaconda3/envs/sandbox/lib/python3.7/site-packages/airflow/example_dags/tutorial.py took 0.029 seconds
[2021-02-25 17:18:52,610] {scheduler_job.py:181} INFO - Started process (PID=185576) to work on /home/i-sip_iot/anaconda3/envs/sandbox/lib/python3.7/site-packages/airflow/example_dags/tutorial.py
[2021-02-25 17:18:52,612] {scheduler_job.py:629} INFO - Processing file /home/i-sip_iot/anaconda3/envs/sandbox/lib/python3.7/site-packages/airflow/example_dags/tutorial.py for tasks to queue
[2021-02-25 17:18:52,613] {logging_mixin.py:103} INFO - [2021-02-25 17:18:52,613] {dagbag.py:440} INFO - Filling up the DagBag from /home/i-sip_iot/anaconda3/envs/sandbox/lib/python3.7/site-packages/airflow/example_dags/tutorial.py
[2021-02-25 17:18:52,631] {scheduler_job.py:639} INFO - DAG(s) dict_keys(['tutorial']) retrieved from /home/i-sip_iot/anaconda3/envs/sandbox/lib/python3.7/site-packages/airflow/example_dags/tutorial.py
[2021-02-25 17:18:52,632] {logging_mixin.py:103} INFO - [2021-02-25 17:18:52,632] {dag.py:1813} INFO - Sync 1 DAGs
[2021-02-25 17:18:52,649] {logging_mixin.py:103} INFO - [2021-02-25 17:18:52,649] {dag.py:2266} INFO - Setting next_dagrun for tutorial to 2021-02-23 00:00:00+00:00
[2021-02-25 17:18:52,658] {scheduler_job.py:189} INFO - Processing /home/i-sip_iot/anaconda3/envs/sandbox/lib/python3.7/site-packages/airflow/example_dags/tutorial.py took 0.054 seconds
[2021-02-25 17:19:19,515] {scheduler_job.py:181} INFO - Started process (PID=185649) to work on /home/i-sip_iot/anaconda3/envs/sandbox/lib/python3.7/site-packages/airflow/example_dags/tutorial.py
[2021-02-25 17:19:19,516] {scheduler_job.py:629} INFO - Processing file /home/i-sip_iot/anaconda3/envs/sandbox/lib/python3.7/site-packages/airflow/example_dags/tutorial.py for tasks to queue
[2021-02-25 17:19:19,516] {logging_mixin.py:103} INFO - [2021-02-25 17:19:19,516] {dagbag.py:440} INFO - Filling up the DagBag from /home/i-sip_iot/anaconda3/envs/sandbox/lib/python3.7/site-packages/airflow/example_dags/tutorial.py
[2021-02-25 17:19:19,520] {scheduler_job.py:639} INFO - DAG(s) dict_keys(['tutorial']) retrieved from /home/i-sip_iot/anaconda3/envs/sandbox/lib/python3.7/site-packages/airflow/example_dags/tutorial.py
[2021-02-25 17:19:19,521] {logging_mixin.py:103} INFO - [2021-02-25 17:19:19,521] {dag.py:1813} INFO - Sync 1 DAGs
[2021-02-25 17:19:19,530] {logging_mixin.py:103} INFO - [2021-02-25 17:19:19,530] {dag.py:2266} INFO - Setting next_dagrun for tutorial to 2021-02-23 00:00:00+00:00
[2021-02-25 17:19:19,540] {scheduler_job.py:189} INFO - Processing /home/i-sip_iot/anaconda3/envs/sandbox/lib/python3.7/site-packages/airflow/example_dags/tutorial.py took 0.026 seconds
[2021-02-25 17:19:45,895] {scheduler_job.py:181} INFO - Started process (PID=185870) to work on /home/i-sip_iot/anaconda3/envs/sandbox/lib/python3.7/site-packages/airflow/example_dags/tutorial.py
[2021-02-25 17:19:45,897] {scheduler_job.py:629} INFO - Processing file /home/i-sip_iot/anaconda3/envs/sandbox/lib/python3.7/site-packages/airflow/example_dags/tutorial.py for tasks to queue
[2021-02-25 17:19:45,898] {logging_mixin.py:103} INFO - [2021-02-25 17:19:45,898] {dagbag.py:440} INFO - Filling up the DagBag from /home/i-sip_iot/anaconda3/envs/sandbox/lib/python3.7/site-packages/airflow/example_dags/tutorial.py
[2021-02-25 17:19:45,914] {scheduler_job.py:639} INFO - DAG(s) dict_keys(['tutorial']) retrieved from /home/i-sip_iot/anaconda3/envs/sandbox/lib/python3.7/site-packages/airflow/example_dags/tutorial.py
[2021-02-25 17:19:45,915] {logging_mixin.py:103} INFO - [2021-02-25 17:19:45,915] {dag.py:1813} INFO - Sync 1 DAGs
[2021-02-25 17:19:45,930] {logging_mixin.py:103} INFO - [2021-02-25 17:19:45,930] {dag.py:2266} INFO - Setting next_dagrun for tutorial to 2021-02-23 00:00:00+00:00
[2021-02-25 17:19:45,939] {scheduler_job.py:189} INFO - Processing /home/i-sip_iot/anaconda3/envs/sandbox/lib/python3.7/site-packages/airflow/example_dags/tutorial.py took 0.050 seconds
[2021-02-25 17:20:12,793] {scheduler_job.py:181} INFO - Started process (PID=185943) to work on /home/i-sip_iot/anaconda3/envs/sandbox/lib/python3.7/site-packages/airflow/example_dags/tutorial.py
[2021-02-25 17:20:12,795] {scheduler_job.py:629} INFO - Processing file /home/i-sip_iot/anaconda3/envs/sandbox/lib/python3.7/site-packages/airflow/example_dags/tutorial.py for tasks to queue
[2021-02-25 17:20:12,796] {logging_mixin.py:103} INFO - [2021-02-25 17:20:12,796] {dagbag.py:440} INFO - Filling up the DagBag from /home/i-sip_iot/anaconda3/envs/sandbox/lib/python3.7/site-packages/airflow/example_dags/tutorial.py
[2021-02-25 17:20:12,815] {scheduler_job.py:639} INFO - DAG(s) dict_keys(['tutorial']) retrieved from /home/i-sip_iot/anaconda3/envs/sandbox/lib/python3.7/site-packages/airflow/example_dags/tutorial.py
[2021-02-25 17:20:12,816] {logging_mixin.py:103} INFO - [2021-02-25 17:20:12,816] {dag.py:1813} INFO - Sync 1 DAGs
[2021-02-25 17:20:12,834] {logging_mixin.py:103} INFO - [2021-02-25 17:20:12,834] {dag.py:2266} INFO - Setting next_dagrun for tutorial to 2021-02-23 00:00:00+00:00
[2021-02-25 17:20:12,843] {scheduler_job.py:189} INFO - Processing /home/i-sip_iot/anaconda3/envs/sandbox/lib/python3.7/site-packages/airflow/example_dags/tutorial.py took 0.056 seconds
[2021-02-25 17:20:40,483] {scheduler_job.py:181} INFO - Started process (PID=186192) to work on /home/i-sip_iot/anaconda3/envs/sandbox/lib/python3.7/site-packages/airflow/example_dags/tutorial.py
[2021-02-25 17:20:40,485] {scheduler_job.py:629} INFO - Processing file /home/i-sip_iot/anaconda3/envs/sandbox/lib/python3.7/site-packages/airflow/example_dags/tutorial.py for tasks to queue
[2021-02-25 17:20:40,486] {logging_mixin.py:103} INFO - [2021-02-25 17:20:40,485] {dagbag.py:440} INFO - Filling up the DagBag from /home/i-sip_iot/anaconda3/envs/sandbox/lib/python3.7/site-packages/airflow/example_dags/tutorial.py
[2021-02-25 17:20:40,500] {scheduler_job.py:639} INFO - DAG(s) dict_keys(['tutorial']) retrieved from /home/i-sip_iot/anaconda3/envs/sandbox/lib/python3.7/site-packages/airflow/example_dags/tutorial.py
[2021-02-25 17:20:40,501] {logging_mixin.py:103} INFO - [2021-02-25 17:20:40,501] {dag.py:1813} INFO - Sync 1 DAGs
[2021-02-25 17:20:40,517] {logging_mixin.py:103} INFO - [2021-02-25 17:20:40,517] {dag.py:2266} INFO - Setting next_dagrun for tutorial to 2021-02-23 00:00:00+00:00
[2021-02-25 17:20:40,528] {scheduler_job.py:189} INFO - Processing /home/i-sip_iot/anaconda3/envs/sandbox/lib/python3.7/site-packages/airflow/example_dags/tutorial.py took 0.049 seconds
[2021-02-25 17:21:08,245] {scheduler_job.py:181} INFO - Started process (PID=186279) to work on /home/i-sip_iot/anaconda3/envs/sandbox/lib/python3.7/site-packages/airflow/example_dags/tutorial.py
[2021-02-25 17:21:08,248] {scheduler_job.py:629} INFO - Processing file /home/i-sip_iot/anaconda3/envs/sandbox/lib/python3.7/site-packages/airflow/example_dags/tutorial.py for tasks to queue
[2021-02-25 17:21:08,249] {logging_mixin.py:103} INFO - [2021-02-25 17:21:08,249] {dagbag.py:440} INFO - Filling up the DagBag from /home/i-sip_iot/anaconda3/envs/sandbox/lib/python3.7/site-packages/airflow/example_dags/tutorial.py
[2021-02-25 17:21:08,264] {scheduler_job.py:639} INFO - DAG(s) dict_keys(['tutorial']) retrieved from /home/i-sip_iot/anaconda3/envs/sandbox/lib/python3.7/site-packages/airflow/example_dags/tutorial.py
[2021-02-25 17:21:08,265] {logging_mixin.py:103} INFO - [2021-02-25 17:21:08,265] {dag.py:1813} INFO - Sync 1 DAGs
[2021-02-25 17:21:08,281] {logging_mixin.py:103} INFO - [2021-02-25 17:21:08,281] {dag.py:2266} INFO - Setting next_dagrun for tutorial to 2021-02-23 00:00:00+00:00
[2021-02-25 17:21:08,291] {scheduler_job.py:189} INFO - Processing /home/i-sip_iot/anaconda3/envs/sandbox/lib/python3.7/site-packages/airflow/example_dags/tutorial.py took 0.053 seconds
[2021-02-25 17:21:35,175] {scheduler_job.py:181} INFO - Started process (PID=186332) to work on /home/i-sip_iot/anaconda3/envs/sandbox/lib/python3.7/site-packages/airflow/example_dags/tutorial.py
[2021-02-25 17:21:35,177] {scheduler_job.py:629} INFO - Processing file /home/i-sip_iot/anaconda3/envs/sandbox/lib/python3.7/site-packages/airflow/example_dags/tutorial.py for tasks to queue
[2021-02-25 17:21:35,178] {logging_mixin.py:103} INFO - [2021-02-25 17:21:35,178] {dagbag.py:440} INFO - Filling up the DagBag from /home/i-sip_iot/anaconda3/envs/sandbox/lib/python3.7/site-packages/airflow/example_dags/tutorial.py
[2021-02-25 17:21:35,194] {scheduler_job.py:639} INFO - DAG(s) dict_keys(['tutorial']) retrieved from /home/i-sip_iot/anaconda3/envs/sandbox/lib/python3.7/site-packages/airflow/example_dags/tutorial.py
[2021-02-25 17:21:35,195] {logging_mixin.py:103} INFO - [2021-02-25 17:21:35,195] {dag.py:1813} INFO - Sync 1 DAGs
[2021-02-25 17:21:35,210] {logging_mixin.py:103} INFO - [2021-02-25 17:21:35,209] {dag.py:2266} INFO - Setting next_dagrun for tutorial to 2021-02-23 00:00:00+00:00
[2021-02-25 17:21:35,219] {scheduler_job.py:189} INFO - Processing /home/i-sip_iot/anaconda3/envs/sandbox/lib/python3.7/site-packages/airflow/example_dags/tutorial.py took 0.051 seconds
[2021-02-25 17:22:02,085] {scheduler_job.py:181} INFO - Started process (PID=186571) to work on /home/i-sip_iot/anaconda3/envs/sandbox/lib/python3.7/site-packages/airflow/example_dags/tutorial.py
[2021-02-25 17:22:02,086] {scheduler_job.py:629} INFO - Processing file /home/i-sip_iot/anaconda3/envs/sandbox/lib/python3.7/site-packages/airflow/example_dags/tutorial.py for tasks to queue
[2021-02-25 17:22:02,086] {logging_mixin.py:103} INFO - [2021-02-25 17:22:02,086] {dagbag.py:440} INFO - Filling up the DagBag from /home/i-sip_iot/anaconda3/envs/sandbox/lib/python3.7/site-packages/airflow/example_dags/tutorial.py
[2021-02-25 17:22:02,091] {scheduler_job.py:639} INFO - DAG(s) dict_keys(['tutorial']) retrieved from /home/i-sip_iot/anaconda3/envs/sandbox/lib/python3.7/site-packages/airflow/example_dags/tutorial.py
[2021-02-25 17:22:02,091] {logging_mixin.py:103} INFO - [2021-02-25 17:22:02,091] {dag.py:1813} INFO - Sync 1 DAGs
[2021-02-25 17:22:02,100] {logging_mixin.py:103} INFO - [2021-02-25 17:22:02,099] {dag.py:2266} INFO - Setting next_dagrun for tutorial to 2021-02-23 00:00:00+00:00
[2021-02-25 17:22:02,107] {scheduler_job.py:189} INFO - Processing /home/i-sip_iot/anaconda3/envs/sandbox/lib/python3.7/site-packages/airflow/example_dags/tutorial.py took 0.023 seconds
[2021-02-25 17:22:29,793] {scheduler_job.py:181} INFO - Started process (PID=186622) to work on /home/i-sip_iot/anaconda3/envs/sandbox/lib/python3.7/site-packages/airflow/example_dags/tutorial.py
[2021-02-25 17:22:29,795] {scheduler_job.py:629} INFO - Processing file /home/i-sip_iot/anaconda3/envs/sandbox/lib/python3.7/site-packages/airflow/example_dags/tutorial.py for tasks to queue
[2021-02-25 17:22:29,796] {logging_mixin.py:103} INFO - [2021-02-25 17:22:29,796] {dagbag.py:440} INFO - Filling up the DagBag from /home/i-sip_iot/anaconda3/envs/sandbox/lib/python3.7/site-packages/airflow/example_dags/tutorial.py
[2021-02-25 17:22:29,813] {scheduler_job.py:639} INFO - DAG(s) dict_keys(['tutorial']) retrieved from /home/i-sip_iot/anaconda3/envs/sandbox/lib/python3.7/site-packages/airflow/example_dags/tutorial.py
[2021-02-25 17:22:29,815] {logging_mixin.py:103} INFO - [2021-02-25 17:22:29,814] {dag.py:1813} INFO - Sync 1 DAGs
[2021-02-25 17:22:29,831] {logging_mixin.py:103} INFO - [2021-02-25 17:22:29,831] {dag.py:2266} INFO - Setting next_dagrun for tutorial to 2021-02-23 00:00:00+00:00
[2021-02-25 17:22:29,841] {scheduler_job.py:189} INFO - Processing /home/i-sip_iot/anaconda3/envs/sandbox/lib/python3.7/site-packages/airflow/example_dags/tutorial.py took 0.053 seconds
[2021-02-25 17:22:56,643] {scheduler_job.py:181} INFO - Started process (PID=186859) to work on /home/i-sip_iot/anaconda3/envs/sandbox/lib/python3.7/site-packages/airflow/example_dags/tutorial.py
[2021-02-25 17:22:56,643] {scheduler_job.py:629} INFO - Processing file /home/i-sip_iot/anaconda3/envs/sandbox/lib/python3.7/site-packages/airflow/example_dags/tutorial.py for tasks to queue
[2021-02-25 17:22:56,644] {logging_mixin.py:103} INFO - [2021-02-25 17:22:56,644] {dagbag.py:440} INFO - Filling up the DagBag from /home/i-sip_iot/anaconda3/envs/sandbox/lib/python3.7/site-packages/airflow/example_dags/tutorial.py
[2021-02-25 17:22:56,648] {scheduler_job.py:639} INFO - DAG(s) dict_keys(['tutorial']) retrieved from /home/i-sip_iot/anaconda3/envs/sandbox/lib/python3.7/site-packages/airflow/example_dags/tutorial.py
[2021-02-25 17:22:56,649] {logging_mixin.py:103} INFO - [2021-02-25 17:22:56,649] {dag.py:1813} INFO - Sync 1 DAGs
[2021-02-25 17:22:56,658] {logging_mixin.py:103} INFO - [2021-02-25 17:22:56,658] {dag.py:2266} INFO - Setting next_dagrun for tutorial to 2021-02-23 00:00:00+00:00
[2021-02-25 17:22:56,665] {scheduler_job.py:189} INFO - Processing /home/i-sip_iot/anaconda3/envs/sandbox/lib/python3.7/site-packages/airflow/example_dags/tutorial.py took 0.024 seconds
[2021-02-25 17:23:24,432] {scheduler_job.py:181} INFO - Started process (PID=186906) to work on /home/i-sip_iot/anaconda3/envs/sandbox/lib/python3.7/site-packages/airflow/example_dags/tutorial.py
[2021-02-25 17:23:24,435] {scheduler_job.py:629} INFO - Processing file /home/i-sip_iot/anaconda3/envs/sandbox/lib/python3.7/site-packages/airflow/example_dags/tutorial.py for tasks to queue
[2021-02-25 17:23:24,436] {logging_mixin.py:103} INFO - [2021-02-25 17:23:24,436] {dagbag.py:440} INFO - Filling up the DagBag from /home/i-sip_iot/anaconda3/envs/sandbox/lib/python3.7/site-packages/airflow/example_dags/tutorial.py
[2021-02-25 17:23:24,452] {scheduler_job.py:639} INFO - DAG(s) dict_keys(['tutorial']) retrieved from /home/i-sip_iot/anaconda3/envs/sandbox/lib/python3.7/site-packages/airflow/example_dags/tutorial.py
[2021-02-25 17:23:24,453] {logging_mixin.py:103} INFO - [2021-02-25 17:23:24,453] {dag.py:1813} INFO - Sync 1 DAGs
[2021-02-25 17:23:24,468] {logging_mixin.py:103} INFO - [2021-02-25 17:23:24,468] {dag.py:2266} INFO - Setting next_dagrun for tutorial to 2021-02-23 00:00:00+00:00
[2021-02-25 17:23:24,479] {scheduler_job.py:189} INFO - Processing /home/i-sip_iot/anaconda3/envs/sandbox/lib/python3.7/site-packages/airflow/example_dags/tutorial.py took 0.053 seconds
[2021-02-25 17:23:51,304] {scheduler_job.py:181} INFO - Started process (PID=187144) to work on /home/i-sip_iot/anaconda3/envs/sandbox/lib/python3.7/site-packages/airflow/example_dags/tutorial.py
[2021-02-25 17:23:51,306] {scheduler_job.py:629} INFO - Processing file /home/i-sip_iot/anaconda3/envs/sandbox/lib/python3.7/site-packages/airflow/example_dags/tutorial.py for tasks to queue
[2021-02-25 17:23:51,307] {logging_mixin.py:103} INFO - [2021-02-25 17:23:51,307] {dagbag.py:440} INFO - Filling up the DagBag from /home/i-sip_iot/anaconda3/envs/sandbox/lib/python3.7/site-packages/airflow/example_dags/tutorial.py
[2021-02-25 17:23:51,321] {scheduler_job.py:639} INFO - DAG(s) dict_keys(['tutorial']) retrieved from /home/i-sip_iot/anaconda3/envs/sandbox/lib/python3.7/site-packages/airflow/example_dags/tutorial.py
[2021-02-25 17:23:51,321] {logging_mixin.py:103} INFO - [2021-02-25 17:23:51,321] {dag.py:1813} INFO - Sync 1 DAGs
[2021-02-25 17:23:51,336] {logging_mixin.py:103} INFO - [2021-02-25 17:23:51,336] {dag.py:2266} INFO - Setting next_dagrun for tutorial to 2021-02-23 00:00:00+00:00
[2021-02-25 17:23:51,345] {scheduler_job.py:189} INFO - Processing /home/i-sip_iot/anaconda3/envs/sandbox/lib/python3.7/site-packages/airflow/example_dags/tutorial.py took 0.047 seconds
[2021-02-25 17:24:18,255] {scheduler_job.py:181} INFO - Started process (PID=187218) to work on /home/i-sip_iot/anaconda3/envs/sandbox/lib/python3.7/site-packages/airflow/example_dags/tutorial.py
[2021-02-25 17:24:18,259] {scheduler_job.py:629} INFO - Processing file /home/i-sip_iot/anaconda3/envs/sandbox/lib/python3.7/site-packages/airflow/example_dags/tutorial.py for tasks to queue
[2021-02-25 17:24:18,260] {logging_mixin.py:103} INFO - [2021-02-25 17:24:18,260] {dagbag.py:440} INFO - Filling up the DagBag from /home/i-sip_iot/anaconda3/envs/sandbox/lib/python3.7/site-packages/airflow/example_dags/tutorial.py
[2021-02-25 17:24:18,273] {scheduler_job.py:639} INFO - DAG(s) dict_keys(['tutorial']) retrieved from /home/i-sip_iot/anaconda3/envs/sandbox/lib/python3.7/site-packages/airflow/example_dags/tutorial.py
[2021-02-25 17:24:18,274] {logging_mixin.py:103} INFO - [2021-02-25 17:24:18,274] {dag.py:1813} INFO - Sync 1 DAGs
[2021-02-25 17:24:18,289] {logging_mixin.py:103} INFO - [2021-02-25 17:24:18,289] {dag.py:2266} INFO - Setting next_dagrun for tutorial to 2021-02-23 00:00:00+00:00
[2021-02-25 17:24:18,298] {scheduler_job.py:189} INFO - Processing /home/i-sip_iot/anaconda3/envs/sandbox/lib/python3.7/site-packages/airflow/example_dags/tutorial.py took 0.050 seconds
[2021-02-25 17:24:45,769] {scheduler_job.py:181} INFO - Started process (PID=187453) to work on /home/i-sip_iot/anaconda3/envs/sandbox/lib/python3.7/site-packages/airflow/example_dags/tutorial.py
[2021-02-25 17:24:45,772] {scheduler_job.py:629} INFO - Processing file /home/i-sip_iot/anaconda3/envs/sandbox/lib/python3.7/site-packages/airflow/example_dags/tutorial.py for tasks to queue
[2021-02-25 17:24:45,773] {logging_mixin.py:103} INFO - [2021-02-25 17:24:45,773] {dagbag.py:440} INFO - Filling up the DagBag from /home/i-sip_iot/anaconda3/envs/sandbox/lib/python3.7/site-packages/airflow/example_dags/tutorial.py
[2021-02-25 17:24:45,787] {scheduler_job.py:639} INFO - DAG(s) dict_keys(['tutorial']) retrieved from /home/i-sip_iot/anaconda3/envs/sandbox/lib/python3.7/site-packages/airflow/example_dags/tutorial.py
[2021-02-25 17:24:45,788] {logging_mixin.py:103} INFO - [2021-02-25 17:24:45,788] {dag.py:1813} INFO - Sync 1 DAGs
[2021-02-25 17:24:45,802] {logging_mixin.py:103} INFO - [2021-02-25 17:24:45,802] {dag.py:2266} INFO - Setting next_dagrun for tutorial to 2021-02-23 00:00:00+00:00
[2021-02-25 17:24:45,811] {scheduler_job.py:189} INFO - Processing /home/i-sip_iot/anaconda3/envs/sandbox/lib/python3.7/site-packages/airflow/example_dags/tutorial.py took 0.048 seconds
[2021-02-25 17:25:12,635] {scheduler_job.py:181} INFO - Started process (PID=187536) to work on /home/i-sip_iot/anaconda3/envs/sandbox/lib/python3.7/site-packages/airflow/example_dags/tutorial.py
[2021-02-25 17:25:12,636] {scheduler_job.py:629} INFO - Processing file /home/i-sip_iot/anaconda3/envs/sandbox/lib/python3.7/site-packages/airflow/example_dags/tutorial.py for tasks to queue
[2021-02-25 17:25:12,636] {logging_mixin.py:103} INFO - [2021-02-25 17:25:12,636] {dagbag.py:440} INFO - Filling up the DagBag from /home/i-sip_iot/anaconda3/envs/sandbox/lib/python3.7/site-packages/airflow/example_dags/tutorial.py
[2021-02-25 17:25:12,641] {scheduler_job.py:639} INFO - DAG(s) dict_keys(['tutorial']) retrieved from /home/i-sip_iot/anaconda3/envs/sandbox/lib/python3.7/site-packages/airflow/example_dags/tutorial.py
[2021-02-25 17:25:12,641] {logging_mixin.py:103} INFO - [2021-02-25 17:25:12,641] {dag.py:1813} INFO - Sync 1 DAGs
[2021-02-25 17:25:12,651] {logging_mixin.py:103} INFO - [2021-02-25 17:25:12,651] {dag.py:2266} INFO - Setting next_dagrun for tutorial to 2021-02-23 00:00:00+00:00
[2021-02-25 17:25:12,658] {scheduler_job.py:189} INFO - Processing /home/i-sip_iot/anaconda3/envs/sandbox/lib/python3.7/site-packages/airflow/example_dags/tutorial.py took 0.024 seconds
[2021-02-25 17:25:40,677] {scheduler_job.py:181} INFO - Started process (PID=187777) to work on /home/i-sip_iot/anaconda3/envs/sandbox/lib/python3.7/site-packages/airflow/example_dags/tutorial.py
[2021-02-25 17:25:40,677] {scheduler_job.py:629} INFO - Processing file /home/i-sip_iot/anaconda3/envs/sandbox/lib/python3.7/site-packages/airflow/example_dags/tutorial.py for tasks to queue
[2021-02-25 17:25:40,677] {logging_mixin.py:103} INFO - [2021-02-25 17:25:40,677] {dagbag.py:440} INFO - Filling up the DagBag from /home/i-sip_iot/anaconda3/envs/sandbox/lib/python3.7/site-packages/airflow/example_dags/tutorial.py
[2021-02-25 17:25:40,682] {scheduler_job.py:639} INFO - DAG(s) dict_keys(['tutorial']) retrieved from /home/i-sip_iot/anaconda3/envs/sandbox/lib/python3.7/site-packages/airflow/example_dags/tutorial.py
[2021-02-25 17:25:40,683] {logging_mixin.py:103} INFO - [2021-02-25 17:25:40,683] {dag.py:1813} INFO - Sync 1 DAGs
[2021-02-25 17:25:40,692] {logging_mixin.py:103} INFO - [2021-02-25 17:25:40,692] {dag.py:2266} INFO - Setting next_dagrun for tutorial to 2021-02-23 00:00:00+00:00
[2021-02-25 17:25:40,700] {scheduler_job.py:189} INFO - Processing /home/i-sip_iot/anaconda3/envs/sandbox/lib/python3.7/site-packages/airflow/example_dags/tutorial.py took 0.025 seconds
[2021-02-25 17:26:06,965] {scheduler_job.py:181} INFO - Started process (PID=187888) to work on /home/i-sip_iot/anaconda3/envs/sandbox/lib/python3.7/site-packages/airflow/example_dags/tutorial.py
[2021-02-25 17:26:06,966] {scheduler_job.py:629} INFO - Processing file /home/i-sip_iot/anaconda3/envs/sandbox/lib/python3.7/site-packages/airflow/example_dags/tutorial.py for tasks to queue
[2021-02-25 17:26:06,967] {logging_mixin.py:103} INFO - [2021-02-25 17:26:06,967] {dagbag.py:440} INFO - Filling up the DagBag from /home/i-sip_iot/anaconda3/envs/sandbox/lib/python3.7/site-packages/airflow/example_dags/tutorial.py
[2021-02-25 17:26:06,975] {scheduler_job.py:639} INFO - DAG(s) dict_keys(['tutorial']) retrieved from /home/i-sip_iot/anaconda3/envs/sandbox/lib/python3.7/site-packages/airflow/example_dags/tutorial.py
[2021-02-25 17:26:06,977] {logging_mixin.py:103} INFO - [2021-02-25 17:26:06,977] {dag.py:1813} INFO - Sync 1 DAGs
[2021-02-25 17:26:06,988] {logging_mixin.py:103} INFO - [2021-02-25 17:26:06,988] {dag.py:2266} INFO - Setting next_dagrun for tutorial to 2021-02-23 00:00:00+00:00
[2021-02-25 17:26:06,999] {scheduler_job.py:189} INFO - Processing /home/i-sip_iot/anaconda3/envs/sandbox/lib/python3.7/site-packages/airflow/example_dags/tutorial.py took 0.035 seconds
[2021-02-25 17:26:34,961] {scheduler_job.py:181} INFO - Started process (PID=187960) to work on /home/i-sip_iot/anaconda3/envs/sandbox/lib/python3.7/site-packages/airflow/example_dags/tutorial.py
[2021-02-25 17:26:34,963] {scheduler_job.py:629} INFO - Processing file /home/i-sip_iot/anaconda3/envs/sandbox/lib/python3.7/site-packages/airflow/example_dags/tutorial.py for tasks to queue
[2021-02-25 17:26:34,963] {logging_mixin.py:103} INFO - [2021-02-25 17:26:34,963] {dagbag.py:440} INFO - Filling up the DagBag from /home/i-sip_iot/anaconda3/envs/sandbox/lib/python3.7/site-packages/airflow/example_dags/tutorial.py
[2021-02-25 17:26:34,968] {scheduler_job.py:639} INFO - DAG(s) dict_keys(['tutorial']) retrieved from /home/i-sip_iot/anaconda3/envs/sandbox/lib/python3.7/site-packages/airflow/example_dags/tutorial.py
[2021-02-25 17:26:34,969] {logging_mixin.py:103} INFO - [2021-02-25 17:26:34,969] {dag.py:1813} INFO - Sync 1 DAGs
[2021-02-25 17:26:34,981] {logging_mixin.py:103} INFO - [2021-02-25 17:26:34,981] {dag.py:2266} INFO - Setting next_dagrun for tutorial to 2021-02-23 00:00:00+00:00
[2021-02-25 17:26:34,988] {scheduler_job.py:189} INFO - Processing /home/i-sip_iot/anaconda3/envs/sandbox/lib/python3.7/site-packages/airflow/example_dags/tutorial.py took 0.029 seconds
[2021-02-25 17:27:00,850] {scheduler_job.py:181} INFO - Started process (PID=188233) to work on /home/i-sip_iot/anaconda3/envs/sandbox/lib/python3.7/site-packages/airflow/example_dags/tutorial.py
[2021-02-25 17:27:00,851] {scheduler_job.py:629} INFO - Processing file /home/i-sip_iot/anaconda3/envs/sandbox/lib/python3.7/site-packages/airflow/example_dags/tutorial.py for tasks to queue
[2021-02-25 17:27:00,852] {logging_mixin.py:103} INFO - [2021-02-25 17:27:00,852] {dagbag.py:440} INFO - Filling up the DagBag from /home/i-sip_iot/anaconda3/envs/sandbox/lib/python3.7/site-packages/airflow/example_dags/tutorial.py
[2021-02-25 17:27:00,859] {scheduler_job.py:639} INFO - DAG(s) dict_keys(['tutorial']) retrieved from /home/i-sip_iot/anaconda3/envs/sandbox/lib/python3.7/site-packages/airflow/example_dags/tutorial.py
[2021-02-25 17:27:00,860] {logging_mixin.py:103} INFO - [2021-02-25 17:27:00,860] {dag.py:1813} INFO - Sync 1 DAGs
[2021-02-25 17:27:00,873] {logging_mixin.py:103} INFO - [2021-02-25 17:27:00,873] {dag.py:2266} INFO - Setting next_dagrun for tutorial to 2021-02-23 00:00:00+00:00
[2021-02-25 17:27:00,881] {scheduler_job.py:189} INFO - Processing /home/i-sip_iot/anaconda3/envs/sandbox/lib/python3.7/site-packages/airflow/example_dags/tutorial.py took 0.034 seconds
[2021-02-25 17:27:27,631] {scheduler_job.py:181} INFO - Started process (PID=188311) to work on /home/i-sip_iot/anaconda3/envs/sandbox/lib/python3.7/site-packages/airflow/example_dags/tutorial.py
[2021-02-25 17:27:27,632] {scheduler_job.py:629} INFO - Processing file /home/i-sip_iot/anaconda3/envs/sandbox/lib/python3.7/site-packages/airflow/example_dags/tutorial.py for tasks to queue
[2021-02-25 17:27:27,633] {logging_mixin.py:103} INFO - [2021-02-25 17:27:27,633] {dagbag.py:440} INFO - Filling up the DagBag from /home/i-sip_iot/anaconda3/envs/sandbox/lib/python3.7/site-packages/airflow/example_dags/tutorial.py
[2021-02-25 17:27:27,647] {scheduler_job.py:639} INFO - DAG(s) dict_keys(['tutorial']) retrieved from /home/i-sip_iot/anaconda3/envs/sandbox/lib/python3.7/site-packages/airflow/example_dags/tutorial.py
[2021-02-25 17:27:27,655] {logging_mixin.py:103} INFO - [2021-02-25 17:27:27,655] {dag.py:1813} INFO - Sync 1 DAGs
[2021-02-25 17:27:27,686] {logging_mixin.py:103} INFO - [2021-02-25 17:27:27,685] {dag.py:2266} INFO - Setting next_dagrun for tutorial to 2021-02-23 00:00:00+00:00
[2021-02-25 17:27:27,694] {scheduler_job.py:189} INFO - Processing /home/i-sip_iot/anaconda3/envs/sandbox/lib/python3.7/site-packages/airflow/example_dags/tutorial.py took 0.068 seconds
[2021-02-25 17:27:55,303] {scheduler_job.py:181} INFO - Started process (PID=188577) to work on /home/i-sip_iot/anaconda3/envs/sandbox/lib/python3.7/site-packages/airflow/example_dags/tutorial.py
[2021-02-25 17:27:55,305] {scheduler_job.py:629} INFO - Processing file /home/i-sip_iot/anaconda3/envs/sandbox/lib/python3.7/site-packages/airflow/example_dags/tutorial.py for tasks to queue
[2021-02-25 17:27:55,307] {logging_mixin.py:103} INFO - [2021-02-25 17:27:55,306] {dagbag.py:440} INFO - Filling up the DagBag from /home/i-sip_iot/anaconda3/envs/sandbox/lib/python3.7/site-packages/airflow/example_dags/tutorial.py
[2021-02-25 17:27:55,320] {scheduler_job.py:639} INFO - DAG(s) dict_keys(['tutorial']) retrieved from /home/i-sip_iot/anaconda3/envs/sandbox/lib/python3.7/site-packages/airflow/example_dags/tutorial.py
[2021-02-25 17:27:55,321] {logging_mixin.py:103} INFO - [2021-02-25 17:27:55,321] {dag.py:1813} INFO - Sync 1 DAGs
[2021-02-25 17:27:55,335] {logging_mixin.py:103} INFO - [2021-02-25 17:27:55,335] {dag.py:2266} INFO - Setting next_dagrun for tutorial to 2021-02-23 00:00:00+00:00
[2021-02-25 17:27:55,344] {scheduler_job.py:189} INFO - Processing /home/i-sip_iot/anaconda3/envs/sandbox/lib/python3.7/site-packages/airflow/example_dags/tutorial.py took 0.047 seconds
[2021-02-25 17:28:23,324] {scheduler_job.py:181} INFO - Started process (PID=188667) to work on /home/i-sip_iot/anaconda3/envs/sandbox/lib/python3.7/site-packages/airflow/example_dags/tutorial.py
[2021-02-25 17:28:23,327] {scheduler_job.py:629} INFO - Processing file /home/i-sip_iot/anaconda3/envs/sandbox/lib/python3.7/site-packages/airflow/example_dags/tutorial.py for tasks to queue
[2021-02-25 17:28:23,328] {logging_mixin.py:103} INFO - [2021-02-25 17:28:23,328] {dagbag.py:440} INFO - Filling up the DagBag from /home/i-sip_iot/anaconda3/envs/sandbox/lib/python3.7/site-packages/airflow/example_dags/tutorial.py
[2021-02-25 17:28:23,344] {scheduler_job.py:639} INFO - DAG(s) dict_keys(['tutorial']) retrieved from /home/i-sip_iot/anaconda3/envs/sandbox/lib/python3.7/site-packages/airflow/example_dags/tutorial.py
[2021-02-25 17:28:23,345] {logging_mixin.py:103} INFO - [2021-02-25 17:28:23,345] {dag.py:1813} INFO - Sync 1 DAGs
[2021-02-25 17:28:23,360] {logging_mixin.py:103} INFO - [2021-02-25 17:28:23,360] {dag.py:2266} INFO - Setting next_dagrun for tutorial to 2021-02-23 00:00:00+00:00
[2021-02-25 17:28:23,369] {scheduler_job.py:189} INFO - Processing /home/i-sip_iot/anaconda3/envs/sandbox/lib/python3.7/site-packages/airflow/example_dags/tutorial.py took 0.051 seconds
[2021-02-25 17:28:50,161] {scheduler_job.py:181} INFO - Started process (PID=188913) to work on /home/i-sip_iot/anaconda3/envs/sandbox/lib/python3.7/site-packages/airflow/example_dags/tutorial.py
[2021-02-25 17:28:50,162] {scheduler_job.py:629} INFO - Processing file /home/i-sip_iot/anaconda3/envs/sandbox/lib/python3.7/site-packages/airflow/example_dags/tutorial.py for tasks to queue
[2021-02-25 17:28:50,162] {logging_mixin.py:103} INFO - [2021-02-25 17:28:50,162] {dagbag.py:440} INFO - Filling up the DagBag from /home/i-sip_iot/anaconda3/envs/sandbox/lib/python3.7/site-packages/airflow/example_dags/tutorial.py
[2021-02-25 17:28:50,167] {scheduler_job.py:639} INFO - DAG(s) dict_keys(['tutorial']) retrieved from /home/i-sip_iot/anaconda3/envs/sandbox/lib/python3.7/site-packages/airflow/example_dags/tutorial.py
[2021-02-25 17:28:50,168] {logging_mixin.py:103} INFO - [2021-02-25 17:28:50,168] {dag.py:1813} INFO - Sync 1 DAGs
[2021-02-25 17:28:50,179] {logging_mixin.py:103} INFO - [2021-02-25 17:28:50,179] {dag.py:2266} INFO - Setting next_dagrun for tutorial to 2021-02-23 00:00:00+00:00
[2021-02-25 17:28:50,191] {scheduler_job.py:189} INFO - Processing /home/i-sip_iot/anaconda3/envs/sandbox/lib/python3.7/site-packages/airflow/example_dags/tutorial.py took 0.032 seconds
[2021-02-25 17:29:17,974] {scheduler_job.py:181} INFO - Started process (PID=189011) to work on /home/i-sip_iot/anaconda3/envs/sandbox/lib/python3.7/site-packages/airflow/example_dags/tutorial.py
[2021-02-25 17:29:17,975] {scheduler_job.py:629} INFO - Processing file /home/i-sip_iot/anaconda3/envs/sandbox/lib/python3.7/site-packages/airflow/example_dags/tutorial.py for tasks to queue
[2021-02-25 17:29:17,975] {logging_mixin.py:103} INFO - [2021-02-25 17:29:17,975] {dagbag.py:440} INFO - Filling up the DagBag from /home/i-sip_iot/anaconda3/envs/sandbox/lib/python3.7/site-packages/airflow/example_dags/tutorial.py
[2021-02-25 17:29:17,982] {scheduler_job.py:639} INFO - DAG(s) dict_keys(['tutorial']) retrieved from /home/i-sip_iot/anaconda3/envs/sandbox/lib/python3.7/site-packages/airflow/example_dags/tutorial.py
[2021-02-25 17:29:17,982] {logging_mixin.py:103} INFO - [2021-02-25 17:29:17,982] {dag.py:1813} INFO - Sync 1 DAGs
[2021-02-25 17:29:17,995] {logging_mixin.py:103} INFO - [2021-02-25 17:29:17,995] {dag.py:2266} INFO - Setting next_dagrun for tutorial to 2021-02-23 00:00:00+00:00
[2021-02-25 17:29:18,005] {scheduler_job.py:189} INFO - Processing /home/i-sip_iot/anaconda3/envs/sandbox/lib/python3.7/site-packages/airflow/example_dags/tutorial.py took 0.033 seconds
[2021-02-25 17:29:44,906] {scheduler_job.py:181} INFO - Started process (PID=189262) to work on /home/i-sip_iot/anaconda3/envs/sandbox/lib/python3.7/site-packages/airflow/example_dags/tutorial.py
[2021-02-25 17:29:44,908] {scheduler_job.py:629} INFO - Processing file /home/i-sip_iot/anaconda3/envs/sandbox/lib/python3.7/site-packages/airflow/example_dags/tutorial.py for tasks to queue
[2021-02-25 17:29:44,909] {logging_mixin.py:103} INFO - [2021-02-25 17:29:44,909] {dagbag.py:440} INFO - Filling up the DagBag from /home/i-sip_iot/anaconda3/envs/sandbox/lib/python3.7/site-packages/airflow/example_dags/tutorial.py
[2021-02-25 17:29:44,925] {scheduler_job.py:639} INFO - DAG(s) dict_keys(['tutorial']) retrieved from /home/i-sip_iot/anaconda3/envs/sandbox/lib/python3.7/site-packages/airflow/example_dags/tutorial.py
[2021-02-25 17:29:44,926] {logging_mixin.py:103} INFO - [2021-02-25 17:29:44,926] {dag.py:1813} INFO - Sync 1 DAGs
[2021-02-25 17:29:44,941] {logging_mixin.py:103} INFO - [2021-02-25 17:29:44,940] {dag.py:2266} INFO - Setting next_dagrun for tutorial to 2021-02-23 00:00:00+00:00
[2021-02-25 17:29:44,950] {scheduler_job.py:189} INFO - Processing /home/i-sip_iot/anaconda3/envs/sandbox/lib/python3.7/site-packages/airflow/example_dags/tutorial.py took 0.050 seconds
[2021-02-25 17:30:12,851] {scheduler_job.py:181} INFO - Started process (PID=189362) to work on /home/i-sip_iot/anaconda3/envs/sandbox/lib/python3.7/site-packages/airflow/example_dags/tutorial.py
[2021-02-25 17:30:12,854] {scheduler_job.py:629} INFO - Processing file /home/i-sip_iot/anaconda3/envs/sandbox/lib/python3.7/site-packages/airflow/example_dags/tutorial.py for tasks to queue
[2021-02-25 17:30:12,856] {logging_mixin.py:103} INFO - [2021-02-25 17:30:12,856] {dagbag.py:440} INFO - Filling up the DagBag from /home/i-sip_iot/anaconda3/envs/sandbox/lib/python3.7/site-packages/airflow/example_dags/tutorial.py
[2021-02-25 17:30:12,873] {scheduler_job.py:639} INFO - DAG(s) dict_keys(['tutorial']) retrieved from /home/i-sip_iot/anaconda3/envs/sandbox/lib/python3.7/site-packages/airflow/example_dags/tutorial.py
[2021-02-25 17:30:12,874] {logging_mixin.py:103} INFO - [2021-02-25 17:30:12,874] {dag.py:1813} INFO - Sync 1 DAGs
[2021-02-25 17:30:12,890] {logging_mixin.py:103} INFO - [2021-02-25 17:30:12,890] {dag.py:2266} INFO - Setting next_dagrun for tutorial to 2021-02-23 00:00:00+00:00
[2021-02-25 17:30:12,900] {scheduler_job.py:189} INFO - Processing /home/i-sip_iot/anaconda3/envs/sandbox/lib/python3.7/site-packages/airflow/example_dags/tutorial.py took 0.056 seconds
[2021-02-25 17:30:40,013] {scheduler_job.py:181} INFO - Started process (PID=189452) to work on /home/i-sip_iot/anaconda3/envs/sandbox/lib/python3.7/site-packages/airflow/example_dags/tutorial.py
[2021-02-25 17:30:40,015] {scheduler_job.py:629} INFO - Processing file /home/i-sip_iot/anaconda3/envs/sandbox/lib/python3.7/site-packages/airflow/example_dags/tutorial.py for tasks to queue
[2021-02-25 17:30:40,017] {logging_mixin.py:103} INFO - [2021-02-25 17:30:40,016] {dagbag.py:440} INFO - Filling up the DagBag from /home/i-sip_iot/anaconda3/envs/sandbox/lib/python3.7/site-packages/airflow/example_dags/tutorial.py
[2021-02-25 17:30:40,031] {scheduler_job.py:639} INFO - DAG(s) dict_keys(['tutorial']) retrieved from /home/i-sip_iot/anaconda3/envs/sandbox/lib/python3.7/site-packages/airflow/example_dags/tutorial.py
[2021-02-25 17:30:40,032] {logging_mixin.py:103} INFO - [2021-02-25 17:30:40,032] {dag.py:1813} INFO - Sync 1 DAGs
[2021-02-25 17:30:40,045] {logging_mixin.py:103} INFO - [2021-02-25 17:30:40,045] {dag.py:2266} INFO - Setting next_dagrun for tutorial to 2021-02-23 00:00:00+00:00
[2021-02-25 17:30:40,054] {scheduler_job.py:189} INFO - Processing /home/i-sip_iot/anaconda3/envs/sandbox/lib/python3.7/site-packages/airflow/example_dags/tutorial.py took 0.048 seconds
[2021-02-25 17:31:07,477] {scheduler_job.py:181} INFO - Started process (PID=189724) to work on /home/i-sip_iot/anaconda3/envs/sandbox/lib/python3.7/site-packages/airflow/example_dags/tutorial.py
[2021-02-25 17:31:07,479] {scheduler_job.py:629} INFO - Processing file /home/i-sip_iot/anaconda3/envs/sandbox/lib/python3.7/site-packages/airflow/example_dags/tutorial.py for tasks to queue
[2021-02-25 17:31:07,480] {logging_mixin.py:103} INFO - [2021-02-25 17:31:07,479] {dagbag.py:440} INFO - Filling up the DagBag from /home/i-sip_iot/anaconda3/envs/sandbox/lib/python3.7/site-packages/airflow/example_dags/tutorial.py
[2021-02-25 17:31:07,485] {scheduler_job.py:639} INFO - DAG(s) dict_keys(['tutorial']) retrieved from /home/i-sip_iot/anaconda3/envs/sandbox/lib/python3.7/site-packages/airflow/example_dags/tutorial.py
[2021-02-25 17:31:07,485] {logging_mixin.py:103} INFO - [2021-02-25 17:31:07,485] {dag.py:1813} INFO - Sync 1 DAGs
[2021-02-25 17:31:07,495] {logging_mixin.py:103} INFO - [2021-02-25 17:31:07,495] {dag.py:2266} INFO - Setting next_dagrun for tutorial to 2021-02-23 00:00:00+00:00
[2021-02-25 17:31:07,508] {scheduler_job.py:189} INFO - Processing /home/i-sip_iot/anaconda3/envs/sandbox/lib/python3.7/site-packages/airflow/example_dags/tutorial.py took 0.032 seconds
[2021-02-25 17:31:34,370] {scheduler_job.py:181} INFO - Started process (PID=189811) to work on /home/i-sip_iot/anaconda3/envs/sandbox/lib/python3.7/site-packages/airflow/example_dags/tutorial.py
[2021-02-25 17:31:34,370] {scheduler_job.py:629} INFO - Processing file /home/i-sip_iot/anaconda3/envs/sandbox/lib/python3.7/site-packages/airflow/example_dags/tutorial.py for tasks to queue
[2021-02-25 17:31:34,371] {logging_mixin.py:103} INFO - [2021-02-25 17:31:34,371] {dagbag.py:440} INFO - Filling up the DagBag from /home/i-sip_iot/anaconda3/envs/sandbox/lib/python3.7/site-packages/airflow/example_dags/tutorial.py
[2021-02-25 17:31:34,377] {scheduler_job.py:639} INFO - DAG(s) dict_keys(['tutorial']) retrieved from /home/i-sip_iot/anaconda3/envs/sandbox/lib/python3.7/site-packages/airflow/example_dags/tutorial.py
[2021-02-25 17:31:34,379] {logging_mixin.py:103} INFO - [2021-02-25 17:31:34,379] {dag.py:1813} INFO - Sync 1 DAGs
[2021-02-25 17:31:34,390] {logging_mixin.py:103} INFO - [2021-02-25 17:31:34,390] {dag.py:2266} INFO - Setting next_dagrun for tutorial to 2021-02-23 00:00:00+00:00
[2021-02-25 17:31:34,400] {scheduler_job.py:189} INFO - Processing /home/i-sip_iot/anaconda3/envs/sandbox/lib/python3.7/site-packages/airflow/example_dags/tutorial.py took 0.033 seconds
[2021-02-25 17:32:01,077] {scheduler_job.py:181} INFO - Started process (PID=190047) to work on /home/i-sip_iot/anaconda3/envs/sandbox/lib/python3.7/site-packages/airflow/example_dags/tutorial.py
[2021-02-25 17:32:01,078] {scheduler_job.py:629} INFO - Processing file /home/i-sip_iot/anaconda3/envs/sandbox/lib/python3.7/site-packages/airflow/example_dags/tutorial.py for tasks to queue
[2021-02-25 17:32:01,078] {logging_mixin.py:103} INFO - [2021-02-25 17:32:01,078] {dagbag.py:440} INFO - Filling up the DagBag from /home/i-sip_iot/anaconda3/envs/sandbox/lib/python3.7/site-packages/airflow/example_dags/tutorial.py
[2021-02-25 17:32:01,084] {scheduler_job.py:639} INFO - DAG(s) dict_keys(['tutorial']) retrieved from /home/i-sip_iot/anaconda3/envs/sandbox/lib/python3.7/site-packages/airflow/example_dags/tutorial.py
[2021-02-25 17:32:01,085] {logging_mixin.py:103} INFO - [2021-02-25 17:32:01,085] {dag.py:1813} INFO - Sync 1 DAGs
[2021-02-25 17:32:01,095] {logging_mixin.py:103} INFO - [2021-02-25 17:32:01,094] {dag.py:2266} INFO - Setting next_dagrun for tutorial to 2021-02-23 00:00:00+00:00
[2021-02-25 17:32:01,102] {scheduler_job.py:189} INFO - Processing /home/i-sip_iot/anaconda3/envs/sandbox/lib/python3.7/site-packages/airflow/example_dags/tutorial.py took 0.028 seconds
[2021-02-25 17:32:28,375] {scheduler_job.py:181} INFO - Started process (PID=190129) to work on /home/i-sip_iot/anaconda3/envs/sandbox/lib/python3.7/site-packages/airflow/example_dags/tutorial.py
[2021-02-25 17:32:28,376] {scheduler_job.py:629} INFO - Processing file /home/i-sip_iot/anaconda3/envs/sandbox/lib/python3.7/site-packages/airflow/example_dags/tutorial.py for tasks to queue
[2021-02-25 17:32:28,377] {logging_mixin.py:103} INFO - [2021-02-25 17:32:28,377] {dagbag.py:440} INFO - Filling up the DagBag from /home/i-sip_iot/anaconda3/envs/sandbox/lib/python3.7/site-packages/airflow/example_dags/tutorial.py
[2021-02-25 17:32:28,386] {scheduler_job.py:639} INFO - DAG(s) dict_keys(['tutorial']) retrieved from /home/i-sip_iot/anaconda3/envs/sandbox/lib/python3.7/site-packages/airflow/example_dags/tutorial.py
[2021-02-25 17:32:28,387] {logging_mixin.py:103} INFO - [2021-02-25 17:32:28,387] {dag.py:1813} INFO - Sync 1 DAGs
[2021-02-25 17:32:28,405] {logging_mixin.py:103} INFO - [2021-02-25 17:32:28,404] {dag.py:2266} INFO - Setting next_dagrun for tutorial to 2021-02-23 00:00:00+00:00
[2021-02-25 17:32:28,415] {scheduler_job.py:189} INFO - Processing /home/i-sip_iot/anaconda3/envs/sandbox/lib/python3.7/site-packages/airflow/example_dags/tutorial.py took 0.043 seconds
[2021-02-25 17:32:55,872] {scheduler_job.py:181} INFO - Started process (PID=190415) to work on /home/i-sip_iot/anaconda3/envs/sandbox/lib/python3.7/site-packages/airflow/example_dags/tutorial.py
[2021-02-25 17:32:55,873] {scheduler_job.py:629} INFO - Processing file /home/i-sip_iot/anaconda3/envs/sandbox/lib/python3.7/site-packages/airflow/example_dags/tutorial.py for tasks to queue
[2021-02-25 17:32:55,874] {logging_mixin.py:103} INFO - [2021-02-25 17:32:55,873] {dagbag.py:440} INFO - Filling up the DagBag from /home/i-sip_iot/anaconda3/envs/sandbox/lib/python3.7/site-packages/airflow/example_dags/tutorial.py
[2021-02-25 17:32:55,882] {scheduler_job.py:639} INFO - DAG(s) dict_keys(['tutorial']) retrieved from /home/i-sip_iot/anaconda3/envs/sandbox/lib/python3.7/site-packages/airflow/example_dags/tutorial.py
[2021-02-25 17:32:55,883] {logging_mixin.py:103} INFO - [2021-02-25 17:32:55,883] {dag.py:1813} INFO - Sync 1 DAGs
[2021-02-25 17:32:55,896] {logging_mixin.py:103} INFO - [2021-02-25 17:32:55,896] {dag.py:2266} INFO - Setting next_dagrun for tutorial to 2021-02-23 00:00:00+00:00
[2021-02-25 17:32:55,904] {scheduler_job.py:189} INFO - Processing /home/i-sip_iot/anaconda3/envs/sandbox/lib/python3.7/site-packages/airflow/example_dags/tutorial.py took 0.034 seconds
[2021-02-25 17:33:22,753] {scheduler_job.py:181} INFO - Started process (PID=190498) to work on /home/i-sip_iot/anaconda3/envs/sandbox/lib/python3.7/site-packages/airflow/example_dags/tutorial.py
[2021-02-25 17:33:22,755] {scheduler_job.py:629} INFO - Processing file /home/i-sip_iot/anaconda3/envs/sandbox/lib/python3.7/site-packages/airflow/example_dags/tutorial.py for tasks to queue
[2021-02-25 17:33:22,756] {logging_mixin.py:103} INFO - [2021-02-25 17:33:22,756] {dagbag.py:440} INFO - Filling up the DagBag from /home/i-sip_iot/anaconda3/envs/sandbox/lib/python3.7/site-packages/airflow/example_dags/tutorial.py
[2021-02-25 17:33:22,770] {scheduler_job.py:639} INFO - DAG(s) dict_keys(['tutorial']) retrieved from /home/i-sip_iot/anaconda3/envs/sandbox/lib/python3.7/site-packages/airflow/example_dags/tutorial.py
[2021-02-25 17:33:22,771] {logging_mixin.py:103} INFO - [2021-02-25 17:33:22,771] {dag.py:1813} INFO - Sync 1 DAGs
[2021-02-25 17:33:22,787] {logging_mixin.py:103} INFO - [2021-02-25 17:33:22,787] {dag.py:2266} INFO - Setting next_dagrun for tutorial to 2021-02-23 00:00:00+00:00
[2021-02-25 17:33:22,797] {scheduler_job.py:189} INFO - Processing /home/i-sip_iot/anaconda3/envs/sandbox/lib/python3.7/site-packages/airflow/example_dags/tutorial.py took 0.047 seconds
[2021-02-25 17:33:50,465] {scheduler_job.py:181} INFO - Started process (PID=190768) to work on /home/i-sip_iot/anaconda3/envs/sandbox/lib/python3.7/site-packages/airflow/example_dags/tutorial.py
[2021-02-25 17:33:50,467] {scheduler_job.py:629} INFO - Processing file /home/i-sip_iot/anaconda3/envs/sandbox/lib/python3.7/site-packages/airflow/example_dags/tutorial.py for tasks to queue
[2021-02-25 17:33:50,468] {logging_mixin.py:103} INFO - [2021-02-25 17:33:50,468] {dagbag.py:440} INFO - Filling up the DagBag from /home/i-sip_iot/anaconda3/envs/sandbox/lib/python3.7/site-packages/airflow/example_dags/tutorial.py
[2021-02-25 17:33:50,483] {scheduler_job.py:639} INFO - DAG(s) dict_keys(['tutorial']) retrieved from /home/i-sip_iot/anaconda3/envs/sandbox/lib/python3.7/site-packages/airflow/example_dags/tutorial.py
[2021-02-25 17:33:50,484] {logging_mixin.py:103} INFO - [2021-02-25 17:33:50,484] {dag.py:1813} INFO - Sync 1 DAGs
[2021-02-25 17:33:50,499] {logging_mixin.py:103} INFO - [2021-02-25 17:33:50,499] {dag.py:2266} INFO - Setting next_dagrun for tutorial to 2021-02-23 00:00:00+00:00
[2021-02-25 17:33:50,508] {scheduler_job.py:189} INFO - Processing /home/i-sip_iot/anaconda3/envs/sandbox/lib/python3.7/site-packages/airflow/example_dags/tutorial.py took 0.049 seconds
[2021-02-25 17:34:17,355] {scheduler_job.py:181} INFO - Started process (PID=190899) to work on /home/i-sip_iot/anaconda3/envs/sandbox/lib/python3.7/site-packages/airflow/example_dags/tutorial.py
[2021-02-25 17:34:17,357] {scheduler_job.py:629} INFO - Processing file /home/i-sip_iot/anaconda3/envs/sandbox/lib/python3.7/site-packages/airflow/example_dags/tutorial.py for tasks to queue
[2021-02-25 17:34:17,359] {logging_mixin.py:103} INFO - [2021-02-25 17:34:17,359] {dagbag.py:440} INFO - Filling up the DagBag from /home/i-sip_iot/anaconda3/envs/sandbox/lib/python3.7/site-packages/airflow/example_dags/tutorial.py
[2021-02-25 17:34:17,376] {scheduler_job.py:639} INFO - DAG(s) dict_keys(['tutorial']) retrieved from /home/i-sip_iot/anaconda3/envs/sandbox/lib/python3.7/site-packages/airflow/example_dags/tutorial.py
[2021-02-25 17:34:17,377] {logging_mixin.py:103} INFO - [2021-02-25 17:34:17,377] {dag.py:1813} INFO - Sync 1 DAGs
[2021-02-25 17:34:17,393] {logging_mixin.py:103} INFO - [2021-02-25 17:34:17,393] {dag.py:2266} INFO - Setting next_dagrun for tutorial to 2021-02-23 00:00:00+00:00
[2021-02-25 17:34:17,401] {scheduler_job.py:189} INFO - Processing /home/i-sip_iot/anaconda3/envs/sandbox/lib/python3.7/site-packages/airflow/example_dags/tutorial.py took 0.053 seconds
[2021-02-25 17:34:46,190] {scheduler_job.py:181} INFO - Started process (PID=191162) to work on /home/i-sip_iot/anaconda3/envs/sandbox/lib/python3.7/site-packages/airflow/example_dags/tutorial.py
[2021-02-25 17:34:46,191] {scheduler_job.py:629} INFO - Processing file /home/i-sip_iot/anaconda3/envs/sandbox/lib/python3.7/site-packages/airflow/example_dags/tutorial.py for tasks to queue
[2021-02-25 17:34:46,192] {logging_mixin.py:103} INFO - [2021-02-25 17:34:46,192] {dagbag.py:440} INFO - Filling up the DagBag from /home/i-sip_iot/anaconda3/envs/sandbox/lib/python3.7/site-packages/airflow/example_dags/tutorial.py
[2021-02-25 17:34:46,196] {scheduler_job.py:639} INFO - DAG(s) dict_keys(['tutorial']) retrieved from /home/i-sip_iot/anaconda3/envs/sandbox/lib/python3.7/site-packages/airflow/example_dags/tutorial.py
[2021-02-25 17:34:46,197] {logging_mixin.py:103} INFO - [2021-02-25 17:34:46,197] {dag.py:1813} INFO - Sync 1 DAGs
[2021-02-25 17:34:46,209] {logging_mixin.py:103} INFO - [2021-02-25 17:34:46,209] {dag.py:2266} INFO - Setting next_dagrun for tutorial to 2021-02-23 00:00:00+00:00
[2021-02-25 17:34:46,216] {scheduler_job.py:189} INFO - Processing /home/i-sip_iot/anaconda3/envs/sandbox/lib/python3.7/site-packages/airflow/example_dags/tutorial.py took 0.028 seconds
[2021-02-25 17:35:13,012] {scheduler_job.py:181} INFO - Started process (PID=191256) to work on /home/i-sip_iot/anaconda3/envs/sandbox/lib/python3.7/site-packages/airflow/example_dags/tutorial.py
[2021-02-25 17:35:13,012] {scheduler_job.py:629} INFO - Processing file /home/i-sip_iot/anaconda3/envs/sandbox/lib/python3.7/site-packages/airflow/example_dags/tutorial.py for tasks to queue
[2021-02-25 17:35:13,012] {logging_mixin.py:103} INFO - [2021-02-25 17:35:13,012] {dagbag.py:440} INFO - Filling up the DagBag from /home/i-sip_iot/anaconda3/envs/sandbox/lib/python3.7/site-packages/airflow/example_dags/tutorial.py
[2021-02-25 17:35:13,019] {scheduler_job.py:639} INFO - DAG(s) dict_keys(['tutorial']) retrieved from /home/i-sip_iot/anaconda3/envs/sandbox/lib/python3.7/site-packages/airflow/example_dags/tutorial.py
[2021-02-25 17:35:13,020] {logging_mixin.py:103} INFO - [2021-02-25 17:35:13,020] {dag.py:1813} INFO - Sync 1 DAGs
[2021-02-25 17:35:13,031] {logging_mixin.py:103} INFO - [2021-02-25 17:35:13,031] {dag.py:2266} INFO - Setting next_dagrun for tutorial to 2021-02-23 00:00:00+00:00
[2021-02-25 17:35:13,043] {scheduler_job.py:189} INFO - Processing /home/i-sip_iot/anaconda3/envs/sandbox/lib/python3.7/site-packages/airflow/example_dags/tutorial.py took 0.033 seconds
[2021-02-25 17:35:40,557] {scheduler_job.py:181} INFO - Started process (PID=191332) to work on /home/i-sip_iot/anaconda3/envs/sandbox/lib/python3.7/site-packages/airflow/example_dags/tutorial.py
[2021-02-25 17:35:40,559] {scheduler_job.py:629} INFO - Processing file /home/i-sip_iot/anaconda3/envs/sandbox/lib/python3.7/site-packages/airflow/example_dags/tutorial.py for tasks to queue
[2021-02-25 17:35:40,560] {logging_mixin.py:103} INFO - [2021-02-25 17:35:40,560] {dagbag.py:440} INFO - Filling up the DagBag from /home/i-sip_iot/anaconda3/envs/sandbox/lib/python3.7/site-packages/airflow/example_dags/tutorial.py
[2021-02-25 17:35:40,573] {scheduler_job.py:639} INFO - DAG(s) dict_keys(['tutorial']) retrieved from /home/i-sip_iot/anaconda3/envs/sandbox/lib/python3.7/site-packages/airflow/example_dags/tutorial.py
[2021-02-25 17:35:40,575] {logging_mixin.py:103} INFO - [2021-02-25 17:35:40,574] {dag.py:1813} INFO - Sync 1 DAGs
[2021-02-25 17:35:40,590] {logging_mixin.py:103} INFO - [2021-02-25 17:35:40,590] {dag.py:2266} INFO - Setting next_dagrun for tutorial to 2021-02-23 00:00:00+00:00
[2021-02-25 17:35:40,599] {scheduler_job.py:189} INFO - Processing /home/i-sip_iot/anaconda3/envs/sandbox/lib/python3.7/site-packages/airflow/example_dags/tutorial.py took 0.046 seconds
[2021-02-25 17:36:07,343] {scheduler_job.py:181} INFO - Started process (PID=191595) to work on /home/i-sip_iot/anaconda3/envs/sandbox/lib/python3.7/site-packages/airflow/example_dags/tutorial.py
[2021-02-25 17:36:07,343] {scheduler_job.py:629} INFO - Processing file /home/i-sip_iot/anaconda3/envs/sandbox/lib/python3.7/site-packages/airflow/example_dags/tutorial.py for tasks to queue
[2021-02-25 17:36:07,344] {logging_mixin.py:103} INFO - [2021-02-25 17:36:07,343] {dagbag.py:440} INFO - Filling up the DagBag from /home/i-sip_iot/anaconda3/envs/sandbox/lib/python3.7/site-packages/airflow/example_dags/tutorial.py
[2021-02-25 17:36:07,349] {scheduler_job.py:639} INFO - DAG(s) dict_keys(['tutorial']) retrieved from /home/i-sip_iot/anaconda3/envs/sandbox/lib/python3.7/site-packages/airflow/example_dags/tutorial.py
[2021-02-25 17:36:07,350] {logging_mixin.py:103} INFO - [2021-02-25 17:36:07,350] {dag.py:1813} INFO - Sync 1 DAGs
[2021-02-25 17:36:07,358] {logging_mixin.py:103} INFO - [2021-02-25 17:36:07,358] {dag.py:2266} INFO - Setting next_dagrun for tutorial to 2021-02-23 00:00:00+00:00
[2021-02-25 17:36:07,367] {scheduler_job.py:189} INFO - Processing /home/i-sip_iot/anaconda3/envs/sandbox/lib/python3.7/site-packages/airflow/example_dags/tutorial.py took 0.026 seconds
[2021-02-25 17:36:35,058] {scheduler_job.py:181} INFO - Started process (PID=191657) to work on /home/i-sip_iot/anaconda3/envs/sandbox/lib/python3.7/site-packages/airflow/example_dags/tutorial.py
[2021-02-25 17:36:35,059] {scheduler_job.py:629} INFO - Processing file /home/i-sip_iot/anaconda3/envs/sandbox/lib/python3.7/site-packages/airflow/example_dags/tutorial.py for tasks to queue
[2021-02-25 17:36:35,059] {logging_mixin.py:103} INFO - [2021-02-25 17:36:35,059] {dagbag.py:440} INFO - Filling up the DagBag from /home/i-sip_iot/anaconda3/envs/sandbox/lib/python3.7/site-packages/airflow/example_dags/tutorial.py
[2021-02-25 17:36:35,068] {scheduler_job.py:639} INFO - DAG(s) dict_keys(['tutorial']) retrieved from /home/i-sip_iot/anaconda3/envs/sandbox/lib/python3.7/site-packages/airflow/example_dags/tutorial.py
[2021-02-25 17:36:35,069] {logging_mixin.py:103} INFO - [2021-02-25 17:36:35,069] {dag.py:1813} INFO - Sync 1 DAGs
[2021-02-25 17:36:35,081] {logging_mixin.py:103} INFO - [2021-02-25 17:36:35,081] {dag.py:2266} INFO - Setting next_dagrun for tutorial to 2021-02-23 00:00:00+00:00
[2021-02-25 17:36:35,090] {scheduler_job.py:189} INFO - Processing /home/i-sip_iot/anaconda3/envs/sandbox/lib/python3.7/site-packages/airflow/example_dags/tutorial.py took 0.035 seconds
[2021-02-25 17:37:02,751] {scheduler_job.py:181} INFO - Started process (PID=191899) to work on /home/i-sip_iot/anaconda3/envs/sandbox/lib/python3.7/site-packages/airflow/example_dags/tutorial.py
[2021-02-25 17:37:02,752] {scheduler_job.py:629} INFO - Processing file /home/i-sip_iot/anaconda3/envs/sandbox/lib/python3.7/site-packages/airflow/example_dags/tutorial.py for tasks to queue
[2021-02-25 17:37:02,753] {logging_mixin.py:103} INFO - [2021-02-25 17:37:02,753] {dagbag.py:440} INFO - Filling up the DagBag from /home/i-sip_iot/anaconda3/envs/sandbox/lib/python3.7/site-packages/airflow/example_dags/tutorial.py
[2021-02-25 17:37:02,760] {scheduler_job.py:639} INFO - DAG(s) dict_keys(['tutorial']) retrieved from /home/i-sip_iot/anaconda3/envs/sandbox/lib/python3.7/site-packages/airflow/example_dags/tutorial.py
[2021-02-25 17:37:02,761] {logging_mixin.py:103} INFO - [2021-02-25 17:37:02,761] {dag.py:1813} INFO - Sync 1 DAGs
[2021-02-25 17:37:02,776] {logging_mixin.py:103} INFO - [2021-02-25 17:37:02,776] {dag.py:2266} INFO - Setting next_dagrun for tutorial to 2021-02-23 00:00:00+00:00
[2021-02-25 17:37:02,787] {scheduler_job.py:189} INFO - Processing /home/i-sip_iot/anaconda3/envs/sandbox/lib/python3.7/site-packages/airflow/example_dags/tutorial.py took 0.039 seconds
[2021-02-25 17:37:29,507] {scheduler_job.py:181} INFO - Started process (PID=191979) to work on /home/i-sip_iot/anaconda3/envs/sandbox/lib/python3.7/site-packages/airflow/example_dags/tutorial.py
[2021-02-25 17:37:29,508] {scheduler_job.py:629} INFO - Processing file /home/i-sip_iot/anaconda3/envs/sandbox/lib/python3.7/site-packages/airflow/example_dags/tutorial.py for tasks to queue
[2021-02-25 17:37:29,509] {logging_mixin.py:103} INFO - [2021-02-25 17:37:29,509] {dagbag.py:440} INFO - Filling up the DagBag from /home/i-sip_iot/anaconda3/envs/sandbox/lib/python3.7/site-packages/airflow/example_dags/tutorial.py
[2021-02-25 17:37:29,517] {scheduler_job.py:639} INFO - DAG(s) dict_keys(['tutorial']) retrieved from /home/i-sip_iot/anaconda3/envs/sandbox/lib/python3.7/site-packages/airflow/example_dags/tutorial.py
[2021-02-25 17:37:29,518] {logging_mixin.py:103} INFO - [2021-02-25 17:37:29,518] {dag.py:1813} INFO - Sync 1 DAGs
[2021-02-25 17:37:29,533] {logging_mixin.py:103} INFO - [2021-02-25 17:37:29,533] {dag.py:2266} INFO - Setting next_dagrun for tutorial to 2021-02-23 00:00:00+00:00
[2021-02-25 17:37:29,544] {scheduler_job.py:189} INFO - Processing /home/i-sip_iot/anaconda3/envs/sandbox/lib/python3.7/site-packages/airflow/example_dags/tutorial.py took 0.038 seconds
[2021-02-25 17:37:57,502] {scheduler_job.py:181} INFO - Started process (PID=192262) to work on /home/i-sip_iot/anaconda3/envs/sandbox/lib/python3.7/site-packages/airflow/example_dags/tutorial.py
[2021-02-25 17:37:57,503] {scheduler_job.py:629} INFO - Processing file /home/i-sip_iot/anaconda3/envs/sandbox/lib/python3.7/site-packages/airflow/example_dags/tutorial.py for tasks to queue
[2021-02-25 17:37:57,503] {logging_mixin.py:103} INFO - [2021-02-25 17:37:57,503] {dagbag.py:440} INFO - Filling up the DagBag from /home/i-sip_iot/anaconda3/envs/sandbox/lib/python3.7/site-packages/airflow/example_dags/tutorial.py
[2021-02-25 17:37:57,510] {scheduler_job.py:639} INFO - DAG(s) dict_keys(['tutorial']) retrieved from /home/i-sip_iot/anaconda3/envs/sandbox/lib/python3.7/site-packages/airflow/example_dags/tutorial.py
[2021-02-25 17:37:57,510] {logging_mixin.py:103} INFO - [2021-02-25 17:37:57,510] {dag.py:1813} INFO - Sync 1 DAGs
[2021-02-25 17:37:57,521] {logging_mixin.py:103} INFO - [2021-02-25 17:37:57,521] {dag.py:2266} INFO - Setting next_dagrun for tutorial to 2021-02-23 00:00:00+00:00
[2021-02-25 17:37:57,530] {scheduler_job.py:189} INFO - Processing /home/i-sip_iot/anaconda3/envs/sandbox/lib/python3.7/site-packages/airflow/example_dags/tutorial.py took 0.030 seconds
[2021-02-25 17:38:23,808] {scheduler_job.py:181} INFO - Started process (PID=192344) to work on /home/i-sip_iot/anaconda3/envs/sandbox/lib/python3.7/site-packages/airflow/example_dags/tutorial.py
[2021-02-25 17:38:23,809] {scheduler_job.py:629} INFO - Processing file /home/i-sip_iot/anaconda3/envs/sandbox/lib/python3.7/site-packages/airflow/example_dags/tutorial.py for tasks to queue
[2021-02-25 17:38:23,810] {logging_mixin.py:103} INFO - [2021-02-25 17:38:23,810] {dagbag.py:440} INFO - Filling up the DagBag from /home/i-sip_iot/anaconda3/envs/sandbox/lib/python3.7/site-packages/airflow/example_dags/tutorial.py
[2021-02-25 17:38:23,819] {scheduler_job.py:639} INFO - DAG(s) dict_keys(['tutorial']) retrieved from /home/i-sip_iot/anaconda3/envs/sandbox/lib/python3.7/site-packages/airflow/example_dags/tutorial.py
[2021-02-25 17:38:23,820] {logging_mixin.py:103} INFO - [2021-02-25 17:38:23,820] {dag.py:1813} INFO - Sync 1 DAGs
[2021-02-25 17:38:23,834] {logging_mixin.py:103} INFO - [2021-02-25 17:38:23,834] {dag.py:2266} INFO - Setting next_dagrun for tutorial to 2021-02-23 00:00:00+00:00
[2021-02-25 17:38:23,841] {scheduler_job.py:189} INFO - Processing /home/i-sip_iot/anaconda3/envs/sandbox/lib/python3.7/site-packages/airflow/example_dags/tutorial.py took 0.036 seconds
[2021-02-25 17:38:51,531] {scheduler_job.py:181} INFO - Started process (PID=192581) to work on /home/i-sip_iot/anaconda3/envs/sandbox/lib/python3.7/site-packages/airflow/example_dags/tutorial.py
[2021-02-25 17:38:51,533] {scheduler_job.py:629} INFO - Processing file /home/i-sip_iot/anaconda3/envs/sandbox/lib/python3.7/site-packages/airflow/example_dags/tutorial.py for tasks to queue
[2021-02-25 17:38:51,533] {logging_mixin.py:103} INFO - [2021-02-25 17:38:51,533] {dagbag.py:440} INFO - Filling up the DagBag from /home/i-sip_iot/anaconda3/envs/sandbox/lib/python3.7/site-packages/airflow/example_dags/tutorial.py
[2021-02-25 17:38:51,544] {scheduler_job.py:639} INFO - DAG(s) dict_keys(['tutorial']) retrieved from /home/i-sip_iot/anaconda3/envs/sandbox/lib/python3.7/site-packages/airflow/example_dags/tutorial.py
[2021-02-25 17:38:51,545] {logging_mixin.py:103} INFO - [2021-02-25 17:38:51,545] {dag.py:1813} INFO - Sync 1 DAGs
[2021-02-25 17:38:51,562] {logging_mixin.py:103} INFO - [2021-02-25 17:38:51,562] {dag.py:2266} INFO - Setting next_dagrun for tutorial to 2021-02-23 00:00:00+00:00
[2021-02-25 17:38:51,572] {scheduler_job.py:189} INFO - Processing /home/i-sip_iot/anaconda3/envs/sandbox/lib/python3.7/site-packages/airflow/example_dags/tutorial.py took 0.044 seconds
[2021-02-25 17:39:18,714] {scheduler_job.py:181} INFO - Started process (PID=192683) to work on /home/i-sip_iot/anaconda3/envs/sandbox/lib/python3.7/site-packages/airflow/example_dags/tutorial.py
[2021-02-25 17:39:18,714] {scheduler_job.py:629} INFO - Processing file /home/i-sip_iot/anaconda3/envs/sandbox/lib/python3.7/site-packages/airflow/example_dags/tutorial.py for tasks to queue
[2021-02-25 17:39:18,714] {logging_mixin.py:103} INFO - [2021-02-25 17:39:18,714] {dagbag.py:440} INFO - Filling up the DagBag from /home/i-sip_iot/anaconda3/envs/sandbox/lib/python3.7/site-packages/airflow/example_dags/tutorial.py
[2021-02-25 17:39:18,719] {scheduler_job.py:639} INFO - DAG(s) dict_keys(['tutorial']) retrieved from /home/i-sip_iot/anaconda3/envs/sandbox/lib/python3.7/site-packages/airflow/example_dags/tutorial.py
[2021-02-25 17:39:18,719] {logging_mixin.py:103} INFO - [2021-02-25 17:39:18,719] {dag.py:1813} INFO - Sync 1 DAGs
[2021-02-25 17:39:18,729] {logging_mixin.py:103} INFO - [2021-02-25 17:39:18,729] {dag.py:2266} INFO - Setting next_dagrun for tutorial to 2021-02-23 00:00:00+00:00
[2021-02-25 17:39:18,736] {scheduler_job.py:189} INFO - Processing /home/i-sip_iot/anaconda3/envs/sandbox/lib/python3.7/site-packages/airflow/example_dags/tutorial.py took 0.024 seconds
[2021-02-25 17:39:45,818] {scheduler_job.py:181} INFO - Started process (PID=192951) to work on /home/i-sip_iot/anaconda3/envs/sandbox/lib/python3.7/site-packages/airflow/example_dags/tutorial.py
[2021-02-25 17:39:45,819] {scheduler_job.py:629} INFO - Processing file /home/i-sip_iot/anaconda3/envs/sandbox/lib/python3.7/site-packages/airflow/example_dags/tutorial.py for tasks to queue
[2021-02-25 17:39:45,820] {logging_mixin.py:103} INFO - [2021-02-25 17:39:45,820] {dagbag.py:440} INFO - Filling up the DagBag from /home/i-sip_iot/anaconda3/envs/sandbox/lib/python3.7/site-packages/airflow/example_dags/tutorial.py
[2021-02-25 17:39:45,825] {scheduler_job.py:639} INFO - DAG(s) dict_keys(['tutorial']) retrieved from /home/i-sip_iot/anaconda3/envs/sandbox/lib/python3.7/site-packages/airflow/example_dags/tutorial.py
[2021-02-25 17:39:45,825] {logging_mixin.py:103} INFO - [2021-02-25 17:39:45,825] {dag.py:1813} INFO - Sync 1 DAGs
[2021-02-25 17:39:45,838] {logging_mixin.py:103} INFO - [2021-02-25 17:39:45,838] {dag.py:2266} INFO - Setting next_dagrun for tutorial to 2021-02-23 00:00:00+00:00
[2021-02-25 17:39:45,849] {scheduler_job.py:189} INFO - Processing /home/i-sip_iot/anaconda3/envs/sandbox/lib/python3.7/site-packages/airflow/example_dags/tutorial.py took 0.033 seconds
[2021-02-25 17:40:13,202] {scheduler_job.py:181} INFO - Started process (PID=193041) to work on /home/i-sip_iot/anaconda3/envs/sandbox/lib/python3.7/site-packages/airflow/example_dags/tutorial.py
[2021-02-25 17:40:13,203] {scheduler_job.py:629} INFO - Processing file /home/i-sip_iot/anaconda3/envs/sandbox/lib/python3.7/site-packages/airflow/example_dags/tutorial.py for tasks to queue
[2021-02-25 17:40:13,204] {logging_mixin.py:103} INFO - [2021-02-25 17:40:13,203] {dagbag.py:440} INFO - Filling up the DagBag from /home/i-sip_iot/anaconda3/envs/sandbox/lib/python3.7/site-packages/airflow/example_dags/tutorial.py
[2021-02-25 17:40:13,215] {scheduler_job.py:639} INFO - DAG(s) dict_keys(['tutorial']) retrieved from /home/i-sip_iot/anaconda3/envs/sandbox/lib/python3.7/site-packages/airflow/example_dags/tutorial.py
[2021-02-25 17:40:13,216] {logging_mixin.py:103} INFO - [2021-02-25 17:40:13,216] {dag.py:1813} INFO - Sync 1 DAGs
[2021-02-25 17:40:13,232] {logging_mixin.py:103} INFO - [2021-02-25 17:40:13,232] {dag.py:2266} INFO - Setting next_dagrun for tutorial to 2021-02-23 00:00:00+00:00
[2021-02-25 17:40:13,243] {scheduler_job.py:189} INFO - Processing /home/i-sip_iot/anaconda3/envs/sandbox/lib/python3.7/site-packages/airflow/example_dags/tutorial.py took 0.045 seconds
[2021-02-25 17:40:40,148] {scheduler_job.py:181} INFO - Started process (PID=193117) to work on /home/i-sip_iot/anaconda3/envs/sandbox/lib/python3.7/site-packages/airflow/example_dags/tutorial.py
[2021-02-25 17:40:40,149] {scheduler_job.py:629} INFO - Processing file /home/i-sip_iot/anaconda3/envs/sandbox/lib/python3.7/site-packages/airflow/example_dags/tutorial.py for tasks to queue
[2021-02-25 17:40:40,149] {logging_mixin.py:103} INFO - [2021-02-25 17:40:40,149] {dagbag.py:440} INFO - Filling up the DagBag from /home/i-sip_iot/anaconda3/envs/sandbox/lib/python3.7/site-packages/airflow/example_dags/tutorial.py
[2021-02-25 17:40:40,154] {scheduler_job.py:639} INFO - DAG(s) dict_keys(['tutorial']) retrieved from /home/i-sip_iot/anaconda3/envs/sandbox/lib/python3.7/site-packages/airflow/example_dags/tutorial.py
[2021-02-25 17:40:40,154] {logging_mixin.py:103} INFO - [2021-02-25 17:40:40,154] {dag.py:1813} INFO - Sync 1 DAGs
[2021-02-25 17:40:40,163] {logging_mixin.py:103} INFO - [2021-02-25 17:40:40,163] {dag.py:2266} INFO - Setting next_dagrun for tutorial to 2021-02-23 00:00:00+00:00
[2021-02-25 17:40:40,172] {scheduler_job.py:189} INFO - Processing /home/i-sip_iot/anaconda3/envs/sandbox/lib/python3.7/site-packages/airflow/example_dags/tutorial.py took 0.025 seconds
