[2021-03-01 20:49:48,022] {taskinstance.py:826} INFO - Dependencies all met for <TaskInstance: user_processing.user_extraction 2020-05-17T00:00:00+00:00 [queued]>
[2021-03-01 20:49:48,026] {taskinstance.py:826} INFO - Dependencies all met for <TaskInstance: user_processing.user_extraction 2020-05-17T00:00:00+00:00 [queued]>
[2021-03-01 20:49:48,026] {taskinstance.py:1017} INFO - 
--------------------------------------------------------------------------------
[2021-03-01 20:49:48,026] {taskinstance.py:1018} INFO - Starting attempt 1 of 1
[2021-03-01 20:49:48,026] {taskinstance.py:1019} INFO - 
--------------------------------------------------------------------------------
[2021-03-01 20:49:48,034] {taskinstance.py:1038} INFO - Executing <Task(SimpleHttpOperator): user_extraction> on 2020-05-17T00:00:00+00:00
[2021-03-01 20:49:48,036] {standard_task_runner.py:51} INFO - Started process 252551 to run task
[2021-03-01 20:49:48,038] {standard_task_runner.py:75} INFO - Running: ['airflow', 'tasks', 'run', 'user_processing', 'user_extraction', '2020-05-17T00:00:00+00:00', '--job-id', '735', '--pool', 'default_pool', '--raw', '--subdir', 'DAGS_FOLDER/user_processing.py', '--cfg-path', '/tmp/tmpjaknn96t']
[2021-03-01 20:49:48,039] {standard_task_runner.py:76} INFO - Job 735: Subtask user_extraction
[2021-03-01 20:49:48,058] {logging_mixin.py:103} INFO - Running <TaskInstance: user_processing.user_extraction 2020-05-17T00:00:00+00:00 [running]> on host pop-os.localdomain
[2021-03-01 20:49:48,091] {taskinstance.py:1232} INFO - Exporting the following env vars:
AIRFLOW_CTX_DAG_OWNER=airflow
AIRFLOW_CTX_DAG_ID=user_processing
AIRFLOW_CTX_TASK_ID=user_extraction
AIRFLOW_CTX_EXECUTION_DATE=2020-05-17T00:00:00+00:00
AIRFLOW_CTX_DAG_RUN_ID=scheduled__2020-05-17T00:00:00+00:00
[2021-03-01 20:49:48,092] {http.py:106} INFO - Calling HTTP method
[2021-03-01 20:49:48,095] {base.py:74} INFO - Using connection to: id: user_api. Host: https://randomuser.me/, Port: None, Schema: , Login: , Password: None, extra: None
[2021-03-01 20:49:48,096] {http.py:140} INFO - Sending 'GET' to url: https://randomuser.me/api/
[2021-03-01 20:49:48,185] {http.py:110} INFO - {"results":[{"gender":"male","name":{"title":"Mr","first":"Lídio","last":"Barros"},"location":{"street":{"number":3367,"name":"Rua Carlos Gomes"},"city":"Rio Claro","state":"Pernambuco","country":"Brazil","postcode":87152,"coordinates":{"latitude":"-69.2708","longitude":"-17.8331"},"timezone":{"offset":"+7:00","description":"Bangkok, Hanoi, Jakarta"}},"email":"lidio.barros@example.com","login":{"uuid":"a1d52b9d-cea4-4f5b-a7ff-972a552806c2","username":"yellowzebra632","password":"istheman","salt":"W3Nq8wQl","md5":"53c1ad16bdee8dbf279af56f42707fbe","sha1":"0d05b98189796feb789bd4eb46a90f10de365984","sha256":"943dd96c22a60af10232279bebe388005ca49a00caa52e123a880e9647bf41b1"},"dob":{"date":"1968-12-30T14:27:43.318Z","age":53},"registered":{"date":"2004-07-30T10:11:47.694Z","age":17},"phone":"(33) 1504-7155","cell":"(10) 8588-9954","id":{"name":"","value":null},"picture":{"large":"https://randomuser.me/api/portraits/men/64.jpg","medium":"https://randomuser.me/api/portraits/med/men/64.jpg","thumbnail":"https://randomuser.me/api/portraits/thumb/men/64.jpg"},"nat":"BR"}],"info":{"seed":"977e055e755ee4b3","results":1,"page":1,"version":"1.3"}}
[2021-03-01 20:49:48,211] {taskinstance.py:1142} INFO - Marking task as SUCCESS. dag_id=user_processing, task_id=user_extraction, execution_date=20200517T000000, start_date=20210302T014948, end_date=20210302T014948
[2021-03-01 20:49:48,243] {taskinstance.py:1195} INFO - 1 downstream tasks scheduled from follow-on schedule check
[2021-03-01 20:49:48,250] {local_task_job.py:118} INFO - Task exited with return code 0
