[2021-03-01 20:54:37,195] {taskinstance.py:826} INFO - Dependencies all met for <TaskInstance: user_processing.user_extraction 2020-07-02T00:00:00+00:00 [queued]>
[2021-03-01 20:54:37,200] {taskinstance.py:826} INFO - Dependencies all met for <TaskInstance: user_processing.user_extraction 2020-07-02T00:00:00+00:00 [queued]>
[2021-03-01 20:54:37,200] {taskinstance.py:1017} INFO - 
--------------------------------------------------------------------------------
[2021-03-01 20:54:37,200] {taskinstance.py:1018} INFO - Starting attempt 1 of 1
[2021-03-01 20:54:37,200] {taskinstance.py:1019} INFO - 
--------------------------------------------------------------------------------
[2021-03-01 20:54:37,208] {taskinstance.py:1038} INFO - Executing <Task(SimpleHttpOperator): user_extraction> on 2020-07-02T00:00:00+00:00
[2021-03-01 20:54:37,210] {standard_task_runner.py:51} INFO - Started process 258113 to run task
[2021-03-01 20:54:37,212] {standard_task_runner.py:75} INFO - Running: ['airflow', 'tasks', 'run', 'user_processing', 'user_extraction', '2020-07-02T00:00:00+00:00', '--job-id', '965', '--pool', 'default_pool', '--raw', '--subdir', 'DAGS_FOLDER/user_processing.py', '--cfg-path', '/tmp/tmp899tmtko']
[2021-03-01 20:54:37,212] {standard_task_runner.py:76} INFO - Job 965: Subtask user_extraction
[2021-03-01 20:54:37,265] {logging_mixin.py:103} INFO - Running <TaskInstance: user_processing.user_extraction 2020-07-02T00:00:00+00:00 [running]> on host pop-os.localdomain
[2021-03-01 20:54:37,291] {taskinstance.py:1232} INFO - Exporting the following env vars:
AIRFLOW_CTX_DAG_OWNER=airflow
AIRFLOW_CTX_DAG_ID=user_processing
AIRFLOW_CTX_TASK_ID=user_extraction
AIRFLOW_CTX_EXECUTION_DATE=2020-07-02T00:00:00+00:00
AIRFLOW_CTX_DAG_RUN_ID=scheduled__2020-07-02T00:00:00+00:00
[2021-03-01 20:54:37,292] {http.py:106} INFO - Calling HTTP method
[2021-03-01 20:54:37,294] {base.py:74} INFO - Using connection to: id: user_api. Host: https://randomuser.me/, Port: None, Schema: , Login: , Password: None, extra: None
[2021-03-01 20:54:37,295] {http.py:140} INFO - Sending 'GET' to url: https://randomuser.me/api/
[2021-03-01 20:54:37,398] {http.py:110} INFO - {"results":[{"gender":"male","name":{"title":"Monsieur","first":"Giuliano","last":"Martinez"},"location":{"street":{"number":8817,"name":"Rue Chazière"},"city":"Ettingen","state":"Luzern","country":"Switzerland","postcode":3899,"coordinates":{"latitude":"-50.0563","longitude":"-137.5986"},"timezone":{"offset":"-6:00","description":"Central Time (US & Canada), Mexico City"}},"email":"giuliano.martinez@example.com","login":{"uuid":"5a3e7471-d717-42fc-a2ec-0060589db729","username":"whiterabbit135","password":"browns","salt":"2EhEl0Wx","md5":"d1b588f166c39da34b2449cbf6718cbd","sha1":"c0da9eb8315384aa9d52357535baf23f02653886","sha256":"afeb687857274d7d6917edd145f806439ea5253af189fa1a9e4fc4a6467b06a5"},"dob":{"date":"1947-07-28T14:02:39.446Z","age":74},"registered":{"date":"2009-08-26T20:15:06.791Z","age":12},"phone":"077 586 41 61","cell":"078 367 49 72","id":{"name":"AVS","value":"756.1743.1803.94"},"picture":{"large":"https://randomuser.me/api/portraits/men/1.jpg","medium":"https://randomuser.me/api/portraits/med/men/1.jpg","thumbnail":"https://randomuser.me/api/portraits/thumb/men/1.jpg"},"nat":"CH"}],"info":{"seed":"250851fa39f41421","results":1,"page":1,"version":"1.3"}}
[2021-03-01 20:54:37,412] {taskinstance.py:1142} INFO - Marking task as SUCCESS. dag_id=user_processing, task_id=user_extraction, execution_date=20200702T000000, start_date=20210302T015437, end_date=20210302T015437
[2021-03-01 20:54:37,432] {taskinstance.py:1195} INFO - 1 downstream tasks scheduled from follow-on schedule check
[2021-03-01 20:54:37,464] {local_task_job.py:118} INFO - Task exited with return code 0
