[2021-03-01 20:36:28,386] {taskinstance.py:826} INFO - Dependencies all met for <TaskInstance: user_processing.user_extraction 2020-01-10T00:00:00+00:00 [queued]>
[2021-03-01 20:36:28,391] {taskinstance.py:826} INFO - Dependencies all met for <TaskInstance: user_processing.user_extraction 2020-01-10T00:00:00+00:00 [queued]>
[2021-03-01 20:36:28,391] {taskinstance.py:1017} INFO - 
--------------------------------------------------------------------------------
[2021-03-01 20:36:28,391] {taskinstance.py:1018} INFO - Starting attempt 1 of 1
[2021-03-01 20:36:28,391] {taskinstance.py:1019} INFO - 
--------------------------------------------------------------------------------
[2021-03-01 20:36:28,400] {taskinstance.py:1038} INFO - Executing <Task(SimpleHttpOperator): user_extraction> on 2020-01-10T00:00:00+00:00
[2021-03-01 20:36:28,406] {standard_task_runner.py:51} INFO - Started process 236229 to run task
[2021-03-01 20:36:28,411] {standard_task_runner.py:75} INFO - Running: ['airflow', 'tasks', 'run', 'user_processing', 'user_extraction', '2020-01-10T00:00:00+00:00', '--job-id', '95', '--pool', 'default_pool', '--raw', '--subdir', 'DAGS_FOLDER/user_processing.py', '--cfg-path', '/tmp/tmp492k01al']
[2021-03-01 20:36:28,412] {standard_task_runner.py:76} INFO - Job 95: Subtask user_extraction
[2021-03-01 20:36:28,440] {logging_mixin.py:103} INFO - Running <TaskInstance: user_processing.user_extraction 2020-01-10T00:00:00+00:00 [running]> on host pop-os.localdomain
[2021-03-01 20:36:28,460] {taskinstance.py:1232} INFO - Exporting the following env vars:
AIRFLOW_CTX_DAG_OWNER=airflow
AIRFLOW_CTX_DAG_ID=user_processing
AIRFLOW_CTX_TASK_ID=user_extraction
AIRFLOW_CTX_EXECUTION_DATE=2020-01-10T00:00:00+00:00
AIRFLOW_CTX_DAG_RUN_ID=scheduled__2020-01-10T00:00:00+00:00
[2021-03-01 20:36:28,460] {http.py:106} INFO - Calling HTTP method
[2021-03-01 20:36:28,463] {base.py:74} INFO - Using connection to: id: user_api. Host: https://randomuser.me/, Port: None, Schema: , Login: , Password: None, extra: None
[2021-03-01 20:36:28,464] {http.py:140} INFO - Sending 'GET' to url: https://randomuser.me/api/
[2021-03-01 20:36:28,548] {http.py:110} INFO - {"results":[{"gender":"female","name":{"title":"Ms","first":"Zeneide","last":"Moreira"},"location":{"street":{"number":6778,"name":"Rua São Francisco "},"city":"São José dos Pinhais","state":"Tocantins","country":"Brazil","postcode":47432,"coordinates":{"latitude":"-75.4822","longitude":"27.0362"},"timezone":{"offset":"+2:00","description":"Kaliningrad, South Africa"}},"email":"zeneide.moreira@example.com","login":{"uuid":"fad8abdf-67c5-4515-83a9-1b2429589298","username":"purplebutterfly736","password":"natalia","salt":"CVuvguao","md5":"23aec69fb8a1a9fb5d6f9a9074299209","sha1":"b12306b25b2cb2f810f4443786e5b942f734e076","sha256":"c9445b314d637ef790840fa5028324754003c23eb88a8ab38d1d115c777dbc62"},"dob":{"date":"1953-12-31T10:45:32.305Z","age":68},"registered":{"date":"2006-09-15T07:13:48.158Z","age":15},"phone":"(53) 5515-5897","cell":"(82) 6637-8459","id":{"name":"","value":null},"picture":{"large":"https://randomuser.me/api/portraits/women/12.jpg","medium":"https://randomuser.me/api/portraits/med/women/12.jpg","thumbnail":"https://randomuser.me/api/portraits/thumb/women/12.jpg"},"nat":"BR"}],"info":{"seed":"8d54fbcda07fed99","results":1,"page":1,"version":"1.3"}}
[2021-03-01 20:36:28,562] {taskinstance.py:1142} INFO - Marking task as SUCCESS. dag_id=user_processing, task_id=user_extraction, execution_date=20200110T000000, start_date=20210302T013628, end_date=20210302T013628
[2021-03-01 20:36:28,579] {taskinstance.py:1195} INFO - 1 downstream tasks scheduled from follow-on schedule check
[2021-03-01 20:36:28,622] {local_task_job.py:118} INFO - Task exited with return code 0
