[2021-03-01 20:57:36,797] {taskinstance.py:826} INFO - Dependencies all met for <TaskInstance: user_processing.user_extraction 2020-08-01T00:00:00+00:00 [queued]>
[2021-03-01 20:57:36,802] {taskinstance.py:826} INFO - Dependencies all met for <TaskInstance: user_processing.user_extraction 2020-08-01T00:00:00+00:00 [queued]>
[2021-03-01 20:57:36,802] {taskinstance.py:1017} INFO - 
--------------------------------------------------------------------------------
[2021-03-01 20:57:36,802] {taskinstance.py:1018} INFO - Starting attempt 1 of 1
[2021-03-01 20:57:36,802] {taskinstance.py:1019} INFO - 
--------------------------------------------------------------------------------
[2021-03-01 20:57:36,815] {taskinstance.py:1038} INFO - Executing <Task(SimpleHttpOperator): user_extraction> on 2020-08-01T00:00:00+00:00
[2021-03-01 20:57:36,817] {standard_task_runner.py:51} INFO - Started process 261698 to run task
[2021-03-01 20:57:36,820] {standard_task_runner.py:75} INFO - Running: ['airflow', 'tasks', 'run', 'user_processing', 'user_extraction', '2020-08-01T00:00:00+00:00', '--job-id', '1115', '--pool', 'default_pool', '--raw', '--subdir', 'DAGS_FOLDER/user_processing.py', '--cfg-path', '/tmp/tmp9ozti8sl']
[2021-03-01 20:57:36,820] {standard_task_runner.py:76} INFO - Job 1115: Subtask user_extraction
[2021-03-01 20:57:36,842] {logging_mixin.py:103} INFO - Running <TaskInstance: user_processing.user_extraction 2020-08-01T00:00:00+00:00 [running]> on host pop-os.localdomain
[2021-03-01 20:57:36,878] {taskinstance.py:1232} INFO - Exporting the following env vars:
AIRFLOW_CTX_DAG_OWNER=airflow
AIRFLOW_CTX_DAG_ID=user_processing
AIRFLOW_CTX_TASK_ID=user_extraction
AIRFLOW_CTX_EXECUTION_DATE=2020-08-01T00:00:00+00:00
AIRFLOW_CTX_DAG_RUN_ID=scheduled__2020-08-01T00:00:00+00:00
[2021-03-01 20:57:36,879] {http.py:106} INFO - Calling HTTP method
[2021-03-01 20:57:36,887] {base.py:74} INFO - Using connection to: id: user_api. Host: https://randomuser.me/, Port: None, Schema: , Login: , Password: None, extra: None
[2021-03-01 20:57:36,891] {http.py:140} INFO - Sending 'GET' to url: https://randomuser.me/api/
[2021-03-01 20:57:37,007] {http.py:110} INFO - {"results":[{"gender":"male","name":{"title":"Mr","first":"Javier","last":"Vazquez"},"location":{"street":{"number":5185,"name":"Calle de Alberto Aguilera"},"city":"Lugo","state":"Aragón","country":"Spain","postcode":34775,"coordinates":{"latitude":"-17.2672","longitude":"-80.7521"},"timezone":{"offset":"+5:45","description":"Kathmandu"}},"email":"javier.vazquez@example.com","login":{"uuid":"8fb84704-2c3a-4a20-8233-9b3b6b73ad99","username":"blueduck658","password":"bluebell","salt":"iXnNQlaH","md5":"a7d5010107157aa10abe4aaf5760fe11","sha1":"61ba18511a36dc4496b0a88a8172021309590d63","sha256":"eb3c7babf9f9cdec20ccaf5c6d100c0a52f8b5895f29a941b688d51ec4e993f2"},"dob":{"date":"1983-12-26T01:50:14.958Z","age":38},"registered":{"date":"2006-01-16T20:10:54.402Z","age":15},"phone":"937-426-855","cell":"698-037-149","id":{"name":"DNI","value":"45782385-W"},"picture":{"large":"https://randomuser.me/api/portraits/men/69.jpg","medium":"https://randomuser.me/api/portraits/med/men/69.jpg","thumbnail":"https://randomuser.me/api/portraits/thumb/men/69.jpg"},"nat":"ES"}],"info":{"seed":"f3a506718e6a77f6","results":1,"page":1,"version":"1.3"}}
[2021-03-01 20:57:37,029] {taskinstance.py:1142} INFO - Marking task as SUCCESS. dag_id=user_processing, task_id=user_extraction, execution_date=20200801T000000, start_date=20210302T015736, end_date=20210302T015737
[2021-03-01 20:57:37,056] {taskinstance.py:1195} INFO - 1 downstream tasks scheduled from follow-on schedule check
[2021-03-01 20:57:37,071] {local_task_job.py:118} INFO - Task exited with return code 0
