[2021-03-01 20:56:00,567] {taskinstance.py:826} INFO - Dependencies all met for <TaskInstance: user_processing.user_extraction 2020-07-16T00:00:00+00:00 [queued]>
[2021-03-01 20:56:00,573] {taskinstance.py:826} INFO - Dependencies all met for <TaskInstance: user_processing.user_extraction 2020-07-16T00:00:00+00:00 [queued]>
[2021-03-01 20:56:00,573] {taskinstance.py:1017} INFO - 
--------------------------------------------------------------------------------
[2021-03-01 20:56:00,573] {taskinstance.py:1018} INFO - Starting attempt 1 of 1
[2021-03-01 20:56:00,573] {taskinstance.py:1019} INFO - 
--------------------------------------------------------------------------------
[2021-03-01 20:56:00,582] {taskinstance.py:1038} INFO - Executing <Task(SimpleHttpOperator): user_extraction> on 2020-07-16T00:00:00+00:00
[2021-03-01 20:56:00,584] {standard_task_runner.py:51} INFO - Started process 259896 to run task
[2021-03-01 20:56:00,587] {standard_task_runner.py:75} INFO - Running: ['airflow', 'tasks', 'run', 'user_processing', 'user_extraction', '2020-07-16T00:00:00+00:00', '--job-id', '1035', '--pool', 'default_pool', '--raw', '--subdir', 'DAGS_FOLDER/user_processing.py', '--cfg-path', '/tmp/tmpqdxfhkbf']
[2021-03-01 20:56:00,587] {standard_task_runner.py:76} INFO - Job 1035: Subtask user_extraction
[2021-03-01 20:56:00,610] {logging_mixin.py:103} INFO - Running <TaskInstance: user_processing.user_extraction 2020-07-16T00:00:00+00:00 [running]> on host pop-os.localdomain
[2021-03-01 20:56:00,632] {taskinstance.py:1232} INFO - Exporting the following env vars:
AIRFLOW_CTX_DAG_OWNER=airflow
AIRFLOW_CTX_DAG_ID=user_processing
AIRFLOW_CTX_TASK_ID=user_extraction
AIRFLOW_CTX_EXECUTION_DATE=2020-07-16T00:00:00+00:00
AIRFLOW_CTX_DAG_RUN_ID=scheduled__2020-07-16T00:00:00+00:00
[2021-03-01 20:56:00,632] {http.py:106} INFO - Calling HTTP method
[2021-03-01 20:56:00,635] {base.py:74} INFO - Using connection to: id: user_api. Host: https://randomuser.me/, Port: None, Schema: , Login: , Password: None, extra: None
[2021-03-01 20:56:00,636] {http.py:140} INFO - Sending 'GET' to url: https://randomuser.me/api/
[2021-03-01 20:56:00,730] {http.py:110} INFO - {"results":[{"gender":"male","name":{"title":"Mr","first":"Zackary","last":"Johnson"},"location":{"street":{"number":6547,"name":"Duke St"},"city":"Field","state":"Québec","country":"Canada","postcode":"H8M 9A7","coordinates":{"latitude":"-62.1194","longitude":"-104.7552"},"timezone":{"offset":"+2:00","description":"Kaliningrad, South Africa"}},"email":"zackary.johnson@example.com","login":{"uuid":"f78a65d4-c2c3-4a96-aff9-33a82e815b6b","username":"whitemeercat314","password":"wert","salt":"UiWpOMyx","md5":"f1a8485c59c6a862916594d8340758cc","sha1":"dee69542806659a2f97d18579a68efe10813f2ee","sha256":"05c8d502442a6c28a161a6aa83f28f723697365e99aa64bdc66440c513367c4f"},"dob":{"date":"1956-02-03T04:17:13.649Z","age":65},"registered":{"date":"2013-12-02T22:52:40.066Z","age":8},"phone":"195-037-4744","cell":"348-454-1742","id":{"name":"","value":null},"picture":{"large":"https://randomuser.me/api/portraits/men/52.jpg","medium":"https://randomuser.me/api/portraits/med/men/52.jpg","thumbnail":"https://randomuser.me/api/portraits/thumb/men/52.jpg"},"nat":"CA"}],"info":{"seed":"7d9dc093c9db4c57","results":1,"page":1,"version":"1.3"}}
[2021-03-01 20:56:00,740] {taskinstance.py:1142} INFO - Marking task as SUCCESS. dag_id=user_processing, task_id=user_extraction, execution_date=20200716T000000, start_date=20210302T015600, end_date=20210302T015600
[2021-03-01 20:56:00,761] {taskinstance.py:1195} INFO - 1 downstream tasks scheduled from follow-on schedule check
[2021-03-01 20:56:00,798] {local_task_job.py:118} INFO - Task exited with return code 0
