[2021-03-01 20:59:29,208] {taskinstance.py:826} INFO - Dependencies all met for <TaskInstance: user_processing.user_extraction 2020-08-20T00:00:00+00:00 [queued]>
[2021-03-01 20:59:29,213] {taskinstance.py:826} INFO - Dependencies all met for <TaskInstance: user_processing.user_extraction 2020-08-20T00:00:00+00:00 [queued]>
[2021-03-01 20:59:29,213] {taskinstance.py:1017} INFO - 
--------------------------------------------------------------------------------
[2021-03-01 20:59:29,213] {taskinstance.py:1018} INFO - Starting attempt 1 of 1
[2021-03-01 20:59:29,213] {taskinstance.py:1019} INFO - 
--------------------------------------------------------------------------------
[2021-03-01 20:59:29,220] {taskinstance.py:1038} INFO - Executing <Task(SimpleHttpOperator): user_extraction> on 2020-08-20T00:00:00+00:00
[2021-03-01 20:59:29,222] {standard_task_runner.py:51} INFO - Started process 264044 to run task
[2021-03-01 20:59:29,224] {standard_task_runner.py:75} INFO - Running: ['airflow', 'tasks', 'run', 'user_processing', 'user_extraction', '2020-08-20T00:00:00+00:00', '--job-id', '1210', '--pool', 'default_pool', '--raw', '--subdir', 'DAGS_FOLDER/user_processing.py', '--cfg-path', '/tmp/tmp35eiv9ds']
[2021-03-01 20:59:29,225] {standard_task_runner.py:76} INFO - Job 1210: Subtask user_extraction
[2021-03-01 20:59:29,248] {logging_mixin.py:103} INFO - Running <TaskInstance: user_processing.user_extraction 2020-08-20T00:00:00+00:00 [running]> on host pop-os.localdomain
[2021-03-01 20:59:29,281] {taskinstance.py:1232} INFO - Exporting the following env vars:
AIRFLOW_CTX_DAG_OWNER=airflow
AIRFLOW_CTX_DAG_ID=user_processing
AIRFLOW_CTX_TASK_ID=user_extraction
AIRFLOW_CTX_EXECUTION_DATE=2020-08-20T00:00:00+00:00
AIRFLOW_CTX_DAG_RUN_ID=scheduled__2020-08-20T00:00:00+00:00
[2021-03-01 20:59:29,281] {http.py:106} INFO - Calling HTTP method
[2021-03-01 20:59:29,284] {base.py:74} INFO - Using connection to: id: user_api. Host: https://randomuser.me/, Port: None, Schema: , Login: , Password: None, extra: None
[2021-03-01 20:59:29,285] {http.py:140} INFO - Sending 'GET' to url: https://randomuser.me/api/
[2021-03-01 20:59:29,371] {http.py:110} INFO - {"results":[{"gender":"male","name":{"title":"Mr","first":"Seth","last":"Williamson"},"location":{"street":{"number":9837,"name":"Bollinger Rd"},"city":"Launceston","state":"Queensland","country":"Australia","postcode":8312,"coordinates":{"latitude":"-85.5680","longitude":"-41.8304"},"timezone":{"offset":"+4:30","description":"Kabul"}},"email":"seth.williamson@example.com","login":{"uuid":"efaf087f-cba9-4456-a1ba-6dd60d0fc3ae","username":"sadostrich461","password":"aragorn","salt":"WQQJqtyj","md5":"6f1ec0d44f773d0fe92232039cf5759a","sha1":"bc857fb469d61e0d32b9f410b74665443576077c","sha256":"511b53118ab45e9c48effb6a06eec79e4b9f21d919c1549d9fc077a4411a7c06"},"dob":{"date":"1991-12-04T02:25:55.903Z","age":30},"registered":{"date":"2017-05-11T10:17:01.445Z","age":4},"phone":"00-8097-2696","cell":"0409-866-974","id":{"name":"TFN","value":"972532064"},"picture":{"large":"https://randomuser.me/api/portraits/men/41.jpg","medium":"https://randomuser.me/api/portraits/med/men/41.jpg","thumbnail":"https://randomuser.me/api/portraits/thumb/men/41.jpg"},"nat":"AU"}],"info":{"seed":"236d464385fed86e","results":1,"page":1,"version":"1.3"}}
[2021-03-01 20:59:29,402] {taskinstance.py:1142} INFO - Marking task as SUCCESS. dag_id=user_processing, task_id=user_extraction, execution_date=20200820T000000, start_date=20210302T015929, end_date=20210302T015929
[2021-03-01 20:59:29,429] {taskinstance.py:1195} INFO - 1 downstream tasks scheduled from follow-on schedule check
[2021-03-01 20:59:29,436] {local_task_job.py:118} INFO - Task exited with return code 0
