[2021-03-01 20:47:56,385] {taskinstance.py:826} INFO - Dependencies all met for <TaskInstance: user_processing.user_extraction 2020-04-29T00:00:00+00:00 [queued]>
[2021-03-01 20:47:56,390] {taskinstance.py:826} INFO - Dependencies all met for <TaskInstance: user_processing.user_extraction 2020-04-29T00:00:00+00:00 [queued]>
[2021-03-01 20:47:56,390] {taskinstance.py:1017} INFO - 
--------------------------------------------------------------------------------
[2021-03-01 20:47:56,390] {taskinstance.py:1018} INFO - Starting attempt 1 of 1
[2021-03-01 20:47:56,390] {taskinstance.py:1019} INFO - 
--------------------------------------------------------------------------------
[2021-03-01 20:47:56,398] {taskinstance.py:1038} INFO - Executing <Task(SimpleHttpOperator): user_extraction> on 2020-04-29T00:00:00+00:00
[2021-03-01 20:47:56,400] {standard_task_runner.py:51} INFO - Started process 249965 to run task
[2021-03-01 20:47:56,403] {standard_task_runner.py:75} INFO - Running: ['airflow', 'tasks', 'run', 'user_processing', 'user_extraction', '2020-04-29T00:00:00+00:00', '--job-id', '645', '--pool', 'default_pool', '--raw', '--subdir', 'DAGS_FOLDER/user_processing.py', '--cfg-path', '/tmp/tmp265evp2s']
[2021-03-01 20:47:56,403] {standard_task_runner.py:76} INFO - Job 645: Subtask user_extraction
[2021-03-01 20:47:56,423] {logging_mixin.py:103} INFO - Running <TaskInstance: user_processing.user_extraction 2020-04-29T00:00:00+00:00 [running]> on host pop-os.localdomain
[2021-03-01 20:47:56,449] {taskinstance.py:1232} INFO - Exporting the following env vars:
AIRFLOW_CTX_DAG_OWNER=airflow
AIRFLOW_CTX_DAG_ID=user_processing
AIRFLOW_CTX_TASK_ID=user_extraction
AIRFLOW_CTX_EXECUTION_DATE=2020-04-29T00:00:00+00:00
AIRFLOW_CTX_DAG_RUN_ID=scheduled__2020-04-29T00:00:00+00:00
[2021-03-01 20:47:56,450] {http.py:106} INFO - Calling HTTP method
[2021-03-01 20:47:56,452] {base.py:74} INFO - Using connection to: id: user_api. Host: https://randomuser.me/, Port: None, Schema: , Login: , Password: None, extra: None
[2021-03-01 20:47:56,453] {http.py:140} INFO - Sending 'GET' to url: https://randomuser.me/api/
[2021-03-01 20:47:56,539] {http.py:110} INFO - {"results":[{"gender":"female","name":{"title":"Mrs","first":"Judy","last":"Welch"},"location":{"street":{"number":1537,"name":"Hogan St"},"city":"Norfolk","state":"Iowa","country":"United States","postcode":59990,"coordinates":{"latitude":"81.3457","longitude":"66.7894"},"timezone":{"offset":"-10:00","description":"Hawaii"}},"email":"judy.welch@example.com","login":{"uuid":"7f512694-803b-4b93-a895-c3e983a335ae","username":"goldenpeacock320","password":"models","salt":"bnQTJpOH","md5":"38f5b0dcedf27253c63bb1e9cf6fa241","sha1":"4d7ad1726c26150ec90d3167b4a74c4673180879","sha256":"e145ba17a357489611a89aa05cb31785a31ceeae86350dc7a72403b040297d49"},"dob":{"date":"1994-11-02T14:47:05.573Z","age":27},"registered":{"date":"2012-05-15T13:05:47.697Z","age":9},"phone":"(262)-236-8715","cell":"(237)-792-0067","id":{"name":"SSN","value":"450-81-5609"},"picture":{"large":"https://randomuser.me/api/portraits/women/49.jpg","medium":"https://randomuser.me/api/portraits/med/women/49.jpg","thumbnail":"https://randomuser.me/api/portraits/thumb/women/49.jpg"},"nat":"US"}],"info":{"seed":"cbefc0f83b5508f9","results":1,"page":1,"version":"1.3"}}
[2021-03-01 20:47:56,550] {taskinstance.py:1142} INFO - Marking task as SUCCESS. dag_id=user_processing, task_id=user_extraction, execution_date=20200429T000000, start_date=20210302T014756, end_date=20210302T014756
[2021-03-01 20:47:56,583] {taskinstance.py:1195} INFO - 1 downstream tasks scheduled from follow-on schedule check
[2021-03-01 20:47:56,614] {local_task_job.py:118} INFO - Task exited with return code 0
