[2021-03-01 20:43:49,349] {taskinstance.py:826} INFO - Dependencies all met for <TaskInstance: user_processing.user_extraction 2020-03-21T00:00:00+00:00 [queued]>
[2021-03-01 20:43:49,355] {taskinstance.py:826} INFO - Dependencies all met for <TaskInstance: user_processing.user_extraction 2020-03-21T00:00:00+00:00 [queued]>
[2021-03-01 20:43:49,355] {taskinstance.py:1017} INFO - 
--------------------------------------------------------------------------------
[2021-03-01 20:43:49,355] {taskinstance.py:1018} INFO - Starting attempt 1 of 1
[2021-03-01 20:43:49,355] {taskinstance.py:1019} INFO - 
--------------------------------------------------------------------------------
[2021-03-01 20:43:49,366] {taskinstance.py:1038} INFO - Executing <Task(SimpleHttpOperator): user_extraction> on 2020-03-21T00:00:00+00:00
[2021-03-01 20:43:49,369] {standard_task_runner.py:51} INFO - Started process 245129 to run task
[2021-03-01 20:43:49,372] {standard_task_runner.py:75} INFO - Running: ['airflow', 'tasks', 'run', 'user_processing', 'user_extraction', '2020-03-21T00:00:00+00:00', '--job-id', '450', '--pool', 'default_pool', '--raw', '--subdir', 'DAGS_FOLDER/user_processing.py', '--cfg-path', '/tmp/tmpcre8gm27']
[2021-03-01 20:43:49,372] {standard_task_runner.py:76} INFO - Job 450: Subtask user_extraction
[2021-03-01 20:43:49,397] {logging_mixin.py:103} INFO - Running <TaskInstance: user_processing.user_extraction 2020-03-21T00:00:00+00:00 [running]> on host pop-os.localdomain
[2021-03-01 20:43:49,421] {taskinstance.py:1232} INFO - Exporting the following env vars:
AIRFLOW_CTX_DAG_OWNER=airflow
AIRFLOW_CTX_DAG_ID=user_processing
AIRFLOW_CTX_TASK_ID=user_extraction
AIRFLOW_CTX_EXECUTION_DATE=2020-03-21T00:00:00+00:00
AIRFLOW_CTX_DAG_RUN_ID=scheduled__2020-03-21T00:00:00+00:00
[2021-03-01 20:43:49,421] {http.py:106} INFO - Calling HTTP method
[2021-03-01 20:43:49,423] {base.py:74} INFO - Using connection to: id: user_api. Host: https://randomuser.me/, Port: None, Schema: , Login: , Password: None, extra: None
[2021-03-01 20:43:49,425] {http.py:140} INFO - Sending 'GET' to url: https://randomuser.me/api/
[2021-03-01 20:43:49,514] {http.py:110} INFO - {"results":[{"gender":"male","name":{"title":"Mr","first":"Volkhard","last":"Lüke"},"location":{"street":{"number":1272,"name":"Mühlenstraße"},"city":"Lauterstein","state":"Bayern","country":"Germany","postcode":99132,"coordinates":{"latitude":"-47.1598","longitude":"-44.6305"},"timezone":{"offset":"+5:00","description":"Ekaterinburg, Islamabad, Karachi, Tashkent"}},"email":"volkhard.luke@example.com","login":{"uuid":"f8a2b71f-ae85-47d0-8351-dc59c01aff9a","username":"goldenbutterfly839","password":"casper1","salt":"N3FtDZcW","md5":"b0abbafa4661ed86f76363d65b4aff98","sha1":"d3acf33f85c7efa59470e05fa1334db71661b632","sha256":"90a99f5be2507422f9581d8ee52f34f5d843b96792a3791acee98c8c7b25cecc"},"dob":{"date":"1986-02-13T04:15:05.643Z","age":35},"registered":{"date":"2008-05-01T06:35:11.943Z","age":13},"phone":"0701-6996645","cell":"0176-6640533","id":{"name":"","value":null},"picture":{"large":"https://randomuser.me/api/portraits/men/57.jpg","medium":"https://randomuser.me/api/portraits/med/men/57.jpg","thumbnail":"https://randomuser.me/api/portraits/thumb/men/57.jpg"},"nat":"DE"}],"info":{"seed":"ecfb767ca189c02e","results":1,"page":1,"version":"1.3"}}
[2021-03-01 20:43:49,528] {taskinstance.py:1142} INFO - Marking task as SUCCESS. dag_id=user_processing, task_id=user_extraction, execution_date=20200321T000000, start_date=20210302T014349, end_date=20210302T014349
[2021-03-01 20:43:49,544] {taskinstance.py:1195} INFO - 1 downstream tasks scheduled from follow-on schedule check
[2021-03-01 20:43:49,583] {local_task_job.py:118} INFO - Task exited with return code 0
