[2021-03-01 21:00:27,895] {taskinstance.py:826} INFO - Dependencies all met for <TaskInstance: user_processing.user_extraction 2020-08-30T00:00:00+00:00 [queued]>
[2021-03-01 21:00:27,900] {taskinstance.py:826} INFO - Dependencies all met for <TaskInstance: user_processing.user_extraction 2020-08-30T00:00:00+00:00 [queued]>
[2021-03-01 21:00:27,900] {taskinstance.py:1017} INFO - 
--------------------------------------------------------------------------------
[2021-03-01 21:00:27,900] {taskinstance.py:1018} INFO - Starting attempt 1 of 1
[2021-03-01 21:00:27,900] {taskinstance.py:1019} INFO - 
--------------------------------------------------------------------------------
[2021-03-01 21:00:27,908] {taskinstance.py:1038} INFO - Executing <Task(SimpleHttpOperator): user_extraction> on 2020-08-30T00:00:00+00:00
[2021-03-01 21:00:27,910] {standard_task_runner.py:51} INFO - Started process 265241 to run task
[2021-03-01 21:00:27,913] {standard_task_runner.py:75} INFO - Running: ['airflow', 'tasks', 'run', 'user_processing', 'user_extraction', '2020-08-30T00:00:00+00:00', '--job-id', '1260', '--pool', 'default_pool', '--raw', '--subdir', 'DAGS_FOLDER/user_processing.py', '--cfg-path', '/tmp/tmpub_dehq1']
[2021-03-01 21:00:27,913] {standard_task_runner.py:76} INFO - Job 1260: Subtask user_extraction
[2021-03-01 21:00:27,933] {logging_mixin.py:103} INFO - Running <TaskInstance: user_processing.user_extraction 2020-08-30T00:00:00+00:00 [running]> on host pop-os.localdomain
[2021-03-01 21:00:27,954] {taskinstance.py:1232} INFO - Exporting the following env vars:
AIRFLOW_CTX_DAG_OWNER=airflow
AIRFLOW_CTX_DAG_ID=user_processing
AIRFLOW_CTX_TASK_ID=user_extraction
AIRFLOW_CTX_EXECUTION_DATE=2020-08-30T00:00:00+00:00
AIRFLOW_CTX_DAG_RUN_ID=scheduled__2020-08-30T00:00:00+00:00
[2021-03-01 21:00:27,955] {http.py:106} INFO - Calling HTTP method
[2021-03-01 21:00:27,957] {base.py:74} INFO - Using connection to: id: user_api. Host: https://randomuser.me/, Port: None, Schema: , Login: , Password: None, extra: None
[2021-03-01 21:00:27,958] {http.py:140} INFO - Sending 'GET' to url: https://randomuser.me/api/
[2021-03-01 21:00:28,056] {http.py:110} INFO - {"results":[{"gender":"male","name":{"title":"Mr","first":"Robin","last":"Charles"},"location":{"street":{"number":7199,"name":"Place du 8 Février 1962"},"city":"Caen","state":"Maine-et-Loire","country":"France","postcode":77657,"coordinates":{"latitude":"1.7715","longitude":"-168.4779"},"timezone":{"offset":"0:00","description":"Western Europe Time, London, Lisbon, Casablanca"}},"email":"robin.charles@example.com","login":{"uuid":"d26b439c-bbe0-476d-aa43-374aa144d71b","username":"brownelephant286","password":"nofear","salt":"RT4bEx16","md5":"011725303f3dcbab3dbdfbb4b6978693","sha1":"c08e09923beb3320b589b6c2071d6ee568983d4c","sha256":"f63844456995153e1271d0c94d25c546ea000dee2a5258fbc6af3d832e128da7"},"dob":{"date":"1968-08-27T05:11:38.007Z","age":53},"registered":{"date":"2007-04-26T11:22:11.283Z","age":14},"phone":"04-12-28-40-72","cell":"06-85-06-87-90","id":{"name":"INSEE","value":"1NNaN11260271 94"},"picture":{"large":"https://randomuser.me/api/portraits/men/68.jpg","medium":"https://randomuser.me/api/portraits/med/men/68.jpg","thumbnail":"https://randomuser.me/api/portraits/thumb/men/68.jpg"},"nat":"FR"}],"info":{"seed":"875f150ef50ff240","results":1,"page":1,"version":"1.3"}}
[2021-03-01 21:00:28,078] {taskinstance.py:1142} INFO - Marking task as SUCCESS. dag_id=user_processing, task_id=user_extraction, execution_date=20200830T000000, start_date=20210302T020027, end_date=20210302T020028
[2021-03-01 21:00:28,105] {taskinstance.py:1195} INFO - 1 downstream tasks scheduled from follow-on schedule check
[2021-03-01 21:00:28,124] {local_task_job.py:118} INFO - Task exited with return code 0
