[2021-03-01 20:26:23,017] {scheduler_job.py:181} INFO - Started process (PID=229441) to work on /home/i-sip_iot/anaconda3/envs/sandbox/lib/python3.7/site-packages/airflow/example_dags/subdags/subdag.py
[2021-03-01 20:26:23,017] {scheduler_job.py:629} INFO - Processing file /home/i-sip_iot/anaconda3/envs/sandbox/lib/python3.7/site-packages/airflow/example_dags/subdags/subdag.py for tasks to queue
[2021-03-01 20:26:23,017] {logging_mixin.py:103} INFO - [2021-03-01 20:26:23,017] {dagbag.py:440} INFO - Filling up the DagBag from /home/i-sip_iot/anaconda3/envs/sandbox/lib/python3.7/site-packages/airflow/example_dags/subdags/subdag.py
[2021-03-01 20:26:23,019] {scheduler_job.py:641} WARNING - No viable dags retrieved from /home/i-sip_iot/anaconda3/envs/sandbox/lib/python3.7/site-packages/airflow/example_dags/subdags/subdag.py
[2021-03-01 20:26:23,022] {scheduler_job.py:189} INFO - Processing /home/i-sip_iot/anaconda3/envs/sandbox/lib/python3.7/site-packages/airflow/example_dags/subdags/subdag.py took 0.007 seconds
[2021-03-01 20:26:53,708] {scheduler_job.py:181} INFO - Started process (PID=229913) to work on /home/i-sip_iot/anaconda3/envs/sandbox/lib/python3.7/site-packages/airflow/example_dags/subdags/subdag.py
[2021-03-01 20:26:53,709] {scheduler_job.py:629} INFO - Processing file /home/i-sip_iot/anaconda3/envs/sandbox/lib/python3.7/site-packages/airflow/example_dags/subdags/subdag.py for tasks to queue
[2021-03-01 20:26:53,709] {logging_mixin.py:103} INFO - [2021-03-01 20:26:53,709] {dagbag.py:440} INFO - Filling up the DagBag from /home/i-sip_iot/anaconda3/envs/sandbox/lib/python3.7/site-packages/airflow/example_dags/subdags/subdag.py
[2021-03-01 20:26:53,710] {scheduler_job.py:641} WARNING - No viable dags retrieved from /home/i-sip_iot/anaconda3/envs/sandbox/lib/python3.7/site-packages/airflow/example_dags/subdags/subdag.py
[2021-03-01 20:26:53,714] {scheduler_job.py:189} INFO - Processing /home/i-sip_iot/anaconda3/envs/sandbox/lib/python3.7/site-packages/airflow/example_dags/subdags/subdag.py took 0.007 seconds
[2021-03-01 20:27:19,414] {scheduler_job.py:181} INFO - Started process (PID=230023) to work on /home/i-sip_iot/anaconda3/envs/sandbox/lib/python3.7/site-packages/airflow/example_dags/subdags/subdag.py
[2021-03-01 20:27:19,415] {scheduler_job.py:629} INFO - Processing file /home/i-sip_iot/anaconda3/envs/sandbox/lib/python3.7/site-packages/airflow/example_dags/subdags/subdag.py for tasks to queue
[2021-03-01 20:27:19,416] {logging_mixin.py:103} INFO - [2021-03-01 20:27:19,416] {dagbag.py:440} INFO - Filling up the DagBag from /home/i-sip_iot/anaconda3/envs/sandbox/lib/python3.7/site-packages/airflow/example_dags/subdags/subdag.py
[2021-03-01 20:27:19,418] {scheduler_job.py:641} WARNING - No viable dags retrieved from /home/i-sip_iot/anaconda3/envs/sandbox/lib/python3.7/site-packages/airflow/example_dags/subdags/subdag.py
[2021-03-01 20:27:19,425] {scheduler_job.py:189} INFO - Processing /home/i-sip_iot/anaconda3/envs/sandbox/lib/python3.7/site-packages/airflow/example_dags/subdags/subdag.py took 0.014 seconds
[2021-03-01 20:27:44,659] {scheduler_job.py:181} INFO - Started process (PID=230307) to work on /home/i-sip_iot/anaconda3/envs/sandbox/lib/python3.7/site-packages/airflow/example_dags/subdags/subdag.py
[2021-03-01 20:27:44,660] {scheduler_job.py:629} INFO - Processing file /home/i-sip_iot/anaconda3/envs/sandbox/lib/python3.7/site-packages/airflow/example_dags/subdags/subdag.py for tasks to queue
[2021-03-01 20:27:44,660] {logging_mixin.py:103} INFO - [2021-03-01 20:27:44,660] {dagbag.py:440} INFO - Filling up the DagBag from /home/i-sip_iot/anaconda3/envs/sandbox/lib/python3.7/site-packages/airflow/example_dags/subdags/subdag.py
[2021-03-01 20:27:44,662] {scheduler_job.py:641} WARNING - No viable dags retrieved from /home/i-sip_iot/anaconda3/envs/sandbox/lib/python3.7/site-packages/airflow/example_dags/subdags/subdag.py
[2021-03-01 20:27:44,666] {scheduler_job.py:189} INFO - Processing /home/i-sip_iot/anaconda3/envs/sandbox/lib/python3.7/site-packages/airflow/example_dags/subdags/subdag.py took 0.009 seconds
[2021-03-01 20:28:11,973] {scheduler_job.py:181} INFO - Started process (PID=230394) to work on /home/i-sip_iot/anaconda3/envs/sandbox/lib/python3.7/site-packages/airflow/example_dags/subdags/subdag.py
[2021-03-01 20:28:11,974] {scheduler_job.py:629} INFO - Processing file /home/i-sip_iot/anaconda3/envs/sandbox/lib/python3.7/site-packages/airflow/example_dags/subdags/subdag.py for tasks to queue
[2021-03-01 20:28:11,975] {logging_mixin.py:103} INFO - [2021-03-01 20:28:11,975] {dagbag.py:440} INFO - Filling up the DagBag from /home/i-sip_iot/anaconda3/envs/sandbox/lib/python3.7/site-packages/airflow/example_dags/subdags/subdag.py
[2021-03-01 20:28:11,978] {scheduler_job.py:641} WARNING - No viable dags retrieved from /home/i-sip_iot/anaconda3/envs/sandbox/lib/python3.7/site-packages/airflow/example_dags/subdags/subdag.py
[2021-03-01 20:28:11,985] {scheduler_job.py:189} INFO - Processing /home/i-sip_iot/anaconda3/envs/sandbox/lib/python3.7/site-packages/airflow/example_dags/subdags/subdag.py took 0.017 seconds
[2021-03-01 20:28:37,926] {scheduler_job.py:181} INFO - Started process (PID=230663) to work on /home/i-sip_iot/anaconda3/envs/sandbox/lib/python3.7/site-packages/airflow/example_dags/subdags/subdag.py
[2021-03-01 20:28:37,928] {scheduler_job.py:629} INFO - Processing file /home/i-sip_iot/anaconda3/envs/sandbox/lib/python3.7/site-packages/airflow/example_dags/subdags/subdag.py for tasks to queue
[2021-03-01 20:28:37,929] {logging_mixin.py:103} INFO - [2021-03-01 20:28:37,929] {dagbag.py:440} INFO - Filling up the DagBag from /home/i-sip_iot/anaconda3/envs/sandbox/lib/python3.7/site-packages/airflow/example_dags/subdags/subdag.py
[2021-03-01 20:28:37,934] {scheduler_job.py:641} WARNING - No viable dags retrieved from /home/i-sip_iot/anaconda3/envs/sandbox/lib/python3.7/site-packages/airflow/example_dags/subdags/subdag.py
[2021-03-01 20:28:37,944] {scheduler_job.py:189} INFO - Processing /home/i-sip_iot/anaconda3/envs/sandbox/lib/python3.7/site-packages/airflow/example_dags/subdags/subdag.py took 0.024 seconds
[2021-03-01 20:29:03,406] {scheduler_job.py:181} INFO - Started process (PID=231142) to work on /home/i-sip_iot/anaconda3/envs/sandbox/lib/python3.7/site-packages/airflow/example_dags/subdags/subdag.py
[2021-03-01 20:29:03,406] {scheduler_job.py:629} INFO - Processing file /home/i-sip_iot/anaconda3/envs/sandbox/lib/python3.7/site-packages/airflow/example_dags/subdags/subdag.py for tasks to queue
[2021-03-01 20:29:03,407] {logging_mixin.py:103} INFO - [2021-03-01 20:29:03,407] {dagbag.py:440} INFO - Filling up the DagBag from /home/i-sip_iot/anaconda3/envs/sandbox/lib/python3.7/site-packages/airflow/example_dags/subdags/subdag.py
[2021-03-01 20:29:03,408] {scheduler_job.py:641} WARNING - No viable dags retrieved from /home/i-sip_iot/anaconda3/envs/sandbox/lib/python3.7/site-packages/airflow/example_dags/subdags/subdag.py
[2021-03-01 20:29:03,412] {scheduler_job.py:189} INFO - Processing /home/i-sip_iot/anaconda3/envs/sandbox/lib/python3.7/site-packages/airflow/example_dags/subdags/subdag.py took 0.008 seconds
[2021-03-01 20:29:28,636] {scheduler_job.py:181} INFO - Started process (PID=231715) to work on /home/i-sip_iot/anaconda3/envs/sandbox/lib/python3.7/site-packages/airflow/example_dags/subdags/subdag.py
[2021-03-01 20:29:28,639] {scheduler_job.py:629} INFO - Processing file /home/i-sip_iot/anaconda3/envs/sandbox/lib/python3.7/site-packages/airflow/example_dags/subdags/subdag.py for tasks to queue
[2021-03-01 20:29:28,640] {logging_mixin.py:103} INFO - [2021-03-01 20:29:28,640] {dagbag.py:440} INFO - Filling up the DagBag from /home/i-sip_iot/anaconda3/envs/sandbox/lib/python3.7/site-packages/airflow/example_dags/subdags/subdag.py
[2021-03-01 20:29:28,644] {scheduler_job.py:641} WARNING - No viable dags retrieved from /home/i-sip_iot/anaconda3/envs/sandbox/lib/python3.7/site-packages/airflow/example_dags/subdags/subdag.py
[2021-03-01 20:29:28,653] {scheduler_job.py:189} INFO - Processing /home/i-sip_iot/anaconda3/envs/sandbox/lib/python3.7/site-packages/airflow/example_dags/subdags/subdag.py took 0.022 seconds
[2021-03-01 20:29:54,145] {scheduler_job.py:181} INFO - Started process (PID=232027) to work on /home/i-sip_iot/anaconda3/envs/sandbox/lib/python3.7/site-packages/airflow/example_dags/subdags/subdag.py
[2021-03-01 20:29:54,146] {scheduler_job.py:629} INFO - Processing file /home/i-sip_iot/anaconda3/envs/sandbox/lib/python3.7/site-packages/airflow/example_dags/subdags/subdag.py for tasks to queue
[2021-03-01 20:29:54,146] {logging_mixin.py:103} INFO - [2021-03-01 20:29:54,146] {dagbag.py:440} INFO - Filling up the DagBag from /home/i-sip_iot/anaconda3/envs/sandbox/lib/python3.7/site-packages/airflow/example_dags/subdags/subdag.py
[2021-03-01 20:29:54,149] {scheduler_job.py:641} WARNING - No viable dags retrieved from /home/i-sip_iot/anaconda3/envs/sandbox/lib/python3.7/site-packages/airflow/example_dags/subdags/subdag.py
[2021-03-01 20:29:54,155] {scheduler_job.py:189} INFO - Processing /home/i-sip_iot/anaconda3/envs/sandbox/lib/python3.7/site-packages/airflow/example_dags/subdags/subdag.py took 0.013 seconds
[2021-03-01 20:30:20,115] {scheduler_job.py:181} INFO - Started process (PID=232466) to work on /home/i-sip_iot/anaconda3/envs/sandbox/lib/python3.7/site-packages/airflow/example_dags/subdags/subdag.py
[2021-03-01 20:30:20,116] {scheduler_job.py:629} INFO - Processing file /home/i-sip_iot/anaconda3/envs/sandbox/lib/python3.7/site-packages/airflow/example_dags/subdags/subdag.py for tasks to queue
[2021-03-01 20:30:20,117] {logging_mixin.py:103} INFO - [2021-03-01 20:30:20,117] {dagbag.py:440} INFO - Filling up the DagBag from /home/i-sip_iot/anaconda3/envs/sandbox/lib/python3.7/site-packages/airflow/example_dags/subdags/subdag.py
[2021-03-01 20:30:20,119] {scheduler_job.py:641} WARNING - No viable dags retrieved from /home/i-sip_iot/anaconda3/envs/sandbox/lib/python3.7/site-packages/airflow/example_dags/subdags/subdag.py
[2021-03-01 20:30:20,123] {scheduler_job.py:189} INFO - Processing /home/i-sip_iot/anaconda3/envs/sandbox/lib/python3.7/site-packages/airflow/example_dags/subdags/subdag.py took 0.009 seconds
[2021-03-01 20:30:46,272] {scheduler_job.py:181} INFO - Started process (PID=233016) to work on /home/i-sip_iot/anaconda3/envs/sandbox/lib/python3.7/site-packages/airflow/example_dags/subdags/subdag.py
[2021-03-01 20:30:46,273] {scheduler_job.py:629} INFO - Processing file /home/i-sip_iot/anaconda3/envs/sandbox/lib/python3.7/site-packages/airflow/example_dags/subdags/subdag.py for tasks to queue
[2021-03-01 20:30:46,273] {logging_mixin.py:103} INFO - [2021-03-01 20:30:46,273] {dagbag.py:440} INFO - Filling up the DagBag from /home/i-sip_iot/anaconda3/envs/sandbox/lib/python3.7/site-packages/airflow/example_dags/subdags/subdag.py
[2021-03-01 20:30:46,275] {scheduler_job.py:641} WARNING - No viable dags retrieved from /home/i-sip_iot/anaconda3/envs/sandbox/lib/python3.7/site-packages/airflow/example_dags/subdags/subdag.py
[2021-03-01 20:30:46,279] {scheduler_job.py:189} INFO - Processing /home/i-sip_iot/anaconda3/envs/sandbox/lib/python3.7/site-packages/airflow/example_dags/subdags/subdag.py took 0.009 seconds
[2021-03-01 20:31:12,576] {scheduler_job.py:181} INFO - Started process (PID=233140) to work on /home/i-sip_iot/anaconda3/envs/sandbox/lib/python3.7/site-packages/airflow/example_dags/subdags/subdag.py
[2021-03-01 20:31:12,576] {scheduler_job.py:629} INFO - Processing file /home/i-sip_iot/anaconda3/envs/sandbox/lib/python3.7/site-packages/airflow/example_dags/subdags/subdag.py for tasks to queue
[2021-03-01 20:31:12,577] {logging_mixin.py:103} INFO - [2021-03-01 20:31:12,577] {dagbag.py:440} INFO - Filling up the DagBag from /home/i-sip_iot/anaconda3/envs/sandbox/lib/python3.7/site-packages/airflow/example_dags/subdags/subdag.py
[2021-03-01 20:31:12,578] {scheduler_job.py:641} WARNING - No viable dags retrieved from /home/i-sip_iot/anaconda3/envs/sandbox/lib/python3.7/site-packages/airflow/example_dags/subdags/subdag.py
[2021-03-01 20:31:12,582] {scheduler_job.py:189} INFO - Processing /home/i-sip_iot/anaconda3/envs/sandbox/lib/python3.7/site-packages/airflow/example_dags/subdags/subdag.py took 0.007 seconds
[2021-03-01 20:31:38,413] {scheduler_job.py:181} INFO - Started process (PID=233484) to work on /home/i-sip_iot/anaconda3/envs/sandbox/lib/python3.7/site-packages/airflow/example_dags/subdags/subdag.py
[2021-03-01 20:31:38,415] {scheduler_job.py:629} INFO - Processing file /home/i-sip_iot/anaconda3/envs/sandbox/lib/python3.7/site-packages/airflow/example_dags/subdags/subdag.py for tasks to queue
[2021-03-01 20:31:38,416] {logging_mixin.py:103} INFO - [2021-03-01 20:31:38,416] {dagbag.py:440} INFO - Filling up the DagBag from /home/i-sip_iot/anaconda3/envs/sandbox/lib/python3.7/site-packages/airflow/example_dags/subdags/subdag.py
[2021-03-01 20:31:38,420] {scheduler_job.py:641} WARNING - No viable dags retrieved from /home/i-sip_iot/anaconda3/envs/sandbox/lib/python3.7/site-packages/airflow/example_dags/subdags/subdag.py
[2021-03-01 20:31:38,429] {scheduler_job.py:189} INFO - Processing /home/i-sip_iot/anaconda3/envs/sandbox/lib/python3.7/site-packages/airflow/example_dags/subdags/subdag.py took 0.024 seconds
[2021-03-01 20:32:04,055] {scheduler_job.py:181} INFO - Started process (PID=233575) to work on /home/i-sip_iot/anaconda3/envs/sandbox/lib/python3.7/site-packages/airflow/example_dags/subdags/subdag.py
[2021-03-01 20:32:04,055] {scheduler_job.py:629} INFO - Processing file /home/i-sip_iot/anaconda3/envs/sandbox/lib/python3.7/site-packages/airflow/example_dags/subdags/subdag.py for tasks to queue
[2021-03-01 20:32:04,056] {logging_mixin.py:103} INFO - [2021-03-01 20:32:04,056] {dagbag.py:440} INFO - Filling up the DagBag from /home/i-sip_iot/anaconda3/envs/sandbox/lib/python3.7/site-packages/airflow/example_dags/subdags/subdag.py
[2021-03-01 20:32:04,057] {scheduler_job.py:641} WARNING - No viable dags retrieved from /home/i-sip_iot/anaconda3/envs/sandbox/lib/python3.7/site-packages/airflow/example_dags/subdags/subdag.py
[2021-03-01 20:32:04,061] {scheduler_job.py:189} INFO - Processing /home/i-sip_iot/anaconda3/envs/sandbox/lib/python3.7/site-packages/airflow/example_dags/subdags/subdag.py took 0.008 seconds
[2021-03-01 20:32:29,240] {scheduler_job.py:181} INFO - Started process (PID=233670) to work on /home/i-sip_iot/anaconda3/envs/sandbox/lib/python3.7/site-packages/airflow/example_dags/subdags/subdag.py
[2021-03-01 20:32:29,242] {scheduler_job.py:629} INFO - Processing file /home/i-sip_iot/anaconda3/envs/sandbox/lib/python3.7/site-packages/airflow/example_dags/subdags/subdag.py for tasks to queue
[2021-03-01 20:32:29,244] {logging_mixin.py:103} INFO - [2021-03-01 20:32:29,243] {dagbag.py:440} INFO - Filling up the DagBag from /home/i-sip_iot/anaconda3/envs/sandbox/lib/python3.7/site-packages/airflow/example_dags/subdags/subdag.py
[2021-03-01 20:32:29,247] {scheduler_job.py:641} WARNING - No viable dags retrieved from /home/i-sip_iot/anaconda3/envs/sandbox/lib/python3.7/site-packages/airflow/example_dags/subdags/subdag.py
[2021-03-01 20:32:29,256] {scheduler_job.py:189} INFO - Processing /home/i-sip_iot/anaconda3/envs/sandbox/lib/python3.7/site-packages/airflow/example_dags/subdags/subdag.py took 0.019 seconds
[2021-03-01 20:32:54,669] {scheduler_job.py:181} INFO - Started process (PID=233918) to work on /home/i-sip_iot/anaconda3/envs/sandbox/lib/python3.7/site-packages/airflow/example_dags/subdags/subdag.py
[2021-03-01 20:32:54,671] {scheduler_job.py:629} INFO - Processing file /home/i-sip_iot/anaconda3/envs/sandbox/lib/python3.7/site-packages/airflow/example_dags/subdags/subdag.py for tasks to queue
[2021-03-01 20:32:54,672] {logging_mixin.py:103} INFO - [2021-03-01 20:32:54,672] {dagbag.py:440} INFO - Filling up the DagBag from /home/i-sip_iot/anaconda3/envs/sandbox/lib/python3.7/site-packages/airflow/example_dags/subdags/subdag.py
[2021-03-01 20:32:54,676] {scheduler_job.py:641} WARNING - No viable dags retrieved from /home/i-sip_iot/anaconda3/envs/sandbox/lib/python3.7/site-packages/airflow/example_dags/subdags/subdag.py
[2021-03-01 20:32:54,684] {scheduler_job.py:189} INFO - Processing /home/i-sip_iot/anaconda3/envs/sandbox/lib/python3.7/site-packages/airflow/example_dags/subdags/subdag.py took 0.021 seconds
[2021-03-01 20:33:20,734] {scheduler_job.py:181} INFO - Started process (PID=234033) to work on /home/i-sip_iot/anaconda3/envs/sandbox/lib/python3.7/site-packages/airflow/example_dags/subdags/subdag.py
[2021-03-01 20:33:20,735] {scheduler_job.py:629} INFO - Processing file /home/i-sip_iot/anaconda3/envs/sandbox/lib/python3.7/site-packages/airflow/example_dags/subdags/subdag.py for tasks to queue
[2021-03-01 20:33:20,736] {logging_mixin.py:103} INFO - [2021-03-01 20:33:20,736] {dagbag.py:440} INFO - Filling up the DagBag from /home/i-sip_iot/anaconda3/envs/sandbox/lib/python3.7/site-packages/airflow/example_dags/subdags/subdag.py
[2021-03-01 20:33:20,738] {scheduler_job.py:641} WARNING - No viable dags retrieved from /home/i-sip_iot/anaconda3/envs/sandbox/lib/python3.7/site-packages/airflow/example_dags/subdags/subdag.py
[2021-03-01 20:33:20,746] {scheduler_job.py:189} INFO - Processing /home/i-sip_iot/anaconda3/envs/sandbox/lib/python3.7/site-packages/airflow/example_dags/subdags/subdag.py took 0.014 seconds
[2021-03-01 20:33:47,091] {scheduler_job.py:181} INFO - Started process (PID=234317) to work on /home/i-sip_iot/anaconda3/envs/sandbox/lib/python3.7/site-packages/airflow/example_dags/subdags/subdag.py
[2021-03-01 20:33:47,094] {scheduler_job.py:629} INFO - Processing file /home/i-sip_iot/anaconda3/envs/sandbox/lib/python3.7/site-packages/airflow/example_dags/subdags/subdag.py for tasks to queue
[2021-03-01 20:33:47,096] {logging_mixin.py:103} INFO - [2021-03-01 20:33:47,095] {dagbag.py:440} INFO - Filling up the DagBag from /home/i-sip_iot/anaconda3/envs/sandbox/lib/python3.7/site-packages/airflow/example_dags/subdags/subdag.py
[2021-03-01 20:33:47,101] {scheduler_job.py:641} WARNING - No viable dags retrieved from /home/i-sip_iot/anaconda3/envs/sandbox/lib/python3.7/site-packages/airflow/example_dags/subdags/subdag.py
[2021-03-01 20:33:47,110] {scheduler_job.py:189} INFO - Processing /home/i-sip_iot/anaconda3/envs/sandbox/lib/python3.7/site-packages/airflow/example_dags/subdags/subdag.py took 0.025 seconds
[2021-03-01 20:34:12,325] {scheduler_job.py:181} INFO - Started process (PID=234427) to work on /home/i-sip_iot/anaconda3/envs/sandbox/lib/python3.7/site-packages/airflow/example_dags/subdags/subdag.py
[2021-03-01 20:34:12,325] {scheduler_job.py:629} INFO - Processing file /home/i-sip_iot/anaconda3/envs/sandbox/lib/python3.7/site-packages/airflow/example_dags/subdags/subdag.py for tasks to queue
[2021-03-01 20:34:12,326] {logging_mixin.py:103} INFO - [2021-03-01 20:34:12,326] {dagbag.py:440} INFO - Filling up the DagBag from /home/i-sip_iot/anaconda3/envs/sandbox/lib/python3.7/site-packages/airflow/example_dags/subdags/subdag.py
[2021-03-01 20:34:12,327] {scheduler_job.py:641} WARNING - No viable dags retrieved from /home/i-sip_iot/anaconda3/envs/sandbox/lib/python3.7/site-packages/airflow/example_dags/subdags/subdag.py
[2021-03-01 20:34:12,331] {scheduler_job.py:189} INFO - Processing /home/i-sip_iot/anaconda3/envs/sandbox/lib/python3.7/site-packages/airflow/example_dags/subdags/subdag.py took 0.009 seconds
[2021-03-01 20:34:44,998] {scheduler_job.py:181} INFO - Started process (PID=234889) to work on /home/i-sip_iot/anaconda3/envs/sandbox/lib/python3.7/site-packages/airflow/example_dags/subdags/subdag.py
[2021-03-01 20:34:44,998] {scheduler_job.py:629} INFO - Processing file /home/i-sip_iot/anaconda3/envs/sandbox/lib/python3.7/site-packages/airflow/example_dags/subdags/subdag.py for tasks to queue
[2021-03-01 20:34:44,999] {logging_mixin.py:103} INFO - [2021-03-01 20:34:44,998] {dagbag.py:440} INFO - Filling up the DagBag from /home/i-sip_iot/anaconda3/envs/sandbox/lib/python3.7/site-packages/airflow/example_dags/subdags/subdag.py
[2021-03-01 20:34:45,000] {scheduler_job.py:641} WARNING - No viable dags retrieved from /home/i-sip_iot/anaconda3/envs/sandbox/lib/python3.7/site-packages/airflow/example_dags/subdags/subdag.py
[2021-03-01 20:34:45,004] {scheduler_job.py:189} INFO - Processing /home/i-sip_iot/anaconda3/envs/sandbox/lib/python3.7/site-packages/airflow/example_dags/subdags/subdag.py took 0.008 seconds
[2021-03-01 20:35:10,210] {scheduler_job.py:181} INFO - Started process (PID=234992) to work on /home/i-sip_iot/anaconda3/envs/sandbox/lib/python3.7/site-packages/airflow/example_dags/subdags/subdag.py
[2021-03-01 20:35:10,211] {scheduler_job.py:629} INFO - Processing file /home/i-sip_iot/anaconda3/envs/sandbox/lib/python3.7/site-packages/airflow/example_dags/subdags/subdag.py for tasks to queue
[2021-03-01 20:35:10,212] {logging_mixin.py:103} INFO - [2021-03-01 20:35:10,212] {dagbag.py:440} INFO - Filling up the DagBag from /home/i-sip_iot/anaconda3/envs/sandbox/lib/python3.7/site-packages/airflow/example_dags/subdags/subdag.py
[2021-03-01 20:35:10,214] {scheduler_job.py:641} WARNING - No viable dags retrieved from /home/i-sip_iot/anaconda3/envs/sandbox/lib/python3.7/site-packages/airflow/example_dags/subdags/subdag.py
[2021-03-01 20:35:10,220] {scheduler_job.py:189} INFO - Processing /home/i-sip_iot/anaconda3/envs/sandbox/lib/python3.7/site-packages/airflow/example_dags/subdags/subdag.py took 0.012 seconds
[2021-03-01 20:35:54,195] {scheduler_job.py:181} INFO - Started process (PID=235630) to work on /home/i-sip_iot/anaconda3/envs/sandbox/lib/python3.7/site-packages/airflow/example_dags/subdags/subdag.py
[2021-03-01 20:35:54,196] {scheduler_job.py:629} INFO - Processing file /home/i-sip_iot/anaconda3/envs/sandbox/lib/python3.7/site-packages/airflow/example_dags/subdags/subdag.py for tasks to queue
[2021-03-01 20:35:54,196] {logging_mixin.py:103} INFO - [2021-03-01 20:35:54,196] {dagbag.py:440} INFO - Filling up the DagBag from /home/i-sip_iot/anaconda3/envs/sandbox/lib/python3.7/site-packages/airflow/example_dags/subdags/subdag.py
[2021-03-01 20:35:54,197] {scheduler_job.py:641} WARNING - No viable dags retrieved from /home/i-sip_iot/anaconda3/envs/sandbox/lib/python3.7/site-packages/airflow/example_dags/subdags/subdag.py
[2021-03-01 20:35:54,201] {scheduler_job.py:189} INFO - Processing /home/i-sip_iot/anaconda3/envs/sandbox/lib/python3.7/site-packages/airflow/example_dags/subdags/subdag.py took 0.007 seconds
[2021-03-01 20:38:36,550] {scheduler_job.py:181} INFO - Started process (PID=238859) to work on /home/i-sip_iot/anaconda3/envs/sandbox/lib/python3.7/site-packages/airflow/example_dags/subdags/subdag.py
[2021-03-01 20:38:36,551] {scheduler_job.py:629} INFO - Processing file /home/i-sip_iot/anaconda3/envs/sandbox/lib/python3.7/site-packages/airflow/example_dags/subdags/subdag.py for tasks to queue
[2021-03-01 20:38:36,551] {logging_mixin.py:103} INFO - [2021-03-01 20:38:36,551] {dagbag.py:440} INFO - Filling up the DagBag from /home/i-sip_iot/anaconda3/envs/sandbox/lib/python3.7/site-packages/airflow/example_dags/subdags/subdag.py
[2021-03-01 20:38:36,552] {scheduler_job.py:641} WARNING - No viable dags retrieved from /home/i-sip_iot/anaconda3/envs/sandbox/lib/python3.7/site-packages/airflow/example_dags/subdags/subdag.py
[2021-03-01 20:38:36,555] {scheduler_job.py:189} INFO - Processing /home/i-sip_iot/anaconda3/envs/sandbox/lib/python3.7/site-packages/airflow/example_dags/subdags/subdag.py took 0.007 seconds
[2021-03-01 20:41:17,318] {scheduler_job.py:181} INFO - Started process (PID=241973) to work on /home/i-sip_iot/anaconda3/envs/sandbox/lib/python3.7/site-packages/airflow/example_dags/subdags/subdag.py
[2021-03-01 20:41:17,320] {scheduler_job.py:629} INFO - Processing file /home/i-sip_iot/anaconda3/envs/sandbox/lib/python3.7/site-packages/airflow/example_dags/subdags/subdag.py for tasks to queue
[2021-03-01 20:41:17,320] {logging_mixin.py:103} INFO - [2021-03-01 20:41:17,320] {dagbag.py:440} INFO - Filling up the DagBag from /home/i-sip_iot/anaconda3/envs/sandbox/lib/python3.7/site-packages/airflow/example_dags/subdags/subdag.py
[2021-03-01 20:41:17,322] {scheduler_job.py:641} WARNING - No viable dags retrieved from /home/i-sip_iot/anaconda3/envs/sandbox/lib/python3.7/site-packages/airflow/example_dags/subdags/subdag.py
[2021-03-01 20:41:17,326] {scheduler_job.py:189} INFO - Processing /home/i-sip_iot/anaconda3/envs/sandbox/lib/python3.7/site-packages/airflow/example_dags/subdags/subdag.py took 0.009 seconds
[2021-03-01 20:43:57,997] {scheduler_job.py:181} INFO - Started process (PID=245260) to work on /home/i-sip_iot/anaconda3/envs/sandbox/lib/python3.7/site-packages/airflow/example_dags/subdags/subdag.py
[2021-03-01 20:43:57,998] {scheduler_job.py:629} INFO - Processing file /home/i-sip_iot/anaconda3/envs/sandbox/lib/python3.7/site-packages/airflow/example_dags/subdags/subdag.py for tasks to queue
[2021-03-01 20:43:57,998] {logging_mixin.py:103} INFO - [2021-03-01 20:43:57,998] {dagbag.py:440} INFO - Filling up the DagBag from /home/i-sip_iot/anaconda3/envs/sandbox/lib/python3.7/site-packages/airflow/example_dags/subdags/subdag.py
[2021-03-01 20:43:58,000] {scheduler_job.py:641} WARNING - No viable dags retrieved from /home/i-sip_iot/anaconda3/envs/sandbox/lib/python3.7/site-packages/airflow/example_dags/subdags/subdag.py
[2021-03-01 20:43:58,004] {scheduler_job.py:189} INFO - Processing /home/i-sip_iot/anaconda3/envs/sandbox/lib/python3.7/site-packages/airflow/example_dags/subdags/subdag.py took 0.009 seconds
[2021-03-01 20:46:43,963] {scheduler_job.py:181} INFO - Started process (PID=248569) to work on /home/i-sip_iot/anaconda3/envs/sandbox/lib/python3.7/site-packages/airflow/example_dags/subdags/subdag.py
[2021-03-01 20:46:43,964] {scheduler_job.py:629} INFO - Processing file /home/i-sip_iot/anaconda3/envs/sandbox/lib/python3.7/site-packages/airflow/example_dags/subdags/subdag.py for tasks to queue
[2021-03-01 20:46:43,965] {logging_mixin.py:103} INFO - [2021-03-01 20:46:43,965] {dagbag.py:440} INFO - Filling up the DagBag from /home/i-sip_iot/anaconda3/envs/sandbox/lib/python3.7/site-packages/airflow/example_dags/subdags/subdag.py
[2021-03-01 20:46:43,966] {scheduler_job.py:641} WARNING - No viable dags retrieved from /home/i-sip_iot/anaconda3/envs/sandbox/lib/python3.7/site-packages/airflow/example_dags/subdags/subdag.py
[2021-03-01 20:46:43,970] {scheduler_job.py:189} INFO - Processing /home/i-sip_iot/anaconda3/envs/sandbox/lib/python3.7/site-packages/airflow/example_dags/subdags/subdag.py took 0.010 seconds
[2021-03-01 20:49:26,380] {scheduler_job.py:181} INFO - Started process (PID=252025) to work on /home/i-sip_iot/anaconda3/envs/sandbox/lib/python3.7/site-packages/airflow/example_dags/subdags/subdag.py
[2021-03-01 20:49:26,381] {scheduler_job.py:629} INFO - Processing file /home/i-sip_iot/anaconda3/envs/sandbox/lib/python3.7/site-packages/airflow/example_dags/subdags/subdag.py for tasks to queue
[2021-03-01 20:49:26,381] {logging_mixin.py:103} INFO - [2021-03-01 20:49:26,381] {dagbag.py:440} INFO - Filling up the DagBag from /home/i-sip_iot/anaconda3/envs/sandbox/lib/python3.7/site-packages/airflow/example_dags/subdags/subdag.py
[2021-03-01 20:49:26,382] {scheduler_job.py:641} WARNING - No viable dags retrieved from /home/i-sip_iot/anaconda3/envs/sandbox/lib/python3.7/site-packages/airflow/example_dags/subdags/subdag.py
[2021-03-01 20:49:26,385] {scheduler_job.py:189} INFO - Processing /home/i-sip_iot/anaconda3/envs/sandbox/lib/python3.7/site-packages/airflow/example_dags/subdags/subdag.py took 0.007 seconds
[2021-03-01 20:52:17,701] {scheduler_job.py:181} INFO - Started process (PID=255371) to work on /home/i-sip_iot/anaconda3/envs/sandbox/lib/python3.7/site-packages/airflow/example_dags/subdags/subdag.py
[2021-03-01 20:52:17,702] {scheduler_job.py:629} INFO - Processing file /home/i-sip_iot/anaconda3/envs/sandbox/lib/python3.7/site-packages/airflow/example_dags/subdags/subdag.py for tasks to queue
[2021-03-01 20:52:17,703] {logging_mixin.py:103} INFO - [2021-03-01 20:52:17,702] {dagbag.py:440} INFO - Filling up the DagBag from /home/i-sip_iot/anaconda3/envs/sandbox/lib/python3.7/site-packages/airflow/example_dags/subdags/subdag.py
[2021-03-01 20:52:17,705] {scheduler_job.py:641} WARNING - No viable dags retrieved from /home/i-sip_iot/anaconda3/envs/sandbox/lib/python3.7/site-packages/airflow/example_dags/subdags/subdag.py
[2021-03-01 20:52:17,710] {scheduler_job.py:189} INFO - Processing /home/i-sip_iot/anaconda3/envs/sandbox/lib/python3.7/site-packages/airflow/example_dags/subdags/subdag.py took 0.011 seconds
[2021-03-01 20:54:52,372] {scheduler_job.py:181} INFO - Started process (PID=258506) to work on /home/i-sip_iot/anaconda3/envs/sandbox/lib/python3.7/site-packages/airflow/example_dags/subdags/subdag.py
[2021-03-01 20:54:52,373] {scheduler_job.py:629} INFO - Processing file /home/i-sip_iot/anaconda3/envs/sandbox/lib/python3.7/site-packages/airflow/example_dags/subdags/subdag.py for tasks to queue
[2021-03-01 20:54:52,374] {logging_mixin.py:103} INFO - [2021-03-01 20:54:52,374] {dagbag.py:440} INFO - Filling up the DagBag from /home/i-sip_iot/anaconda3/envs/sandbox/lib/python3.7/site-packages/airflow/example_dags/subdags/subdag.py
[2021-03-01 20:54:52,376] {scheduler_job.py:641} WARNING - No viable dags retrieved from /home/i-sip_iot/anaconda3/envs/sandbox/lib/python3.7/site-packages/airflow/example_dags/subdags/subdag.py
[2021-03-01 20:54:52,380] {scheduler_job.py:189} INFO - Processing /home/i-sip_iot/anaconda3/envs/sandbox/lib/python3.7/site-packages/airflow/example_dags/subdags/subdag.py took 0.011 seconds
[2021-03-01 20:57:27,207] {scheduler_job.py:181} INFO - Started process (PID=261533) to work on /home/i-sip_iot/anaconda3/envs/sandbox/lib/python3.7/site-packages/airflow/example_dags/subdags/subdag.py
[2021-03-01 20:57:27,208] {scheduler_job.py:629} INFO - Processing file /home/i-sip_iot/anaconda3/envs/sandbox/lib/python3.7/site-packages/airflow/example_dags/subdags/subdag.py for tasks to queue
[2021-03-01 20:57:27,208] {logging_mixin.py:103} INFO - [2021-03-01 20:57:27,208] {dagbag.py:440} INFO - Filling up the DagBag from /home/i-sip_iot/anaconda3/envs/sandbox/lib/python3.7/site-packages/airflow/example_dags/subdags/subdag.py
[2021-03-01 20:57:27,209] {scheduler_job.py:641} WARNING - No viable dags retrieved from /home/i-sip_iot/anaconda3/envs/sandbox/lib/python3.7/site-packages/airflow/example_dags/subdags/subdag.py
[2021-03-01 20:57:27,212] {scheduler_job.py:189} INFO - Processing /home/i-sip_iot/anaconda3/envs/sandbox/lib/python3.7/site-packages/airflow/example_dags/subdags/subdag.py took 0.007 seconds
[2021-03-01 21:00:01,244] {scheduler_job.py:181} INFO - Started process (PID=264748) to work on /home/i-sip_iot/anaconda3/envs/sandbox/lib/python3.7/site-packages/airflow/example_dags/subdags/subdag.py
[2021-03-01 21:00:01,246] {scheduler_job.py:629} INFO - Processing file /home/i-sip_iot/anaconda3/envs/sandbox/lib/python3.7/site-packages/airflow/example_dags/subdags/subdag.py for tasks to queue
[2021-03-01 21:00:01,246] {logging_mixin.py:103} INFO - [2021-03-01 21:00:01,246] {dagbag.py:440} INFO - Filling up the DagBag from /home/i-sip_iot/anaconda3/envs/sandbox/lib/python3.7/site-packages/airflow/example_dags/subdags/subdag.py
[2021-03-01 21:00:01,249] {scheduler_job.py:641} WARNING - No viable dags retrieved from /home/i-sip_iot/anaconda3/envs/sandbox/lib/python3.7/site-packages/airflow/example_dags/subdags/subdag.py
[2021-03-01 21:00:01,254] {scheduler_job.py:189} INFO - Processing /home/i-sip_iot/anaconda3/envs/sandbox/lib/python3.7/site-packages/airflow/example_dags/subdags/subdag.py took 0.014 seconds
