[2021-03-01 20:42:29,053] {taskinstance.py:826} INFO - Dependencies all met for <TaskInstance: user_processing.user_extraction 2020-03-08T00:00:00+00:00 [queued]>
[2021-03-01 20:42:29,058] {taskinstance.py:826} INFO - Dependencies all met for <TaskInstance: user_processing.user_extraction 2020-03-08T00:00:00+00:00 [queued]>
[2021-03-01 20:42:29,058] {taskinstance.py:1017} INFO - 
--------------------------------------------------------------------------------
[2021-03-01 20:42:29,058] {taskinstance.py:1018} INFO - Starting attempt 1 of 1
[2021-03-01 20:42:29,058] {taskinstance.py:1019} INFO - 
--------------------------------------------------------------------------------
[2021-03-01 20:42:29,066] {taskinstance.py:1038} INFO - Executing <Task(SimpleHttpOperator): user_extraction> on 2020-03-08T00:00:00+00:00
[2021-03-01 20:42:29,068] {standard_task_runner.py:51} INFO - Started process 243373 to run task
[2021-03-01 20:42:29,071] {standard_task_runner.py:75} INFO - Running: ['airflow', 'tasks', 'run', 'user_processing', 'user_extraction', '2020-03-08T00:00:00+00:00', '--job-id', '385', '--pool', 'default_pool', '--raw', '--subdir', 'DAGS_FOLDER/user_processing.py', '--cfg-path', '/tmp/tmpyhib398i']
[2021-03-01 20:42:29,071] {standard_task_runner.py:76} INFO - Job 385: Subtask user_extraction
[2021-03-01 20:42:29,094] {logging_mixin.py:103} INFO - Running <TaskInstance: user_processing.user_extraction 2020-03-08T00:00:00+00:00 [running]> on host pop-os.localdomain
[2021-03-01 20:42:29,118] {taskinstance.py:1232} INFO - Exporting the following env vars:
AIRFLOW_CTX_DAG_OWNER=airflow
AIRFLOW_CTX_DAG_ID=user_processing
AIRFLOW_CTX_TASK_ID=user_extraction
AIRFLOW_CTX_EXECUTION_DATE=2020-03-08T00:00:00+00:00
AIRFLOW_CTX_DAG_RUN_ID=scheduled__2020-03-08T00:00:00+00:00
[2021-03-01 20:42:29,119] {http.py:106} INFO - Calling HTTP method
[2021-03-01 20:42:29,122] {base.py:74} INFO - Using connection to: id: user_api. Host: https://randomuser.me/, Port: None, Schema: , Login: , Password: None, extra: None
[2021-03-01 20:42:29,123] {http.py:140} INFO - Sending 'GET' to url: https://randomuser.me/api/
[2021-03-01 20:42:29,237] {http.py:110} INFO - {"results":[{"gender":"female","name":{"title":"Miss","first":"Susie","last":"Clark"},"location":{"street":{"number":5254,"name":"Green Lane"},"city":"Sallins","state":"Kildare","country":"Ireland","postcode":67735,"coordinates":{"latitude":"24.0537","longitude":"105.6654"},"timezone":{"offset":"+4:30","description":"Kabul"}},"email":"susie.clark@example.com","login":{"uuid":"e23a83d6-a6c7-4bbb-8cfc-36e04d470e60","username":"silverelephant467","password":"venom","salt":"zYESSSVX","md5":"b3ad4b0272ebb4a7366971fec62afab8","sha1":"709b93ebb824d7bf779944b16e9059f0abe7408b","sha256":"55469fca1e6e0fb6544187350ee7a7ebb53e68e9eb7c15010d0ddec82942473e"},"dob":{"date":"1992-04-14T11:55:31.536Z","age":29},"registered":{"date":"2002-04-04T16:33:27.901Z","age":19},"phone":"061-240-8404","cell":"081-460-5352","id":{"name":"PPS","value":"9123928T"},"picture":{"large":"https://randomuser.me/api/portraits/women/26.jpg","medium":"https://randomuser.me/api/portraits/med/women/26.jpg","thumbnail":"https://randomuser.me/api/portraits/thumb/women/26.jpg"},"nat":"IE"}],"info":{"seed":"a667055609ccc118","results":1,"page":1,"version":"1.3"}}
[2021-03-01 20:42:29,260] {taskinstance.py:1142} INFO - Marking task as SUCCESS. dag_id=user_processing, task_id=user_extraction, execution_date=20200308T000000, start_date=20210302T014229, end_date=20210302T014229
[2021-03-01 20:42:29,280] {taskinstance.py:1195} INFO - 1 downstream tasks scheduled from follow-on schedule check
[2021-03-01 20:42:29,321] {local_task_job.py:118} INFO - Task exited with return code 0
