[2021-03-01 20:46:47,815] {taskinstance.py:826} INFO - Dependencies all met for <TaskInstance: user_processing.user_extraction 2020-04-18T00:00:00+00:00 [queued]>
[2021-03-01 20:46:47,820] {taskinstance.py:826} INFO - Dependencies all met for <TaskInstance: user_processing.user_extraction 2020-04-18T00:00:00+00:00 [queued]>
[2021-03-01 20:46:47,820] {taskinstance.py:1017} INFO - 
--------------------------------------------------------------------------------
[2021-03-01 20:46:47,820] {taskinstance.py:1018} INFO - Starting attempt 1 of 1
[2021-03-01 20:46:47,820] {taskinstance.py:1019} INFO - 
--------------------------------------------------------------------------------
[2021-03-01 20:46:47,831] {taskinstance.py:1038} INFO - Executing <Task(SimpleHttpOperator): user_extraction> on 2020-04-18T00:00:00+00:00
[2021-03-01 20:46:47,833] {standard_task_runner.py:51} INFO - Started process 248650 to run task
[2021-03-01 20:46:47,836] {standard_task_runner.py:75} INFO - Running: ['airflow', 'tasks', 'run', 'user_processing', 'user_extraction', '2020-04-18T00:00:00+00:00', '--job-id', '590', '--pool', 'default_pool', '--raw', '--subdir', 'DAGS_FOLDER/user_processing.py', '--cfg-path', '/tmp/tmp6ea1a2b2']
[2021-03-01 20:46:47,836] {standard_task_runner.py:76} INFO - Job 590: Subtask user_extraction
[2021-03-01 20:46:47,861] {logging_mixin.py:103} INFO - Running <TaskInstance: user_processing.user_extraction 2020-04-18T00:00:00+00:00 [running]> on host pop-os.localdomain
[2021-03-01 20:46:47,890] {taskinstance.py:1232} INFO - Exporting the following env vars:
AIRFLOW_CTX_DAG_OWNER=airflow
AIRFLOW_CTX_DAG_ID=user_processing
AIRFLOW_CTX_TASK_ID=user_extraction
AIRFLOW_CTX_EXECUTION_DATE=2020-04-18T00:00:00+00:00
AIRFLOW_CTX_DAG_RUN_ID=scheduled__2020-04-18T00:00:00+00:00
[2021-03-01 20:46:47,891] {http.py:106} INFO - Calling HTTP method
[2021-03-01 20:46:47,894] {base.py:74} INFO - Using connection to: id: user_api. Host: https://randomuser.me/, Port: None, Schema: , Login: , Password: None, extra: None
[2021-03-01 20:46:47,897] {http.py:140} INFO - Sending 'GET' to url: https://randomuser.me/api/
[2021-03-01 20:46:48,004] {http.py:110} INFO - {"results":[{"gender":"female","name":{"title":"Ms","first":"Marie","last":"Mortensen"},"location":{"street":{"number":2499,"name":"Falkevej"},"city":"Ansager","state":"Syddanmark","country":"Denmark","postcode":36374,"coordinates":{"latitude":"-29.9420","longitude":"107.4614"},"timezone":{"offset":"+4:30","description":"Kabul"}},"email":"marie.mortensen@example.com","login":{"uuid":"a8ca321e-40b7-46d1-8976-4674c60cd000","username":"happyelephant441","password":"janelle","salt":"cTEz1gIJ","md5":"77f8540a8754df620967e6bc8f2aa4f9","sha1":"ced20976c5e540557478b40d1a11597b36722d03","sha256":"d74e6b1a776a25034d11016d0536647c9a607de9e0ad20b1c35e2c7a43188a37"},"dob":{"date":"1969-10-10T03:00:39.144Z","age":52},"registered":{"date":"2006-09-12T02:28:28.493Z","age":15},"phone":"30880009","cell":"59874049","id":{"name":"CPR","value":"101069-4172"},"picture":{"large":"https://randomuser.me/api/portraits/women/75.jpg","medium":"https://randomuser.me/api/portraits/med/women/75.jpg","thumbnail":"https://randomuser.me/api/portraits/thumb/women/75.jpg"},"nat":"DK"}],"info":{"seed":"55b60df3a3df600d","results":1,"page":1,"version":"1.3"}}
[2021-03-01 20:46:48,020] {taskinstance.py:1142} INFO - Marking task as SUCCESS. dag_id=user_processing, task_id=user_extraction, execution_date=20200418T000000, start_date=20210302T014647, end_date=20210302T014648
[2021-03-01 20:46:48,049] {taskinstance.py:1195} INFO - 1 downstream tasks scheduled from follow-on schedule check
[2021-03-01 20:46:48,087] {local_task_job.py:118} INFO - Task exited with return code 0
