[2021-03-01 20:51:54,356] {taskinstance.py:826} INFO - Dependencies all met for <TaskInstance: user_processing.user_extraction 2020-06-05T00:00:00+00:00 [queued]>
[2021-03-01 20:51:54,364] {taskinstance.py:826} INFO - Dependencies all met for <TaskInstance: user_processing.user_extraction 2020-06-05T00:00:00+00:00 [queued]>
[2021-03-01 20:51:54,364] {taskinstance.py:1017} INFO - 
--------------------------------------------------------------------------------
[2021-03-01 20:51:54,364] {taskinstance.py:1018} INFO - Starting attempt 1 of 1
[2021-03-01 20:51:54,364] {taskinstance.py:1019} INFO - 
--------------------------------------------------------------------------------
[2021-03-01 20:51:54,376] {taskinstance.py:1038} INFO - Executing <Task(SimpleHttpOperator): user_extraction> on 2020-06-05T00:00:00+00:00
[2021-03-01 20:51:54,378] {standard_task_runner.py:51} INFO - Started process 254974 to run task
[2021-03-01 20:51:54,381] {standard_task_runner.py:75} INFO - Running: ['airflow', 'tasks', 'run', 'user_processing', 'user_extraction', '2020-06-05T00:00:00+00:00', '--job-id', '830', '--pool', 'default_pool', '--raw', '--subdir', 'DAGS_FOLDER/user_processing.py', '--cfg-path', '/tmp/tmpuj4gbs_v']
[2021-03-01 20:51:54,382] {standard_task_runner.py:76} INFO - Job 830: Subtask user_extraction
[2021-03-01 20:51:54,404] {logging_mixin.py:103} INFO - Running <TaskInstance: user_processing.user_extraction 2020-06-05T00:00:00+00:00 [running]> on host pop-os.localdomain
[2021-03-01 20:51:54,434] {taskinstance.py:1232} INFO - Exporting the following env vars:
AIRFLOW_CTX_DAG_OWNER=airflow
AIRFLOW_CTX_DAG_ID=user_processing
AIRFLOW_CTX_TASK_ID=user_extraction
AIRFLOW_CTX_EXECUTION_DATE=2020-06-05T00:00:00+00:00
AIRFLOW_CTX_DAG_RUN_ID=scheduled__2020-06-05T00:00:00+00:00
[2021-03-01 20:51:54,434] {http.py:106} INFO - Calling HTTP method
[2021-03-01 20:51:54,437] {base.py:74} INFO - Using connection to: id: user_api. Host: https://randomuser.me/, Port: None, Schema: , Login: , Password: None, extra: None
[2021-03-01 20:51:54,444] {http.py:140} INFO - Sending 'GET' to url: https://randomuser.me/api/
[2021-03-01 20:51:54,576] {http.py:110} INFO - {"results":[{"gender":"female","name":{"title":"Miss","first":"Elena","last":"Breu"},"location":{"street":{"number":6263,"name":"Neue Straße"},"city":"Hennef (Sieg)","state":"Nordrhein-Westfalen","country":"Germany","postcode":48898,"coordinates":{"latitude":"-37.1215","longitude":"59.7335"},"timezone":{"offset":"+3:00","description":"Baghdad, Riyadh, Moscow, St. Petersburg"}},"email":"elena.breu@example.com","login":{"uuid":"3138ab59-6337-42a8-bba4-6a762daf6d84","username":"crazygorilla713","password":"passwor1","salt":"nmDjNICU","md5":"3707f0337f94d69decfc31e9c277679d","sha1":"7fb0c4595354a2332e794e4b1809d201a5754874","sha256":"56385048dfb5e3d3724f904ff30574df2d8ae1a45084c5739126aa52c7221f95"},"dob":{"date":"1971-03-15T21:41:09.460Z","age":50},"registered":{"date":"2009-04-10T12:25:31.063Z","age":12},"phone":"0869-4852405","cell":"0174-4231459","id":{"name":"","value":null},"picture":{"large":"https://randomuser.me/api/portraits/women/14.jpg","medium":"https://randomuser.me/api/portraits/med/women/14.jpg","thumbnail":"https://randomuser.me/api/portraits/thumb/women/14.jpg"},"nat":"DE"}],"info":{"seed":"8074111310786190","results":1,"page":1,"version":"1.3"}}
[2021-03-01 20:51:54,606] {taskinstance.py:1142} INFO - Marking task as SUCCESS. dag_id=user_processing, task_id=user_extraction, execution_date=20200605T000000, start_date=20210302T015154, end_date=20210302T015154
[2021-03-01 20:51:54,644] {taskinstance.py:1195} INFO - 1 downstream tasks scheduled from follow-on schedule check
[2021-03-01 20:51:54,673] {local_task_job.py:118} INFO - Task exited with return code 0
