[2021-02-12 16:35:29,134] {taskinstance.py:826} INFO - Dependencies all met for <TaskInstance: example_bash_operator.also_run_this 2021-02-11T00:00:00+00:00 [queued]>
[2021-02-12 16:35:29,137] {taskinstance.py:826} INFO - Dependencies all met for <TaskInstance: example_bash_operator.also_run_this 2021-02-11T00:00:00+00:00 [queued]>
[2021-02-12 16:35:29,137] {taskinstance.py:1017} INFO - 
--------------------------------------------------------------------------------
[2021-02-12 16:35:29,137] {taskinstance.py:1018} INFO - Starting attempt 1 of 1
[2021-02-12 16:35:29,138] {taskinstance.py:1019} INFO - 
--------------------------------------------------------------------------------
[2021-02-12 16:35:29,149] {taskinstance.py:1038} INFO - Executing <Task(BashOperator): also_run_this> on 2021-02-11T00:00:00+00:00
[2021-02-12 16:35:29,152] {standard_task_runner.py:51} INFO - Started process 170341 to run task
[2021-02-12 16:35:29,157] {standard_task_runner.py:75} INFO - Running: ['airflow', 'tasks', 'run', 'example_bash_operator', 'also_run_this', '2021-02-11T00:00:00+00:00', '--job-id', '11', '--pool', 'default_pool', '--raw', '--subdir', '/home/i-sip_iot/anaconda3/envs/sandbox/lib/python3.7/site-packages/airflow/example_dags/example_bash_operator.py', '--cfg-path', '/tmp/tmp0ypvq0eu']
[2021-02-12 16:35:29,158] {standard_task_runner.py:76} INFO - Job 11: Subtask also_run_this
[2021-02-12 16:35:29,177] {logging_mixin.py:103} INFO - Running <TaskInstance: example_bash_operator.also_run_this 2021-02-11T00:00:00+00:00 [running]> on host pop-os.localdomain
[2021-02-12 16:35:29,194] {taskinstance.py:1232} INFO - Exporting the following env vars:
AIRFLOW_CTX_DAG_OWNER=airflow
AIRFLOW_CTX_DAG_ID=example_bash_operator
AIRFLOW_CTX_TASK_ID=also_run_this
AIRFLOW_CTX_EXECUTION_DATE=2021-02-11T00:00:00+00:00
AIRFLOW_CTX_DAG_RUN_ID=scheduled__2021-02-11T00:00:00+00:00
[2021-02-12 16:35:29,194] {bash.py:135} INFO - Tmp dir root location: 
 /tmp
[2021-02-12 16:35:29,195] {bash.py:158} INFO - Running command: echo "run_id=scheduled__2021-02-11T00:00:00+00:00 | dag_run=<DagRun example_bash_operator @ 2021-02-11 00:00:00+00:00: scheduled__2021-02-11T00:00:00+00:00, externally triggered: False>"
[2021-02-12 16:35:29,198] {bash.py:169} INFO - Output:
[2021-02-12 16:35:29,198] {bash.py:173} INFO - run_id=scheduled__2021-02-11T00:00:00+00:00 | dag_run=<DagRun example_bash_operator @ 2021-02-11 00:00:00+00:00: scheduled__2021-02-11T00:00:00+00:00, externally triggered: False>
[2021-02-12 16:35:29,199] {bash.py:177} INFO - Command exited with return code 0
[2021-02-12 16:35:29,210] {taskinstance.py:1142} INFO - Marking task as SUCCESS. dag_id=example_bash_operator, task_id=also_run_this, execution_date=20210211T000000, start_date=20210212T213529, end_date=20210212T213529
[2021-02-12 16:35:29,225] {taskinstance.py:1195} INFO - 0 downstream tasks scheduled from follow-on schedule check
[2021-02-12 16:35:29,247] {local_task_job.py:118} INFO - Task exited with return code 0
