[2021-03-01 20:48:57,543] {taskinstance.py:826} INFO - Dependencies all met for <TaskInstance: user_processing.user_extraction 2020-05-09T00:00:00+00:00 [queued]>
[2021-03-01 20:48:57,548] {taskinstance.py:826} INFO - Dependencies all met for <TaskInstance: user_processing.user_extraction 2020-05-09T00:00:00+00:00 [queued]>
[2021-03-01 20:48:57,548] {taskinstance.py:1017} INFO - 
--------------------------------------------------------------------------------
[2021-03-01 20:48:57,548] {taskinstance.py:1018} INFO - Starting attempt 1 of 1
[2021-03-01 20:48:57,548] {taskinstance.py:1019} INFO - 
--------------------------------------------------------------------------------
[2021-03-01 20:48:57,556] {taskinstance.py:1038} INFO - Executing <Task(SimpleHttpOperator): user_extraction> on 2020-05-09T00:00:00+00:00
[2021-03-01 20:48:57,558] {standard_task_runner.py:51} INFO - Started process 251183 to run task
[2021-03-01 20:48:57,560] {standard_task_runner.py:75} INFO - Running: ['airflow', 'tasks', 'run', 'user_processing', 'user_extraction', '2020-05-09T00:00:00+00:00', '--job-id', '695', '--pool', 'default_pool', '--raw', '--subdir', 'DAGS_FOLDER/user_processing.py', '--cfg-path', '/tmp/tmpaqk5y35e']
[2021-03-01 20:48:57,560] {standard_task_runner.py:76} INFO - Job 695: Subtask user_extraction
[2021-03-01 20:48:57,607] {logging_mixin.py:103} INFO - Running <TaskInstance: user_processing.user_extraction 2020-05-09T00:00:00+00:00 [running]> on host pop-os.localdomain
[2021-03-01 20:48:57,639] {taskinstance.py:1232} INFO - Exporting the following env vars:
AIRFLOW_CTX_DAG_OWNER=airflow
AIRFLOW_CTX_DAG_ID=user_processing
AIRFLOW_CTX_TASK_ID=user_extraction
AIRFLOW_CTX_EXECUTION_DATE=2020-05-09T00:00:00+00:00
AIRFLOW_CTX_DAG_RUN_ID=scheduled__2020-05-09T00:00:00+00:00
[2021-03-01 20:48:57,639] {http.py:106} INFO - Calling HTTP method
[2021-03-01 20:48:57,642] {base.py:74} INFO - Using connection to: id: user_api. Host: https://randomuser.me/, Port: None, Schema: , Login: , Password: None, extra: None
[2021-03-01 20:48:57,644] {http.py:140} INFO - Sending 'GET' to url: https://randomuser.me/api/
[2021-03-01 20:48:57,748] {http.py:110} INFO - {"results":[{"gender":"female","name":{"title":"Mrs","first":"Eugenia","last":"Castro"},"location":{"street":{"number":3300,"name":"Avenida de Burgos"},"city":"Hospitalet de Llobregat","state":"Aragón","country":"Spain","postcode":17736,"coordinates":{"latitude":"-19.2189","longitude":"36.6276"},"timezone":{"offset":"-1:00","description":"Azores, Cape Verde Islands"}},"email":"eugenia.castro@example.com","login":{"uuid":"52865161-12f4-40a0-a6b5-ccb92991c034","username":"goldenrabbit805","password":"race","salt":"h7pdPbAz","md5":"81dafbac87150bb68cbdd93970eb016d","sha1":"7285b5200946857909da9f0ea813ecfa0fb15299","sha256":"400daf097d2f245bc386a6338b9455c06113433377589981f8b8a7099beb471b"},"dob":{"date":"1983-11-15T19:12:33.846Z","age":38},"registered":{"date":"2012-02-17T00:49:18.042Z","age":9},"phone":"955-070-222","cell":"680-288-614","id":{"name":"DNI","value":"99359975-F"},"picture":{"large":"https://randomuser.me/api/portraits/women/15.jpg","medium":"https://randomuser.me/api/portraits/med/women/15.jpg","thumbnail":"https://randomuser.me/api/portraits/thumb/women/15.jpg"},"nat":"ES"}],"info":{"seed":"ca31444354eb0817","results":1,"page":1,"version":"1.3"}}
[2021-03-01 20:48:57,762] {taskinstance.py:1142} INFO - Marking task as SUCCESS. dag_id=user_processing, task_id=user_extraction, execution_date=20200509T000000, start_date=20210302T014857, end_date=20210302T014857
[2021-03-01 20:48:57,783] {taskinstance.py:1195} INFO - 1 downstream tasks scheduled from follow-on schedule check
[2021-03-01 20:48:57,812] {local_task_job.py:118} INFO - Task exited with return code 0
