[2021-03-01 20:55:48,594] {taskinstance.py:826} INFO - Dependencies all met for <TaskInstance: user_processing.user_extraction 2020-07-14T00:00:00+00:00 [queued]>
[2021-03-01 20:55:48,601] {taskinstance.py:826} INFO - Dependencies all met for <TaskInstance: user_processing.user_extraction 2020-07-14T00:00:00+00:00 [queued]>
[2021-03-01 20:55:48,601] {taskinstance.py:1017} INFO - 
--------------------------------------------------------------------------------
[2021-03-01 20:55:48,601] {taskinstance.py:1018} INFO - Starting attempt 1 of 1
[2021-03-01 20:55:48,601] {taskinstance.py:1019} INFO - 
--------------------------------------------------------------------------------
[2021-03-01 20:55:48,609] {taskinstance.py:1038} INFO - Executing <Task(SimpleHttpOperator): user_extraction> on 2020-07-14T00:00:00+00:00
[2021-03-01 20:55:48,611] {standard_task_runner.py:51} INFO - Started process 259676 to run task
[2021-03-01 20:55:48,613] {standard_task_runner.py:75} INFO - Running: ['airflow', 'tasks', 'run', 'user_processing', 'user_extraction', '2020-07-14T00:00:00+00:00', '--job-id', '1025', '--pool', 'default_pool', '--raw', '--subdir', 'DAGS_FOLDER/user_processing.py', '--cfg-path', '/tmp/tmpbz7vq2d8']
[2021-03-01 20:55:48,614] {standard_task_runner.py:76} INFO - Job 1025: Subtask user_extraction
[2021-03-01 20:55:48,664] {logging_mixin.py:103} INFO - Running <TaskInstance: user_processing.user_extraction 2020-07-14T00:00:00+00:00 [running]> on host pop-os.localdomain
[2021-03-01 20:55:48,703] {taskinstance.py:1232} INFO - Exporting the following env vars:
AIRFLOW_CTX_DAG_OWNER=airflow
AIRFLOW_CTX_DAG_ID=user_processing
AIRFLOW_CTX_TASK_ID=user_extraction
AIRFLOW_CTX_EXECUTION_DATE=2020-07-14T00:00:00+00:00
AIRFLOW_CTX_DAG_RUN_ID=scheduled__2020-07-14T00:00:00+00:00
[2021-03-01 20:55:48,703] {http.py:106} INFO - Calling HTTP method
[2021-03-01 20:55:48,706] {base.py:74} INFO - Using connection to: id: user_api. Host: https://randomuser.me/, Port: None, Schema: , Login: , Password: None, extra: None
[2021-03-01 20:55:48,708] {http.py:140} INFO - Sending 'GET' to url: https://randomuser.me/api/
[2021-03-01 20:55:48,823] {http.py:110} INFO - {"results":[{"gender":"female","name":{"title":"Mrs","first":"Saniye","last":"Hietkamp"},"location":{"street":{"number":4201,"name":"De Wieren"},"city":"Vierhuizen","state":"Flevoland","country":"Netherlands","postcode":65421,"coordinates":{"latitude":"46.6234","longitude":"5.1015"},"timezone":{"offset":"+5:45","description":"Kathmandu"}},"email":"saniye.hietkamp@example.com","login":{"uuid":"d4ac66e2-9d6c-4068-8ac9-58a1a875dddd","username":"organicgoose577","password":"sales","salt":"YzVdAHWO","md5":"45c350c22785a7c21787be2c02165f1c","sha1":"91f8fa77f404d2c548ddad1652b68b9b06c755c8","sha256":"32878654102708063089e7c46dc4f5bea163686bf6dbaec77e95079762c5788b"},"dob":{"date":"1980-07-07T11:21:10.062Z","age":41},"registered":{"date":"2004-01-03T22:20:30.558Z","age":17},"phone":"(543)-888-8343","cell":"(088)-271-5988","id":{"name":"BSN","value":"34183918"},"picture":{"large":"https://randomuser.me/api/portraits/women/64.jpg","medium":"https://randomuser.me/api/portraits/med/women/64.jpg","thumbnail":"https://randomuser.me/api/portraits/thumb/women/64.jpg"},"nat":"NL"}],"info":{"seed":"1c97ef2ac0e58f13","results":1,"page":1,"version":"1.3"}}
[2021-03-01 20:55:48,852] {taskinstance.py:1142} INFO - Marking task as SUCCESS. dag_id=user_processing, task_id=user_extraction, execution_date=20200714T000000, start_date=20210302T015548, end_date=20210302T015548
[2021-03-01 20:55:48,874] {taskinstance.py:1195} INFO - 1 downstream tasks scheduled from follow-on schedule check
[2021-03-01 20:55:48,905] {local_task_job.py:118} INFO - Task exited with return code 0
