[2021-03-01 20:37:30,776] {taskinstance.py:826} INFO - Dependencies all met for <TaskInstance: user_processing.user_extraction 2020-01-20T00:00:00+00:00 [queued]>
[2021-03-01 20:37:30,780] {taskinstance.py:826} INFO - Dependencies all met for <TaskInstance: user_processing.user_extraction 2020-01-20T00:00:00+00:00 [queued]>
[2021-03-01 20:37:30,781] {taskinstance.py:1017} INFO - 
--------------------------------------------------------------------------------
[2021-03-01 20:37:30,781] {taskinstance.py:1018} INFO - Starting attempt 1 of 1
[2021-03-01 20:37:30,781] {taskinstance.py:1019} INFO - 
--------------------------------------------------------------------------------
[2021-03-01 20:37:30,790] {taskinstance.py:1038} INFO - Executing <Task(SimpleHttpOperator): user_extraction> on 2020-01-20T00:00:00+00:00
[2021-03-01 20:37:30,792] {standard_task_runner.py:51} INFO - Started process 237447 to run task
[2021-03-01 20:37:30,794] {standard_task_runner.py:75} INFO - Running: ['airflow', 'tasks', 'run', 'user_processing', 'user_extraction', '2020-01-20T00:00:00+00:00', '--job-id', '145', '--pool', 'default_pool', '--raw', '--subdir', 'DAGS_FOLDER/user_processing.py', '--cfg-path', '/tmp/tmpwyvp8avx']
[2021-03-01 20:37:30,795] {standard_task_runner.py:76} INFO - Job 145: Subtask user_extraction
[2021-03-01 20:37:30,818] {logging_mixin.py:103} INFO - Running <TaskInstance: user_processing.user_extraction 2020-01-20T00:00:00+00:00 [running]> on host pop-os.localdomain
[2021-03-01 20:37:30,837] {taskinstance.py:1232} INFO - Exporting the following env vars:
AIRFLOW_CTX_DAG_OWNER=airflow
AIRFLOW_CTX_DAG_ID=user_processing
AIRFLOW_CTX_TASK_ID=user_extraction
AIRFLOW_CTX_EXECUTION_DATE=2020-01-20T00:00:00+00:00
AIRFLOW_CTX_DAG_RUN_ID=scheduled__2020-01-20T00:00:00+00:00
[2021-03-01 20:37:30,838] {http.py:106} INFO - Calling HTTP method
[2021-03-01 20:37:30,840] {base.py:74} INFO - Using connection to: id: user_api. Host: https://randomuser.me/, Port: None, Schema: , Login: , Password: None, extra: None
[2021-03-01 20:37:30,841] {http.py:140} INFO - Sending 'GET' to url: https://randomuser.me/api/
[2021-03-01 20:37:30,923] {http.py:110} INFO - {"results":[{"gender":"male","name":{"title":"Mr","first":"Miroslav","last":"Scheu"},"location":{"street":{"number":8976,"name":"Industriestraße"},"city":"Neustadt am Rübenberge","state":"Sachsen-Anhalt","country":"Germany","postcode":99913,"coordinates":{"latitude":"-39.5852","longitude":"-27.2802"},"timezone":{"offset":"+2:00","description":"Kaliningrad, South Africa"}},"email":"miroslav.scheu@example.com","login":{"uuid":"bc8e79df-4fcb-4688-b3c8-8296331aeeba","username":"silverlion599","password":"celine","salt":"q0WRAHHE","md5":"5af0cdee11fedf158b1a690bdc8f16d0","sha1":"d008905140f544edddd99aa9ec58341b8f1b1a45","sha256":"c88136af1f5f4d6cec3d3ffe331208879188bb4a221b189d4dc7e4396209c95c"},"dob":{"date":"1954-01-07T14:39:49.674Z","age":67},"registered":{"date":"2012-12-27T08:54:22.150Z","age":9},"phone":"0220-6997651","cell":"0174-1496232","id":{"name":"","value":null},"picture":{"large":"https://randomuser.me/api/portraits/men/38.jpg","medium":"https://randomuser.me/api/portraits/med/men/38.jpg","thumbnail":"https://randomuser.me/api/portraits/thumb/men/38.jpg"},"nat":"DE"}],"info":{"seed":"7e5fa76c399101df","results":1,"page":1,"version":"1.3"}}
[2021-03-01 20:37:30,941] {taskinstance.py:1142} INFO - Marking task as SUCCESS. dag_id=user_processing, task_id=user_extraction, execution_date=20200120T000000, start_date=20210302T013730, end_date=20210302T013730
[2021-03-01 20:37:30,965] {taskinstance.py:1195} INFO - 1 downstream tasks scheduled from follow-on schedule check
[2021-03-01 20:37:31,006] {local_task_job.py:118} INFO - Task exited with return code 0
