[2021-03-01 20:49:35,520] {taskinstance.py:826} INFO - Dependencies all met for <TaskInstance: user_processing.user_extraction 2020-05-15T00:00:00+00:00 [queued]>
[2021-03-01 20:49:35,526] {taskinstance.py:826} INFO - Dependencies all met for <TaskInstance: user_processing.user_extraction 2020-05-15T00:00:00+00:00 [queued]>
[2021-03-01 20:49:35,526] {taskinstance.py:1017} INFO - 
--------------------------------------------------------------------------------
[2021-03-01 20:49:35,526] {taskinstance.py:1018} INFO - Starting attempt 1 of 1
[2021-03-01 20:49:35,526] {taskinstance.py:1019} INFO - 
--------------------------------------------------------------------------------
[2021-03-01 20:49:35,534] {taskinstance.py:1038} INFO - Executing <Task(SimpleHttpOperator): user_extraction> on 2020-05-15T00:00:00+00:00
[2021-03-01 20:49:35,537] {standard_task_runner.py:51} INFO - Started process 252182 to run task
[2021-03-01 20:49:35,540] {standard_task_runner.py:75} INFO - Running: ['airflow', 'tasks', 'run', 'user_processing', 'user_extraction', '2020-05-15T00:00:00+00:00', '--job-id', '725', '--pool', 'default_pool', '--raw', '--subdir', 'DAGS_FOLDER/user_processing.py', '--cfg-path', '/tmp/tmpo8176s6n']
[2021-03-01 20:49:35,540] {standard_task_runner.py:76} INFO - Job 725: Subtask user_extraction
[2021-03-01 20:49:35,561] {logging_mixin.py:103} INFO - Running <TaskInstance: user_processing.user_extraction 2020-05-15T00:00:00+00:00 [running]> on host pop-os.localdomain
[2021-03-01 20:49:35,586] {taskinstance.py:1232} INFO - Exporting the following env vars:
AIRFLOW_CTX_DAG_OWNER=airflow
AIRFLOW_CTX_DAG_ID=user_processing
AIRFLOW_CTX_TASK_ID=user_extraction
AIRFLOW_CTX_EXECUTION_DATE=2020-05-15T00:00:00+00:00
AIRFLOW_CTX_DAG_RUN_ID=scheduled__2020-05-15T00:00:00+00:00
[2021-03-01 20:49:35,586] {http.py:106} INFO - Calling HTTP method
[2021-03-01 20:49:35,589] {base.py:74} INFO - Using connection to: id: user_api. Host: https://randomuser.me/, Port: None, Schema: , Login: , Password: None, extra: None
[2021-03-01 20:49:35,591] {http.py:140} INFO - Sending 'GET' to url: https://randomuser.me/api/
[2021-03-01 20:49:35,697] {http.py:110} INFO - {"results":[{"gender":"female","name":{"title":"Ms","first":"Nora","last":"Diaz"},"location":{"street":{"number":4673,"name":"Mcgowen St"},"city":"Shepparton","state":"New South Wales","country":"Australia","postcode":1560,"coordinates":{"latitude":"-81.3052","longitude":"68.7009"},"timezone":{"offset":"+11:00","description":"Magadan, Solomon Islands, New Caledonia"}},"email":"nora.diaz@example.com","login":{"uuid":"b3df78b3-4218-4fc6-9328-94035d204ff1","username":"orangemeercat359","password":"brooks","salt":"kgF7Uxfp","md5":"36f7a3d6f2aea0d5395bc162bf9092b0","sha1":"12b9a19c93f06b80785eef6c541403125390a637","sha256":"0de5dff1c68bed487ccd03690e4c3edf8237137ff46b2fef334cc82c61ddcd09"},"dob":{"date":"1945-06-02T09:18:33.093Z","age":76},"registered":{"date":"2005-10-20T10:38:35.164Z","age":16},"phone":"08-1029-9037","cell":"0435-223-059","id":{"name":"TFN","value":"938995924"},"picture":{"large":"https://randomuser.me/api/portraits/women/33.jpg","medium":"https://randomuser.me/api/portraits/med/women/33.jpg","thumbnail":"https://randomuser.me/api/portraits/thumb/women/33.jpg"},"nat":"AU"}],"info":{"seed":"9a9586e672d60f99","results":1,"page":1,"version":"1.3"}}
[2021-03-01 20:49:35,709] {taskinstance.py:1142} INFO - Marking task as SUCCESS. dag_id=user_processing, task_id=user_extraction, execution_date=20200515T000000, start_date=20210302T014935, end_date=20210302T014935
[2021-03-01 20:49:35,729] {taskinstance.py:1195} INFO - 1 downstream tasks scheduled from follow-on schedule check
[2021-03-01 20:49:35,751] {local_task_job.py:118} INFO - Task exited with return code 0
