[2021-03-01 20:53:50,436] {taskinstance.py:826} INFO - Dependencies all met for <TaskInstance: user_processing.user_extraction 2020-06-24T00:00:00+00:00 [queued]>
[2021-03-01 20:53:50,441] {taskinstance.py:826} INFO - Dependencies all met for <TaskInstance: user_processing.user_extraction 2020-06-24T00:00:00+00:00 [queued]>
[2021-03-01 20:53:50,441] {taskinstance.py:1017} INFO - 
--------------------------------------------------------------------------------
[2021-03-01 20:53:50,441] {taskinstance.py:1018} INFO - Starting attempt 1 of 1
[2021-03-01 20:53:50,441] {taskinstance.py:1019} INFO - 
--------------------------------------------------------------------------------
[2021-03-01 20:53:50,449] {taskinstance.py:1038} INFO - Executing <Task(SimpleHttpOperator): user_extraction> on 2020-06-24T00:00:00+00:00
[2021-03-01 20:53:50,451] {standard_task_runner.py:51} INFO - Started process 257286 to run task
[2021-03-01 20:53:50,453] {standard_task_runner.py:75} INFO - Running: ['airflow', 'tasks', 'run', 'user_processing', 'user_extraction', '2020-06-24T00:00:00+00:00', '--job-id', '925', '--pool', 'default_pool', '--raw', '--subdir', 'DAGS_FOLDER/user_processing.py', '--cfg-path', '/tmp/tmpma_tnd7a']
[2021-03-01 20:53:50,453] {standard_task_runner.py:76} INFO - Job 925: Subtask user_extraction
[2021-03-01 20:53:50,474] {logging_mixin.py:103} INFO - Running <TaskInstance: user_processing.user_extraction 2020-06-24T00:00:00+00:00 [running]> on host pop-os.localdomain
[2021-03-01 20:53:50,505] {taskinstance.py:1232} INFO - Exporting the following env vars:
AIRFLOW_CTX_DAG_OWNER=airflow
AIRFLOW_CTX_DAG_ID=user_processing
AIRFLOW_CTX_TASK_ID=user_extraction
AIRFLOW_CTX_EXECUTION_DATE=2020-06-24T00:00:00+00:00
AIRFLOW_CTX_DAG_RUN_ID=scheduled__2020-06-24T00:00:00+00:00
[2021-03-01 20:53:50,505] {http.py:106} INFO - Calling HTTP method
[2021-03-01 20:53:50,507] {base.py:74} INFO - Using connection to: id: user_api. Host: https://randomuser.me/, Port: None, Schema: , Login: , Password: None, extra: None
[2021-03-01 20:53:50,508] {http.py:140} INFO - Sending 'GET' to url: https://randomuser.me/api/
[2021-03-01 20:53:50,597] {http.py:110} INFO - {"results":[{"gender":"male","name":{"title":"Mr","first":"Evangelino","last":"Pereira"},"location":{"street":{"number":450,"name":"Rua Tiradentes "},"city":"Guarujá","state":"Pará","country":"Brazil","postcode":94082,"coordinates":{"latitude":"-69.2406","longitude":"-82.9730"},"timezone":{"offset":"+8:00","description":"Beijing, Perth, Singapore, Hong Kong"}},"email":"evangelino.pereira@example.com","login":{"uuid":"5cd0d59e-260b-41d8-b1ff-5cbaefb424fc","username":"yellowwolf434","password":"america1","salt":"jyaRf1Im","md5":"d388684878ad1b9830bec3bb26b48958","sha1":"efd8ca78732023646b11cf0eeefd014c5367e34d","sha256":"5a388ce05bae5e7477facccc2c180f50e7c1be11e61b7c3092582049bd953e0c"},"dob":{"date":"1986-01-31T08:12:35.212Z","age":35},"registered":{"date":"2015-04-24T13:23:13.086Z","age":6},"phone":"(99) 7212-9736","cell":"(16) 1377-6078","id":{"name":"","value":null},"picture":{"large":"https://randomuser.me/api/portraits/men/67.jpg","medium":"https://randomuser.me/api/portraits/med/men/67.jpg","thumbnail":"https://randomuser.me/api/portraits/thumb/men/67.jpg"},"nat":"BR"}],"info":{"seed":"cad97a4091a4947e","results":1,"page":1,"version":"1.3"}}
[2021-03-01 20:53:50,627] {taskinstance.py:1142} INFO - Marking task as SUCCESS. dag_id=user_processing, task_id=user_extraction, execution_date=20200624T000000, start_date=20210302T015350, end_date=20210302T015350
[2021-03-01 20:53:50,656] {taskinstance.py:1195} INFO - 1 downstream tasks scheduled from follow-on schedule check
[2021-03-01 20:53:50,665] {local_task_job.py:118} INFO - Task exited with return code 0
