[2021-03-01 20:53:38,082] {taskinstance.py:826} INFO - Dependencies all met for <TaskInstance: user_processing.user_extraction 2020-06-22T00:00:00+00:00 [queued]>
[2021-03-01 20:53:38,086] {taskinstance.py:826} INFO - Dependencies all met for <TaskInstance: user_processing.user_extraction 2020-06-22T00:00:00+00:00 [queued]>
[2021-03-01 20:53:38,086] {taskinstance.py:1017} INFO - 
--------------------------------------------------------------------------------
[2021-03-01 20:53:38,086] {taskinstance.py:1018} INFO - Starting attempt 1 of 1
[2021-03-01 20:53:38,086] {taskinstance.py:1019} INFO - 
--------------------------------------------------------------------------------
[2021-03-01 20:53:38,096] {taskinstance.py:1038} INFO - Executing <Task(SimpleHttpOperator): user_extraction> on 2020-06-22T00:00:00+00:00
[2021-03-01 20:53:38,097] {standard_task_runner.py:51} INFO - Started process 256923 to run task
[2021-03-01 20:53:38,100] {standard_task_runner.py:75} INFO - Running: ['airflow', 'tasks', 'run', 'user_processing', 'user_extraction', '2020-06-22T00:00:00+00:00', '--job-id', '915', '--pool', 'default_pool', '--raw', '--subdir', 'DAGS_FOLDER/user_processing.py', '--cfg-path', '/tmp/tmppwiknr9_']
[2021-03-01 20:53:38,100] {standard_task_runner.py:76} INFO - Job 915: Subtask user_extraction
[2021-03-01 20:53:38,124] {logging_mixin.py:103} INFO - Running <TaskInstance: user_processing.user_extraction 2020-06-22T00:00:00+00:00 [running]> on host pop-os.localdomain
[2021-03-01 20:53:38,147] {taskinstance.py:1232} INFO - Exporting the following env vars:
AIRFLOW_CTX_DAG_OWNER=airflow
AIRFLOW_CTX_DAG_ID=user_processing
AIRFLOW_CTX_TASK_ID=user_extraction
AIRFLOW_CTX_EXECUTION_DATE=2020-06-22T00:00:00+00:00
AIRFLOW_CTX_DAG_RUN_ID=scheduled__2020-06-22T00:00:00+00:00
[2021-03-01 20:53:38,148] {http.py:106} INFO - Calling HTTP method
[2021-03-01 20:53:38,150] {base.py:74} INFO - Using connection to: id: user_api. Host: https://randomuser.me/, Port: None, Schema: , Login: , Password: None, extra: None
[2021-03-01 20:53:38,151] {http.py:140} INFO - Sending 'GET' to url: https://randomuser.me/api/
[2021-03-01 20:53:38,251] {http.py:110} INFO - {"results":[{"gender":"female","name":{"title":"Ms","first":"Lucy","last":"Arnaud"},"location":{"street":{"number":3838,"name":"Avenue de la Libération"},"city":"Montpellier","state":"Charente-Maritime","country":"France","postcode":50919,"coordinates":{"latitude":"0.1163","longitude":"168.5309"},"timezone":{"offset":"-4:00","description":"Atlantic Time (Canada), Caracas, La Paz"}},"email":"lucy.arnaud@example.com","login":{"uuid":"a0c46082-7258-4b2f-9428-02fb65375181","username":"orangebird213","password":"broncos","salt":"jvITk9Mq","md5":"f8b44ee5dea0eb5c0a37d02cc9c9d21f","sha1":"c8c5c7df838166b0d94812c8c00d4993d19521f0","sha256":"54bb9d16d0969fa0c675f190fcd047804b5f43f09b20d946f420e56c806a401f"},"dob":{"date":"1995-10-11T23:11:21.086Z","age":26},"registered":{"date":"2015-03-25T01:36:01.772Z","age":6},"phone":"02-24-30-51-00","cell":"06-96-50-91-44","id":{"name":"INSEE","value":"2NNaN23909288 66"},"picture":{"large":"https://randomuser.me/api/portraits/women/36.jpg","medium":"https://randomuser.me/api/portraits/med/women/36.jpg","thumbnail":"https://randomuser.me/api/portraits/thumb/women/36.jpg"},"nat":"FR"}],"info":{"seed":"164cf1e6813d4f5a","results":1,"page":1,"version":"1.3"}}
[2021-03-01 20:53:38,263] {taskinstance.py:1142} INFO - Marking task as SUCCESS. dag_id=user_processing, task_id=user_extraction, execution_date=20200622T000000, start_date=20210302T015338, end_date=20210302T015338
[2021-03-01 20:53:38,284] {taskinstance.py:1195} INFO - 1 downstream tasks scheduled from follow-on schedule check
[2021-03-01 20:53:38,311] {local_task_job.py:118} INFO - Task exited with return code 0
