[2021-02-12 16:35:26,583] {taskinstance.py:826} INFO - Dependencies all met for <TaskInstance: example_bash_operator.runme_2 2021-02-11T00:00:00+00:00 [queued]>
[2021-02-12 16:35:26,586] {taskinstance.py:826} INFO - Dependencies all met for <TaskInstance: example_bash_operator.runme_2 2021-02-11T00:00:00+00:00 [queued]>
[2021-02-12 16:35:26,586] {taskinstance.py:1017} INFO - 
--------------------------------------------------------------------------------
[2021-02-12 16:35:26,586] {taskinstance.py:1018} INFO - Starting attempt 1 of 1
[2021-02-12 16:35:26,586] {taskinstance.py:1019} INFO - 
--------------------------------------------------------------------------------
[2021-02-12 16:35:26,595] {taskinstance.py:1038} INFO - Executing <Task(BashOperator): runme_2> on 2021-02-11T00:00:00+00:00
[2021-02-12 16:35:26,596] {standard_task_runner.py:51} INFO - Started process 170323 to run task
[2021-02-12 16:35:26,598] {standard_task_runner.py:75} INFO - Running: ['airflow', 'tasks', 'run', 'example_bash_operator', 'runme_2', '2021-02-11T00:00:00+00:00', '--job-id', '9', '--pool', 'default_pool', '--raw', '--subdir', '/home/i-sip_iot/anaconda3/envs/sandbox/lib/python3.7/site-packages/airflow/example_dags/example_bash_operator.py', '--cfg-path', '/tmp/tmp5zskns3b']
[2021-02-12 16:35:26,599] {standard_task_runner.py:76} INFO - Job 9: Subtask runme_2
[2021-02-12 16:35:26,621] {logging_mixin.py:103} INFO - Running <TaskInstance: example_bash_operator.runme_2 2021-02-11T00:00:00+00:00 [running]> on host pop-os.localdomain
[2021-02-12 16:35:26,640] {taskinstance.py:1232} INFO - Exporting the following env vars:
AIRFLOW_CTX_DAG_OWNER=airflow
AIRFLOW_CTX_DAG_ID=example_bash_operator
AIRFLOW_CTX_TASK_ID=runme_2
AIRFLOW_CTX_EXECUTION_DATE=2021-02-11T00:00:00+00:00
AIRFLOW_CTX_DAG_RUN_ID=scheduled__2021-02-11T00:00:00+00:00
[2021-02-12 16:35:26,641] {bash.py:135} INFO - Tmp dir root location: 
 /tmp
[2021-02-12 16:35:26,641] {bash.py:158} INFO - Running command: echo "example_bash_operator__runme_2__20210211" && sleep 1
[2021-02-12 16:35:26,644] {bash.py:169} INFO - Output:
[2021-02-12 16:35:26,645] {bash.py:173} INFO - example_bash_operator__runme_2__20210211
[2021-02-12 16:35:27,646] {bash.py:177} INFO - Command exited with return code 0
[2021-02-12 16:35:27,684] {taskinstance.py:1142} INFO - Marking task as SUCCESS. dag_id=example_bash_operator, task_id=runme_2, execution_date=20210211T000000, start_date=20210212T213526, end_date=20210212T213527
[2021-02-12 16:35:27,717] {taskinstance.py:1195} INFO - 1 downstream tasks scheduled from follow-on schedule check
[2021-02-12 16:35:27,734] {local_task_job.py:118} INFO - Task exited with return code 0
