[2021-03-01 20:55:01,756] {taskinstance.py:826} INFO - Dependencies all met for <TaskInstance: user_processing.user_extraction 2020-07-06T00:00:00+00:00 [queued]>
[2021-03-01 20:55:01,761] {taskinstance.py:826} INFO - Dependencies all met for <TaskInstance: user_processing.user_extraction 2020-07-06T00:00:00+00:00 [queued]>
[2021-03-01 20:55:01,761] {taskinstance.py:1017} INFO - 
--------------------------------------------------------------------------------
[2021-03-01 20:55:01,761] {taskinstance.py:1018} INFO - Starting attempt 1 of 1
[2021-03-01 20:55:01,761] {taskinstance.py:1019} INFO - 
--------------------------------------------------------------------------------
[2021-03-01 20:55:01,768] {taskinstance.py:1038} INFO - Executing <Task(SimpleHttpOperator): user_extraction> on 2020-07-06T00:00:00+00:00
[2021-03-01 20:55:01,770] {standard_task_runner.py:51} INFO - Started process 258683 to run task
[2021-03-01 20:55:01,773] {standard_task_runner.py:75} INFO - Running: ['airflow', 'tasks', 'run', 'user_processing', 'user_extraction', '2020-07-06T00:00:00+00:00', '--job-id', '985', '--pool', 'default_pool', '--raw', '--subdir', 'DAGS_FOLDER/user_processing.py', '--cfg-path', '/tmp/tmprh9a9efb']
[2021-03-01 20:55:01,773] {standard_task_runner.py:76} INFO - Job 985: Subtask user_extraction
[2021-03-01 20:55:01,793] {logging_mixin.py:103} INFO - Running <TaskInstance: user_processing.user_extraction 2020-07-06T00:00:00+00:00 [running]> on host pop-os.localdomain
[2021-03-01 20:55:01,823] {taskinstance.py:1232} INFO - Exporting the following env vars:
AIRFLOW_CTX_DAG_OWNER=airflow
AIRFLOW_CTX_DAG_ID=user_processing
AIRFLOW_CTX_TASK_ID=user_extraction
AIRFLOW_CTX_EXECUTION_DATE=2020-07-06T00:00:00+00:00
AIRFLOW_CTX_DAG_RUN_ID=scheduled__2020-07-06T00:00:00+00:00
[2021-03-01 20:55:01,824] {http.py:106} INFO - Calling HTTP method
[2021-03-01 20:55:01,832] {base.py:74} INFO - Using connection to: id: user_api. Host: https://randomuser.me/, Port: None, Schema: , Login: , Password: None, extra: None
[2021-03-01 20:55:01,835] {http.py:140} INFO - Sending 'GET' to url: https://randomuser.me/api/
[2021-03-01 20:55:01,993] {http.py:110} INFO - {"results":[{"gender":"female","name":{"title":"Ms","first":"Dianne","last":"Hayes"},"location":{"street":{"number":3655,"name":"W Sherman Dr"},"city":"Baton Rouge","state":"Maryland","country":"United States","postcode":62349,"coordinates":{"latitude":"82.5698","longitude":"138.7604"},"timezone":{"offset":"-5:00","description":"Eastern Time (US & Canada), Bogota, Lima"}},"email":"dianne.hayes@example.com","login":{"uuid":"46c35e16-91d6-406d-8420-4412c87a1eb0","username":"angryfish357","password":"blizzard","salt":"g2xaA1cq","md5":"979f04b724413de0d7aaf2bbf94c6cba","sha1":"d10d7831870703f54017ab3085b0071ded936eda","sha256":"34285b89f7cfd1974f0872697c8e78f5cc2b98b0e1e1c224e5b5937a36348074"},"dob":{"date":"1949-03-17T17:51:48.184Z","age":72},"registered":{"date":"2005-04-19T08:06:32.090Z","age":16},"phone":"(546)-197-0261","cell":"(611)-526-0632","id":{"name":"SSN","value":"210-34-2542"},"picture":{"large":"https://randomuser.me/api/portraits/women/73.jpg","medium":"https://randomuser.me/api/portraits/med/women/73.jpg","thumbnail":"https://randomuser.me/api/portraits/thumb/women/73.jpg"},"nat":"US"}],"info":{"seed":"5b70cb74aff346fb","results":1,"page":1,"version":"1.3"}}
[2021-03-01 20:55:02,003] {taskinstance.py:1142} INFO - Marking task as SUCCESS. dag_id=user_processing, task_id=user_extraction, execution_date=20200706T000000, start_date=20210302T015501, end_date=20210302T015502
[2021-03-01 20:55:02,020] {taskinstance.py:1195} INFO - 1 downstream tasks scheduled from follow-on schedule check
[2021-03-01 20:55:02,024] {local_task_job.py:118} INFO - Task exited with return code 0
