[2021-03-01 20:53:56,763] {taskinstance.py:826} INFO - Dependencies all met for <TaskInstance: user_processing.user_extraction 2020-06-25T00:00:00+00:00 [queued]>
[2021-03-01 20:53:56,771] {taskinstance.py:826} INFO - Dependencies all met for <TaskInstance: user_processing.user_extraction 2020-06-25T00:00:00+00:00 [queued]>
[2021-03-01 20:53:56,771] {taskinstance.py:1017} INFO - 
--------------------------------------------------------------------------------
[2021-03-01 20:53:56,771] {taskinstance.py:1018} INFO - Starting attempt 1 of 1
[2021-03-01 20:53:56,771] {taskinstance.py:1019} INFO - 
--------------------------------------------------------------------------------
[2021-03-01 20:53:56,781] {taskinstance.py:1038} INFO - Executing <Task(SimpleHttpOperator): user_extraction> on 2020-06-25T00:00:00+00:00
[2021-03-01 20:53:56,783] {standard_task_runner.py:51} INFO - Started process 257405 to run task
[2021-03-01 20:53:56,785] {standard_task_runner.py:75} INFO - Running: ['airflow', 'tasks', 'run', 'user_processing', 'user_extraction', '2020-06-25T00:00:00+00:00', '--job-id', '930', '--pool', 'default_pool', '--raw', '--subdir', 'DAGS_FOLDER/user_processing.py', '--cfg-path', '/tmp/tmpb_s6c2bu']
[2021-03-01 20:53:56,785] {standard_task_runner.py:76} INFO - Job 930: Subtask user_extraction
[2021-03-01 20:53:56,805] {logging_mixin.py:103} INFO - Running <TaskInstance: user_processing.user_extraction 2020-06-25T00:00:00+00:00 [running]> on host pop-os.localdomain
[2021-03-01 20:53:56,838] {taskinstance.py:1232} INFO - Exporting the following env vars:
AIRFLOW_CTX_DAG_OWNER=airflow
AIRFLOW_CTX_DAG_ID=user_processing
AIRFLOW_CTX_TASK_ID=user_extraction
AIRFLOW_CTX_EXECUTION_DATE=2020-06-25T00:00:00+00:00
AIRFLOW_CTX_DAG_RUN_ID=scheduled__2020-06-25T00:00:00+00:00
[2021-03-01 20:53:56,838] {http.py:106} INFO - Calling HTTP method
[2021-03-01 20:53:56,841] {base.py:74} INFO - Using connection to: id: user_api. Host: https://randomuser.me/, Port: None, Schema: , Login: , Password: None, extra: None
[2021-03-01 20:53:56,844] {http.py:140} INFO - Sending 'GET' to url: https://randomuser.me/api/
[2021-03-01 20:53:56,939] {http.py:110} INFO - {"results":[{"gender":"male","name":{"title":"Mr","first":"Oliver","last":"Lévesque"},"location":{"street":{"number":5120,"name":"Richmond Ave"},"city":"Shelbourne","state":"British Columbia","country":"Canada","postcode":"W4Y 2V5","coordinates":{"latitude":"-67.9768","longitude":"-108.1966"},"timezone":{"offset":"+3:00","description":"Baghdad, Riyadh, Moscow, St. Petersburg"}},"email":"oliver.levesque@example.com","login":{"uuid":"b988cb17-10bc-424d-84c9-f2cc6015aa00","username":"smalllion975","password":"disco","salt":"fbRVis1d","md5":"5e29548ca4cf310d42c6631be1310178","sha1":"937a7f6fef69dcd6993dcc3409de39c90a76e1c1","sha256":"b518a5f8fef55406b53602f47f0ed335f14d66cfc4018ca6fb2eca76fac9d02a"},"dob":{"date":"1954-08-01T04:25:49.739Z","age":67},"registered":{"date":"2015-09-22T04:28:09.315Z","age":6},"phone":"300-366-0011","cell":"688-778-4402","id":{"name":"","value":null},"picture":{"large":"https://randomuser.me/api/portraits/men/78.jpg","medium":"https://randomuser.me/api/portraits/med/men/78.jpg","thumbnail":"https://randomuser.me/api/portraits/thumb/men/78.jpg"},"nat":"CA"}],"info":{"seed":"ba08bf4792e202dd","results":1,"page":1,"version":"1.3"}}
[2021-03-01 20:53:56,952] {taskinstance.py:1142} INFO - Marking task as SUCCESS. dag_id=user_processing, task_id=user_extraction, execution_date=20200625T000000, start_date=20210302T015356, end_date=20210302T015356
[2021-03-01 20:53:56,969] {taskinstance.py:1195} INFO - 1 downstream tasks scheduled from follow-on schedule check
[2021-03-01 20:53:56,996] {local_task_job.py:118} INFO - Task exited with return code 0
