[2021-03-01 20:38:53,166] {taskinstance.py:826} INFO - Dependencies all met for <TaskInstance: user_processing.user_extraction 2020-02-02T00:00:00+00:00 [queued]>
[2021-03-01 20:38:53,171] {taskinstance.py:826} INFO - Dependencies all met for <TaskInstance: user_processing.user_extraction 2020-02-02T00:00:00+00:00 [queued]>
[2021-03-01 20:38:53,171] {taskinstance.py:1017} INFO - 
--------------------------------------------------------------------------------
[2021-03-01 20:38:53,171] {taskinstance.py:1018} INFO - Starting attempt 1 of 1
[2021-03-01 20:38:53,171] {taskinstance.py:1019} INFO - 
--------------------------------------------------------------------------------
[2021-03-01 20:38:53,180] {taskinstance.py:1038} INFO - Executing <Task(SimpleHttpOperator): user_extraction> on 2020-02-02T00:00:00+00:00
[2021-03-01 20:38:53,184] {standard_task_runner.py:51} INFO - Started process 239133 to run task
[2021-03-01 20:38:53,187] {standard_task_runner.py:75} INFO - Running: ['airflow', 'tasks', 'run', 'user_processing', 'user_extraction', '2020-02-02T00:00:00+00:00', '--job-id', '210', '--pool', 'default_pool', '--raw', '--subdir', 'DAGS_FOLDER/user_processing.py', '--cfg-path', '/tmp/tmpfj5248b4']
[2021-03-01 20:38:53,187] {standard_task_runner.py:76} INFO - Job 210: Subtask user_extraction
[2021-03-01 20:38:53,213] {logging_mixin.py:103} INFO - Running <TaskInstance: user_processing.user_extraction 2020-02-02T00:00:00+00:00 [running]> on host pop-os.localdomain
[2021-03-01 20:38:53,241] {taskinstance.py:1232} INFO - Exporting the following env vars:
AIRFLOW_CTX_DAG_OWNER=airflow
AIRFLOW_CTX_DAG_ID=user_processing
AIRFLOW_CTX_TASK_ID=user_extraction
AIRFLOW_CTX_EXECUTION_DATE=2020-02-02T00:00:00+00:00
AIRFLOW_CTX_DAG_RUN_ID=scheduled__2020-02-02T00:00:00+00:00
[2021-03-01 20:38:53,242] {http.py:106} INFO - Calling HTTP method
[2021-03-01 20:38:53,244] {base.py:74} INFO - Using connection to: id: user_api. Host: https://randomuser.me/, Port: None, Schema: , Login: , Password: None, extra: None
[2021-03-01 20:38:53,246] {http.py:140} INFO - Sending 'GET' to url: https://randomuser.me/api/
[2021-03-01 20:38:53,334] {http.py:110} INFO - {"results":[{"gender":"male","name":{"title":"Mr","first":"Afonso Henriques","last":"da Costa"},"location":{"street":{"number":7882,"name":"Rua Carlos Gomes"},"city":"Varginha","state":"Rio Grande do Norte","country":"Brazil","postcode":74186,"coordinates":{"latitude":"-74.5229","longitude":"-39.3528"},"timezone":{"offset":"+7:00","description":"Bangkok, Hanoi, Jakarta"}},"email":"afonsohenriques.dacosta@example.com","login":{"uuid":"03dc2fbb-5a3d-4260-b03d-d08b8c6cb338","username":"blueswan887","password":"474747","salt":"tOo2kxaQ","md5":"29c0efe7cfdacce92a34a39807767e73","sha1":"3ce11185f9cc9a6cbbe2a866fd6f9e11fbc405d3","sha256":"36612aa2312d697a974c957a7aa6405282bb0058058a88dd10869e2ac8ec8c53"},"dob":{"date":"1946-11-27T00:09:20.484Z","age":75},"registered":{"date":"2011-08-31T04:39:51.192Z","age":10},"phone":"(58) 3772-2588","cell":"(72) 1558-4676","id":{"name":"","value":null},"picture":{"large":"https://randomuser.me/api/portraits/men/73.jpg","medium":"https://randomuser.me/api/portraits/med/men/73.jpg","thumbnail":"https://randomuser.me/api/portraits/thumb/men/73.jpg"},"nat":"BR"}],"info":{"seed":"80f8845102a45b1c","results":1,"page":1,"version":"1.3"}}
[2021-03-01 20:38:53,357] {taskinstance.py:1142} INFO - Marking task as SUCCESS. dag_id=user_processing, task_id=user_extraction, execution_date=20200202T000000, start_date=20210302T013853, end_date=20210302T013853
[2021-03-01 20:38:53,381] {taskinstance.py:1195} INFO - 1 downstream tasks scheduled from follow-on schedule check
[2021-03-01 20:38:53,398] {local_task_job.py:118} INFO - Task exited with return code 0
