[2021-03-01 20:38:39,988] {taskinstance.py:826} INFO - Dependencies all met for <TaskInstance: user_processing.user_extraction 2020-01-31T00:00:00+00:00 [queued]>
[2021-03-01 20:38:39,992] {taskinstance.py:826} INFO - Dependencies all met for <TaskInstance: user_processing.user_extraction 2020-01-31T00:00:00+00:00 [queued]>
[2021-03-01 20:38:39,993] {taskinstance.py:1017} INFO - 
--------------------------------------------------------------------------------
[2021-03-01 20:38:39,993] {taskinstance.py:1018} INFO - Starting attempt 1 of 1
[2021-03-01 20:38:39,993] {taskinstance.py:1019} INFO - 
--------------------------------------------------------------------------------
[2021-03-01 20:38:40,001] {taskinstance.py:1038} INFO - Executing <Task(SimpleHttpOperator): user_extraction> on 2020-01-31T00:00:00+00:00
[2021-03-01 20:38:40,003] {standard_task_runner.py:51} INFO - Started process 238921 to run task
[2021-03-01 20:38:40,006] {standard_task_runner.py:75} INFO - Running: ['airflow', 'tasks', 'run', 'user_processing', 'user_extraction', '2020-01-31T00:00:00+00:00', '--job-id', '200', '--pool', 'default_pool', '--raw', '--subdir', 'DAGS_FOLDER/user_processing.py', '--cfg-path', '/tmp/tmpvqvmcj9k']
[2021-03-01 20:38:40,006] {standard_task_runner.py:76} INFO - Job 200: Subtask user_extraction
[2021-03-01 20:38:40,026] {logging_mixin.py:103} INFO - Running <TaskInstance: user_processing.user_extraction 2020-01-31T00:00:00+00:00 [running]> on host pop-os.localdomain
[2021-03-01 20:38:40,049] {taskinstance.py:1232} INFO - Exporting the following env vars:
AIRFLOW_CTX_DAG_OWNER=airflow
AIRFLOW_CTX_DAG_ID=user_processing
AIRFLOW_CTX_TASK_ID=user_extraction
AIRFLOW_CTX_EXECUTION_DATE=2020-01-31T00:00:00+00:00
AIRFLOW_CTX_DAG_RUN_ID=scheduled__2020-01-31T00:00:00+00:00
[2021-03-01 20:38:40,049] {http.py:106} INFO - Calling HTTP method
[2021-03-01 20:38:40,052] {base.py:74} INFO - Using connection to: id: user_api. Host: https://randomuser.me/, Port: None, Schema: , Login: , Password: None, extra: None
[2021-03-01 20:38:40,053] {http.py:140} INFO - Sending 'GET' to url: https://randomuser.me/api/
[2021-03-01 20:38:40,137] {http.py:110} INFO - {"results":[{"gender":"female","name":{"title":"Mademoiselle","first":"Annelies","last":"Lefevre"},"location":{"street":{"number":4169,"name":"Quai Charles-De-Gaulle"},"city":"Romoos","state":"Zug","country":"Switzerland","postcode":7158,"coordinates":{"latitude":"-52.9822","longitude":"64.8309"},"timezone":{"offset":"+3:30","description":"Tehran"}},"email":"annelies.lefevre@example.com","login":{"uuid":"185965be-0252-4491-9e9c-a3a9d7a5fa85","username":"silvermouse277","password":"microsoft","salt":"kvjrLfh6","md5":"7809fc11553cf480caef49f2a212604d","sha1":"a8f4fe15d3b94f499bde944b4f262ee8864eaa68","sha256":"f65e7d79cd3f8620da22b006854a1f99625bdf0c8a74f0286303b2a0e983465a"},"dob":{"date":"1979-09-07T19:31:17.559Z","age":42},"registered":{"date":"2012-05-09T04:46:47.452Z","age":9},"phone":"076 965 38 84","cell":"077 717 25 11","id":{"name":"AVS","value":"756.4136.2349.23"},"picture":{"large":"https://randomuser.me/api/portraits/women/82.jpg","medium":"https://randomuser.me/api/portraits/med/women/82.jpg","thumbnail":"https://randomuser.me/api/portraits/thumb/women/82.jpg"},"nat":"CH"}],"info":{"seed":"2c63eb94b107a27f","results":1,"page":1,"version":"1.3"}}
[2021-03-01 20:38:40,156] {taskinstance.py:1142} INFO - Marking task as SUCCESS. dag_id=user_processing, task_id=user_extraction, execution_date=20200131T000000, start_date=20210302T013839, end_date=20210302T013840
[2021-03-01 20:38:40,178] {taskinstance.py:1195} INFO - 1 downstream tasks scheduled from follow-on schedule check
[2021-03-01 20:38:40,217] {local_task_job.py:118} INFO - Task exited with return code 0
