[2021-03-01 20:54:14,498] {taskinstance.py:826} INFO - Dependencies all met for <TaskInstance: user_processing.user_extraction 2020-06-28T00:00:00+00:00 [queued]>
[2021-03-01 20:54:14,502] {taskinstance.py:826} INFO - Dependencies all met for <TaskInstance: user_processing.user_extraction 2020-06-28T00:00:00+00:00 [queued]>
[2021-03-01 20:54:14,502] {taskinstance.py:1017} INFO - 
--------------------------------------------------------------------------------
[2021-03-01 20:54:14,502] {taskinstance.py:1018} INFO - Starting attempt 1 of 1
[2021-03-01 20:54:14,502] {taskinstance.py:1019} INFO - 
--------------------------------------------------------------------------------
[2021-03-01 20:54:14,509] {taskinstance.py:1038} INFO - Executing <Task(SimpleHttpOperator): user_extraction> on 2020-06-28T00:00:00+00:00
[2021-03-01 20:54:14,511] {standard_task_runner.py:51} INFO - Started process 257706 to run task
[2021-03-01 20:54:14,514] {standard_task_runner.py:75} INFO - Running: ['airflow', 'tasks', 'run', 'user_processing', 'user_extraction', '2020-06-28T00:00:00+00:00', '--job-id', '945', '--pool', 'default_pool', '--raw', '--subdir', 'DAGS_FOLDER/user_processing.py', '--cfg-path', '/tmp/tmpbppixq4t']
[2021-03-01 20:54:14,514] {standard_task_runner.py:76} INFO - Job 945: Subtask user_extraction
[2021-03-01 20:54:14,534] {logging_mixin.py:103} INFO - Running <TaskInstance: user_processing.user_extraction 2020-06-28T00:00:00+00:00 [running]> on host pop-os.localdomain
[2021-03-01 20:54:14,557] {taskinstance.py:1232} INFO - Exporting the following env vars:
AIRFLOW_CTX_DAG_OWNER=airflow
AIRFLOW_CTX_DAG_ID=user_processing
AIRFLOW_CTX_TASK_ID=user_extraction
AIRFLOW_CTX_EXECUTION_DATE=2020-06-28T00:00:00+00:00
AIRFLOW_CTX_DAG_RUN_ID=scheduled__2020-06-28T00:00:00+00:00
[2021-03-01 20:54:14,557] {http.py:106} INFO - Calling HTTP method
[2021-03-01 20:54:14,560] {base.py:74} INFO - Using connection to: id: user_api. Host: https://randomuser.me/, Port: None, Schema: , Login: , Password: None, extra: None
[2021-03-01 20:54:14,561] {http.py:140} INFO - Sending 'GET' to url: https://randomuser.me/api/
[2021-03-01 20:54:14,660] {http.py:110} INFO - {"results":[{"gender":"male","name":{"title":"Mr","first":"Bill","last":"Gray"},"location":{"street":{"number":2358,"name":"Oak Lawn Ave"},"city":"Bowral","state":"Northern Territory","country":"Australia","postcode":2448,"coordinates":{"latitude":"-84.6242","longitude":"-18.1062"},"timezone":{"offset":"-8:00","description":"Pacific Time (US & Canada)"}},"email":"bill.gray@example.com","login":{"uuid":"15239245-66ad-426f-855d-1da1e9a263ce","username":"goldenswan165","password":"fruity","salt":"yAP2iB0t","md5":"c9d95857360d1ec018249b13cf8ef15f","sha1":"197529afd13d7dc1f970dc80a36739d96901504e","sha256":"1d537861dd72087f5fb097810d4fa891ca60b81ed9127fb53a42277c550208ab"},"dob":{"date":"1988-11-10T22:10:17.992Z","age":33},"registered":{"date":"2014-04-01T14:08:18.484Z","age":7},"phone":"08-5614-2782","cell":"0402-709-892","id":{"name":"TFN","value":"707017362"},"picture":{"large":"https://randomuser.me/api/portraits/men/12.jpg","medium":"https://randomuser.me/api/portraits/med/men/12.jpg","thumbnail":"https://randomuser.me/api/portraits/thumb/men/12.jpg"},"nat":"AU"}],"info":{"seed":"c0ce2bfe602ea831","results":1,"page":1,"version":"1.3"}}
[2021-03-01 20:54:14,693] {taskinstance.py:1142} INFO - Marking task as SUCCESS. dag_id=user_processing, task_id=user_extraction, execution_date=20200628T000000, start_date=20210302T015414, end_date=20210302T015414
[2021-03-01 20:54:14,720] {taskinstance.py:1195} INFO - 1 downstream tasks scheduled from follow-on schedule check
[2021-03-01 20:54:14,725] {local_task_job.py:118} INFO - Task exited with return code 0
