[2021-03-01 20:38:15,120] {taskinstance.py:826} INFO - Dependencies all met for <TaskInstance: user_processing.user_extraction 2020-01-27T00:00:00+00:00 [queued]>
[2021-03-01 20:38:15,124] {taskinstance.py:826} INFO - Dependencies all met for <TaskInstance: user_processing.user_extraction 2020-01-27T00:00:00+00:00 [queued]>
[2021-03-01 20:38:15,124] {taskinstance.py:1017} INFO - 
--------------------------------------------------------------------------------
[2021-03-01 20:38:15,124] {taskinstance.py:1018} INFO - Starting attempt 1 of 1
[2021-03-01 20:38:15,124] {taskinstance.py:1019} INFO - 
--------------------------------------------------------------------------------
[2021-03-01 20:38:15,133] {taskinstance.py:1038} INFO - Executing <Task(SimpleHttpOperator): user_extraction> on 2020-01-27T00:00:00+00:00
[2021-03-01 20:38:15,135] {standard_task_runner.py:51} INFO - Started process 238358 to run task
[2021-03-01 20:38:15,138] {standard_task_runner.py:75} INFO - Running: ['airflow', 'tasks', 'run', 'user_processing', 'user_extraction', '2020-01-27T00:00:00+00:00', '--job-id', '180', '--pool', 'default_pool', '--raw', '--subdir', 'DAGS_FOLDER/user_processing.py', '--cfg-path', '/tmp/tmpbqlddtbi']
[2021-03-01 20:38:15,138] {standard_task_runner.py:76} INFO - Job 180: Subtask user_extraction
[2021-03-01 20:38:15,160] {logging_mixin.py:103} INFO - Running <TaskInstance: user_processing.user_extraction 2020-01-27T00:00:00+00:00 [running]> on host pop-os.localdomain
[2021-03-01 20:38:15,183] {taskinstance.py:1232} INFO - Exporting the following env vars:
AIRFLOW_CTX_DAG_OWNER=airflow
AIRFLOW_CTX_DAG_ID=user_processing
AIRFLOW_CTX_TASK_ID=user_extraction
AIRFLOW_CTX_EXECUTION_DATE=2020-01-27T00:00:00+00:00
AIRFLOW_CTX_DAG_RUN_ID=scheduled__2020-01-27T00:00:00+00:00
[2021-03-01 20:38:15,183] {http.py:106} INFO - Calling HTTP method
[2021-03-01 20:38:15,189] {base.py:74} INFO - Using connection to: id: user_api. Host: https://randomuser.me/, Port: None, Schema: , Login: , Password: None, extra: None
[2021-03-01 20:38:15,192] {http.py:140} INFO - Sending 'GET' to url: https://randomuser.me/api/
[2021-03-01 20:38:15,281] {http.py:110} INFO - {"results":[{"gender":"male","name":{"title":"Mr","first":"Anthony","last":"Wong"},"location":{"street":{"number":2104,"name":"Stanley Way"},"city":"Wellington","state":"Northwest Territories","country":"Canada","postcode":"H5G 9I2","coordinates":{"latitude":"-62.0723","longitude":"-45.9413"},"timezone":{"offset":"-3:30","description":"Newfoundland"}},"email":"anthony.wong@example.com","login":{"uuid":"1f43ef77-5584-448e-b5f2-6272c947c641","username":"whitedog486","password":"fiction","salt":"wvHqsG6m","md5":"bd431eb31f3c57d55588f57dc11f4e1a","sha1":"268ee857e6eb157d820e584eb95a5bf0c90e83d8","sha256":"6f71245436e1953a4a6ba5153df4e1ee2edd11774a15224af9c12ef81713c55f"},"dob":{"date":"1954-03-02T21:21:40.100Z","age":67},"registered":{"date":"2010-02-27T23:43:39.267Z","age":11},"phone":"752-474-2124","cell":"328-426-3694","id":{"name":"","value":null},"picture":{"large":"https://randomuser.me/api/portraits/men/17.jpg","medium":"https://randomuser.me/api/portraits/med/men/17.jpg","thumbnail":"https://randomuser.me/api/portraits/thumb/men/17.jpg"},"nat":"CA"}],"info":{"seed":"a36d50118dc5d6f4","results":1,"page":1,"version":"1.3"}}
[2021-03-01 20:38:15,299] {taskinstance.py:1142} INFO - Marking task as SUCCESS. dag_id=user_processing, task_id=user_extraction, execution_date=20200127T000000, start_date=20210302T013815, end_date=20210302T013815
[2021-03-01 20:38:15,316] {taskinstance.py:1195} INFO - 1 downstream tasks scheduled from follow-on schedule check
[2021-03-01 20:38:15,349] {local_task_job.py:118} INFO - Task exited with return code 0
