[2021-03-01 20:50:28,630] {taskinstance.py:826} INFO - Dependencies all met for <TaskInstance: user_processing.user_extraction 2020-05-23T00:00:00+00:00 [queued]>
[2021-03-01 20:50:28,636] {taskinstance.py:826} INFO - Dependencies all met for <TaskInstance: user_processing.user_extraction 2020-05-23T00:00:00+00:00 [queued]>
[2021-03-01 20:50:28,636] {taskinstance.py:1017} INFO - 
--------------------------------------------------------------------------------
[2021-03-01 20:50:28,636] {taskinstance.py:1018} INFO - Starting attempt 1 of 1
[2021-03-01 20:50:28,636] {taskinstance.py:1019} INFO - 
--------------------------------------------------------------------------------
[2021-03-01 20:50:28,646] {taskinstance.py:1038} INFO - Executing <Task(SimpleHttpOperator): user_extraction> on 2020-05-23T00:00:00+00:00
[2021-03-01 20:50:28,648] {standard_task_runner.py:51} INFO - Started process 253243 to run task
[2021-03-01 20:50:28,650] {standard_task_runner.py:75} INFO - Running: ['airflow', 'tasks', 'run', 'user_processing', 'user_extraction', '2020-05-23T00:00:00+00:00', '--job-id', '765', '--pool', 'default_pool', '--raw', '--subdir', 'DAGS_FOLDER/user_processing.py', '--cfg-path', '/tmp/tmpzfrinp80']
[2021-03-01 20:50:28,651] {standard_task_runner.py:76} INFO - Job 765: Subtask user_extraction
[2021-03-01 20:50:28,691] {logging_mixin.py:103} INFO - Running <TaskInstance: user_processing.user_extraction 2020-05-23T00:00:00+00:00 [running]> on host pop-os.localdomain
[2021-03-01 20:50:28,724] {taskinstance.py:1232} INFO - Exporting the following env vars:
AIRFLOW_CTX_DAG_OWNER=airflow
AIRFLOW_CTX_DAG_ID=user_processing
AIRFLOW_CTX_TASK_ID=user_extraction
AIRFLOW_CTX_EXECUTION_DATE=2020-05-23T00:00:00+00:00
AIRFLOW_CTX_DAG_RUN_ID=scheduled__2020-05-23T00:00:00+00:00
[2021-03-01 20:50:28,725] {http.py:106} INFO - Calling HTTP method
[2021-03-01 20:50:28,727] {base.py:74} INFO - Using connection to: id: user_api. Host: https://randomuser.me/, Port: None, Schema: , Login: , Password: None, extra: None
[2021-03-01 20:50:28,728] {http.py:140} INFO - Sending 'GET' to url: https://randomuser.me/api/
[2021-03-01 20:50:29,139] {http.py:110} INFO - {"results":[{"gender":"male","name":{"title":"Mr","first":"Gavin","last":"Jackson"},"location":{"street":{"number":8715,"name":"Royal Ln"},"city":"Rockford","state":"Texas","country":"United States","postcode":79241,"coordinates":{"latitude":"79.9649","longitude":"-35.4515"},"timezone":{"offset":"-8:00","description":"Pacific Time (US & Canada)"}},"email":"gavin.jackson@example.com","login":{"uuid":"572dbbdc-a7a6-4d4e-88c1-e6b8a8905068","username":"silverbird905","password":"liquid","salt":"OEPA2p5Y","md5":"914117d6259f853f50d1b168e1c1455b","sha1":"4ffe8c1cbd7728cfc5d70e35853634e65b3c6f36","sha256":"04c991c4581d530bcd7d820617e963b75cd80e95eff0c99d740658ab277566dc"},"dob":{"date":"1966-10-25T18:13:45.804Z","age":55},"registered":{"date":"2014-12-11T03:07:12.573Z","age":7},"phone":"(655)-030-4596","cell":"(237)-277-0192","id":{"name":"SSN","value":"387-31-2059"},"picture":{"large":"https://randomuser.me/api/portraits/men/52.jpg","medium":"https://randomuser.me/api/portraits/med/men/52.jpg","thumbnail":"https://randomuser.me/api/portraits/thumb/men/52.jpg"},"nat":"US"}],"info":{"seed":"60a7c08a71bb4df6","results":1,"page":1,"version":"1.3"}}
[2021-03-01 20:50:29,155] {taskinstance.py:1142} INFO - Marking task as SUCCESS. dag_id=user_processing, task_id=user_extraction, execution_date=20200523T000000, start_date=20210302T015028, end_date=20210302T015029
[2021-03-01 20:50:29,181] {taskinstance.py:1195} INFO - 1 downstream tasks scheduled from follow-on schedule check
[2021-03-01 20:50:29,223] {local_task_job.py:118} INFO - Task exited with return code 0
