[2021-03-01 20:55:30,764] {taskinstance.py:826} INFO - Dependencies all met for <TaskInstance: user_processing.user_extraction 2020-07-11T00:00:00+00:00 [queued]>
[2021-03-01 20:55:30,769] {taskinstance.py:826} INFO - Dependencies all met for <TaskInstance: user_processing.user_extraction 2020-07-11T00:00:00+00:00 [queued]>
[2021-03-01 20:55:30,769] {taskinstance.py:1017} INFO - 
--------------------------------------------------------------------------------
[2021-03-01 20:55:30,769] {taskinstance.py:1018} INFO - Starting attempt 1 of 1
[2021-03-01 20:55:30,769] {taskinstance.py:1019} INFO - 
--------------------------------------------------------------------------------
[2021-03-01 20:55:30,777] {taskinstance.py:1038} INFO - Executing <Task(SimpleHttpOperator): user_extraction> on 2020-07-11T00:00:00+00:00
[2021-03-01 20:55:30,779] {standard_task_runner.py:51} INFO - Started process 259213 to run task
[2021-03-01 20:55:30,782] {standard_task_runner.py:75} INFO - Running: ['airflow', 'tasks', 'run', 'user_processing', 'user_extraction', '2020-07-11T00:00:00+00:00', '--job-id', '1010', '--pool', 'default_pool', '--raw', '--subdir', 'DAGS_FOLDER/user_processing.py', '--cfg-path', '/tmp/tmpu0e8ap9v']
[2021-03-01 20:55:30,782] {standard_task_runner.py:76} INFO - Job 1010: Subtask user_extraction
[2021-03-01 20:55:30,802] {logging_mixin.py:103} INFO - Running <TaskInstance: user_processing.user_extraction 2020-07-11T00:00:00+00:00 [running]> on host pop-os.localdomain
[2021-03-01 20:55:30,837] {taskinstance.py:1232} INFO - Exporting the following env vars:
AIRFLOW_CTX_DAG_OWNER=airflow
AIRFLOW_CTX_DAG_ID=user_processing
AIRFLOW_CTX_TASK_ID=user_extraction
AIRFLOW_CTX_EXECUTION_DATE=2020-07-11T00:00:00+00:00
AIRFLOW_CTX_DAG_RUN_ID=scheduled__2020-07-11T00:00:00+00:00
[2021-03-01 20:55:30,837] {http.py:106} INFO - Calling HTTP method
[2021-03-01 20:55:30,840] {base.py:74} INFO - Using connection to: id: user_api. Host: https://randomuser.me/, Port: None, Schema: , Login: , Password: None, extra: None
[2021-03-01 20:55:30,841] {http.py:140} INFO - Sending 'GET' to url: https://randomuser.me/api/
[2021-03-01 20:55:30,927] {http.py:110} INFO - {"results":[{"gender":"female","name":{"title":"Miss","first":"Geertje","last":"Uljee"},"location":{"street":{"number":4163,"name":"Bijkerkstraat"},"city":"Nagele","state":"Utrecht","country":"Netherlands","postcode":19044,"coordinates":{"latitude":"45.8570","longitude":"75.4710"},"timezone":{"offset":"+3:30","description":"Tehran"}},"email":"geertje.uljee@example.com","login":{"uuid":"5b59628d-140e-4927-b0f5-dd06ce019eae","username":"goldensnake873","password":"zelda","salt":"qb5JkEEa","md5":"1e46001ef4564866d741f8c32049f07c","sha1":"4f28041ee2b21439141e39b1d48eb43f3230ba69","sha256":"6914d9366e2dc40c26bcf4a9a0b584ce7d89f3f09c4fef39ec4c678c3908423b"},"dob":{"date":"1946-10-26T13:57:53.802Z","age":75},"registered":{"date":"2009-08-12T01:47:37.018Z","age":12},"phone":"(900)-696-9182","cell":"(982)-241-5723","id":{"name":"BSN","value":"08800618"},"picture":{"large":"https://randomuser.me/api/portraits/women/73.jpg","medium":"https://randomuser.me/api/portraits/med/women/73.jpg","thumbnail":"https://randomuser.me/api/portraits/thumb/women/73.jpg"},"nat":"NL"}],"info":{"seed":"553fc85ecbc2d0c1","results":1,"page":1,"version":"1.3"}}
[2021-03-01 20:55:30,939] {taskinstance.py:1142} INFO - Marking task as SUCCESS. dag_id=user_processing, task_id=user_extraction, execution_date=20200711T000000, start_date=20210302T015530, end_date=20210302T015530
[2021-03-01 20:55:30,957] {taskinstance.py:1195} INFO - 1 downstream tasks scheduled from follow-on schedule check
[2021-03-01 20:55:30,993] {local_task_job.py:118} INFO - Task exited with return code 0
