[2021-03-01 20:57:30,515] {taskinstance.py:826} INFO - Dependencies all met for <TaskInstance: user_processing.user_extraction 2020-07-31T00:00:00+00:00 [queued]>
[2021-03-01 20:57:30,520] {taskinstance.py:826} INFO - Dependencies all met for <TaskInstance: user_processing.user_extraction 2020-07-31T00:00:00+00:00 [queued]>
[2021-03-01 20:57:30,520] {taskinstance.py:1017} INFO - 
--------------------------------------------------------------------------------
[2021-03-01 20:57:30,520] {taskinstance.py:1018} INFO - Starting attempt 1 of 1
[2021-03-01 20:57:30,520] {taskinstance.py:1019} INFO - 
--------------------------------------------------------------------------------
[2021-03-01 20:57:30,531] {taskinstance.py:1038} INFO - Executing <Task(SimpleHttpOperator): user_extraction> on 2020-07-31T00:00:00+00:00
[2021-03-01 20:57:30,535] {standard_task_runner.py:51} INFO - Started process 261593 to run task
[2021-03-01 20:57:30,541] {standard_task_runner.py:75} INFO - Running: ['airflow', 'tasks', 'run', 'user_processing', 'user_extraction', '2020-07-31T00:00:00+00:00', '--job-id', '1110', '--pool', 'default_pool', '--raw', '--subdir', 'DAGS_FOLDER/user_processing.py', '--cfg-path', '/tmp/tmpd5spnrlg']
[2021-03-01 20:57:30,541] {standard_task_runner.py:76} INFO - Job 1110: Subtask user_extraction
[2021-03-01 20:57:30,566] {logging_mixin.py:103} INFO - Running <TaskInstance: user_processing.user_extraction 2020-07-31T00:00:00+00:00 [running]> on host pop-os.localdomain
[2021-03-01 20:57:30,587] {taskinstance.py:1232} INFO - Exporting the following env vars:
AIRFLOW_CTX_DAG_OWNER=airflow
AIRFLOW_CTX_DAG_ID=user_processing
AIRFLOW_CTX_TASK_ID=user_extraction
AIRFLOW_CTX_EXECUTION_DATE=2020-07-31T00:00:00+00:00
AIRFLOW_CTX_DAG_RUN_ID=scheduled__2020-07-31T00:00:00+00:00
[2021-03-01 20:57:30,587] {http.py:106} INFO - Calling HTTP method
[2021-03-01 20:57:30,590] {base.py:74} INFO - Using connection to: id: user_api. Host: https://randomuser.me/, Port: None, Schema: , Login: , Password: None, extra: None
[2021-03-01 20:57:30,592] {http.py:140} INFO - Sending 'GET' to url: https://randomuser.me/api/
[2021-03-01 20:57:30,674] {http.py:110} INFO - {"results":[{"gender":"female","name":{"title":"Mrs","first":"آدرینا","last":"محمدخان"},"location":{"street":{"number":1402,"name":"میدان استقلال"},"city":"قدس","state":"بوشهر","country":"Iran","postcode":28323,"coordinates":{"latitude":"34.9223","longitude":"9.0099"},"timezone":{"offset":"-6:00","description":"Central Time (US & Canada), Mexico City"}},"email":"adryn.mhmdkhn@example.com","login":{"uuid":"09732aa3-392e-450f-b547-9915f5a5f60b","username":"heavylion612","password":"dark","salt":"Jl4ud8mv","md5":"2e703948b6ddf1c926e59de28c1dc31e","sha1":"c2c77ba068638ec6cc089931758ba22d7e847c1d","sha256":"a77ba8f8865b344660b18edfa2d88f9d4c493563e27dae52a0169acc69d92067"},"dob":{"date":"1948-02-05T17:14:56.762Z","age":73},"registered":{"date":"2008-04-15T12:20:14.325Z","age":13},"phone":"036-39407120","cell":"0979-208-3563","id":{"name":"","value":null},"picture":{"large":"https://randomuser.me/api/portraits/women/92.jpg","medium":"https://randomuser.me/api/portraits/med/women/92.jpg","thumbnail":"https://randomuser.me/api/portraits/thumb/women/92.jpg"},"nat":"IR"}],"info":{"seed":"46db1c53b9bb13b9","results":1,"page":1,"version":"1.3"}}
[2021-03-01 20:57:30,687] {taskinstance.py:1142} INFO - Marking task as SUCCESS. dag_id=user_processing, task_id=user_extraction, execution_date=20200731T000000, start_date=20210302T015730, end_date=20210302T015730
[2021-03-01 20:57:30,706] {taskinstance.py:1195} INFO - 1 downstream tasks scheduled from follow-on schedule check
[2021-03-01 20:57:30,710] {local_task_job.py:118} INFO - Task exited with return code 0
