[2021-03-01 20:48:32,365] {taskinstance.py:826} INFO - Dependencies all met for <TaskInstance: user_processing.user_extraction 2020-05-05T00:00:00+00:00 [queued]>
[2021-03-01 20:48:32,371] {taskinstance.py:826} INFO - Dependencies all met for <TaskInstance: user_processing.user_extraction 2020-05-05T00:00:00+00:00 [queued]>
[2021-03-01 20:48:32,371] {taskinstance.py:1017} INFO - 
--------------------------------------------------------------------------------
[2021-03-01 20:48:32,371] {taskinstance.py:1018} INFO - Starting attempt 1 of 1
[2021-03-01 20:48:32,371] {taskinstance.py:1019} INFO - 
--------------------------------------------------------------------------------
[2021-03-01 20:48:32,380] {taskinstance.py:1038} INFO - Executing <Task(SimpleHttpOperator): user_extraction> on 2020-05-05T00:00:00+00:00
[2021-03-01 20:48:32,382] {standard_task_runner.py:51} INFO - Started process 250588 to run task
[2021-03-01 20:48:32,384] {standard_task_runner.py:75} INFO - Running: ['airflow', 'tasks', 'run', 'user_processing', 'user_extraction', '2020-05-05T00:00:00+00:00', '--job-id', '675', '--pool', 'default_pool', '--raw', '--subdir', 'DAGS_FOLDER/user_processing.py', '--cfg-path', '/tmp/tmpeqq9561_']
[2021-03-01 20:48:32,384] {standard_task_runner.py:76} INFO - Job 675: Subtask user_extraction
[2021-03-01 20:48:32,404] {logging_mixin.py:103} INFO - Running <TaskInstance: user_processing.user_extraction 2020-05-05T00:00:00+00:00 [running]> on host pop-os.localdomain
[2021-03-01 20:48:32,431] {taskinstance.py:1232} INFO - Exporting the following env vars:
AIRFLOW_CTX_DAG_OWNER=airflow
AIRFLOW_CTX_DAG_ID=user_processing
AIRFLOW_CTX_TASK_ID=user_extraction
AIRFLOW_CTX_EXECUTION_DATE=2020-05-05T00:00:00+00:00
AIRFLOW_CTX_DAG_RUN_ID=scheduled__2020-05-05T00:00:00+00:00
[2021-03-01 20:48:32,431] {http.py:106} INFO - Calling HTTP method
[2021-03-01 20:48:32,434] {base.py:74} INFO - Using connection to: id: user_api. Host: https://randomuser.me/, Port: None, Schema: , Login: , Password: None, extra: None
[2021-03-01 20:48:32,436] {http.py:140} INFO - Sending 'GET' to url: https://randomuser.me/api/
[2021-03-01 20:48:32,538] {http.py:110} INFO - {"results":[{"gender":"male","name":{"title":"Mr","first":"Daniel","last":"Rojas"},"location":{"street":{"number":3256,"name":"Calle Nebrija"},"city":"Vigo","state":"Castilla y León","country":"Spain","postcode":74628,"coordinates":{"latitude":"-20.5221","longitude":"-32.6268"},"timezone":{"offset":"+8:00","description":"Beijing, Perth, Singapore, Hong Kong"}},"email":"daniel.rojas@example.com","login":{"uuid":"3cd5ef5b-d0be-4c2a-96c9-9571306a1638","username":"smallmeercat636","password":"head","salt":"1aS5UlQJ","md5":"03a85e94377ffcedde69fcd495d3f7ef","sha1":"4198a82f39940973124dc1571b3ac4682410f477","sha256":"3ceaee3d9cd60e36fdf68bcd776c8856e2e6261ab4753f7ef0536a4d1383da30"},"dob":{"date":"1964-04-24T18:40:41.557Z","age":57},"registered":{"date":"2010-06-08T20:34:23.512Z","age":11},"phone":"910-360-415","cell":"609-399-226","id":{"name":"DNI","value":"75757229-F"},"picture":{"large":"https://randomuser.me/api/portraits/men/7.jpg","medium":"https://randomuser.me/api/portraits/med/men/7.jpg","thumbnail":"https://randomuser.me/api/portraits/thumb/men/7.jpg"},"nat":"ES"}],"info":{"seed":"4a110dc59cbc3ab7","results":1,"page":1,"version":"1.3"}}
[2021-03-01 20:48:32,553] {taskinstance.py:1142} INFO - Marking task as SUCCESS. dag_id=user_processing, task_id=user_extraction, execution_date=20200505T000000, start_date=20210302T014832, end_date=20210302T014832
[2021-03-01 20:48:32,571] {taskinstance.py:1195} INFO - 1 downstream tasks scheduled from follow-on schedule check
[2021-03-01 20:48:32,595] {local_task_job.py:118} INFO - Task exited with return code 0
