[2021-03-01 20:46:53,937] {taskinstance.py:826} INFO - Dependencies all met for <TaskInstance: user_processing.user_extraction 2020-04-19T00:00:00+00:00 [queued]>
[2021-03-01 20:46:53,942] {taskinstance.py:826} INFO - Dependencies all met for <TaskInstance: user_processing.user_extraction 2020-04-19T00:00:00+00:00 [queued]>
[2021-03-01 20:46:53,942] {taskinstance.py:1017} INFO - 
--------------------------------------------------------------------------------
[2021-03-01 20:46:53,942] {taskinstance.py:1018} INFO - Starting attempt 1 of 1
[2021-03-01 20:46:53,942] {taskinstance.py:1019} INFO - 
--------------------------------------------------------------------------------
[2021-03-01 20:46:53,952] {taskinstance.py:1038} INFO - Executing <Task(SimpleHttpOperator): user_extraction> on 2020-04-19T00:00:00+00:00
[2021-03-01 20:46:53,956] {standard_task_runner.py:51} INFO - Started process 248746 to run task
[2021-03-01 20:46:53,963] {standard_task_runner.py:75} INFO - Running: ['airflow', 'tasks', 'run', 'user_processing', 'user_extraction', '2020-04-19T00:00:00+00:00', '--job-id', '595', '--pool', 'default_pool', '--raw', '--subdir', 'DAGS_FOLDER/user_processing.py', '--cfg-path', '/tmp/tmpys04m5l6']
[2021-03-01 20:46:53,964] {standard_task_runner.py:76} INFO - Job 595: Subtask user_extraction
[2021-03-01 20:46:53,989] {logging_mixin.py:103} INFO - Running <TaskInstance: user_processing.user_extraction 2020-04-19T00:00:00+00:00 [running]> on host pop-os.localdomain
[2021-03-01 20:46:54,017] {taskinstance.py:1232} INFO - Exporting the following env vars:
AIRFLOW_CTX_DAG_OWNER=airflow
AIRFLOW_CTX_DAG_ID=user_processing
AIRFLOW_CTX_TASK_ID=user_extraction
AIRFLOW_CTX_EXECUTION_DATE=2020-04-19T00:00:00+00:00
AIRFLOW_CTX_DAG_RUN_ID=scheduled__2020-04-19T00:00:00+00:00
[2021-03-01 20:46:54,017] {http.py:106} INFO - Calling HTTP method
[2021-03-01 20:46:54,022] {base.py:74} INFO - Using connection to: id: user_api. Host: https://randomuser.me/, Port: None, Schema: , Login: , Password: None, extra: None
[2021-03-01 20:46:54,024] {http.py:140} INFO - Sending 'GET' to url: https://randomuser.me/api/
[2021-03-01 20:46:54,124] {http.py:110} INFO - {"results":[{"gender":"male","name":{"title":"Mr","first":"Danny","last":"Wallace"},"location":{"street":{"number":6326,"name":"North Road"},"city":"Wolverhampton","state":"Merseyside","country":"United Kingdom","postcode":"VO2O 3PE","coordinates":{"latitude":"13.2127","longitude":"-28.1163"},"timezone":{"offset":"+1:00","description":"Brussels, Copenhagen, Madrid, Paris"}},"email":"danny.wallace@example.com","login":{"uuid":"3e7a8f90-241f-4386-8245-af4c8f41d9e1","username":"crazygoose686","password":"booster","salt":"jtg0oFxa","md5":"5ff15865ec3d63964e730c30fef0e4bb","sha1":"b8ae292b1f1168b13488fe2da663b36b56663017","sha256":"aa0269b5799e17c80788e4a93e837dcb6f327820e2c3742a6ca59337a4b332ab"},"dob":{"date":"1997-12-29T13:19:53.559Z","age":24},"registered":{"date":"2007-01-04T07:26:37.906Z","age":14},"phone":"015396 84244","cell":"0701-302-717","id":{"name":"NINO","value":"ET 73 84 85 Y"},"picture":{"large":"https://randomuser.me/api/portraits/men/80.jpg","medium":"https://randomuser.me/api/portraits/med/men/80.jpg","thumbnail":"https://randomuser.me/api/portraits/thumb/men/80.jpg"},"nat":"GB"}],"info":{"seed":"179545a2c9637a49","results":1,"page":1,"version":"1.3"}}
[2021-03-01 20:46:54,138] {taskinstance.py:1142} INFO - Marking task as SUCCESS. dag_id=user_processing, task_id=user_extraction, execution_date=20200419T000000, start_date=20210302T014653, end_date=20210302T014654
[2021-03-01 20:46:54,162] {taskinstance.py:1195} INFO - 1 downstream tasks scheduled from follow-on schedule check
[2021-03-01 20:46:54,172] {local_task_job.py:118} INFO - Task exited with return code 0
