[2021-03-01 20:38:59,837] {taskinstance.py:826} INFO - Dependencies all met for <TaskInstance: user_processing.user_extraction 2020-02-03T00:00:00+00:00 [queued]>
[2021-03-01 20:38:59,842] {taskinstance.py:826} INFO - Dependencies all met for <TaskInstance: user_processing.user_extraction 2020-02-03T00:00:00+00:00 [queued]>
[2021-03-01 20:38:59,842] {taskinstance.py:1017} INFO - 
--------------------------------------------------------------------------------
[2021-03-01 20:38:59,842] {taskinstance.py:1018} INFO - Starting attempt 1 of 1
[2021-03-01 20:38:59,842] {taskinstance.py:1019} INFO - 
--------------------------------------------------------------------------------
[2021-03-01 20:38:59,853] {taskinstance.py:1038} INFO - Executing <Task(SimpleHttpOperator): user_extraction> on 2020-02-03T00:00:00+00:00
[2021-03-01 20:38:59,855] {standard_task_runner.py:51} INFO - Started process 239235 to run task
[2021-03-01 20:38:59,857] {standard_task_runner.py:75} INFO - Running: ['airflow', 'tasks', 'run', 'user_processing', 'user_extraction', '2020-02-03T00:00:00+00:00', '--job-id', '215', '--pool', 'default_pool', '--raw', '--subdir', 'DAGS_FOLDER/user_processing.py', '--cfg-path', '/tmp/tmpxujve7zv']
[2021-03-01 20:38:59,858] {standard_task_runner.py:76} INFO - Job 215: Subtask user_extraction
[2021-03-01 20:38:59,878] {logging_mixin.py:103} INFO - Running <TaskInstance: user_processing.user_extraction 2020-02-03T00:00:00+00:00 [running]> on host pop-os.localdomain
[2021-03-01 20:38:59,901] {taskinstance.py:1232} INFO - Exporting the following env vars:
AIRFLOW_CTX_DAG_OWNER=airflow
AIRFLOW_CTX_DAG_ID=user_processing
AIRFLOW_CTX_TASK_ID=user_extraction
AIRFLOW_CTX_EXECUTION_DATE=2020-02-03T00:00:00+00:00
AIRFLOW_CTX_DAG_RUN_ID=scheduled__2020-02-03T00:00:00+00:00
[2021-03-01 20:38:59,902] {http.py:106} INFO - Calling HTTP method
[2021-03-01 20:38:59,904] {base.py:74} INFO - Using connection to: id: user_api. Host: https://randomuser.me/, Port: None, Schema: , Login: , Password: None, extra: None
[2021-03-01 20:38:59,905] {http.py:140} INFO - Sending 'GET' to url: https://randomuser.me/api/
[2021-03-01 20:38:59,996] {http.py:110} INFO - {"results":[{"gender":"female","name":{"title":"Miss","first":"Begoña","last":"Gallego"},"location":{"street":{"number":5486,"name":"Calle de Argumosa"},"city":"Palma de Mallorca","state":"Comunidad Valenciana","country":"Spain","postcode":91877,"coordinates":{"latitude":"-16.5590","longitude":"94.4961"},"timezone":{"offset":"+5:45","description":"Kathmandu"}},"email":"begona.gallego@example.com","login":{"uuid":"242b85a8-ea52-4e46-a4b6-db748c1af195","username":"happyswan763","password":"plasma","salt":"Ovk5sAQr","md5":"7d09d19fd6b2c24b65cdecab0f1cedd4","sha1":"6e3242886d28a3c21eda943731d75fce876798fc","sha256":"b5d8994bd85907c9144da32821a0aa4f2aabc7980d3495decbc88c8f9d275237"},"dob":{"date":"1970-12-23T07:21:07.863Z","age":51},"registered":{"date":"2007-01-24T11:18:06.527Z","age":14},"phone":"971-690-539","cell":"618-793-710","id":{"name":"DNI","value":"40131561-R"},"picture":{"large":"https://randomuser.me/api/portraits/women/48.jpg","medium":"https://randomuser.me/api/portraits/med/women/48.jpg","thumbnail":"https://randomuser.me/api/portraits/thumb/women/48.jpg"},"nat":"ES"}],"info":{"seed":"b6bf3d147325b685","results":1,"page":1,"version":"1.3"}}
[2021-03-01 20:39:00,017] {taskinstance.py:1142} INFO - Marking task as SUCCESS. dag_id=user_processing, task_id=user_extraction, execution_date=20200203T000000, start_date=20210302T013859, end_date=20210302T013900
[2021-03-01 20:39:00,050] {taskinstance.py:1195} INFO - 1 downstream tasks scheduled from follow-on schedule check
[2021-03-01 20:39:00,069] {local_task_job.py:118} INFO - Task exited with return code 0
