[2021-03-01 20:39:12,197] {taskinstance.py:826} INFO - Dependencies all met for <TaskInstance: user_processing.user_extraction 2020-02-05T00:00:00+00:00 [queued]>
[2021-03-01 20:39:12,203] {taskinstance.py:826} INFO - Dependencies all met for <TaskInstance: user_processing.user_extraction 2020-02-05T00:00:00+00:00 [queued]>
[2021-03-01 20:39:12,203] {taskinstance.py:1017} INFO - 
--------------------------------------------------------------------------------
[2021-03-01 20:39:12,203] {taskinstance.py:1018} INFO - Starting attempt 1 of 1
[2021-03-01 20:39:12,203] {taskinstance.py:1019} INFO - 
--------------------------------------------------------------------------------
[2021-03-01 20:39:12,220] {taskinstance.py:1038} INFO - Executing <Task(SimpleHttpOperator): user_extraction> on 2020-02-05T00:00:00+00:00
[2021-03-01 20:39:12,223] {standard_task_runner.py:51} INFO - Started process 239453 to run task
[2021-03-01 20:39:12,226] {standard_task_runner.py:75} INFO - Running: ['airflow', 'tasks', 'run', 'user_processing', 'user_extraction', '2020-02-05T00:00:00+00:00', '--job-id', '225', '--pool', 'default_pool', '--raw', '--subdir', 'DAGS_FOLDER/user_processing.py', '--cfg-path', '/tmp/tmp3gmrl3td']
[2021-03-01 20:39:12,226] {standard_task_runner.py:76} INFO - Job 225: Subtask user_extraction
[2021-03-01 20:39:12,259] {logging_mixin.py:103} INFO - Running <TaskInstance: user_processing.user_extraction 2020-02-05T00:00:00+00:00 [running]> on host pop-os.localdomain
[2021-03-01 20:39:12,286] {taskinstance.py:1232} INFO - Exporting the following env vars:
AIRFLOW_CTX_DAG_OWNER=airflow
AIRFLOW_CTX_DAG_ID=user_processing
AIRFLOW_CTX_TASK_ID=user_extraction
AIRFLOW_CTX_EXECUTION_DATE=2020-02-05T00:00:00+00:00
AIRFLOW_CTX_DAG_RUN_ID=scheduled__2020-02-05T00:00:00+00:00
[2021-03-01 20:39:12,286] {http.py:106} INFO - Calling HTTP method
[2021-03-01 20:39:12,289] {base.py:74} INFO - Using connection to: id: user_api. Host: https://randomuser.me/, Port: None, Schema: , Login: , Password: None, extra: None
[2021-03-01 20:39:12,290] {http.py:140} INFO - Sending 'GET' to url: https://randomuser.me/api/
[2021-03-01 20:39:12,375] {http.py:110} INFO - {"results":[{"gender":"female","name":{"title":"Mrs","first":"Méline","last":"Fontai"},"location":{"street":{"number":4678,"name":"Rue du Cardinal-Gerlier"},"city":"Besançon","state":"Gers","country":"France","postcode":99697,"coordinates":{"latitude":"-3.6159","longitude":"76.8256"},"timezone":{"offset":"+5:00","description":"Ekaterinburg, Islamabad, Karachi, Tashkent"}},"email":"meline.fontai@example.com","login":{"uuid":"c49a7c25-fd95-4713-815f-35b9178c19bf","username":"yellowduck399","password":"fashion","salt":"3LtCdobh","md5":"9c582cf5046c4ebeab965d107a987690","sha1":"0c42a8b6b5dcc9763941515250c309c2fb1637e7","sha256":"6c22bf5f6645698b1ba438c354b96564105aef07b65b2522d0d74371f1860e99"},"dob":{"date":"1982-07-13T10:34:51.491Z","age":39},"registered":{"date":"2012-07-27T10:02:37.973Z","age":9},"phone":"03-57-05-79-87","cell":"06-48-05-98-03","id":{"name":"INSEE","value":"2NNaN97655311 54"},"picture":{"large":"https://randomuser.me/api/portraits/women/7.jpg","medium":"https://randomuser.me/api/portraits/med/women/7.jpg","thumbnail":"https://randomuser.me/api/portraits/thumb/women/7.jpg"},"nat":"FR"}],"info":{"seed":"7058a5413491e1d6","results":1,"page":1,"version":"1.3"}}
[2021-03-01 20:39:12,388] {taskinstance.py:1142} INFO - Marking task as SUCCESS. dag_id=user_processing, task_id=user_extraction, execution_date=20200205T000000, start_date=20210302T013912, end_date=20210302T013912
[2021-03-01 20:39:12,407] {taskinstance.py:1195} INFO - 1 downstream tasks scheduled from follow-on schedule check
[2021-03-01 20:39:12,437] {local_task_job.py:118} INFO - Task exited with return code 0
