[2021-03-01 20:58:04,393] {taskinstance.py:826} INFO - Dependencies all met for <TaskInstance: user_processing.is_api_available 2020-08-07T00:00:00+00:00 [queued]>
[2021-03-01 20:58:04,397] {taskinstance.py:826} INFO - Dependencies all met for <TaskInstance: user_processing.is_api_available 2020-08-07T00:00:00+00:00 [queued]>
[2021-03-01 20:58:04,397] {taskinstance.py:1017} INFO - 
--------------------------------------------------------------------------------
[2021-03-01 20:58:04,397] {taskinstance.py:1018} INFO - Starting attempt 1 of 1
[2021-03-01 20:58:04,397] {taskinstance.py:1019} INFO - 
--------------------------------------------------------------------------------
[2021-03-01 20:58:04,406] {taskinstance.py:1038} INFO - Executing <Task(HttpSensor): is_api_available> on 2020-08-07T00:00:00+00:00
[2021-03-01 20:58:04,408] {standard_task_runner.py:51} INFO - Started process 262366 to run task
[2021-03-01 20:58:04,410] {standard_task_runner.py:75} INFO - Running: ['airflow', 'tasks', 'run', 'user_processing', 'is_api_available', '2020-08-07T00:00:00+00:00', '--job-id', '1139', '--pool', 'default_pool', '--raw', '--subdir', 'DAGS_FOLDER/user_processing.py', '--cfg-path', '/tmp/tmpg42yyz8p']
[2021-03-01 20:58:04,410] {standard_task_runner.py:76} INFO - Job 1139: Subtask is_api_available
[2021-03-01 20:58:04,431] {logging_mixin.py:103} INFO - Running <TaskInstance: user_processing.is_api_available 2020-08-07T00:00:00+00:00 [running]> on host pop-os.localdomain
[2021-03-01 20:58:04,455] {taskinstance.py:1232} INFO - Exporting the following env vars:
AIRFLOW_CTX_DAG_OWNER=airflow
AIRFLOW_CTX_DAG_ID=user_processing
AIRFLOW_CTX_TASK_ID=is_api_available
AIRFLOW_CTX_EXECUTION_DATE=2020-08-07T00:00:00+00:00
AIRFLOW_CTX_DAG_RUN_ID=scheduled__2020-08-07T00:00:00+00:00
[2021-03-01 20:58:04,455] {http.py:102} INFO - Poking: api/
[2021-03-01 20:58:04,458] {base.py:74} INFO - Using connection to: id: user_api. Host: https://randomuser.me/, Port: None, Schema: , Login: , Password: None, extra: None
[2021-03-01 20:58:04,460] {http.py:140} INFO - Sending 'GET' to url: https://randomuser.me/api/
[2021-03-01 20:58:04,559] {base.py:245} INFO - Success criteria met. Exiting.
[2021-03-01 20:58:04,561] {taskinstance.py:1142} INFO - Marking task as SUCCESS. dag_id=user_processing, task_id=is_api_available, execution_date=20200807T000000, start_date=20210302T015804, end_date=20210302T015804
[2021-03-01 20:58:04,578] {taskinstance.py:1195} INFO - 1 downstream tasks scheduled from follow-on schedule check
[2021-03-01 20:58:04,581] {local_task_job.py:118} INFO - Task exited with return code 0
