[2021-02-25 19:00:05,021] {taskinstance.py:826} INFO - Dependencies all met for <TaskInstance: user_processing.user_extraction 2021-02-25T00:00:00+00:00 [queued]>
[2021-02-25 19:00:05,025] {taskinstance.py:826} INFO - Dependencies all met for <TaskInstance: user_processing.user_extraction 2021-02-25T00:00:00+00:00 [queued]>
[2021-02-25 19:00:05,026] {taskinstance.py:1017} INFO - 
--------------------------------------------------------------------------------
[2021-02-25 19:00:05,026] {taskinstance.py:1018} INFO - Starting attempt 1 of 1
[2021-02-25 19:00:05,026] {taskinstance.py:1019} INFO - 
--------------------------------------------------------------------------------
[2021-02-25 19:00:05,034] {taskinstance.py:1038} INFO - Executing <Task(SimpleHttpOperator): user_extraction> on 2021-02-25T00:00:00+00:00
[2021-02-25 19:00:05,038] {standard_task_runner.py:51} INFO - Started process 222493 to run task
[2021-02-25 19:00:05,043] {standard_task_runner.py:75} INFO - Running: ['airflow', 'tasks', 'run', 'user_processing', 'user_extraction', '2021-02-25T00:00:00+00:00', '--job-id', '24', '--pool', 'default_pool', '--raw', '--subdir', 'DAGS_FOLDER/user_processing.py', '--cfg-path', '/tmp/tmpnerl5ofs']
[2021-02-25 19:00:05,044] {standard_task_runner.py:76} INFO - Job 24: Subtask user_extraction
[2021-02-25 19:00:05,097] {logging_mixin.py:103} INFO - Running <TaskInstance: user_processing.user_extraction 2021-02-25T00:00:00+00:00 [running]> on host pop-os.localdomain
[2021-02-25 19:00:05,118] {taskinstance.py:1232} INFO - Exporting the following env vars:
AIRFLOW_CTX_DAG_OWNER=airflow
AIRFLOW_CTX_DAG_ID=user_processing
AIRFLOW_CTX_TASK_ID=user_extraction
AIRFLOW_CTX_EXECUTION_DATE=2021-02-25T00:00:00+00:00
AIRFLOW_CTX_DAG_RUN_ID=scheduled__2021-02-25T00:00:00+00:00
[2021-02-25 19:00:05,118] {http.py:106} INFO - Calling HTTP method
[2021-02-25 19:00:05,121] {base.py:74} INFO - Using connection to: id: user_api. Host: https://randomuser.me/, Port: None, Schema: , Login: , Password: None, extra: None
[2021-02-25 19:00:05,122] {http.py:140} INFO - Sending 'GET' to url: https://randomuser.me/api/
[2021-02-25 19:00:05,253] {http.py:110} INFO - {"results":[{"gender":"male","name":{"title":"Mr","first":"Chris","last":"Allen"},"location":{"street":{"number":9174,"name":"Valwood Pkwy"},"city":"Hervey Bay","state":"Australian Capital Territory","country":"Australia","postcode":975,"coordinates":{"latitude":"-82.5620","longitude":"-82.3084"},"timezone":{"offset":"+2:00","description":"Kaliningrad, South Africa"}},"email":"chris.allen@example.com","login":{"uuid":"208ed706-da10-41da-b8e8-25e2d23aa06a","username":"whiteleopard218","password":"lakeside","salt":"1Ngch1NB","md5":"104e057345b6534118b12bb9aeebe9ac","sha1":"f282535a578779d4d2d29396d9ef159a27ad04be","sha256":"9651d13af4cf4688b575bbded6738bed4d820304f1671ad6d9ab8ddef782cb82"},"dob":{"date":"1963-12-18T03:26:28.848Z","age":58},"registered":{"date":"2017-08-27T12:07:38.581Z","age":4},"phone":"08-1266-0460","cell":"0434-644-368","id":{"name":"TFN","value":"242487358"},"picture":{"large":"https://randomuser.me/api/portraits/men/16.jpg","medium":"https://randomuser.me/api/portraits/med/men/16.jpg","thumbnail":"https://randomuser.me/api/portraits/thumb/men/16.jpg"},"nat":"AU"}],"info":{"seed":"265e174ef729e0e9","results":1,"page":1,"version":"1.3"}}
[2021-02-25 19:00:05,280] {taskinstance.py:1142} INFO - Marking task as SUCCESS. dag_id=user_processing, task_id=user_extraction, execution_date=20210225T000000, start_date=20210226T000005, end_date=20210226T000005
[2021-02-25 19:00:05,309] {taskinstance.py:1195} INFO - 1 downstream tasks scheduled from follow-on schedule check
[2021-02-25 19:00:05,334] {local_task_job.py:118} INFO - Task exited with return code 0
