[2021-03-01 20:45:35,770] {taskinstance.py:826} INFO - Dependencies all met for <TaskInstance: user_processing.user_extraction 2020-04-07T00:00:00+00:00 [queued]>
[2021-03-01 20:45:35,775] {taskinstance.py:826} INFO - Dependencies all met for <TaskInstance: user_processing.user_extraction 2020-04-07T00:00:00+00:00 [queued]>
[2021-03-01 20:45:35,775] {taskinstance.py:1017} INFO - 
--------------------------------------------------------------------------------
[2021-03-01 20:45:35,775] {taskinstance.py:1018} INFO - Starting attempt 1 of 1
[2021-03-01 20:45:35,775] {taskinstance.py:1019} INFO - 
--------------------------------------------------------------------------------
[2021-03-01 20:45:35,785] {taskinstance.py:1038} INFO - Executing <Task(SimpleHttpOperator): user_extraction> on 2020-04-07T00:00:00+00:00
[2021-03-01 20:45:35,788] {standard_task_runner.py:51} INFO - Started process 247123 to run task
[2021-03-01 20:45:35,790] {standard_task_runner.py:75} INFO - Running: ['airflow', 'tasks', 'run', 'user_processing', 'user_extraction', '2020-04-07T00:00:00+00:00', '--job-id', '535', '--pool', 'default_pool', '--raw', '--subdir', 'DAGS_FOLDER/user_processing.py', '--cfg-path', '/tmp/tmp7cxenflb']
[2021-03-01 20:45:35,790] {standard_task_runner.py:76} INFO - Job 535: Subtask user_extraction
[2021-03-01 20:45:35,812] {logging_mixin.py:103} INFO - Running <TaskInstance: user_processing.user_extraction 2020-04-07T00:00:00+00:00 [running]> on host pop-os.localdomain
[2021-03-01 20:45:35,846] {taskinstance.py:1232} INFO - Exporting the following env vars:
AIRFLOW_CTX_DAG_OWNER=airflow
AIRFLOW_CTX_DAG_ID=user_processing
AIRFLOW_CTX_TASK_ID=user_extraction
AIRFLOW_CTX_EXECUTION_DATE=2020-04-07T00:00:00+00:00
AIRFLOW_CTX_DAG_RUN_ID=scheduled__2020-04-07T00:00:00+00:00
[2021-03-01 20:45:35,846] {http.py:106} INFO - Calling HTTP method
[2021-03-01 20:45:35,850] {base.py:74} INFO - Using connection to: id: user_api. Host: https://randomuser.me/, Port: None, Schema: , Login: , Password: None, extra: None
[2021-03-01 20:45:35,851] {http.py:140} INFO - Sending 'GET' to url: https://randomuser.me/api/
[2021-03-01 20:45:35,944] {http.py:110} INFO - {"results":[{"gender":"female","name":{"title":"Mrs","first":"Alice","last":"Clarke"},"location":{"street":{"number":8078,"name":"Te Atatu Road"},"city":"Whangarei","state":"Manawatu-Wanganui","country":"New Zealand","postcode":47918,"coordinates":{"latitude":"66.6121","longitude":"102.4153"},"timezone":{"offset":"-1:00","description":"Azores, Cape Verde Islands"}},"email":"alice.clarke@example.com","login":{"uuid":"0166cdf5-6a1b-488c-a21c-3f0c187bef1d","username":"smallduck946","password":"beauty","salt":"PhRIHU6i","md5":"d9e20266fe10a489203d83ede23928ff","sha1":"584ff98c3dee6a181cb3d3e614004f2a48c094f1","sha256":"77dccc9bc22afa1bf7319fbeb97aaf4251d301963db8f891841865f7dd09dd3e"},"dob":{"date":"1947-11-16T22:06:20.533Z","age":74},"registered":{"date":"2016-03-27T18:54:35.982Z","age":5},"phone":"(547)-990-8098","cell":"(787)-413-3733","id":{"name":"","value":null},"picture":{"large":"https://randomuser.me/api/portraits/women/10.jpg","medium":"https://randomuser.me/api/portraits/med/women/10.jpg","thumbnail":"https://randomuser.me/api/portraits/thumb/women/10.jpg"},"nat":"NZ"}],"info":{"seed":"9f267216df25f542","results":1,"page":1,"version":"1.3"}}
[2021-03-01 20:45:35,955] {taskinstance.py:1142} INFO - Marking task as SUCCESS. dag_id=user_processing, task_id=user_extraction, execution_date=20200407T000000, start_date=20210302T014535, end_date=20210302T014535
[2021-03-01 20:45:35,972] {taskinstance.py:1195} INFO - 1 downstream tasks scheduled from follow-on schedule check
[2021-03-01 20:45:36,004] {local_task_job.py:118} INFO - Task exited with return code 0
