[2021-03-01 20:35:41,020] {taskinstance.py:826} INFO - Dependencies all met for <TaskInstance: user_processing.user_extraction 2020-01-02T00:00:00+00:00 [queued]>
[2021-03-01 20:35:41,024] {taskinstance.py:826} INFO - Dependencies all met for <TaskInstance: user_processing.user_extraction 2020-01-02T00:00:00+00:00 [queued]>
[2021-03-01 20:35:41,024] {taskinstance.py:1017} INFO - 
--------------------------------------------------------------------------------
[2021-03-01 20:35:41,024] {taskinstance.py:1018} INFO - Starting attempt 1 of 1
[2021-03-01 20:35:41,024] {taskinstance.py:1019} INFO - 
--------------------------------------------------------------------------------
[2021-03-01 20:35:41,033] {taskinstance.py:1038} INFO - Executing <Task(SimpleHttpOperator): user_extraction> on 2020-01-02T00:00:00+00:00
[2021-03-01 20:35:41,037] {standard_task_runner.py:51} INFO - Started process 235405 to run task
[2021-03-01 20:35:41,042] {standard_task_runner.py:75} INFO - Running: ['airflow', 'tasks', 'run', 'user_processing', 'user_extraction', '2020-01-02T00:00:00+00:00', '--job-id', '56', '--pool', 'default_pool', '--raw', '--subdir', 'DAGS_FOLDER/user_processing.py', '--cfg-path', '/tmp/tmptkg5vj29']
[2021-03-01 20:35:41,043] {standard_task_runner.py:76} INFO - Job 56: Subtask user_extraction
[2021-03-01 20:35:41,082] {logging_mixin.py:103} INFO - Running <TaskInstance: user_processing.user_extraction 2020-01-02T00:00:00+00:00 [running]> on host pop-os.localdomain
[2021-03-01 20:35:41,104] {taskinstance.py:1232} INFO - Exporting the following env vars:
AIRFLOW_CTX_DAG_OWNER=airflow
AIRFLOW_CTX_DAG_ID=user_processing
AIRFLOW_CTX_TASK_ID=user_extraction
AIRFLOW_CTX_EXECUTION_DATE=2020-01-02T00:00:00+00:00
AIRFLOW_CTX_DAG_RUN_ID=scheduled__2020-01-02T00:00:00+00:00
[2021-03-01 20:35:41,105] {http.py:106} INFO - Calling HTTP method
[2021-03-01 20:35:41,107] {base.py:74} INFO - Using connection to: id: user_api. Host: https://randomuser.me/, Port: None, Schema: , Login: , Password: None, extra: None
[2021-03-01 20:35:41,108] {http.py:140} INFO - Sending 'GET' to url: https://randomuser.me/api/
[2021-03-01 20:35:41,332] {http.py:110} INFO - {"results":[{"gender":"female","name":{"title":"Miss","first":"Milla","last":"Niemela"},"location":{"street":{"number":7508,"name":"Aleksanterinkatu"},"city":"Lappajärvi","state":"Tavastia Proper","country":"Finland","postcode":95055,"coordinates":{"latitude":"-12.5755","longitude":"175.6693"},"timezone":{"offset":"-12:00","description":"Eniwetok, Kwajalein"}},"email":"milla.niemela@example.com","login":{"uuid":"9920c06d-fff2-4a39-bfc6-92780ed1d86f","username":"happymeercat239","password":"seymour","salt":"07kNnKE8","md5":"bb2a71f818410200fe02eaee6fcdd2b0","sha1":"546dfe7b3aafde7d47d48fe8ac9133e244338815","sha256":"8dcc30346d50e24522bc0cc3eaac333aa8cb0594c530739d8e50d1affd17f467"},"dob":{"date":"1969-12-07T11:01:29.798Z","age":52},"registered":{"date":"2011-05-29T19:40:07.066Z","age":10},"phone":"09-808-549","cell":"043-605-79-55","id":{"name":"HETU","value":"NaNNA630undefined"},"picture":{"large":"https://randomuser.me/api/portraits/women/3.jpg","medium":"https://randomuser.me/api/portraits/med/women/3.jpg","thumbnail":"https://randomuser.me/api/portraits/thumb/women/3.jpg"},"nat":"FI"}],"info":{"seed":"19b433efc4ebbc2e","results":1,"page":1,"version":"1.3"}}
[2021-03-01 20:35:41,343] {taskinstance.py:1142} INFO - Marking task as SUCCESS. dag_id=user_processing, task_id=user_extraction, execution_date=20200102T000000, start_date=20210302T013541, end_date=20210302T013541
[2021-03-01 20:35:41,361] {taskinstance.py:1195} INFO - 1 downstream tasks scheduled from follow-on schedule check
[2021-03-01 20:35:41,373] {local_task_job.py:118} INFO - Task exited with return code 0
