[2021-03-01 20:46:03,071] {taskinstance.py:826} INFO - Dependencies all met for <TaskInstance: user_processing.user_extraction 2020-04-11T00:00:00+00:00 [queued]>
[2021-03-01 20:46:03,075] {taskinstance.py:826} INFO - Dependencies all met for <TaskInstance: user_processing.user_extraction 2020-04-11T00:00:00+00:00 [queued]>
[2021-03-01 20:46:03,075] {taskinstance.py:1017} INFO - 
--------------------------------------------------------------------------------
[2021-03-01 20:46:03,075] {taskinstance.py:1018} INFO - Starting attempt 1 of 1
[2021-03-01 20:46:03,075] {taskinstance.py:1019} INFO - 
--------------------------------------------------------------------------------
[2021-03-01 20:46:03,086] {taskinstance.py:1038} INFO - Executing <Task(SimpleHttpOperator): user_extraction> on 2020-04-11T00:00:00+00:00
[2021-03-01 20:46:03,088] {standard_task_runner.py:51} INFO - Started process 247730 to run task
[2021-03-01 20:46:03,091] {standard_task_runner.py:75} INFO - Running: ['airflow', 'tasks', 'run', 'user_processing', 'user_extraction', '2020-04-11T00:00:00+00:00', '--job-id', '555', '--pool', 'default_pool', '--raw', '--subdir', 'DAGS_FOLDER/user_processing.py', '--cfg-path', '/tmp/tmpg2futns0']
[2021-03-01 20:46:03,091] {standard_task_runner.py:76} INFO - Job 555: Subtask user_extraction
[2021-03-01 20:46:03,111] {logging_mixin.py:103} INFO - Running <TaskInstance: user_processing.user_extraction 2020-04-11T00:00:00+00:00 [running]> on host pop-os.localdomain
[2021-03-01 20:46:03,132] {taskinstance.py:1232} INFO - Exporting the following env vars:
AIRFLOW_CTX_DAG_OWNER=airflow
AIRFLOW_CTX_DAG_ID=user_processing
AIRFLOW_CTX_TASK_ID=user_extraction
AIRFLOW_CTX_EXECUTION_DATE=2020-04-11T00:00:00+00:00
AIRFLOW_CTX_DAG_RUN_ID=scheduled__2020-04-11T00:00:00+00:00
[2021-03-01 20:46:03,132] {http.py:106} INFO - Calling HTTP method
[2021-03-01 20:46:03,135] {base.py:74} INFO - Using connection to: id: user_api. Host: https://randomuser.me/, Port: None, Schema: , Login: , Password: None, extra: None
[2021-03-01 20:46:03,136] {http.py:140} INFO - Sending 'GET' to url: https://randomuser.me/api/
[2021-03-01 20:46:03,224] {http.py:110} INFO - {"results":[{"gender":"female","name":{"title":"Mrs","first":"Syreeta","last":"Van de Pas"},"location":{"street":{"number":1771,"name":"Alde Rykswei"},"city":"Huizen","state":"Zuid-Holland","country":"Netherlands","postcode":48481,"coordinates":{"latitude":"45.0822","longitude":"54.0105"},"timezone":{"offset":"+4:00","description":"Abu Dhabi, Muscat, Baku, Tbilisi"}},"email":"syreeta.vandepas@example.com","login":{"uuid":"eb99206f-6952-4c7e-b691-8cd184e501db","username":"bigleopard814","password":"motor","salt":"KwiVE68y","md5":"ec7406bee9f79c07170562920ab0cb9f","sha1":"9c7d4fc937db137425ad7c6af9ffbc42abe18c94","sha256":"8b31b3181a77e1f2092fc99348f3b7e5ab882e287f6efd984915d30ac9b55dfe"},"dob":{"date":"1988-09-01T19:53:43.352Z","age":33},"registered":{"date":"2003-10-27T12:24:00.224Z","age":18},"phone":"(283)-008-7067","cell":"(044)-499-0388","id":{"name":"BSN","value":"10866448"},"picture":{"large":"https://randomuser.me/api/portraits/women/53.jpg","medium":"https://randomuser.me/api/portraits/med/women/53.jpg","thumbnail":"https://randomuser.me/api/portraits/thumb/women/53.jpg"},"nat":"NL"}],"info":{"seed":"69c1051601079468","results":1,"page":1,"version":"1.3"}}
[2021-03-01 20:46:03,237] {taskinstance.py:1142} INFO - Marking task as SUCCESS. dag_id=user_processing, task_id=user_extraction, execution_date=20200411T000000, start_date=20210302T014603, end_date=20210302T014603
[2021-03-01 20:46:03,255] {taskinstance.py:1195} INFO - 1 downstream tasks scheduled from follow-on schedule check
[2021-03-01 20:46:03,262] {local_task_job.py:118} INFO - Task exited with return code 0
