[2021-03-01 20:49:53,906] {taskinstance.py:826} INFO - Dependencies all met for <TaskInstance: user_processing.user_extraction 2020-05-18T00:00:00+00:00 [queued]>
[2021-03-01 20:49:53,913] {taskinstance.py:826} INFO - Dependencies all met for <TaskInstance: user_processing.user_extraction 2020-05-18T00:00:00+00:00 [queued]>
[2021-03-01 20:49:53,913] {taskinstance.py:1017} INFO - 
--------------------------------------------------------------------------------
[2021-03-01 20:49:53,913] {taskinstance.py:1018} INFO - Starting attempt 1 of 1
[2021-03-01 20:49:53,913] {taskinstance.py:1019} INFO - 
--------------------------------------------------------------------------------
[2021-03-01 20:49:53,921] {taskinstance.py:1038} INFO - Executing <Task(SimpleHttpOperator): user_extraction> on 2020-05-18T00:00:00+00:00
[2021-03-01 20:49:53,923] {standard_task_runner.py:51} INFO - Started process 252658 to run task
[2021-03-01 20:49:53,925] {standard_task_runner.py:75} INFO - Running: ['airflow', 'tasks', 'run', 'user_processing', 'user_extraction', '2020-05-18T00:00:00+00:00', '--job-id', '740', '--pool', 'default_pool', '--raw', '--subdir', 'DAGS_FOLDER/user_processing.py', '--cfg-path', '/tmp/tmpmesui389']
[2021-03-01 20:49:53,926] {standard_task_runner.py:76} INFO - Job 740: Subtask user_extraction
[2021-03-01 20:49:53,951] {logging_mixin.py:103} INFO - Running <TaskInstance: user_processing.user_extraction 2020-05-18T00:00:00+00:00 [running]> on host pop-os.localdomain
[2021-03-01 20:49:53,974] {taskinstance.py:1232} INFO - Exporting the following env vars:
AIRFLOW_CTX_DAG_OWNER=airflow
AIRFLOW_CTX_DAG_ID=user_processing
AIRFLOW_CTX_TASK_ID=user_extraction
AIRFLOW_CTX_EXECUTION_DATE=2020-05-18T00:00:00+00:00
AIRFLOW_CTX_DAG_RUN_ID=scheduled__2020-05-18T00:00:00+00:00
[2021-03-01 20:49:53,974] {http.py:106} INFO - Calling HTTP method
[2021-03-01 20:49:53,976] {base.py:74} INFO - Using connection to: id: user_api. Host: https://randomuser.me/, Port: None, Schema: , Login: , Password: None, extra: None
[2021-03-01 20:49:53,978] {http.py:140} INFO - Sending 'GET' to url: https://randomuser.me/api/
[2021-03-01 20:49:54,072] {http.py:110} INFO - {"results":[{"gender":"male","name":{"title":"Mr","first":"Jacob","last":"Morgan"},"location":{"street":{"number":1713,"name":"Paddock Way"},"city":"Nowra","state":"New South Wales","country":"Australia","postcode":5023,"coordinates":{"latitude":"-81.2253","longitude":"-119.0204"},"timezone":{"offset":"-9:00","description":"Alaska"}},"email":"jacob.morgan@example.com","login":{"uuid":"7912992f-c88c-4c16-8d1a-5cb271906e90","username":"bigostrich437","password":"supreme","salt":"VFFVWfxa","md5":"1e034560fa80c7904f08c399115426df","sha1":"4be7db75a29f2691b87e0593535b0d473af08583","sha256":"812469ada9884ea97e18484d3ecc033ae2334900521b9a4216e442d4f30c015f"},"dob":{"date":"1985-10-13T22:13:54.842Z","age":36},"registered":{"date":"2015-02-06T14:41:49.216Z","age":6},"phone":"04-1503-9606","cell":"0464-734-994","id":{"name":"TFN","value":"730150700"},"picture":{"large":"https://randomuser.me/api/portraits/men/16.jpg","medium":"https://randomuser.me/api/portraits/med/men/16.jpg","thumbnail":"https://randomuser.me/api/portraits/thumb/men/16.jpg"},"nat":"AU"}],"info":{"seed":"f1eeecfb0c01ae57","results":1,"page":1,"version":"1.3"}}
[2021-03-01 20:49:54,085] {taskinstance.py:1142} INFO - Marking task as SUCCESS. dag_id=user_processing, task_id=user_extraction, execution_date=20200518T000000, start_date=20210302T014953, end_date=20210302T014954
[2021-03-01 20:49:54,107] {taskinstance.py:1195} INFO - 1 downstream tasks scheduled from follow-on schedule check
[2021-03-01 20:49:54,136] {local_task_job.py:118} INFO - Task exited with return code 0
