[2021-03-01 21:02:09,174] {taskinstance.py:826} INFO - Dependencies all met for <TaskInstance: user_processing.user_extraction 2020-09-16T00:00:00+00:00 [queued]>
[2021-03-01 21:02:09,179] {taskinstance.py:826} INFO - Dependencies all met for <TaskInstance: user_processing.user_extraction 2020-09-16T00:00:00+00:00 [queued]>
[2021-03-01 21:02:09,179] {taskinstance.py:1017} INFO - 
--------------------------------------------------------------------------------
[2021-03-01 21:02:09,179] {taskinstance.py:1018} INFO - Starting attempt 1 of 1
[2021-03-01 21:02:09,179] {taskinstance.py:1019} INFO - 
--------------------------------------------------------------------------------
[2021-03-01 21:02:09,188] {taskinstance.py:1038} INFO - Executing <Task(SimpleHttpOperator): user_extraction> on 2020-09-16T00:00:00+00:00
[2021-03-01 21:02:09,190] {standard_task_runner.py:51} INFO - Started process 267375 to run task
[2021-03-01 21:02:09,192] {standard_task_runner.py:75} INFO - Running: ['airflow', 'tasks', 'run', 'user_processing', 'user_extraction', '2020-09-16T00:00:00+00:00', '--job-id', '1345', '--pool', 'default_pool', '--raw', '--subdir', 'DAGS_FOLDER/user_processing.py', '--cfg-path', '/tmp/tmpwtg3lrm5']
[2021-03-01 21:02:09,192] {standard_task_runner.py:76} INFO - Job 1345: Subtask user_extraction
[2021-03-01 21:02:09,213] {logging_mixin.py:103} INFO - Running <TaskInstance: user_processing.user_extraction 2020-09-16T00:00:00+00:00 [running]> on host pop-os.localdomain
[2021-03-01 21:02:09,237] {taskinstance.py:1232} INFO - Exporting the following env vars:
AIRFLOW_CTX_DAG_OWNER=airflow
AIRFLOW_CTX_DAG_ID=user_processing
AIRFLOW_CTX_TASK_ID=user_extraction
AIRFLOW_CTX_EXECUTION_DATE=2020-09-16T00:00:00+00:00
AIRFLOW_CTX_DAG_RUN_ID=scheduled__2020-09-16T00:00:00+00:00
[2021-03-01 21:02:09,238] {http.py:106} INFO - Calling HTTP method
[2021-03-01 21:02:09,240] {base.py:74} INFO - Using connection to: id: user_api. Host: https://randomuser.me/, Port: None, Schema: , Login: , Password: None, extra: None
[2021-03-01 21:02:09,242] {http.py:140} INFO - Sending 'GET' to url: https://randomuser.me/api/
[2021-03-01 21:02:09,345] {http.py:110} INFO - {"results":[{"gender":"female","name":{"title":"Miss","first":"Sofia","last":"Lavigne"},"location":{"street":{"number":7627,"name":"Stanley Way"},"city":"Inwood","state":"Prince Edward Island","country":"Canada","postcode":"A5X 0K2","coordinates":{"latitude":"-64.6172","longitude":"114.1167"},"timezone":{"offset":"-9:00","description":"Alaska"}},"email":"sofia.lavigne@example.com","login":{"uuid":"e831ce7b-d55e-4552-a860-1a62d2ec6f8a","username":"angrybutterfly679","password":"griffin","salt":"vv4uwhjI","md5":"89dbbc1f946442cbaa423a0b1566f498","sha1":"bb771c6a75e5030c49071085e08e3bee7138abfd","sha256":"aff124986b80caf74e8dd06a6c5795130ead03bc637fd6dafb1012914f264cc8"},"dob":{"date":"1968-02-14T08:33:38.271Z","age":53},"registered":{"date":"2005-01-17T09:36:53.467Z","age":16},"phone":"187-395-6003","cell":"408-631-7481","id":{"name":"","value":null},"picture":{"large":"https://randomuser.me/api/portraits/women/84.jpg","medium":"https://randomuser.me/api/portraits/med/women/84.jpg","thumbnail":"https://randomuser.me/api/portraits/thumb/women/84.jpg"},"nat":"CA"}],"info":{"seed":"36446a7028829f16","results":1,"page":1,"version":"1.3"}}
[2021-03-01 21:02:09,381] {taskinstance.py:1142} INFO - Marking task as SUCCESS. dag_id=user_processing, task_id=user_extraction, execution_date=20200916T000000, start_date=20210302T020209, end_date=20210302T020209
[2021-03-01 21:02:09,403] {taskinstance.py:1195} INFO - 1 downstream tasks scheduled from follow-on schedule check
[2021-03-01 21:02:09,409] {local_task_job.py:118} INFO - Task exited with return code 0
