[2021-03-01 20:37:43,989] {taskinstance.py:826} INFO - Dependencies all met for <TaskInstance: user_processing.user_extraction 2020-01-22T00:00:00+00:00 [queued]>
[2021-03-01 20:37:43,994] {taskinstance.py:826} INFO - Dependencies all met for <TaskInstance: user_processing.user_extraction 2020-01-22T00:00:00+00:00 [queued]>
[2021-03-01 20:37:43,994] {taskinstance.py:1017} INFO - 
--------------------------------------------------------------------------------
[2021-03-01 20:37:43,994] {taskinstance.py:1018} INFO - Starting attempt 1 of 1
[2021-03-01 20:37:43,994] {taskinstance.py:1019} INFO - 
--------------------------------------------------------------------------------
[2021-03-01 20:37:44,004] {taskinstance.py:1038} INFO - Executing <Task(SimpleHttpOperator): user_extraction> on 2020-01-22T00:00:00+00:00
[2021-03-01 20:37:44,006] {standard_task_runner.py:51} INFO - Started process 237841 to run task
[2021-03-01 20:37:44,008] {standard_task_runner.py:75} INFO - Running: ['airflow', 'tasks', 'run', 'user_processing', 'user_extraction', '2020-01-22T00:00:00+00:00', '--job-id', '155', '--pool', 'default_pool', '--raw', '--subdir', 'DAGS_FOLDER/user_processing.py', '--cfg-path', '/tmp/tmp0yk24cgr']
[2021-03-01 20:37:44,008] {standard_task_runner.py:76} INFO - Job 155: Subtask user_extraction
[2021-03-01 20:37:44,030] {logging_mixin.py:103} INFO - Running <TaskInstance: user_processing.user_extraction 2020-01-22T00:00:00+00:00 [running]> on host pop-os.localdomain
[2021-03-01 20:37:44,054] {taskinstance.py:1232} INFO - Exporting the following env vars:
AIRFLOW_CTX_DAG_OWNER=airflow
AIRFLOW_CTX_DAG_ID=user_processing
AIRFLOW_CTX_TASK_ID=user_extraction
AIRFLOW_CTX_EXECUTION_DATE=2020-01-22T00:00:00+00:00
AIRFLOW_CTX_DAG_RUN_ID=scheduled__2020-01-22T00:00:00+00:00
[2021-03-01 20:37:44,055] {http.py:106} INFO - Calling HTTP method
[2021-03-01 20:37:44,061] {base.py:74} INFO - Using connection to: id: user_api. Host: https://randomuser.me/, Port: None, Schema: , Login: , Password: None, extra: None
[2021-03-01 20:37:44,063] {http.py:140} INFO - Sending 'GET' to url: https://randomuser.me/api/
[2021-03-01 20:37:44,145] {http.py:110} INFO - {"results":[{"gender":"female","name":{"title":"Ms","first":"Monica","last":"Delgado"},"location":{"street":{"number":1102,"name":"Calle de Arturo Soria"},"city":"Talavera de la Reina","state":"Cataluña","country":"Spain","postcode":90257,"coordinates":{"latitude":"-26.3824","longitude":"68.1846"},"timezone":{"offset":"+3:00","description":"Baghdad, Riyadh, Moscow, St. Petersburg"}},"email":"monica.delgado@example.com","login":{"uuid":"a3c815d6-e6e5-4125-99d2-2cd38635aa78","username":"blackcat787","password":"software","salt":"y5xgiv1L","md5":"c7cf18002a4c47cf049e9f29777899a0","sha1":"3caec4ef7bf2f5bf390fddd863963513343fe146","sha256":"901f301a38f677a861724fedf8f75a1eb574f612bf819bc27c3c5daf5a3c0438"},"dob":{"date":"1989-03-03T13:12:56.302Z","age":32},"registered":{"date":"2006-02-27T23:00:23.916Z","age":15},"phone":"942-366-454","cell":"600-576-332","id":{"name":"DNI","value":"89464237-A"},"picture":{"large":"https://randomuser.me/api/portraits/women/54.jpg","medium":"https://randomuser.me/api/portraits/med/women/54.jpg","thumbnail":"https://randomuser.me/api/portraits/thumb/women/54.jpg"},"nat":"ES"}],"info":{"seed":"99636805fafccfce","results":1,"page":1,"version":"1.3"}}
[2021-03-01 20:37:44,165] {taskinstance.py:1142} INFO - Marking task as SUCCESS. dag_id=user_processing, task_id=user_extraction, execution_date=20200122T000000, start_date=20210302T013743, end_date=20210302T013744
[2021-03-01 20:37:44,191] {taskinstance.py:1195} INFO - 1 downstream tasks scheduled from follow-on schedule check
[2021-03-01 20:37:44,220] {local_task_job.py:118} INFO - Task exited with return code 0
