[2021-03-01 20:58:35,897] {taskinstance.py:826} INFO - Dependencies all met for <TaskInstance: user_processing.user_extraction 2020-08-11T00:00:00+00:00 [queued]>
[2021-03-01 20:58:35,904] {taskinstance.py:826} INFO - Dependencies all met for <TaskInstance: user_processing.user_extraction 2020-08-11T00:00:00+00:00 [queued]>
[2021-03-01 20:58:35,904] {taskinstance.py:1017} INFO - 
--------------------------------------------------------------------------------
[2021-03-01 20:58:35,904] {taskinstance.py:1018} INFO - Starting attempt 1 of 1
[2021-03-01 20:58:35,904] {taskinstance.py:1019} INFO - 
--------------------------------------------------------------------------------
[2021-03-01 20:58:35,913] {taskinstance.py:1038} INFO - Executing <Task(SimpleHttpOperator): user_extraction> on 2020-08-11T00:00:00+00:00
[2021-03-01 20:58:35,916] {standard_task_runner.py:51} INFO - Started process 262940 to run task
[2021-03-01 20:58:35,919] {standard_task_runner.py:75} INFO - Running: ['airflow', 'tasks', 'run', 'user_processing', 'user_extraction', '2020-08-11T00:00:00+00:00', '--job-id', '1165', '--pool', 'default_pool', '--raw', '--subdir', 'DAGS_FOLDER/user_processing.py', '--cfg-path', '/tmp/tmp2l4y8ebl']
[2021-03-01 20:58:35,919] {standard_task_runner.py:76} INFO - Job 1165: Subtask user_extraction
[2021-03-01 20:58:35,941] {logging_mixin.py:103} INFO - Running <TaskInstance: user_processing.user_extraction 2020-08-11T00:00:00+00:00 [running]> on host pop-os.localdomain
[2021-03-01 20:58:35,973] {taskinstance.py:1232} INFO - Exporting the following env vars:
AIRFLOW_CTX_DAG_OWNER=airflow
AIRFLOW_CTX_DAG_ID=user_processing
AIRFLOW_CTX_TASK_ID=user_extraction
AIRFLOW_CTX_EXECUTION_DATE=2020-08-11T00:00:00+00:00
AIRFLOW_CTX_DAG_RUN_ID=scheduled__2020-08-11T00:00:00+00:00
[2021-03-01 20:58:35,973] {http.py:106} INFO - Calling HTTP method
[2021-03-01 20:58:35,976] {base.py:74} INFO - Using connection to: id: user_api. Host: https://randomuser.me/, Port: None, Schema: , Login: , Password: None, extra: None
[2021-03-01 20:58:35,978] {http.py:140} INFO - Sending 'GET' to url: https://randomuser.me/api/
[2021-03-01 20:58:36,090] {http.py:110} INFO - {"results":[{"gender":"female","name":{"title":"Miss","first":"Avery","last":"Castro"},"location":{"street":{"number":4498,"name":"Bridge Road"},"city":"Bradford","state":"Merseyside","country":"United Kingdom","postcode":"PJ2 1FS","coordinates":{"latitude":"8.7048","longitude":"174.2610"},"timezone":{"offset":"+3:00","description":"Baghdad, Riyadh, Moscow, St. Petersburg"}},"email":"avery.castro@example.com","login":{"uuid":"22087119-8375-449e-b70d-ef1d30bc5f86","username":"smalltiger992","password":"2000","salt":"nCurJ6SD","md5":"54dddb138d3f213f74d6887cd5bd5f76","sha1":"4b3068b509c1a24736f9891033c9e8660a3406c8","sha256":"4f32b51f5db46804a685c836a8e8318c2929f3775def265308da319cef7dfe61"},"dob":{"date":"1950-08-29T00:54:46.298Z","age":71},"registered":{"date":"2016-11-29T16:54:27.591Z","age":5},"phone":"017684 77758","cell":"0729-728-490","id":{"name":"NINO","value":"OT 16 15 25 R"},"picture":{"large":"https://randomuser.me/api/portraits/women/19.jpg","medium":"https://randomuser.me/api/portraits/med/women/19.jpg","thumbnail":"https://randomuser.me/api/portraits/thumb/women/19.jpg"},"nat":"GB"}],"info":{"seed":"ea0a78375cdd2473","results":1,"page":1,"version":"1.3"}}
[2021-03-01 20:58:36,101] {taskinstance.py:1142} INFO - Marking task as SUCCESS. dag_id=user_processing, task_id=user_extraction, execution_date=20200811T000000, start_date=20210302T015835, end_date=20210302T015836
[2021-03-01 20:58:36,118] {taskinstance.py:1195} INFO - 1 downstream tasks scheduled from follow-on schedule check
[2021-03-01 20:58:36,130] {local_task_job.py:118} INFO - Task exited with return code 0
