[2021-03-01 20:37:12,339] {taskinstance.py:826} INFO - Dependencies all met for <TaskInstance: user_processing.user_extraction 2020-01-17T00:00:00+00:00 [queued]>
[2021-03-01 20:37:12,343] {taskinstance.py:826} INFO - Dependencies all met for <TaskInstance: user_processing.user_extraction 2020-01-17T00:00:00+00:00 [queued]>
[2021-03-01 20:37:12,344] {taskinstance.py:1017} INFO - 
--------------------------------------------------------------------------------
[2021-03-01 20:37:12,344] {taskinstance.py:1018} INFO - Starting attempt 1 of 1
[2021-03-01 20:37:12,344] {taskinstance.py:1019} INFO - 
--------------------------------------------------------------------------------
[2021-03-01 20:37:12,352] {taskinstance.py:1038} INFO - Executing <Task(SimpleHttpOperator): user_extraction> on 2020-01-17T00:00:00+00:00
[2021-03-01 20:37:12,356] {standard_task_runner.py:51} INFO - Started process 237149 to run task
[2021-03-01 20:37:12,361] {standard_task_runner.py:75} INFO - Running: ['airflow', 'tasks', 'run', 'user_processing', 'user_extraction', '2020-01-17T00:00:00+00:00', '--job-id', '130', '--pool', 'default_pool', '--raw', '--subdir', 'DAGS_FOLDER/user_processing.py', '--cfg-path', '/tmp/tmp484ibu14']
[2021-03-01 20:37:12,361] {standard_task_runner.py:76} INFO - Job 130: Subtask user_extraction
[2021-03-01 20:37:12,390] {logging_mixin.py:103} INFO - Running <TaskInstance: user_processing.user_extraction 2020-01-17T00:00:00+00:00 [running]> on host pop-os.localdomain
[2021-03-01 20:37:12,412] {taskinstance.py:1232} INFO - Exporting the following env vars:
AIRFLOW_CTX_DAG_OWNER=airflow
AIRFLOW_CTX_DAG_ID=user_processing
AIRFLOW_CTX_TASK_ID=user_extraction
AIRFLOW_CTX_EXECUTION_DATE=2020-01-17T00:00:00+00:00
AIRFLOW_CTX_DAG_RUN_ID=scheduled__2020-01-17T00:00:00+00:00
[2021-03-01 20:37:12,412] {http.py:106} INFO - Calling HTTP method
[2021-03-01 20:37:12,415] {base.py:74} INFO - Using connection to: id: user_api. Host: https://randomuser.me/, Port: None, Schema: , Login: , Password: None, extra: None
[2021-03-01 20:37:12,416] {http.py:140} INFO - Sending 'GET' to url: https://randomuser.me/api/
[2021-03-01 20:37:12,512] {http.py:110} INFO - {"results":[{"gender":"male","name":{"title":"Mr","first":"François","last":"Krieger"},"location":{"street":{"number":6049,"name":"De Touwbaan"},"city":"Spierdijk","state":"Drenthe","country":"Netherlands","postcode":61584,"coordinates":{"latitude":"39.8274","longitude":"-94.7381"},"timezone":{"offset":"+5:45","description":"Kathmandu"}},"email":"francois.krieger@example.com","login":{"uuid":"46c96c09-f427-47f3-96b8-4c8c980d0a75","username":"sadlion325","password":"gerald","salt":"0skCE8ox","md5":"3fa464a3a24676624516b0fe45382e6f","sha1":"75eb4879dfafa8a4e491fc82fa9c29024d445ed5","sha256":"24b924ed68056134d467d32ac05c3b1c5cfddac1f794061fd925425b3aa6e789"},"dob":{"date":"1987-04-20T23:21:50.569Z","age":34},"registered":{"date":"2011-09-26T06:41:14.364Z","age":10},"phone":"(650)-806-4342","cell":"(705)-562-9355","id":{"name":"BSN","value":"23243163"},"picture":{"large":"https://randomuser.me/api/portraits/men/79.jpg","medium":"https://randomuser.me/api/portraits/med/men/79.jpg","thumbnail":"https://randomuser.me/api/portraits/thumb/men/79.jpg"},"nat":"NL"}],"info":{"seed":"91a95828e3520826","results":1,"page":1,"version":"1.3"}}
[2021-03-01 20:37:12,547] {taskinstance.py:1142} INFO - Marking task as SUCCESS. dag_id=user_processing, task_id=user_extraction, execution_date=20200117T000000, start_date=20210302T013712, end_date=20210302T013712
[2021-03-01 20:37:12,589] {taskinstance.py:1195} INFO - 1 downstream tasks scheduled from follow-on schedule check
[2021-03-01 20:37:12,611] {local_task_job.py:118} INFO - Task exited with return code 0
