[2021-03-01 21:01:45,787] {taskinstance.py:826} INFO - Dependencies all met for <TaskInstance: user_processing.user_extraction 2020-09-12T00:00:00+00:00 [queued]>
[2021-03-01 21:01:45,793] {taskinstance.py:826} INFO - Dependencies all met for <TaskInstance: user_processing.user_extraction 2020-09-12T00:00:00+00:00 [queued]>
[2021-03-01 21:01:45,793] {taskinstance.py:1017} INFO - 
--------------------------------------------------------------------------------
[2021-03-01 21:01:45,793] {taskinstance.py:1018} INFO - Starting attempt 1 of 1
[2021-03-01 21:01:45,793] {taskinstance.py:1019} INFO - 
--------------------------------------------------------------------------------
[2021-03-01 21:01:45,804] {taskinstance.py:1038} INFO - Executing <Task(SimpleHttpOperator): user_extraction> on 2020-09-12T00:00:00+00:00
[2021-03-01 21:01:45,806] {standard_task_runner.py:51} INFO - Started process 266801 to run task
[2021-03-01 21:01:45,809] {standard_task_runner.py:75} INFO - Running: ['airflow', 'tasks', 'run', 'user_processing', 'user_extraction', '2020-09-12T00:00:00+00:00', '--job-id', '1325', '--pool', 'default_pool', '--raw', '--subdir', 'DAGS_FOLDER/user_processing.py', '--cfg-path', '/tmp/tmp2a45t957']
[2021-03-01 21:01:45,809] {standard_task_runner.py:76} INFO - Job 1325: Subtask user_extraction
[2021-03-01 21:01:45,831] {logging_mixin.py:103} INFO - Running <TaskInstance: user_processing.user_extraction 2020-09-12T00:00:00+00:00 [running]> on host pop-os.localdomain
[2021-03-01 21:01:45,860] {taskinstance.py:1232} INFO - Exporting the following env vars:
AIRFLOW_CTX_DAG_OWNER=airflow
AIRFLOW_CTX_DAG_ID=user_processing
AIRFLOW_CTX_TASK_ID=user_extraction
AIRFLOW_CTX_EXECUTION_DATE=2020-09-12T00:00:00+00:00
AIRFLOW_CTX_DAG_RUN_ID=scheduled__2020-09-12T00:00:00+00:00
[2021-03-01 21:01:45,861] {http.py:106} INFO - Calling HTTP method
[2021-03-01 21:01:45,867] {base.py:74} INFO - Using connection to: id: user_api. Host: https://randomuser.me/, Port: None, Schema: , Login: , Password: None, extra: None
[2021-03-01 21:01:45,869] {http.py:140} INFO - Sending 'GET' to url: https://randomuser.me/api/
[2021-03-01 21:01:45,965] {http.py:110} INFO - {"results":[{"gender":"male","name":{"title":"Mr","first":"Murat","last":"Kulaksızoğlu"},"location":{"street":{"number":5318,"name":"Maçka Cd"},"city":"Bingöl","state":"Bingöl","country":"Turkey","postcode":77632,"coordinates":{"latitude":"76.8620","longitude":"-82.2584"},"timezone":{"offset":"+9:00","description":"Tokyo, Seoul, Osaka, Sapporo, Yakutsk"}},"email":"murat.kulaksizoglu@example.com","login":{"uuid":"b8e8b22c-a4a5-44e1-a99d-8884994eb16c","username":"organicsnake596","password":"moneys","salt":"MrQws6hQ","md5":"4336c114d84d2d7a04ffa08cb6a09e61","sha1":"c486f60264c9f863f3fb0e078ea46cafbf535efa","sha256":"39007e7642194692753be46c7512afc048ff21f6606d098dba65001afe33a68e"},"dob":{"date":"1972-06-17T05:16:08.580Z","age":49},"registered":{"date":"2011-09-19T02:03:40.336Z","age":10},"phone":"(552)-970-4803","cell":"(088)-625-6658","id":{"name":"","value":null},"picture":{"large":"https://randomuser.me/api/portraits/men/27.jpg","medium":"https://randomuser.me/api/portraits/med/men/27.jpg","thumbnail":"https://randomuser.me/api/portraits/thumb/men/27.jpg"},"nat":"TR"}],"info":{"seed":"4440fd32f2b5f6a6","results":1,"page":1,"version":"1.3"}}
[2021-03-01 21:01:45,993] {taskinstance.py:1142} INFO - Marking task as SUCCESS. dag_id=user_processing, task_id=user_extraction, execution_date=20200912T000000, start_date=20210302T020145, end_date=20210302T020145
[2021-03-01 21:01:46,030] {taskinstance.py:1195} INFO - 1 downstream tasks scheduled from follow-on schedule check
[2021-03-01 21:01:46,060] {local_task_job.py:118} INFO - Task exited with return code 0
