[2021-03-01 20:40:12,925] {taskinstance.py:826} INFO - Dependencies all met for <TaskInstance: user_processing.user_extraction 2020-02-15T00:00:00+00:00 [queued]>
[2021-03-01 20:40:12,929] {taskinstance.py:826} INFO - Dependencies all met for <TaskInstance: user_processing.user_extraction 2020-02-15T00:00:00+00:00 [queued]>
[2021-03-01 20:40:12,929] {taskinstance.py:1017} INFO - 
--------------------------------------------------------------------------------
[2021-03-01 20:40:12,929] {taskinstance.py:1018} INFO - Starting attempt 1 of 1
[2021-03-01 20:40:12,930] {taskinstance.py:1019} INFO - 
--------------------------------------------------------------------------------
[2021-03-01 20:40:12,937] {taskinstance.py:1038} INFO - Executing <Task(SimpleHttpOperator): user_extraction> on 2020-02-15T00:00:00+00:00
[2021-03-01 20:40:12,939] {standard_task_runner.py:51} INFO - Started process 240703 to run task
[2021-03-01 20:40:12,942] {standard_task_runner.py:75} INFO - Running: ['airflow', 'tasks', 'run', 'user_processing', 'user_extraction', '2020-02-15T00:00:00+00:00', '--job-id', '275', '--pool', 'default_pool', '--raw', '--subdir', 'DAGS_FOLDER/user_processing.py', '--cfg-path', '/tmp/tmp4z2pl1ju']
[2021-03-01 20:40:12,942] {standard_task_runner.py:76} INFO - Job 275: Subtask user_extraction
[2021-03-01 20:40:12,962] {logging_mixin.py:103} INFO - Running <TaskInstance: user_processing.user_extraction 2020-02-15T00:00:00+00:00 [running]> on host pop-os.localdomain
[2021-03-01 20:40:12,989] {taskinstance.py:1232} INFO - Exporting the following env vars:
AIRFLOW_CTX_DAG_OWNER=airflow
AIRFLOW_CTX_DAG_ID=user_processing
AIRFLOW_CTX_TASK_ID=user_extraction
AIRFLOW_CTX_EXECUTION_DATE=2020-02-15T00:00:00+00:00
AIRFLOW_CTX_DAG_RUN_ID=scheduled__2020-02-15T00:00:00+00:00
[2021-03-01 20:40:12,989] {http.py:106} INFO - Calling HTTP method
[2021-03-01 20:40:12,991] {base.py:74} INFO - Using connection to: id: user_api. Host: https://randomuser.me/, Port: None, Schema: , Login: , Password: None, extra: None
[2021-03-01 20:40:12,993] {http.py:140} INFO - Sending 'GET' to url: https://randomuser.me/api/
[2021-03-01 20:40:13,085] {http.py:110} INFO - {"results":[{"gender":"male","name":{"title":"Mr","first":"Craig","last":"Freeman"},"location":{"street":{"number":5773,"name":"Bruce St"},"city":"Brisbane","state":"Queensland","country":"Australia","postcode":8935,"coordinates":{"latitude":"-88.7171","longitude":"-91.7410"},"timezone":{"offset":"-3:30","description":"Newfoundland"}},"email":"craig.freeman@example.com","login":{"uuid":"34591261-b3d7-4ccd-ae60-0846901444ab","username":"greenbird124","password":"tender","salt":"Tl2CXXZ3","md5":"f950625e66320514e04f9768eb01432b","sha1":"375b0677da8c5c18562fce1485b173519dea3052","sha256":"857e8d091c46efc91d3d08d73458576970976e43da4c52634fe7cf4817edd603"},"dob":{"date":"1973-08-16T22:28:34.377Z","age":48},"registered":{"date":"2006-11-06T04:44:58.183Z","age":15},"phone":"06-0022-2670","cell":"0495-776-237","id":{"name":"TFN","value":"669107244"},"picture":{"large":"https://randomuser.me/api/portraits/men/39.jpg","medium":"https://randomuser.me/api/portraits/med/men/39.jpg","thumbnail":"https://randomuser.me/api/portraits/thumb/men/39.jpg"},"nat":"AU"}],"info":{"seed":"42dcf40ea2c44e12","results":1,"page":1,"version":"1.3"}}
[2021-03-01 20:40:13,098] {taskinstance.py:1142} INFO - Marking task as SUCCESS. dag_id=user_processing, task_id=user_extraction, execution_date=20200215T000000, start_date=20210302T014012, end_date=20210302T014013
[2021-03-01 20:40:13,130] {taskinstance.py:1195} INFO - 1 downstream tasks scheduled from follow-on schedule check
[2021-03-01 20:40:13,153] {local_task_job.py:118} INFO - Task exited with return code 0
