[2021-03-01 20:44:17,638] {taskinstance.py:826} INFO - Dependencies all met for <TaskInstance: user_processing.creating_table 2020-03-28T00:00:00+00:00 [queued]>
[2021-03-01 20:44:17,642] {taskinstance.py:826} INFO - Dependencies all met for <TaskInstance: user_processing.creating_table 2020-03-28T00:00:00+00:00 [queued]>
[2021-03-01 20:44:17,642] {taskinstance.py:1017} INFO - 
--------------------------------------------------------------------------------
[2021-03-01 20:44:17,642] {taskinstance.py:1018} INFO - Starting attempt 1 of 1
[2021-03-01 20:44:17,642] {taskinstance.py:1019} INFO - 
--------------------------------------------------------------------------------
[2021-03-01 20:44:17,650] {taskinstance.py:1038} INFO - Executing <Task(SqliteOperator): creating_table> on 2020-03-28T00:00:00+00:00
[2021-03-01 20:44:17,652] {standard_task_runner.py:51} INFO - Started process 245606 to run task
[2021-03-01 20:44:17,654] {standard_task_runner.py:75} INFO - Running: ['airflow', 'tasks', 'run', 'user_processing', 'creating_table', '2020-03-28T00:00:00+00:00', '--job-id', '473', '--pool', 'default_pool', '--raw', '--subdir', 'DAGS_FOLDER/user_processing.py', '--cfg-path', '/tmp/tmpqcz_74by']
[2021-03-01 20:44:17,655] {standard_task_runner.py:76} INFO - Job 473: Subtask creating_table
[2021-03-01 20:44:17,674] {logging_mixin.py:103} INFO - Running <TaskInstance: user_processing.creating_table 2020-03-28T00:00:00+00:00 [running]> on host pop-os.localdomain
[2021-03-01 20:44:17,701] {taskinstance.py:1232} INFO - Exporting the following env vars:
AIRFLOW_CTX_DAG_OWNER=airflow
AIRFLOW_CTX_DAG_ID=user_processing
AIRFLOW_CTX_TASK_ID=creating_table
AIRFLOW_CTX_EXECUTION_DATE=2020-03-28T00:00:00+00:00
AIRFLOW_CTX_DAG_RUN_ID=scheduled__2020-03-28T00:00:00+00:00
[2021-03-01 20:44:17,702] {sqlite.py:63} INFO - Executing: 
            CREATE TABLE IF NOT EXISTS users (
                first_name TEXT NOT NULL,
                last_name TEXT NOT NULL,
                country TEXT NOT NULL,
                user_name TEXT NOT NULL,
                password TEXT NOT NULL,
                email TEXT NOT NULL PRIMARY KEY     
            );
        
[2021-03-01 20:44:17,709] {base.py:74} INFO - Using connection to: id: db_sqlite. Host: /home/i-sip_iot/airflow/airflow.db, Port: None, Schema: , Login: , Password: None, extra: None
[2021-03-01 20:44:17,710] {dbapi.py:180} INFO - Running statement: 
            CREATE TABLE IF NOT EXISTS users (
                first_name TEXT NOT NULL,
                last_name TEXT NOT NULL,
                country TEXT NOT NULL,
                user_name TEXT NOT NULL,
                password TEXT NOT NULL,
                email TEXT NOT NULL PRIMARY KEY     
            );
        , parameters: []
[2021-03-01 20:44:17,711] {dbapi.py:186} INFO - Rows affected: -1
[2021-03-01 20:44:17,715] {taskinstance.py:1142} INFO - Marking task as SUCCESS. dag_id=user_processing, task_id=creating_table, execution_date=20200328T000000, start_date=20210302T014417, end_date=20210302T014417
[2021-03-01 20:44:17,735] {taskinstance.py:1195} INFO - 1 downstream tasks scheduled from follow-on schedule check
[2021-03-01 20:44:17,745] {local_task_job.py:118} INFO - Task exited with return code 0
