[2021-03-01 20:37:46,368] {taskinstance.py:826} INFO - Dependencies all met for <TaskInstance: user_processing.storing_user 2020-01-20T00:00:00+00:00 [queued]>
[2021-03-01 20:37:46,373] {taskinstance.py:826} INFO - Dependencies all met for <TaskInstance: user_processing.storing_user 2020-01-20T00:00:00+00:00 [queued]>
[2021-03-01 20:37:46,373] {taskinstance.py:1017} INFO - 
--------------------------------------------------------------------------------
[2021-03-01 20:37:46,373] {taskinstance.py:1018} INFO - Starting attempt 1 of 1
[2021-03-01 20:37:46,373] {taskinstance.py:1019} INFO - 
--------------------------------------------------------------------------------
[2021-03-01 20:37:46,383] {taskinstance.py:1038} INFO - Executing <Task(BashOperator): storing_user> on 2020-01-20T00:00:00+00:00
[2021-03-01 20:37:46,386] {standard_task_runner.py:51} INFO - Started process 237871 to run task
[2021-03-01 20:37:46,389] {standard_task_runner.py:75} INFO - Running: ['airflow', 'tasks', 'run', 'user_processing', 'storing_user', '2020-01-20T00:00:00+00:00', '--job-id', '157', '--pool', 'default_pool', '--raw', '--subdir', 'DAGS_FOLDER/user_processing.py', '--cfg-path', '/tmp/tmp5_9lzm2u']
[2021-03-01 20:37:46,389] {standard_task_runner.py:76} INFO - Job 157: Subtask storing_user
[2021-03-01 20:37:46,424] {logging_mixin.py:103} INFO - Running <TaskInstance: user_processing.storing_user 2020-01-20T00:00:00+00:00 [running]> on host pop-os.localdomain
[2021-03-01 20:37:46,449] {taskinstance.py:1232} INFO - Exporting the following env vars:
AIRFLOW_CTX_DAG_OWNER=airflow
AIRFLOW_CTX_DAG_ID=user_processing
AIRFLOW_CTX_TASK_ID=storing_user
AIRFLOW_CTX_EXECUTION_DATE=2020-01-20T00:00:00+00:00
AIRFLOW_CTX_DAG_RUN_ID=scheduled__2020-01-20T00:00:00+00:00
[2021-03-01 20:37:46,449] {bash.py:135} INFO - Tmp dir root location: 
 /tmp
[2021-03-01 20:37:46,450] {bash.py:158} INFO - Running command: echo -e ".separator ","
.import /tmp/processed_user.csv users" | sqlite3 /home/i-sip_iot/airflow/airflow.db
[2021-03-01 20:37:46,455] {bash.py:169} INFO - Output:
[2021-03-01 20:37:46,463] {bash.py:177} INFO - Command exited with return code 0
[2021-03-01 20:37:46,494] {taskinstance.py:1142} INFO - Marking task as SUCCESS. dag_id=user_processing, task_id=storing_user, execution_date=20200120T000000, start_date=20210302T013746, end_date=20210302T013746
[2021-03-01 20:37:46,510] {taskinstance.py:1195} INFO - 0 downstream tasks scheduled from follow-on schedule check
[2021-03-01 20:37:46,520] {local_task_job.py:118} INFO - Task exited with return code 0
