[2021-03-01 20:48:44,773] {taskinstance.py:826} INFO - Dependencies all met for <TaskInstance: user_processing.user_extraction 2020-05-07T00:00:00+00:00 [queued]>
[2021-03-01 20:48:44,778] {taskinstance.py:826} INFO - Dependencies all met for <TaskInstance: user_processing.user_extraction 2020-05-07T00:00:00+00:00 [queued]>
[2021-03-01 20:48:44,778] {taskinstance.py:1017} INFO - 
--------------------------------------------------------------------------------
[2021-03-01 20:48:44,778] {taskinstance.py:1018} INFO - Starting attempt 1 of 1
[2021-03-01 20:48:44,778] {taskinstance.py:1019} INFO - 
--------------------------------------------------------------------------------
[2021-03-01 20:48:44,786] {taskinstance.py:1038} INFO - Executing <Task(SimpleHttpOperator): user_extraction> on 2020-05-07T00:00:00+00:00
[2021-03-01 20:48:44,788] {standard_task_runner.py:51} INFO - Started process 250945 to run task
[2021-03-01 20:48:44,791] {standard_task_runner.py:75} INFO - Running: ['airflow', 'tasks', 'run', 'user_processing', 'user_extraction', '2020-05-07T00:00:00+00:00', '--job-id', '685', '--pool', 'default_pool', '--raw', '--subdir', 'DAGS_FOLDER/user_processing.py', '--cfg-path', '/tmp/tmpqh814pky']
[2021-03-01 20:48:44,791] {standard_task_runner.py:76} INFO - Job 685: Subtask user_extraction
[2021-03-01 20:48:44,811] {logging_mixin.py:103} INFO - Running <TaskInstance: user_processing.user_extraction 2020-05-07T00:00:00+00:00 [running]> on host pop-os.localdomain
[2021-03-01 20:48:44,841] {taskinstance.py:1232} INFO - Exporting the following env vars:
AIRFLOW_CTX_DAG_OWNER=airflow
AIRFLOW_CTX_DAG_ID=user_processing
AIRFLOW_CTX_TASK_ID=user_extraction
AIRFLOW_CTX_EXECUTION_DATE=2020-05-07T00:00:00+00:00
AIRFLOW_CTX_DAG_RUN_ID=scheduled__2020-05-07T00:00:00+00:00
[2021-03-01 20:48:44,841] {http.py:106} INFO - Calling HTTP method
[2021-03-01 20:48:44,844] {base.py:74} INFO - Using connection to: id: user_api. Host: https://randomuser.me/, Port: None, Schema: , Login: , Password: None, extra: None
[2021-03-01 20:48:44,845] {http.py:140} INFO - Sending 'GET' to url: https://randomuser.me/api/
[2021-03-01 20:48:44,941] {http.py:110} INFO - {"results":[{"gender":"female","name":{"title":"Ms","first":"ملینا","last":"حیدری"},"location":{"street":{"number":9348,"name":"میدان رسالت"},"city":"بوشهر","state":"مازندران","country":"Iran","postcode":40559,"coordinates":{"latitude":"34.9722","longitude":"111.9902"},"timezone":{"offset":"+8:00","description":"Beijing, Perth, Singapore, Hong Kong"}},"email":"mlyn.hydry@example.com","login":{"uuid":"b2bdeb4a-5a47-4a23-b553-441cffd0ca79","username":"brownfish330","password":"farmer","salt":"OqBNjmEw","md5":"4ae398ead760665465e66b5d9a6f7ce6","sha1":"e24ff1f78673ad86415367e0dd71d593ba3537af","sha256":"da87b77c6f02e4942a4f263a38add80753e268126115072fcbc4ff63197781fb"},"dob":{"date":"1949-09-29T21:46:30.011Z","age":72},"registered":{"date":"2015-09-15T11:42:53.367Z","age":6},"phone":"098-08645873","cell":"0973-236-5833","id":{"name":"","value":null},"picture":{"large":"https://randomuser.me/api/portraits/women/92.jpg","medium":"https://randomuser.me/api/portraits/med/women/92.jpg","thumbnail":"https://randomuser.me/api/portraits/thumb/women/92.jpg"},"nat":"IR"}],"info":{"seed":"e14609c82722118b","results":1,"page":1,"version":"1.3"}}
[2021-03-01 20:48:44,953] {taskinstance.py:1142} INFO - Marking task as SUCCESS. dag_id=user_processing, task_id=user_extraction, execution_date=20200507T000000, start_date=20210302T014844, end_date=20210302T014844
[2021-03-01 20:48:44,971] {taskinstance.py:1195} INFO - 1 downstream tasks scheduled from follow-on schedule check
[2021-03-01 20:48:45,002] {local_task_job.py:118} INFO - Task exited with return code 0
