[2021-03-01 21:00:39,608] {taskinstance.py:826} INFO - Dependencies all met for <TaskInstance: user_processing.user_extraction 2020-09-01T00:00:00+00:00 [queued]>
[2021-03-01 21:00:39,614] {taskinstance.py:826} INFO - Dependencies all met for <TaskInstance: user_processing.user_extraction 2020-09-01T00:00:00+00:00 [queued]>
[2021-03-01 21:00:39,614] {taskinstance.py:1017} INFO - 
--------------------------------------------------------------------------------
[2021-03-01 21:00:39,614] {taskinstance.py:1018} INFO - Starting attempt 1 of 1
[2021-03-01 21:00:39,614] {taskinstance.py:1019} INFO - 
--------------------------------------------------------------------------------
[2021-03-01 21:00:39,622] {taskinstance.py:1038} INFO - Executing <Task(SimpleHttpOperator): user_extraction> on 2020-09-01T00:00:00+00:00
[2021-03-01 21:00:39,624] {standard_task_runner.py:51} INFO - Started process 265455 to run task
[2021-03-01 21:00:39,627] {standard_task_runner.py:75} INFO - Running: ['airflow', 'tasks', 'run', 'user_processing', 'user_extraction', '2020-09-01T00:00:00+00:00', '--job-id', '1270', '--pool', 'default_pool', '--raw', '--subdir', 'DAGS_FOLDER/user_processing.py', '--cfg-path', '/tmp/tmp2qg6md9_']
[2021-03-01 21:00:39,627] {standard_task_runner.py:76} INFO - Job 1270: Subtask user_extraction
[2021-03-01 21:00:39,652] {logging_mixin.py:103} INFO - Running <TaskInstance: user_processing.user_extraction 2020-09-01T00:00:00+00:00 [running]> on host pop-os.localdomain
[2021-03-01 21:00:39,677] {taskinstance.py:1232} INFO - Exporting the following env vars:
AIRFLOW_CTX_DAG_OWNER=airflow
AIRFLOW_CTX_DAG_ID=user_processing
AIRFLOW_CTX_TASK_ID=user_extraction
AIRFLOW_CTX_EXECUTION_DATE=2020-09-01T00:00:00+00:00
AIRFLOW_CTX_DAG_RUN_ID=scheduled__2020-09-01T00:00:00+00:00
[2021-03-01 21:00:39,677] {http.py:106} INFO - Calling HTTP method
[2021-03-01 21:00:39,680] {base.py:74} INFO - Using connection to: id: user_api. Host: https://randomuser.me/, Port: None, Schema: , Login: , Password: None, extra: None
[2021-03-01 21:00:39,681] {http.py:140} INFO - Sending 'GET' to url: https://randomuser.me/api/
[2021-03-01 21:00:39,765] {http.py:110} INFO - {"results":[{"gender":"male","name":{"title":"Mr","first":"Antoine","last":"Margaret"},"location":{"street":{"number":9700,"name":"Balmoral St"},"city":"Clinton","state":"Newfoundland and Labrador","country":"Canada","postcode":"Y5I 9O7","coordinates":{"latitude":"-63.4670","longitude":"-20.1832"},"timezone":{"offset":"0:00","description":"Western Europe Time, London, Lisbon, Casablanca"}},"email":"antoine.margaret@example.com","login":{"uuid":"1a7f236b-c71c-4313-8022-0627651ded5b","username":"bluedog149","password":"1947","salt":"VChUmeoc","md5":"c448fcfe7b8fcc72e41c54c170b52fe7","sha1":"a1a4c2acb03f72891fa58c9ed5a5f60d6309ea8c","sha256":"d7f34c3faf3bff9b84b4df0d5403c882bfc2d5c2d6aa3aeec9eedca5dfc231cf"},"dob":{"date":"1964-12-14T06:38:44.750Z","age":57},"registered":{"date":"2004-12-01T06:44:55.982Z","age":17},"phone":"330-898-3681","cell":"025-893-8672","id":{"name":"","value":null},"picture":{"large":"https://randomuser.me/api/portraits/men/45.jpg","medium":"https://randomuser.me/api/portraits/med/men/45.jpg","thumbnail":"https://randomuser.me/api/portraits/thumb/men/45.jpg"},"nat":"CA"}],"info":{"seed":"a70d7e44e42c6d56","results":1,"page":1,"version":"1.3"}}
[2021-03-01 21:00:39,781] {taskinstance.py:1142} INFO - Marking task as SUCCESS. dag_id=user_processing, task_id=user_extraction, execution_date=20200901T000000, start_date=20210302T020039, end_date=20210302T020039
[2021-03-01 21:00:39,806] {taskinstance.py:1195} INFO - 1 downstream tasks scheduled from follow-on schedule check
[2021-03-01 21:00:39,838] {local_task_job.py:118} INFO - Task exited with return code 0
