[2021-03-01 21:01:03,674] {taskinstance.py:826} INFO - Dependencies all met for <TaskInstance: user_processing.user_extraction 2020-09-05T00:00:00+00:00 [queued]>
[2021-03-01 21:01:03,680] {taskinstance.py:826} INFO - Dependencies all met for <TaskInstance: user_processing.user_extraction 2020-09-05T00:00:00+00:00 [queued]>
[2021-03-01 21:01:03,680] {taskinstance.py:1017} INFO - 
--------------------------------------------------------------------------------
[2021-03-01 21:01:03,680] {taskinstance.py:1018} INFO - Starting attempt 1 of 1
[2021-03-01 21:01:03,680] {taskinstance.py:1019} INFO - 
--------------------------------------------------------------------------------
[2021-03-01 21:01:03,690] {taskinstance.py:1038} INFO - Executing <Task(SimpleHttpOperator): user_extraction> on 2020-09-05T00:00:00+00:00
[2021-03-01 21:01:03,694] {standard_task_runner.py:51} INFO - Started process 266027 to run task
[2021-03-01 21:01:03,697] {standard_task_runner.py:75} INFO - Running: ['airflow', 'tasks', 'run', 'user_processing', 'user_extraction', '2020-09-05T00:00:00+00:00', '--job-id', '1290', '--pool', 'default_pool', '--raw', '--subdir', 'DAGS_FOLDER/user_processing.py', '--cfg-path', '/tmp/tmpj8kxd6nn']
[2021-03-01 21:01:03,698] {standard_task_runner.py:76} INFO - Job 1290: Subtask user_extraction
[2021-03-01 21:01:03,732] {logging_mixin.py:103} INFO - Running <TaskInstance: user_processing.user_extraction 2020-09-05T00:00:00+00:00 [running]> on host pop-os.localdomain
[2021-03-01 21:01:03,757] {taskinstance.py:1232} INFO - Exporting the following env vars:
AIRFLOW_CTX_DAG_OWNER=airflow
AIRFLOW_CTX_DAG_ID=user_processing
AIRFLOW_CTX_TASK_ID=user_extraction
AIRFLOW_CTX_EXECUTION_DATE=2020-09-05T00:00:00+00:00
AIRFLOW_CTX_DAG_RUN_ID=scheduled__2020-09-05T00:00:00+00:00
[2021-03-01 21:01:03,758] {http.py:106} INFO - Calling HTTP method
[2021-03-01 21:01:03,765] {base.py:74} INFO - Using connection to: id: user_api. Host: https://randomuser.me/, Port: None, Schema: , Login: , Password: None, extra: None
[2021-03-01 21:01:03,767] {http.py:140} INFO - Sending 'GET' to url: https://randomuser.me/api/
[2021-03-01 21:01:03,863] {http.py:110} INFO - {"results":[{"gender":"female","name":{"title":"Ms","first":"Cathriona","last":"Baker"},"location":{"street":{"number":3942,"name":"Denny Street"},"city":"Maynooth","state":"Roscommon","country":"Ireland","postcode":39095,"coordinates":{"latitude":"25.7291","longitude":"23.7208"},"timezone":{"offset":"-10:00","description":"Hawaii"}},"email":"cathriona.baker@example.com","login":{"uuid":"30a162ac-5081-4d63-ab1b-1662d82284cb","username":"sadbutterfly491","password":"arrows","salt":"dFhYBm4R","md5":"127ba81cbd9aee3238f70c683c8ea06d","sha1":"fc1fcb314e274b7717700aa5632a1d5bdf3bb2b0","sha256":"b6727bd97f621f1095c90b7a3431a2b3b26271d7974e9e27b1efb84eedad4e48"},"dob":{"date":"1967-05-18T11:00:00.942Z","age":54},"registered":{"date":"2005-04-18T12:32:57.912Z","age":16},"phone":"041-115-2773","cell":"081-162-5435","id":{"name":"PPS","value":"0865496T"},"picture":{"large":"https://randomuser.me/api/portraits/women/82.jpg","medium":"https://randomuser.me/api/portraits/med/women/82.jpg","thumbnail":"https://randomuser.me/api/portraits/thumb/women/82.jpg"},"nat":"IE"}],"info":{"seed":"998a340b7a0b10b4","results":1,"page":1,"version":"1.3"}}
[2021-03-01 21:01:03,888] {taskinstance.py:1142} INFO - Marking task as SUCCESS. dag_id=user_processing, task_id=user_extraction, execution_date=20200905T000000, start_date=20210302T020103, end_date=20210302T020103
[2021-03-01 21:01:03,928] {taskinstance.py:1195} INFO - 1 downstream tasks scheduled from follow-on schedule check
[2021-03-01 21:01:03,949] {local_task_job.py:118} INFO - Task exited with return code 0
