[2021-03-01 20:51:01,335] {taskinstance.py:826} INFO - Dependencies all met for <TaskInstance: user_processing.user_extraction 2020-05-28T00:00:00+00:00 [queued]>
[2021-03-01 20:51:01,341] {taskinstance.py:826} INFO - Dependencies all met for <TaskInstance: user_processing.user_extraction 2020-05-28T00:00:00+00:00 [queued]>
[2021-03-01 20:51:01,341] {taskinstance.py:1017} INFO - 
--------------------------------------------------------------------------------
[2021-03-01 20:51:01,341] {taskinstance.py:1018} INFO - Starting attempt 1 of 1
[2021-03-01 20:51:01,341] {taskinstance.py:1019} INFO - 
--------------------------------------------------------------------------------
[2021-03-01 20:51:01,351] {taskinstance.py:1038} INFO - Executing <Task(SimpleHttpOperator): user_extraction> on 2020-05-28T00:00:00+00:00
[2021-03-01 20:51:01,356] {standard_task_runner.py:51} INFO - Started process 253951 to run task
[2021-03-01 20:51:01,364] {standard_task_runner.py:75} INFO - Running: ['airflow', 'tasks', 'run', 'user_processing', 'user_extraction', '2020-05-28T00:00:00+00:00', '--job-id', '790', '--pool', 'default_pool', '--raw', '--subdir', 'DAGS_FOLDER/user_processing.py', '--cfg-path', '/tmp/tmpa42c1odq']
[2021-03-01 20:51:01,365] {standard_task_runner.py:76} INFO - Job 790: Subtask user_extraction
[2021-03-01 20:51:01,408] {logging_mixin.py:103} INFO - Running <TaskInstance: user_processing.user_extraction 2020-05-28T00:00:00+00:00 [running]> on host pop-os.localdomain
[2021-03-01 20:51:01,445] {taskinstance.py:1232} INFO - Exporting the following env vars:
AIRFLOW_CTX_DAG_OWNER=airflow
AIRFLOW_CTX_DAG_ID=user_processing
AIRFLOW_CTX_TASK_ID=user_extraction
AIRFLOW_CTX_EXECUTION_DATE=2020-05-28T00:00:00+00:00
AIRFLOW_CTX_DAG_RUN_ID=scheduled__2020-05-28T00:00:00+00:00
[2021-03-01 20:51:01,446] {http.py:106} INFO - Calling HTTP method
[2021-03-01 20:51:01,455] {base.py:74} INFO - Using connection to: id: user_api. Host: https://randomuser.me/, Port: None, Schema: , Login: , Password: None, extra: None
[2021-03-01 20:51:01,458] {http.py:140} INFO - Sending 'GET' to url: https://randomuser.me/api/
[2021-03-01 20:51:01,567] {http.py:110} INFO - {"results":[{"gender":"male","name":{"title":"Mr","first":"Charles","last":"Roy"},"location":{"street":{"number":3527,"name":"Bay Ave"},"city":"Richmond","state":"British Columbia","country":"Canada","postcode":"R4F 1R4","coordinates":{"latitude":"-64.1820","longitude":"-116.1602"},"timezone":{"offset":"-3:00","description":"Brazil, Buenos Aires, Georgetown"}},"email":"charles.roy@example.com","login":{"uuid":"3c553b1c-eff5-48a2-a8c9-59d5b096aec4","username":"silvermeercat437","password":"kahlua","salt":"677vHNjM","md5":"a7b185cd79930f98bd2dd52b97bf057c","sha1":"50de9713406e0aa225fb79a053454f598737537a","sha256":"91795dbe59b18573e1db2c8658c27febc5e0aecceebc1898346a1496eae2dfcb"},"dob":{"date":"1977-03-17T12:20:06.188Z","age":44},"registered":{"date":"2016-10-12T20:50:43.492Z","age":5},"phone":"705-368-8332","cell":"044-709-8544","id":{"name":"","value":null},"picture":{"large":"https://randomuser.me/api/portraits/men/31.jpg","medium":"https://randomuser.me/api/portraits/med/men/31.jpg","thumbnail":"https://randomuser.me/api/portraits/thumb/men/31.jpg"},"nat":"CA"}],"info":{"seed":"68dec1da970af66a","results":1,"page":1,"version":"1.3"}}
[2021-03-01 20:51:01,581] {taskinstance.py:1142} INFO - Marking task as SUCCESS. dag_id=user_processing, task_id=user_extraction, execution_date=20200528T000000, start_date=20210302T015101, end_date=20210302T015101
[2021-03-01 20:51:01,603] {taskinstance.py:1195} INFO - 1 downstream tasks scheduled from follow-on schedule check
[2021-03-01 20:51:01,613] {local_task_job.py:118} INFO - Task exited with return code 0
