[2021-03-01 20:48:02,269] {taskinstance.py:826} INFO - Dependencies all met for <TaskInstance: user_processing.user_extraction 2020-04-30T00:00:00+00:00 [queued]>
[2021-03-01 20:48:02,274] {taskinstance.py:826} INFO - Dependencies all met for <TaskInstance: user_processing.user_extraction 2020-04-30T00:00:00+00:00 [queued]>
[2021-03-01 20:48:02,274] {taskinstance.py:1017} INFO - 
--------------------------------------------------------------------------------
[2021-03-01 20:48:02,274] {taskinstance.py:1018} INFO - Starting attempt 1 of 1
[2021-03-01 20:48:02,274] {taskinstance.py:1019} INFO - 
--------------------------------------------------------------------------------
[2021-03-01 20:48:02,287] {taskinstance.py:1038} INFO - Executing <Task(SimpleHttpOperator): user_extraction> on 2020-04-30T00:00:00+00:00
[2021-03-01 20:48:02,289] {standard_task_runner.py:51} INFO - Started process 250063 to run task
[2021-03-01 20:48:02,292] {standard_task_runner.py:75} INFO - Running: ['airflow', 'tasks', 'run', 'user_processing', 'user_extraction', '2020-04-30T00:00:00+00:00', '--job-id', '650', '--pool', 'default_pool', '--raw', '--subdir', 'DAGS_FOLDER/user_processing.py', '--cfg-path', '/tmp/tmpwmzgxiel']
[2021-03-01 20:48:02,292] {standard_task_runner.py:76} INFO - Job 650: Subtask user_extraction
[2021-03-01 20:48:02,314] {logging_mixin.py:103} INFO - Running <TaskInstance: user_processing.user_extraction 2020-04-30T00:00:00+00:00 [running]> on host pop-os.localdomain
[2021-03-01 20:48:02,346] {taskinstance.py:1232} INFO - Exporting the following env vars:
AIRFLOW_CTX_DAG_OWNER=airflow
AIRFLOW_CTX_DAG_ID=user_processing
AIRFLOW_CTX_TASK_ID=user_extraction
AIRFLOW_CTX_EXECUTION_DATE=2020-04-30T00:00:00+00:00
AIRFLOW_CTX_DAG_RUN_ID=scheduled__2020-04-30T00:00:00+00:00
[2021-03-01 20:48:02,347] {http.py:106} INFO - Calling HTTP method
[2021-03-01 20:48:02,353] {base.py:74} INFO - Using connection to: id: user_api. Host: https://randomuser.me/, Port: None, Schema: , Login: , Password: None, extra: None
[2021-03-01 20:48:02,355] {http.py:140} INFO - Sending 'GET' to url: https://randomuser.me/api/
[2021-03-01 20:48:02,462] {http.py:110} INFO - {"results":[{"gender":"female","name":{"title":"Mrs","first":"Margaux","last":"Meyer"},"location":{"street":{"number":7847,"name":"Avenue de l'Abbé-Roussel"},"city":"Strasbourg","state":"Haute-Garonne","country":"France","postcode":87978,"coordinates":{"latitude":"4.0525","longitude":"173.0244"},"timezone":{"offset":"+7:00","description":"Bangkok, Hanoi, Jakarta"}},"email":"margaux.meyer@example.com","login":{"uuid":"bb6dc0d6-d761-42a0-a39b-3203a60fc413","username":"redduck244","password":"missy1","salt":"DyekQaPn","md5":"9353d9fe757b4db9c1880009a116f027","sha1":"a734697bee756d3cbb88ba7d4123dc7697930efe","sha256":"11bcfd0ad63ad64ae73d29019588565613fa055b2514df59df7fe405994cb6c6"},"dob":{"date":"1947-09-09T18:27:27.017Z","age":74},"registered":{"date":"2006-04-23T19:30:29.248Z","age":15},"phone":"02-09-72-12-49","cell":"06-12-38-25-43","id":{"name":"INSEE","value":"2NNaN56314224 72"},"picture":{"large":"https://randomuser.me/api/portraits/women/64.jpg","medium":"https://randomuser.me/api/portraits/med/women/64.jpg","thumbnail":"https://randomuser.me/api/portraits/thumb/women/64.jpg"},"nat":"FR"}],"info":{"seed":"0e122eea539122ad","results":1,"page":1,"version":"1.3"}}
[2021-03-01 20:48:02,493] {taskinstance.py:1142} INFO - Marking task as SUCCESS. dag_id=user_processing, task_id=user_extraction, execution_date=20200430T000000, start_date=20210302T014802, end_date=20210302T014802
[2021-03-01 20:48:02,516] {taskinstance.py:1195} INFO - 1 downstream tasks scheduled from follow-on schedule check
[2021-03-01 20:48:02,543] {local_task_job.py:118} INFO - Task exited with return code 0
