[2021-03-01 20:38:27,261] {taskinstance.py:826} INFO - Dependencies all met for <TaskInstance: user_processing.user_extraction 2020-01-29T00:00:00+00:00 [queued]>
[2021-03-01 20:38:27,266] {taskinstance.py:826} INFO - Dependencies all met for <TaskInstance: user_processing.user_extraction 2020-01-29T00:00:00+00:00 [queued]>
[2021-03-01 20:38:27,266] {taskinstance.py:1017} INFO - 
--------------------------------------------------------------------------------
[2021-03-01 20:38:27,267] {taskinstance.py:1018} INFO - Starting attempt 1 of 1
[2021-03-01 20:38:27,267] {taskinstance.py:1019} INFO - 
--------------------------------------------------------------------------------
[2021-03-01 20:38:27,277] {taskinstance.py:1038} INFO - Executing <Task(SimpleHttpOperator): user_extraction> on 2020-01-29T00:00:00+00:00
[2021-03-01 20:38:27,280] {standard_task_runner.py:51} INFO - Started process 238550 to run task
[2021-03-01 20:38:27,283] {standard_task_runner.py:75} INFO - Running: ['airflow', 'tasks', 'run', 'user_processing', 'user_extraction', '2020-01-29T00:00:00+00:00', '--job-id', '190', '--pool', 'default_pool', '--raw', '--subdir', 'DAGS_FOLDER/user_processing.py', '--cfg-path', '/tmp/tmp214tgnt4']
[2021-03-01 20:38:27,284] {standard_task_runner.py:76} INFO - Job 190: Subtask user_extraction
[2021-03-01 20:38:27,304] {logging_mixin.py:103} INFO - Running <TaskInstance: user_processing.user_extraction 2020-01-29T00:00:00+00:00 [running]> on host pop-os.localdomain
[2021-03-01 20:38:27,326] {taskinstance.py:1232} INFO - Exporting the following env vars:
AIRFLOW_CTX_DAG_OWNER=airflow
AIRFLOW_CTX_DAG_ID=user_processing
AIRFLOW_CTX_TASK_ID=user_extraction
AIRFLOW_CTX_EXECUTION_DATE=2020-01-29T00:00:00+00:00
AIRFLOW_CTX_DAG_RUN_ID=scheduled__2020-01-29T00:00:00+00:00
[2021-03-01 20:38:27,326] {http.py:106} INFO - Calling HTTP method
[2021-03-01 20:38:27,329] {base.py:74} INFO - Using connection to: id: user_api. Host: https://randomuser.me/, Port: None, Schema: , Login: , Password: None, extra: None
[2021-03-01 20:38:27,331] {http.py:140} INFO - Sending 'GET' to url: https://randomuser.me/api/
[2021-03-01 20:38:27,409] {http.py:110} INFO - {"results":[{"gender":"male","name":{"title":"Mr","first":"Ronaldo","last":"Pinto"},"location":{"street":{"number":1522,"name":"Rua Belo Horizonte "},"city":"Araçatuba","state":"Minas Gerais","country":"Brazil","postcode":16081,"coordinates":{"latitude":"-79.0244","longitude":"-1.2346"},"timezone":{"offset":"+8:00","description":"Beijing, Perth, Singapore, Hong Kong"}},"email":"ronaldo.pinto@example.com","login":{"uuid":"dcd22171-a8d8-4af0-9b17-78ceb3585338","username":"beautifulladybug505","password":"radar","salt":"NH1HP9at","md5":"be8f155d902b25d7801f6782bb34918f","sha1":"1488437d562cecabecf3a3350ef37f2ca0d2f1f6","sha256":"82a54328064e2cc48450d5264bb2c196df70c13fe59797c3b8c1bea0acbc64b6"},"dob":{"date":"1972-07-22T09:07:51.108Z","age":49},"registered":{"date":"2016-05-25T04:57:36.858Z","age":5},"phone":"(71) 3532-2598","cell":"(59) 0724-4979","id":{"name":"","value":null},"picture":{"large":"https://randomuser.me/api/portraits/men/89.jpg","medium":"https://randomuser.me/api/portraits/med/men/89.jpg","thumbnail":"https://randomuser.me/api/portraits/thumb/men/89.jpg"},"nat":"BR"}],"info":{"seed":"b17d9f3d9df519b3","results":1,"page":1,"version":"1.3"}}
[2021-03-01 20:38:27,423] {taskinstance.py:1142} INFO - Marking task as SUCCESS. dag_id=user_processing, task_id=user_extraction, execution_date=20200129T000000, start_date=20210302T013827, end_date=20210302T013827
[2021-03-01 20:38:27,440] {taskinstance.py:1195} INFO - 1 downstream tasks scheduled from follow-on schedule check
[2021-03-01 20:38:27,454] {local_task_job.py:118} INFO - Task exited with return code 0
