[2021-03-01 20:44:07,350] {taskinstance.py:826} INFO - Dependencies all met for <TaskInstance: user_processing.user_extraction 2020-03-24T00:00:00+00:00 [queued]>
[2021-03-01 20:44:07,357] {taskinstance.py:826} INFO - Dependencies all met for <TaskInstance: user_processing.user_extraction 2020-03-24T00:00:00+00:00 [queued]>
[2021-03-01 20:44:07,357] {taskinstance.py:1017} INFO - 
--------------------------------------------------------------------------------
[2021-03-01 20:44:07,357] {taskinstance.py:1018} INFO - Starting attempt 1 of 1
[2021-03-01 20:44:07,357] {taskinstance.py:1019} INFO - 
--------------------------------------------------------------------------------
[2021-03-01 20:44:07,367] {taskinstance.py:1038} INFO - Executing <Task(SimpleHttpOperator): user_extraction> on 2020-03-24T00:00:00+00:00
[2021-03-01 20:44:07,370] {standard_task_runner.py:51} INFO - Started process 245422 to run task
[2021-03-01 20:44:07,373] {standard_task_runner.py:75} INFO - Running: ['airflow', 'tasks', 'run', 'user_processing', 'user_extraction', '2020-03-24T00:00:00+00:00', '--job-id', '465', '--pool', 'default_pool', '--raw', '--subdir', 'DAGS_FOLDER/user_processing.py', '--cfg-path', '/tmp/tmpurl89mn0']
[2021-03-01 20:44:07,373] {standard_task_runner.py:76} INFO - Job 465: Subtask user_extraction
[2021-03-01 20:44:07,397] {logging_mixin.py:103} INFO - Running <TaskInstance: user_processing.user_extraction 2020-03-24T00:00:00+00:00 [running]> on host pop-os.localdomain
[2021-03-01 20:44:07,424] {taskinstance.py:1232} INFO - Exporting the following env vars:
AIRFLOW_CTX_DAG_OWNER=airflow
AIRFLOW_CTX_DAG_ID=user_processing
AIRFLOW_CTX_TASK_ID=user_extraction
AIRFLOW_CTX_EXECUTION_DATE=2020-03-24T00:00:00+00:00
AIRFLOW_CTX_DAG_RUN_ID=scheduled__2020-03-24T00:00:00+00:00
[2021-03-01 20:44:07,424] {http.py:106} INFO - Calling HTTP method
[2021-03-01 20:44:07,427] {base.py:74} INFO - Using connection to: id: user_api. Host: https://randomuser.me/, Port: None, Schema: , Login: , Password: None, extra: None
[2021-03-01 20:44:07,428] {http.py:140} INFO - Sending 'GET' to url: https://randomuser.me/api/
[2021-03-01 20:44:07,528] {http.py:110} INFO - {"results":[{"gender":"female","name":{"title":"Mrs","first":"Universina","last":"da Costa"},"location":{"street":{"number":5566,"name":"Avenida da Legalidade"},"city":"Natal","state":"Amapá","country":"Brazil","postcode":95550,"coordinates":{"latitude":"-69.6055","longitude":"80.2103"},"timezone":{"offset":"+4:30","description":"Kabul"}},"email":"universina.dacosta@example.com","login":{"uuid":"e39a8091-fd0c-4d25-88fe-89bf152858af","username":"whiteleopard615","password":"xuan","salt":"ZbV1iwVI","md5":"7cf7f0d85bf1de7241dfce889c27baa3","sha1":"f838a8d54c95e5f6140ea0367623afa16f1ac2cc","sha256":"e7f459ea253ba50c35157306f304b54a69bc584831d6cddbce7050fb7f017e24"},"dob":{"date":"1984-04-30T03:58:48.200Z","age":37},"registered":{"date":"2019-02-09T07:51:59.877Z","age":2},"phone":"(31) 5356-9136","cell":"(45) 6628-4990","id":{"name":"","value":null},"picture":{"large":"https://randomuser.me/api/portraits/women/11.jpg","medium":"https://randomuser.me/api/portraits/med/women/11.jpg","thumbnail":"https://randomuser.me/api/portraits/thumb/women/11.jpg"},"nat":"BR"}],"info":{"seed":"e68543847bcab0b4","results":1,"page":1,"version":"1.3"}}
[2021-03-01 20:44:07,542] {taskinstance.py:1142} INFO - Marking task as SUCCESS. dag_id=user_processing, task_id=user_extraction, execution_date=20200324T000000, start_date=20210302T014407, end_date=20210302T014407
[2021-03-01 20:44:07,561] {taskinstance.py:1195} INFO - 1 downstream tasks scheduled from follow-on schedule check
[2021-03-01 20:44:07,584] {local_task_job.py:118} INFO - Task exited with return code 0
