[2021-03-01 20:53:03,099] {taskinstance.py:826} INFO - Dependencies all met for <TaskInstance: user_processing.user_extraction 2020-06-16T00:00:00+00:00 [queued]>
[2021-03-01 20:53:03,104] {taskinstance.py:826} INFO - Dependencies all met for <TaskInstance: user_processing.user_extraction 2020-06-16T00:00:00+00:00 [queued]>
[2021-03-01 20:53:03,104] {taskinstance.py:1017} INFO - 
--------------------------------------------------------------------------------
[2021-03-01 20:53:03,104] {taskinstance.py:1018} INFO - Starting attempt 1 of 1
[2021-03-01 20:53:03,104] {taskinstance.py:1019} INFO - 
--------------------------------------------------------------------------------
[2021-03-01 20:53:03,111] {taskinstance.py:1038} INFO - Executing <Task(SimpleHttpOperator): user_extraction> on 2020-06-16T00:00:00+00:00
[2021-03-01 20:53:03,113] {standard_task_runner.py:51} INFO - Started process 256313 to run task
[2021-03-01 20:53:03,116] {standard_task_runner.py:75} INFO - Running: ['airflow', 'tasks', 'run', 'user_processing', 'user_extraction', '2020-06-16T00:00:00+00:00', '--job-id', '885', '--pool', 'default_pool', '--raw', '--subdir', 'DAGS_FOLDER/user_processing.py', '--cfg-path', '/tmp/tmpu2h_nq3r']
[2021-03-01 20:53:03,116] {standard_task_runner.py:76} INFO - Job 885: Subtask user_extraction
[2021-03-01 20:53:03,136] {logging_mixin.py:103} INFO - Running <TaskInstance: user_processing.user_extraction 2020-06-16T00:00:00+00:00 [running]> on host pop-os.localdomain
[2021-03-01 20:53:03,166] {taskinstance.py:1232} INFO - Exporting the following env vars:
AIRFLOW_CTX_DAG_OWNER=airflow
AIRFLOW_CTX_DAG_ID=user_processing
AIRFLOW_CTX_TASK_ID=user_extraction
AIRFLOW_CTX_EXECUTION_DATE=2020-06-16T00:00:00+00:00
AIRFLOW_CTX_DAG_RUN_ID=scheduled__2020-06-16T00:00:00+00:00
[2021-03-01 20:53:03,167] {http.py:106} INFO - Calling HTTP method
[2021-03-01 20:53:03,169] {base.py:74} INFO - Using connection to: id: user_api. Host: https://randomuser.me/, Port: None, Schema: , Login: , Password: None, extra: None
[2021-03-01 20:53:03,170] {http.py:140} INFO - Sending 'GET' to url: https://randomuser.me/api/
[2021-03-01 20:53:03,267] {http.py:110} INFO - {"results":[{"gender":"male","name":{"title":"Mr","first":"Francis","last":"Ward"},"location":{"street":{"number":46,"name":"Grove Road"},"city":"Dundee","state":"Humberside","country":"United Kingdom","postcode":"PE21 8ZY","coordinates":{"latitude":"9.9574","longitude":"-93.7769"},"timezone":{"offset":"+1:00","description":"Brussels, Copenhagen, Madrid, Paris"}},"email":"francis.ward@example.com","login":{"uuid":"5e703488-a7be-47ce-bca3-7406ffb6fbdf","username":"redduck545","password":"salmon","salt":"PBR5EX6o","md5":"ee922114948fd492f984a9a356e49df4","sha1":"81d9763a93c68f0bce07913b3f7726f80cd741fb","sha256":"e573a195ce573571649aeeefa3c19eaefa4cbfc35b0dd06310c04a873752edf9"},"dob":{"date":"1960-09-08T17:58:34.302Z","age":61},"registered":{"date":"2002-04-17T04:54:10.605Z","age":19},"phone":"015396 66136","cell":"0702-540-586","id":{"name":"NINO","value":"GH 24 10 36 O"},"picture":{"large":"https://randomuser.me/api/portraits/men/42.jpg","medium":"https://randomuser.me/api/portraits/med/men/42.jpg","thumbnail":"https://randomuser.me/api/portraits/thumb/men/42.jpg"},"nat":"GB"}],"info":{"seed":"84081833f05b5f3e","results":1,"page":1,"version":"1.3"}}
[2021-03-01 20:53:03,278] {taskinstance.py:1142} INFO - Marking task as SUCCESS. dag_id=user_processing, task_id=user_extraction, execution_date=20200616T000000, start_date=20210302T015303, end_date=20210302T015303
[2021-03-01 20:53:03,296] {taskinstance.py:1195} INFO - 1 downstream tasks scheduled from follow-on schedule check
[2021-03-01 20:53:03,327] {local_task_job.py:118} INFO - Task exited with return code 0
