[2021-03-01 20:45:03,983] {taskinstance.py:826} INFO - Dependencies all met for <TaskInstance: user_processing.user_extraction 2020-04-02T00:00:00+00:00 [queued]>
[2021-03-01 20:45:03,989] {taskinstance.py:826} INFO - Dependencies all met for <TaskInstance: user_processing.user_extraction 2020-04-02T00:00:00+00:00 [queued]>
[2021-03-01 20:45:03,989] {taskinstance.py:1017} INFO - 
--------------------------------------------------------------------------------
[2021-03-01 20:45:03,989] {taskinstance.py:1018} INFO - Starting attempt 1 of 1
[2021-03-01 20:45:03,989] {taskinstance.py:1019} INFO - 
--------------------------------------------------------------------------------
[2021-03-01 20:45:03,999] {taskinstance.py:1038} INFO - Executing <Task(SimpleHttpOperator): user_extraction> on 2020-04-02T00:00:00+00:00
[2021-03-01 20:45:04,001] {standard_task_runner.py:51} INFO - Started process 246565 to run task
[2021-03-01 20:45:04,003] {standard_task_runner.py:75} INFO - Running: ['airflow', 'tasks', 'run', 'user_processing', 'user_extraction', '2020-04-02T00:00:00+00:00', '--job-id', '510', '--pool', 'default_pool', '--raw', '--subdir', 'DAGS_FOLDER/user_processing.py', '--cfg-path', '/tmp/tmpd6rpeicz']
[2021-03-01 20:45:04,003] {standard_task_runner.py:76} INFO - Job 510: Subtask user_extraction
[2021-03-01 20:45:04,025] {logging_mixin.py:103} INFO - Running <TaskInstance: user_processing.user_extraction 2020-04-02T00:00:00+00:00 [running]> on host pop-os.localdomain
[2021-03-01 20:45:04,057] {taskinstance.py:1232} INFO - Exporting the following env vars:
AIRFLOW_CTX_DAG_OWNER=airflow
AIRFLOW_CTX_DAG_ID=user_processing
AIRFLOW_CTX_TASK_ID=user_extraction
AIRFLOW_CTX_EXECUTION_DATE=2020-04-02T00:00:00+00:00
AIRFLOW_CTX_DAG_RUN_ID=scheduled__2020-04-02T00:00:00+00:00
[2021-03-01 20:45:04,057] {http.py:106} INFO - Calling HTTP method
[2021-03-01 20:45:04,063] {base.py:74} INFO - Using connection to: id: user_api. Host: https://randomuser.me/, Port: None, Schema: , Login: , Password: None, extra: None
[2021-03-01 20:45:04,066] {http.py:140} INFO - Sending 'GET' to url: https://randomuser.me/api/
[2021-03-01 20:45:04,172] {http.py:110} INFO - {"results":[{"gender":"female","name":{"title":"Mrs","first":"Montserrat","last":"Fernandez"},"location":{"street":{"number":9930,"name":"Calle de Téllez"},"city":"Málaga","state":"Ceuta","country":"Spain","postcode":73733,"coordinates":{"latitude":"-18.8377","longitude":"133.2651"},"timezone":{"offset":"+3:00","description":"Baghdad, Riyadh, Moscow, St. Petersburg"}},"email":"montserrat.fernandez@example.com","login":{"uuid":"b468fb87-bb28-42ec-9277-256d0f2f1936","username":"lazycat412","password":"jeeper","salt":"UjGk4X1l","md5":"afa0e078485aaa0561d7200443f9d56c","sha1":"db468097bc8d189d7e4d9941bd50ae05737922e3","sha256":"f9d093df48c5ab1b7869c28d07a5e98e7642310f9e9535dd3d2229e32a00e487"},"dob":{"date":"1967-04-27T22:25:05.530Z","age":54},"registered":{"date":"2016-08-08T04:26:43.976Z","age":5},"phone":"991-905-247","cell":"652-054-582","id":{"name":"DNI","value":"33346572-C"},"picture":{"large":"https://randomuser.me/api/portraits/women/5.jpg","medium":"https://randomuser.me/api/portraits/med/women/5.jpg","thumbnail":"https://randomuser.me/api/portraits/thumb/women/5.jpg"},"nat":"ES"}],"info":{"seed":"f80bb3fa0a796567","results":1,"page":1,"version":"1.3"}}
[2021-03-01 20:45:04,193] {taskinstance.py:1142} INFO - Marking task as SUCCESS. dag_id=user_processing, task_id=user_extraction, execution_date=20200402T000000, start_date=20210302T014503, end_date=20210302T014504
[2021-03-01 20:45:04,216] {taskinstance.py:1195} INFO - 1 downstream tasks scheduled from follow-on schedule check
[2021-03-01 20:45:04,255] {local_task_job.py:118} INFO - Task exited with return code 0
