[2021-03-01 20:40:24,345] {taskinstance.py:826} INFO - Dependencies all met for <TaskInstance: user_processing.user_extraction 2020-02-17T00:00:00+00:00 [queued]>
[2021-03-01 20:40:24,350] {taskinstance.py:826} INFO - Dependencies all met for <TaskInstance: user_processing.user_extraction 2020-02-17T00:00:00+00:00 [queued]>
[2021-03-01 20:40:24,350] {taskinstance.py:1017} INFO - 
--------------------------------------------------------------------------------
[2021-03-01 20:40:24,350] {taskinstance.py:1018} INFO - Starting attempt 1 of 1
[2021-03-01 20:40:24,350] {taskinstance.py:1019} INFO - 
--------------------------------------------------------------------------------
[2021-03-01 20:40:24,359] {taskinstance.py:1038} INFO - Executing <Task(SimpleHttpOperator): user_extraction> on 2020-02-17T00:00:00+00:00
[2021-03-01 20:40:24,361] {standard_task_runner.py:51} INFO - Started process 240919 to run task
[2021-03-01 20:40:24,363] {standard_task_runner.py:75} INFO - Running: ['airflow', 'tasks', 'run', 'user_processing', 'user_extraction', '2020-02-17T00:00:00+00:00', '--job-id', '285', '--pool', 'default_pool', '--raw', '--subdir', 'DAGS_FOLDER/user_processing.py', '--cfg-path', '/tmp/tmp1hwzyk3l']
[2021-03-01 20:40:24,364] {standard_task_runner.py:76} INFO - Job 285: Subtask user_extraction
[2021-03-01 20:40:24,384] {logging_mixin.py:103} INFO - Running <TaskInstance: user_processing.user_extraction 2020-02-17T00:00:00+00:00 [running]> on host pop-os.localdomain
[2021-03-01 20:40:24,409] {taskinstance.py:1232} INFO - Exporting the following env vars:
AIRFLOW_CTX_DAG_OWNER=airflow
AIRFLOW_CTX_DAG_ID=user_processing
AIRFLOW_CTX_TASK_ID=user_extraction
AIRFLOW_CTX_EXECUTION_DATE=2020-02-17T00:00:00+00:00
AIRFLOW_CTX_DAG_RUN_ID=scheduled__2020-02-17T00:00:00+00:00
[2021-03-01 20:40:24,410] {http.py:106} INFO - Calling HTTP method
[2021-03-01 20:40:24,413] {base.py:74} INFO - Using connection to: id: user_api. Host: https://randomuser.me/, Port: None, Schema: , Login: , Password: None, extra: None
[2021-03-01 20:40:24,414] {http.py:140} INFO - Sending 'GET' to url: https://randomuser.me/api/
[2021-03-01 20:40:24,504] {http.py:110} INFO - {"results":[{"gender":"female","name":{"title":"Ms","first":"مهرسا","last":"احمدی"},"location":{"street":{"number":4714,"name":"شهید همت"},"city":"بابل","state":"یزد","country":"Iran","postcode":20565,"coordinates":{"latitude":"28.0755","longitude":"35.1139"},"timezone":{"offset":"-3:30","description":"Newfoundland"}},"email":"mhrs.hmdy@example.com","login":{"uuid":"b0f4783f-1e08-4084-b496-be6ec415ce3a","username":"greenpeacock910","password":"marine1","salt":"4bIbIqTq","md5":"bfadef4eedbe8ef04ad55ec116097b63","sha1":"9d2f5b46162b10663b0743bf8d64704725dea8bd","sha256":"200ccd8750d7b68a1a5695ad9f8ee1c1ee3146ebda1057b79073e54ab2370e64"},"dob":{"date":"1966-02-21T18:37:53.133Z","age":55},"registered":{"date":"2017-10-30T12:00:02.576Z","age":4},"phone":"020-37916208","cell":"0990-051-1974","id":{"name":"","value":null},"picture":{"large":"https://randomuser.me/api/portraits/women/76.jpg","medium":"https://randomuser.me/api/portraits/med/women/76.jpg","thumbnail":"https://randomuser.me/api/portraits/thumb/women/76.jpg"},"nat":"IR"}],"info":{"seed":"06bf02468d2e15bf","results":1,"page":1,"version":"1.3"}}
[2021-03-01 20:40:24,527] {taskinstance.py:1142} INFO - Marking task as SUCCESS. dag_id=user_processing, task_id=user_extraction, execution_date=20200217T000000, start_date=20210302T014024, end_date=20210302T014024
[2021-03-01 20:40:24,548] {taskinstance.py:1195} INFO - 1 downstream tasks scheduled from follow-on schedule check
[2021-03-01 20:40:24,575] {local_task_job.py:118} INFO - Task exited with return code 0
