[2021-03-01 21:01:30,111] {taskinstance.py:826} INFO - Dependencies all met for <TaskInstance: user_processing.storing_user 2020-09-07T00:00:00+00:00 [queued]>
[2021-03-01 21:01:30,114] {taskinstance.py:826} INFO - Dependencies all met for <TaskInstance: user_processing.storing_user 2020-09-07T00:00:00+00:00 [queued]>
[2021-03-01 21:01:30,114] {taskinstance.py:1017} INFO - 
--------------------------------------------------------------------------------
[2021-03-01 21:01:30,114] {taskinstance.py:1018} INFO - Starting attempt 1 of 1
[2021-03-01 21:01:30,114] {taskinstance.py:1019} INFO - 
--------------------------------------------------------------------------------
[2021-03-01 21:01:30,123] {taskinstance.py:1038} INFO - Executing <Task(BashOperator): storing_user> on 2020-09-07T00:00:00+00:00
[2021-03-01 21:01:30,125] {standard_task_runner.py:51} INFO - Started process 266495 to run task
[2021-03-01 21:01:30,127] {standard_task_runner.py:75} INFO - Running: ['airflow', 'tasks', 'run', 'user_processing', 'storing_user', '2020-09-07T00:00:00+00:00', '--job-id', '1312', '--pool', 'default_pool', '--raw', '--subdir', 'DAGS_FOLDER/user_processing.py', '--cfg-path', '/tmp/tmpb8vrtgzp']
[2021-03-01 21:01:30,128] {standard_task_runner.py:76} INFO - Job 1312: Subtask storing_user
[2021-03-01 21:01:30,147] {logging_mixin.py:103} INFO - Running <TaskInstance: user_processing.storing_user 2020-09-07T00:00:00+00:00 [running]> on host pop-os.localdomain
[2021-03-01 21:01:30,168] {taskinstance.py:1232} INFO - Exporting the following env vars:
AIRFLOW_CTX_DAG_OWNER=airflow
AIRFLOW_CTX_DAG_ID=user_processing
AIRFLOW_CTX_TASK_ID=storing_user
AIRFLOW_CTX_EXECUTION_DATE=2020-09-07T00:00:00+00:00
AIRFLOW_CTX_DAG_RUN_ID=scheduled__2020-09-07T00:00:00+00:00
[2021-03-01 21:01:30,169] {bash.py:135} INFO - Tmp dir root location: 
 /tmp
[2021-03-01 21:01:30,169] {bash.py:158} INFO - Running command: echo -e ".separator ","
.import /tmp/processed_user.csv users" | sqlite3 /home/i-sip_iot/airflow/airflow.db
[2021-03-01 21:01:30,174] {bash.py:169} INFO - Output:
[2021-03-01 21:01:30,185] {bash.py:177} INFO - Command exited with return code 0
[2021-03-01 21:01:30,199] {taskinstance.py:1142} INFO - Marking task as SUCCESS. dag_id=user_processing, task_id=storing_user, execution_date=20200907T000000, start_date=20210302T020130, end_date=20210302T020130
[2021-03-01 21:01:30,212] {taskinstance.py:1195} INFO - 0 downstream tasks scheduled from follow-on schedule check
[2021-03-01 21:01:30,218] {local_task_job.py:118} INFO - Task exited with return code 0
