[2021-03-01 20:57:24,403] {taskinstance.py:826} INFO - Dependencies all met for <TaskInstance: user_processing.user_extraction 2020-07-30T00:00:00+00:00 [queued]>
[2021-03-01 20:57:24,408] {taskinstance.py:826} INFO - Dependencies all met for <TaskInstance: user_processing.user_extraction 2020-07-30T00:00:00+00:00 [queued]>
[2021-03-01 20:57:24,408] {taskinstance.py:1017} INFO - 
--------------------------------------------------------------------------------
[2021-03-01 20:57:24,408] {taskinstance.py:1018} INFO - Starting attempt 1 of 1
[2021-03-01 20:57:24,408] {taskinstance.py:1019} INFO - 
--------------------------------------------------------------------------------
[2021-03-01 20:57:24,416] {taskinstance.py:1038} INFO - Executing <Task(SimpleHttpOperator): user_extraction> on 2020-07-30T00:00:00+00:00
[2021-03-01 20:57:24,422] {standard_task_runner.py:51} INFO - Started process 261499 to run task
[2021-03-01 20:57:24,429] {standard_task_runner.py:75} INFO - Running: ['airflow', 'tasks', 'run', 'user_processing', 'user_extraction', '2020-07-30T00:00:00+00:00', '--job-id', '1105', '--pool', 'default_pool', '--raw', '--subdir', 'DAGS_FOLDER/user_processing.py', '--cfg-path', '/tmp/tmp9uatky9q']
[2021-03-01 20:57:24,430] {standard_task_runner.py:76} INFO - Job 1105: Subtask user_extraction
[2021-03-01 20:57:24,473] {logging_mixin.py:103} INFO - Running <TaskInstance: user_processing.user_extraction 2020-07-30T00:00:00+00:00 [running]> on host pop-os.localdomain
[2021-03-01 20:57:24,500] {taskinstance.py:1232} INFO - Exporting the following env vars:
AIRFLOW_CTX_DAG_OWNER=airflow
AIRFLOW_CTX_DAG_ID=user_processing
AIRFLOW_CTX_TASK_ID=user_extraction
AIRFLOW_CTX_EXECUTION_DATE=2020-07-30T00:00:00+00:00
AIRFLOW_CTX_DAG_RUN_ID=scheduled__2020-07-30T00:00:00+00:00
[2021-03-01 20:57:24,500] {http.py:106} INFO - Calling HTTP method
[2021-03-01 20:57:24,502] {base.py:74} INFO - Using connection to: id: user_api. Host: https://randomuser.me/, Port: None, Schema: , Login: , Password: None, extra: None
[2021-03-01 20:57:24,504] {http.py:140} INFO - Sending 'GET' to url: https://randomuser.me/api/
[2021-03-01 20:57:24,822] {http.py:110} INFO - {"results":[{"gender":"male","name":{"title":"Mr","first":"Timmothy","last":"Knight"},"location":{"street":{"number":2160,"name":"E Center St"},"city":"Wagga Wagga","state":"Victoria","country":"Australia","postcode":2055,"coordinates":{"latitude":"-86.7921","longitude":"-51.9762"},"timezone":{"offset":"+8:00","description":"Beijing, Perth, Singapore, Hong Kong"}},"email":"timmothy.knight@example.com","login":{"uuid":"e8d33ed8-288b-4951-b3f4-ecf40355a63a","username":"whitefish888","password":"card","salt":"kFHTJwf7","md5":"e3ed5d2a07f9c51f4b3259fee9f5d604","sha1":"9f85cdad695d2c34655134e23bb187c4021df4d1","sha256":"a93ba883ce88d47b04681cb2a70ad1cb7b29554df4c77222cfe9451eda78b2ab"},"dob":{"date":"1985-09-24T02:41:23.989Z","age":36},"registered":{"date":"2018-10-25T04:42:32.737Z","age":3},"phone":"00-2336-4269","cell":"0496-091-654","id":{"name":"TFN","value":"646367635"},"picture":{"large":"https://randomuser.me/api/portraits/men/30.jpg","medium":"https://randomuser.me/api/portraits/med/men/30.jpg","thumbnail":"https://randomuser.me/api/portraits/thumb/men/30.jpg"},"nat":"AU"}],"info":{"seed":"3bde3854342405d0","results":1,"page":1,"version":"1.3"}}
[2021-03-01 20:57:24,839] {taskinstance.py:1142} INFO - Marking task as SUCCESS. dag_id=user_processing, task_id=user_extraction, execution_date=20200730T000000, start_date=20210302T015724, end_date=20210302T015724
[2021-03-01 20:57:24,861] {taskinstance.py:1195} INFO - 1 downstream tasks scheduled from follow-on schedule check
[2021-03-01 20:57:24,879] {local_task_job.py:118} INFO - Task exited with return code 0
