[2021-03-01 20:43:17,816] {taskinstance.py:826} INFO - Dependencies all met for <TaskInstance: user_processing.user_extraction 2020-03-16T00:00:00+00:00 [queued]>
[2021-03-01 20:43:17,823] {taskinstance.py:826} INFO - Dependencies all met for <TaskInstance: user_processing.user_extraction 2020-03-16T00:00:00+00:00 [queued]>
[2021-03-01 20:43:17,824] {taskinstance.py:1017} INFO - 
--------------------------------------------------------------------------------
[2021-03-01 20:43:17,824] {taskinstance.py:1018} INFO - Starting attempt 1 of 1
[2021-03-01 20:43:17,824] {taskinstance.py:1019} INFO - 
--------------------------------------------------------------------------------
[2021-03-01 20:43:17,833] {taskinstance.py:1038} INFO - Executing <Task(SimpleHttpOperator): user_extraction> on 2020-03-16T00:00:00+00:00
[2021-03-01 20:43:17,838] {standard_task_runner.py:51} INFO - Started process 244376 to run task
[2021-03-01 20:43:17,843] {standard_task_runner.py:75} INFO - Running: ['airflow', 'tasks', 'run', 'user_processing', 'user_extraction', '2020-03-16T00:00:00+00:00', '--job-id', '425', '--pool', 'default_pool', '--raw', '--subdir', 'DAGS_FOLDER/user_processing.py', '--cfg-path', '/tmp/tmplgv14w6g']
[2021-03-01 20:43:17,844] {standard_task_runner.py:76} INFO - Job 425: Subtask user_extraction
[2021-03-01 20:43:17,880] {logging_mixin.py:103} INFO - Running <TaskInstance: user_processing.user_extraction 2020-03-16T00:00:00+00:00 [running]> on host pop-os.localdomain
[2021-03-01 20:43:17,934] {taskinstance.py:1232} INFO - Exporting the following env vars:
AIRFLOW_CTX_DAG_OWNER=airflow
AIRFLOW_CTX_DAG_ID=user_processing
AIRFLOW_CTX_TASK_ID=user_extraction
AIRFLOW_CTX_EXECUTION_DATE=2020-03-16T00:00:00+00:00
AIRFLOW_CTX_DAG_RUN_ID=scheduled__2020-03-16T00:00:00+00:00
[2021-03-01 20:43:17,935] {http.py:106} INFO - Calling HTTP method
[2021-03-01 20:43:17,939] {base.py:74} INFO - Using connection to: id: user_api. Host: https://randomuser.me/, Port: None, Schema: , Login: , Password: None, extra: None
[2021-03-01 20:43:17,941] {http.py:140} INFO - Sending 'GET' to url: https://randomuser.me/api/
[2021-03-01 20:43:18,041] {http.py:110} INFO - {"results":[{"gender":"male","name":{"title":"Mr","first":"Ricky","last":"Watkins"},"location":{"street":{"number":5327,"name":"Depaul Dr"},"city":"Madison","state":"Montana","country":"United States","postcode":10961,"coordinates":{"latitude":"86.1267","longitude":"-166.5301"},"timezone":{"offset":"-3:30","description":"Newfoundland"}},"email":"ricky.watkins@example.com","login":{"uuid":"cf482880-b46b-4cc1-823c-2b5ae27581ea","username":"brownrabbit268","password":"bernard","salt":"TpxRXYhs","md5":"9d6381ae83751deae24be2833e635b19","sha1":"7517ea2e4e96afb99d1d9a45b09fc47d6815e31b","sha256":"fbc0f9ce0fe5b54d11c0487d0afb7107ec46100eaf7a944a8c5fc800730b2846"},"dob":{"date":"1982-03-02T02:25:59.088Z","age":39},"registered":{"date":"2007-12-28T15:24:08.719Z","age":14},"phone":"(814)-351-9688","cell":"(374)-563-4925","id":{"name":"SSN","value":"554-32-6303"},"picture":{"large":"https://randomuser.me/api/portraits/men/63.jpg","medium":"https://randomuser.me/api/portraits/med/men/63.jpg","thumbnail":"https://randomuser.me/api/portraits/thumb/men/63.jpg"},"nat":"US"}],"info":{"seed":"c1d62d37d63e1377","results":1,"page":1,"version":"1.3"}}
[2021-03-01 20:43:18,053] {taskinstance.py:1142} INFO - Marking task as SUCCESS. dag_id=user_processing, task_id=user_extraction, execution_date=20200316T000000, start_date=20210302T014317, end_date=20210302T014318
[2021-03-01 20:43:18,071] {taskinstance.py:1195} INFO - 1 downstream tasks scheduled from follow-on schedule check
[2021-03-01 20:43:18,094] {local_task_job.py:118} INFO - Task exited with return code 0
