[2021-03-01 20:56:12,629] {taskinstance.py:826} INFO - Dependencies all met for <TaskInstance: user_processing.user_extraction 2020-07-18T00:00:00+00:00 [queued]>
[2021-03-01 20:56:12,634] {taskinstance.py:826} INFO - Dependencies all met for <TaskInstance: user_processing.user_extraction 2020-07-18T00:00:00+00:00 [queued]>
[2021-03-01 20:56:12,634] {taskinstance.py:1017} INFO - 
--------------------------------------------------------------------------------
[2021-03-01 20:56:12,634] {taskinstance.py:1018} INFO - Starting attempt 1 of 1
[2021-03-01 20:56:12,635] {taskinstance.py:1019} INFO - 
--------------------------------------------------------------------------------
[2021-03-01 20:56:12,643] {taskinstance.py:1038} INFO - Executing <Task(SimpleHttpOperator): user_extraction> on 2020-07-18T00:00:00+00:00
[2021-03-01 20:56:12,646] {standard_task_runner.py:51} INFO - Started process 260087 to run task
[2021-03-01 20:56:12,649] {standard_task_runner.py:75} INFO - Running: ['airflow', 'tasks', 'run', 'user_processing', 'user_extraction', '2020-07-18T00:00:00+00:00', '--job-id', '1045', '--pool', 'default_pool', '--raw', '--subdir', 'DAGS_FOLDER/user_processing.py', '--cfg-path', '/tmp/tmptwdqf1x8']
[2021-03-01 20:56:12,649] {standard_task_runner.py:76} INFO - Job 1045: Subtask user_extraction
[2021-03-01 20:56:12,670] {logging_mixin.py:103} INFO - Running <TaskInstance: user_processing.user_extraction 2020-07-18T00:00:00+00:00 [running]> on host pop-os.localdomain
[2021-03-01 20:56:12,695] {taskinstance.py:1232} INFO - Exporting the following env vars:
AIRFLOW_CTX_DAG_OWNER=airflow
AIRFLOW_CTX_DAG_ID=user_processing
AIRFLOW_CTX_TASK_ID=user_extraction
AIRFLOW_CTX_EXECUTION_DATE=2020-07-18T00:00:00+00:00
AIRFLOW_CTX_DAG_RUN_ID=scheduled__2020-07-18T00:00:00+00:00
[2021-03-01 20:56:12,696] {http.py:106} INFO - Calling HTTP method
[2021-03-01 20:56:12,698] {base.py:74} INFO - Using connection to: id: user_api. Host: https://randomuser.me/, Port: None, Schema: , Login: , Password: None, extra: None
[2021-03-01 20:56:12,699] {http.py:140} INFO - Sending 'GET' to url: https://randomuser.me/api/
[2021-03-01 20:56:12,799] {http.py:110} INFO - {"results":[{"gender":"female","name":{"title":"Mrs","first":"Hannah","last":"Mackay"},"location":{"street":{"number":6204,"name":"York St"},"city":"Chelsea","state":"New Brunswick","country":"Canada","postcode":"Y7R 8S0","coordinates":{"latitude":"-64.0905","longitude":"36.3508"},"timezone":{"offset":"-7:00","description":"Mountain Time (US & Canada)"}},"email":"hannah.mackay@example.com","login":{"uuid":"89839f23-9091-449d-b1b1-296f6832f27f","username":"bigcat656","password":"phrases","salt":"bMgrJ2Te","md5":"28a96344e764c4c40df21da0101b09a3","sha1":"51dd7e2ad46f7368d914f01bf2c98e2cc1d40c82","sha256":"6ab0472c62cd8717e432a729a9ec8068c5579eb924631b7a4a0225a56e55c62e"},"dob":{"date":"1967-09-08T12:37:01.013Z","age":54},"registered":{"date":"2019-02-16T00:36:09.930Z","age":2},"phone":"521-914-9534","cell":"595-432-4030","id":{"name":"","value":null},"picture":{"large":"https://randomuser.me/api/portraits/women/38.jpg","medium":"https://randomuser.me/api/portraits/med/women/38.jpg","thumbnail":"https://randomuser.me/api/portraits/thumb/women/38.jpg"},"nat":"CA"}],"info":{"seed":"d2140b5b7fe06b08","results":1,"page":1,"version":"1.3"}}
[2021-03-01 20:56:12,823] {taskinstance.py:1142} INFO - Marking task as SUCCESS. dag_id=user_processing, task_id=user_extraction, execution_date=20200718T000000, start_date=20210302T015612, end_date=20210302T015612
[2021-03-01 20:56:12,855] {taskinstance.py:1195} INFO - 1 downstream tasks scheduled from follow-on schedule check
[2021-03-01 20:56:12,900] {local_task_job.py:118} INFO - Task exited with return code 0
