[2021-03-01 20:42:16,619] {taskinstance.py:826} INFO - Dependencies all met for <TaskInstance: user_processing.user_extraction 2020-03-06T00:00:00+00:00 [queued]>
[2021-03-01 20:42:16,624] {taskinstance.py:826} INFO - Dependencies all met for <TaskInstance: user_processing.user_extraction 2020-03-06T00:00:00+00:00 [queued]>
[2021-03-01 20:42:16,624] {taskinstance.py:1017} INFO - 
--------------------------------------------------------------------------------
[2021-03-01 20:42:16,624] {taskinstance.py:1018} INFO - Starting attempt 1 of 1
[2021-03-01 20:42:16,624] {taskinstance.py:1019} INFO - 
--------------------------------------------------------------------------------
[2021-03-01 20:42:16,632] {taskinstance.py:1038} INFO - Executing <Task(SimpleHttpOperator): user_extraction> on 2020-03-06T00:00:00+00:00
[2021-03-01 20:42:16,634] {standard_task_runner.py:51} INFO - Started process 243129 to run task
[2021-03-01 20:42:16,637] {standard_task_runner.py:75} INFO - Running: ['airflow', 'tasks', 'run', 'user_processing', 'user_extraction', '2020-03-06T00:00:00+00:00', '--job-id', '375', '--pool', 'default_pool', '--raw', '--subdir', 'DAGS_FOLDER/user_processing.py', '--cfg-path', '/tmp/tmpj28_c7qz']
[2021-03-01 20:42:16,637] {standard_task_runner.py:76} INFO - Job 375: Subtask user_extraction
[2021-03-01 20:42:16,660] {logging_mixin.py:103} INFO - Running <TaskInstance: user_processing.user_extraction 2020-03-06T00:00:00+00:00 [running]> on host pop-os.localdomain
[2021-03-01 20:42:16,683] {taskinstance.py:1232} INFO - Exporting the following env vars:
AIRFLOW_CTX_DAG_OWNER=airflow
AIRFLOW_CTX_DAG_ID=user_processing
AIRFLOW_CTX_TASK_ID=user_extraction
AIRFLOW_CTX_EXECUTION_DATE=2020-03-06T00:00:00+00:00
AIRFLOW_CTX_DAG_RUN_ID=scheduled__2020-03-06T00:00:00+00:00
[2021-03-01 20:42:16,683] {http.py:106} INFO - Calling HTTP method
[2021-03-01 20:42:16,686] {base.py:74} INFO - Using connection to: id: user_api. Host: https://randomuser.me/, Port: None, Schema: , Login: , Password: None, extra: None
[2021-03-01 20:42:16,687] {http.py:140} INFO - Sending 'GET' to url: https://randomuser.me/api/
[2021-03-01 20:42:16,769] {http.py:110} INFO - {"results":[{"gender":"male","name":{"title":"Mr","first":"Logan","last":"Cooper"},"location":{"street":{"number":335,"name":"Oxford Terrace"},"city":"Christchurch","state":"Gisborne","country":"New Zealand","postcode":14688,"coordinates":{"latitude":"68.1661","longitude":"-0.7696"},"timezone":{"offset":"-10:00","description":"Hawaii"}},"email":"logan.cooper@example.com","login":{"uuid":"a110a130-2d08-4c45-9d9b-e4a4a5e890ad","username":"organicpeacock925","password":"sullivan","salt":"jYdGXqwe","md5":"847ec907637e399f77f0ab0658186387","sha1":"8a8a53a1d9440a29cfc60c96bf0eb840502c73ec","sha256":"c92ed2cdfdd2c7d031d63e329be611d02991d85ae1ea04fcea5afa395d46c5b9"},"dob":{"date":"1960-12-02T04:32:15.657Z","age":61},"registered":{"date":"2013-05-03T02:43:21.726Z","age":8},"phone":"(639)-560-6822","cell":"(664)-546-8861","id":{"name":"","value":null},"picture":{"large":"https://randomuser.me/api/portraits/men/30.jpg","medium":"https://randomuser.me/api/portraits/med/men/30.jpg","thumbnail":"https://randomuser.me/api/portraits/thumb/men/30.jpg"},"nat":"NZ"}],"info":{"seed":"ed6129e2277b0074","results":1,"page":1,"version":"1.3"}}
[2021-03-01 20:42:16,800] {taskinstance.py:1142} INFO - Marking task as SUCCESS. dag_id=user_processing, task_id=user_extraction, execution_date=20200306T000000, start_date=20210302T014216, end_date=20210302T014216
[2021-03-01 20:42:16,828] {taskinstance.py:1195} INFO - 1 downstream tasks scheduled from follow-on schedule check
[2021-03-01 20:42:16,848] {local_task_job.py:118} INFO - Task exited with return code 0
