[2021-03-01 20:37:56,222] {taskinstance.py:826} INFO - Dependencies all met for <TaskInstance: user_processing.user_extraction 2020-01-24T00:00:00+00:00 [queued]>
[2021-03-01 20:37:56,227] {taskinstance.py:826} INFO - Dependencies all met for <TaskInstance: user_processing.user_extraction 2020-01-24T00:00:00+00:00 [queued]>
[2021-03-01 20:37:56,227] {taskinstance.py:1017} INFO - 
--------------------------------------------------------------------------------
[2021-03-01 20:37:56,227] {taskinstance.py:1018} INFO - Starting attempt 1 of 1
[2021-03-01 20:37:56,227] {taskinstance.py:1019} INFO - 
--------------------------------------------------------------------------------
[2021-03-01 20:37:56,240] {taskinstance.py:1038} INFO - Executing <Task(SimpleHttpOperator): user_extraction> on 2020-01-24T00:00:00+00:00
[2021-03-01 20:37:56,243] {standard_task_runner.py:51} INFO - Started process 238041 to run task
[2021-03-01 20:37:56,245] {standard_task_runner.py:75} INFO - Running: ['airflow', 'tasks', 'run', 'user_processing', 'user_extraction', '2020-01-24T00:00:00+00:00', '--job-id', '165', '--pool', 'default_pool', '--raw', '--subdir', 'DAGS_FOLDER/user_processing.py', '--cfg-path', '/tmp/tmp671zjo5w']
[2021-03-01 20:37:56,246] {standard_task_runner.py:76} INFO - Job 165: Subtask user_extraction
[2021-03-01 20:37:56,268] {logging_mixin.py:103} INFO - Running <TaskInstance: user_processing.user_extraction 2020-01-24T00:00:00+00:00 [running]> on host pop-os.localdomain
[2021-03-01 20:37:56,290] {taskinstance.py:1232} INFO - Exporting the following env vars:
AIRFLOW_CTX_DAG_OWNER=airflow
AIRFLOW_CTX_DAG_ID=user_processing
AIRFLOW_CTX_TASK_ID=user_extraction
AIRFLOW_CTX_EXECUTION_DATE=2020-01-24T00:00:00+00:00
AIRFLOW_CTX_DAG_RUN_ID=scheduled__2020-01-24T00:00:00+00:00
[2021-03-01 20:37:56,290] {http.py:106} INFO - Calling HTTP method
[2021-03-01 20:37:56,295] {base.py:74} INFO - Using connection to: id: user_api. Host: https://randomuser.me/, Port: None, Schema: , Login: , Password: None, extra: None
[2021-03-01 20:37:56,298] {http.py:140} INFO - Sending 'GET' to url: https://randomuser.me/api/
[2021-03-01 20:37:56,393] {http.py:110} INFO - {"results":[{"gender":"female","name":{"title":"Ms","first":"Giovanna","last":"Kunde"},"location":{"street":{"number":6914,"name":"Buchenweg"},"city":"Mellrichstadt","state":"Berlin","country":"Germany","postcode":27102,"coordinates":{"latitude":"-37.7021","longitude":"97.9980"},"timezone":{"offset":"-1:00","description":"Azores, Cape Verde Islands"}},"email":"giovanna.kunde@example.com","login":{"uuid":"57c6b382-391e-4258-86fc-3525e7bc5524","username":"smallduck435","password":"xxxxxxx","salt":"Le4ivFdx","md5":"ad7dacae78f987436f6f6f1f3ece846c","sha1":"b020fee3e57582bdb4639e4768d7a588974e8c18","sha256":"5620978fa67f06ee72a839ce9a240a960d4f629110f794f5038ce13b78a34302"},"dob":{"date":"1951-08-03T02:39:45.873Z","age":70},"registered":{"date":"2008-06-08T13:40:57.727Z","age":13},"phone":"0477-3312495","cell":"0177-9412075","id":{"name":"","value":null},"picture":{"large":"https://randomuser.me/api/portraits/women/90.jpg","medium":"https://randomuser.me/api/portraits/med/women/90.jpg","thumbnail":"https://randomuser.me/api/portraits/thumb/women/90.jpg"},"nat":"DE"}],"info":{"seed":"d98aceca4cec4509","results":1,"page":1,"version":"1.3"}}
[2021-03-01 20:37:56,409] {taskinstance.py:1142} INFO - Marking task as SUCCESS. dag_id=user_processing, task_id=user_extraction, execution_date=20200124T000000, start_date=20210302T013756, end_date=20210302T013756
[2021-03-01 20:37:56,430] {taskinstance.py:1195} INFO - 1 downstream tasks scheduled from follow-on schedule check
[2021-03-01 20:37:56,457] {local_task_job.py:118} INFO - Task exited with return code 0
