[2021-03-01 20:57:12,821] {taskinstance.py:826} INFO - Dependencies all met for <TaskInstance: user_processing.user_extraction 2020-07-28T00:00:00+00:00 [queued]>
[2021-03-01 20:57:12,825] {taskinstance.py:826} INFO - Dependencies all met for <TaskInstance: user_processing.user_extraction 2020-07-28T00:00:00+00:00 [queued]>
[2021-03-01 20:57:12,825] {taskinstance.py:1017} INFO - 
--------------------------------------------------------------------------------
[2021-03-01 20:57:12,825] {taskinstance.py:1018} INFO - Starting attempt 1 of 1
[2021-03-01 20:57:12,825] {taskinstance.py:1019} INFO - 
--------------------------------------------------------------------------------
[2021-03-01 20:57:12,833] {taskinstance.py:1038} INFO - Executing <Task(SimpleHttpOperator): user_extraction> on 2020-07-28T00:00:00+00:00
[2021-03-01 20:57:12,835] {standard_task_runner.py:51} INFO - Started process 261294 to run task
[2021-03-01 20:57:12,838] {standard_task_runner.py:75} INFO - Running: ['airflow', 'tasks', 'run', 'user_processing', 'user_extraction', '2020-07-28T00:00:00+00:00', '--job-id', '1095', '--pool', 'default_pool', '--raw', '--subdir', 'DAGS_FOLDER/user_processing.py', '--cfg-path', '/tmp/tmpw1i9j1e5']
[2021-03-01 20:57:12,838] {standard_task_runner.py:76} INFO - Job 1095: Subtask user_extraction
[2021-03-01 20:57:12,862] {logging_mixin.py:103} INFO - Running <TaskInstance: user_processing.user_extraction 2020-07-28T00:00:00+00:00 [running]> on host pop-os.localdomain
[2021-03-01 20:57:12,884] {taskinstance.py:1232} INFO - Exporting the following env vars:
AIRFLOW_CTX_DAG_OWNER=airflow
AIRFLOW_CTX_DAG_ID=user_processing
AIRFLOW_CTX_TASK_ID=user_extraction
AIRFLOW_CTX_EXECUTION_DATE=2020-07-28T00:00:00+00:00
AIRFLOW_CTX_DAG_RUN_ID=scheduled__2020-07-28T00:00:00+00:00
[2021-03-01 20:57:12,884] {http.py:106} INFO - Calling HTTP method
[2021-03-01 20:57:12,886] {base.py:74} INFO - Using connection to: id: user_api. Host: https://randomuser.me/, Port: None, Schema: , Login: , Password: None, extra: None
[2021-03-01 20:57:12,888] {http.py:140} INFO - Sending 'GET' to url: https://randomuser.me/api/
[2021-03-01 20:57:12,991] {http.py:110} INFO - {"results":[{"gender":"male","name":{"title":"Mr","first":"Ercan","last":"Hammer"},"location":{"street":{"number":8133,"name":"Kiefernweg"},"city":"Ostfildern","state":"Nordrhein-Westfalen","country":"Germany","postcode":74270,"coordinates":{"latitude":"-38.3431","longitude":"-142.9354"},"timezone":{"offset":"-8:00","description":"Pacific Time (US & Canada)"}},"email":"ercan.hammer@example.com","login":{"uuid":"342d7a9b-1f34-4c73-accf-63384c5b81e6","username":"smallwolf485","password":"sang","salt":"h7psVBnh","md5":"0a138da4b7c8800ccc53f537857db15e","sha1":"7def3308b947352ae1c3092189374f9591617128","sha256":"aa94c98cbf9ea4cf5e5e58119b268c47d930bf4388ba4fa5e1a36b9d6e19dd35"},"dob":{"date":"1955-03-15T09:34:10.108Z","age":66},"registered":{"date":"2005-09-23T02:36:35.804Z","age":16},"phone":"0383-7518489","cell":"0175-3357954","id":{"name":"","value":null},"picture":{"large":"https://randomuser.me/api/portraits/men/54.jpg","medium":"https://randomuser.me/api/portraits/med/men/54.jpg","thumbnail":"https://randomuser.me/api/portraits/thumb/men/54.jpg"},"nat":"DE"}],"info":{"seed":"7439bbae6aaa42f5","results":1,"page":1,"version":"1.3"}}
[2021-03-01 20:57:13,020] {taskinstance.py:1142} INFO - Marking task as SUCCESS. dag_id=user_processing, task_id=user_extraction, execution_date=20200728T000000, start_date=20210302T015712, end_date=20210302T015713
[2021-03-01 20:57:13,048] {taskinstance.py:1195} INFO - 1 downstream tasks scheduled from follow-on schedule check
[2021-03-01 20:57:13,089] {local_task_job.py:118} INFO - Task exited with return code 0
