[2021-03-01 20:48:50,845] {taskinstance.py:826} INFO - Dependencies all met for <TaskInstance: user_processing.user_extraction 2020-05-08T00:00:00+00:00 [queued]>
[2021-03-01 20:48:50,850] {taskinstance.py:826} INFO - Dependencies all met for <TaskInstance: user_processing.user_extraction 2020-05-08T00:00:00+00:00 [queued]>
[2021-03-01 20:48:50,850] {taskinstance.py:1017} INFO - 
--------------------------------------------------------------------------------
[2021-03-01 20:48:50,850] {taskinstance.py:1018} INFO - Starting attempt 1 of 1
[2021-03-01 20:48:50,850] {taskinstance.py:1019} INFO - 
--------------------------------------------------------------------------------
[2021-03-01 20:48:50,861] {taskinstance.py:1038} INFO - Executing <Task(SimpleHttpOperator): user_extraction> on 2020-05-08T00:00:00+00:00
[2021-03-01 20:48:50,863] {standard_task_runner.py:51} INFO - Started process 251061 to run task
[2021-03-01 20:48:50,865] {standard_task_runner.py:75} INFO - Running: ['airflow', 'tasks', 'run', 'user_processing', 'user_extraction', '2020-05-08T00:00:00+00:00', '--job-id', '690', '--pool', 'default_pool', '--raw', '--subdir', 'DAGS_FOLDER/user_processing.py', '--cfg-path', '/tmp/tmpi1ehwtmz']
[2021-03-01 20:48:50,866] {standard_task_runner.py:76} INFO - Job 690: Subtask user_extraction
[2021-03-01 20:48:50,890] {logging_mixin.py:103} INFO - Running <TaskInstance: user_processing.user_extraction 2020-05-08T00:00:00+00:00 [running]> on host pop-os.localdomain
[2021-03-01 20:48:50,918] {taskinstance.py:1232} INFO - Exporting the following env vars:
AIRFLOW_CTX_DAG_OWNER=airflow
AIRFLOW_CTX_DAG_ID=user_processing
AIRFLOW_CTX_TASK_ID=user_extraction
AIRFLOW_CTX_EXECUTION_DATE=2020-05-08T00:00:00+00:00
AIRFLOW_CTX_DAG_RUN_ID=scheduled__2020-05-08T00:00:00+00:00
[2021-03-01 20:48:50,918] {http.py:106} INFO - Calling HTTP method
[2021-03-01 20:48:50,920] {base.py:74} INFO - Using connection to: id: user_api. Host: https://randomuser.me/, Port: None, Schema: , Login: , Password: None, extra: None
[2021-03-01 20:48:50,922] {http.py:140} INFO - Sending 'GET' to url: https://randomuser.me/api/
[2021-03-01 20:48:51,018] {http.py:110} INFO - {"results":[{"gender":"male","name":{"title":"Mr","first":"Dagobert","last":"Dohrmann"},"location":{"street":{"number":1859,"name":"Marktplatz"},"city":"Radolfzell am Bodensee","state":"Bayern","country":"Germany","postcode":85597,"coordinates":{"latitude":"-45.0127","longitude":"-117.8112"},"timezone":{"offset":"+4:00","description":"Abu Dhabi, Muscat, Baku, Tbilisi"}},"email":"dagobert.dohrmann@example.com","login":{"uuid":"2292ab1d-0d28-42ca-8858-b79b930b6c69","username":"greenlion762","password":"kentucky","salt":"d1jFjVNI","md5":"1dbb4e37fc55b16724480dcdd22be192","sha1":"93e3abe13554df1f305f48adb447370b769df213","sha256":"e789e0ff4604584928a7782f6f8e3e462ffe5dcc2d1e78bb9a2e8bcc0e31173a"},"dob":{"date":"1971-05-20T01:15:36.612Z","age":50},"registered":{"date":"2013-02-02T13:02:38.581Z","age":8},"phone":"0520-7474551","cell":"0176-7426613","id":{"name":"","value":null},"picture":{"large":"https://randomuser.me/api/portraits/men/69.jpg","medium":"https://randomuser.me/api/portraits/med/men/69.jpg","thumbnail":"https://randomuser.me/api/portraits/thumb/men/69.jpg"},"nat":"DE"}],"info":{"seed":"a0b45256bb1a7ca0","results":1,"page":1,"version":"1.3"}}
[2021-03-01 20:48:51,031] {taskinstance.py:1142} INFO - Marking task as SUCCESS. dag_id=user_processing, task_id=user_extraction, execution_date=20200508T000000, start_date=20210302T014850, end_date=20210302T014851
[2021-03-01 20:48:51,052] {taskinstance.py:1195} INFO - 1 downstream tasks scheduled from follow-on schedule check
[2021-03-01 20:48:51,076] {local_task_job.py:118} INFO - Task exited with return code 0
