[2021-03-01 20:40:18,536] {taskinstance.py:826} INFO - Dependencies all met for <TaskInstance: user_processing.user_extraction 2020-02-16T00:00:00+00:00 [queued]>
[2021-03-01 20:40:18,540] {taskinstance.py:826} INFO - Dependencies all met for <TaskInstance: user_processing.user_extraction 2020-02-16T00:00:00+00:00 [queued]>
[2021-03-01 20:40:18,541] {taskinstance.py:1017} INFO - 
--------------------------------------------------------------------------------
[2021-03-01 20:40:18,541] {taskinstance.py:1018} INFO - Starting attempt 1 of 1
[2021-03-01 20:40:18,541] {taskinstance.py:1019} INFO - 
--------------------------------------------------------------------------------
[2021-03-01 20:40:18,548] {taskinstance.py:1038} INFO - Executing <Task(SimpleHttpOperator): user_extraction> on 2020-02-16T00:00:00+00:00
[2021-03-01 20:40:18,550] {standard_task_runner.py:51} INFO - Started process 240814 to run task
[2021-03-01 20:40:18,553] {standard_task_runner.py:75} INFO - Running: ['airflow', 'tasks', 'run', 'user_processing', 'user_extraction', '2020-02-16T00:00:00+00:00', '--job-id', '280', '--pool', 'default_pool', '--raw', '--subdir', 'DAGS_FOLDER/user_processing.py', '--cfg-path', '/tmp/tmpccqla0qm']
[2021-03-01 20:40:18,554] {standard_task_runner.py:76} INFO - Job 280: Subtask user_extraction
[2021-03-01 20:40:18,574] {logging_mixin.py:103} INFO - Running <TaskInstance: user_processing.user_extraction 2020-02-16T00:00:00+00:00 [running]> on host pop-os.localdomain
[2021-03-01 20:40:18,597] {taskinstance.py:1232} INFO - Exporting the following env vars:
AIRFLOW_CTX_DAG_OWNER=airflow
AIRFLOW_CTX_DAG_ID=user_processing
AIRFLOW_CTX_TASK_ID=user_extraction
AIRFLOW_CTX_EXECUTION_DATE=2020-02-16T00:00:00+00:00
AIRFLOW_CTX_DAG_RUN_ID=scheduled__2020-02-16T00:00:00+00:00
[2021-03-01 20:40:18,597] {http.py:106} INFO - Calling HTTP method
[2021-03-01 20:40:18,600] {base.py:74} INFO - Using connection to: id: user_api. Host: https://randomuser.me/, Port: None, Schema: , Login: , Password: None, extra: None
[2021-03-01 20:40:18,601] {http.py:140} INFO - Sending 'GET' to url: https://randomuser.me/api/
[2021-03-01 20:40:18,694] {http.py:110} INFO - {"results":[{"gender":"male","name":{"title":"Mr","first":"Babür","last":"Karaer"},"location":{"street":{"number":5850,"name":"Fatih Sultan Mehmet Cd"},"city":"Çorum","state":"Rize","country":"Turkey","postcode":16002,"coordinates":{"latitude":"70.3211","longitude":"-176.4775"},"timezone":{"offset":"0:00","description":"Western Europe Time, London, Lisbon, Casablanca"}},"email":"babur.karaer@example.com","login":{"uuid":"1779c3a1-7cb5-4f90-a74f-309bb8996546","username":"crazyzebra292","password":"india","salt":"CXRu8Ldy","md5":"0503da16852c373c178f87a597cce68c","sha1":"f56c28ac39c8aada8e57b49846f0ac6179ac4acd","sha256":"0bc008226966d5399aa6f21fae1d06702359ae8517fade532ece5695cebd6241"},"dob":{"date":"1945-05-30T05:19:31.716Z","age":76},"registered":{"date":"2012-01-28T13:57:13.179Z","age":9},"phone":"(756)-543-2467","cell":"(706)-964-4140","id":{"name":"","value":null},"picture":{"large":"https://randomuser.me/api/portraits/men/72.jpg","medium":"https://randomuser.me/api/portraits/med/men/72.jpg","thumbnail":"https://randomuser.me/api/portraits/thumb/men/72.jpg"},"nat":"TR"}],"info":{"seed":"87c1a18f55954f67","results":1,"page":1,"version":"1.3"}}
[2021-03-01 20:40:18,712] {taskinstance.py:1142} INFO - Marking task as SUCCESS. dag_id=user_processing, task_id=user_extraction, execution_date=20200216T000000, start_date=20210302T014018, end_date=20210302T014018
[2021-03-01 20:40:18,736] {taskinstance.py:1195} INFO - 1 downstream tasks scheduled from follow-on schedule check
[2021-03-01 20:40:18,765] {local_task_job.py:118} INFO - Task exited with return code 0
