[2021-03-01 20:45:10,957] {taskinstance.py:826} INFO - Dependencies all met for <TaskInstance: user_processing.processing_user 2020-04-02T00:00:00+00:00 [queued]>
[2021-03-01 20:45:10,961] {taskinstance.py:826} INFO - Dependencies all met for <TaskInstance: user_processing.processing_user 2020-04-02T00:00:00+00:00 [queued]>
[2021-03-01 20:45:10,961] {taskinstance.py:1017} INFO - 
--------------------------------------------------------------------------------
[2021-03-01 20:45:10,961] {taskinstance.py:1018} INFO - Starting attempt 1 of 1
[2021-03-01 20:45:10,961] {taskinstance.py:1019} INFO - 
--------------------------------------------------------------------------------
[2021-03-01 20:45:10,969] {taskinstance.py:1038} INFO - Executing <Task(PythonOperator): processing_user> on 2020-04-02T00:00:00+00:00
[2021-03-01 20:45:10,971] {standard_task_runner.py:51} INFO - Started process 246678 to run task
[2021-03-01 20:45:10,973] {standard_task_runner.py:75} INFO - Running: ['airflow', 'tasks', 'run', 'user_processing', 'processing_user', '2020-04-02T00:00:00+00:00', '--job-id', '516', '--pool', 'default_pool', '--raw', '--subdir', 'DAGS_FOLDER/user_processing.py', '--cfg-path', '/tmp/tmp80ieb60s']
[2021-03-01 20:45:10,973] {standard_task_runner.py:76} INFO - Job 516: Subtask processing_user
[2021-03-01 20:45:11,019] {logging_mixin.py:103} INFO - Running <TaskInstance: user_processing.processing_user 2020-04-02T00:00:00+00:00 [running]> on host pop-os.localdomain
[2021-03-01 20:45:11,044] {taskinstance.py:1232} INFO - Exporting the following env vars:
AIRFLOW_CTX_DAG_OWNER=airflow
AIRFLOW_CTX_DAG_ID=user_processing
AIRFLOW_CTX_TASK_ID=processing_user
AIRFLOW_CTX_EXECUTION_DATE=2020-04-02T00:00:00+00:00
AIRFLOW_CTX_DAG_RUN_ID=scheduled__2020-04-02T00:00:00+00:00
[2021-03-01 20:45:11,051] {python.py:118} INFO - Done. Returned value was: None
[2021-03-01 20:45:11,053] {taskinstance.py:1142} INFO - Marking task as SUCCESS. dag_id=user_processing, task_id=processing_user, execution_date=20200402T000000, start_date=20210302T014510, end_date=20210302T014511
[2021-03-01 20:45:11,074] {taskinstance.py:1195} INFO - 1 downstream tasks scheduled from follow-on schedule check
[2021-03-01 20:45:11,104] {local_task_job.py:118} INFO - Task exited with return code 0
