[2021-03-01 20:42:59,821] {taskinstance.py:826} INFO - Dependencies all met for <TaskInstance: user_processing.user_extraction 2020-03-13T00:00:00+00:00 [queued]>
[2021-03-01 20:42:59,827] {taskinstance.py:826} INFO - Dependencies all met for <TaskInstance: user_processing.user_extraction 2020-03-13T00:00:00+00:00 [queued]>
[2021-03-01 20:42:59,827] {taskinstance.py:1017} INFO - 
--------------------------------------------------------------------------------
[2021-03-01 20:42:59,827] {taskinstance.py:1018} INFO - Starting attempt 1 of 1
[2021-03-01 20:42:59,827] {taskinstance.py:1019} INFO - 
--------------------------------------------------------------------------------
[2021-03-01 20:42:59,837] {taskinstance.py:1038} INFO - Executing <Task(SimpleHttpOperator): user_extraction> on 2020-03-13T00:00:00+00:00
[2021-03-01 20:42:59,839] {standard_task_runner.py:51} INFO - Started process 244066 to run task
[2021-03-01 20:42:59,841] {standard_task_runner.py:75} INFO - Running: ['airflow', 'tasks', 'run', 'user_processing', 'user_extraction', '2020-03-13T00:00:00+00:00', '--job-id', '410', '--pool', 'default_pool', '--raw', '--subdir', 'DAGS_FOLDER/user_processing.py', '--cfg-path', '/tmp/tmp7j8l8emd']
[2021-03-01 20:42:59,842] {standard_task_runner.py:76} INFO - Job 410: Subtask user_extraction
[2021-03-01 20:42:59,863] {logging_mixin.py:103} INFO - Running <TaskInstance: user_processing.user_extraction 2020-03-13T00:00:00+00:00 [running]> on host pop-os.localdomain
[2021-03-01 20:42:59,885] {taskinstance.py:1232} INFO - Exporting the following env vars:
AIRFLOW_CTX_DAG_OWNER=airflow
AIRFLOW_CTX_DAG_ID=user_processing
AIRFLOW_CTX_TASK_ID=user_extraction
AIRFLOW_CTX_EXECUTION_DATE=2020-03-13T00:00:00+00:00
AIRFLOW_CTX_DAG_RUN_ID=scheduled__2020-03-13T00:00:00+00:00
[2021-03-01 20:42:59,885] {http.py:106} INFO - Calling HTTP method
[2021-03-01 20:42:59,888] {base.py:74} INFO - Using connection to: id: user_api. Host: https://randomuser.me/, Port: None, Schema: , Login: , Password: None, extra: None
[2021-03-01 20:42:59,889] {http.py:140} INFO - Sending 'GET' to url: https://randomuser.me/api/
[2021-03-01 20:42:59,989] {http.py:110} INFO - {"results":[{"gender":"female","name":{"title":"Miss","first":"Mila","last":"Davies"},"location":{"street":{"number":8428,"name":"Prebensen Drive"},"city":"Upper Hutt","state":"Marlborough","country":"New Zealand","postcode":61039,"coordinates":{"latitude":"66.5199","longitude":"56.4615"},"timezone":{"offset":"-11:00","description":"Midway Island, Samoa"}},"email":"mila.davies@example.com","login":{"uuid":"a200dad6-9270-4d2d-9773-1508bd428cd3","username":"browncat411","password":"info","salt":"iCc1j2tC","md5":"8af8e6b542e7b84dc8d1ded056db5451","sha1":"d4da281bc415979f9b80903623e4aac6e1d61f53","sha256":"8203b12ec08aa3ba6665971d1b5204fdaf561c4414d7c637b630647a0b4bb0c9"},"dob":{"date":"1945-10-23T03:03:06.062Z","age":76},"registered":{"date":"2011-10-31T20:24:28.427Z","age":10},"phone":"(831)-578-2313","cell":"(741)-117-3847","id":{"name":"","value":null},"picture":{"large":"https://randomuser.me/api/portraits/women/70.jpg","medium":"https://randomuser.me/api/portraits/med/women/70.jpg","thumbnail":"https://randomuser.me/api/portraits/thumb/women/70.jpg"},"nat":"NZ"}],"info":{"seed":"e6d3ecbed13dcad1","results":1,"page":1,"version":"1.3"}}
[2021-03-01 20:43:00,022] {taskinstance.py:1142} INFO - Marking task as SUCCESS. dag_id=user_processing, task_id=user_extraction, execution_date=20200313T000000, start_date=20210302T014259, end_date=20210302T014300
[2021-03-01 20:43:00,053] {taskinstance.py:1195} INFO - 1 downstream tasks scheduled from follow-on schedule check
[2021-03-01 20:43:00,093] {local_task_job.py:118} INFO - Task exited with return code 0
