[2021-03-01 20:50:35,165] {taskinstance.py:826} INFO - Dependencies all met for <TaskInstance: user_processing.user_extraction 2020-05-24T00:00:00+00:00 [queued]>
[2021-03-01 20:50:35,173] {taskinstance.py:826} INFO - Dependencies all met for <TaskInstance: user_processing.user_extraction 2020-05-24T00:00:00+00:00 [queued]>
[2021-03-01 20:50:35,173] {taskinstance.py:1017} INFO - 
--------------------------------------------------------------------------------
[2021-03-01 20:50:35,173] {taskinstance.py:1018} INFO - Starting attempt 1 of 1
[2021-03-01 20:50:35,173] {taskinstance.py:1019} INFO - 
--------------------------------------------------------------------------------
[2021-03-01 20:50:35,183] {taskinstance.py:1038} INFO - Executing <Task(SimpleHttpOperator): user_extraction> on 2020-05-24T00:00:00+00:00
[2021-03-01 20:50:35,187] {standard_task_runner.py:51} INFO - Started process 253342 to run task
[2021-03-01 20:50:35,190] {standard_task_runner.py:75} INFO - Running: ['airflow', 'tasks', 'run', 'user_processing', 'user_extraction', '2020-05-24T00:00:00+00:00', '--job-id', '770', '--pool', 'default_pool', '--raw', '--subdir', 'DAGS_FOLDER/user_processing.py', '--cfg-path', '/tmp/tmpmfgjypvf']
[2021-03-01 20:50:35,190] {standard_task_runner.py:76} INFO - Job 770: Subtask user_extraction
[2021-03-01 20:50:35,212] {logging_mixin.py:103} INFO - Running <TaskInstance: user_processing.user_extraction 2020-05-24T00:00:00+00:00 [running]> on host pop-os.localdomain
[2021-03-01 20:50:35,241] {taskinstance.py:1232} INFO - Exporting the following env vars:
AIRFLOW_CTX_DAG_OWNER=airflow
AIRFLOW_CTX_DAG_ID=user_processing
AIRFLOW_CTX_TASK_ID=user_extraction
AIRFLOW_CTX_EXECUTION_DATE=2020-05-24T00:00:00+00:00
AIRFLOW_CTX_DAG_RUN_ID=scheduled__2020-05-24T00:00:00+00:00
[2021-03-01 20:50:35,241] {http.py:106} INFO - Calling HTTP method
[2021-03-01 20:50:35,245] {base.py:74} INFO - Using connection to: id: user_api. Host: https://randomuser.me/, Port: None, Schema: , Login: , Password: None, extra: None
[2021-03-01 20:50:35,246] {http.py:140} INFO - Sending 'GET' to url: https://randomuser.me/api/
[2021-03-01 20:50:35,376] {http.py:110} INFO - {"results":[{"gender":"female","name":{"title":"Mrs","first":"Luise","last":"Carvalho"},"location":{"street":{"number":8197,"name":"Rua Dezessete "},"city":"São José do Rio Preto","state":"Pará","country":"Brazil","postcode":18412,"coordinates":{"latitude":"-69.4580","longitude":"73.6968"},"timezone":{"offset":"-3:00","description":"Brazil, Buenos Aires, Georgetown"}},"email":"luise.carvalho@example.com","login":{"uuid":"9295d4d9-1404-4426-8134-f0c7069aa952","username":"crazyzebra104","password":"challeng","salt":"sbrqizVe","md5":"235b8c107f48fb5a733cc005302a96fb","sha1":"481a82f06db8e06af3013a598fce9346f9f01215","sha256":"84ce91efeb4c2ba79b70a7e7b6a46c8819b272c374a237d9a375152d999ac87b"},"dob":{"date":"1986-09-17T10:54:47.066Z","age":35},"registered":{"date":"2010-01-14T01:48:24.103Z","age":11},"phone":"(36) 6663-1880","cell":"(69) 7206-4089","id":{"name":"","value":null},"picture":{"large":"https://randomuser.me/api/portraits/women/5.jpg","medium":"https://randomuser.me/api/portraits/med/women/5.jpg","thumbnail":"https://randomuser.me/api/portraits/thumb/women/5.jpg"},"nat":"BR"}],"info":{"seed":"e80aa6a0610b3799","results":1,"page":1,"version":"1.3"}}
[2021-03-01 20:50:35,394] {taskinstance.py:1142} INFO - Marking task as SUCCESS. dag_id=user_processing, task_id=user_extraction, execution_date=20200524T000000, start_date=20210302T015035, end_date=20210302T015035
[2021-03-01 20:50:35,420] {taskinstance.py:1195} INFO - 1 downstream tasks scheduled from follow-on schedule check
[2021-03-01 20:50:35,441] {local_task_job.py:118} INFO - Task exited with return code 0
