[2021-03-01 20:46:40,934] {taskinstance.py:826} INFO - Dependencies all met for <TaskInstance: user_processing.user_extraction 2020-04-17T00:00:00+00:00 [queued]>
[2021-03-01 20:46:40,944] {taskinstance.py:826} INFO - Dependencies all met for <TaskInstance: user_processing.user_extraction 2020-04-17T00:00:00+00:00 [queued]>
[2021-03-01 20:46:40,944] {taskinstance.py:1017} INFO - 
--------------------------------------------------------------------------------
[2021-03-01 20:46:40,944] {taskinstance.py:1018} INFO - Starting attempt 1 of 1
[2021-03-01 20:46:40,944] {taskinstance.py:1019} INFO - 
--------------------------------------------------------------------------------
[2021-03-01 20:46:40,956] {taskinstance.py:1038} INFO - Executing <Task(SimpleHttpOperator): user_extraction> on 2020-04-17T00:00:00+00:00
[2021-03-01 20:46:40,958] {standard_task_runner.py:51} INFO - Started process 248527 to run task
[2021-03-01 20:46:40,961] {standard_task_runner.py:75} INFO - Running: ['airflow', 'tasks', 'run', 'user_processing', 'user_extraction', '2020-04-17T00:00:00+00:00', '--job-id', '585', '--pool', 'default_pool', '--raw', '--subdir', 'DAGS_FOLDER/user_processing.py', '--cfg-path', '/tmp/tmp2lsv8oai']
[2021-03-01 20:46:40,962] {standard_task_runner.py:76} INFO - Job 585: Subtask user_extraction
[2021-03-01 20:46:40,987] {logging_mixin.py:103} INFO - Running <TaskInstance: user_processing.user_extraction 2020-04-17T00:00:00+00:00 [running]> on host pop-os.localdomain
[2021-03-01 20:46:41,022] {taskinstance.py:1232} INFO - Exporting the following env vars:
AIRFLOW_CTX_DAG_OWNER=airflow
AIRFLOW_CTX_DAG_ID=user_processing
AIRFLOW_CTX_TASK_ID=user_extraction
AIRFLOW_CTX_EXECUTION_DATE=2020-04-17T00:00:00+00:00
AIRFLOW_CTX_DAG_RUN_ID=scheduled__2020-04-17T00:00:00+00:00
[2021-03-01 20:46:41,022] {http.py:106} INFO - Calling HTTP method
[2021-03-01 20:46:41,025] {base.py:74} INFO - Using connection to: id: user_api. Host: https://randomuser.me/, Port: None, Schema: , Login: , Password: None, extra: None
[2021-03-01 20:46:41,028] {http.py:140} INFO - Sending 'GET' to url: https://randomuser.me/api/
[2021-03-01 20:46:41,135] {http.py:110} INFO - {"results":[{"gender":"female","name":{"title":"Mrs","first":"Montserrat","last":"Martin"},"location":{"street":{"number":7283,"name":"Ronda de Toledo"},"city":"Móstoles","state":"Aragón","country":"Spain","postcode":96885,"coordinates":{"latitude":"-17.9618","longitude":"125.8649"},"timezone":{"offset":"-10:00","description":"Hawaii"}},"email":"montserrat.martin@example.com","login":{"uuid":"b851bf91-fc92-4773-ae2b-a653e9677fbd","username":"redmouse466","password":"brigitte","salt":"WMkBBpN4","md5":"e7f6d9c1bc66ecb28e7c7a8404629558","sha1":"2266e1eb2851a543b2a703b4437b42700853c27e","sha256":"a9433647a54510f0c2ee643237742251c9a3f4ef70a9d492af764ecb8d9ff306"},"dob":{"date":"1962-06-19T04:36:59.252Z","age":59},"registered":{"date":"2005-08-21T17:49:37.388Z","age":16},"phone":"963-449-789","cell":"603-731-905","id":{"name":"DNI","value":"96881764-P"},"picture":{"large":"https://randomuser.me/api/portraits/women/86.jpg","medium":"https://randomuser.me/api/portraits/med/women/86.jpg","thumbnail":"https://randomuser.me/api/portraits/thumb/women/86.jpg"},"nat":"ES"}],"info":{"seed":"0cab89f73feefee7","results":1,"page":1,"version":"1.3"}}
[2021-03-01 20:46:41,149] {taskinstance.py:1142} INFO - Marking task as SUCCESS. dag_id=user_processing, task_id=user_extraction, execution_date=20200417T000000, start_date=20210302T014640, end_date=20210302T014641
[2021-03-01 20:46:41,175] {taskinstance.py:1195} INFO - 1 downstream tasks scheduled from follow-on schedule check
[2021-03-01 20:46:41,213] {local_task_job.py:118} INFO - Task exited with return code 0
