[2021-03-01 20:34:40,000] {taskinstance.py:826} INFO - Dependencies all met for <TaskInstance: user_processing.user_extraction 2021-02-28T00:00:00+00:00 [queued]>
[2021-03-01 20:34:40,006] {taskinstance.py:826} INFO - Dependencies all met for <TaskInstance: user_processing.user_extraction 2021-02-28T00:00:00+00:00 [queued]>
[2021-03-01 20:34:40,006] {taskinstance.py:1017} INFO - 
--------------------------------------------------------------------------------
[2021-03-01 20:34:40,006] {taskinstance.py:1018} INFO - Starting attempt 1 of 1
[2021-03-01 20:34:40,006] {taskinstance.py:1019} INFO - 
--------------------------------------------------------------------------------
[2021-03-01 20:34:40,014] {taskinstance.py:1038} INFO - Executing <Task(SimpleHttpOperator): user_extraction> on 2021-02-28T00:00:00+00:00
[2021-03-01 20:34:40,016] {standard_task_runner.py:51} INFO - Started process 234808 to run task
[2021-03-01 20:34:40,018] {standard_task_runner.py:75} INFO - Running: ['airflow', 'tasks', 'run', 'user_processing', 'user_extraction', '2021-02-28T00:00:00+00:00', '--job-id', '43', '--pool', 'default_pool', '--raw', '--subdir', 'DAGS_FOLDER/user_processing.py', '--cfg-path', '/tmp/tmpzkx8jux_']
[2021-03-01 20:34:40,019] {standard_task_runner.py:76} INFO - Job 43: Subtask user_extraction
[2021-03-01 20:34:40,065] {logging_mixin.py:103} INFO - Running <TaskInstance: user_processing.user_extraction 2021-02-28T00:00:00+00:00 [running]> on host pop-os.localdomain
[2021-03-01 20:34:40,092] {taskinstance.py:1232} INFO - Exporting the following env vars:
AIRFLOW_CTX_DAG_OWNER=airflow
AIRFLOW_CTX_DAG_ID=user_processing
AIRFLOW_CTX_TASK_ID=user_extraction
AIRFLOW_CTX_EXECUTION_DATE=2021-02-28T00:00:00+00:00
AIRFLOW_CTX_DAG_RUN_ID=scheduled__2021-02-28T00:00:00+00:00
[2021-03-01 20:34:40,092] {http.py:106} INFO - Calling HTTP method
[2021-03-01 20:34:40,095] {base.py:74} INFO - Using connection to: id: user_api. Host: https://randomuser.me/, Port: None, Schema: , Login: , Password: None, extra: None
[2021-03-01 20:34:40,096] {http.py:140} INFO - Sending 'GET' to url: https://randomuser.me/api/
[2021-03-01 20:34:40,179] {http.py:110} INFO - {"results":[{"gender":"female","name":{"title":"Miss","first":"Clara","last":"Sanchez"},"location":{"street":{"number":4701,"name":"Calle de Ferraz"},"city":"Málaga","state":"Canarias","country":"Spain","postcode":11061,"coordinates":{"latitude":"-19.9656","longitude":"28.4685"},"timezone":{"offset":"-2:00","description":"Mid-Atlantic"}},"email":"clara.sanchez@example.com","login":{"uuid":"3d457783-01bc-4b4c-bc8c-67b368ec8f1b","username":"silvergorilla539","password":"lottie","salt":"gQXQqVTU","md5":"3a7a212486baa152119bbe9ef47bd8f3","sha1":"e1da1f98b9cb7137220e0aa79df61efafd35290b","sha256":"06fbb9db0ec7dddeae761d830f4515d11eafc03c53a2f0d76312f25da8e8ad14"},"dob":{"date":"1982-10-12T05:59:33.109Z","age":39},"registered":{"date":"2005-12-21T01:24:10.197Z","age":16},"phone":"958-759-178","cell":"688-551-221","id":{"name":"DNI","value":"89315275-P"},"picture":{"large":"https://randomuser.me/api/portraits/women/39.jpg","medium":"https://randomuser.me/api/portraits/med/women/39.jpg","thumbnail":"https://randomuser.me/api/portraits/thumb/women/39.jpg"},"nat":"ES"}],"info":{"seed":"ddcaca4a35a6a0fd","results":1,"page":1,"version":"1.3"}}
[2021-03-01 20:34:40,194] {taskinstance.py:1142} INFO - Marking task as SUCCESS. dag_id=user_processing, task_id=user_extraction, execution_date=20210228T000000, start_date=20210302T013440, end_date=20210302T013440
[2021-03-01 20:34:40,217] {taskinstance.py:1195} INFO - 1 downstream tasks scheduled from follow-on schedule check
[2021-03-01 20:34:40,230] {local_task_job.py:118} INFO - Task exited with return code 0
