[2021-03-01 20:56:54,912] {taskinstance.py:826} INFO - Dependencies all met for <TaskInstance: user_processing.user_extraction 2020-07-25T00:00:00+00:00 [queued]>
[2021-03-01 20:56:54,916] {taskinstance.py:826} INFO - Dependencies all met for <TaskInstance: user_processing.user_extraction 2020-07-25T00:00:00+00:00 [queued]>
[2021-03-01 20:56:54,916] {taskinstance.py:1017} INFO - 
--------------------------------------------------------------------------------
[2021-03-01 20:56:54,916] {taskinstance.py:1018} INFO - Starting attempt 1 of 1
[2021-03-01 20:56:54,916] {taskinstance.py:1019} INFO - 
--------------------------------------------------------------------------------
[2021-03-01 20:56:54,924] {taskinstance.py:1038} INFO - Executing <Task(SimpleHttpOperator): user_extraction> on 2020-07-25T00:00:00+00:00
[2021-03-01 20:56:54,926] {standard_task_runner.py:51} INFO - Started process 260979 to run task
[2021-03-01 20:56:54,928] {standard_task_runner.py:75} INFO - Running: ['airflow', 'tasks', 'run', 'user_processing', 'user_extraction', '2020-07-25T00:00:00+00:00', '--job-id', '1080', '--pool', 'default_pool', '--raw', '--subdir', 'DAGS_FOLDER/user_processing.py', '--cfg-path', '/tmp/tmp2p9s0g7t']
[2021-03-01 20:56:54,929] {standard_task_runner.py:76} INFO - Job 1080: Subtask user_extraction
[2021-03-01 20:56:54,949] {logging_mixin.py:103} INFO - Running <TaskInstance: user_processing.user_extraction 2020-07-25T00:00:00+00:00 [running]> on host pop-os.localdomain
[2021-03-01 20:56:54,971] {taskinstance.py:1232} INFO - Exporting the following env vars:
AIRFLOW_CTX_DAG_OWNER=airflow
AIRFLOW_CTX_DAG_ID=user_processing
AIRFLOW_CTX_TASK_ID=user_extraction
AIRFLOW_CTX_EXECUTION_DATE=2020-07-25T00:00:00+00:00
AIRFLOW_CTX_DAG_RUN_ID=scheduled__2020-07-25T00:00:00+00:00
[2021-03-01 20:56:54,972] {http.py:106} INFO - Calling HTTP method
[2021-03-01 20:56:54,974] {base.py:74} INFO - Using connection to: id: user_api. Host: https://randomuser.me/, Port: None, Schema: , Login: , Password: None, extra: None
[2021-03-01 20:56:54,975] {http.py:140} INFO - Sending 'GET' to url: https://randomuser.me/api/
[2021-03-01 20:56:55,061] {http.py:110} INFO - {"results":[{"gender":"female","name":{"title":"Miss","first":"Magdalene","last":"Schöpf"},"location":{"street":{"number":1808,"name":"Kirchweg"},"city":"Neuötting","state":"Baden-Württemberg","country":"Germany","postcode":43550,"coordinates":{"latitude":"-41.1801","longitude":"96.0528"},"timezone":{"offset":"-8:00","description":"Pacific Time (US & Canada)"}},"email":"magdalene.schopf@example.com","login":{"uuid":"ad022890-597c-4ceb-bac4-831abb711234","username":"crazyleopard275","password":"shui","salt":"ICVW5T0P","md5":"075db55327bc20907527280d69ff65af","sha1":"075f25484ccc3180cdc7f42af46e325ae9f0737a","sha256":"915d4c31b31da356c79462574f200cef1eaecbeec130eef19be93d2985797063"},"dob":{"date":"1949-03-18T00:38:47.398Z","age":72},"registered":{"date":"2013-03-08T21:53:53.816Z","age":8},"phone":"0740-0122087","cell":"0175-9201655","id":{"name":"","value":null},"picture":{"large":"https://randomuser.me/api/portraits/women/71.jpg","medium":"https://randomuser.me/api/portraits/med/women/71.jpg","thumbnail":"https://randomuser.me/api/portraits/thumb/women/71.jpg"},"nat":"DE"}],"info":{"seed":"1de44925e167763f","results":1,"page":1,"version":"1.3"}}
[2021-03-01 20:56:55,089] {taskinstance.py:1142} INFO - Marking task as SUCCESS. dag_id=user_processing, task_id=user_extraction, execution_date=20200725T000000, start_date=20210302T015654, end_date=20210302T015655
[2021-03-01 20:56:55,117] {taskinstance.py:1195} INFO - 1 downstream tasks scheduled from follow-on schedule check
[2021-03-01 20:56:55,140] {local_task_job.py:118} INFO - Task exited with return code 0
