[2021-03-01 20:57:00,562] {taskinstance.py:826} INFO - Dependencies all met for <TaskInstance: user_processing.user_extraction 2020-07-26T00:00:00+00:00 [queued]>
[2021-03-01 20:57:00,566] {taskinstance.py:826} INFO - Dependencies all met for <TaskInstance: user_processing.user_extraction 2020-07-26T00:00:00+00:00 [queued]>
[2021-03-01 20:57:00,566] {taskinstance.py:1017} INFO - 
--------------------------------------------------------------------------------
[2021-03-01 20:57:00,566] {taskinstance.py:1018} INFO - Starting attempt 1 of 1
[2021-03-01 20:57:00,566] {taskinstance.py:1019} INFO - 
--------------------------------------------------------------------------------
[2021-03-01 20:57:00,576] {taskinstance.py:1038} INFO - Executing <Task(SimpleHttpOperator): user_extraction> on 2020-07-26T00:00:00+00:00
[2021-03-01 20:57:00,578] {standard_task_runner.py:51} INFO - Started process 261075 to run task
[2021-03-01 20:57:00,580] {standard_task_runner.py:75} INFO - Running: ['airflow', 'tasks', 'run', 'user_processing', 'user_extraction', '2020-07-26T00:00:00+00:00', '--job-id', '1085', '--pool', 'default_pool', '--raw', '--subdir', 'DAGS_FOLDER/user_processing.py', '--cfg-path', '/tmp/tmpc5iurea_']
[2021-03-01 20:57:00,581] {standard_task_runner.py:76} INFO - Job 1085: Subtask user_extraction
[2021-03-01 20:57:00,604] {logging_mixin.py:103} INFO - Running <TaskInstance: user_processing.user_extraction 2020-07-26T00:00:00+00:00 [running]> on host pop-os.localdomain
[2021-03-01 20:57:00,628] {taskinstance.py:1232} INFO - Exporting the following env vars:
AIRFLOW_CTX_DAG_OWNER=airflow
AIRFLOW_CTX_DAG_ID=user_processing
AIRFLOW_CTX_TASK_ID=user_extraction
AIRFLOW_CTX_EXECUTION_DATE=2020-07-26T00:00:00+00:00
AIRFLOW_CTX_DAG_RUN_ID=scheduled__2020-07-26T00:00:00+00:00
[2021-03-01 20:57:00,628] {http.py:106} INFO - Calling HTTP method
[2021-03-01 20:57:00,630] {base.py:74} INFO - Using connection to: id: user_api. Host: https://randomuser.me/, Port: None, Schema: , Login: , Password: None, extra: None
[2021-03-01 20:57:00,631] {http.py:140} INFO - Sending 'GET' to url: https://randomuser.me/api/
[2021-03-01 20:57:00,721] {http.py:110} INFO - {"results":[{"gender":"male","name":{"title":"Mr","first":"Tobias","last":"Sørensen"},"location":{"street":{"number":2737,"name":"Skoleparken"},"city":"Nørrebro","state":"Sjælland","country":"Denmark","postcode":29976,"coordinates":{"latitude":"-34.0268","longitude":"-12.7671"},"timezone":{"offset":"-7:00","description":"Mountain Time (US & Canada)"}},"email":"tobias.sorensen@example.com","login":{"uuid":"ee24b9c3-9e50-4559-97dc-2871e82d2f9c","username":"smallpeacock246","password":"infiniti","salt":"K5xawvJK","md5":"cd2b4adb430e7cd47a64177242e46030","sha1":"984d0eb0234fb519dbe74805edd09ee34822bc30","sha256":"542c5e1fc7567f681b48ac2a4aa0c99fed56e4cecd7cf5331ce9442c95522ee5"},"dob":{"date":"1974-09-09T23:55:32.651Z","age":47},"registered":{"date":"2010-06-27T11:39:55.435Z","age":11},"phone":"85181967","cell":"04101351","id":{"name":"CPR","value":"090974-6781"},"picture":{"large":"https://randomuser.me/api/portraits/men/12.jpg","medium":"https://randomuser.me/api/portraits/med/men/12.jpg","thumbnail":"https://randomuser.me/api/portraits/thumb/men/12.jpg"},"nat":"DK"}],"info":{"seed":"b3e0640c7215b55b","results":1,"page":1,"version":"1.3"}}
[2021-03-01 20:57:00,732] {taskinstance.py:1142} INFO - Marking task as SUCCESS. dag_id=user_processing, task_id=user_extraction, execution_date=20200726T000000, start_date=20210302T015700, end_date=20210302T015700
[2021-03-01 20:57:00,750] {taskinstance.py:1195} INFO - 1 downstream tasks scheduled from follow-on schedule check
[2021-03-01 20:57:00,792] {local_task_job.py:118} INFO - Task exited with return code 0
