[2021-03-01 20:59:11,707] {taskinstance.py:826} INFO - Dependencies all met for <TaskInstance: user_processing.user_extraction 2020-08-17T00:00:00+00:00 [queued]>
[2021-03-01 20:59:11,712] {taskinstance.py:826} INFO - Dependencies all met for <TaskInstance: user_processing.user_extraction 2020-08-17T00:00:00+00:00 [queued]>
[2021-03-01 20:59:11,712] {taskinstance.py:1017} INFO - 
--------------------------------------------------------------------------------
[2021-03-01 20:59:11,712] {taskinstance.py:1018} INFO - Starting attempt 1 of 1
[2021-03-01 20:59:11,712] {taskinstance.py:1019} INFO - 
--------------------------------------------------------------------------------
[2021-03-01 20:59:11,719] {taskinstance.py:1038} INFO - Executing <Task(SimpleHttpOperator): user_extraction> on 2020-08-17T00:00:00+00:00
[2021-03-01 20:59:11,721] {standard_task_runner.py:51} INFO - Started process 263725 to run task
[2021-03-01 20:59:11,724] {standard_task_runner.py:75} INFO - Running: ['airflow', 'tasks', 'run', 'user_processing', 'user_extraction', '2020-08-17T00:00:00+00:00', '--job-id', '1195', '--pool', 'default_pool', '--raw', '--subdir', 'DAGS_FOLDER/user_processing.py', '--cfg-path', '/tmp/tmpwotjxj9f']
[2021-03-01 20:59:11,724] {standard_task_runner.py:76} INFO - Job 1195: Subtask user_extraction
[2021-03-01 20:59:11,743] {logging_mixin.py:103} INFO - Running <TaskInstance: user_processing.user_extraction 2020-08-17T00:00:00+00:00 [running]> on host pop-os.localdomain
[2021-03-01 20:59:11,764] {taskinstance.py:1232} INFO - Exporting the following env vars:
AIRFLOW_CTX_DAG_OWNER=airflow
AIRFLOW_CTX_DAG_ID=user_processing
AIRFLOW_CTX_TASK_ID=user_extraction
AIRFLOW_CTX_EXECUTION_DATE=2020-08-17T00:00:00+00:00
AIRFLOW_CTX_DAG_RUN_ID=scheduled__2020-08-17T00:00:00+00:00
[2021-03-01 20:59:11,764] {http.py:106} INFO - Calling HTTP method
[2021-03-01 20:59:11,767] {base.py:74} INFO - Using connection to: id: user_api. Host: https://randomuser.me/, Port: None, Schema: , Login: , Password: None, extra: None
[2021-03-01 20:59:11,768] {http.py:140} INFO - Sending 'GET' to url: https://randomuser.me/api/
[2021-03-01 20:59:11,867] {http.py:110} INFO - {"results":[{"gender":"male","name":{"title":"Mr","first":"Silas","last":"Sørensen"},"location":{"street":{"number":3405,"name":"Stadion Alle"},"city":"Kongsvinger","state":"Nordjylland","country":"Denmark","postcode":32428,"coordinates":{"latitude":"-33.3037","longitude":"-60.2285"},"timezone":{"offset":"+2:00","description":"Kaliningrad, South Africa"}},"email":"silas.sorensen@example.com","login":{"uuid":"de85c683-7f24-4632-b9ca-3e7d0e608931","username":"silverostrich293","password":"missouri","salt":"B7jtAmkR","md5":"7f751c309375606e245fe6fd676f0c5d","sha1":"9ec6cb54a9345130230f581f3cc085e0a7d869af","sha256":"4ddcf4ce84a4e6d0ad59bf0b11e7954320f166bbba0985769ffb9813c23ea542"},"dob":{"date":"1992-04-19T02:03:22.112Z","age":29},"registered":{"date":"2009-12-28T01:32:06.409Z","age":12},"phone":"08405520","cell":"34841902","id":{"name":"CPR","value":"190492-6432"},"picture":{"large":"https://randomuser.me/api/portraits/men/82.jpg","medium":"https://randomuser.me/api/portraits/med/men/82.jpg","thumbnail":"https://randomuser.me/api/portraits/thumb/men/82.jpg"},"nat":"DK"}],"info":{"seed":"0b5ebc1529e8050d","results":1,"page":1,"version":"1.3"}}
[2021-03-01 20:59:11,901] {taskinstance.py:1142} INFO - Marking task as SUCCESS. dag_id=user_processing, task_id=user_extraction, execution_date=20200817T000000, start_date=20210302T015911, end_date=20210302T015911
[2021-03-01 20:59:11,925] {taskinstance.py:1195} INFO - 1 downstream tasks scheduled from follow-on schedule check
[2021-03-01 20:59:11,935] {local_task_job.py:118} INFO - Task exited with return code 0
