[2021-03-01 21:00:51,350] {taskinstance.py:826} INFO - Dependencies all met for <TaskInstance: user_processing.user_extraction 2020-09-03T00:00:00+00:00 [queued]>
[2021-03-01 21:00:51,359] {taskinstance.py:826} INFO - Dependencies all met for <TaskInstance: user_processing.user_extraction 2020-09-03T00:00:00+00:00 [queued]>
[2021-03-01 21:00:51,359] {taskinstance.py:1017} INFO - 
--------------------------------------------------------------------------------
[2021-03-01 21:00:51,359] {taskinstance.py:1018} INFO - Starting attempt 1 of 1
[2021-03-01 21:00:51,359] {taskinstance.py:1019} INFO - 
--------------------------------------------------------------------------------
[2021-03-01 21:00:51,369] {taskinstance.py:1038} INFO - Executing <Task(SimpleHttpOperator): user_extraction> on 2020-09-03T00:00:00+00:00
[2021-03-01 21:00:51,371] {standard_task_runner.py:51} INFO - Started process 265795 to run task
[2021-03-01 21:00:51,374] {standard_task_runner.py:75} INFO - Running: ['airflow', 'tasks', 'run', 'user_processing', 'user_extraction', '2020-09-03T00:00:00+00:00', '--job-id', '1280', '--pool', 'default_pool', '--raw', '--subdir', 'DAGS_FOLDER/user_processing.py', '--cfg-path', '/tmp/tmp41awnitp']
[2021-03-01 21:00:51,374] {standard_task_runner.py:76} INFO - Job 1280: Subtask user_extraction
[2021-03-01 21:00:51,399] {logging_mixin.py:103} INFO - Running <TaskInstance: user_processing.user_extraction 2020-09-03T00:00:00+00:00 [running]> on host pop-os.localdomain
[2021-03-01 21:00:51,442] {taskinstance.py:1232} INFO - Exporting the following env vars:
AIRFLOW_CTX_DAG_OWNER=airflow
AIRFLOW_CTX_DAG_ID=user_processing
AIRFLOW_CTX_TASK_ID=user_extraction
AIRFLOW_CTX_EXECUTION_DATE=2020-09-03T00:00:00+00:00
AIRFLOW_CTX_DAG_RUN_ID=scheduled__2020-09-03T00:00:00+00:00
[2021-03-01 21:00:51,443] {http.py:106} INFO - Calling HTTP method
[2021-03-01 21:00:51,446] {base.py:74} INFO - Using connection to: id: user_api. Host: https://randomuser.me/, Port: None, Schema: , Login: , Password: None, extra: None
[2021-03-01 21:00:51,448] {http.py:140} INFO - Sending 'GET' to url: https://randomuser.me/api/
[2021-03-01 21:00:51,600] {http.py:110} INFO - {"results":[{"gender":"male","name":{"title":"Mr","first":"Wallace","last":"Ray"},"location":{"street":{"number":3418,"name":"The Crescent"},"city":"Monaghan","state":"Longford","country":"Ireland","postcode":85411,"coordinates":{"latitude":"16.2359","longitude":"-146.8467"},"timezone":{"offset":"-1:00","description":"Azores, Cape Verde Islands"}},"email":"wallace.ray@example.com","login":{"uuid":"fc65da9d-6548-433e-a85a-9b4272a13eba","username":"goldenmouse626","password":"lickme","salt":"xvsHpm4M","md5":"a3493903e5520402da554bf7ae121ec6","sha1":"ea6fb3c6717a4de89328a88997c1fe38e0caa7eb","sha256":"ca8a162ce0211f6bff474d1e8a52324ea93adc8f16085c7334aee31e351b0dba"},"dob":{"date":"1982-07-25T10:04:47.090Z","age":39},"registered":{"date":"2007-06-09T04:39:37.939Z","age":14},"phone":"041-161-2876","cell":"081-199-2571","id":{"name":"PPS","value":"0379691T"},"picture":{"large":"https://randomuser.me/api/portraits/men/16.jpg","medium":"https://randomuser.me/api/portraits/med/men/16.jpg","thumbnail":"https://randomuser.me/api/portraits/thumb/men/16.jpg"},"nat":"IE"}],"info":{"seed":"b8c66fdcf265292d","results":1,"page":1,"version":"1.3"}}
[2021-03-01 21:00:51,626] {taskinstance.py:1142} INFO - Marking task as SUCCESS. dag_id=user_processing, task_id=user_extraction, execution_date=20200903T000000, start_date=20210302T020051, end_date=20210302T020051
[2021-03-01 21:00:51,649] {taskinstance.py:1195} INFO - 1 downstream tasks scheduled from follow-on schedule check
[2021-03-01 21:00:51,665] {local_task_job.py:118} INFO - Task exited with return code 0
