[2021-03-01 20:53:32,361] {taskinstance.py:826} INFO - Dependencies all met for <TaskInstance: user_processing.user_extraction 2020-06-21T00:00:00+00:00 [queued]>
[2021-03-01 20:53:32,365] {taskinstance.py:826} INFO - Dependencies all met for <TaskInstance: user_processing.user_extraction 2020-06-21T00:00:00+00:00 [queued]>
[2021-03-01 20:53:32,366] {taskinstance.py:1017} INFO - 
--------------------------------------------------------------------------------
[2021-03-01 20:53:32,366] {taskinstance.py:1018} INFO - Starting attempt 1 of 1
[2021-03-01 20:53:32,366] {taskinstance.py:1019} INFO - 
--------------------------------------------------------------------------------
[2021-03-01 20:53:32,373] {taskinstance.py:1038} INFO - Executing <Task(SimpleHttpOperator): user_extraction> on 2020-06-21T00:00:00+00:00
[2021-03-01 20:53:32,374] {standard_task_runner.py:51} INFO - Started process 256825 to run task
[2021-03-01 20:53:32,377] {standard_task_runner.py:75} INFO - Running: ['airflow', 'tasks', 'run', 'user_processing', 'user_extraction', '2020-06-21T00:00:00+00:00', '--job-id', '910', '--pool', 'default_pool', '--raw', '--subdir', 'DAGS_FOLDER/user_processing.py', '--cfg-path', '/tmp/tmpic518e7q']
[2021-03-01 20:53:32,377] {standard_task_runner.py:76} INFO - Job 910: Subtask user_extraction
[2021-03-01 20:53:32,416] {logging_mixin.py:103} INFO - Running <TaskInstance: user_processing.user_extraction 2020-06-21T00:00:00+00:00 [running]> on host pop-os.localdomain
[2021-03-01 20:53:32,443] {taskinstance.py:1232} INFO - Exporting the following env vars:
AIRFLOW_CTX_DAG_OWNER=airflow
AIRFLOW_CTX_DAG_ID=user_processing
AIRFLOW_CTX_TASK_ID=user_extraction
AIRFLOW_CTX_EXECUTION_DATE=2020-06-21T00:00:00+00:00
AIRFLOW_CTX_DAG_RUN_ID=scheduled__2020-06-21T00:00:00+00:00
[2021-03-01 20:53:32,444] {http.py:106} INFO - Calling HTTP method
[2021-03-01 20:53:32,454] {base.py:74} INFO - Using connection to: id: user_api. Host: https://randomuser.me/, Port: None, Schema: , Login: , Password: None, extra: None
[2021-03-01 20:53:32,458] {http.py:140} INFO - Sending 'GET' to url: https://randomuser.me/api/
[2021-03-01 20:53:32,572] {http.py:110} INFO - {"results":[{"gender":"male","name":{"title":"Mr","first":"Curtis","last":"Steward"},"location":{"street":{"number":6778,"name":"North Road"},"city":"Kinsealy-Drinan","state":"Waterford","country":"Ireland","postcode":86258,"coordinates":{"latitude":"17.1308","longitude":"-97.7082"},"timezone":{"offset":"0:00","description":"Western Europe Time, London, Lisbon, Casablanca"}},"email":"curtis.steward@example.com","login":{"uuid":"3e7a78ed-89f3-4be5-a830-6a7747ca1f2f","username":"bluebear439","password":"legend","salt":"FJ9lQ6wP","md5":"076f20792cfa41ea22f83ac055560623","sha1":"89845a676880d9bc0c6ad6f2b47281b737f4472c","sha256":"3016ffc5b98d4f142d59b48504a6d77adb997c18538178840ce14c4de3689683"},"dob":{"date":"1980-02-19T07:31:34.408Z","age":41},"registered":{"date":"2010-11-30T05:52:33.110Z","age":11},"phone":"021-476-0919","cell":"081-472-5946","id":{"name":"PPS","value":"2923798T"},"picture":{"large":"https://randomuser.me/api/portraits/men/44.jpg","medium":"https://randomuser.me/api/portraits/med/men/44.jpg","thumbnail":"https://randomuser.me/api/portraits/thumb/men/44.jpg"},"nat":"IE"}],"info":{"seed":"3988f5fc75be4152","results":1,"page":1,"version":"1.3"}}
[2021-03-01 20:53:32,599] {taskinstance.py:1142} INFO - Marking task as SUCCESS. dag_id=user_processing, task_id=user_extraction, execution_date=20200621T000000, start_date=20210302T015332, end_date=20210302T015332
[2021-03-01 20:53:32,628] {taskinstance.py:1195} INFO - 1 downstream tasks scheduled from follow-on schedule check
[2021-03-01 20:53:32,669] {local_task_job.py:118} INFO - Task exited with return code 0
