[2021-03-01 20:49:23,362] {taskinstance.py:826} INFO - Dependencies all met for <TaskInstance: user_processing.user_extraction 2020-05-13T00:00:00+00:00 [queued]>
[2021-03-01 20:49:23,368] {taskinstance.py:826} INFO - Dependencies all met for <TaskInstance: user_processing.user_extraction 2020-05-13T00:00:00+00:00 [queued]>
[2021-03-01 20:49:23,368] {taskinstance.py:1017} INFO - 
--------------------------------------------------------------------------------
[2021-03-01 20:49:23,368] {taskinstance.py:1018} INFO - Starting attempt 1 of 1
[2021-03-01 20:49:23,369] {taskinstance.py:1019} INFO - 
--------------------------------------------------------------------------------
[2021-03-01 20:49:23,379] {taskinstance.py:1038} INFO - Executing <Task(SimpleHttpOperator): user_extraction> on 2020-05-13T00:00:00+00:00
[2021-03-01 20:49:23,382] {standard_task_runner.py:51} INFO - Started process 251649 to run task
[2021-03-01 20:49:23,385] {standard_task_runner.py:75} INFO - Running: ['airflow', 'tasks', 'run', 'user_processing', 'user_extraction', '2020-05-13T00:00:00+00:00', '--job-id', '715', '--pool', 'default_pool', '--raw', '--subdir', 'DAGS_FOLDER/user_processing.py', '--cfg-path', '/tmp/tmphocpd5he']
[2021-03-01 20:49:23,386] {standard_task_runner.py:76} INFO - Job 715: Subtask user_extraction
[2021-03-01 20:49:23,411] {logging_mixin.py:103} INFO - Running <TaskInstance: user_processing.user_extraction 2020-05-13T00:00:00+00:00 [running]> on host pop-os.localdomain
[2021-03-01 20:49:23,437] {taskinstance.py:1232} INFO - Exporting the following env vars:
AIRFLOW_CTX_DAG_OWNER=airflow
AIRFLOW_CTX_DAG_ID=user_processing
AIRFLOW_CTX_TASK_ID=user_extraction
AIRFLOW_CTX_EXECUTION_DATE=2020-05-13T00:00:00+00:00
AIRFLOW_CTX_DAG_RUN_ID=scheduled__2020-05-13T00:00:00+00:00
[2021-03-01 20:49:23,438] {http.py:106} INFO - Calling HTTP method
[2021-03-01 20:49:23,441] {base.py:74} INFO - Using connection to: id: user_api. Host: https://randomuser.me/, Port: None, Schema: , Login: , Password: None, extra: None
[2021-03-01 20:49:23,443] {http.py:140} INFO - Sending 'GET' to url: https://randomuser.me/api/
[2021-03-01 20:49:23,552] {http.py:110} INFO - {"results":[{"gender":"female","name":{"title":"Miss","first":"Sofia","last":"Hughes"},"location":{"street":{"number":7684,"name":"Park Avenue"},"city":"Kells","state":"Cork","country":"Ireland","postcode":90974,"coordinates":{"latitude":"26.3803","longitude":"123.3550"},"timezone":{"offset":"-3:00","description":"Brazil, Buenos Aires, Georgetown"}},"email":"sofia.hughes@example.com","login":{"uuid":"e715c971-e1a1-49e8-b8ad-81847e3ed844","username":"smallleopard166","password":"nolimit","salt":"hOeJ5HSF","md5":"05037c0e3e2e4b1ae18e03ba42a03591","sha1":"4ac8bc71a07d062a214c2671bf20d1dbbb9ee943","sha256":"55eefae399f49c049af193f5f8772c608c46e8c7149abf13fedf751ea9fd9e27"},"dob":{"date":"1972-07-04T15:26:51.051Z","age":49},"registered":{"date":"2007-06-01T16:58:23.404Z","age":14},"phone":"071-298-5222","cell":"081-508-4239","id":{"name":"PPS","value":"6762874T"},"picture":{"large":"https://randomuser.me/api/portraits/women/48.jpg","medium":"https://randomuser.me/api/portraits/med/women/48.jpg","thumbnail":"https://randomuser.me/api/portraits/thumb/women/48.jpg"},"nat":"IE"}],"info":{"seed":"e6486895aa547186","results":1,"page":1,"version":"1.3"}}
[2021-03-01 20:49:23,565] {taskinstance.py:1142} INFO - Marking task as SUCCESS. dag_id=user_processing, task_id=user_extraction, execution_date=20200513T000000, start_date=20210302T014923, end_date=20210302T014923
[2021-03-01 20:49:23,588] {taskinstance.py:1195} INFO - 1 downstream tasks scheduled from follow-on schedule check
[2021-03-01 20:49:23,596] {local_task_job.py:118} INFO - Task exited with return code 0
