[2021-03-01 20:26:32,706] {scheduler_job.py:181} INFO - Started process (PID=229765) to work on /home/i-sip_iot/airflow/dags/user_processing.py
[2021-03-01 20:26:32,706] {scheduler_job.py:629} INFO - Processing file /home/i-sip_iot/airflow/dags/user_processing.py for tasks to queue
[2021-03-01 20:26:32,707] {logging_mixin.py:103} INFO - [2021-03-01 20:26:32,707] {dagbag.py:440} INFO - Filling up the DagBag from /home/i-sip_iot/airflow/dags/user_processing.py
[2021-03-01 20:26:32,986] {scheduler_job.py:639} INFO - DAG(s) dict_keys(['user_processing']) retrieved from /home/i-sip_iot/airflow/dags/user_processing.py
[2021-03-01 20:26:32,990] {logging_mixin.py:103} INFO - [2021-03-01 20:26:32,990] {dag.py:1813} INFO - Sync 1 DAGs
[2021-03-01 20:26:33,000] {logging_mixin.py:103} INFO - [2021-03-01 20:26:33,000] {dag.py:2266} INFO - Setting next_dagrun for user_processing to 2021-03-02 00:00:00+00:00
[2021-03-01 20:26:33,016] {scheduler_job.py:189} INFO - Processing /home/i-sip_iot/airflow/dags/user_processing.py took 0.312 seconds
[2021-03-01 20:26:34,139] {scheduler_job.py:181} INFO - Started process (PID=229801) to work on /home/i-sip_iot/airflow/dags/user_processing.py
[2021-03-01 20:26:34,139] {scheduler_job.py:629} INFO - Processing file /home/i-sip_iot/airflow/dags/user_processing.py for tasks to queue
[2021-03-01 20:26:34,140] {logging_mixin.py:103} INFO - [2021-03-01 20:26:34,140] {dagbag.py:440} INFO - Filling up the DagBag from /home/i-sip_iot/airflow/dags/user_processing.py
[2021-03-01 20:26:34,416] {scheduler_job.py:639} INFO - DAG(s) dict_keys(['user_processing']) retrieved from /home/i-sip_iot/airflow/dags/user_processing.py
[2021-03-01 20:26:34,423] {logging_mixin.py:103} INFO - [2021-03-01 20:26:34,423] {dag.py:1813} INFO - Sync 1 DAGs
[2021-03-01 20:26:34,438] {logging_mixin.py:103} INFO - [2021-03-01 20:26:34,438] {dag.py:2266} INFO - Setting next_dagrun for user_processing to 2021-03-02 00:00:00+00:00
[2021-03-01 20:26:34,444] {scheduler_job.py:189} INFO - Processing /home/i-sip_iot/airflow/dags/user_processing.py took 0.307 seconds
[2021-03-01 20:27:12,436] {scheduler_job.py:181} INFO - Started process (PID=229991) to work on /home/i-sip_iot/airflow/dags/user_processing.py
[2021-03-01 20:27:12,437] {scheduler_job.py:629} INFO - Processing file /home/i-sip_iot/airflow/dags/user_processing.py for tasks to queue
[2021-03-01 20:27:12,437] {logging_mixin.py:103} INFO - [2021-03-01 20:27:12,437] {dagbag.py:440} INFO - Filling up the DagBag from /home/i-sip_iot/airflow/dags/user_processing.py
[2021-03-01 20:27:12,704] {scheduler_job.py:639} INFO - DAG(s) dict_keys(['user_processing']) retrieved from /home/i-sip_iot/airflow/dags/user_processing.py
[2021-03-01 20:27:12,705] {logging_mixin.py:103} INFO - [2021-03-01 20:27:12,705] {dag.py:1813} INFO - Sync 1 DAGs
[2021-03-01 20:27:12,715] {logging_mixin.py:103} INFO - [2021-03-01 20:27:12,715] {dag.py:2266} INFO - Setting next_dagrun for user_processing to 2021-03-02 00:00:00+00:00
[2021-03-01 20:27:12,721] {scheduler_job.py:189} INFO - Processing /home/i-sip_iot/airflow/dags/user_processing.py took 0.287 seconds
[2021-03-01 20:27:37,797] {scheduler_job.py:181} INFO - Started process (PID=230273) to work on /home/i-sip_iot/airflow/dags/user_processing.py
[2021-03-01 20:27:37,798] {scheduler_job.py:629} INFO - Processing file /home/i-sip_iot/airflow/dags/user_processing.py for tasks to queue
[2021-03-01 20:27:37,798] {logging_mixin.py:103} INFO - [2021-03-01 20:27:37,798] {dagbag.py:440} INFO - Filling up the DagBag from /home/i-sip_iot/airflow/dags/user_processing.py
[2021-03-01 20:27:38,062] {scheduler_job.py:639} INFO - DAG(s) dict_keys(['user_processing']) retrieved from /home/i-sip_iot/airflow/dags/user_processing.py
[2021-03-01 20:27:38,062] {logging_mixin.py:103} INFO - [2021-03-01 20:27:38,062] {dag.py:1813} INFO - Sync 1 DAGs
[2021-03-01 20:27:38,072] {logging_mixin.py:103} INFO - [2021-03-01 20:27:38,072] {dag.py:2266} INFO - Setting next_dagrun for user_processing to 2021-03-02 00:00:00+00:00
[2021-03-01 20:27:38,079] {scheduler_job.py:189} INFO - Processing /home/i-sip_iot/airflow/dags/user_processing.py took 0.284 seconds
[2021-03-01 20:28:04,860] {scheduler_job.py:181} INFO - Started process (PID=230367) to work on /home/i-sip_iot/airflow/dags/user_processing.py
[2021-03-01 20:28:04,861] {scheduler_job.py:629} INFO - Processing file /home/i-sip_iot/airflow/dags/user_processing.py for tasks to queue
[2021-03-01 20:28:04,861] {logging_mixin.py:103} INFO - [2021-03-01 20:28:04,861] {dagbag.py:440} INFO - Filling up the DagBag from /home/i-sip_iot/airflow/dags/user_processing.py
[2021-03-01 20:28:05,147] {scheduler_job.py:639} INFO - DAG(s) dict_keys(['user_processing']) retrieved from /home/i-sip_iot/airflow/dags/user_processing.py
[2021-03-01 20:28:05,148] {logging_mixin.py:103} INFO - [2021-03-01 20:28:05,148] {dag.py:1813} INFO - Sync 1 DAGs
[2021-03-01 20:28:05,160] {logging_mixin.py:103} INFO - [2021-03-01 20:28:05,160] {dag.py:2266} INFO - Setting next_dagrun for user_processing to 2021-03-02 00:00:00+00:00
[2021-03-01 20:28:05,167] {scheduler_job.py:189} INFO - Processing /home/i-sip_iot/airflow/dags/user_processing.py took 0.310 seconds
[2021-03-01 20:28:31,108] {scheduler_job.py:181} INFO - Started process (PID=230640) to work on /home/i-sip_iot/airflow/dags/user_processing.py
[2021-03-01 20:28:31,110] {scheduler_job.py:629} INFO - Processing file /home/i-sip_iot/airflow/dags/user_processing.py for tasks to queue
[2021-03-01 20:28:31,111] {logging_mixin.py:103} INFO - [2021-03-01 20:28:31,111] {dagbag.py:440} INFO - Filling up the DagBag from /home/i-sip_iot/airflow/dags/user_processing.py
[2021-03-01 20:28:31,368] {scheduler_job.py:639} INFO - DAG(s) dict_keys(['user_processing']) retrieved from /home/i-sip_iot/airflow/dags/user_processing.py
[2021-03-01 20:28:31,368] {logging_mixin.py:103} INFO - [2021-03-01 20:28:31,368] {dag.py:1813} INFO - Sync 1 DAGs
[2021-03-01 20:28:31,379] {logging_mixin.py:103} INFO - [2021-03-01 20:28:31,379] {dag.py:2266} INFO - Setting next_dagrun for user_processing to 2021-03-02 00:00:00+00:00
[2021-03-01 20:28:31,386] {scheduler_job.py:189} INFO - Processing /home/i-sip_iot/airflow/dags/user_processing.py took 0.285 seconds
[2021-03-01 20:28:56,315] {scheduler_job.py:181} INFO - Started process (PID=230727) to work on /home/i-sip_iot/airflow/dags/user_processing.py
[2021-03-01 20:28:56,316] {scheduler_job.py:629} INFO - Processing file /home/i-sip_iot/airflow/dags/user_processing.py for tasks to queue
[2021-03-01 20:28:56,316] {logging_mixin.py:103} INFO - [2021-03-01 20:28:56,316] {dagbag.py:440} INFO - Filling up the DagBag from /home/i-sip_iot/airflow/dags/user_processing.py
[2021-03-01 20:28:56,694] {scheduler_job.py:639} INFO - DAG(s) dict_keys(['user_processing']) retrieved from /home/i-sip_iot/airflow/dags/user_processing.py
[2021-03-01 20:28:56,695] {logging_mixin.py:103} INFO - [2021-03-01 20:28:56,695] {dag.py:1813} INFO - Sync 1 DAGs
[2021-03-01 20:28:56,708] {logging_mixin.py:103} INFO - [2021-03-01 20:28:56,708] {dag.py:2266} INFO - Setting next_dagrun for user_processing to 2021-03-02 00:00:00+00:00
[2021-03-01 20:28:56,721] {scheduler_job.py:189} INFO - Processing /home/i-sip_iot/airflow/dags/user_processing.py took 0.407 seconds
[2021-03-01 20:29:22,014] {scheduler_job.py:181} INFO - Started process (PID=231651) to work on /home/i-sip_iot/airflow/dags/user_processing.py
[2021-03-01 20:29:22,015] {scheduler_job.py:629} INFO - Processing file /home/i-sip_iot/airflow/dags/user_processing.py for tasks to queue
[2021-03-01 20:29:22,016] {logging_mixin.py:103} INFO - [2021-03-01 20:29:22,016] {dagbag.py:440} INFO - Filling up the DagBag from /home/i-sip_iot/airflow/dags/user_processing.py
[2021-03-01 20:29:22,380] {scheduler_job.py:639} INFO - DAG(s) dict_keys(['user_processing']) retrieved from /home/i-sip_iot/airflow/dags/user_processing.py
[2021-03-01 20:29:22,380] {logging_mixin.py:103} INFO - [2021-03-01 20:29:22,380] {dag.py:1813} INFO - Sync 1 DAGs
[2021-03-01 20:29:22,389] {logging_mixin.py:103} INFO - [2021-03-01 20:29:22,389] {dag.py:2266} INFO - Setting next_dagrun for user_processing to 2021-03-02 00:00:00+00:00
[2021-03-01 20:29:22,408] {scheduler_job.py:189} INFO - Processing /home/i-sip_iot/airflow/dags/user_processing.py took 0.398 seconds
[2021-03-01 20:29:47,756] {scheduler_job.py:181} INFO - Started process (PID=231912) to work on /home/i-sip_iot/airflow/dags/user_processing.py
[2021-03-01 20:29:47,757] {scheduler_job.py:629} INFO - Processing file /home/i-sip_iot/airflow/dags/user_processing.py for tasks to queue
[2021-03-01 20:29:47,757] {logging_mixin.py:103} INFO - [2021-03-01 20:29:47,757] {dagbag.py:440} INFO - Filling up the DagBag from /home/i-sip_iot/airflow/dags/user_processing.py
[2021-03-01 20:29:48,051] {scheduler_job.py:639} INFO - DAG(s) dict_keys(['user_processing']) retrieved from /home/i-sip_iot/airflow/dags/user_processing.py
[2021-03-01 20:29:48,052] {logging_mixin.py:103} INFO - [2021-03-01 20:29:48,052] {dag.py:1813} INFO - Sync 1 DAGs
[2021-03-01 20:29:48,060] {logging_mixin.py:103} INFO - [2021-03-01 20:29:48,060] {dag.py:2266} INFO - Setting next_dagrun for user_processing to 2021-03-02 00:00:00+00:00
[2021-03-01 20:29:48,064] {scheduler_job.py:189} INFO - Processing /home/i-sip_iot/airflow/dags/user_processing.py took 0.309 seconds
[2021-03-01 20:30:13,018] {scheduler_job.py:181} INFO - Started process (PID=232112) to work on /home/i-sip_iot/airflow/dags/user_processing.py
[2021-03-01 20:30:13,022] {scheduler_job.py:629} INFO - Processing file /home/i-sip_iot/airflow/dags/user_processing.py for tasks to queue
[2021-03-01 20:30:13,023] {logging_mixin.py:103} INFO - [2021-03-01 20:30:13,022] {dagbag.py:440} INFO - Filling up the DagBag from /home/i-sip_iot/airflow/dags/user_processing.py
[2021-03-01 20:30:13,315] {scheduler_job.py:639} INFO - DAG(s) dict_keys(['user_processing']) retrieved from /home/i-sip_iot/airflow/dags/user_processing.py
[2021-03-01 20:30:13,316] {logging_mixin.py:103} INFO - [2021-03-01 20:30:13,316] {dag.py:1813} INFO - Sync 1 DAGs
[2021-03-01 20:30:13,324] {logging_mixin.py:103} INFO - [2021-03-01 20:30:13,324] {dag.py:2266} INFO - Setting next_dagrun for user_processing to 2021-03-02 00:00:00+00:00
[2021-03-01 20:30:13,330] {scheduler_job.py:189} INFO - Processing /home/i-sip_iot/airflow/dags/user_processing.py took 0.316 seconds
