[2021-03-01 20:41:26,736] {taskinstance.py:826} INFO - Dependencies all met for <TaskInstance: user_processing.user_extraction 2020-02-27T00:00:00+00:00 [queued]>
[2021-03-01 20:41:26,742] {taskinstance.py:826} INFO - Dependencies all met for <TaskInstance: user_processing.user_extraction 2020-02-27T00:00:00+00:00 [queued]>
[2021-03-01 20:41:26,742] {taskinstance.py:1017} INFO - 
--------------------------------------------------------------------------------
[2021-03-01 20:41:26,742] {taskinstance.py:1018} INFO - Starting attempt 1 of 1
[2021-03-01 20:41:26,742] {taskinstance.py:1019} INFO - 
--------------------------------------------------------------------------------
[2021-03-01 20:41:26,750] {taskinstance.py:1038} INFO - Executing <Task(SimpleHttpOperator): user_extraction> on 2020-02-27T00:00:00+00:00
[2021-03-01 20:41:26,752] {standard_task_runner.py:51} INFO - Started process 242139 to run task
[2021-03-01 20:41:26,754] {standard_task_runner.py:75} INFO - Running: ['airflow', 'tasks', 'run', 'user_processing', 'user_extraction', '2020-02-27T00:00:00+00:00', '--job-id', '335', '--pool', 'default_pool', '--raw', '--subdir', 'DAGS_FOLDER/user_processing.py', '--cfg-path', '/tmp/tmp1wozlf5l']
[2021-03-01 20:41:26,755] {standard_task_runner.py:76} INFO - Job 335: Subtask user_extraction
[2021-03-01 20:41:26,777] {logging_mixin.py:103} INFO - Running <TaskInstance: user_processing.user_extraction 2020-02-27T00:00:00+00:00 [running]> on host pop-os.localdomain
[2021-03-01 20:41:26,799] {taskinstance.py:1232} INFO - Exporting the following env vars:
AIRFLOW_CTX_DAG_OWNER=airflow
AIRFLOW_CTX_DAG_ID=user_processing
AIRFLOW_CTX_TASK_ID=user_extraction
AIRFLOW_CTX_EXECUTION_DATE=2020-02-27T00:00:00+00:00
AIRFLOW_CTX_DAG_RUN_ID=scheduled__2020-02-27T00:00:00+00:00
[2021-03-01 20:41:26,799] {http.py:106} INFO - Calling HTTP method
[2021-03-01 20:41:26,802] {base.py:74} INFO - Using connection to: id: user_api. Host: https://randomuser.me/, Port: None, Schema: , Login: , Password: None, extra: None
[2021-03-01 20:41:26,803] {http.py:140} INFO - Sending 'GET' to url: https://randomuser.me/api/
[2021-03-01 20:41:26,877] {http.py:110} INFO - {"results":[{"gender":"male","name":{"title":"Mr","first":"Mason","last":"Fuller"},"location":{"street":{"number":6166,"name":"School Lane"},"city":"Winchester","state":"South Glamorgan","country":"United Kingdom","postcode":"MD05 3PN","coordinates":{"latitude":"6.3816","longitude":"-86.7265"},"timezone":{"offset":"+11:00","description":"Magadan, Solomon Islands, New Caledonia"}},"email":"mason.fuller@example.com","login":{"uuid":"a4f9bfcf-137c-4346-9ec0-0fe8a6573873","username":"smallbear132","password":"toocool","salt":"gnDXlqzf","md5":"ce4968c5083639a8067a891e2cc4372a","sha1":"9212bf12b7de736ec49fc43a7af0b17815a53f1f","sha256":"c5cc15d0ec9fb77fa6c4b6d6cb415dd6903b599221d723c546195c013646ca4b"},"dob":{"date":"1996-06-02T21:10:45.113Z","age":25},"registered":{"date":"2018-03-16T05:55:06.175Z","age":3},"phone":"016974 38503","cell":"0757-338-002","id":{"name":"NINO","value":"WK 19 20 44 L"},"picture":{"large":"https://randomuser.me/api/portraits/men/50.jpg","medium":"https://randomuser.me/api/portraits/med/men/50.jpg","thumbnail":"https://randomuser.me/api/portraits/thumb/men/50.jpg"},"nat":"GB"}],"info":{"seed":"0591340a24f94b16","results":1,"page":1,"version":"1.3"}}
[2021-03-01 20:41:26,890] {taskinstance.py:1142} INFO - Marking task as SUCCESS. dag_id=user_processing, task_id=user_extraction, execution_date=20200227T000000, start_date=20210302T014126, end_date=20210302T014126
[2021-03-01 20:41:26,925] {taskinstance.py:1195} INFO - 1 downstream tasks scheduled from follow-on schedule check
[2021-03-01 20:41:26,966] {local_task_job.py:118} INFO - Task exited with return code 0
