[2021-03-01 20:26:51,661] {scheduler_job.py:181} INFO - Started process (PID=229908) to work on /home/i-sip_iot/anaconda3/envs/sandbox/lib/python3.7/site-packages/airflow/example_dags/example_latest_only_with_trigger.py
[2021-03-01 20:26:51,661] {scheduler_job.py:629} INFO - Processing file /home/i-sip_iot/anaconda3/envs/sandbox/lib/python3.7/site-packages/airflow/example_dags/example_latest_only_with_trigger.py for tasks to queue
[2021-03-01 20:26:51,662] {logging_mixin.py:103} INFO - [2021-03-01 20:26:51,661] {dagbag.py:440} INFO - Filling up the DagBag from /home/i-sip_iot/anaconda3/envs/sandbox/lib/python3.7/site-packages/airflow/example_dags/example_latest_only_with_trigger.py
[2021-03-01 20:26:51,666] {scheduler_job.py:639} INFO - DAG(s) dict_keys(['latest_only_with_trigger']) retrieved from /home/i-sip_iot/anaconda3/envs/sandbox/lib/python3.7/site-packages/airflow/example_dags/example_latest_only_with_trigger.py
[2021-03-01 20:26:51,667] {logging_mixin.py:103} INFO - [2021-03-01 20:26:51,667] {dag.py:1813} INFO - Sync 1 DAGs
[2021-03-01 20:26:51,676] {logging_mixin.py:103} INFO - [2021-03-01 20:26:51,676] {dag.py:2266} INFO - Setting next_dagrun for latest_only_with_trigger to 2021-02-28 00:00:00+00:00
[2021-03-01 20:26:51,707] {scheduler_job.py:189} INFO - Processing /home/i-sip_iot/anaconda3/envs/sandbox/lib/python3.7/site-packages/airflow/example_dags/example_latest_only_with_trigger.py took 0.048 seconds
[2021-03-01 20:27:17,497] {scheduler_job.py:181} INFO - Started process (PID=230014) to work on /home/i-sip_iot/anaconda3/envs/sandbox/lib/python3.7/site-packages/airflow/example_dags/example_latest_only_with_trigger.py
[2021-03-01 20:27:17,498] {scheduler_job.py:629} INFO - Processing file /home/i-sip_iot/anaconda3/envs/sandbox/lib/python3.7/site-packages/airflow/example_dags/example_latest_only_with_trigger.py for tasks to queue
[2021-03-01 20:27:17,499] {logging_mixin.py:103} INFO - [2021-03-01 20:27:17,499] {dagbag.py:440} INFO - Filling up the DagBag from /home/i-sip_iot/anaconda3/envs/sandbox/lib/python3.7/site-packages/airflow/example_dags/example_latest_only_with_trigger.py
[2021-03-01 20:27:17,507] {scheduler_job.py:639} INFO - DAG(s) dict_keys(['latest_only_with_trigger']) retrieved from /home/i-sip_iot/anaconda3/envs/sandbox/lib/python3.7/site-packages/airflow/example_dags/example_latest_only_with_trigger.py
[2021-03-01 20:27:17,507] {logging_mixin.py:103} INFO - [2021-03-01 20:27:17,507] {dag.py:1813} INFO - Sync 1 DAGs
[2021-03-01 20:27:17,522] {logging_mixin.py:103} INFO - [2021-03-01 20:27:17,522] {dag.py:2266} INFO - Setting next_dagrun for latest_only_with_trigger to 2021-02-28 00:00:00+00:00
[2021-03-01 20:27:17,529] {scheduler_job.py:189} INFO - Processing /home/i-sip_iot/anaconda3/envs/sandbox/lib/python3.7/site-packages/airflow/example_dags/example_latest_only_with_trigger.py took 0.034 seconds
[2021-03-01 20:27:42,753] {scheduler_job.py:181} INFO - Started process (PID=230304) to work on /home/i-sip_iot/anaconda3/envs/sandbox/lib/python3.7/site-packages/airflow/example_dags/example_latest_only_with_trigger.py
[2021-03-01 20:27:42,757] {scheduler_job.py:629} INFO - Processing file /home/i-sip_iot/anaconda3/envs/sandbox/lib/python3.7/site-packages/airflow/example_dags/example_latest_only_with_trigger.py for tasks to queue
[2021-03-01 20:27:42,758] {logging_mixin.py:103} INFO - [2021-03-01 20:27:42,758] {dagbag.py:440} INFO - Filling up the DagBag from /home/i-sip_iot/anaconda3/envs/sandbox/lib/python3.7/site-packages/airflow/example_dags/example_latest_only_with_trigger.py
[2021-03-01 20:27:42,773] {scheduler_job.py:639} INFO - DAG(s) dict_keys(['latest_only_with_trigger']) retrieved from /home/i-sip_iot/anaconda3/envs/sandbox/lib/python3.7/site-packages/airflow/example_dags/example_latest_only_with_trigger.py
[2021-03-01 20:27:42,774] {logging_mixin.py:103} INFO - [2021-03-01 20:27:42,774] {dag.py:1813} INFO - Sync 1 DAGs
[2021-03-01 20:27:42,788] {logging_mixin.py:103} INFO - [2021-03-01 20:27:42,787] {dag.py:2266} INFO - Setting next_dagrun for latest_only_with_trigger to 2021-02-28 00:00:00+00:00
[2021-03-01 20:27:42,797] {scheduler_job.py:189} INFO - Processing /home/i-sip_iot/anaconda3/envs/sandbox/lib/python3.7/site-packages/airflow/example_dags/example_latest_only_with_trigger.py took 0.049 seconds
[2021-03-01 20:28:09,896] {scheduler_job.py:181} INFO - Started process (PID=230392) to work on /home/i-sip_iot/anaconda3/envs/sandbox/lib/python3.7/site-packages/airflow/example_dags/example_latest_only_with_trigger.py
[2021-03-01 20:28:09,897] {scheduler_job.py:629} INFO - Processing file /home/i-sip_iot/anaconda3/envs/sandbox/lib/python3.7/site-packages/airflow/example_dags/example_latest_only_with_trigger.py for tasks to queue
[2021-03-01 20:28:09,897] {logging_mixin.py:103} INFO - [2021-03-01 20:28:09,897] {dagbag.py:440} INFO - Filling up the DagBag from /home/i-sip_iot/anaconda3/envs/sandbox/lib/python3.7/site-packages/airflow/example_dags/example_latest_only_with_trigger.py
[2021-03-01 20:28:09,904] {scheduler_job.py:639} INFO - DAG(s) dict_keys(['latest_only_with_trigger']) retrieved from /home/i-sip_iot/anaconda3/envs/sandbox/lib/python3.7/site-packages/airflow/example_dags/example_latest_only_with_trigger.py
[2021-03-01 20:28:09,905] {logging_mixin.py:103} INFO - [2021-03-01 20:28:09,905] {dag.py:1813} INFO - Sync 1 DAGs
[2021-03-01 20:28:09,924] {logging_mixin.py:103} INFO - [2021-03-01 20:28:09,924] {dag.py:2266} INFO - Setting next_dagrun for latest_only_with_trigger to 2021-02-28 00:00:00+00:00
[2021-03-01 20:28:09,932] {scheduler_job.py:189} INFO - Processing /home/i-sip_iot/anaconda3/envs/sandbox/lib/python3.7/site-packages/airflow/example_dags/example_latest_only_with_trigger.py took 0.038 seconds
[2021-03-01 20:28:36,151] {scheduler_job.py:181} INFO - Started process (PID=230660) to work on /home/i-sip_iot/anaconda3/envs/sandbox/lib/python3.7/site-packages/airflow/example_dags/example_latest_only_with_trigger.py
[2021-03-01 20:28:36,153] {scheduler_job.py:629} INFO - Processing file /home/i-sip_iot/anaconda3/envs/sandbox/lib/python3.7/site-packages/airflow/example_dags/example_latest_only_with_trigger.py for tasks to queue
[2021-03-01 20:28:36,155] {logging_mixin.py:103} INFO - [2021-03-01 20:28:36,155] {dagbag.py:440} INFO - Filling up the DagBag from /home/i-sip_iot/anaconda3/envs/sandbox/lib/python3.7/site-packages/airflow/example_dags/example_latest_only_with_trigger.py
[2021-03-01 20:28:36,167] {scheduler_job.py:639} INFO - DAG(s) dict_keys(['latest_only_with_trigger']) retrieved from /home/i-sip_iot/anaconda3/envs/sandbox/lib/python3.7/site-packages/airflow/example_dags/example_latest_only_with_trigger.py
[2021-03-01 20:28:36,168] {logging_mixin.py:103} INFO - [2021-03-01 20:28:36,168] {dag.py:1813} INFO - Sync 1 DAGs
[2021-03-01 20:28:36,181] {logging_mixin.py:103} INFO - [2021-03-01 20:28:36,181] {dag.py:2266} INFO - Setting next_dagrun for latest_only_with_trigger to 2021-02-28 00:00:00+00:00
[2021-03-01 20:28:36,189] {scheduler_job.py:189} INFO - Processing /home/i-sip_iot/anaconda3/envs/sandbox/lib/python3.7/site-packages/airflow/example_dags/example_latest_only_with_trigger.py took 0.044 seconds
[2021-03-01 20:29:01,349] {scheduler_job.py:181} INFO - Started process (PID=231121) to work on /home/i-sip_iot/anaconda3/envs/sandbox/lib/python3.7/site-packages/airflow/example_dags/example_latest_only_with_trigger.py
[2021-03-01 20:29:01,350] {scheduler_job.py:629} INFO - Processing file /home/i-sip_iot/anaconda3/envs/sandbox/lib/python3.7/site-packages/airflow/example_dags/example_latest_only_with_trigger.py for tasks to queue
[2021-03-01 20:29:01,350] {logging_mixin.py:103} INFO - [2021-03-01 20:29:01,350] {dagbag.py:440} INFO - Filling up the DagBag from /home/i-sip_iot/anaconda3/envs/sandbox/lib/python3.7/site-packages/airflow/example_dags/example_latest_only_with_trigger.py
[2021-03-01 20:29:01,360] {scheduler_job.py:639} INFO - DAG(s) dict_keys(['latest_only_with_trigger']) retrieved from /home/i-sip_iot/anaconda3/envs/sandbox/lib/python3.7/site-packages/airflow/example_dags/example_latest_only_with_trigger.py
[2021-03-01 20:29:01,361] {logging_mixin.py:103} INFO - [2021-03-01 20:29:01,361] {dag.py:1813} INFO - Sync 1 DAGs
[2021-03-01 20:29:01,376] {logging_mixin.py:103} INFO - [2021-03-01 20:29:01,376] {dag.py:2266} INFO - Setting next_dagrun for latest_only_with_trigger to 2021-02-28 00:00:00+00:00
[2021-03-01 20:29:01,387] {scheduler_job.py:189} INFO - Processing /home/i-sip_iot/anaconda3/envs/sandbox/lib/python3.7/site-packages/airflow/example_dags/example_latest_only_with_trigger.py took 0.041 seconds
[2021-03-01 20:29:26,543] {scheduler_job.py:181} INFO - Started process (PID=231712) to work on /home/i-sip_iot/anaconda3/envs/sandbox/lib/python3.7/site-packages/airflow/example_dags/example_latest_only_with_trigger.py
[2021-03-01 20:29:26,545] {scheduler_job.py:629} INFO - Processing file /home/i-sip_iot/anaconda3/envs/sandbox/lib/python3.7/site-packages/airflow/example_dags/example_latest_only_with_trigger.py for tasks to queue
[2021-03-01 20:29:26,545] {logging_mixin.py:103} INFO - [2021-03-01 20:29:26,545] {dagbag.py:440} INFO - Filling up the DagBag from /home/i-sip_iot/anaconda3/envs/sandbox/lib/python3.7/site-packages/airflow/example_dags/example_latest_only_with_trigger.py
[2021-03-01 20:29:26,562] {scheduler_job.py:639} INFO - DAG(s) dict_keys(['latest_only_with_trigger']) retrieved from /home/i-sip_iot/anaconda3/envs/sandbox/lib/python3.7/site-packages/airflow/example_dags/example_latest_only_with_trigger.py
[2021-03-01 20:29:26,563] {logging_mixin.py:103} INFO - [2021-03-01 20:29:26,563] {dag.py:1813} INFO - Sync 1 DAGs
[2021-03-01 20:29:26,579] {logging_mixin.py:103} INFO - [2021-03-01 20:29:26,579] {dag.py:2266} INFO - Setting next_dagrun for latest_only_with_trigger to 2021-02-28 00:00:00+00:00
[2021-03-01 20:29:26,588] {scheduler_job.py:189} INFO - Processing /home/i-sip_iot/anaconda3/envs/sandbox/lib/python3.7/site-packages/airflow/example_dags/example_latest_only_with_trigger.py took 0.048 seconds
[2021-03-01 20:29:52,092] {scheduler_job.py:181} INFO - Started process (PID=231990) to work on /home/i-sip_iot/anaconda3/envs/sandbox/lib/python3.7/site-packages/airflow/example_dags/example_latest_only_with_trigger.py
[2021-03-01 20:29:52,092] {scheduler_job.py:629} INFO - Processing file /home/i-sip_iot/anaconda3/envs/sandbox/lib/python3.7/site-packages/airflow/example_dags/example_latest_only_with_trigger.py for tasks to queue
[2021-03-01 20:29:52,093] {logging_mixin.py:103} INFO - [2021-03-01 20:29:52,093] {dagbag.py:440} INFO - Filling up the DagBag from /home/i-sip_iot/anaconda3/envs/sandbox/lib/python3.7/site-packages/airflow/example_dags/example_latest_only_with_trigger.py
[2021-03-01 20:29:52,098] {scheduler_job.py:639} INFO - DAG(s) dict_keys(['latest_only_with_trigger']) retrieved from /home/i-sip_iot/anaconda3/envs/sandbox/lib/python3.7/site-packages/airflow/example_dags/example_latest_only_with_trigger.py
[2021-03-01 20:29:52,099] {logging_mixin.py:103} INFO - [2021-03-01 20:29:52,099] {dag.py:1813} INFO - Sync 1 DAGs
[2021-03-01 20:29:52,108] {logging_mixin.py:103} INFO - [2021-03-01 20:29:52,108] {dag.py:2266} INFO - Setting next_dagrun for latest_only_with_trigger to 2021-02-28 00:00:00+00:00
[2021-03-01 20:29:52,116] {scheduler_job.py:189} INFO - Processing /home/i-sip_iot/anaconda3/envs/sandbox/lib/python3.7/site-packages/airflow/example_dags/example_latest_only_with_trigger.py took 0.026 seconds
[2021-03-01 20:30:18,064] {scheduler_job.py:181} INFO - Started process (PID=232132) to work on /home/i-sip_iot/anaconda3/envs/sandbox/lib/python3.7/site-packages/airflow/example_dags/example_latest_only_with_trigger.py
[2021-03-01 20:30:18,069] {scheduler_job.py:629} INFO - Processing file /home/i-sip_iot/anaconda3/envs/sandbox/lib/python3.7/site-packages/airflow/example_dags/example_latest_only_with_trigger.py for tasks to queue
[2021-03-01 20:30:18,070] {logging_mixin.py:103} INFO - [2021-03-01 20:30:18,069] {dagbag.py:440} INFO - Filling up the DagBag from /home/i-sip_iot/anaconda3/envs/sandbox/lib/python3.7/site-packages/airflow/example_dags/example_latest_only_with_trigger.py
[2021-03-01 20:30:18,081] {scheduler_job.py:639} INFO - DAG(s) dict_keys(['latest_only_with_trigger']) retrieved from /home/i-sip_iot/anaconda3/envs/sandbox/lib/python3.7/site-packages/airflow/example_dags/example_latest_only_with_trigger.py
[2021-03-01 20:30:18,082] {logging_mixin.py:103} INFO - [2021-03-01 20:30:18,082] {dag.py:1813} INFO - Sync 1 DAGs
[2021-03-01 20:30:18,095] {logging_mixin.py:103} INFO - [2021-03-01 20:30:18,095] {dag.py:2266} INFO - Setting next_dagrun for latest_only_with_trigger to 2021-02-28 00:00:00+00:00
[2021-03-01 20:30:18,106] {scheduler_job.py:189} INFO - Processing /home/i-sip_iot/anaconda3/envs/sandbox/lib/python3.7/site-packages/airflow/example_dags/example_latest_only_with_trigger.py took 0.048 seconds
