[2021-03-01 20:26:47,227] {scheduler_job.py:181} INFO - Started process (PID=229880) to work on /home/i-sip_iot/anaconda3/envs/sandbox/lib/python3.7/site-packages/airflow/example_dags/example_dag_decorator.py
[2021-03-01 20:26:47,228] {scheduler_job.py:629} INFO - Processing file /home/i-sip_iot/anaconda3/envs/sandbox/lib/python3.7/site-packages/airflow/example_dags/example_dag_decorator.py for tasks to queue
[2021-03-01 20:26:47,229] {logging_mixin.py:103} INFO - [2021-03-01 20:26:47,229] {dagbag.py:440} INFO - Filling up the DagBag from /home/i-sip_iot/anaconda3/envs/sandbox/lib/python3.7/site-packages/airflow/example_dags/example_dag_decorator.py
[2021-03-01 20:26:47,241] {scheduler_job.py:639} INFO - DAG(s) dict_keys(['example_dag_decorator']) retrieved from /home/i-sip_iot/anaconda3/envs/sandbox/lib/python3.7/site-packages/airflow/example_dags/example_dag_decorator.py
[2021-03-01 20:26:47,242] {logging_mixin.py:103} INFO - [2021-03-01 20:26:47,242] {dag.py:1813} INFO - Sync 1 DAGs
[2021-03-01 20:26:47,257] {logging_mixin.py:103} INFO - [2021-03-01 20:26:47,257] {dag.py:2266} INFO - Setting next_dagrun for example_dag_decorator to None
[2021-03-01 20:26:47,275] {scheduler_job.py:189} INFO - Processing /home/i-sip_iot/anaconda3/envs/sandbox/lib/python3.7/site-packages/airflow/example_dags/example_dag_decorator.py took 0.050 seconds
[2021-03-01 20:27:11,410] {scheduler_job.py:181} INFO - Started process (PID=229989) to work on /home/i-sip_iot/anaconda3/envs/sandbox/lib/python3.7/site-packages/airflow/example_dags/example_dag_decorator.py
[2021-03-01 20:27:11,411] {scheduler_job.py:629} INFO - Processing file /home/i-sip_iot/anaconda3/envs/sandbox/lib/python3.7/site-packages/airflow/example_dags/example_dag_decorator.py for tasks to queue
[2021-03-01 20:27:11,412] {logging_mixin.py:103} INFO - [2021-03-01 20:27:11,411] {dagbag.py:440} INFO - Filling up the DagBag from /home/i-sip_iot/anaconda3/envs/sandbox/lib/python3.7/site-packages/airflow/example_dags/example_dag_decorator.py
[2021-03-01 20:27:11,420] {scheduler_job.py:639} INFO - DAG(s) dict_keys(['example_dag_decorator']) retrieved from /home/i-sip_iot/anaconda3/envs/sandbox/lib/python3.7/site-packages/airflow/example_dags/example_dag_decorator.py
[2021-03-01 20:27:11,421] {logging_mixin.py:103} INFO - [2021-03-01 20:27:11,421] {dag.py:1813} INFO - Sync 1 DAGs
[2021-03-01 20:27:11,430] {logging_mixin.py:103} INFO - [2021-03-01 20:27:11,430] {dag.py:2266} INFO - Setting next_dagrun for example_dag_decorator to None
[2021-03-01 20:27:11,435] {scheduler_job.py:189} INFO - Processing /home/i-sip_iot/anaconda3/envs/sandbox/lib/python3.7/site-packages/airflow/example_dags/example_dag_decorator.py took 0.026 seconds
[2021-03-01 20:27:36,761] {scheduler_job.py:181} INFO - Started process (PID=230269) to work on /home/i-sip_iot/anaconda3/envs/sandbox/lib/python3.7/site-packages/airflow/example_dags/example_dag_decorator.py
[2021-03-01 20:27:36,763] {scheduler_job.py:629} INFO - Processing file /home/i-sip_iot/anaconda3/envs/sandbox/lib/python3.7/site-packages/airflow/example_dags/example_dag_decorator.py for tasks to queue
[2021-03-01 20:27:36,764] {logging_mixin.py:103} INFO - [2021-03-01 20:27:36,764] {dagbag.py:440} INFO - Filling up the DagBag from /home/i-sip_iot/anaconda3/envs/sandbox/lib/python3.7/site-packages/airflow/example_dags/example_dag_decorator.py
[2021-03-01 20:27:36,778] {scheduler_job.py:639} INFO - DAG(s) dict_keys(['example_dag_decorator']) retrieved from /home/i-sip_iot/anaconda3/envs/sandbox/lib/python3.7/site-packages/airflow/example_dags/example_dag_decorator.py
[2021-03-01 20:27:36,778] {logging_mixin.py:103} INFO - [2021-03-01 20:27:36,778] {dag.py:1813} INFO - Sync 1 DAGs
[2021-03-01 20:27:36,793] {logging_mixin.py:103} INFO - [2021-03-01 20:27:36,792] {dag.py:2266} INFO - Setting next_dagrun for example_dag_decorator to None
[2021-03-01 20:27:36,811] {scheduler_job.py:189} INFO - Processing /home/i-sip_iot/anaconda3/envs/sandbox/lib/python3.7/site-packages/airflow/example_dags/example_dag_decorator.py took 0.053 seconds
[2021-03-01 20:28:03,937] {scheduler_job.py:181} INFO - Started process (PID=230366) to work on /home/i-sip_iot/anaconda3/envs/sandbox/lib/python3.7/site-packages/airflow/example_dags/example_dag_decorator.py
[2021-03-01 20:28:03,938] {scheduler_job.py:629} INFO - Processing file /home/i-sip_iot/anaconda3/envs/sandbox/lib/python3.7/site-packages/airflow/example_dags/example_dag_decorator.py for tasks to queue
[2021-03-01 20:28:03,938] {logging_mixin.py:103} INFO - [2021-03-01 20:28:03,938] {dagbag.py:440} INFO - Filling up the DagBag from /home/i-sip_iot/anaconda3/envs/sandbox/lib/python3.7/site-packages/airflow/example_dags/example_dag_decorator.py
[2021-03-01 20:28:03,946] {scheduler_job.py:639} INFO - DAG(s) dict_keys(['example_dag_decorator']) retrieved from /home/i-sip_iot/anaconda3/envs/sandbox/lib/python3.7/site-packages/airflow/example_dags/example_dag_decorator.py
[2021-03-01 20:28:03,947] {logging_mixin.py:103} INFO - [2021-03-01 20:28:03,947] {dag.py:1813} INFO - Sync 1 DAGs
[2021-03-01 20:28:03,958] {logging_mixin.py:103} INFO - [2021-03-01 20:28:03,958] {dag.py:2266} INFO - Setting next_dagrun for example_dag_decorator to None
[2021-03-01 20:28:03,964] {scheduler_job.py:189} INFO - Processing /home/i-sip_iot/anaconda3/envs/sandbox/lib/python3.7/site-packages/airflow/example_dags/example_dag_decorator.py took 0.029 seconds
[2021-03-01 20:28:30,052] {scheduler_job.py:181} INFO - Started process (PID=230635) to work on /home/i-sip_iot/anaconda3/envs/sandbox/lib/python3.7/site-packages/airflow/example_dags/example_dag_decorator.py
[2021-03-01 20:28:30,053] {scheduler_job.py:629} INFO - Processing file /home/i-sip_iot/anaconda3/envs/sandbox/lib/python3.7/site-packages/airflow/example_dags/example_dag_decorator.py for tasks to queue
[2021-03-01 20:28:30,053] {logging_mixin.py:103} INFO - [2021-03-01 20:28:30,053] {dagbag.py:440} INFO - Filling up the DagBag from /home/i-sip_iot/anaconda3/envs/sandbox/lib/python3.7/site-packages/airflow/example_dags/example_dag_decorator.py
[2021-03-01 20:28:30,063] {scheduler_job.py:639} INFO - DAG(s) dict_keys(['example_dag_decorator']) retrieved from /home/i-sip_iot/anaconda3/envs/sandbox/lib/python3.7/site-packages/airflow/example_dags/example_dag_decorator.py
[2021-03-01 20:28:30,063] {logging_mixin.py:103} INFO - [2021-03-01 20:28:30,063] {dag.py:1813} INFO - Sync 1 DAGs
[2021-03-01 20:28:30,092] {logging_mixin.py:103} INFO - [2021-03-01 20:28:30,092] {dag.py:2266} INFO - Setting next_dagrun for example_dag_decorator to None
[2021-03-01 20:28:30,105] {scheduler_job.py:189} INFO - Processing /home/i-sip_iot/anaconda3/envs/sandbox/lib/python3.7/site-packages/airflow/example_dags/example_dag_decorator.py took 0.055 seconds
[2021-03-01 20:28:55,286] {scheduler_job.py:181} INFO - Started process (PID=230710) to work on /home/i-sip_iot/anaconda3/envs/sandbox/lib/python3.7/site-packages/airflow/example_dags/example_dag_decorator.py
[2021-03-01 20:28:55,287] {scheduler_job.py:629} INFO - Processing file /home/i-sip_iot/anaconda3/envs/sandbox/lib/python3.7/site-packages/airflow/example_dags/example_dag_decorator.py for tasks to queue
[2021-03-01 20:28:55,287] {logging_mixin.py:103} INFO - [2021-03-01 20:28:55,287] {dagbag.py:440} INFO - Filling up the DagBag from /home/i-sip_iot/anaconda3/envs/sandbox/lib/python3.7/site-packages/airflow/example_dags/example_dag_decorator.py
[2021-03-01 20:28:55,294] {scheduler_job.py:639} INFO - DAG(s) dict_keys(['example_dag_decorator']) retrieved from /home/i-sip_iot/anaconda3/envs/sandbox/lib/python3.7/site-packages/airflow/example_dags/example_dag_decorator.py
[2021-03-01 20:28:55,295] {logging_mixin.py:103} INFO - [2021-03-01 20:28:55,295] {dag.py:1813} INFO - Sync 1 DAGs
[2021-03-01 20:28:55,307] {logging_mixin.py:103} INFO - [2021-03-01 20:28:55,307] {dag.py:2266} INFO - Setting next_dagrun for example_dag_decorator to None
[2021-03-01 20:28:55,311] {scheduler_job.py:189} INFO - Processing /home/i-sip_iot/anaconda3/envs/sandbox/lib/python3.7/site-packages/airflow/example_dags/example_dag_decorator.py took 0.027 seconds
[2021-03-01 20:29:21,520] {scheduler_job.py:181} INFO - Started process (PID=231649) to work on /home/i-sip_iot/anaconda3/envs/sandbox/lib/python3.7/site-packages/airflow/example_dags/example_dag_decorator.py
[2021-03-01 20:29:21,521] {scheduler_job.py:629} INFO - Processing file /home/i-sip_iot/anaconda3/envs/sandbox/lib/python3.7/site-packages/airflow/example_dags/example_dag_decorator.py for tasks to queue
[2021-03-01 20:29:21,522] {logging_mixin.py:103} INFO - [2021-03-01 20:29:21,522] {dagbag.py:440} INFO - Filling up the DagBag from /home/i-sip_iot/anaconda3/envs/sandbox/lib/python3.7/site-packages/airflow/example_dags/example_dag_decorator.py
[2021-03-01 20:29:21,539] {scheduler_job.py:639} INFO - DAG(s) dict_keys(['example_dag_decorator']) retrieved from /home/i-sip_iot/anaconda3/envs/sandbox/lib/python3.7/site-packages/airflow/example_dags/example_dag_decorator.py
[2021-03-01 20:29:21,540] {logging_mixin.py:103} INFO - [2021-03-01 20:29:21,540] {dag.py:1813} INFO - Sync 1 DAGs
[2021-03-01 20:29:21,551] {logging_mixin.py:103} INFO - [2021-03-01 20:29:21,551] {dag.py:2266} INFO - Setting next_dagrun for example_dag_decorator to None
[2021-03-01 20:29:21,564] {scheduler_job.py:189} INFO - Processing /home/i-sip_iot/anaconda3/envs/sandbox/lib/python3.7/site-packages/airflow/example_dags/example_dag_decorator.py took 0.051 seconds
[2021-03-01 20:29:46,737] {scheduler_job.py:181} INFO - Started process (PID=231909) to work on /home/i-sip_iot/anaconda3/envs/sandbox/lib/python3.7/site-packages/airflow/example_dags/example_dag_decorator.py
[2021-03-01 20:29:46,738] {scheduler_job.py:629} INFO - Processing file /home/i-sip_iot/anaconda3/envs/sandbox/lib/python3.7/site-packages/airflow/example_dags/example_dag_decorator.py for tasks to queue
[2021-03-01 20:29:46,738] {logging_mixin.py:103} INFO - [2021-03-01 20:29:46,738] {dagbag.py:440} INFO - Filling up the DagBag from /home/i-sip_iot/anaconda3/envs/sandbox/lib/python3.7/site-packages/airflow/example_dags/example_dag_decorator.py
[2021-03-01 20:29:46,748] {scheduler_job.py:639} INFO - DAG(s) dict_keys(['example_dag_decorator']) retrieved from /home/i-sip_iot/anaconda3/envs/sandbox/lib/python3.7/site-packages/airflow/example_dags/example_dag_decorator.py
[2021-03-01 20:29:46,748] {logging_mixin.py:103} INFO - [2021-03-01 20:29:46,748] {dag.py:1813} INFO - Sync 1 DAGs
[2021-03-01 20:29:46,757] {logging_mixin.py:103} INFO - [2021-03-01 20:29:46,757] {dag.py:2266} INFO - Setting next_dagrun for example_dag_decorator to None
[2021-03-01 20:29:46,761] {scheduler_job.py:189} INFO - Processing /home/i-sip_iot/anaconda3/envs/sandbox/lib/python3.7/site-packages/airflow/example_dags/example_dag_decorator.py took 0.026 seconds
[2021-03-01 20:30:11,974] {scheduler_job.py:181} INFO - Started process (PID=232103) to work on /home/i-sip_iot/anaconda3/envs/sandbox/lib/python3.7/site-packages/airflow/example_dags/example_dag_decorator.py
[2021-03-01 20:30:11,977] {scheduler_job.py:629} INFO - Processing file /home/i-sip_iot/anaconda3/envs/sandbox/lib/python3.7/site-packages/airflow/example_dags/example_dag_decorator.py for tasks to queue
[2021-03-01 20:30:11,978] {logging_mixin.py:103} INFO - [2021-03-01 20:30:11,978] {dagbag.py:440} INFO - Filling up the DagBag from /home/i-sip_iot/anaconda3/envs/sandbox/lib/python3.7/site-packages/airflow/example_dags/example_dag_decorator.py
[2021-03-01 20:30:11,999] {scheduler_job.py:639} INFO - DAG(s) dict_keys(['example_dag_decorator']) retrieved from /home/i-sip_iot/anaconda3/envs/sandbox/lib/python3.7/site-packages/airflow/example_dags/example_dag_decorator.py
[2021-03-01 20:30:12,000] {logging_mixin.py:103} INFO - [2021-03-01 20:30:12,000] {dag.py:1813} INFO - Sync 1 DAGs
[2021-03-01 20:30:12,012] {logging_mixin.py:103} INFO - [2021-03-01 20:30:12,012] {dag.py:2266} INFO - Setting next_dagrun for example_dag_decorator to None
[2021-03-01 20:30:12,027] {scheduler_job.py:189} INFO - Processing /home/i-sip_iot/anaconda3/envs/sandbox/lib/python3.7/site-packages/airflow/example_dags/example_dag_decorator.py took 0.059 seconds
