[2021-03-01 20:26:44,086] {scheduler_job.py:181} INFO - Started process (PID=229876) to work on /home/i-sip_iot/anaconda3/envs/sandbox/lib/python3.7/site-packages/airflow/example_dags/example_short_circuit_operator.py
[2021-03-01 20:26:44,089] {scheduler_job.py:629} INFO - Processing file /home/i-sip_iot/anaconda3/envs/sandbox/lib/python3.7/site-packages/airflow/example_dags/example_short_circuit_operator.py for tasks to queue
[2021-03-01 20:26:44,090] {logging_mixin.py:103} INFO - [2021-03-01 20:26:44,090] {dagbag.py:440} INFO - Filling up the DagBag from /home/i-sip_iot/anaconda3/envs/sandbox/lib/python3.7/site-packages/airflow/example_dags/example_short_circuit_operator.py
[2021-03-01 20:26:44,105] {scheduler_job.py:639} INFO - DAG(s) dict_keys(['example_short_circuit_operator']) retrieved from /home/i-sip_iot/anaconda3/envs/sandbox/lib/python3.7/site-packages/airflow/example_dags/example_short_circuit_operator.py
[2021-03-01 20:26:44,105] {logging_mixin.py:103} INFO - [2021-03-01 20:26:44,105] {dag.py:1813} INFO - Sync 1 DAGs
[2021-03-01 20:26:44,130] {logging_mixin.py:103} INFO - [2021-03-01 20:26:44,130] {dag.py:2266} INFO - Setting next_dagrun for example_short_circuit_operator to 2021-02-28 00:00:00+00:00
[2021-03-01 20:26:44,174] {scheduler_job.py:189} INFO - Processing /home/i-sip_iot/anaconda3/envs/sandbox/lib/python3.7/site-packages/airflow/example_dags/example_short_circuit_operator.py took 0.094 seconds
[2021-03-01 20:27:08,779] {scheduler_job.py:181} INFO - Started process (PID=229973) to work on /home/i-sip_iot/anaconda3/envs/sandbox/lib/python3.7/site-packages/airflow/example_dags/example_short_circuit_operator.py
[2021-03-01 20:27:08,780] {scheduler_job.py:629} INFO - Processing file /home/i-sip_iot/anaconda3/envs/sandbox/lib/python3.7/site-packages/airflow/example_dags/example_short_circuit_operator.py for tasks to queue
[2021-03-01 20:27:08,780] {logging_mixin.py:103} INFO - [2021-03-01 20:27:08,780] {dagbag.py:440} INFO - Filling up the DagBag from /home/i-sip_iot/anaconda3/envs/sandbox/lib/python3.7/site-packages/airflow/example_dags/example_short_circuit_operator.py
[2021-03-01 20:27:08,788] {scheduler_job.py:639} INFO - DAG(s) dict_keys(['example_short_circuit_operator']) retrieved from /home/i-sip_iot/anaconda3/envs/sandbox/lib/python3.7/site-packages/airflow/example_dags/example_short_circuit_operator.py
[2021-03-01 20:27:08,789] {logging_mixin.py:103} INFO - [2021-03-01 20:27:08,789] {dag.py:1813} INFO - Sync 1 DAGs
[2021-03-01 20:27:08,801] {logging_mixin.py:103} INFO - [2021-03-01 20:27:08,801] {dag.py:2266} INFO - Setting next_dagrun for example_short_circuit_operator to 2021-02-28 00:00:00+00:00
[2021-03-01 20:27:08,807] {scheduler_job.py:189} INFO - Processing /home/i-sip_iot/anaconda3/envs/sandbox/lib/python3.7/site-packages/airflow/example_dags/example_short_circuit_operator.py took 0.030 seconds
[2021-03-01 20:27:34,555] {scheduler_job.py:181} INFO - Started process (PID=230266) to work on /home/i-sip_iot/anaconda3/envs/sandbox/lib/python3.7/site-packages/airflow/example_dags/example_short_circuit_operator.py
[2021-03-01 20:27:34,557] {scheduler_job.py:629} INFO - Processing file /home/i-sip_iot/anaconda3/envs/sandbox/lib/python3.7/site-packages/airflow/example_dags/example_short_circuit_operator.py for tasks to queue
[2021-03-01 20:27:34,557] {logging_mixin.py:103} INFO - [2021-03-01 20:27:34,557] {dagbag.py:440} INFO - Filling up the DagBag from /home/i-sip_iot/anaconda3/envs/sandbox/lib/python3.7/site-packages/airflow/example_dags/example_short_circuit_operator.py
[2021-03-01 20:27:34,566] {scheduler_job.py:639} INFO - DAG(s) dict_keys(['example_short_circuit_operator']) retrieved from /home/i-sip_iot/anaconda3/envs/sandbox/lib/python3.7/site-packages/airflow/example_dags/example_short_circuit_operator.py
[2021-03-01 20:27:34,567] {logging_mixin.py:103} INFO - [2021-03-01 20:27:34,567] {dag.py:1813} INFO - Sync 1 DAGs
[2021-03-01 20:27:34,579] {logging_mixin.py:103} INFO - [2021-03-01 20:27:34,579] {dag.py:2266} INFO - Setting next_dagrun for example_short_circuit_operator to 2021-02-28 00:00:00+00:00
[2021-03-01 20:27:34,587] {scheduler_job.py:189} INFO - Processing /home/i-sip_iot/anaconda3/envs/sandbox/lib/python3.7/site-packages/airflow/example_dags/example_short_circuit_operator.py took 0.035 seconds
[2021-03-01 20:28:00,860] {scheduler_job.py:181} INFO - Started process (PID=230357) to work on /home/i-sip_iot/anaconda3/envs/sandbox/lib/python3.7/site-packages/airflow/example_dags/example_short_circuit_operator.py
[2021-03-01 20:28:00,862] {scheduler_job.py:629} INFO - Processing file /home/i-sip_iot/anaconda3/envs/sandbox/lib/python3.7/site-packages/airflow/example_dags/example_short_circuit_operator.py for tasks to queue
[2021-03-01 20:28:00,863] {logging_mixin.py:103} INFO - [2021-03-01 20:28:00,863] {dagbag.py:440} INFO - Filling up the DagBag from /home/i-sip_iot/anaconda3/envs/sandbox/lib/python3.7/site-packages/airflow/example_dags/example_short_circuit_operator.py
[2021-03-01 20:28:00,879] {scheduler_job.py:639} INFO - DAG(s) dict_keys(['example_short_circuit_operator']) retrieved from /home/i-sip_iot/anaconda3/envs/sandbox/lib/python3.7/site-packages/airflow/example_dags/example_short_circuit_operator.py
[2021-03-01 20:28:00,879] {logging_mixin.py:103} INFO - [2021-03-01 20:28:00,879] {dag.py:1813} INFO - Sync 1 DAGs
[2021-03-01 20:28:00,892] {logging_mixin.py:103} INFO - [2021-03-01 20:28:00,892] {dag.py:2266} INFO - Setting next_dagrun for example_short_circuit_operator to 2021-02-28 00:00:00+00:00
[2021-03-01 20:28:00,901] {scheduler_job.py:189} INFO - Processing /home/i-sip_iot/anaconda3/envs/sandbox/lib/python3.7/site-packages/airflow/example_dags/example_short_circuit_operator.py took 0.047 seconds
[2021-03-01 20:28:27,105] {scheduler_job.py:181} INFO - Started process (PID=230460) to work on /home/i-sip_iot/anaconda3/envs/sandbox/lib/python3.7/site-packages/airflow/example_dags/example_short_circuit_operator.py
[2021-03-01 20:28:27,107] {scheduler_job.py:629} INFO - Processing file /home/i-sip_iot/anaconda3/envs/sandbox/lib/python3.7/site-packages/airflow/example_dags/example_short_circuit_operator.py for tasks to queue
[2021-03-01 20:28:27,107] {logging_mixin.py:103} INFO - [2021-03-01 20:28:27,107] {dagbag.py:440} INFO - Filling up the DagBag from /home/i-sip_iot/anaconda3/envs/sandbox/lib/python3.7/site-packages/airflow/example_dags/example_short_circuit_operator.py
[2021-03-01 20:28:27,117] {scheduler_job.py:639} INFO - DAG(s) dict_keys(['example_short_circuit_operator']) retrieved from /home/i-sip_iot/anaconda3/envs/sandbox/lib/python3.7/site-packages/airflow/example_dags/example_short_circuit_operator.py
[2021-03-01 20:28:27,117] {logging_mixin.py:103} INFO - [2021-03-01 20:28:27,117] {dag.py:1813} INFO - Sync 1 DAGs
[2021-03-01 20:28:27,130] {logging_mixin.py:103} INFO - [2021-03-01 20:28:27,130] {dag.py:2266} INFO - Setting next_dagrun for example_short_circuit_operator to 2021-02-28 00:00:00+00:00
[2021-03-01 20:28:27,138] {scheduler_job.py:189} INFO - Processing /home/i-sip_iot/anaconda3/envs/sandbox/lib/python3.7/site-packages/airflow/example_dags/example_short_circuit_operator.py took 0.037 seconds
[2021-03-01 20:28:52,966] {scheduler_job.py:181} INFO - Started process (PID=230702) to work on /home/i-sip_iot/anaconda3/envs/sandbox/lib/python3.7/site-packages/airflow/example_dags/example_short_circuit_operator.py
[2021-03-01 20:28:52,967] {scheduler_job.py:629} INFO - Processing file /home/i-sip_iot/anaconda3/envs/sandbox/lib/python3.7/site-packages/airflow/example_dags/example_short_circuit_operator.py for tasks to queue
[2021-03-01 20:28:52,967] {logging_mixin.py:103} INFO - [2021-03-01 20:28:52,967] {dagbag.py:440} INFO - Filling up the DagBag from /home/i-sip_iot/anaconda3/envs/sandbox/lib/python3.7/site-packages/airflow/example_dags/example_short_circuit_operator.py
[2021-03-01 20:28:52,974] {scheduler_job.py:639} INFO - DAG(s) dict_keys(['example_short_circuit_operator']) retrieved from /home/i-sip_iot/anaconda3/envs/sandbox/lib/python3.7/site-packages/airflow/example_dags/example_short_circuit_operator.py
[2021-03-01 20:28:52,974] {logging_mixin.py:103} INFO - [2021-03-01 20:28:52,974] {dag.py:1813} INFO - Sync 1 DAGs
[2021-03-01 20:28:52,984] {logging_mixin.py:103} INFO - [2021-03-01 20:28:52,984] {dag.py:2266} INFO - Setting next_dagrun for example_short_circuit_operator to 2021-02-28 00:00:00+00:00
[2021-03-01 20:28:52,993] {scheduler_job.py:189} INFO - Processing /home/i-sip_iot/anaconda3/envs/sandbox/lib/python3.7/site-packages/airflow/example_dags/example_short_circuit_operator.py took 0.029 seconds
[2021-03-01 20:29:18,536] {scheduler_job.py:181} INFO - Started process (PID=231643) to work on /home/i-sip_iot/anaconda3/envs/sandbox/lib/python3.7/site-packages/airflow/example_dags/example_short_circuit_operator.py
[2021-03-01 20:29:18,537] {scheduler_job.py:629} INFO - Processing file /home/i-sip_iot/anaconda3/envs/sandbox/lib/python3.7/site-packages/airflow/example_dags/example_short_circuit_operator.py for tasks to queue
[2021-03-01 20:29:18,538] {logging_mixin.py:103} INFO - [2021-03-01 20:29:18,538] {dagbag.py:440} INFO - Filling up the DagBag from /home/i-sip_iot/anaconda3/envs/sandbox/lib/python3.7/site-packages/airflow/example_dags/example_short_circuit_operator.py
[2021-03-01 20:29:18,546] {scheduler_job.py:639} INFO - DAG(s) dict_keys(['example_short_circuit_operator']) retrieved from /home/i-sip_iot/anaconda3/envs/sandbox/lib/python3.7/site-packages/airflow/example_dags/example_short_circuit_operator.py
[2021-03-01 20:29:18,547] {logging_mixin.py:103} INFO - [2021-03-01 20:29:18,547] {dag.py:1813} INFO - Sync 1 DAGs
[2021-03-01 20:29:18,556] {logging_mixin.py:103} INFO - [2021-03-01 20:29:18,556] {dag.py:2266} INFO - Setting next_dagrun for example_short_circuit_operator to 2021-02-28 00:00:00+00:00
[2021-03-01 20:29:18,564] {scheduler_job.py:189} INFO - Processing /home/i-sip_iot/anaconda3/envs/sandbox/lib/python3.7/site-packages/airflow/example_dags/example_short_circuit_operator.py took 0.030 seconds
[2021-03-01 20:29:43,755] {scheduler_job.py:181} INFO - Started process (PID=231905) to work on /home/i-sip_iot/anaconda3/envs/sandbox/lib/python3.7/site-packages/airflow/example_dags/example_short_circuit_operator.py
[2021-03-01 20:29:43,756] {scheduler_job.py:629} INFO - Processing file /home/i-sip_iot/anaconda3/envs/sandbox/lib/python3.7/site-packages/airflow/example_dags/example_short_circuit_operator.py for tasks to queue
[2021-03-01 20:29:43,756] {logging_mixin.py:103} INFO - [2021-03-01 20:29:43,756] {dagbag.py:440} INFO - Filling up the DagBag from /home/i-sip_iot/anaconda3/envs/sandbox/lib/python3.7/site-packages/airflow/example_dags/example_short_circuit_operator.py
[2021-03-01 20:29:43,762] {scheduler_job.py:639} INFO - DAG(s) dict_keys(['example_short_circuit_operator']) retrieved from /home/i-sip_iot/anaconda3/envs/sandbox/lib/python3.7/site-packages/airflow/example_dags/example_short_circuit_operator.py
[2021-03-01 20:29:43,762] {logging_mixin.py:103} INFO - [2021-03-01 20:29:43,762] {dag.py:1813} INFO - Sync 1 DAGs
[2021-03-01 20:29:43,771] {logging_mixin.py:103} INFO - [2021-03-01 20:29:43,771] {dag.py:2266} INFO - Setting next_dagrun for example_short_circuit_operator to 2021-02-28 00:00:00+00:00
[2021-03-01 20:29:43,779] {scheduler_job.py:189} INFO - Processing /home/i-sip_iot/anaconda3/envs/sandbox/lib/python3.7/site-packages/airflow/example_dags/example_short_circuit_operator.py took 0.025 seconds
[2021-03-01 20:30:09,199] {scheduler_job.py:181} INFO - Started process (PID=232099) to work on /home/i-sip_iot/anaconda3/envs/sandbox/lib/python3.7/site-packages/airflow/example_dags/example_short_circuit_operator.py
[2021-03-01 20:30:09,204] {scheduler_job.py:629} INFO - Processing file /home/i-sip_iot/anaconda3/envs/sandbox/lib/python3.7/site-packages/airflow/example_dags/example_short_circuit_operator.py for tasks to queue
[2021-03-01 20:30:09,205] {logging_mixin.py:103} INFO - [2021-03-01 20:30:09,204] {dagbag.py:440} INFO - Filling up the DagBag from /home/i-sip_iot/anaconda3/envs/sandbox/lib/python3.7/site-packages/airflow/example_dags/example_short_circuit_operator.py
[2021-03-01 20:30:09,217] {scheduler_job.py:639} INFO - DAG(s) dict_keys(['example_short_circuit_operator']) retrieved from /home/i-sip_iot/anaconda3/envs/sandbox/lib/python3.7/site-packages/airflow/example_dags/example_short_circuit_operator.py
[2021-03-01 20:30:09,218] {logging_mixin.py:103} INFO - [2021-03-01 20:30:09,218] {dag.py:1813} INFO - Sync 1 DAGs
[2021-03-01 20:30:09,231] {logging_mixin.py:103} INFO - [2021-03-01 20:30:09,231] {dag.py:2266} INFO - Setting next_dagrun for example_short_circuit_operator to 2021-02-28 00:00:00+00:00
[2021-03-01 20:30:09,240] {scheduler_job.py:189} INFO - Processing /home/i-sip_iot/anaconda3/envs/sandbox/lib/python3.7/site-packages/airflow/example_dags/example_short_circuit_operator.py took 0.047 seconds
[2021-03-01 20:30:35,261] {scheduler_job.py:181} INFO - Started process (PID=232989) to work on /home/i-sip_iot/anaconda3/envs/sandbox/lib/python3.7/site-packages/airflow/example_dags/example_short_circuit_operator.py
[2021-03-01 20:30:35,263] {scheduler_job.py:629} INFO - Processing file /home/i-sip_iot/anaconda3/envs/sandbox/lib/python3.7/site-packages/airflow/example_dags/example_short_circuit_operator.py for tasks to queue
[2021-03-01 20:30:35,263] {logging_mixin.py:103} INFO - [2021-03-01 20:30:35,263] {dagbag.py:440} INFO - Filling up the DagBag from /home/i-sip_iot/anaconda3/envs/sandbox/lib/python3.7/site-packages/airflow/example_dags/example_short_circuit_operator.py
[2021-03-01 20:30:35,270] {scheduler_job.py:639} INFO - DAG(s) dict_keys(['example_short_circuit_operator']) retrieved from /home/i-sip_iot/anaconda3/envs/sandbox/lib/python3.7/site-packages/airflow/example_dags/example_short_circuit_operator.py
[2021-03-01 20:30:35,271] {logging_mixin.py:103} INFO - [2021-03-01 20:30:35,271] {dag.py:1813} INFO - Sync 1 DAGs
[2021-03-01 20:30:35,279] {logging_mixin.py:103} INFO - [2021-03-01 20:30:35,279] {dag.py:2266} INFO - Setting next_dagrun for example_short_circuit_operator to 2021-02-28 00:00:00+00:00
[2021-03-01 20:30:35,288] {scheduler_job.py:189} INFO - Processing /home/i-sip_iot/anaconda3/envs/sandbox/lib/python3.7/site-packages/airflow/example_dags/example_short_circuit_operator.py took 0.028 seconds
[2021-03-01 20:31:02,441] {scheduler_job.py:181} INFO - Started process (PID=233089) to work on /home/i-sip_iot/anaconda3/envs/sandbox/lib/python3.7/site-packages/airflow/example_dags/example_short_circuit_operator.py
[2021-03-01 20:31:02,444] {scheduler_job.py:629} INFO - Processing file /home/i-sip_iot/anaconda3/envs/sandbox/lib/python3.7/site-packages/airflow/example_dags/example_short_circuit_operator.py for tasks to queue
[2021-03-01 20:31:02,446] {logging_mixin.py:103} INFO - [2021-03-01 20:31:02,445] {dagbag.py:440} INFO - Filling up the DagBag from /home/i-sip_iot/anaconda3/envs/sandbox/lib/python3.7/site-packages/airflow/example_dags/example_short_circuit_operator.py
[2021-03-01 20:31:02,462] {scheduler_job.py:639} INFO - DAG(s) dict_keys(['example_short_circuit_operator']) retrieved from /home/i-sip_iot/anaconda3/envs/sandbox/lib/python3.7/site-packages/airflow/example_dags/example_short_circuit_operator.py
[2021-03-01 20:31:02,463] {logging_mixin.py:103} INFO - [2021-03-01 20:31:02,463] {dag.py:1813} INFO - Sync 1 DAGs
[2021-03-01 20:31:02,477] {logging_mixin.py:103} INFO - [2021-03-01 20:31:02,477] {dag.py:2266} INFO - Setting next_dagrun for example_short_circuit_operator to 2021-02-28 00:00:00+00:00
[2021-03-01 20:31:02,486] {scheduler_job.py:189} INFO - Processing /home/i-sip_iot/anaconda3/envs/sandbox/lib/python3.7/site-packages/airflow/example_dags/example_short_circuit_operator.py took 0.053 seconds
[2021-03-01 20:31:27,717] {scheduler_job.py:181} INFO - Started process (PID=233253) to work on /home/i-sip_iot/anaconda3/envs/sandbox/lib/python3.7/site-packages/airflow/example_dags/example_short_circuit_operator.py
[2021-03-01 20:31:27,718] {scheduler_job.py:629} INFO - Processing file /home/i-sip_iot/anaconda3/envs/sandbox/lib/python3.7/site-packages/airflow/example_dags/example_short_circuit_operator.py for tasks to queue
[2021-03-01 20:31:27,718] {logging_mixin.py:103} INFO - [2021-03-01 20:31:27,718] {dagbag.py:440} INFO - Filling up the DagBag from /home/i-sip_iot/anaconda3/envs/sandbox/lib/python3.7/site-packages/airflow/example_dags/example_short_circuit_operator.py
[2021-03-01 20:31:27,725] {scheduler_job.py:639} INFO - DAG(s) dict_keys(['example_short_circuit_operator']) retrieved from /home/i-sip_iot/anaconda3/envs/sandbox/lib/python3.7/site-packages/airflow/example_dags/example_short_circuit_operator.py
[2021-03-01 20:31:27,726] {logging_mixin.py:103} INFO - [2021-03-01 20:31:27,726] {dag.py:1813} INFO - Sync 1 DAGs
[2021-03-01 20:31:27,737] {logging_mixin.py:103} INFO - [2021-03-01 20:31:27,737] {dag.py:2266} INFO - Setting next_dagrun for example_short_circuit_operator to 2021-02-28 00:00:00+00:00
[2021-03-01 20:31:27,748] {scheduler_job.py:189} INFO - Processing /home/i-sip_iot/anaconda3/envs/sandbox/lib/python3.7/site-packages/airflow/example_dags/example_short_circuit_operator.py took 0.032 seconds
[2021-03-01 20:31:53,436] {scheduler_job.py:181} INFO - Started process (PID=233534) to work on /home/i-sip_iot/anaconda3/envs/sandbox/lib/python3.7/site-packages/airflow/example_dags/example_short_circuit_operator.py
[2021-03-01 20:31:53,437] {scheduler_job.py:629} INFO - Processing file /home/i-sip_iot/anaconda3/envs/sandbox/lib/python3.7/site-packages/airflow/example_dags/example_short_circuit_operator.py for tasks to queue
[2021-03-01 20:31:53,437] {logging_mixin.py:103} INFO - [2021-03-01 20:31:53,437] {dagbag.py:440} INFO - Filling up the DagBag from /home/i-sip_iot/anaconda3/envs/sandbox/lib/python3.7/site-packages/airflow/example_dags/example_short_circuit_operator.py
[2021-03-01 20:31:53,448] {scheduler_job.py:639} INFO - DAG(s) dict_keys(['example_short_circuit_operator']) retrieved from /home/i-sip_iot/anaconda3/envs/sandbox/lib/python3.7/site-packages/airflow/example_dags/example_short_circuit_operator.py
[2021-03-01 20:31:53,449] {logging_mixin.py:103} INFO - [2021-03-01 20:31:53,449] {dag.py:1813} INFO - Sync 1 DAGs
[2021-03-01 20:31:53,459] {logging_mixin.py:103} INFO - [2021-03-01 20:31:53,459] {dag.py:2266} INFO - Setting next_dagrun for example_short_circuit_operator to 2021-02-28 00:00:00+00:00
[2021-03-01 20:31:53,469] {scheduler_job.py:189} INFO - Processing /home/i-sip_iot/anaconda3/envs/sandbox/lib/python3.7/site-packages/airflow/example_dags/example_short_circuit_operator.py took 0.037 seconds
[2021-03-01 20:32:19,167] {scheduler_job.py:181} INFO - Started process (PID=233605) to work on /home/i-sip_iot/anaconda3/envs/sandbox/lib/python3.7/site-packages/airflow/example_dags/example_short_circuit_operator.py
[2021-03-01 20:32:19,168] {scheduler_job.py:629} INFO - Processing file /home/i-sip_iot/anaconda3/envs/sandbox/lib/python3.7/site-packages/airflow/example_dags/example_short_circuit_operator.py for tasks to queue
[2021-03-01 20:32:19,169] {logging_mixin.py:103} INFO - [2021-03-01 20:32:19,169] {dagbag.py:440} INFO - Filling up the DagBag from /home/i-sip_iot/anaconda3/envs/sandbox/lib/python3.7/site-packages/airflow/example_dags/example_short_circuit_operator.py
[2021-03-01 20:32:19,177] {scheduler_job.py:639} INFO - DAG(s) dict_keys(['example_short_circuit_operator']) retrieved from /home/i-sip_iot/anaconda3/envs/sandbox/lib/python3.7/site-packages/airflow/example_dags/example_short_circuit_operator.py
[2021-03-01 20:32:19,179] {logging_mixin.py:103} INFO - [2021-03-01 20:32:19,179] {dag.py:1813} INFO - Sync 1 DAGs
[2021-03-01 20:32:19,192] {logging_mixin.py:103} INFO - [2021-03-01 20:32:19,192] {dag.py:2266} INFO - Setting next_dagrun for example_short_circuit_operator to 2021-02-28 00:00:00+00:00
[2021-03-01 20:32:19,202] {scheduler_job.py:189} INFO - Processing /home/i-sip_iot/anaconda3/envs/sandbox/lib/python3.7/site-packages/airflow/example_dags/example_short_circuit_operator.py took 0.038 seconds
[2021-03-01 20:32:44,395] {scheduler_job.py:181} INFO - Started process (PID=233893) to work on /home/i-sip_iot/anaconda3/envs/sandbox/lib/python3.7/site-packages/airflow/example_dags/example_short_circuit_operator.py
[2021-03-01 20:32:44,396] {scheduler_job.py:629} INFO - Processing file /home/i-sip_iot/anaconda3/envs/sandbox/lib/python3.7/site-packages/airflow/example_dags/example_short_circuit_operator.py for tasks to queue
[2021-03-01 20:32:44,397] {logging_mixin.py:103} INFO - [2021-03-01 20:32:44,397] {dagbag.py:440} INFO - Filling up the DagBag from /home/i-sip_iot/anaconda3/envs/sandbox/lib/python3.7/site-packages/airflow/example_dags/example_short_circuit_operator.py
[2021-03-01 20:32:44,408] {scheduler_job.py:639} INFO - DAG(s) dict_keys(['example_short_circuit_operator']) retrieved from /home/i-sip_iot/anaconda3/envs/sandbox/lib/python3.7/site-packages/airflow/example_dags/example_short_circuit_operator.py
[2021-03-01 20:32:44,409] {logging_mixin.py:103} INFO - [2021-03-01 20:32:44,409] {dag.py:1813} INFO - Sync 1 DAGs
[2021-03-01 20:32:44,421] {logging_mixin.py:103} INFO - [2021-03-01 20:32:44,421] {dag.py:2266} INFO - Setting next_dagrun for example_short_circuit_operator to 2021-02-28 00:00:00+00:00
[2021-03-01 20:32:44,429] {scheduler_job.py:189} INFO - Processing /home/i-sip_iot/anaconda3/envs/sandbox/lib/python3.7/site-packages/airflow/example_dags/example_short_circuit_operator.py took 0.037 seconds
[2021-03-01 20:33:09,714] {scheduler_job.py:181} INFO - Started process (PID=233992) to work on /home/i-sip_iot/anaconda3/envs/sandbox/lib/python3.7/site-packages/airflow/example_dags/example_short_circuit_operator.py
[2021-03-01 20:33:09,716] {scheduler_job.py:629} INFO - Processing file /home/i-sip_iot/anaconda3/envs/sandbox/lib/python3.7/site-packages/airflow/example_dags/example_short_circuit_operator.py for tasks to queue
[2021-03-01 20:33:09,717] {logging_mixin.py:103} INFO - [2021-03-01 20:33:09,717] {dagbag.py:440} INFO - Filling up the DagBag from /home/i-sip_iot/anaconda3/envs/sandbox/lib/python3.7/site-packages/airflow/example_dags/example_short_circuit_operator.py
[2021-03-01 20:33:09,729] {scheduler_job.py:639} INFO - DAG(s) dict_keys(['example_short_circuit_operator']) retrieved from /home/i-sip_iot/anaconda3/envs/sandbox/lib/python3.7/site-packages/airflow/example_dags/example_short_circuit_operator.py
[2021-03-01 20:33:09,730] {logging_mixin.py:103} INFO - [2021-03-01 20:33:09,730] {dag.py:1813} INFO - Sync 1 DAGs
[2021-03-01 20:33:09,741] {logging_mixin.py:103} INFO - [2021-03-01 20:33:09,741] {dag.py:2266} INFO - Setting next_dagrun for example_short_circuit_operator to 2021-02-28 00:00:00+00:00
[2021-03-01 20:33:09,751] {scheduler_job.py:189} INFO - Processing /home/i-sip_iot/anaconda3/envs/sandbox/lib/python3.7/site-packages/airflow/example_dags/example_short_circuit_operator.py took 0.044 seconds
[2021-03-01 20:33:36,923] {scheduler_job.py:181} INFO - Started process (PID=234277) to work on /home/i-sip_iot/anaconda3/envs/sandbox/lib/python3.7/site-packages/airflow/example_dags/example_short_circuit_operator.py
[2021-03-01 20:33:36,925] {scheduler_job.py:629} INFO - Processing file /home/i-sip_iot/anaconda3/envs/sandbox/lib/python3.7/site-packages/airflow/example_dags/example_short_circuit_operator.py for tasks to queue
[2021-03-01 20:33:36,927] {logging_mixin.py:103} INFO - [2021-03-01 20:33:36,926] {dagbag.py:440} INFO - Filling up the DagBag from /home/i-sip_iot/anaconda3/envs/sandbox/lib/python3.7/site-packages/airflow/example_dags/example_short_circuit_operator.py
[2021-03-01 20:33:36,946] {scheduler_job.py:639} INFO - DAG(s) dict_keys(['example_short_circuit_operator']) retrieved from /home/i-sip_iot/anaconda3/envs/sandbox/lib/python3.7/site-packages/airflow/example_dags/example_short_circuit_operator.py
[2021-03-01 20:33:36,946] {logging_mixin.py:103} INFO - [2021-03-01 20:33:36,946] {dag.py:1813} INFO - Sync 1 DAGs
[2021-03-01 20:33:36,959] {logging_mixin.py:103} INFO - [2021-03-01 20:33:36,959] {dag.py:2266} INFO - Setting next_dagrun for example_short_circuit_operator to 2021-02-28 00:00:00+00:00
[2021-03-01 20:33:36,967] {scheduler_job.py:189} INFO - Processing /home/i-sip_iot/anaconda3/envs/sandbox/lib/python3.7/site-packages/airflow/example_dags/example_short_circuit_operator.py took 0.050 seconds
[2021-03-01 20:34:02,204] {scheduler_job.py:181} INFO - Started process (PID=234381) to work on /home/i-sip_iot/anaconda3/envs/sandbox/lib/python3.7/site-packages/airflow/example_dags/example_short_circuit_operator.py
[2021-03-01 20:34:02,206] {scheduler_job.py:629} INFO - Processing file /home/i-sip_iot/anaconda3/envs/sandbox/lib/python3.7/site-packages/airflow/example_dags/example_short_circuit_operator.py for tasks to queue
[2021-03-01 20:34:02,206] {logging_mixin.py:103} INFO - [2021-03-01 20:34:02,206] {dagbag.py:440} INFO - Filling up the DagBag from /home/i-sip_iot/anaconda3/envs/sandbox/lib/python3.7/site-packages/airflow/example_dags/example_short_circuit_operator.py
[2021-03-01 20:34:02,216] {scheduler_job.py:639} INFO - DAG(s) dict_keys(['example_short_circuit_operator']) retrieved from /home/i-sip_iot/anaconda3/envs/sandbox/lib/python3.7/site-packages/airflow/example_dags/example_short_circuit_operator.py
[2021-03-01 20:34:02,217] {logging_mixin.py:103} INFO - [2021-03-01 20:34:02,217] {dag.py:1813} INFO - Sync 1 DAGs
[2021-03-01 20:34:02,236] {logging_mixin.py:103} INFO - [2021-03-01 20:34:02,236] {dag.py:2266} INFO - Setting next_dagrun for example_short_circuit_operator to 2021-02-28 00:00:00+00:00
[2021-03-01 20:34:02,253] {scheduler_job.py:189} INFO - Processing /home/i-sip_iot/anaconda3/envs/sandbox/lib/python3.7/site-packages/airflow/example_dags/example_short_circuit_operator.py took 0.051 seconds
[2021-03-01 20:34:27,479] {scheduler_job.py:181} INFO - Started process (PID=234480) to work on /home/i-sip_iot/anaconda3/envs/sandbox/lib/python3.7/site-packages/airflow/example_dags/example_short_circuit_operator.py
[2021-03-01 20:34:27,479] {scheduler_job.py:629} INFO - Processing file /home/i-sip_iot/anaconda3/envs/sandbox/lib/python3.7/site-packages/airflow/example_dags/example_short_circuit_operator.py for tasks to queue
[2021-03-01 20:34:27,480] {logging_mixin.py:103} INFO - [2021-03-01 20:34:27,479] {dagbag.py:440} INFO - Filling up the DagBag from /home/i-sip_iot/anaconda3/envs/sandbox/lib/python3.7/site-packages/airflow/example_dags/example_short_circuit_operator.py
[2021-03-01 20:34:27,485] {scheduler_job.py:639} INFO - DAG(s) dict_keys(['example_short_circuit_operator']) retrieved from /home/i-sip_iot/anaconda3/envs/sandbox/lib/python3.7/site-packages/airflow/example_dags/example_short_circuit_operator.py
[2021-03-01 20:34:27,485] {logging_mixin.py:103} INFO - [2021-03-01 20:34:27,485] {dag.py:1813} INFO - Sync 1 DAGs
[2021-03-01 20:34:27,494] {logging_mixin.py:103} INFO - [2021-03-01 20:34:27,494] {dag.py:2266} INFO - Setting next_dagrun for example_short_circuit_operator to 2021-02-28 00:00:00+00:00
[2021-03-01 20:34:27,502] {scheduler_job.py:189} INFO - Processing /home/i-sip_iot/anaconda3/envs/sandbox/lib/python3.7/site-packages/airflow/example_dags/example_short_circuit_operator.py took 0.024 seconds
[2021-03-01 20:35:01,113] {scheduler_job.py:181} INFO - Started process (PID=234968) to work on /home/i-sip_iot/anaconda3/envs/sandbox/lib/python3.7/site-packages/airflow/example_dags/example_short_circuit_operator.py
[2021-03-01 20:35:01,114] {scheduler_job.py:629} INFO - Processing file /home/i-sip_iot/anaconda3/envs/sandbox/lib/python3.7/site-packages/airflow/example_dags/example_short_circuit_operator.py for tasks to queue
[2021-03-01 20:35:01,115] {logging_mixin.py:103} INFO - [2021-03-01 20:35:01,115] {dagbag.py:440} INFO - Filling up the DagBag from /home/i-sip_iot/anaconda3/envs/sandbox/lib/python3.7/site-packages/airflow/example_dags/example_short_circuit_operator.py
[2021-03-01 20:35:01,130] {scheduler_job.py:639} INFO - DAG(s) dict_keys(['example_short_circuit_operator']) retrieved from /home/i-sip_iot/anaconda3/envs/sandbox/lib/python3.7/site-packages/airflow/example_dags/example_short_circuit_operator.py
[2021-03-01 20:35:01,131] {logging_mixin.py:103} INFO - [2021-03-01 20:35:01,131] {dag.py:1813} INFO - Sync 1 DAGs
[2021-03-01 20:35:01,149] {logging_mixin.py:103} INFO - [2021-03-01 20:35:01,149] {dag.py:2266} INFO - Setting next_dagrun for example_short_circuit_operator to 2021-02-28 00:00:00+00:00
[2021-03-01 20:35:01,159] {scheduler_job.py:189} INFO - Processing /home/i-sip_iot/anaconda3/envs/sandbox/lib/python3.7/site-packages/airflow/example_dags/example_short_circuit_operator.py took 0.049 seconds
[2021-03-01 20:35:25,323] {scheduler_job.py:181} INFO - Started process (PID=235040) to work on /home/i-sip_iot/anaconda3/envs/sandbox/lib/python3.7/site-packages/airflow/example_dags/example_short_circuit_operator.py
[2021-03-01 20:35:25,324] {scheduler_job.py:629} INFO - Processing file /home/i-sip_iot/anaconda3/envs/sandbox/lib/python3.7/site-packages/airflow/example_dags/example_short_circuit_operator.py for tasks to queue
[2021-03-01 20:35:25,324] {logging_mixin.py:103} INFO - [2021-03-01 20:35:25,324] {dagbag.py:440} INFO - Filling up the DagBag from /home/i-sip_iot/anaconda3/envs/sandbox/lib/python3.7/site-packages/airflow/example_dags/example_short_circuit_operator.py
[2021-03-01 20:35:25,330] {scheduler_job.py:639} INFO - DAG(s) dict_keys(['example_short_circuit_operator']) retrieved from /home/i-sip_iot/anaconda3/envs/sandbox/lib/python3.7/site-packages/airflow/example_dags/example_short_circuit_operator.py
[2021-03-01 20:35:25,330] {logging_mixin.py:103} INFO - [2021-03-01 20:35:25,330] {dag.py:1813} INFO - Sync 1 DAGs
[2021-03-01 20:35:25,348] {logging_mixin.py:103} INFO - [2021-03-01 20:35:25,348] {dag.py:2266} INFO - Setting next_dagrun for example_short_circuit_operator to 2021-02-28 00:00:00+00:00
[2021-03-01 20:35:25,357] {scheduler_job.py:189} INFO - Processing /home/i-sip_iot/anaconda3/envs/sandbox/lib/python3.7/site-packages/airflow/example_dags/example_short_circuit_operator.py took 0.037 seconds
[2021-03-01 20:37:33,768] {scheduler_job.py:181} INFO - Started process (PID=237495) to work on /home/i-sip_iot/anaconda3/envs/sandbox/lib/python3.7/site-packages/airflow/example_dags/example_short_circuit_operator.py
[2021-03-01 20:37:33,770] {scheduler_job.py:629} INFO - Processing file /home/i-sip_iot/anaconda3/envs/sandbox/lib/python3.7/site-packages/airflow/example_dags/example_short_circuit_operator.py for tasks to queue
[2021-03-01 20:37:33,770] {logging_mixin.py:103} INFO - [2021-03-01 20:37:33,770] {dagbag.py:440} INFO - Filling up the DagBag from /home/i-sip_iot/anaconda3/envs/sandbox/lib/python3.7/site-packages/airflow/example_dags/example_short_circuit_operator.py
[2021-03-01 20:37:33,779] {scheduler_job.py:639} INFO - DAG(s) dict_keys(['example_short_circuit_operator']) retrieved from /home/i-sip_iot/anaconda3/envs/sandbox/lib/python3.7/site-packages/airflow/example_dags/example_short_circuit_operator.py
[2021-03-01 20:37:33,780] {logging_mixin.py:103} INFO - [2021-03-01 20:37:33,780] {dag.py:1813} INFO - Sync 1 DAGs
[2021-03-01 20:37:33,793] {logging_mixin.py:103} INFO - [2021-03-01 20:37:33,793] {dag.py:2266} INFO - Setting next_dagrun for example_short_circuit_operator to 2021-02-28 00:00:00+00:00
[2021-03-01 20:37:33,805] {scheduler_job.py:189} INFO - Processing /home/i-sip_iot/anaconda3/envs/sandbox/lib/python3.7/site-packages/airflow/example_dags/example_short_circuit_operator.py took 0.041 seconds
[2021-03-01 20:40:15,465] {scheduler_job.py:181} INFO - Started process (PID=240743) to work on /home/i-sip_iot/anaconda3/envs/sandbox/lib/python3.7/site-packages/airflow/example_dags/example_short_circuit_operator.py
[2021-03-01 20:40:15,466] {scheduler_job.py:629} INFO - Processing file /home/i-sip_iot/anaconda3/envs/sandbox/lib/python3.7/site-packages/airflow/example_dags/example_short_circuit_operator.py for tasks to queue
[2021-03-01 20:40:15,467] {logging_mixin.py:103} INFO - [2021-03-01 20:40:15,467] {dagbag.py:440} INFO - Filling up the DagBag from /home/i-sip_iot/anaconda3/envs/sandbox/lib/python3.7/site-packages/airflow/example_dags/example_short_circuit_operator.py
[2021-03-01 20:40:15,472] {scheduler_job.py:639} INFO - DAG(s) dict_keys(['example_short_circuit_operator']) retrieved from /home/i-sip_iot/anaconda3/envs/sandbox/lib/python3.7/site-packages/airflow/example_dags/example_short_circuit_operator.py
[2021-03-01 20:40:15,473] {logging_mixin.py:103} INFO - [2021-03-01 20:40:15,473] {dag.py:1813} INFO - Sync 1 DAGs
[2021-03-01 20:40:15,481] {logging_mixin.py:103} INFO - [2021-03-01 20:40:15,481] {dag.py:2266} INFO - Setting next_dagrun for example_short_circuit_operator to 2021-02-28 00:00:00+00:00
[2021-03-01 20:40:15,489] {scheduler_job.py:189} INFO - Processing /home/i-sip_iot/anaconda3/envs/sandbox/lib/python3.7/site-packages/airflow/example_dags/example_short_circuit_operator.py took 0.025 seconds
[2021-03-01 20:42:56,339] {scheduler_job.py:181} INFO - Started process (PID=243992) to work on /home/i-sip_iot/anaconda3/envs/sandbox/lib/python3.7/site-packages/airflow/example_dags/example_short_circuit_operator.py
[2021-03-01 20:42:56,339] {scheduler_job.py:629} INFO - Processing file /home/i-sip_iot/anaconda3/envs/sandbox/lib/python3.7/site-packages/airflow/example_dags/example_short_circuit_operator.py for tasks to queue
[2021-03-01 20:42:56,340] {logging_mixin.py:103} INFO - [2021-03-01 20:42:56,340] {dagbag.py:440} INFO - Filling up the DagBag from /home/i-sip_iot/anaconda3/envs/sandbox/lib/python3.7/site-packages/airflow/example_dags/example_short_circuit_operator.py
[2021-03-01 20:42:56,345] {scheduler_job.py:639} INFO - DAG(s) dict_keys(['example_short_circuit_operator']) retrieved from /home/i-sip_iot/anaconda3/envs/sandbox/lib/python3.7/site-packages/airflow/example_dags/example_short_circuit_operator.py
[2021-03-01 20:42:56,346] {logging_mixin.py:103} INFO - [2021-03-01 20:42:56,346] {dag.py:1813} INFO - Sync 1 DAGs
[2021-03-01 20:42:56,355] {logging_mixin.py:103} INFO - [2021-03-01 20:42:56,355] {dag.py:2266} INFO - Setting next_dagrun for example_short_circuit_operator to 2021-02-28 00:00:00+00:00
[2021-03-01 20:42:56,363] {scheduler_job.py:189} INFO - Processing /home/i-sip_iot/anaconda3/envs/sandbox/lib/python3.7/site-packages/airflow/example_dags/example_short_circuit_operator.py took 0.025 seconds
[2021-03-01 20:45:38,929] {scheduler_job.py:181} INFO - Started process (PID=247169) to work on /home/i-sip_iot/anaconda3/envs/sandbox/lib/python3.7/site-packages/airflow/example_dags/example_short_circuit_operator.py
[2021-03-01 20:45:38,930] {scheduler_job.py:629} INFO - Processing file /home/i-sip_iot/anaconda3/envs/sandbox/lib/python3.7/site-packages/airflow/example_dags/example_short_circuit_operator.py for tasks to queue
[2021-03-01 20:45:38,931] {logging_mixin.py:103} INFO - [2021-03-01 20:45:38,931] {dagbag.py:440} INFO - Filling up the DagBag from /home/i-sip_iot/anaconda3/envs/sandbox/lib/python3.7/site-packages/airflow/example_dags/example_short_circuit_operator.py
[2021-03-01 20:45:38,941] {scheduler_job.py:639} INFO - DAG(s) dict_keys(['example_short_circuit_operator']) retrieved from /home/i-sip_iot/anaconda3/envs/sandbox/lib/python3.7/site-packages/airflow/example_dags/example_short_circuit_operator.py
[2021-03-01 20:45:38,941] {logging_mixin.py:103} INFO - [2021-03-01 20:45:38,941] {dag.py:1813} INFO - Sync 1 DAGs
[2021-03-01 20:45:38,956] {logging_mixin.py:103} INFO - [2021-03-01 20:45:38,956] {dag.py:2266} INFO - Setting next_dagrun for example_short_circuit_operator to 2021-02-28 00:00:00+00:00
[2021-03-01 20:45:38,967] {scheduler_job.py:189} INFO - Processing /home/i-sip_iot/anaconda3/envs/sandbox/lib/python3.7/site-packages/airflow/example_dags/example_short_circuit_operator.py took 0.040 seconds
[2021-03-01 20:48:22,967] {scheduler_job.py:181} INFO - Started process (PID=250410) to work on /home/i-sip_iot/anaconda3/envs/sandbox/lib/python3.7/site-packages/airflow/example_dags/example_short_circuit_operator.py
[2021-03-01 20:48:22,968] {scheduler_job.py:629} INFO - Processing file /home/i-sip_iot/anaconda3/envs/sandbox/lib/python3.7/site-packages/airflow/example_dags/example_short_circuit_operator.py for tasks to queue
[2021-03-01 20:48:22,968] {logging_mixin.py:103} INFO - [2021-03-01 20:48:22,968] {dagbag.py:440} INFO - Filling up the DagBag from /home/i-sip_iot/anaconda3/envs/sandbox/lib/python3.7/site-packages/airflow/example_dags/example_short_circuit_operator.py
[2021-03-01 20:48:22,974] {scheduler_job.py:639} INFO - DAG(s) dict_keys(['example_short_circuit_operator']) retrieved from /home/i-sip_iot/anaconda3/envs/sandbox/lib/python3.7/site-packages/airflow/example_dags/example_short_circuit_operator.py
[2021-03-01 20:48:22,975] {logging_mixin.py:103} INFO - [2021-03-01 20:48:22,975] {dag.py:1813} INFO - Sync 1 DAGs
[2021-03-01 20:48:22,984] {logging_mixin.py:103} INFO - [2021-03-01 20:48:22,984] {dag.py:2266} INFO - Setting next_dagrun for example_short_circuit_operator to 2021-02-28 00:00:00+00:00
[2021-03-01 20:48:22,993] {scheduler_job.py:189} INFO - Processing /home/i-sip_iot/anaconda3/envs/sandbox/lib/python3.7/site-packages/airflow/example_dags/example_short_circuit_operator.py took 0.027 seconds
[2021-03-01 20:51:10,754] {scheduler_job.py:181} INFO - Started process (PID=254081) to work on /home/i-sip_iot/anaconda3/envs/sandbox/lib/python3.7/site-packages/airflow/example_dags/example_short_circuit_operator.py
[2021-03-01 20:51:10,754] {scheduler_job.py:629} INFO - Processing file /home/i-sip_iot/anaconda3/envs/sandbox/lib/python3.7/site-packages/airflow/example_dags/example_short_circuit_operator.py for tasks to queue
[2021-03-01 20:51:10,755] {logging_mixin.py:103} INFO - [2021-03-01 20:51:10,755] {dagbag.py:440} INFO - Filling up the DagBag from /home/i-sip_iot/anaconda3/envs/sandbox/lib/python3.7/site-packages/airflow/example_dags/example_short_circuit_operator.py
[2021-03-01 20:51:10,760] {scheduler_job.py:639} INFO - DAG(s) dict_keys(['example_short_circuit_operator']) retrieved from /home/i-sip_iot/anaconda3/envs/sandbox/lib/python3.7/site-packages/airflow/example_dags/example_short_circuit_operator.py
[2021-03-01 20:51:10,761] {logging_mixin.py:103} INFO - [2021-03-01 20:51:10,761] {dag.py:1813} INFO - Sync 1 DAGs
[2021-03-01 20:51:10,771] {logging_mixin.py:103} INFO - [2021-03-01 20:51:10,771] {dag.py:2266} INFO - Setting next_dagrun for example_short_circuit_operator to 2021-02-28 00:00:00+00:00
[2021-03-01 20:51:10,780] {scheduler_job.py:189} INFO - Processing /home/i-sip_iot/anaconda3/envs/sandbox/lib/python3.7/site-packages/airflow/example_dags/example_short_circuit_operator.py took 0.028 seconds
[2021-03-01 20:53:52,942] {scheduler_job.py:181} INFO - Started process (PID=257330) to work on /home/i-sip_iot/anaconda3/envs/sandbox/lib/python3.7/site-packages/airflow/example_dags/example_short_circuit_operator.py
[2021-03-01 20:53:52,942] {scheduler_job.py:629} INFO - Processing file /home/i-sip_iot/anaconda3/envs/sandbox/lib/python3.7/site-packages/airflow/example_dags/example_short_circuit_operator.py for tasks to queue
[2021-03-01 20:53:52,943] {logging_mixin.py:103} INFO - [2021-03-01 20:53:52,943] {dagbag.py:440} INFO - Filling up the DagBag from /home/i-sip_iot/anaconda3/envs/sandbox/lib/python3.7/site-packages/airflow/example_dags/example_short_circuit_operator.py
[2021-03-01 20:53:52,949] {scheduler_job.py:639} INFO - DAG(s) dict_keys(['example_short_circuit_operator']) retrieved from /home/i-sip_iot/anaconda3/envs/sandbox/lib/python3.7/site-packages/airflow/example_dags/example_short_circuit_operator.py
[2021-03-01 20:53:52,950] {logging_mixin.py:103} INFO - [2021-03-01 20:53:52,949] {dag.py:1813} INFO - Sync 1 DAGs
[2021-03-01 20:53:52,959] {logging_mixin.py:103} INFO - [2021-03-01 20:53:52,959] {dag.py:2266} INFO - Setting next_dagrun for example_short_circuit_operator to 2021-02-28 00:00:00+00:00
[2021-03-01 20:53:52,968] {scheduler_job.py:189} INFO - Processing /home/i-sip_iot/anaconda3/envs/sandbox/lib/python3.7/site-packages/airflow/example_dags/example_short_circuit_operator.py took 0.028 seconds
[2021-03-01 20:56:26,509] {scheduler_job.py:181} INFO - Started process (PID=260330) to work on /home/i-sip_iot/anaconda3/envs/sandbox/lib/python3.7/site-packages/airflow/example_dags/example_short_circuit_operator.py
[2021-03-01 20:56:26,510] {scheduler_job.py:629} INFO - Processing file /home/i-sip_iot/anaconda3/envs/sandbox/lib/python3.7/site-packages/airflow/example_dags/example_short_circuit_operator.py for tasks to queue
[2021-03-01 20:56:26,511] {logging_mixin.py:103} INFO - [2021-03-01 20:56:26,511] {dagbag.py:440} INFO - Filling up the DagBag from /home/i-sip_iot/anaconda3/envs/sandbox/lib/python3.7/site-packages/airflow/example_dags/example_short_circuit_operator.py
[2021-03-01 20:56:26,516] {scheduler_job.py:639} INFO - DAG(s) dict_keys(['example_short_circuit_operator']) retrieved from /home/i-sip_iot/anaconda3/envs/sandbox/lib/python3.7/site-packages/airflow/example_dags/example_short_circuit_operator.py
[2021-03-01 20:56:26,516] {logging_mixin.py:103} INFO - [2021-03-01 20:56:26,516] {dag.py:1813} INFO - Sync 1 DAGs
[2021-03-01 20:56:26,524] {logging_mixin.py:103} INFO - [2021-03-01 20:56:26,524] {dag.py:2266} INFO - Setting next_dagrun for example_short_circuit_operator to 2021-02-28 00:00:00+00:00
[2021-03-01 20:56:26,532] {scheduler_job.py:189} INFO - Processing /home/i-sip_iot/anaconda3/envs/sandbox/lib/python3.7/site-packages/airflow/example_dags/example_short_circuit_operator.py took 0.024 seconds
[2021-03-01 20:59:02,408] {scheduler_job.py:181} INFO - Started process (PID=263558) to work on /home/i-sip_iot/anaconda3/envs/sandbox/lib/python3.7/site-packages/airflow/example_dags/example_short_circuit_operator.py
[2021-03-01 20:59:02,409] {scheduler_job.py:629} INFO - Processing file /home/i-sip_iot/anaconda3/envs/sandbox/lib/python3.7/site-packages/airflow/example_dags/example_short_circuit_operator.py for tasks to queue
[2021-03-01 20:59:02,409] {logging_mixin.py:103} INFO - [2021-03-01 20:59:02,409] {dagbag.py:440} INFO - Filling up the DagBag from /home/i-sip_iot/anaconda3/envs/sandbox/lib/python3.7/site-packages/airflow/example_dags/example_short_circuit_operator.py
[2021-03-01 20:59:02,415] {scheduler_job.py:639} INFO - DAG(s) dict_keys(['example_short_circuit_operator']) retrieved from /home/i-sip_iot/anaconda3/envs/sandbox/lib/python3.7/site-packages/airflow/example_dags/example_short_circuit_operator.py
[2021-03-01 20:59:02,416] {logging_mixin.py:103} INFO - [2021-03-01 20:59:02,416] {dag.py:1813} INFO - Sync 1 DAGs
[2021-03-01 20:59:02,424] {logging_mixin.py:103} INFO - [2021-03-01 20:59:02,424] {dag.py:2266} INFO - Setting next_dagrun for example_short_circuit_operator to 2021-02-28 00:00:00+00:00
[2021-03-01 20:59:02,432] {scheduler_job.py:189} INFO - Processing /home/i-sip_iot/anaconda3/envs/sandbox/lib/python3.7/site-packages/airflow/example_dags/example_short_circuit_operator.py took 0.025 seconds
[2021-03-01 21:01:36,389] {scheduler_job.py:181} INFO - Started process (PID=266622) to work on /home/i-sip_iot/anaconda3/envs/sandbox/lib/python3.7/site-packages/airflow/example_dags/example_short_circuit_operator.py
[2021-03-01 21:01:36,390] {scheduler_job.py:629} INFO - Processing file /home/i-sip_iot/anaconda3/envs/sandbox/lib/python3.7/site-packages/airflow/example_dags/example_short_circuit_operator.py for tasks to queue
[2021-03-01 21:01:36,390] {logging_mixin.py:103} INFO - [2021-03-01 21:01:36,390] {dagbag.py:440} INFO - Filling up the DagBag from /home/i-sip_iot/anaconda3/envs/sandbox/lib/python3.7/site-packages/airflow/example_dags/example_short_circuit_operator.py
[2021-03-01 21:01:36,395] {scheduler_job.py:639} INFO - DAG(s) dict_keys(['example_short_circuit_operator']) retrieved from /home/i-sip_iot/anaconda3/envs/sandbox/lib/python3.7/site-packages/airflow/example_dags/example_short_circuit_operator.py
[2021-03-01 21:01:36,396] {logging_mixin.py:103} INFO - [2021-03-01 21:01:36,396] {dag.py:1813} INFO - Sync 1 DAGs
[2021-03-01 21:01:36,404] {logging_mixin.py:103} INFO - [2021-03-01 21:01:36,404] {dag.py:2266} INFO - Setting next_dagrun for example_short_circuit_operator to 2021-02-28 00:00:00+00:00
[2021-03-01 21:01:36,412] {scheduler_job.py:189} INFO - Processing /home/i-sip_iot/anaconda3/envs/sandbox/lib/python3.7/site-packages/airflow/example_dags/example_short_circuit_operator.py took 0.025 seconds
[2021-03-01 21:04:23,909] {scheduler_job.py:181} INFO - Started process (PID=270081) to work on /home/i-sip_iot/anaconda3/envs/sandbox/lib/python3.7/site-packages/airflow/example_dags/example_short_circuit_operator.py
[2021-03-01 21:04:23,913] {scheduler_job.py:629} INFO - Processing file /home/i-sip_iot/anaconda3/envs/sandbox/lib/python3.7/site-packages/airflow/example_dags/example_short_circuit_operator.py for tasks to queue
[2021-03-01 21:04:23,914] {logging_mixin.py:103} INFO - [2021-03-01 21:04:23,914] {dagbag.py:440} INFO - Filling up the DagBag from /home/i-sip_iot/anaconda3/envs/sandbox/lib/python3.7/site-packages/airflow/example_dags/example_short_circuit_operator.py
[2021-03-01 21:04:23,934] {scheduler_job.py:639} INFO - DAG(s) dict_keys(['example_short_circuit_operator']) retrieved from /home/i-sip_iot/anaconda3/envs/sandbox/lib/python3.7/site-packages/airflow/example_dags/example_short_circuit_operator.py
[2021-03-01 21:04:23,935] {logging_mixin.py:103} INFO - [2021-03-01 21:04:23,935] {dag.py:1813} INFO - Sync 1 DAGs
[2021-03-01 21:04:23,950] {logging_mixin.py:103} INFO - [2021-03-01 21:04:23,950] {dag.py:2266} INFO - Setting next_dagrun for example_short_circuit_operator to 2021-02-28 00:00:00+00:00
[2021-03-01 21:04:23,960] {scheduler_job.py:189} INFO - Processing /home/i-sip_iot/anaconda3/envs/sandbox/lib/python3.7/site-packages/airflow/example_dags/example_short_circuit_operator.py took 0.055 seconds
