[2021-03-01 20:26:45,146] {scheduler_job.py:181} INFO - Started process (PID=229877) to work on /home/i-sip_iot/anaconda3/envs/sandbox/lib/python3.7/site-packages/airflow/example_dags/example_subdag_operator.py
[2021-03-01 20:26:45,148] {scheduler_job.py:629} INFO - Processing file /home/i-sip_iot/anaconda3/envs/sandbox/lib/python3.7/site-packages/airflow/example_dags/example_subdag_operator.py for tasks to queue
[2021-03-01 20:26:45,149] {logging_mixin.py:103} INFO - [2021-03-01 20:26:45,149] {dagbag.py:440} INFO - Filling up the DagBag from /home/i-sip_iot/anaconda3/envs/sandbox/lib/python3.7/site-packages/airflow/example_dags/example_subdag_operator.py
[2021-03-01 20:26:45,173] {scheduler_job.py:639} INFO - DAG(s) dict_keys(['example_subdag_operator.section-1', 'example_subdag_operator.section-2', 'example_subdag_operator']) retrieved from /home/i-sip_iot/anaconda3/envs/sandbox/lib/python3.7/site-packages/airflow/example_dags/example_subdag_operator.py
[2021-03-01 20:26:45,173] {logging_mixin.py:103} INFO - [2021-03-01 20:26:45,173] {dag.py:1813} INFO - Sync 3 DAGs
[2021-03-01 20:26:45,181] {logging_mixin.py:103} INFO - [2021-03-01 20:26:45,181] {dag.py:2266} INFO - Setting next_dagrun for example_subdag_operator to 2021-02-28 00:00:00+00:00
[2021-03-01 20:26:45,182] {logging_mixin.py:103} INFO - [2021-03-01 20:26:45,182] {dag.py:2266} INFO - Setting next_dagrun for example_subdag_operator.section-1 to None
[2021-03-01 20:26:45,182] {logging_mixin.py:103} INFO - [2021-03-01 20:26:45,182] {dag.py:2266} INFO - Setting next_dagrun for example_subdag_operator.section-2 to None
[2021-03-01 20:26:45,192] {logging_mixin.py:103} INFO - [2021-03-01 20:26:45,192] {dag.py:1813} INFO - Sync 2 DAGs
[2021-03-01 20:26:45,196] {logging_mixin.py:103} INFO - [2021-03-01 20:26:45,196] {dag.py:2266} INFO - Setting next_dagrun for example_subdag_operator.section-1 to None
[2021-03-01 20:26:45,196] {logging_mixin.py:103} INFO - [2021-03-01 20:26:45,196] {dag.py:2266} INFO - Setting next_dagrun for example_subdag_operator.section-2 to None
[2021-03-01 20:26:45,211] {scheduler_job.py:189} INFO - Processing /home/i-sip_iot/anaconda3/envs/sandbox/lib/python3.7/site-packages/airflow/example_dags/example_subdag_operator.py took 0.071 seconds
[2021-03-01 20:27:09,311] {scheduler_job.py:181} INFO - Started process (PID=229980) to work on /home/i-sip_iot/anaconda3/envs/sandbox/lib/python3.7/site-packages/airflow/example_dags/example_subdag_operator.py
[2021-03-01 20:27:09,312] {scheduler_job.py:629} INFO - Processing file /home/i-sip_iot/anaconda3/envs/sandbox/lib/python3.7/site-packages/airflow/example_dags/example_subdag_operator.py for tasks to queue
[2021-03-01 20:27:09,312] {logging_mixin.py:103} INFO - [2021-03-01 20:27:09,312] {dagbag.py:440} INFO - Filling up the DagBag from /home/i-sip_iot/anaconda3/envs/sandbox/lib/python3.7/site-packages/airflow/example_dags/example_subdag_operator.py
[2021-03-01 20:27:09,326] {scheduler_job.py:639} INFO - DAG(s) dict_keys(['example_subdag_operator.section-1', 'example_subdag_operator.section-2', 'example_subdag_operator']) retrieved from /home/i-sip_iot/anaconda3/envs/sandbox/lib/python3.7/site-packages/airflow/example_dags/example_subdag_operator.py
[2021-03-01 20:27:09,326] {logging_mixin.py:103} INFO - [2021-03-01 20:27:09,326] {dag.py:1813} INFO - Sync 3 DAGs
[2021-03-01 20:27:09,363] {logging_mixin.py:103} INFO - [2021-03-01 20:27:09,363] {dag.py:2266} INFO - Setting next_dagrun for example_subdag_operator to 2021-02-28 00:00:00+00:00
[2021-03-01 20:27:09,365] {logging_mixin.py:103} INFO - [2021-03-01 20:27:09,365] {dag.py:2266} INFO - Setting next_dagrun for example_subdag_operator.section-1 to None
[2021-03-01 20:27:09,365] {logging_mixin.py:103} INFO - [2021-03-01 20:27:09,365] {dag.py:2266} INFO - Setting next_dagrun for example_subdag_operator.section-2 to None
[2021-03-01 20:27:09,371] {logging_mixin.py:103} INFO - [2021-03-01 20:27:09,371] {dag.py:1813} INFO - Sync 2 DAGs
[2021-03-01 20:27:09,380] {logging_mixin.py:103} INFO - [2021-03-01 20:27:09,380] {dag.py:2266} INFO - Setting next_dagrun for example_subdag_operator.section-1 to None
[2021-03-01 20:27:09,380] {logging_mixin.py:103} INFO - [2021-03-01 20:27:09,380] {dag.py:2266} INFO - Setting next_dagrun for example_subdag_operator.section-2 to None
[2021-03-01 20:27:09,386] {scheduler_job.py:189} INFO - Processing /home/i-sip_iot/anaconda3/envs/sandbox/lib/python3.7/site-packages/airflow/example_dags/example_subdag_operator.py took 0.077 seconds
[2021-03-01 20:27:35,599] {scheduler_job.py:181} INFO - Started process (PID=230267) to work on /home/i-sip_iot/anaconda3/envs/sandbox/lib/python3.7/site-packages/airflow/example_dags/example_subdag_operator.py
[2021-03-01 20:27:35,601] {scheduler_job.py:629} INFO - Processing file /home/i-sip_iot/anaconda3/envs/sandbox/lib/python3.7/site-packages/airflow/example_dags/example_subdag_operator.py for tasks to queue
[2021-03-01 20:27:35,602] {logging_mixin.py:103} INFO - [2021-03-01 20:27:35,602] {dagbag.py:440} INFO - Filling up the DagBag from /home/i-sip_iot/anaconda3/envs/sandbox/lib/python3.7/site-packages/airflow/example_dags/example_subdag_operator.py
[2021-03-01 20:27:35,623] {scheduler_job.py:639} INFO - DAG(s) dict_keys(['example_subdag_operator.section-1', 'example_subdag_operator.section-2', 'example_subdag_operator']) retrieved from /home/i-sip_iot/anaconda3/envs/sandbox/lib/python3.7/site-packages/airflow/example_dags/example_subdag_operator.py
[2021-03-01 20:27:35,624] {logging_mixin.py:103} INFO - [2021-03-01 20:27:35,624] {dag.py:1813} INFO - Sync 3 DAGs
[2021-03-01 20:27:35,631] {logging_mixin.py:103} INFO - [2021-03-01 20:27:35,631] {dag.py:2266} INFO - Setting next_dagrun for example_subdag_operator to 2021-02-28 00:00:00+00:00
[2021-03-01 20:27:35,632] {logging_mixin.py:103} INFO - [2021-03-01 20:27:35,632] {dag.py:2266} INFO - Setting next_dagrun for example_subdag_operator.section-1 to None
[2021-03-01 20:27:35,632] {logging_mixin.py:103} INFO - [2021-03-01 20:27:35,632] {dag.py:2266} INFO - Setting next_dagrun for example_subdag_operator.section-2 to None
[2021-03-01 20:27:35,635] {logging_mixin.py:103} INFO - [2021-03-01 20:27:35,634] {dag.py:1813} INFO - Sync 2 DAGs
[2021-03-01 20:27:35,638] {logging_mixin.py:103} INFO - [2021-03-01 20:27:35,638] {dag.py:2266} INFO - Setting next_dagrun for example_subdag_operator.section-1 to None
[2021-03-01 20:27:35,638] {logging_mixin.py:103} INFO - [2021-03-01 20:27:35,638] {dag.py:2266} INFO - Setting next_dagrun for example_subdag_operator.section-2 to None
[2021-03-01 20:27:35,645] {scheduler_job.py:189} INFO - Processing /home/i-sip_iot/anaconda3/envs/sandbox/lib/python3.7/site-packages/airflow/example_dags/example_subdag_operator.py took 0.053 seconds
[2021-03-01 20:28:01,893] {scheduler_job.py:181} INFO - Started process (PID=230358) to work on /home/i-sip_iot/anaconda3/envs/sandbox/lib/python3.7/site-packages/airflow/example_dags/example_subdag_operator.py
[2021-03-01 20:28:01,893] {scheduler_job.py:629} INFO - Processing file /home/i-sip_iot/anaconda3/envs/sandbox/lib/python3.7/site-packages/airflow/example_dags/example_subdag_operator.py for tasks to queue
[2021-03-01 20:28:01,894] {logging_mixin.py:103} INFO - [2021-03-01 20:28:01,894] {dagbag.py:440} INFO - Filling up the DagBag from /home/i-sip_iot/anaconda3/envs/sandbox/lib/python3.7/site-packages/airflow/example_dags/example_subdag_operator.py
[2021-03-01 20:28:01,906] {scheduler_job.py:639} INFO - DAG(s) dict_keys(['example_subdag_operator.section-1', 'example_subdag_operator.section-2', 'example_subdag_operator']) retrieved from /home/i-sip_iot/anaconda3/envs/sandbox/lib/python3.7/site-packages/airflow/example_dags/example_subdag_operator.py
[2021-03-01 20:28:01,906] {logging_mixin.py:103} INFO - [2021-03-01 20:28:01,906] {dag.py:1813} INFO - Sync 3 DAGs
[2021-03-01 20:28:01,913] {logging_mixin.py:103} INFO - [2021-03-01 20:28:01,913] {dag.py:2266} INFO - Setting next_dagrun for example_subdag_operator to 2021-02-28 00:00:00+00:00
[2021-03-01 20:28:01,914] {logging_mixin.py:103} INFO - [2021-03-01 20:28:01,914] {dag.py:2266} INFO - Setting next_dagrun for example_subdag_operator.section-1 to None
[2021-03-01 20:28:01,914] {logging_mixin.py:103} INFO - [2021-03-01 20:28:01,914] {dag.py:2266} INFO - Setting next_dagrun for example_subdag_operator.section-2 to None
[2021-03-01 20:28:01,916] {logging_mixin.py:103} INFO - [2021-03-01 20:28:01,916] {dag.py:1813} INFO - Sync 2 DAGs
[2021-03-01 20:28:01,920] {logging_mixin.py:103} INFO - [2021-03-01 20:28:01,919] {dag.py:2266} INFO - Setting next_dagrun for example_subdag_operator.section-1 to None
[2021-03-01 20:28:01,920] {logging_mixin.py:103} INFO - [2021-03-01 20:28:01,920] {dag.py:2266} INFO - Setting next_dagrun for example_subdag_operator.section-2 to None
[2021-03-01 20:28:01,927] {scheduler_job.py:189} INFO - Processing /home/i-sip_iot/anaconda3/envs/sandbox/lib/python3.7/site-packages/airflow/example_dags/example_subdag_operator.py took 0.036 seconds
[2021-03-01 20:28:28,132] {scheduler_job.py:181} INFO - Started process (PID=230463) to work on /home/i-sip_iot/anaconda3/envs/sandbox/lib/python3.7/site-packages/airflow/example_dags/example_subdag_operator.py
[2021-03-01 20:28:28,133] {scheduler_job.py:629} INFO - Processing file /home/i-sip_iot/anaconda3/envs/sandbox/lib/python3.7/site-packages/airflow/example_dags/example_subdag_operator.py for tasks to queue
[2021-03-01 20:28:28,134] {logging_mixin.py:103} INFO - [2021-03-01 20:28:28,134] {dagbag.py:440} INFO - Filling up the DagBag from /home/i-sip_iot/anaconda3/envs/sandbox/lib/python3.7/site-packages/airflow/example_dags/example_subdag_operator.py
[2021-03-01 20:28:28,147] {scheduler_job.py:639} INFO - DAG(s) dict_keys(['example_subdag_operator.section-1', 'example_subdag_operator.section-2', 'example_subdag_operator']) retrieved from /home/i-sip_iot/anaconda3/envs/sandbox/lib/python3.7/site-packages/airflow/example_dags/example_subdag_operator.py
[2021-03-01 20:28:28,148] {logging_mixin.py:103} INFO - [2021-03-01 20:28:28,148] {dag.py:1813} INFO - Sync 3 DAGs
[2021-03-01 20:28:28,155] {logging_mixin.py:103} INFO - [2021-03-01 20:28:28,155] {dag.py:2266} INFO - Setting next_dagrun for example_subdag_operator to 2021-02-28 00:00:00+00:00
[2021-03-01 20:28:28,155] {logging_mixin.py:103} INFO - [2021-03-01 20:28:28,155] {dag.py:2266} INFO - Setting next_dagrun for example_subdag_operator.section-1 to None
[2021-03-01 20:28:28,155] {logging_mixin.py:103} INFO - [2021-03-01 20:28:28,155] {dag.py:2266} INFO - Setting next_dagrun for example_subdag_operator.section-2 to None
[2021-03-01 20:28:28,158] {logging_mixin.py:103} INFO - [2021-03-01 20:28:28,158] {dag.py:1813} INFO - Sync 2 DAGs
[2021-03-01 20:28:28,161] {logging_mixin.py:103} INFO - [2021-03-01 20:28:28,161] {dag.py:2266} INFO - Setting next_dagrun for example_subdag_operator.section-1 to None
[2021-03-01 20:28:28,161] {logging_mixin.py:103} INFO - [2021-03-01 20:28:28,161] {dag.py:2266} INFO - Setting next_dagrun for example_subdag_operator.section-2 to None
[2021-03-01 20:28:28,168] {scheduler_job.py:189} INFO - Processing /home/i-sip_iot/anaconda3/envs/sandbox/lib/python3.7/site-packages/airflow/example_dags/example_subdag_operator.py took 0.038 seconds
[2021-03-01 20:28:53,993] {scheduler_job.py:181} INFO - Started process (PID=230703) to work on /home/i-sip_iot/anaconda3/envs/sandbox/lib/python3.7/site-packages/airflow/example_dags/example_subdag_operator.py
[2021-03-01 20:28:53,993] {scheduler_job.py:629} INFO - Processing file /home/i-sip_iot/anaconda3/envs/sandbox/lib/python3.7/site-packages/airflow/example_dags/example_subdag_operator.py for tasks to queue
[2021-03-01 20:28:53,994] {logging_mixin.py:103} INFO - [2021-03-01 20:28:53,994] {dagbag.py:440} INFO - Filling up the DagBag from /home/i-sip_iot/anaconda3/envs/sandbox/lib/python3.7/site-packages/airflow/example_dags/example_subdag_operator.py
[2021-03-01 20:28:54,007] {scheduler_job.py:639} INFO - DAG(s) dict_keys(['example_subdag_operator.section-1', 'example_subdag_operator.section-2', 'example_subdag_operator']) retrieved from /home/i-sip_iot/anaconda3/envs/sandbox/lib/python3.7/site-packages/airflow/example_dags/example_subdag_operator.py
[2021-03-01 20:28:54,008] {logging_mixin.py:103} INFO - [2021-03-01 20:28:54,008] {dag.py:1813} INFO - Sync 3 DAGs
[2021-03-01 20:28:54,015] {logging_mixin.py:103} INFO - [2021-03-01 20:28:54,015] {dag.py:2266} INFO - Setting next_dagrun for example_subdag_operator to 2021-02-28 00:00:00+00:00
[2021-03-01 20:28:54,015] {logging_mixin.py:103} INFO - [2021-03-01 20:28:54,015] {dag.py:2266} INFO - Setting next_dagrun for example_subdag_operator.section-1 to None
[2021-03-01 20:28:54,015] {logging_mixin.py:103} INFO - [2021-03-01 20:28:54,015] {dag.py:2266} INFO - Setting next_dagrun for example_subdag_operator.section-2 to None
[2021-03-01 20:28:54,018] {logging_mixin.py:103} INFO - [2021-03-01 20:28:54,018] {dag.py:1813} INFO - Sync 2 DAGs
[2021-03-01 20:28:54,024] {logging_mixin.py:103} INFO - [2021-03-01 20:28:54,024] {dag.py:2266} INFO - Setting next_dagrun for example_subdag_operator.section-1 to None
[2021-03-01 20:28:54,024] {logging_mixin.py:103} INFO - [2021-03-01 20:28:54,024] {dag.py:2266} INFO - Setting next_dagrun for example_subdag_operator.section-2 to None
[2021-03-01 20:28:54,033] {scheduler_job.py:189} INFO - Processing /home/i-sip_iot/anaconda3/envs/sandbox/lib/python3.7/site-packages/airflow/example_dags/example_subdag_operator.py took 0.042 seconds
[2021-03-01 20:29:19,559] {scheduler_job.py:181} INFO - Started process (PID=231645) to work on /home/i-sip_iot/anaconda3/envs/sandbox/lib/python3.7/site-packages/airflow/example_dags/example_subdag_operator.py
[2021-03-01 20:29:19,559] {scheduler_job.py:629} INFO - Processing file /home/i-sip_iot/anaconda3/envs/sandbox/lib/python3.7/site-packages/airflow/example_dags/example_subdag_operator.py for tasks to queue
[2021-03-01 20:29:19,559] {logging_mixin.py:103} INFO - [2021-03-01 20:29:19,559] {dagbag.py:440} INFO - Filling up the DagBag from /home/i-sip_iot/anaconda3/envs/sandbox/lib/python3.7/site-packages/airflow/example_dags/example_subdag_operator.py
[2021-03-01 20:29:19,571] {scheduler_job.py:639} INFO - DAG(s) dict_keys(['example_subdag_operator.section-1', 'example_subdag_operator.section-2', 'example_subdag_operator']) retrieved from /home/i-sip_iot/anaconda3/envs/sandbox/lib/python3.7/site-packages/airflow/example_dags/example_subdag_operator.py
[2021-03-01 20:29:19,572] {logging_mixin.py:103} INFO - [2021-03-01 20:29:19,572] {dag.py:1813} INFO - Sync 3 DAGs
[2021-03-01 20:29:19,578] {logging_mixin.py:103} INFO - [2021-03-01 20:29:19,578] {dag.py:2266} INFO - Setting next_dagrun for example_subdag_operator to 2021-02-28 00:00:00+00:00
[2021-03-01 20:29:19,579] {logging_mixin.py:103} INFO - [2021-03-01 20:29:19,579] {dag.py:2266} INFO - Setting next_dagrun for example_subdag_operator.section-1 to None
[2021-03-01 20:29:19,579] {logging_mixin.py:103} INFO - [2021-03-01 20:29:19,579] {dag.py:2266} INFO - Setting next_dagrun for example_subdag_operator.section-2 to None
[2021-03-01 20:29:19,581] {logging_mixin.py:103} INFO - [2021-03-01 20:29:19,581] {dag.py:1813} INFO - Sync 2 DAGs
[2021-03-01 20:29:19,585] {logging_mixin.py:103} INFO - [2021-03-01 20:29:19,585] {dag.py:2266} INFO - Setting next_dagrun for example_subdag_operator.section-1 to None
[2021-03-01 20:29:19,585] {logging_mixin.py:103} INFO - [2021-03-01 20:29:19,585] {dag.py:2266} INFO - Setting next_dagrun for example_subdag_operator.section-2 to None
[2021-03-01 20:29:19,592] {scheduler_job.py:189} INFO - Processing /home/i-sip_iot/anaconda3/envs/sandbox/lib/python3.7/site-packages/airflow/example_dags/example_subdag_operator.py took 0.035 seconds
[2021-03-01 20:29:44,776] {scheduler_job.py:181} INFO - Started process (PID=231907) to work on /home/i-sip_iot/anaconda3/envs/sandbox/lib/python3.7/site-packages/airflow/example_dags/example_subdag_operator.py
[2021-03-01 20:29:44,776] {scheduler_job.py:629} INFO - Processing file /home/i-sip_iot/anaconda3/envs/sandbox/lib/python3.7/site-packages/airflow/example_dags/example_subdag_operator.py for tasks to queue
[2021-03-01 20:29:44,777] {logging_mixin.py:103} INFO - [2021-03-01 20:29:44,777] {dagbag.py:440} INFO - Filling up the DagBag from /home/i-sip_iot/anaconda3/envs/sandbox/lib/python3.7/site-packages/airflow/example_dags/example_subdag_operator.py
[2021-03-01 20:29:44,789] {scheduler_job.py:639} INFO - DAG(s) dict_keys(['example_subdag_operator.section-1', 'example_subdag_operator.section-2', 'example_subdag_operator']) retrieved from /home/i-sip_iot/anaconda3/envs/sandbox/lib/python3.7/site-packages/airflow/example_dags/example_subdag_operator.py
[2021-03-01 20:29:44,789] {logging_mixin.py:103} INFO - [2021-03-01 20:29:44,789] {dag.py:1813} INFO - Sync 3 DAGs
[2021-03-01 20:29:44,796] {logging_mixin.py:103} INFO - [2021-03-01 20:29:44,796] {dag.py:2266} INFO - Setting next_dagrun for example_subdag_operator to 2021-02-28 00:00:00+00:00
[2021-03-01 20:29:44,797] {logging_mixin.py:103} INFO - [2021-03-01 20:29:44,797] {dag.py:2266} INFO - Setting next_dagrun for example_subdag_operator.section-1 to None
[2021-03-01 20:29:44,797] {logging_mixin.py:103} INFO - [2021-03-01 20:29:44,797] {dag.py:2266} INFO - Setting next_dagrun for example_subdag_operator.section-2 to None
[2021-03-01 20:29:44,799] {logging_mixin.py:103} INFO - [2021-03-01 20:29:44,799] {dag.py:1813} INFO - Sync 2 DAGs
[2021-03-01 20:29:44,803] {logging_mixin.py:103} INFO - [2021-03-01 20:29:44,803] {dag.py:2266} INFO - Setting next_dagrun for example_subdag_operator.section-1 to None
[2021-03-01 20:29:44,803] {logging_mixin.py:103} INFO - [2021-03-01 20:29:44,803] {dag.py:2266} INFO - Setting next_dagrun for example_subdag_operator.section-2 to None
[2021-03-01 20:29:44,811] {scheduler_job.py:189} INFO - Processing /home/i-sip_iot/anaconda3/envs/sandbox/lib/python3.7/site-packages/airflow/example_dags/example_subdag_operator.py took 0.036 seconds
[2021-03-01 20:30:10,227] {scheduler_job.py:181} INFO - Started process (PID=232100) to work on /home/i-sip_iot/anaconda3/envs/sandbox/lib/python3.7/site-packages/airflow/example_dags/example_subdag_operator.py
[2021-03-01 20:30:10,229] {scheduler_job.py:629} INFO - Processing file /home/i-sip_iot/anaconda3/envs/sandbox/lib/python3.7/site-packages/airflow/example_dags/example_subdag_operator.py for tasks to queue
[2021-03-01 20:30:10,229] {logging_mixin.py:103} INFO - [2021-03-01 20:30:10,229] {dagbag.py:440} INFO - Filling up the DagBag from /home/i-sip_iot/anaconda3/envs/sandbox/lib/python3.7/site-packages/airflow/example_dags/example_subdag_operator.py
[2021-03-01 20:30:10,244] {scheduler_job.py:639} INFO - DAG(s) dict_keys(['example_subdag_operator.section-1', 'example_subdag_operator.section-2', 'example_subdag_operator']) retrieved from /home/i-sip_iot/anaconda3/envs/sandbox/lib/python3.7/site-packages/airflow/example_dags/example_subdag_operator.py
[2021-03-01 20:30:10,245] {logging_mixin.py:103} INFO - [2021-03-01 20:30:10,245] {dag.py:1813} INFO - Sync 3 DAGs
[2021-03-01 20:30:10,253] {logging_mixin.py:103} INFO - [2021-03-01 20:30:10,252] {dag.py:2266} INFO - Setting next_dagrun for example_subdag_operator to 2021-02-28 00:00:00+00:00
[2021-03-01 20:30:10,253] {logging_mixin.py:103} INFO - [2021-03-01 20:30:10,253] {dag.py:2266} INFO - Setting next_dagrun for example_subdag_operator.section-1 to None
[2021-03-01 20:30:10,253] {logging_mixin.py:103} INFO - [2021-03-01 20:30:10,253] {dag.py:2266} INFO - Setting next_dagrun for example_subdag_operator.section-2 to None
[2021-03-01 20:30:10,256] {logging_mixin.py:103} INFO - [2021-03-01 20:30:10,255] {dag.py:1813} INFO - Sync 2 DAGs
[2021-03-01 20:30:10,259] {logging_mixin.py:103} INFO - [2021-03-01 20:30:10,259] {dag.py:2266} INFO - Setting next_dagrun for example_subdag_operator.section-1 to None
[2021-03-01 20:30:10,259] {logging_mixin.py:103} INFO - [2021-03-01 20:30:10,259] {dag.py:2266} INFO - Setting next_dagrun for example_subdag_operator.section-2 to None
[2021-03-01 20:30:10,266] {scheduler_job.py:189} INFO - Processing /home/i-sip_iot/anaconda3/envs/sandbox/lib/python3.7/site-packages/airflow/example_dags/example_subdag_operator.py took 0.040 seconds
[2021-03-01 20:30:36,160] {scheduler_job.py:181} INFO - Started process (PID=232990) to work on /home/i-sip_iot/anaconda3/envs/sandbox/lib/python3.7/site-packages/airflow/example_dags/example_subdag_operator.py
[2021-03-01 20:30:36,162] {scheduler_job.py:629} INFO - Processing file /home/i-sip_iot/anaconda3/envs/sandbox/lib/python3.7/site-packages/airflow/example_dags/example_subdag_operator.py for tasks to queue
[2021-03-01 20:30:36,162] {logging_mixin.py:103} INFO - [2021-03-01 20:30:36,162] {dagbag.py:440} INFO - Filling up the DagBag from /home/i-sip_iot/anaconda3/envs/sandbox/lib/python3.7/site-packages/airflow/example_dags/example_subdag_operator.py
[2021-03-01 20:30:36,197] {scheduler_job.py:639} INFO - DAG(s) dict_keys(['example_subdag_operator.section-1', 'example_subdag_operator.section-2', 'example_subdag_operator']) retrieved from /home/i-sip_iot/anaconda3/envs/sandbox/lib/python3.7/site-packages/airflow/example_dags/example_subdag_operator.py
[2021-03-01 20:30:36,198] {logging_mixin.py:103} INFO - [2021-03-01 20:30:36,198] {dag.py:1813} INFO - Sync 3 DAGs
[2021-03-01 20:30:36,209] {logging_mixin.py:103} INFO - [2021-03-01 20:30:36,209] {dag.py:2266} INFO - Setting next_dagrun for example_subdag_operator to 2021-02-28 00:00:00+00:00
[2021-03-01 20:30:36,210] {logging_mixin.py:103} INFO - [2021-03-01 20:30:36,210] {dag.py:2266} INFO - Setting next_dagrun for example_subdag_operator.section-1 to None
[2021-03-01 20:30:36,210] {logging_mixin.py:103} INFO - [2021-03-01 20:30:36,210] {dag.py:2266} INFO - Setting next_dagrun for example_subdag_operator.section-2 to None
[2021-03-01 20:30:36,213] {logging_mixin.py:103} INFO - [2021-03-01 20:30:36,213] {dag.py:1813} INFO - Sync 2 DAGs
[2021-03-01 20:30:36,219] {logging_mixin.py:103} INFO - [2021-03-01 20:30:36,219] {dag.py:2266} INFO - Setting next_dagrun for example_subdag_operator.section-1 to None
[2021-03-01 20:30:36,219] {logging_mixin.py:103} INFO - [2021-03-01 20:30:36,219] {dag.py:2266} INFO - Setting next_dagrun for example_subdag_operator.section-2 to None
[2021-03-01 20:30:36,227] {scheduler_job.py:189} INFO - Processing /home/i-sip_iot/anaconda3/envs/sandbox/lib/python3.7/site-packages/airflow/example_dags/example_subdag_operator.py took 0.070 seconds
[2021-03-01 20:31:03,491] {scheduler_job.py:181} INFO - Started process (PID=233091) to work on /home/i-sip_iot/anaconda3/envs/sandbox/lib/python3.7/site-packages/airflow/example_dags/example_subdag_operator.py
[2021-03-01 20:31:03,493] {scheduler_job.py:629} INFO - Processing file /home/i-sip_iot/anaconda3/envs/sandbox/lib/python3.7/site-packages/airflow/example_dags/example_subdag_operator.py for tasks to queue
[2021-03-01 20:31:03,495] {logging_mixin.py:103} INFO - [2021-03-01 20:31:03,494] {dagbag.py:440} INFO - Filling up the DagBag from /home/i-sip_iot/anaconda3/envs/sandbox/lib/python3.7/site-packages/airflow/example_dags/example_subdag_operator.py
[2021-03-01 20:31:03,519] {scheduler_job.py:639} INFO - DAG(s) dict_keys(['example_subdag_operator.section-1', 'example_subdag_operator.section-2', 'example_subdag_operator']) retrieved from /home/i-sip_iot/anaconda3/envs/sandbox/lib/python3.7/site-packages/airflow/example_dags/example_subdag_operator.py
[2021-03-01 20:31:03,520] {logging_mixin.py:103} INFO - [2021-03-01 20:31:03,520] {dag.py:1813} INFO - Sync 3 DAGs
[2021-03-01 20:31:03,528] {logging_mixin.py:103} INFO - [2021-03-01 20:31:03,528] {dag.py:2266} INFO - Setting next_dagrun for example_subdag_operator to 2021-02-28 00:00:00+00:00
[2021-03-01 20:31:03,528] {logging_mixin.py:103} INFO - [2021-03-01 20:31:03,528] {dag.py:2266} INFO - Setting next_dagrun for example_subdag_operator.section-1 to None
[2021-03-01 20:31:03,529] {logging_mixin.py:103} INFO - [2021-03-01 20:31:03,529] {dag.py:2266} INFO - Setting next_dagrun for example_subdag_operator.section-2 to None
[2021-03-01 20:31:03,531] {logging_mixin.py:103} INFO - [2021-03-01 20:31:03,531] {dag.py:1813} INFO - Sync 2 DAGs
[2021-03-01 20:31:03,535] {logging_mixin.py:103} INFO - [2021-03-01 20:31:03,535] {dag.py:2266} INFO - Setting next_dagrun for example_subdag_operator.section-1 to None
[2021-03-01 20:31:03,535] {logging_mixin.py:103} INFO - [2021-03-01 20:31:03,535] {dag.py:2266} INFO - Setting next_dagrun for example_subdag_operator.section-2 to None
[2021-03-01 20:31:03,542] {scheduler_job.py:189} INFO - Processing /home/i-sip_iot/anaconda3/envs/sandbox/lib/python3.7/site-packages/airflow/example_dags/example_subdag_operator.py took 0.058 seconds
[2021-03-01 20:31:28,740] {scheduler_job.py:181} INFO - Started process (PID=233255) to work on /home/i-sip_iot/anaconda3/envs/sandbox/lib/python3.7/site-packages/airflow/example_dags/example_subdag_operator.py
[2021-03-01 20:31:28,741] {scheduler_job.py:629} INFO - Processing file /home/i-sip_iot/anaconda3/envs/sandbox/lib/python3.7/site-packages/airflow/example_dags/example_subdag_operator.py for tasks to queue
[2021-03-01 20:31:28,741] {logging_mixin.py:103} INFO - [2021-03-01 20:31:28,741] {dagbag.py:440} INFO - Filling up the DagBag from /home/i-sip_iot/anaconda3/envs/sandbox/lib/python3.7/site-packages/airflow/example_dags/example_subdag_operator.py
[2021-03-01 20:31:28,753] {scheduler_job.py:639} INFO - DAG(s) dict_keys(['example_subdag_operator.section-1', 'example_subdag_operator.section-2', 'example_subdag_operator']) retrieved from /home/i-sip_iot/anaconda3/envs/sandbox/lib/python3.7/site-packages/airflow/example_dags/example_subdag_operator.py
[2021-03-01 20:31:28,754] {logging_mixin.py:103} INFO - [2021-03-01 20:31:28,753] {dag.py:1813} INFO - Sync 3 DAGs
[2021-03-01 20:31:28,760] {logging_mixin.py:103} INFO - [2021-03-01 20:31:28,760] {dag.py:2266} INFO - Setting next_dagrun for example_subdag_operator to 2021-02-28 00:00:00+00:00
[2021-03-01 20:31:28,761] {logging_mixin.py:103} INFO - [2021-03-01 20:31:28,761] {dag.py:2266} INFO - Setting next_dagrun for example_subdag_operator.section-1 to None
[2021-03-01 20:31:28,761] {logging_mixin.py:103} INFO - [2021-03-01 20:31:28,761] {dag.py:2266} INFO - Setting next_dagrun for example_subdag_operator.section-2 to None
[2021-03-01 20:31:28,763] {logging_mixin.py:103} INFO - [2021-03-01 20:31:28,763] {dag.py:1813} INFO - Sync 2 DAGs
[2021-03-01 20:31:28,767] {logging_mixin.py:103} INFO - [2021-03-01 20:31:28,767] {dag.py:2266} INFO - Setting next_dagrun for example_subdag_operator.section-1 to None
[2021-03-01 20:31:28,767] {logging_mixin.py:103} INFO - [2021-03-01 20:31:28,767] {dag.py:2266} INFO - Setting next_dagrun for example_subdag_operator.section-2 to None
[2021-03-01 20:31:28,774] {scheduler_job.py:189} INFO - Processing /home/i-sip_iot/anaconda3/envs/sandbox/lib/python3.7/site-packages/airflow/example_dags/example_subdag_operator.py took 0.035 seconds
[2021-03-01 20:31:54,470] {scheduler_job.py:181} INFO - Started process (PID=233536) to work on /home/i-sip_iot/anaconda3/envs/sandbox/lib/python3.7/site-packages/airflow/example_dags/example_subdag_operator.py
[2021-03-01 20:31:54,471] {scheduler_job.py:629} INFO - Processing file /home/i-sip_iot/anaconda3/envs/sandbox/lib/python3.7/site-packages/airflow/example_dags/example_subdag_operator.py for tasks to queue
[2021-03-01 20:31:54,472] {logging_mixin.py:103} INFO - [2021-03-01 20:31:54,472] {dagbag.py:440} INFO - Filling up the DagBag from /home/i-sip_iot/anaconda3/envs/sandbox/lib/python3.7/site-packages/airflow/example_dags/example_subdag_operator.py
[2021-03-01 20:31:54,493] {scheduler_job.py:639} INFO - DAG(s) dict_keys(['example_subdag_operator.section-1', 'example_subdag_operator.section-2', 'example_subdag_operator']) retrieved from /home/i-sip_iot/anaconda3/envs/sandbox/lib/python3.7/site-packages/airflow/example_dags/example_subdag_operator.py
[2021-03-01 20:31:54,493] {logging_mixin.py:103} INFO - [2021-03-01 20:31:54,493] {dag.py:1813} INFO - Sync 3 DAGs
[2021-03-01 20:31:54,501] {logging_mixin.py:103} INFO - [2021-03-01 20:31:54,501] {dag.py:2266} INFO - Setting next_dagrun for example_subdag_operator to 2021-02-28 00:00:00+00:00
[2021-03-01 20:31:54,502] {logging_mixin.py:103} INFO - [2021-03-01 20:31:54,502] {dag.py:2266} INFO - Setting next_dagrun for example_subdag_operator.section-1 to None
[2021-03-01 20:31:54,502] {logging_mixin.py:103} INFO - [2021-03-01 20:31:54,502] {dag.py:2266} INFO - Setting next_dagrun for example_subdag_operator.section-2 to None
[2021-03-01 20:31:54,504] {logging_mixin.py:103} INFO - [2021-03-01 20:31:54,504] {dag.py:1813} INFO - Sync 2 DAGs
[2021-03-01 20:31:54,507] {logging_mixin.py:103} INFO - [2021-03-01 20:31:54,507] {dag.py:2266} INFO - Setting next_dagrun for example_subdag_operator.section-1 to None
[2021-03-01 20:31:54,508] {logging_mixin.py:103} INFO - [2021-03-01 20:31:54,508] {dag.py:2266} INFO - Setting next_dagrun for example_subdag_operator.section-2 to None
[2021-03-01 20:31:54,515] {scheduler_job.py:189} INFO - Processing /home/i-sip_iot/anaconda3/envs/sandbox/lib/python3.7/site-packages/airflow/example_dags/example_subdag_operator.py took 0.050 seconds
[2021-03-01 20:32:20,202] {scheduler_job.py:181} INFO - Started process (PID=233609) to work on /home/i-sip_iot/anaconda3/envs/sandbox/lib/python3.7/site-packages/airflow/example_dags/example_subdag_operator.py
[2021-03-01 20:32:20,204] {scheduler_job.py:629} INFO - Processing file /home/i-sip_iot/anaconda3/envs/sandbox/lib/python3.7/site-packages/airflow/example_dags/example_subdag_operator.py for tasks to queue
[2021-03-01 20:32:20,204] {logging_mixin.py:103} INFO - [2021-03-01 20:32:20,204] {dagbag.py:440} INFO - Filling up the DagBag from /home/i-sip_iot/anaconda3/envs/sandbox/lib/python3.7/site-packages/airflow/example_dags/example_subdag_operator.py
[2021-03-01 20:32:20,222] {scheduler_job.py:639} INFO - DAG(s) dict_keys(['example_subdag_operator.section-1', 'example_subdag_operator.section-2', 'example_subdag_operator']) retrieved from /home/i-sip_iot/anaconda3/envs/sandbox/lib/python3.7/site-packages/airflow/example_dags/example_subdag_operator.py
[2021-03-01 20:32:20,222] {logging_mixin.py:103} INFO - [2021-03-01 20:32:20,222] {dag.py:1813} INFO - Sync 3 DAGs
[2021-03-01 20:32:20,233] {logging_mixin.py:103} INFO - [2021-03-01 20:32:20,233] {dag.py:2266} INFO - Setting next_dagrun for example_subdag_operator to 2021-02-28 00:00:00+00:00
[2021-03-01 20:32:20,233] {logging_mixin.py:103} INFO - [2021-03-01 20:32:20,233] {dag.py:2266} INFO - Setting next_dagrun for example_subdag_operator.section-1 to None
[2021-03-01 20:32:20,234] {logging_mixin.py:103} INFO - [2021-03-01 20:32:20,234] {dag.py:2266} INFO - Setting next_dagrun for example_subdag_operator.section-2 to None
[2021-03-01 20:32:20,237] {logging_mixin.py:103} INFO - [2021-03-01 20:32:20,237] {dag.py:1813} INFO - Sync 2 DAGs
[2021-03-01 20:32:20,241] {logging_mixin.py:103} INFO - [2021-03-01 20:32:20,241] {dag.py:2266} INFO - Setting next_dagrun for example_subdag_operator.section-1 to None
[2021-03-01 20:32:20,241] {logging_mixin.py:103} INFO - [2021-03-01 20:32:20,241] {dag.py:2266} INFO - Setting next_dagrun for example_subdag_operator.section-2 to None
[2021-03-01 20:32:20,248] {scheduler_job.py:189} INFO - Processing /home/i-sip_iot/anaconda3/envs/sandbox/lib/python3.7/site-packages/airflow/example_dags/example_subdag_operator.py took 0.051 seconds
[2021-03-01 20:32:45,435] {scheduler_job.py:181} INFO - Started process (PID=233894) to work on /home/i-sip_iot/anaconda3/envs/sandbox/lib/python3.7/site-packages/airflow/example_dags/example_subdag_operator.py
[2021-03-01 20:32:45,437] {scheduler_job.py:629} INFO - Processing file /home/i-sip_iot/anaconda3/envs/sandbox/lib/python3.7/site-packages/airflow/example_dags/example_subdag_operator.py for tasks to queue
[2021-03-01 20:32:45,438] {logging_mixin.py:103} INFO - [2021-03-01 20:32:45,438] {dagbag.py:440} INFO - Filling up the DagBag from /home/i-sip_iot/anaconda3/envs/sandbox/lib/python3.7/site-packages/airflow/example_dags/example_subdag_operator.py
[2021-03-01 20:32:45,461] {scheduler_job.py:639} INFO - DAG(s) dict_keys(['example_subdag_operator.section-1', 'example_subdag_operator.section-2', 'example_subdag_operator']) retrieved from /home/i-sip_iot/anaconda3/envs/sandbox/lib/python3.7/site-packages/airflow/example_dags/example_subdag_operator.py
[2021-03-01 20:32:45,462] {logging_mixin.py:103} INFO - [2021-03-01 20:32:45,462] {dag.py:1813} INFO - Sync 3 DAGs
[2021-03-01 20:32:45,470] {logging_mixin.py:103} INFO - [2021-03-01 20:32:45,470] {dag.py:2266} INFO - Setting next_dagrun for example_subdag_operator to 2021-02-28 00:00:00+00:00
[2021-03-01 20:32:45,471] {logging_mixin.py:103} INFO - [2021-03-01 20:32:45,471] {dag.py:2266} INFO - Setting next_dagrun for example_subdag_operator.section-1 to None
[2021-03-01 20:32:45,471] {logging_mixin.py:103} INFO - [2021-03-01 20:32:45,471] {dag.py:2266} INFO - Setting next_dagrun for example_subdag_operator.section-2 to None
[2021-03-01 20:32:45,473] {logging_mixin.py:103} INFO - [2021-03-01 20:32:45,473] {dag.py:1813} INFO - Sync 2 DAGs
[2021-03-01 20:32:45,477] {logging_mixin.py:103} INFO - [2021-03-01 20:32:45,477] {dag.py:2266} INFO - Setting next_dagrun for example_subdag_operator.section-1 to None
[2021-03-01 20:32:45,477] {logging_mixin.py:103} INFO - [2021-03-01 20:32:45,477] {dag.py:2266} INFO - Setting next_dagrun for example_subdag_operator.section-2 to None
[2021-03-01 20:32:45,485] {scheduler_job.py:189} INFO - Processing /home/i-sip_iot/anaconda3/envs/sandbox/lib/python3.7/site-packages/airflow/example_dags/example_subdag_operator.py took 0.056 seconds
[2021-03-01 20:33:10,747] {scheduler_job.py:181} INFO - Started process (PID=233993) to work on /home/i-sip_iot/anaconda3/envs/sandbox/lib/python3.7/site-packages/airflow/example_dags/example_subdag_operator.py
[2021-03-01 20:33:10,747] {scheduler_job.py:629} INFO - Processing file /home/i-sip_iot/anaconda3/envs/sandbox/lib/python3.7/site-packages/airflow/example_dags/example_subdag_operator.py for tasks to queue
[2021-03-01 20:33:10,748] {logging_mixin.py:103} INFO - [2021-03-01 20:33:10,748] {dagbag.py:440} INFO - Filling up the DagBag from /home/i-sip_iot/anaconda3/envs/sandbox/lib/python3.7/site-packages/airflow/example_dags/example_subdag_operator.py
[2021-03-01 20:33:10,762] {scheduler_job.py:639} INFO - DAG(s) dict_keys(['example_subdag_operator.section-1', 'example_subdag_operator.section-2', 'example_subdag_operator']) retrieved from /home/i-sip_iot/anaconda3/envs/sandbox/lib/python3.7/site-packages/airflow/example_dags/example_subdag_operator.py
[2021-03-01 20:33:10,762] {logging_mixin.py:103} INFO - [2021-03-01 20:33:10,762] {dag.py:1813} INFO - Sync 3 DAGs
[2021-03-01 20:33:10,769] {logging_mixin.py:103} INFO - [2021-03-01 20:33:10,769] {dag.py:2266} INFO - Setting next_dagrun for example_subdag_operator to 2021-02-28 00:00:00+00:00
[2021-03-01 20:33:10,769] {logging_mixin.py:103} INFO - [2021-03-01 20:33:10,769] {dag.py:2266} INFO - Setting next_dagrun for example_subdag_operator.section-1 to None
[2021-03-01 20:33:10,769] {logging_mixin.py:103} INFO - [2021-03-01 20:33:10,769] {dag.py:2266} INFO - Setting next_dagrun for example_subdag_operator.section-2 to None
[2021-03-01 20:33:10,772] {logging_mixin.py:103} INFO - [2021-03-01 20:33:10,771] {dag.py:1813} INFO - Sync 2 DAGs
[2021-03-01 20:33:10,775] {logging_mixin.py:103} INFO - [2021-03-01 20:33:10,775] {dag.py:2266} INFO - Setting next_dagrun for example_subdag_operator.section-1 to None
[2021-03-01 20:33:10,775] {logging_mixin.py:103} INFO - [2021-03-01 20:33:10,775] {dag.py:2266} INFO - Setting next_dagrun for example_subdag_operator.section-2 to None
[2021-03-01 20:33:10,783] {scheduler_job.py:189} INFO - Processing /home/i-sip_iot/anaconda3/envs/sandbox/lib/python3.7/site-packages/airflow/example_dags/example_subdag_operator.py took 0.039 seconds
[2021-03-01 20:33:37,734] {scheduler_job.py:181} INFO - Started process (PID=234280) to work on /home/i-sip_iot/anaconda3/envs/sandbox/lib/python3.7/site-packages/airflow/example_dags/example_subdag_operator.py
[2021-03-01 20:33:37,736] {scheduler_job.py:629} INFO - Processing file /home/i-sip_iot/anaconda3/envs/sandbox/lib/python3.7/site-packages/airflow/example_dags/example_subdag_operator.py for tasks to queue
[2021-03-01 20:33:37,736] {logging_mixin.py:103} INFO - [2021-03-01 20:33:37,736] {dagbag.py:440} INFO - Filling up the DagBag from /home/i-sip_iot/anaconda3/envs/sandbox/lib/python3.7/site-packages/airflow/example_dags/example_subdag_operator.py
[2021-03-01 20:33:37,757] {scheduler_job.py:639} INFO - DAG(s) dict_keys(['example_subdag_operator.section-1', 'example_subdag_operator.section-2', 'example_subdag_operator']) retrieved from /home/i-sip_iot/anaconda3/envs/sandbox/lib/python3.7/site-packages/airflow/example_dags/example_subdag_operator.py
[2021-03-01 20:33:37,758] {logging_mixin.py:103} INFO - [2021-03-01 20:33:37,758] {dag.py:1813} INFO - Sync 3 DAGs
[2021-03-01 20:33:37,766] {logging_mixin.py:103} INFO - [2021-03-01 20:33:37,766] {dag.py:2266} INFO - Setting next_dagrun for example_subdag_operator to 2021-02-28 00:00:00+00:00
[2021-03-01 20:33:37,767] {logging_mixin.py:103} INFO - [2021-03-01 20:33:37,767] {dag.py:2266} INFO - Setting next_dagrun for example_subdag_operator.section-1 to None
[2021-03-01 20:33:37,767] {logging_mixin.py:103} INFO - [2021-03-01 20:33:37,767] {dag.py:2266} INFO - Setting next_dagrun for example_subdag_operator.section-2 to None
[2021-03-01 20:33:37,769] {logging_mixin.py:103} INFO - [2021-03-01 20:33:37,769] {dag.py:1813} INFO - Sync 2 DAGs
[2021-03-01 20:33:37,773] {logging_mixin.py:103} INFO - [2021-03-01 20:33:37,773] {dag.py:2266} INFO - Setting next_dagrun for example_subdag_operator.section-1 to None
[2021-03-01 20:33:37,773] {logging_mixin.py:103} INFO - [2021-03-01 20:33:37,773] {dag.py:2266} INFO - Setting next_dagrun for example_subdag_operator.section-2 to None
[2021-03-01 20:33:37,780] {scheduler_job.py:189} INFO - Processing /home/i-sip_iot/anaconda3/envs/sandbox/lib/python3.7/site-packages/airflow/example_dags/example_subdag_operator.py took 0.052 seconds
[2021-03-01 20:34:03,121] {scheduler_job.py:181} INFO - Started process (PID=234402) to work on /home/i-sip_iot/anaconda3/envs/sandbox/lib/python3.7/site-packages/airflow/example_dags/example_subdag_operator.py
[2021-03-01 20:34:03,123] {scheduler_job.py:629} INFO - Processing file /home/i-sip_iot/anaconda3/envs/sandbox/lib/python3.7/site-packages/airflow/example_dags/example_subdag_operator.py for tasks to queue
[2021-03-01 20:34:03,125] {logging_mixin.py:103} INFO - [2021-03-01 20:34:03,124] {dagbag.py:440} INFO - Filling up the DagBag from /home/i-sip_iot/anaconda3/envs/sandbox/lib/python3.7/site-packages/airflow/example_dags/example_subdag_operator.py
[2021-03-01 20:34:03,147] {scheduler_job.py:639} INFO - DAG(s) dict_keys(['example_subdag_operator.section-1', 'example_subdag_operator.section-2', 'example_subdag_operator']) retrieved from /home/i-sip_iot/anaconda3/envs/sandbox/lib/python3.7/site-packages/airflow/example_dags/example_subdag_operator.py
[2021-03-01 20:34:03,148] {logging_mixin.py:103} INFO - [2021-03-01 20:34:03,148] {dag.py:1813} INFO - Sync 3 DAGs
[2021-03-01 20:34:03,157] {logging_mixin.py:103} INFO - [2021-03-01 20:34:03,157] {dag.py:2266} INFO - Setting next_dagrun for example_subdag_operator to 2021-02-28 00:00:00+00:00
[2021-03-01 20:34:03,158] {logging_mixin.py:103} INFO - [2021-03-01 20:34:03,158] {dag.py:2266} INFO - Setting next_dagrun for example_subdag_operator.section-1 to None
[2021-03-01 20:34:03,158] {logging_mixin.py:103} INFO - [2021-03-01 20:34:03,158] {dag.py:2266} INFO - Setting next_dagrun for example_subdag_operator.section-2 to None
[2021-03-01 20:34:03,160] {logging_mixin.py:103} INFO - [2021-03-01 20:34:03,160] {dag.py:1813} INFO - Sync 2 DAGs
[2021-03-01 20:34:03,164] {logging_mixin.py:103} INFO - [2021-03-01 20:34:03,164] {dag.py:2266} INFO - Setting next_dagrun for example_subdag_operator.section-1 to None
[2021-03-01 20:34:03,164] {logging_mixin.py:103} INFO - [2021-03-01 20:34:03,164] {dag.py:2266} INFO - Setting next_dagrun for example_subdag_operator.section-2 to None
[2021-03-01 20:34:03,171] {scheduler_job.py:189} INFO - Processing /home/i-sip_iot/anaconda3/envs/sandbox/lib/python3.7/site-packages/airflow/example_dags/example_subdag_operator.py took 0.057 seconds
[2021-03-01 20:34:28,379] {scheduler_job.py:181} INFO - Started process (PID=234482) to work on /home/i-sip_iot/anaconda3/envs/sandbox/lib/python3.7/site-packages/airflow/example_dags/example_subdag_operator.py
[2021-03-01 20:34:28,380] {scheduler_job.py:629} INFO - Processing file /home/i-sip_iot/anaconda3/envs/sandbox/lib/python3.7/site-packages/airflow/example_dags/example_subdag_operator.py for tasks to queue
[2021-03-01 20:34:28,380] {logging_mixin.py:103} INFO - [2021-03-01 20:34:28,380] {dagbag.py:440} INFO - Filling up the DagBag from /home/i-sip_iot/anaconda3/envs/sandbox/lib/python3.7/site-packages/airflow/example_dags/example_subdag_operator.py
[2021-03-01 20:34:28,391] {scheduler_job.py:639} INFO - DAG(s) dict_keys(['example_subdag_operator.section-1', 'example_subdag_operator.section-2', 'example_subdag_operator']) retrieved from /home/i-sip_iot/anaconda3/envs/sandbox/lib/python3.7/site-packages/airflow/example_dags/example_subdag_operator.py
[2021-03-01 20:34:28,391] {logging_mixin.py:103} INFO - [2021-03-01 20:34:28,391] {dag.py:1813} INFO - Sync 3 DAGs
[2021-03-01 20:34:28,416] {logging_mixin.py:103} INFO - [2021-03-01 20:34:28,416] {dag.py:2266} INFO - Setting next_dagrun for example_subdag_operator to 2021-02-28 00:00:00+00:00
[2021-03-01 20:34:28,417] {logging_mixin.py:103} INFO - [2021-03-01 20:34:28,417] {dag.py:2266} INFO - Setting next_dagrun for example_subdag_operator.section-1 to None
[2021-03-01 20:34:28,417] {logging_mixin.py:103} INFO - [2021-03-01 20:34:28,417] {dag.py:2266} INFO - Setting next_dagrun for example_subdag_operator.section-2 to None
[2021-03-01 20:34:28,419] {logging_mixin.py:103} INFO - [2021-03-01 20:34:28,419] {dag.py:1813} INFO - Sync 2 DAGs
[2021-03-01 20:34:28,422] {logging_mixin.py:103} INFO - [2021-03-01 20:34:28,422] {dag.py:2266} INFO - Setting next_dagrun for example_subdag_operator.section-1 to None
[2021-03-01 20:34:28,422] {logging_mixin.py:103} INFO - [2021-03-01 20:34:28,422] {dag.py:2266} INFO - Setting next_dagrun for example_subdag_operator.section-2 to None
[2021-03-01 20:34:28,430] {scheduler_job.py:189} INFO - Processing /home/i-sip_iot/anaconda3/envs/sandbox/lib/python3.7/site-packages/airflow/example_dags/example_subdag_operator.py took 0.052 seconds
[2021-03-01 20:35:02,142] {scheduler_job.py:181} INFO - Started process (PID=234974) to work on /home/i-sip_iot/anaconda3/envs/sandbox/lib/python3.7/site-packages/airflow/example_dags/example_subdag_operator.py
[2021-03-01 20:35:02,143] {scheduler_job.py:629} INFO - Processing file /home/i-sip_iot/anaconda3/envs/sandbox/lib/python3.7/site-packages/airflow/example_dags/example_subdag_operator.py for tasks to queue
[2021-03-01 20:35:02,143] {logging_mixin.py:103} INFO - [2021-03-01 20:35:02,143] {dagbag.py:440} INFO - Filling up the DagBag from /home/i-sip_iot/anaconda3/envs/sandbox/lib/python3.7/site-packages/airflow/example_dags/example_subdag_operator.py
[2021-03-01 20:35:02,157] {scheduler_job.py:639} INFO - DAG(s) dict_keys(['example_subdag_operator.section-1', 'example_subdag_operator.section-2', 'example_subdag_operator']) retrieved from /home/i-sip_iot/anaconda3/envs/sandbox/lib/python3.7/site-packages/airflow/example_dags/example_subdag_operator.py
[2021-03-01 20:35:02,158] {logging_mixin.py:103} INFO - [2021-03-01 20:35:02,158] {dag.py:1813} INFO - Sync 3 DAGs
[2021-03-01 20:35:02,165] {logging_mixin.py:103} INFO - [2021-03-01 20:35:02,164] {dag.py:2266} INFO - Setting next_dagrun for example_subdag_operator to 2021-02-28 00:00:00+00:00
[2021-03-01 20:35:02,165] {logging_mixin.py:103} INFO - [2021-03-01 20:35:02,165] {dag.py:2266} INFO - Setting next_dagrun for example_subdag_operator.section-1 to None
[2021-03-01 20:35:02,165] {logging_mixin.py:103} INFO - [2021-03-01 20:35:02,165] {dag.py:2266} INFO - Setting next_dagrun for example_subdag_operator.section-2 to None
[2021-03-01 20:35:02,167] {logging_mixin.py:103} INFO - [2021-03-01 20:35:02,167] {dag.py:1813} INFO - Sync 2 DAGs
[2021-03-01 20:35:02,171] {logging_mixin.py:103} INFO - [2021-03-01 20:35:02,171] {dag.py:2266} INFO - Setting next_dagrun for example_subdag_operator.section-1 to None
[2021-03-01 20:35:02,171] {logging_mixin.py:103} INFO - [2021-03-01 20:35:02,171] {dag.py:2266} INFO - Setting next_dagrun for example_subdag_operator.section-2 to None
[2021-03-01 20:35:02,178] {scheduler_job.py:189} INFO - Processing /home/i-sip_iot/anaconda3/envs/sandbox/lib/python3.7/site-packages/airflow/example_dags/example_subdag_operator.py took 0.038 seconds
[2021-03-01 20:35:26,356] {scheduler_job.py:181} INFO - Started process (PID=235051) to work on /home/i-sip_iot/anaconda3/envs/sandbox/lib/python3.7/site-packages/airflow/example_dags/example_subdag_operator.py
[2021-03-01 20:35:26,357] {scheduler_job.py:629} INFO - Processing file /home/i-sip_iot/anaconda3/envs/sandbox/lib/python3.7/site-packages/airflow/example_dags/example_subdag_operator.py for tasks to queue
[2021-03-01 20:35:26,358] {logging_mixin.py:103} INFO - [2021-03-01 20:35:26,358] {dagbag.py:440} INFO - Filling up the DagBag from /home/i-sip_iot/anaconda3/envs/sandbox/lib/python3.7/site-packages/airflow/example_dags/example_subdag_operator.py
[2021-03-01 20:35:26,369] {scheduler_job.py:639} INFO - DAG(s) dict_keys(['example_subdag_operator.section-1', 'example_subdag_operator.section-2', 'example_subdag_operator']) retrieved from /home/i-sip_iot/anaconda3/envs/sandbox/lib/python3.7/site-packages/airflow/example_dags/example_subdag_operator.py
[2021-03-01 20:35:26,370] {logging_mixin.py:103} INFO - [2021-03-01 20:35:26,370] {dag.py:1813} INFO - Sync 3 DAGs
[2021-03-01 20:35:26,378] {logging_mixin.py:103} INFO - [2021-03-01 20:35:26,377] {dag.py:2266} INFO - Setting next_dagrun for example_subdag_operator to 2021-02-28 00:00:00+00:00
[2021-03-01 20:35:26,378] {logging_mixin.py:103} INFO - [2021-03-01 20:35:26,378] {dag.py:2266} INFO - Setting next_dagrun for example_subdag_operator.section-1 to None
[2021-03-01 20:35:26,378] {logging_mixin.py:103} INFO - [2021-03-01 20:35:26,378] {dag.py:2266} INFO - Setting next_dagrun for example_subdag_operator.section-2 to None
[2021-03-01 20:35:26,381] {logging_mixin.py:103} INFO - [2021-03-01 20:35:26,381] {dag.py:1813} INFO - Sync 2 DAGs
[2021-03-01 20:35:26,384] {logging_mixin.py:103} INFO - [2021-03-01 20:35:26,384] {dag.py:2266} INFO - Setting next_dagrun for example_subdag_operator.section-1 to None
[2021-03-01 20:35:26,384] {logging_mixin.py:103} INFO - [2021-03-01 20:35:26,384] {dag.py:2266} INFO - Setting next_dagrun for example_subdag_operator.section-2 to None
[2021-03-01 20:35:26,392] {scheduler_job.py:189} INFO - Processing /home/i-sip_iot/anaconda3/envs/sandbox/lib/python3.7/site-packages/airflow/example_dags/example_subdag_operator.py took 0.038 seconds
[2021-03-01 20:37:40,340] {scheduler_job.py:181} INFO - Started process (PID=237766) to work on /home/i-sip_iot/anaconda3/envs/sandbox/lib/python3.7/site-packages/airflow/example_dags/example_subdag_operator.py
[2021-03-01 20:37:40,341] {scheduler_job.py:629} INFO - Processing file /home/i-sip_iot/anaconda3/envs/sandbox/lib/python3.7/site-packages/airflow/example_dags/example_subdag_operator.py for tasks to queue
[2021-03-01 20:37:40,341] {logging_mixin.py:103} INFO - [2021-03-01 20:37:40,341] {dagbag.py:440} INFO - Filling up the DagBag from /home/i-sip_iot/anaconda3/envs/sandbox/lib/python3.7/site-packages/airflow/example_dags/example_subdag_operator.py
[2021-03-01 20:37:40,354] {scheduler_job.py:639} INFO - DAG(s) dict_keys(['example_subdag_operator.section-1', 'example_subdag_operator.section-2', 'example_subdag_operator']) retrieved from /home/i-sip_iot/anaconda3/envs/sandbox/lib/python3.7/site-packages/airflow/example_dags/example_subdag_operator.py
[2021-03-01 20:37:40,354] {logging_mixin.py:103} INFO - [2021-03-01 20:37:40,354] {dag.py:1813} INFO - Sync 3 DAGs
[2021-03-01 20:37:40,361] {logging_mixin.py:103} INFO - [2021-03-01 20:37:40,361] {dag.py:2266} INFO - Setting next_dagrun for example_subdag_operator to 2021-02-28 00:00:00+00:00
[2021-03-01 20:37:40,361] {logging_mixin.py:103} INFO - [2021-03-01 20:37:40,361] {dag.py:2266} INFO - Setting next_dagrun for example_subdag_operator.section-1 to None
[2021-03-01 20:37:40,362] {logging_mixin.py:103} INFO - [2021-03-01 20:37:40,362] {dag.py:2266} INFO - Setting next_dagrun for example_subdag_operator.section-2 to None
[2021-03-01 20:37:40,364] {logging_mixin.py:103} INFO - [2021-03-01 20:37:40,364] {dag.py:1813} INFO - Sync 2 DAGs
[2021-03-01 20:37:40,368] {logging_mixin.py:103} INFO - [2021-03-01 20:37:40,368] {dag.py:2266} INFO - Setting next_dagrun for example_subdag_operator.section-1 to None
[2021-03-01 20:37:40,368] {logging_mixin.py:103} INFO - [2021-03-01 20:37:40,368] {dag.py:2266} INFO - Setting next_dagrun for example_subdag_operator.section-2 to None
[2021-03-01 20:37:40,375] {scheduler_job.py:189} INFO - Processing /home/i-sip_iot/anaconda3/envs/sandbox/lib/python3.7/site-packages/airflow/example_dags/example_subdag_operator.py took 0.037 seconds
[2021-03-01 20:40:21,127] {scheduler_job.py:181} INFO - Started process (PID=240849) to work on /home/i-sip_iot/anaconda3/envs/sandbox/lib/python3.7/site-packages/airflow/example_dags/example_subdag_operator.py
[2021-03-01 20:40:21,128] {scheduler_job.py:629} INFO - Processing file /home/i-sip_iot/anaconda3/envs/sandbox/lib/python3.7/site-packages/airflow/example_dags/example_subdag_operator.py for tasks to queue
[2021-03-01 20:40:21,128] {logging_mixin.py:103} INFO - [2021-03-01 20:40:21,128] {dagbag.py:440} INFO - Filling up the DagBag from /home/i-sip_iot/anaconda3/envs/sandbox/lib/python3.7/site-packages/airflow/example_dags/example_subdag_operator.py
[2021-03-01 20:40:21,138] {scheduler_job.py:639} INFO - DAG(s) dict_keys(['example_subdag_operator.section-1', 'example_subdag_operator.section-2', 'example_subdag_operator']) retrieved from /home/i-sip_iot/anaconda3/envs/sandbox/lib/python3.7/site-packages/airflow/example_dags/example_subdag_operator.py
[2021-03-01 20:40:21,139] {logging_mixin.py:103} INFO - [2021-03-01 20:40:21,139] {dag.py:1813} INFO - Sync 3 DAGs
[2021-03-01 20:40:21,145] {logging_mixin.py:103} INFO - [2021-03-01 20:40:21,145] {dag.py:2266} INFO - Setting next_dagrun for example_subdag_operator to 2021-02-28 00:00:00+00:00
[2021-03-01 20:40:21,146] {logging_mixin.py:103} INFO - [2021-03-01 20:40:21,146] {dag.py:2266} INFO - Setting next_dagrun for example_subdag_operator.section-1 to None
[2021-03-01 20:40:21,146] {logging_mixin.py:103} INFO - [2021-03-01 20:40:21,146] {dag.py:2266} INFO - Setting next_dagrun for example_subdag_operator.section-2 to None
[2021-03-01 20:40:21,148] {logging_mixin.py:103} INFO - [2021-03-01 20:40:21,148] {dag.py:1813} INFO - Sync 2 DAGs
[2021-03-01 20:40:21,152] {logging_mixin.py:103} INFO - [2021-03-01 20:40:21,152] {dag.py:2266} INFO - Setting next_dagrun for example_subdag_operator.section-1 to None
[2021-03-01 20:40:21,152] {logging_mixin.py:103} INFO - [2021-03-01 20:40:21,152] {dag.py:2266} INFO - Setting next_dagrun for example_subdag_operator.section-2 to None
[2021-03-01 20:40:21,158] {scheduler_job.py:189} INFO - Processing /home/i-sip_iot/anaconda3/envs/sandbox/lib/python3.7/site-packages/airflow/example_dags/example_subdag_operator.py took 0.033 seconds
[2021-03-01 20:43:02,329] {scheduler_job.py:181} INFO - Started process (PID=244113) to work on /home/i-sip_iot/anaconda3/envs/sandbox/lib/python3.7/site-packages/airflow/example_dags/example_subdag_operator.py
[2021-03-01 20:43:02,329] {scheduler_job.py:629} INFO - Processing file /home/i-sip_iot/anaconda3/envs/sandbox/lib/python3.7/site-packages/airflow/example_dags/example_subdag_operator.py for tasks to queue
[2021-03-01 20:43:02,330] {logging_mixin.py:103} INFO - [2021-03-01 20:43:02,329] {dagbag.py:440} INFO - Filling up the DagBag from /home/i-sip_iot/anaconda3/envs/sandbox/lib/python3.7/site-packages/airflow/example_dags/example_subdag_operator.py
[2021-03-01 20:43:02,340] {scheduler_job.py:639} INFO - DAG(s) dict_keys(['example_subdag_operator.section-1', 'example_subdag_operator.section-2', 'example_subdag_operator']) retrieved from /home/i-sip_iot/anaconda3/envs/sandbox/lib/python3.7/site-packages/airflow/example_dags/example_subdag_operator.py
[2021-03-01 20:43:02,341] {logging_mixin.py:103} INFO - [2021-03-01 20:43:02,341] {dag.py:1813} INFO - Sync 3 DAGs
[2021-03-01 20:43:02,347] {logging_mixin.py:103} INFO - [2021-03-01 20:43:02,347] {dag.py:2266} INFO - Setting next_dagrun for example_subdag_operator to 2021-02-28 00:00:00+00:00
[2021-03-01 20:43:02,347] {logging_mixin.py:103} INFO - [2021-03-01 20:43:02,347] {dag.py:2266} INFO - Setting next_dagrun for example_subdag_operator.section-1 to None
[2021-03-01 20:43:02,348] {logging_mixin.py:103} INFO - [2021-03-01 20:43:02,348] {dag.py:2266} INFO - Setting next_dagrun for example_subdag_operator.section-2 to None
[2021-03-01 20:43:02,350] {logging_mixin.py:103} INFO - [2021-03-01 20:43:02,350] {dag.py:1813} INFO - Sync 2 DAGs
[2021-03-01 20:43:02,354] {logging_mixin.py:103} INFO - [2021-03-01 20:43:02,354] {dag.py:2266} INFO - Setting next_dagrun for example_subdag_operator.section-1 to None
[2021-03-01 20:43:02,355] {logging_mixin.py:103} INFO - [2021-03-01 20:43:02,355] {dag.py:2266} INFO - Setting next_dagrun for example_subdag_operator.section-2 to None
[2021-03-01 20:43:02,364] {scheduler_job.py:189} INFO - Processing /home/i-sip_iot/anaconda3/envs/sandbox/lib/python3.7/site-packages/airflow/example_dags/example_subdag_operator.py took 0.037 seconds
[2021-03-01 20:45:46,665] {scheduler_job.py:181} INFO - Started process (PID=247456) to work on /home/i-sip_iot/anaconda3/envs/sandbox/lib/python3.7/site-packages/airflow/example_dags/example_subdag_operator.py
[2021-03-01 20:45:46,666] {scheduler_job.py:629} INFO - Processing file /home/i-sip_iot/anaconda3/envs/sandbox/lib/python3.7/site-packages/airflow/example_dags/example_subdag_operator.py for tasks to queue
[2021-03-01 20:45:46,666] {logging_mixin.py:103} INFO - [2021-03-01 20:45:46,666] {dagbag.py:440} INFO - Filling up the DagBag from /home/i-sip_iot/anaconda3/envs/sandbox/lib/python3.7/site-packages/airflow/example_dags/example_subdag_operator.py
[2021-03-01 20:45:46,678] {scheduler_job.py:639} INFO - DAG(s) dict_keys(['example_subdag_operator.section-1', 'example_subdag_operator.section-2', 'example_subdag_operator']) retrieved from /home/i-sip_iot/anaconda3/envs/sandbox/lib/python3.7/site-packages/airflow/example_dags/example_subdag_operator.py
[2021-03-01 20:45:46,678] {logging_mixin.py:103} INFO - [2021-03-01 20:45:46,678] {dag.py:1813} INFO - Sync 3 DAGs
[2021-03-01 20:45:46,688] {logging_mixin.py:103} INFO - [2021-03-01 20:45:46,688] {dag.py:2266} INFO - Setting next_dagrun for example_subdag_operator to 2021-02-28 00:00:00+00:00
[2021-03-01 20:45:46,688] {logging_mixin.py:103} INFO - [2021-03-01 20:45:46,688] {dag.py:2266} INFO - Setting next_dagrun for example_subdag_operator.section-1 to None
[2021-03-01 20:45:46,688] {logging_mixin.py:103} INFO - [2021-03-01 20:45:46,688] {dag.py:2266} INFO - Setting next_dagrun for example_subdag_operator.section-2 to None
[2021-03-01 20:45:46,691] {logging_mixin.py:103} INFO - [2021-03-01 20:45:46,691] {dag.py:1813} INFO - Sync 2 DAGs
[2021-03-01 20:45:46,695] {logging_mixin.py:103} INFO - [2021-03-01 20:45:46,695] {dag.py:2266} INFO - Setting next_dagrun for example_subdag_operator.section-1 to None
[2021-03-01 20:45:46,695] {logging_mixin.py:103} INFO - [2021-03-01 20:45:46,695] {dag.py:2266} INFO - Setting next_dagrun for example_subdag_operator.section-2 to None
[2021-03-01 20:45:46,705] {scheduler_job.py:189} INFO - Processing /home/i-sip_iot/anaconda3/envs/sandbox/lib/python3.7/site-packages/airflow/example_dags/example_subdag_operator.py took 0.043 seconds
[2021-03-01 20:48:29,017] {scheduler_job.py:181} INFO - Started process (PID=250531) to work on /home/i-sip_iot/anaconda3/envs/sandbox/lib/python3.7/site-packages/airflow/example_dags/example_subdag_operator.py
[2021-03-01 20:48:29,017] {scheduler_job.py:629} INFO - Processing file /home/i-sip_iot/anaconda3/envs/sandbox/lib/python3.7/site-packages/airflow/example_dags/example_subdag_operator.py for tasks to queue
[2021-03-01 20:48:29,018] {logging_mixin.py:103} INFO - [2021-03-01 20:48:29,018] {dagbag.py:440} INFO - Filling up the DagBag from /home/i-sip_iot/anaconda3/envs/sandbox/lib/python3.7/site-packages/airflow/example_dags/example_subdag_operator.py
[2021-03-01 20:48:29,029] {scheduler_job.py:639} INFO - DAG(s) dict_keys(['example_subdag_operator.section-1', 'example_subdag_operator.section-2', 'example_subdag_operator']) retrieved from /home/i-sip_iot/anaconda3/envs/sandbox/lib/python3.7/site-packages/airflow/example_dags/example_subdag_operator.py
[2021-03-01 20:48:29,029] {logging_mixin.py:103} INFO - [2021-03-01 20:48:29,029] {dag.py:1813} INFO - Sync 3 DAGs
[2021-03-01 20:48:29,037] {logging_mixin.py:103} INFO - [2021-03-01 20:48:29,036] {dag.py:2266} INFO - Setting next_dagrun for example_subdag_operator to 2021-02-28 00:00:00+00:00
[2021-03-01 20:48:29,037] {logging_mixin.py:103} INFO - [2021-03-01 20:48:29,037] {dag.py:2266} INFO - Setting next_dagrun for example_subdag_operator.section-1 to None
[2021-03-01 20:48:29,037] {logging_mixin.py:103} INFO - [2021-03-01 20:48:29,037] {dag.py:2266} INFO - Setting next_dagrun for example_subdag_operator.section-2 to None
[2021-03-01 20:48:29,040] {logging_mixin.py:103} INFO - [2021-03-01 20:48:29,040] {dag.py:1813} INFO - Sync 2 DAGs
[2021-03-01 20:48:29,044] {logging_mixin.py:103} INFO - [2021-03-01 20:48:29,044] {dag.py:2266} INFO - Setting next_dagrun for example_subdag_operator.section-1 to None
[2021-03-01 20:48:29,044] {logging_mixin.py:103} INFO - [2021-03-01 20:48:29,044] {dag.py:2266} INFO - Setting next_dagrun for example_subdag_operator.section-2 to None
[2021-03-01 20:48:29,050] {scheduler_job.py:189} INFO - Processing /home/i-sip_iot/anaconda3/envs/sandbox/lib/python3.7/site-packages/airflow/example_dags/example_subdag_operator.py took 0.035 seconds
[2021-03-01 20:51:17,185] {scheduler_job.py:181} INFO - Started process (PID=254190) to work on /home/i-sip_iot/anaconda3/envs/sandbox/lib/python3.7/site-packages/airflow/example_dags/example_subdag_operator.py
[2021-03-01 20:51:17,186] {scheduler_job.py:629} INFO - Processing file /home/i-sip_iot/anaconda3/envs/sandbox/lib/python3.7/site-packages/airflow/example_dags/example_subdag_operator.py for tasks to queue
[2021-03-01 20:51:17,186] {logging_mixin.py:103} INFO - [2021-03-01 20:51:17,186] {dagbag.py:440} INFO - Filling up the DagBag from /home/i-sip_iot/anaconda3/envs/sandbox/lib/python3.7/site-packages/airflow/example_dags/example_subdag_operator.py
[2021-03-01 20:51:17,199] {scheduler_job.py:639} INFO - DAG(s) dict_keys(['example_subdag_operator.section-1', 'example_subdag_operator.section-2', 'example_subdag_operator']) retrieved from /home/i-sip_iot/anaconda3/envs/sandbox/lib/python3.7/site-packages/airflow/example_dags/example_subdag_operator.py
[2021-03-01 20:51:17,200] {logging_mixin.py:103} INFO - [2021-03-01 20:51:17,200] {dag.py:1813} INFO - Sync 3 DAGs
[2021-03-01 20:51:17,210] {logging_mixin.py:103} INFO - [2021-03-01 20:51:17,210] {dag.py:2266} INFO - Setting next_dagrun for example_subdag_operator to 2021-02-28 00:00:00+00:00
[2021-03-01 20:51:17,210] {logging_mixin.py:103} INFO - [2021-03-01 20:51:17,210] {dag.py:2266} INFO - Setting next_dagrun for example_subdag_operator.section-1 to None
[2021-03-01 20:51:17,210] {logging_mixin.py:103} INFO - [2021-03-01 20:51:17,210] {dag.py:2266} INFO - Setting next_dagrun for example_subdag_operator.section-2 to None
[2021-03-01 20:51:17,213] {logging_mixin.py:103} INFO - [2021-03-01 20:51:17,213] {dag.py:1813} INFO - Sync 2 DAGs
[2021-03-01 20:51:17,217] {logging_mixin.py:103} INFO - [2021-03-01 20:51:17,217] {dag.py:2266} INFO - Setting next_dagrun for example_subdag_operator.section-1 to None
[2021-03-01 20:51:17,217] {logging_mixin.py:103} INFO - [2021-03-01 20:51:17,217] {dag.py:2266} INFO - Setting next_dagrun for example_subdag_operator.section-2 to None
[2021-03-01 20:51:17,226] {scheduler_job.py:189} INFO - Processing /home/i-sip_iot/anaconda3/envs/sandbox/lib/python3.7/site-packages/airflow/example_dags/example_subdag_operator.py took 0.045 seconds
[2021-03-01 20:53:59,688] {scheduler_job.py:181} INFO - Started process (PID=257440) to work on /home/i-sip_iot/anaconda3/envs/sandbox/lib/python3.7/site-packages/airflow/example_dags/example_subdag_operator.py
[2021-03-01 20:53:59,689] {scheduler_job.py:629} INFO - Processing file /home/i-sip_iot/anaconda3/envs/sandbox/lib/python3.7/site-packages/airflow/example_dags/example_subdag_operator.py for tasks to queue
[2021-03-01 20:53:59,689] {logging_mixin.py:103} INFO - [2021-03-01 20:53:59,689] {dagbag.py:440} INFO - Filling up the DagBag from /home/i-sip_iot/anaconda3/envs/sandbox/lib/python3.7/site-packages/airflow/example_dags/example_subdag_operator.py
[2021-03-01 20:53:59,699] {scheduler_job.py:639} INFO - DAG(s) dict_keys(['example_subdag_operator.section-1', 'example_subdag_operator.section-2', 'example_subdag_operator']) retrieved from /home/i-sip_iot/anaconda3/envs/sandbox/lib/python3.7/site-packages/airflow/example_dags/example_subdag_operator.py
[2021-03-01 20:53:59,700] {logging_mixin.py:103} INFO - [2021-03-01 20:53:59,700] {dag.py:1813} INFO - Sync 3 DAGs
[2021-03-01 20:53:59,709] {logging_mixin.py:103} INFO - [2021-03-01 20:53:59,709] {dag.py:2266} INFO - Setting next_dagrun for example_subdag_operator to 2021-02-28 00:00:00+00:00
[2021-03-01 20:53:59,710] {logging_mixin.py:103} INFO - [2021-03-01 20:53:59,710] {dag.py:2266} INFO - Setting next_dagrun for example_subdag_operator.section-1 to None
[2021-03-01 20:53:59,710] {logging_mixin.py:103} INFO - [2021-03-01 20:53:59,710] {dag.py:2266} INFO - Setting next_dagrun for example_subdag_operator.section-2 to None
[2021-03-01 20:53:59,713] {logging_mixin.py:103} INFO - [2021-03-01 20:53:59,713] {dag.py:1813} INFO - Sync 2 DAGs
[2021-03-01 20:53:59,717] {logging_mixin.py:103} INFO - [2021-03-01 20:53:59,717] {dag.py:2266} INFO - Setting next_dagrun for example_subdag_operator.section-1 to None
[2021-03-01 20:53:59,717] {logging_mixin.py:103} INFO - [2021-03-01 20:53:59,717] {dag.py:2266} INFO - Setting next_dagrun for example_subdag_operator.section-2 to None
[2021-03-01 20:53:59,725] {scheduler_job.py:189} INFO - Processing /home/i-sip_iot/anaconda3/envs/sandbox/lib/python3.7/site-packages/airflow/example_dags/example_subdag_operator.py took 0.038 seconds
[2021-03-01 20:56:32,572] {scheduler_job.py:181} INFO - Started process (PID=260453) to work on /home/i-sip_iot/anaconda3/envs/sandbox/lib/python3.7/site-packages/airflow/example_dags/example_subdag_operator.py
[2021-03-01 20:56:32,573] {scheduler_job.py:629} INFO - Processing file /home/i-sip_iot/anaconda3/envs/sandbox/lib/python3.7/site-packages/airflow/example_dags/example_subdag_operator.py for tasks to queue
[2021-03-01 20:56:32,574] {logging_mixin.py:103} INFO - [2021-03-01 20:56:32,574] {dagbag.py:440} INFO - Filling up the DagBag from /home/i-sip_iot/anaconda3/envs/sandbox/lib/python3.7/site-packages/airflow/example_dags/example_subdag_operator.py
[2021-03-01 20:56:32,585] {scheduler_job.py:639} INFO - DAG(s) dict_keys(['example_subdag_operator.section-1', 'example_subdag_operator.section-2', 'example_subdag_operator']) retrieved from /home/i-sip_iot/anaconda3/envs/sandbox/lib/python3.7/site-packages/airflow/example_dags/example_subdag_operator.py
[2021-03-01 20:56:32,586] {logging_mixin.py:103} INFO - [2021-03-01 20:56:32,586] {dag.py:1813} INFO - Sync 3 DAGs
[2021-03-01 20:56:32,594] {logging_mixin.py:103} INFO - [2021-03-01 20:56:32,594] {dag.py:2266} INFO - Setting next_dagrun for example_subdag_operator to 2021-02-28 00:00:00+00:00
[2021-03-01 20:56:32,595] {logging_mixin.py:103} INFO - [2021-03-01 20:56:32,595] {dag.py:2266} INFO - Setting next_dagrun for example_subdag_operator.section-1 to None
[2021-03-01 20:56:32,595] {logging_mixin.py:103} INFO - [2021-03-01 20:56:32,595] {dag.py:2266} INFO - Setting next_dagrun for example_subdag_operator.section-2 to None
[2021-03-01 20:56:32,598] {logging_mixin.py:103} INFO - [2021-03-01 20:56:32,598] {dag.py:1813} INFO - Sync 2 DAGs
[2021-03-01 20:56:32,602] {logging_mixin.py:103} INFO - [2021-03-01 20:56:32,602] {dag.py:2266} INFO - Setting next_dagrun for example_subdag_operator.section-1 to None
[2021-03-01 20:56:32,603] {logging_mixin.py:103} INFO - [2021-03-01 20:56:32,603] {dag.py:2266} INFO - Setting next_dagrun for example_subdag_operator.section-2 to None
[2021-03-01 20:56:32,613] {scheduler_job.py:189} INFO - Processing /home/i-sip_iot/anaconda3/envs/sandbox/lib/python3.7/site-packages/airflow/example_dags/example_subdag_operator.py took 0.043 seconds
[2021-03-01 20:59:08,425] {scheduler_job.py:181} INFO - Started process (PID=263667) to work on /home/i-sip_iot/anaconda3/envs/sandbox/lib/python3.7/site-packages/airflow/example_dags/example_subdag_operator.py
[2021-03-01 20:59:08,426] {scheduler_job.py:629} INFO - Processing file /home/i-sip_iot/anaconda3/envs/sandbox/lib/python3.7/site-packages/airflow/example_dags/example_subdag_operator.py for tasks to queue
[2021-03-01 20:59:08,426] {logging_mixin.py:103} INFO - [2021-03-01 20:59:08,426] {dagbag.py:440} INFO - Filling up the DagBag from /home/i-sip_iot/anaconda3/envs/sandbox/lib/python3.7/site-packages/airflow/example_dags/example_subdag_operator.py
[2021-03-01 20:59:08,439] {scheduler_job.py:639} INFO - DAG(s) dict_keys(['example_subdag_operator.section-1', 'example_subdag_operator.section-2', 'example_subdag_operator']) retrieved from /home/i-sip_iot/anaconda3/envs/sandbox/lib/python3.7/site-packages/airflow/example_dags/example_subdag_operator.py
[2021-03-01 20:59:08,439] {logging_mixin.py:103} INFO - [2021-03-01 20:59:08,439] {dag.py:1813} INFO - Sync 3 DAGs
[2021-03-01 20:59:08,446] {logging_mixin.py:103} INFO - [2021-03-01 20:59:08,446] {dag.py:2266} INFO - Setting next_dagrun for example_subdag_operator to 2021-02-28 00:00:00+00:00
[2021-03-01 20:59:08,447] {logging_mixin.py:103} INFO - [2021-03-01 20:59:08,447] {dag.py:2266} INFO - Setting next_dagrun for example_subdag_operator.section-1 to None
[2021-03-01 20:59:08,447] {logging_mixin.py:103} INFO - [2021-03-01 20:59:08,447] {dag.py:2266} INFO - Setting next_dagrun for example_subdag_operator.section-2 to None
[2021-03-01 20:59:08,450] {logging_mixin.py:103} INFO - [2021-03-01 20:59:08,450] {dag.py:1813} INFO - Sync 2 DAGs
[2021-03-01 20:59:08,454] {logging_mixin.py:103} INFO - [2021-03-01 20:59:08,454] {dag.py:2266} INFO - Setting next_dagrun for example_subdag_operator.section-1 to None
[2021-03-01 20:59:08,454] {logging_mixin.py:103} INFO - [2021-03-01 20:59:08,454] {dag.py:2266} INFO - Setting next_dagrun for example_subdag_operator.section-2 to None
[2021-03-01 20:59:08,461] {scheduler_job.py:189} INFO - Processing /home/i-sip_iot/anaconda3/envs/sandbox/lib/python3.7/site-packages/airflow/example_dags/example_subdag_operator.py took 0.037 seconds
[2021-03-01 21:01:42,407] {scheduler_job.py:181} INFO - Started process (PID=266736) to work on /home/i-sip_iot/anaconda3/envs/sandbox/lib/python3.7/site-packages/airflow/example_dags/example_subdag_operator.py
[2021-03-01 21:01:42,408] {scheduler_job.py:629} INFO - Processing file /home/i-sip_iot/anaconda3/envs/sandbox/lib/python3.7/site-packages/airflow/example_dags/example_subdag_operator.py for tasks to queue
[2021-03-01 21:01:42,408] {logging_mixin.py:103} INFO - [2021-03-01 21:01:42,408] {dagbag.py:440} INFO - Filling up the DagBag from /home/i-sip_iot/anaconda3/envs/sandbox/lib/python3.7/site-packages/airflow/example_dags/example_subdag_operator.py
[2021-03-01 21:01:42,418] {scheduler_job.py:639} INFO - DAG(s) dict_keys(['example_subdag_operator.section-1', 'example_subdag_operator.section-2', 'example_subdag_operator']) retrieved from /home/i-sip_iot/anaconda3/envs/sandbox/lib/python3.7/site-packages/airflow/example_dags/example_subdag_operator.py
[2021-03-01 21:01:42,419] {logging_mixin.py:103} INFO - [2021-03-01 21:01:42,419] {dag.py:1813} INFO - Sync 3 DAGs
[2021-03-01 21:01:42,425] {logging_mixin.py:103} INFO - [2021-03-01 21:01:42,425] {dag.py:2266} INFO - Setting next_dagrun for example_subdag_operator to 2021-02-28 00:00:00+00:00
[2021-03-01 21:01:42,426] {logging_mixin.py:103} INFO - [2021-03-01 21:01:42,426] {dag.py:2266} INFO - Setting next_dagrun for example_subdag_operator.section-1 to None
[2021-03-01 21:01:42,426] {logging_mixin.py:103} INFO - [2021-03-01 21:01:42,426] {dag.py:2266} INFO - Setting next_dagrun for example_subdag_operator.section-2 to None
[2021-03-01 21:01:42,428] {logging_mixin.py:103} INFO - [2021-03-01 21:01:42,428] {dag.py:1813} INFO - Sync 2 DAGs
[2021-03-01 21:01:42,432] {logging_mixin.py:103} INFO - [2021-03-01 21:01:42,432] {dag.py:2266} INFO - Setting next_dagrun for example_subdag_operator.section-1 to None
[2021-03-01 21:01:42,432] {logging_mixin.py:103} INFO - [2021-03-01 21:01:42,432] {dag.py:2266} INFO - Setting next_dagrun for example_subdag_operator.section-2 to None
[2021-03-01 21:01:42,439] {scheduler_job.py:189} INFO - Processing /home/i-sip_iot/anaconda3/envs/sandbox/lib/python3.7/site-packages/airflow/example_dags/example_subdag_operator.py took 0.033 seconds
