[2021-03-01 20:26:49,142] {scheduler_job.py:181} INFO - Started process (PID=229884) to work on /home/i-sip_iot/anaconda3/envs/sandbox/lib/python3.7/site-packages/airflow/example_dags/example_external_task_marker_dag.py
[2021-03-01 20:26:49,143] {scheduler_job.py:629} INFO - Processing file /home/i-sip_iot/anaconda3/envs/sandbox/lib/python3.7/site-packages/airflow/example_dags/example_external_task_marker_dag.py for tasks to queue
[2021-03-01 20:26:49,144] {logging_mixin.py:103} INFO - [2021-03-01 20:26:49,144] {dagbag.py:440} INFO - Filling up the DagBag from /home/i-sip_iot/anaconda3/envs/sandbox/lib/python3.7/site-packages/airflow/example_dags/example_external_task_marker_dag.py
[2021-03-01 20:26:49,157] {scheduler_job.py:639} INFO - DAG(s) dict_keys(['example_external_task_marker_parent', 'example_external_task_marker_child']) retrieved from /home/i-sip_iot/anaconda3/envs/sandbox/lib/python3.7/site-packages/airflow/example_dags/example_external_task_marker_dag.py
[2021-03-01 20:26:49,157] {logging_mixin.py:103} INFO - [2021-03-01 20:26:49,157] {dag.py:1813} INFO - Sync 2 DAGs
[2021-03-01 20:26:49,180] {logging_mixin.py:103} INFO - [2021-03-01 20:26:49,180] {dag.py:2266} INFO - Setting next_dagrun for example_external_task_marker_child to None
[2021-03-01 20:26:49,181] {logging_mixin.py:103} INFO - [2021-03-01 20:26:49,181] {dag.py:2266} INFO - Setting next_dagrun for example_external_task_marker_parent to None
[2021-03-01 20:26:49,197] {scheduler_job.py:189} INFO - Processing /home/i-sip_iot/anaconda3/envs/sandbox/lib/python3.7/site-packages/airflow/example_dags/example_external_task_marker_dag.py took 0.060 seconds
[2021-03-01 20:27:14,369] {scheduler_job.py:181} INFO - Started process (PID=230006) to work on /home/i-sip_iot/anaconda3/envs/sandbox/lib/python3.7/site-packages/airflow/example_dags/example_external_task_marker_dag.py
[2021-03-01 20:27:14,370] {scheduler_job.py:629} INFO - Processing file /home/i-sip_iot/anaconda3/envs/sandbox/lib/python3.7/site-packages/airflow/example_dags/example_external_task_marker_dag.py for tasks to queue
[2021-03-01 20:27:14,370] {logging_mixin.py:103} INFO - [2021-03-01 20:27:14,370] {dagbag.py:440} INFO - Filling up the DagBag from /home/i-sip_iot/anaconda3/envs/sandbox/lib/python3.7/site-packages/airflow/example_dags/example_external_task_marker_dag.py
[2021-03-01 20:27:14,380] {scheduler_job.py:639} INFO - DAG(s) dict_keys(['example_external_task_marker_parent', 'example_external_task_marker_child']) retrieved from /home/i-sip_iot/anaconda3/envs/sandbox/lib/python3.7/site-packages/airflow/example_dags/example_external_task_marker_dag.py
[2021-03-01 20:27:14,381] {logging_mixin.py:103} INFO - [2021-03-01 20:27:14,381] {dag.py:1813} INFO - Sync 2 DAGs
[2021-03-01 20:27:14,409] {logging_mixin.py:103} INFO - [2021-03-01 20:27:14,409] {dag.py:2266} INFO - Setting next_dagrun for example_external_task_marker_child to None
[2021-03-01 20:27:14,410] {logging_mixin.py:103} INFO - [2021-03-01 20:27:14,410] {dag.py:2266} INFO - Setting next_dagrun for example_external_task_marker_parent to None
[2021-03-01 20:27:14,434] {scheduler_job.py:189} INFO - Processing /home/i-sip_iot/anaconda3/envs/sandbox/lib/python3.7/site-packages/airflow/example_dags/example_external_task_marker_dag.py took 0.067 seconds
[2021-03-01 20:27:39,594] {scheduler_job.py:181} INFO - Started process (PID=230300) to work on /home/i-sip_iot/anaconda3/envs/sandbox/lib/python3.7/site-packages/airflow/example_dags/example_external_task_marker_dag.py
[2021-03-01 20:27:39,596] {scheduler_job.py:629} INFO - Processing file /home/i-sip_iot/anaconda3/envs/sandbox/lib/python3.7/site-packages/airflow/example_dags/example_external_task_marker_dag.py for tasks to queue
[2021-03-01 20:27:39,597] {logging_mixin.py:103} INFO - [2021-03-01 20:27:39,597] {dagbag.py:440} INFO - Filling up the DagBag from /home/i-sip_iot/anaconda3/envs/sandbox/lib/python3.7/site-packages/airflow/example_dags/example_external_task_marker_dag.py
[2021-03-01 20:27:39,612] {scheduler_job.py:639} INFO - DAG(s) dict_keys(['example_external_task_marker_parent', 'example_external_task_marker_child']) retrieved from /home/i-sip_iot/anaconda3/envs/sandbox/lib/python3.7/site-packages/airflow/example_dags/example_external_task_marker_dag.py
[2021-03-01 20:27:39,613] {logging_mixin.py:103} INFO - [2021-03-01 20:27:39,613] {dag.py:1813} INFO - Sync 2 DAGs
[2021-03-01 20:27:39,637] {logging_mixin.py:103} INFO - [2021-03-01 20:27:39,637] {dag.py:2266} INFO - Setting next_dagrun for example_external_task_marker_child to None
[2021-03-01 20:27:39,638] {logging_mixin.py:103} INFO - [2021-03-01 20:27:39,638] {dag.py:2266} INFO - Setting next_dagrun for example_external_task_marker_parent to None
[2021-03-01 20:27:39,658] {scheduler_job.py:189} INFO - Processing /home/i-sip_iot/anaconda3/envs/sandbox/lib/python3.7/site-packages/airflow/example_dags/example_external_task_marker_dag.py took 0.070 seconds
[2021-03-01 20:28:06,812] {scheduler_job.py:181} INFO - Started process (PID=230388) to work on /home/i-sip_iot/anaconda3/envs/sandbox/lib/python3.7/site-packages/airflow/example_dags/example_external_task_marker_dag.py
[2021-03-01 20:28:06,812] {scheduler_job.py:629} INFO - Processing file /home/i-sip_iot/anaconda3/envs/sandbox/lib/python3.7/site-packages/airflow/example_dags/example_external_task_marker_dag.py for tasks to queue
[2021-03-01 20:28:06,813] {logging_mixin.py:103} INFO - [2021-03-01 20:28:06,813] {dagbag.py:440} INFO - Filling up the DagBag from /home/i-sip_iot/anaconda3/envs/sandbox/lib/python3.7/site-packages/airflow/example_dags/example_external_task_marker_dag.py
[2021-03-01 20:28:06,819] {scheduler_job.py:639} INFO - DAG(s) dict_keys(['example_external_task_marker_parent', 'example_external_task_marker_child']) retrieved from /home/i-sip_iot/anaconda3/envs/sandbox/lib/python3.7/site-packages/airflow/example_dags/example_external_task_marker_dag.py
[2021-03-01 20:28:06,820] {logging_mixin.py:103} INFO - [2021-03-01 20:28:06,820] {dag.py:1813} INFO - Sync 2 DAGs
[2021-03-01 20:28:06,832] {logging_mixin.py:103} INFO - [2021-03-01 20:28:06,832] {dag.py:2266} INFO - Setting next_dagrun for example_external_task_marker_child to None
[2021-03-01 20:28:06,833] {logging_mixin.py:103} INFO - [2021-03-01 20:28:06,833] {dag.py:2266} INFO - Setting next_dagrun for example_external_task_marker_parent to None
[2021-03-01 20:28:06,844] {scheduler_job.py:189} INFO - Processing /home/i-sip_iot/anaconda3/envs/sandbox/lib/python3.7/site-packages/airflow/example_dags/example_external_task_marker_dag.py took 0.034 seconds
[2021-03-01 20:28:33,191] {scheduler_job.py:181} INFO - Started process (PID=230655) to work on /home/i-sip_iot/anaconda3/envs/sandbox/lib/python3.7/site-packages/airflow/example_dags/example_external_task_marker_dag.py
[2021-03-01 20:28:33,192] {scheduler_job.py:629} INFO - Processing file /home/i-sip_iot/anaconda3/envs/sandbox/lib/python3.7/site-packages/airflow/example_dags/example_external_task_marker_dag.py for tasks to queue
[2021-03-01 20:28:33,193] {logging_mixin.py:103} INFO - [2021-03-01 20:28:33,193] {dagbag.py:440} INFO - Filling up the DagBag from /home/i-sip_iot/anaconda3/envs/sandbox/lib/python3.7/site-packages/airflow/example_dags/example_external_task_marker_dag.py
[2021-03-01 20:28:33,208] {scheduler_job.py:639} INFO - DAG(s) dict_keys(['example_external_task_marker_parent', 'example_external_task_marker_child']) retrieved from /home/i-sip_iot/anaconda3/envs/sandbox/lib/python3.7/site-packages/airflow/example_dags/example_external_task_marker_dag.py
[2021-03-01 20:28:33,209] {logging_mixin.py:103} INFO - [2021-03-01 20:28:33,209] {dag.py:1813} INFO - Sync 2 DAGs
[2021-03-01 20:28:33,223] {logging_mixin.py:103} INFO - [2021-03-01 20:28:33,223] {dag.py:2266} INFO - Setting next_dagrun for example_external_task_marker_child to None
[2021-03-01 20:28:33,223] {logging_mixin.py:103} INFO - [2021-03-01 20:28:33,223] {dag.py:2266} INFO - Setting next_dagrun for example_external_task_marker_parent to None
[2021-03-01 20:28:33,235] {scheduler_job.py:189} INFO - Processing /home/i-sip_iot/anaconda3/envs/sandbox/lib/python3.7/site-packages/airflow/example_dags/example_external_task_marker_dag.py took 0.049 seconds
[2021-03-01 20:28:58,365] {scheduler_job.py:181} INFO - Started process (PID=231049) to work on /home/i-sip_iot/anaconda3/envs/sandbox/lib/python3.7/site-packages/airflow/example_dags/example_external_task_marker_dag.py
[2021-03-01 20:28:58,366] {scheduler_job.py:629} INFO - Processing file /home/i-sip_iot/anaconda3/envs/sandbox/lib/python3.7/site-packages/airflow/example_dags/example_external_task_marker_dag.py for tasks to queue
[2021-03-01 20:28:58,366] {logging_mixin.py:103} INFO - [2021-03-01 20:28:58,366] {dagbag.py:440} INFO - Filling up the DagBag from /home/i-sip_iot/anaconda3/envs/sandbox/lib/python3.7/site-packages/airflow/example_dags/example_external_task_marker_dag.py
[2021-03-01 20:28:58,380] {scheduler_job.py:639} INFO - DAG(s) dict_keys(['example_external_task_marker_parent', 'example_external_task_marker_child']) retrieved from /home/i-sip_iot/anaconda3/envs/sandbox/lib/python3.7/site-packages/airflow/example_dags/example_external_task_marker_dag.py
[2021-03-01 20:28:58,380] {logging_mixin.py:103} INFO - [2021-03-01 20:28:58,380] {dag.py:1813} INFO - Sync 2 DAGs
[2021-03-01 20:28:58,398] {logging_mixin.py:103} INFO - [2021-03-01 20:28:58,397] {dag.py:2266} INFO - Setting next_dagrun for example_external_task_marker_child to None
[2021-03-01 20:28:58,398] {logging_mixin.py:103} INFO - [2021-03-01 20:28:58,398] {dag.py:2266} INFO - Setting next_dagrun for example_external_task_marker_parent to None
[2021-03-01 20:28:58,424] {scheduler_job.py:189} INFO - Processing /home/i-sip_iot/anaconda3/envs/sandbox/lib/python3.7/site-packages/airflow/example_dags/example_external_task_marker_dag.py took 0.062 seconds
[2021-03-01 20:29:24,075] {scheduler_job.py:181} INFO - Started process (PID=231692) to work on /home/i-sip_iot/anaconda3/envs/sandbox/lib/python3.7/site-packages/airflow/example_dags/example_external_task_marker_dag.py
[2021-03-01 20:29:24,076] {scheduler_job.py:629} INFO - Processing file /home/i-sip_iot/anaconda3/envs/sandbox/lib/python3.7/site-packages/airflow/example_dags/example_external_task_marker_dag.py for tasks to queue
[2021-03-01 20:29:24,076] {logging_mixin.py:103} INFO - [2021-03-01 20:29:24,076] {dagbag.py:440} INFO - Filling up the DagBag from /home/i-sip_iot/anaconda3/envs/sandbox/lib/python3.7/site-packages/airflow/example_dags/example_external_task_marker_dag.py
[2021-03-01 20:29:24,085] {scheduler_job.py:639} INFO - DAG(s) dict_keys(['example_external_task_marker_parent', 'example_external_task_marker_child']) retrieved from /home/i-sip_iot/anaconda3/envs/sandbox/lib/python3.7/site-packages/airflow/example_dags/example_external_task_marker_dag.py
[2021-03-01 20:29:24,085] {logging_mixin.py:103} INFO - [2021-03-01 20:29:24,085] {dag.py:1813} INFO - Sync 2 DAGs
[2021-03-01 20:29:24,094] {logging_mixin.py:103} INFO - [2021-03-01 20:29:24,094] {dag.py:2266} INFO - Setting next_dagrun for example_external_task_marker_child to None
[2021-03-01 20:29:24,095] {logging_mixin.py:103} INFO - [2021-03-01 20:29:24,095] {dag.py:2266} INFO - Setting next_dagrun for example_external_task_marker_parent to None
[2021-03-01 20:29:24,102] {scheduler_job.py:189} INFO - Processing /home/i-sip_iot/anaconda3/envs/sandbox/lib/python3.7/site-packages/airflow/example_dags/example_external_task_marker_dag.py took 0.029 seconds
[2021-03-01 20:29:49,816] {scheduler_job.py:181} INFO - Started process (PID=231966) to work on /home/i-sip_iot/anaconda3/envs/sandbox/lib/python3.7/site-packages/airflow/example_dags/example_external_task_marker_dag.py
[2021-03-01 20:29:49,817] {scheduler_job.py:629} INFO - Processing file /home/i-sip_iot/anaconda3/envs/sandbox/lib/python3.7/site-packages/airflow/example_dags/example_external_task_marker_dag.py for tasks to queue
[2021-03-01 20:29:49,817] {logging_mixin.py:103} INFO - [2021-03-01 20:29:49,817] {dagbag.py:440} INFO - Filling up the DagBag from /home/i-sip_iot/anaconda3/envs/sandbox/lib/python3.7/site-packages/airflow/example_dags/example_external_task_marker_dag.py
[2021-03-01 20:29:49,827] {scheduler_job.py:639} INFO - DAG(s) dict_keys(['example_external_task_marker_parent', 'example_external_task_marker_child']) retrieved from /home/i-sip_iot/anaconda3/envs/sandbox/lib/python3.7/site-packages/airflow/example_dags/example_external_task_marker_dag.py
[2021-03-01 20:29:49,828] {logging_mixin.py:103} INFO - [2021-03-01 20:29:49,828] {dag.py:1813} INFO - Sync 2 DAGs
[2021-03-01 20:29:49,845] {logging_mixin.py:103} INFO - [2021-03-01 20:29:49,845] {dag.py:2266} INFO - Setting next_dagrun for example_external_task_marker_child to None
[2021-03-01 20:29:49,846] {logging_mixin.py:103} INFO - [2021-03-01 20:29:49,846] {dag.py:2266} INFO - Setting next_dagrun for example_external_task_marker_parent to None
[2021-03-01 20:29:49,867] {scheduler_job.py:189} INFO - Processing /home/i-sip_iot/anaconda3/envs/sandbox/lib/python3.7/site-packages/airflow/example_dags/example_external_task_marker_dag.py took 0.053 seconds
[2021-03-01 20:30:15,106] {scheduler_job.py:181} INFO - Started process (PID=232125) to work on /home/i-sip_iot/anaconda3/envs/sandbox/lib/python3.7/site-packages/airflow/example_dags/example_external_task_marker_dag.py
[2021-03-01 20:30:15,111] {scheduler_job.py:629} INFO - Processing file /home/i-sip_iot/anaconda3/envs/sandbox/lib/python3.7/site-packages/airflow/example_dags/example_external_task_marker_dag.py for tasks to queue
[2021-03-01 20:30:15,112] {logging_mixin.py:103} INFO - [2021-03-01 20:30:15,112] {dagbag.py:440} INFO - Filling up the DagBag from /home/i-sip_iot/anaconda3/envs/sandbox/lib/python3.7/site-packages/airflow/example_dags/example_external_task_marker_dag.py
[2021-03-01 20:30:15,127] {scheduler_job.py:639} INFO - DAG(s) dict_keys(['example_external_task_marker_parent', 'example_external_task_marker_child']) retrieved from /home/i-sip_iot/anaconda3/envs/sandbox/lib/python3.7/site-packages/airflow/example_dags/example_external_task_marker_dag.py
[2021-03-01 20:30:15,127] {logging_mixin.py:103} INFO - [2021-03-01 20:30:15,127] {dag.py:1813} INFO - Sync 2 DAGs
[2021-03-01 20:30:15,141] {logging_mixin.py:103} INFO - [2021-03-01 20:30:15,140] {dag.py:2266} INFO - Setting next_dagrun for example_external_task_marker_child to None
[2021-03-01 20:30:15,141] {logging_mixin.py:103} INFO - [2021-03-01 20:30:15,141] {dag.py:2266} INFO - Setting next_dagrun for example_external_task_marker_parent to None
[2021-03-01 20:30:15,149] {scheduler_job.py:189} INFO - Processing /home/i-sip_iot/anaconda3/envs/sandbox/lib/python3.7/site-packages/airflow/example_dags/example_external_task_marker_dag.py took 0.051 seconds
