[2021-03-01 20:26:34,024] {scheduler_job.py:181} INFO - Started process (PID=229800) to work on /home/i-sip_iot/anaconda3/envs/sandbox/lib/python3.7/site-packages/airflow/example_dags/example_bash_operator.py
[2021-03-01 20:26:34,025] {scheduler_job.py:629} INFO - Processing file /home/i-sip_iot/anaconda3/envs/sandbox/lib/python3.7/site-packages/airflow/example_dags/example_bash_operator.py for tasks to queue
[2021-03-01 20:26:34,025] {logging_mixin.py:103} INFO - [2021-03-01 20:26:34,025] {dagbag.py:440} INFO - Filling up the DagBag from /home/i-sip_iot/anaconda3/envs/sandbox/lib/python3.7/site-packages/airflow/example_dags/example_bash_operator.py
[2021-03-01 20:26:34,032] {scheduler_job.py:639} INFO - DAG(s) dict_keys(['example_bash_operator']) retrieved from /home/i-sip_iot/anaconda3/envs/sandbox/lib/python3.7/site-packages/airflow/example_dags/example_bash_operator.py
[2021-03-01 20:26:34,032] {logging_mixin.py:103} INFO - [2021-03-01 20:26:34,032] {dag.py:1813} INFO - Sync 1 DAGs
[2021-03-01 20:26:34,047] {logging_mixin.py:103} INFO - [2021-03-01 20:26:34,047] {dag.py:2266} INFO - Setting next_dagrun for example_bash_operator to 2021-02-28 00:00:00+00:00
[2021-03-01 20:26:34,069] {scheduler_job.py:189} INFO - Processing /home/i-sip_iot/anaconda3/envs/sandbox/lib/python3.7/site-packages/airflow/example_dags/example_bash_operator.py took 0.047 seconds
[2021-03-01 20:26:58,300] {scheduler_job.py:181} INFO - Started process (PID=229927) to work on /home/i-sip_iot/anaconda3/envs/sandbox/lib/python3.7/site-packages/airflow/example_dags/example_bash_operator.py
[2021-03-01 20:26:58,301] {scheduler_job.py:629} INFO - Processing file /home/i-sip_iot/anaconda3/envs/sandbox/lib/python3.7/site-packages/airflow/example_dags/example_bash_operator.py for tasks to queue
[2021-03-01 20:26:58,301] {logging_mixin.py:103} INFO - [2021-03-01 20:26:58,301] {dagbag.py:440} INFO - Filling up the DagBag from /home/i-sip_iot/anaconda3/envs/sandbox/lib/python3.7/site-packages/airflow/example_dags/example_bash_operator.py
[2021-03-01 20:26:58,307] {scheduler_job.py:639} INFO - DAG(s) dict_keys(['example_bash_operator']) retrieved from /home/i-sip_iot/anaconda3/envs/sandbox/lib/python3.7/site-packages/airflow/example_dags/example_bash_operator.py
[2021-03-01 20:26:58,308] {logging_mixin.py:103} INFO - [2021-03-01 20:26:58,308] {dag.py:1813} INFO - Sync 1 DAGs
[2021-03-01 20:26:58,320] {logging_mixin.py:103} INFO - [2021-03-01 20:26:58,320] {dag.py:2266} INFO - Setting next_dagrun for example_bash_operator to 2021-02-28 00:00:00+00:00
[2021-03-01 20:26:58,326] {scheduler_job.py:189} INFO - Processing /home/i-sip_iot/anaconda3/envs/sandbox/lib/python3.7/site-packages/airflow/example_dags/example_bash_operator.py took 0.027 seconds
[2021-03-01 20:27:23,781] {scheduler_job.py:181} INFO - Started process (PID=230063) to work on /home/i-sip_iot/anaconda3/envs/sandbox/lib/python3.7/site-packages/airflow/example_dags/example_bash_operator.py
[2021-03-01 20:27:23,781] {scheduler_job.py:629} INFO - Processing file /home/i-sip_iot/anaconda3/envs/sandbox/lib/python3.7/site-packages/airflow/example_dags/example_bash_operator.py for tasks to queue
[2021-03-01 20:27:23,781] {logging_mixin.py:103} INFO - [2021-03-01 20:27:23,781] {dagbag.py:440} INFO - Filling up the DagBag from /home/i-sip_iot/anaconda3/envs/sandbox/lib/python3.7/site-packages/airflow/example_dags/example_bash_operator.py
[2021-03-01 20:27:23,789] {scheduler_job.py:639} INFO - DAG(s) dict_keys(['example_bash_operator']) retrieved from /home/i-sip_iot/anaconda3/envs/sandbox/lib/python3.7/site-packages/airflow/example_dags/example_bash_operator.py
[2021-03-01 20:27:23,789] {logging_mixin.py:103} INFO - [2021-03-01 20:27:23,789] {dag.py:1813} INFO - Sync 1 DAGs
[2021-03-01 20:27:23,806] {logging_mixin.py:103} INFO - [2021-03-01 20:27:23,806] {dag.py:2266} INFO - Setting next_dagrun for example_bash_operator to 2021-02-28 00:00:00+00:00
[2021-03-01 20:27:23,817] {scheduler_job.py:189} INFO - Processing /home/i-sip_iot/anaconda3/envs/sandbox/lib/python3.7/site-packages/airflow/example_dags/example_bash_operator.py took 0.038 seconds
[2021-03-01 20:27:49,701] {scheduler_job.py:181} INFO - Started process (PID=230325) to work on /home/i-sip_iot/anaconda3/envs/sandbox/lib/python3.7/site-packages/airflow/example_dags/example_bash_operator.py
[2021-03-01 20:27:49,703] {scheduler_job.py:629} INFO - Processing file /home/i-sip_iot/anaconda3/envs/sandbox/lib/python3.7/site-packages/airflow/example_dags/example_bash_operator.py for tasks to queue
[2021-03-01 20:27:49,704] {logging_mixin.py:103} INFO - [2021-03-01 20:27:49,704] {dagbag.py:440} INFO - Filling up the DagBag from /home/i-sip_iot/anaconda3/envs/sandbox/lib/python3.7/site-packages/airflow/example_dags/example_bash_operator.py
[2021-03-01 20:27:49,718] {scheduler_job.py:639} INFO - DAG(s) dict_keys(['example_bash_operator']) retrieved from /home/i-sip_iot/anaconda3/envs/sandbox/lib/python3.7/site-packages/airflow/example_dags/example_bash_operator.py
[2021-03-01 20:27:49,719] {logging_mixin.py:103} INFO - [2021-03-01 20:27:49,719] {dag.py:1813} INFO - Sync 1 DAGs
[2021-03-01 20:27:49,753] {logging_mixin.py:103} INFO - [2021-03-01 20:27:49,753] {dag.py:2266} INFO - Setting next_dagrun for example_bash_operator to 2021-02-28 00:00:00+00:00
[2021-03-01 20:27:49,763] {scheduler_job.py:189} INFO - Processing /home/i-sip_iot/anaconda3/envs/sandbox/lib/python3.7/site-packages/airflow/example_dags/example_bash_operator.py took 0.068 seconds
[2021-03-01 20:28:16,998] {scheduler_job.py:181} INFO - Started process (PID=230400) to work on /home/i-sip_iot/anaconda3/envs/sandbox/lib/python3.7/site-packages/airflow/example_dags/example_bash_operator.py
[2021-03-01 20:28:16,999] {scheduler_job.py:629} INFO - Processing file /home/i-sip_iot/anaconda3/envs/sandbox/lib/python3.7/site-packages/airflow/example_dags/example_bash_operator.py for tasks to queue
[2021-03-01 20:28:17,000] {logging_mixin.py:103} INFO - [2021-03-01 20:28:17,000] {dagbag.py:440} INFO - Filling up the DagBag from /home/i-sip_iot/anaconda3/envs/sandbox/lib/python3.7/site-packages/airflow/example_dags/example_bash_operator.py
[2021-03-01 20:28:17,014] {scheduler_job.py:639} INFO - DAG(s) dict_keys(['example_bash_operator']) retrieved from /home/i-sip_iot/anaconda3/envs/sandbox/lib/python3.7/site-packages/airflow/example_dags/example_bash_operator.py
[2021-03-01 20:28:17,015] {logging_mixin.py:103} INFO - [2021-03-01 20:28:17,015] {dag.py:1813} INFO - Sync 1 DAGs
[2021-03-01 20:28:17,036] {logging_mixin.py:103} INFO - [2021-03-01 20:28:17,036] {dag.py:2266} INFO - Setting next_dagrun for example_bash_operator to 2021-02-28 00:00:00+00:00
[2021-03-01 20:28:17,048] {scheduler_job.py:189} INFO - Processing /home/i-sip_iot/anaconda3/envs/sandbox/lib/python3.7/site-packages/airflow/example_dags/example_bash_operator.py took 0.052 seconds
[2021-03-01 20:28:42,249] {scheduler_job.py:181} INFO - Started process (PID=230669) to work on /home/i-sip_iot/anaconda3/envs/sandbox/lib/python3.7/site-packages/airflow/example_dags/example_bash_operator.py
[2021-03-01 20:28:42,250] {scheduler_job.py:629} INFO - Processing file /home/i-sip_iot/anaconda3/envs/sandbox/lib/python3.7/site-packages/airflow/example_dags/example_bash_operator.py for tasks to queue
[2021-03-01 20:28:42,251] {logging_mixin.py:103} INFO - [2021-03-01 20:28:42,251] {dagbag.py:440} INFO - Filling up the DagBag from /home/i-sip_iot/anaconda3/envs/sandbox/lib/python3.7/site-packages/airflow/example_dags/example_bash_operator.py
[2021-03-01 20:28:42,262] {scheduler_job.py:639} INFO - DAG(s) dict_keys(['example_bash_operator']) retrieved from /home/i-sip_iot/anaconda3/envs/sandbox/lib/python3.7/site-packages/airflow/example_dags/example_bash_operator.py
[2021-03-01 20:28:42,262] {logging_mixin.py:103} INFO - [2021-03-01 20:28:42,262] {dag.py:1813} INFO - Sync 1 DAGs
[2021-03-01 20:28:42,278] {logging_mixin.py:103} INFO - [2021-03-01 20:28:42,278] {dag.py:2266} INFO - Setting next_dagrun for example_bash_operator to 2021-02-28 00:00:00+00:00
[2021-03-01 20:28:42,289] {scheduler_job.py:189} INFO - Processing /home/i-sip_iot/anaconda3/envs/sandbox/lib/python3.7/site-packages/airflow/example_dags/example_bash_operator.py took 0.043 seconds
[2021-03-01 20:29:08,005] {scheduler_job.py:181} INFO - Started process (PID=231166) to work on /home/i-sip_iot/anaconda3/envs/sandbox/lib/python3.7/site-packages/airflow/example_dags/example_bash_operator.py
[2021-03-01 20:29:08,006] {scheduler_job.py:629} INFO - Processing file /home/i-sip_iot/anaconda3/envs/sandbox/lib/python3.7/site-packages/airflow/example_dags/example_bash_operator.py for tasks to queue
[2021-03-01 20:29:08,006] {logging_mixin.py:103} INFO - [2021-03-01 20:29:08,006] {dagbag.py:440} INFO - Filling up the DagBag from /home/i-sip_iot/anaconda3/envs/sandbox/lib/python3.7/site-packages/airflow/example_dags/example_bash_operator.py
[2021-03-01 20:29:08,012] {scheduler_job.py:639} INFO - DAG(s) dict_keys(['example_bash_operator']) retrieved from /home/i-sip_iot/anaconda3/envs/sandbox/lib/python3.7/site-packages/airflow/example_dags/example_bash_operator.py
[2021-03-01 20:29:08,013] {logging_mixin.py:103} INFO - [2021-03-01 20:29:08,013] {dag.py:1813} INFO - Sync 1 DAGs
[2021-03-01 20:29:08,026] {logging_mixin.py:103} INFO - [2021-03-01 20:29:08,026] {dag.py:2266} INFO - Setting next_dagrun for example_bash_operator to 2021-02-28 00:00:00+00:00
[2021-03-01 20:29:08,034] {scheduler_job.py:189} INFO - Processing /home/i-sip_iot/anaconda3/envs/sandbox/lib/python3.7/site-packages/airflow/example_dags/example_bash_operator.py took 0.031 seconds
[2021-03-01 20:29:33,671] {scheduler_job.py:181} INFO - Started process (PID=231884) to work on /home/i-sip_iot/anaconda3/envs/sandbox/lib/python3.7/site-packages/airflow/example_dags/example_bash_operator.py
[2021-03-01 20:29:33,672] {scheduler_job.py:629} INFO - Processing file /home/i-sip_iot/anaconda3/envs/sandbox/lib/python3.7/site-packages/airflow/example_dags/example_bash_operator.py for tasks to queue
[2021-03-01 20:29:33,673] {logging_mixin.py:103} INFO - [2021-03-01 20:29:33,673] {dagbag.py:440} INFO - Filling up the DagBag from /home/i-sip_iot/anaconda3/envs/sandbox/lib/python3.7/site-packages/airflow/example_dags/example_bash_operator.py
[2021-03-01 20:29:33,682] {scheduler_job.py:639} INFO - DAG(s) dict_keys(['example_bash_operator']) retrieved from /home/i-sip_iot/anaconda3/envs/sandbox/lib/python3.7/site-packages/airflow/example_dags/example_bash_operator.py
[2021-03-01 20:29:33,683] {logging_mixin.py:103} INFO - [2021-03-01 20:29:33,683] {dag.py:1813} INFO - Sync 1 DAGs
[2021-03-01 20:29:33,700] {logging_mixin.py:103} INFO - [2021-03-01 20:29:33,700] {dag.py:2266} INFO - Setting next_dagrun for example_bash_operator to 2021-02-28 00:00:00+00:00
[2021-03-01 20:29:33,709] {scheduler_job.py:189} INFO - Processing /home/i-sip_iot/anaconda3/envs/sandbox/lib/python3.7/site-packages/airflow/example_dags/example_bash_operator.py took 0.040 seconds
[2021-03-01 20:29:58,860] {scheduler_job.py:181} INFO - Started process (PID=232059) to work on /home/i-sip_iot/anaconda3/envs/sandbox/lib/python3.7/site-packages/airflow/example_dags/example_bash_operator.py
[2021-03-01 20:29:58,861] {scheduler_job.py:629} INFO - Processing file /home/i-sip_iot/anaconda3/envs/sandbox/lib/python3.7/site-packages/airflow/example_dags/example_bash_operator.py for tasks to queue
[2021-03-01 20:29:58,861] {logging_mixin.py:103} INFO - [2021-03-01 20:29:58,861] {dagbag.py:440} INFO - Filling up the DagBag from /home/i-sip_iot/anaconda3/envs/sandbox/lib/python3.7/site-packages/airflow/example_dags/example_bash_operator.py
[2021-03-01 20:29:58,868] {scheduler_job.py:639} INFO - DAG(s) dict_keys(['example_bash_operator']) retrieved from /home/i-sip_iot/anaconda3/envs/sandbox/lib/python3.7/site-packages/airflow/example_dags/example_bash_operator.py
[2021-03-01 20:29:58,868] {logging_mixin.py:103} INFO - [2021-03-01 20:29:58,868] {dag.py:1813} INFO - Sync 1 DAGs
[2021-03-01 20:29:58,880] {logging_mixin.py:103} INFO - [2021-03-01 20:29:58,880] {dag.py:2266} INFO - Setting next_dagrun for example_bash_operator to 2021-02-28 00:00:00+00:00
[2021-03-01 20:29:58,888] {scheduler_job.py:189} INFO - Processing /home/i-sip_iot/anaconda3/envs/sandbox/lib/python3.7/site-packages/airflow/example_dags/example_bash_operator.py took 0.029 seconds
[2021-03-01 20:30:24,240] {scheduler_job.py:181} INFO - Started process (PID=232793) to work on /home/i-sip_iot/anaconda3/envs/sandbox/lib/python3.7/site-packages/airflow/example_dags/example_bash_operator.py
[2021-03-01 20:30:24,241] {scheduler_job.py:629} INFO - Processing file /home/i-sip_iot/anaconda3/envs/sandbox/lib/python3.7/site-packages/airflow/example_dags/example_bash_operator.py for tasks to queue
[2021-03-01 20:30:24,241] {logging_mixin.py:103} INFO - [2021-03-01 20:30:24,241] {dagbag.py:440} INFO - Filling up the DagBag from /home/i-sip_iot/anaconda3/envs/sandbox/lib/python3.7/site-packages/airflow/example_dags/example_bash_operator.py
[2021-03-01 20:30:24,249] {scheduler_job.py:639} INFO - DAG(s) dict_keys(['example_bash_operator']) retrieved from /home/i-sip_iot/anaconda3/envs/sandbox/lib/python3.7/site-packages/airflow/example_dags/example_bash_operator.py
[2021-03-01 20:30:24,250] {logging_mixin.py:103} INFO - [2021-03-01 20:30:24,250] {dag.py:1813} INFO - Sync 1 DAGs
[2021-03-01 20:30:24,264] {logging_mixin.py:103} INFO - [2021-03-01 20:30:24,264] {dag.py:2266} INFO - Setting next_dagrun for example_bash_operator to 2021-02-28 00:00:00+00:00
[2021-03-01 20:30:24,273] {scheduler_job.py:189} INFO - Processing /home/i-sip_iot/anaconda3/envs/sandbox/lib/python3.7/site-packages/airflow/example_dags/example_bash_operator.py took 0.034 seconds
