[2021-03-01 20:26:41,112] {scheduler_job.py:181} INFO - Started process (PID=229873) to work on /home/i-sip_iot/anaconda3/envs/sandbox/lib/python3.7/site-packages/airflow/example_dags/example_trigger_controller_dag.py
[2021-03-01 20:26:41,113] {scheduler_job.py:629} INFO - Processing file /home/i-sip_iot/anaconda3/envs/sandbox/lib/python3.7/site-packages/airflow/example_dags/example_trigger_controller_dag.py for tasks to queue
[2021-03-01 20:26:41,114] {logging_mixin.py:103} INFO - [2021-03-01 20:26:41,114] {dagbag.py:440} INFO - Filling up the DagBag from /home/i-sip_iot/anaconda3/envs/sandbox/lib/python3.7/site-packages/airflow/example_dags/example_trigger_controller_dag.py
[2021-03-01 20:26:41,122] {scheduler_job.py:639} INFO - DAG(s) dict_keys(['example_trigger_controller_dag']) retrieved from /home/i-sip_iot/anaconda3/envs/sandbox/lib/python3.7/site-packages/airflow/example_dags/example_trigger_controller_dag.py
[2021-03-01 20:26:41,123] {logging_mixin.py:103} INFO - [2021-03-01 20:26:41,123] {dag.py:1813} INFO - Sync 1 DAGs
[2021-03-01 20:26:41,140] {logging_mixin.py:103} INFO - [2021-03-01 20:26:41,140] {dag.py:2266} INFO - Setting next_dagrun for example_trigger_controller_dag to 2021-02-28 00:00:00+00:00
[2021-03-01 20:26:41,164] {scheduler_job.py:189} INFO - Processing /home/i-sip_iot/anaconda3/envs/sandbox/lib/python3.7/site-packages/airflow/example_dags/example_trigger_controller_dag.py took 0.054 seconds
[2021-03-01 20:27:06,349] {scheduler_job.py:181} INFO - Started process (PID=229970) to work on /home/i-sip_iot/anaconda3/envs/sandbox/lib/python3.7/site-packages/airflow/example_dags/example_trigger_controller_dag.py
[2021-03-01 20:27:06,350] {scheduler_job.py:629} INFO - Processing file /home/i-sip_iot/anaconda3/envs/sandbox/lib/python3.7/site-packages/airflow/example_dags/example_trigger_controller_dag.py for tasks to queue
[2021-03-01 20:27:06,351] {logging_mixin.py:103} INFO - [2021-03-01 20:27:06,351] {dagbag.py:440} INFO - Filling up the DagBag from /home/i-sip_iot/anaconda3/envs/sandbox/lib/python3.7/site-packages/airflow/example_dags/example_trigger_controller_dag.py
[2021-03-01 20:27:06,363] {scheduler_job.py:639} INFO - DAG(s) dict_keys(['example_trigger_controller_dag']) retrieved from /home/i-sip_iot/anaconda3/envs/sandbox/lib/python3.7/site-packages/airflow/example_dags/example_trigger_controller_dag.py
[2021-03-01 20:27:06,364] {logging_mixin.py:103} INFO - [2021-03-01 20:27:06,364] {dag.py:1813} INFO - Sync 1 DAGs
[2021-03-01 20:27:06,378] {logging_mixin.py:103} INFO - [2021-03-01 20:27:06,378] {dag.py:2266} INFO - Setting next_dagrun for example_trigger_controller_dag to 2021-02-28 00:00:00+00:00
[2021-03-01 20:27:06,386] {scheduler_job.py:189} INFO - Processing /home/i-sip_iot/anaconda3/envs/sandbox/lib/python3.7/site-packages/airflow/example_dags/example_trigger_controller_dag.py took 0.043 seconds
[2021-03-01 20:27:31,553] {scheduler_job.py:181} INFO - Started process (PID=230250) to work on /home/i-sip_iot/anaconda3/envs/sandbox/lib/python3.7/site-packages/airflow/example_dags/example_trigger_controller_dag.py
[2021-03-01 20:27:31,554] {scheduler_job.py:629} INFO - Processing file /home/i-sip_iot/anaconda3/envs/sandbox/lib/python3.7/site-packages/airflow/example_dags/example_trigger_controller_dag.py for tasks to queue
[2021-03-01 20:27:31,554] {logging_mixin.py:103} INFO - [2021-03-01 20:27:31,554] {dagbag.py:440} INFO - Filling up the DagBag from /home/i-sip_iot/anaconda3/envs/sandbox/lib/python3.7/site-packages/airflow/example_dags/example_trigger_controller_dag.py
[2021-03-01 20:27:31,561] {scheduler_job.py:639} INFO - DAG(s) dict_keys(['example_trigger_controller_dag']) retrieved from /home/i-sip_iot/anaconda3/envs/sandbox/lib/python3.7/site-packages/airflow/example_dags/example_trigger_controller_dag.py
[2021-03-01 20:27:31,561] {logging_mixin.py:103} INFO - [2021-03-01 20:27:31,561] {dag.py:1813} INFO - Sync 1 DAGs
[2021-03-01 20:27:31,572] {logging_mixin.py:103} INFO - [2021-03-01 20:27:31,572] {dag.py:2266} INFO - Setting next_dagrun for example_trigger_controller_dag to 2021-02-28 00:00:00+00:00
[2021-03-01 20:27:31,582] {scheduler_job.py:189} INFO - Processing /home/i-sip_iot/anaconda3/envs/sandbox/lib/python3.7/site-packages/airflow/example_dags/example_trigger_controller_dag.py took 0.031 seconds
[2021-03-01 20:27:57,871] {scheduler_job.py:181} INFO - Started process (PID=230353) to work on /home/i-sip_iot/anaconda3/envs/sandbox/lib/python3.7/site-packages/airflow/example_dags/example_trigger_controller_dag.py
[2021-03-01 20:27:57,875] {scheduler_job.py:629} INFO - Processing file /home/i-sip_iot/anaconda3/envs/sandbox/lib/python3.7/site-packages/airflow/example_dags/example_trigger_controller_dag.py for tasks to queue
[2021-03-01 20:27:57,876] {logging_mixin.py:103} INFO - [2021-03-01 20:27:57,876] {dagbag.py:440} INFO - Filling up the DagBag from /home/i-sip_iot/anaconda3/envs/sandbox/lib/python3.7/site-packages/airflow/example_dags/example_trigger_controller_dag.py
[2021-03-01 20:27:57,889] {scheduler_job.py:639} INFO - DAG(s) dict_keys(['example_trigger_controller_dag']) retrieved from /home/i-sip_iot/anaconda3/envs/sandbox/lib/python3.7/site-packages/airflow/example_dags/example_trigger_controller_dag.py
[2021-03-01 20:27:57,890] {logging_mixin.py:103} INFO - [2021-03-01 20:27:57,890] {dag.py:1813} INFO - Sync 1 DAGs
[2021-03-01 20:27:57,903] {logging_mixin.py:103} INFO - [2021-03-01 20:27:57,903] {dag.py:2266} INFO - Setting next_dagrun for example_trigger_controller_dag to 2021-02-28 00:00:00+00:00
[2021-03-01 20:27:57,912] {scheduler_job.py:189} INFO - Processing /home/i-sip_iot/anaconda3/envs/sandbox/lib/python3.7/site-packages/airflow/example_dags/example_trigger_controller_dag.py took 0.046 seconds
[2021-03-01 20:28:24,915] {scheduler_job.py:181} INFO - Started process (PID=230449) to work on /home/i-sip_iot/anaconda3/envs/sandbox/lib/python3.7/site-packages/airflow/example_dags/example_trigger_controller_dag.py
[2021-03-01 20:28:24,917] {scheduler_job.py:629} INFO - Processing file /home/i-sip_iot/anaconda3/envs/sandbox/lib/python3.7/site-packages/airflow/example_dags/example_trigger_controller_dag.py for tasks to queue
[2021-03-01 20:28:24,917] {logging_mixin.py:103} INFO - [2021-03-01 20:28:24,917] {dagbag.py:440} INFO - Filling up the DagBag from /home/i-sip_iot/anaconda3/envs/sandbox/lib/python3.7/site-packages/airflow/example_dags/example_trigger_controller_dag.py
[2021-03-01 20:28:24,925] {scheduler_job.py:639} INFO - DAG(s) dict_keys(['example_trigger_controller_dag']) retrieved from /home/i-sip_iot/anaconda3/envs/sandbox/lib/python3.7/site-packages/airflow/example_dags/example_trigger_controller_dag.py
[2021-03-01 20:28:24,926] {logging_mixin.py:103} INFO - [2021-03-01 20:28:24,926] {dag.py:1813} INFO - Sync 1 DAGs
[2021-03-01 20:28:24,937] {logging_mixin.py:103} INFO - [2021-03-01 20:28:24,937] {dag.py:2266} INFO - Setting next_dagrun for example_trigger_controller_dag to 2021-02-28 00:00:00+00:00
[2021-03-01 20:28:24,947] {scheduler_job.py:189} INFO - Processing /home/i-sip_iot/anaconda3/envs/sandbox/lib/python3.7/site-packages/airflow/example_dags/example_trigger_controller_dag.py took 0.035 seconds
[2021-03-01 20:28:50,249] {scheduler_job.py:181} INFO - Started process (PID=230685) to work on /home/i-sip_iot/anaconda3/envs/sandbox/lib/python3.7/site-packages/airflow/example_dags/example_trigger_controller_dag.py
[2021-03-01 20:28:50,250] {scheduler_job.py:629} INFO - Processing file /home/i-sip_iot/anaconda3/envs/sandbox/lib/python3.7/site-packages/airflow/example_dags/example_trigger_controller_dag.py for tasks to queue
[2021-03-01 20:28:50,251] {logging_mixin.py:103} INFO - [2021-03-01 20:28:50,251] {dagbag.py:440} INFO - Filling up the DagBag from /home/i-sip_iot/anaconda3/envs/sandbox/lib/python3.7/site-packages/airflow/example_dags/example_trigger_controller_dag.py
[2021-03-01 20:28:50,257] {scheduler_job.py:639} INFO - DAG(s) dict_keys(['example_trigger_controller_dag']) retrieved from /home/i-sip_iot/anaconda3/envs/sandbox/lib/python3.7/site-packages/airflow/example_dags/example_trigger_controller_dag.py
[2021-03-01 20:28:50,258] {logging_mixin.py:103} INFO - [2021-03-01 20:28:50,258] {dag.py:1813} INFO - Sync 1 DAGs
[2021-03-01 20:28:50,268] {logging_mixin.py:103} INFO - [2021-03-01 20:28:50,268] {dag.py:2266} INFO - Setting next_dagrun for example_trigger_controller_dag to 2021-02-28 00:00:00+00:00
[2021-03-01 20:28:50,284] {scheduler_job.py:189} INFO - Processing /home/i-sip_iot/anaconda3/envs/sandbox/lib/python3.7/site-packages/airflow/example_dags/example_trigger_controller_dag.py took 0.037 seconds
[2021-03-01 20:29:15,443] {scheduler_job.py:181} INFO - Started process (PID=231300) to work on /home/i-sip_iot/anaconda3/envs/sandbox/lib/python3.7/site-packages/airflow/example_dags/example_trigger_controller_dag.py
[2021-03-01 20:29:15,443] {scheduler_job.py:629} INFO - Processing file /home/i-sip_iot/anaconda3/envs/sandbox/lib/python3.7/site-packages/airflow/example_dags/example_trigger_controller_dag.py for tasks to queue
[2021-03-01 20:29:15,444] {logging_mixin.py:103} INFO - [2021-03-01 20:29:15,444] {dagbag.py:440} INFO - Filling up the DagBag from /home/i-sip_iot/anaconda3/envs/sandbox/lib/python3.7/site-packages/airflow/example_dags/example_trigger_controller_dag.py
[2021-03-01 20:29:15,451] {scheduler_job.py:639} INFO - DAG(s) dict_keys(['example_trigger_controller_dag']) retrieved from /home/i-sip_iot/anaconda3/envs/sandbox/lib/python3.7/site-packages/airflow/example_dags/example_trigger_controller_dag.py
[2021-03-01 20:29:15,452] {logging_mixin.py:103} INFO - [2021-03-01 20:29:15,452] {dag.py:1813} INFO - Sync 1 DAGs
[2021-03-01 20:29:15,464] {logging_mixin.py:103} INFO - [2021-03-01 20:29:15,464] {dag.py:2266} INFO - Setting next_dagrun for example_trigger_controller_dag to 2021-02-28 00:00:00+00:00
[2021-03-01 20:29:15,471] {scheduler_job.py:189} INFO - Processing /home/i-sip_iot/anaconda3/envs/sandbox/lib/python3.7/site-packages/airflow/example_dags/example_trigger_controller_dag.py took 0.030 seconds
[2021-03-01 20:29:40,647] {scheduler_job.py:181} INFO - Started process (PID=231901) to work on /home/i-sip_iot/anaconda3/envs/sandbox/lib/python3.7/site-packages/airflow/example_dags/example_trigger_controller_dag.py
[2021-03-01 20:29:40,649] {scheduler_job.py:629} INFO - Processing file /home/i-sip_iot/anaconda3/envs/sandbox/lib/python3.7/site-packages/airflow/example_dags/example_trigger_controller_dag.py for tasks to queue
[2021-03-01 20:29:40,650] {logging_mixin.py:103} INFO - [2021-03-01 20:29:40,649] {dagbag.py:440} INFO - Filling up the DagBag from /home/i-sip_iot/anaconda3/envs/sandbox/lib/python3.7/site-packages/airflow/example_dags/example_trigger_controller_dag.py
[2021-03-01 20:29:40,666] {scheduler_job.py:639} INFO - DAG(s) dict_keys(['example_trigger_controller_dag']) retrieved from /home/i-sip_iot/anaconda3/envs/sandbox/lib/python3.7/site-packages/airflow/example_dags/example_trigger_controller_dag.py
[2021-03-01 20:29:40,667] {logging_mixin.py:103} INFO - [2021-03-01 20:29:40,667] {dag.py:1813} INFO - Sync 1 DAGs
[2021-03-01 20:29:40,683] {logging_mixin.py:103} INFO - [2021-03-01 20:29:40,683] {dag.py:2266} INFO - Setting next_dagrun for example_trigger_controller_dag to 2021-02-28 00:00:00+00:00
[2021-03-01 20:29:40,693] {scheduler_job.py:189} INFO - Processing /home/i-sip_iot/anaconda3/envs/sandbox/lib/python3.7/site-packages/airflow/example_dags/example_trigger_controller_dag.py took 0.050 seconds
[2021-03-01 20:30:06,914] {scheduler_job.py:181} INFO - Started process (PID=232093) to work on /home/i-sip_iot/anaconda3/envs/sandbox/lib/python3.7/site-packages/airflow/example_dags/example_trigger_controller_dag.py
[2021-03-01 20:30:06,915] {scheduler_job.py:629} INFO - Processing file /home/i-sip_iot/anaconda3/envs/sandbox/lib/python3.7/site-packages/airflow/example_dags/example_trigger_controller_dag.py for tasks to queue
[2021-03-01 20:30:06,916] {logging_mixin.py:103} INFO - [2021-03-01 20:30:06,916] {dagbag.py:440} INFO - Filling up the DagBag from /home/i-sip_iot/anaconda3/envs/sandbox/lib/python3.7/site-packages/airflow/example_dags/example_trigger_controller_dag.py
[2021-03-01 20:30:06,926] {scheduler_job.py:639} INFO - DAG(s) dict_keys(['example_trigger_controller_dag']) retrieved from /home/i-sip_iot/anaconda3/envs/sandbox/lib/python3.7/site-packages/airflow/example_dags/example_trigger_controller_dag.py
[2021-03-01 20:30:06,927] {logging_mixin.py:103} INFO - [2021-03-01 20:30:06,927] {dag.py:1813} INFO - Sync 1 DAGs
[2021-03-01 20:30:06,940] {logging_mixin.py:103} INFO - [2021-03-01 20:30:06,939] {dag.py:2266} INFO - Setting next_dagrun for example_trigger_controller_dag to 2021-02-28 00:00:00+00:00
[2021-03-01 20:30:06,947] {scheduler_job.py:189} INFO - Processing /home/i-sip_iot/anaconda3/envs/sandbox/lib/python3.7/site-packages/airflow/example_dags/example_trigger_controller_dag.py took 0.038 seconds
[2021-03-01 20:30:32,140] {scheduler_job.py:181} INFO - Started process (PID=232985) to work on /home/i-sip_iot/anaconda3/envs/sandbox/lib/python3.7/site-packages/airflow/example_dags/example_trigger_controller_dag.py
[2021-03-01 20:30:32,141] {scheduler_job.py:629} INFO - Processing file /home/i-sip_iot/anaconda3/envs/sandbox/lib/python3.7/site-packages/airflow/example_dags/example_trigger_controller_dag.py for tasks to queue
[2021-03-01 20:30:32,141] {logging_mixin.py:103} INFO - [2021-03-01 20:30:32,141] {dagbag.py:440} INFO - Filling up the DagBag from /home/i-sip_iot/anaconda3/envs/sandbox/lib/python3.7/site-packages/airflow/example_dags/example_trigger_controller_dag.py
[2021-03-01 20:30:32,145] {scheduler_job.py:639} INFO - DAG(s) dict_keys(['example_trigger_controller_dag']) retrieved from /home/i-sip_iot/anaconda3/envs/sandbox/lib/python3.7/site-packages/airflow/example_dags/example_trigger_controller_dag.py
[2021-03-01 20:30:32,146] {logging_mixin.py:103} INFO - [2021-03-01 20:30:32,146] {dag.py:1813} INFO - Sync 1 DAGs
[2021-03-01 20:30:32,154] {logging_mixin.py:103} INFO - [2021-03-01 20:30:32,154] {dag.py:2266} INFO - Setting next_dagrun for example_trigger_controller_dag to 2021-02-28 00:00:00+00:00
[2021-03-01 20:30:32,161] {scheduler_job.py:189} INFO - Processing /home/i-sip_iot/anaconda3/envs/sandbox/lib/python3.7/site-packages/airflow/example_dags/example_trigger_controller_dag.py took 0.023 seconds
[2021-03-01 20:30:59,452] {scheduler_job.py:181} INFO - Started process (PID=233071) to work on /home/i-sip_iot/anaconda3/envs/sandbox/lib/python3.7/site-packages/airflow/example_dags/example_trigger_controller_dag.py
[2021-03-01 20:30:59,454] {scheduler_job.py:629} INFO - Processing file /home/i-sip_iot/anaconda3/envs/sandbox/lib/python3.7/site-packages/airflow/example_dags/example_trigger_controller_dag.py for tasks to queue
[2021-03-01 20:30:59,455] {logging_mixin.py:103} INFO - [2021-03-01 20:30:59,455] {dagbag.py:440} INFO - Filling up the DagBag from /home/i-sip_iot/anaconda3/envs/sandbox/lib/python3.7/site-packages/airflow/example_dags/example_trigger_controller_dag.py
[2021-03-01 20:30:59,466] {scheduler_job.py:639} INFO - DAG(s) dict_keys(['example_trigger_controller_dag']) retrieved from /home/i-sip_iot/anaconda3/envs/sandbox/lib/python3.7/site-packages/airflow/example_dags/example_trigger_controller_dag.py
[2021-03-01 20:30:59,467] {logging_mixin.py:103} INFO - [2021-03-01 20:30:59,467] {dag.py:1813} INFO - Sync 1 DAGs
[2021-03-01 20:30:59,480] {logging_mixin.py:103} INFO - [2021-03-01 20:30:59,480] {dag.py:2266} INFO - Setting next_dagrun for example_trigger_controller_dag to 2021-02-28 00:00:00+00:00
[2021-03-01 20:30:59,489] {scheduler_job.py:189} INFO - Processing /home/i-sip_iot/anaconda3/envs/sandbox/lib/python3.7/site-packages/airflow/example_dags/example_trigger_controller_dag.py took 0.043 seconds
[2021-03-01 20:31:25,391] {scheduler_job.py:181} INFO - Started process (PID=233223) to work on /home/i-sip_iot/anaconda3/envs/sandbox/lib/python3.7/site-packages/airflow/example_dags/example_trigger_controller_dag.py
[2021-03-01 20:31:25,391] {scheduler_job.py:629} INFO - Processing file /home/i-sip_iot/anaconda3/envs/sandbox/lib/python3.7/site-packages/airflow/example_dags/example_trigger_controller_dag.py for tasks to queue
[2021-03-01 20:31:25,392] {logging_mixin.py:103} INFO - [2021-03-01 20:31:25,392] {dagbag.py:440} INFO - Filling up the DagBag from /home/i-sip_iot/anaconda3/envs/sandbox/lib/python3.7/site-packages/airflow/example_dags/example_trigger_controller_dag.py
[2021-03-01 20:31:25,398] {scheduler_job.py:639} INFO - DAG(s) dict_keys(['example_trigger_controller_dag']) retrieved from /home/i-sip_iot/anaconda3/envs/sandbox/lib/python3.7/site-packages/airflow/example_dags/example_trigger_controller_dag.py
[2021-03-01 20:31:25,399] {logging_mixin.py:103} INFO - [2021-03-01 20:31:25,399] {dag.py:1813} INFO - Sync 1 DAGs
[2021-03-01 20:31:25,409] {logging_mixin.py:103} INFO - [2021-03-01 20:31:25,409] {dag.py:2266} INFO - Setting next_dagrun for example_trigger_controller_dag to 2021-02-28 00:00:00+00:00
[2021-03-01 20:31:25,419] {scheduler_job.py:189} INFO - Processing /home/i-sip_iot/anaconda3/envs/sandbox/lib/python3.7/site-packages/airflow/example_dags/example_trigger_controller_dag.py took 0.030 seconds
[2021-03-01 20:31:50,991] {scheduler_job.py:181} INFO - Started process (PID=233530) to work on /home/i-sip_iot/anaconda3/envs/sandbox/lib/python3.7/site-packages/airflow/example_dags/example_trigger_controller_dag.py
[2021-03-01 20:31:50,992] {scheduler_job.py:629} INFO - Processing file /home/i-sip_iot/anaconda3/envs/sandbox/lib/python3.7/site-packages/airflow/example_dags/example_trigger_controller_dag.py for tasks to queue
[2021-03-01 20:31:50,993] {logging_mixin.py:103} INFO - [2021-03-01 20:31:50,992] {dagbag.py:440} INFO - Filling up the DagBag from /home/i-sip_iot/anaconda3/envs/sandbox/lib/python3.7/site-packages/airflow/example_dags/example_trigger_controller_dag.py
[2021-03-01 20:31:51,003] {scheduler_job.py:639} INFO - DAG(s) dict_keys(['example_trigger_controller_dag']) retrieved from /home/i-sip_iot/anaconda3/envs/sandbox/lib/python3.7/site-packages/airflow/example_dags/example_trigger_controller_dag.py
[2021-03-01 20:31:51,003] {logging_mixin.py:103} INFO - [2021-03-01 20:31:51,003] {dag.py:1813} INFO - Sync 1 DAGs
[2021-03-01 20:31:51,017] {logging_mixin.py:103} INFO - [2021-03-01 20:31:51,017] {dag.py:2266} INFO - Setting next_dagrun for example_trigger_controller_dag to 2021-02-28 00:00:00+00:00
[2021-03-01 20:31:51,027] {scheduler_job.py:189} INFO - Processing /home/i-sip_iot/anaconda3/envs/sandbox/lib/python3.7/site-packages/airflow/example_dags/example_trigger_controller_dag.py took 0.039 seconds
[2021-03-01 20:32:16,192] {scheduler_job.py:181} INFO - Started process (PID=233602) to work on /home/i-sip_iot/anaconda3/envs/sandbox/lib/python3.7/site-packages/airflow/example_dags/example_trigger_controller_dag.py
[2021-03-01 20:32:16,193] {scheduler_job.py:629} INFO - Processing file /home/i-sip_iot/anaconda3/envs/sandbox/lib/python3.7/site-packages/airflow/example_dags/example_trigger_controller_dag.py for tasks to queue
[2021-03-01 20:32:16,194] {logging_mixin.py:103} INFO - [2021-03-01 20:32:16,194] {dagbag.py:440} INFO - Filling up the DagBag from /home/i-sip_iot/anaconda3/envs/sandbox/lib/python3.7/site-packages/airflow/example_dags/example_trigger_controller_dag.py
[2021-03-01 20:32:16,205] {scheduler_job.py:639} INFO - DAG(s) dict_keys(['example_trigger_controller_dag']) retrieved from /home/i-sip_iot/anaconda3/envs/sandbox/lib/python3.7/site-packages/airflow/example_dags/example_trigger_controller_dag.py
[2021-03-01 20:32:16,205] {logging_mixin.py:103} INFO - [2021-03-01 20:32:16,205] {dag.py:1813} INFO - Sync 1 DAGs
[2021-03-01 20:32:16,219] {logging_mixin.py:103} INFO - [2021-03-01 20:32:16,219] {dag.py:2266} INFO - Setting next_dagrun for example_trigger_controller_dag to 2021-02-28 00:00:00+00:00
[2021-03-01 20:32:16,227] {scheduler_job.py:189} INFO - Processing /home/i-sip_iot/anaconda3/envs/sandbox/lib/python3.7/site-packages/airflow/example_dags/example_trigger_controller_dag.py took 0.039 seconds
[2021-03-01 20:32:41,658] {scheduler_job.py:181} INFO - Started process (PID=233887) to work on /home/i-sip_iot/anaconda3/envs/sandbox/lib/python3.7/site-packages/airflow/example_dags/example_trigger_controller_dag.py
[2021-03-01 20:32:41,658] {scheduler_job.py:629} INFO - Processing file /home/i-sip_iot/anaconda3/envs/sandbox/lib/python3.7/site-packages/airflow/example_dags/example_trigger_controller_dag.py for tasks to queue
[2021-03-01 20:32:41,659] {logging_mixin.py:103} INFO - [2021-03-01 20:32:41,659] {dagbag.py:440} INFO - Filling up the DagBag from /home/i-sip_iot/anaconda3/envs/sandbox/lib/python3.7/site-packages/airflow/example_dags/example_trigger_controller_dag.py
[2021-03-01 20:32:41,664] {scheduler_job.py:639} INFO - DAG(s) dict_keys(['example_trigger_controller_dag']) retrieved from /home/i-sip_iot/anaconda3/envs/sandbox/lib/python3.7/site-packages/airflow/example_dags/example_trigger_controller_dag.py
[2021-03-01 20:32:41,665] {logging_mixin.py:103} INFO - [2021-03-01 20:32:41,665] {dag.py:1813} INFO - Sync 1 DAGs
[2021-03-01 20:32:41,674] {logging_mixin.py:103} INFO - [2021-03-01 20:32:41,674] {dag.py:2266} INFO - Setting next_dagrun for example_trigger_controller_dag to 2021-02-28 00:00:00+00:00
[2021-03-01 20:32:41,682] {scheduler_job.py:189} INFO - Processing /home/i-sip_iot/anaconda3/envs/sandbox/lib/python3.7/site-packages/airflow/example_dags/example_trigger_controller_dag.py took 0.027 seconds
[2021-03-01 20:33:07,538] {scheduler_job.py:181} INFO - Started process (PID=233989) to work on /home/i-sip_iot/anaconda3/envs/sandbox/lib/python3.7/site-packages/airflow/example_dags/example_trigger_controller_dag.py
[2021-03-01 20:33:07,539] {scheduler_job.py:629} INFO - Processing file /home/i-sip_iot/anaconda3/envs/sandbox/lib/python3.7/site-packages/airflow/example_dags/example_trigger_controller_dag.py for tasks to queue
[2021-03-01 20:33:07,539] {logging_mixin.py:103} INFO - [2021-03-01 20:33:07,539] {dagbag.py:440} INFO - Filling up the DagBag from /home/i-sip_iot/anaconda3/envs/sandbox/lib/python3.7/site-packages/airflow/example_dags/example_trigger_controller_dag.py
[2021-03-01 20:33:07,546] {scheduler_job.py:639} INFO - DAG(s) dict_keys(['example_trigger_controller_dag']) retrieved from /home/i-sip_iot/anaconda3/envs/sandbox/lib/python3.7/site-packages/airflow/example_dags/example_trigger_controller_dag.py
[2021-03-01 20:33:07,547] {logging_mixin.py:103} INFO - [2021-03-01 20:33:07,547] {dag.py:1813} INFO - Sync 1 DAGs
[2021-03-01 20:33:07,565] {logging_mixin.py:103} INFO - [2021-03-01 20:33:07,565] {dag.py:2266} INFO - Setting next_dagrun for example_trigger_controller_dag to 2021-02-28 00:00:00+00:00
[2021-03-01 20:33:07,574] {scheduler_job.py:189} INFO - Processing /home/i-sip_iot/anaconda3/envs/sandbox/lib/python3.7/site-packages/airflow/example_dags/example_trigger_controller_dag.py took 0.038 seconds
[2021-03-01 20:33:33,817] {scheduler_job.py:181} INFO - Started process (PID=234257) to work on /home/i-sip_iot/anaconda3/envs/sandbox/lib/python3.7/site-packages/airflow/example_dags/example_trigger_controller_dag.py
[2021-03-01 20:33:33,819] {scheduler_job.py:629} INFO - Processing file /home/i-sip_iot/anaconda3/envs/sandbox/lib/python3.7/site-packages/airflow/example_dags/example_trigger_controller_dag.py for tasks to queue
[2021-03-01 20:33:33,821] {logging_mixin.py:103} INFO - [2021-03-01 20:33:33,820] {dagbag.py:440} INFO - Filling up the DagBag from /home/i-sip_iot/anaconda3/envs/sandbox/lib/python3.7/site-packages/airflow/example_dags/example_trigger_controller_dag.py
[2021-03-01 20:33:33,832] {scheduler_job.py:639} INFO - DAG(s) dict_keys(['example_trigger_controller_dag']) retrieved from /home/i-sip_iot/anaconda3/envs/sandbox/lib/python3.7/site-packages/airflow/example_dags/example_trigger_controller_dag.py
[2021-03-01 20:33:33,833] {logging_mixin.py:103} INFO - [2021-03-01 20:33:33,833] {dag.py:1813} INFO - Sync 1 DAGs
[2021-03-01 20:33:33,846] {logging_mixin.py:103} INFO - [2021-03-01 20:33:33,846] {dag.py:2266} INFO - Setting next_dagrun for example_trigger_controller_dag to 2021-02-28 00:00:00+00:00
[2021-03-01 20:33:33,854] {scheduler_job.py:189} INFO - Processing /home/i-sip_iot/anaconda3/envs/sandbox/lib/python3.7/site-packages/airflow/example_dags/example_trigger_controller_dag.py took 0.044 seconds
[2021-03-01 20:33:59,104] {scheduler_job.py:181} INFO - Started process (PID=234375) to work on /home/i-sip_iot/anaconda3/envs/sandbox/lib/python3.7/site-packages/airflow/example_dags/example_trigger_controller_dag.py
[2021-03-01 20:33:59,105] {scheduler_job.py:629} INFO - Processing file /home/i-sip_iot/anaconda3/envs/sandbox/lib/python3.7/site-packages/airflow/example_dags/example_trigger_controller_dag.py for tasks to queue
[2021-03-01 20:33:59,105] {logging_mixin.py:103} INFO - [2021-03-01 20:33:59,105] {dagbag.py:440} INFO - Filling up the DagBag from /home/i-sip_iot/anaconda3/envs/sandbox/lib/python3.7/site-packages/airflow/example_dags/example_trigger_controller_dag.py
[2021-03-01 20:33:59,112] {scheduler_job.py:639} INFO - DAG(s) dict_keys(['example_trigger_controller_dag']) retrieved from /home/i-sip_iot/anaconda3/envs/sandbox/lib/python3.7/site-packages/airflow/example_dags/example_trigger_controller_dag.py
[2021-03-01 20:33:59,112] {logging_mixin.py:103} INFO - [2021-03-01 20:33:59,112] {dag.py:1813} INFO - Sync 1 DAGs
[2021-03-01 20:33:59,122] {logging_mixin.py:103} INFO - [2021-03-01 20:33:59,122] {dag.py:2266} INFO - Setting next_dagrun for example_trigger_controller_dag to 2021-02-28 00:00:00+00:00
[2021-03-01 20:33:59,132] {scheduler_job.py:189} INFO - Processing /home/i-sip_iot/anaconda3/envs/sandbox/lib/python3.7/site-packages/airflow/example_dags/example_trigger_controller_dag.py took 0.030 seconds
[2021-03-01 20:34:24,378] {scheduler_job.py:181} INFO - Started process (PID=234463) to work on /home/i-sip_iot/anaconda3/envs/sandbox/lib/python3.7/site-packages/airflow/example_dags/example_trigger_controller_dag.py
[2021-03-01 20:34:24,379] {scheduler_job.py:629} INFO - Processing file /home/i-sip_iot/anaconda3/envs/sandbox/lib/python3.7/site-packages/airflow/example_dags/example_trigger_controller_dag.py for tasks to queue
[2021-03-01 20:34:24,379] {logging_mixin.py:103} INFO - [2021-03-01 20:34:24,379] {dagbag.py:440} INFO - Filling up the DagBag from /home/i-sip_iot/anaconda3/envs/sandbox/lib/python3.7/site-packages/airflow/example_dags/example_trigger_controller_dag.py
[2021-03-01 20:34:24,387] {scheduler_job.py:639} INFO - DAG(s) dict_keys(['example_trigger_controller_dag']) retrieved from /home/i-sip_iot/anaconda3/envs/sandbox/lib/python3.7/site-packages/airflow/example_dags/example_trigger_controller_dag.py
[2021-03-01 20:34:24,387] {logging_mixin.py:103} INFO - [2021-03-01 20:34:24,387] {dag.py:1813} INFO - Sync 1 DAGs
[2021-03-01 20:34:24,400] {logging_mixin.py:103} INFO - [2021-03-01 20:34:24,400] {dag.py:2266} INFO - Setting next_dagrun for example_trigger_controller_dag to 2021-02-28 00:00:00+00:00
[2021-03-01 20:34:24,408] {scheduler_job.py:189} INFO - Processing /home/i-sip_iot/anaconda3/envs/sandbox/lib/python3.7/site-packages/airflow/example_dags/example_trigger_controller_dag.py took 0.033 seconds
[2021-03-01 20:34:58,131] {scheduler_job.py:181} INFO - Started process (PID=234959) to work on /home/i-sip_iot/anaconda3/envs/sandbox/lib/python3.7/site-packages/airflow/example_dags/example_trigger_controller_dag.py
[2021-03-01 20:34:58,132] {scheduler_job.py:629} INFO - Processing file /home/i-sip_iot/anaconda3/envs/sandbox/lib/python3.7/site-packages/airflow/example_dags/example_trigger_controller_dag.py for tasks to queue
[2021-03-01 20:34:58,132] {logging_mixin.py:103} INFO - [2021-03-01 20:34:58,132] {dagbag.py:440} INFO - Filling up the DagBag from /home/i-sip_iot/anaconda3/envs/sandbox/lib/python3.7/site-packages/airflow/example_dags/example_trigger_controller_dag.py
[2021-03-01 20:34:58,137] {scheduler_job.py:639} INFO - DAG(s) dict_keys(['example_trigger_controller_dag']) retrieved from /home/i-sip_iot/anaconda3/envs/sandbox/lib/python3.7/site-packages/airflow/example_dags/example_trigger_controller_dag.py
[2021-03-01 20:34:58,137] {logging_mixin.py:103} INFO - [2021-03-01 20:34:58,137] {dag.py:1813} INFO - Sync 1 DAGs
[2021-03-01 20:34:58,148] {logging_mixin.py:103} INFO - [2021-03-01 20:34:58,148] {dag.py:2266} INFO - Setting next_dagrun for example_trigger_controller_dag to 2021-02-28 00:00:00+00:00
[2021-03-01 20:34:58,157] {scheduler_job.py:189} INFO - Processing /home/i-sip_iot/anaconda3/envs/sandbox/lib/python3.7/site-packages/airflow/example_dags/example_trigger_controller_dag.py took 0.027 seconds
[2021-03-01 20:35:23,369] {scheduler_job.py:181} INFO - Started process (PID=235037) to work on /home/i-sip_iot/anaconda3/envs/sandbox/lib/python3.7/site-packages/airflow/example_dags/example_trigger_controller_dag.py
[2021-03-01 20:35:23,370] {scheduler_job.py:629} INFO - Processing file /home/i-sip_iot/anaconda3/envs/sandbox/lib/python3.7/site-packages/airflow/example_dags/example_trigger_controller_dag.py for tasks to queue
[2021-03-01 20:35:23,371] {logging_mixin.py:103} INFO - [2021-03-01 20:35:23,371] {dagbag.py:440} INFO - Filling up the DagBag from /home/i-sip_iot/anaconda3/envs/sandbox/lib/python3.7/site-packages/airflow/example_dags/example_trigger_controller_dag.py
[2021-03-01 20:35:23,380] {scheduler_job.py:639} INFO - DAG(s) dict_keys(['example_trigger_controller_dag']) retrieved from /home/i-sip_iot/anaconda3/envs/sandbox/lib/python3.7/site-packages/airflow/example_dags/example_trigger_controller_dag.py
[2021-03-01 20:35:23,381] {logging_mixin.py:103} INFO - [2021-03-01 20:35:23,381] {dag.py:1813} INFO - Sync 1 DAGs
[2021-03-01 20:35:23,396] {logging_mixin.py:103} INFO - [2021-03-01 20:35:23,396] {dag.py:2266} INFO - Setting next_dagrun for example_trigger_controller_dag to 2021-02-28 00:00:00+00:00
[2021-03-01 20:35:23,406] {scheduler_job.py:189} INFO - Processing /home/i-sip_iot/anaconda3/envs/sandbox/lib/python3.7/site-packages/airflow/example_dags/example_trigger_controller_dag.py took 0.040 seconds
[2021-03-01 20:37:15,065] {scheduler_job.py:181} INFO - Started process (PID=237186) to work on /home/i-sip_iot/anaconda3/envs/sandbox/lib/python3.7/site-packages/airflow/example_dags/example_trigger_controller_dag.py
[2021-03-01 20:37:15,066] {scheduler_job.py:629} INFO - Processing file /home/i-sip_iot/anaconda3/envs/sandbox/lib/python3.7/site-packages/airflow/example_dags/example_trigger_controller_dag.py for tasks to queue
[2021-03-01 20:37:15,066] {logging_mixin.py:103} INFO - [2021-03-01 20:37:15,066] {dagbag.py:440} INFO - Filling up the DagBag from /home/i-sip_iot/anaconda3/envs/sandbox/lib/python3.7/site-packages/airflow/example_dags/example_trigger_controller_dag.py
[2021-03-01 20:37:15,070] {scheduler_job.py:639} INFO - DAG(s) dict_keys(['example_trigger_controller_dag']) retrieved from /home/i-sip_iot/anaconda3/envs/sandbox/lib/python3.7/site-packages/airflow/example_dags/example_trigger_controller_dag.py
[2021-03-01 20:37:15,071] {logging_mixin.py:103} INFO - [2021-03-01 20:37:15,071] {dag.py:1813} INFO - Sync 1 DAGs
[2021-03-01 20:37:15,079] {logging_mixin.py:103} INFO - [2021-03-01 20:37:15,079] {dag.py:2266} INFO - Setting next_dagrun for example_trigger_controller_dag to 2021-02-28 00:00:00+00:00
[2021-03-01 20:37:15,086] {scheduler_job.py:189} INFO - Processing /home/i-sip_iot/anaconda3/envs/sandbox/lib/python3.7/site-packages/airflow/example_dags/example_trigger_controller_dag.py took 0.023 seconds
[2021-03-01 20:39:56,790] {scheduler_job.py:181} INFO - Started process (PID=240399) to work on /home/i-sip_iot/anaconda3/envs/sandbox/lib/python3.7/site-packages/airflow/example_dags/example_trigger_controller_dag.py
[2021-03-01 20:39:56,790] {scheduler_job.py:629} INFO - Processing file /home/i-sip_iot/anaconda3/envs/sandbox/lib/python3.7/site-packages/airflow/example_dags/example_trigger_controller_dag.py for tasks to queue
[2021-03-01 20:39:56,791] {logging_mixin.py:103} INFO - [2021-03-01 20:39:56,791] {dagbag.py:440} INFO - Filling up the DagBag from /home/i-sip_iot/anaconda3/envs/sandbox/lib/python3.7/site-packages/airflow/example_dags/example_trigger_controller_dag.py
[2021-03-01 20:39:56,796] {scheduler_job.py:639} INFO - DAG(s) dict_keys(['example_trigger_controller_dag']) retrieved from /home/i-sip_iot/anaconda3/envs/sandbox/lib/python3.7/site-packages/airflow/example_dags/example_trigger_controller_dag.py
[2021-03-01 20:39:56,796] {logging_mixin.py:103} INFO - [2021-03-01 20:39:56,796] {dag.py:1813} INFO - Sync 1 DAGs
[2021-03-01 20:39:56,806] {logging_mixin.py:103} INFO - [2021-03-01 20:39:56,806] {dag.py:2266} INFO - Setting next_dagrun for example_trigger_controller_dag to 2021-02-28 00:00:00+00:00
[2021-03-01 20:39:56,815] {scheduler_job.py:189} INFO - Processing /home/i-sip_iot/anaconda3/envs/sandbox/lib/python3.7/site-packages/airflow/example_dags/example_trigger_controller_dag.py took 0.027 seconds
[2021-03-01 20:42:37,549] {scheduler_job.py:181} INFO - Started process (PID=243659) to work on /home/i-sip_iot/anaconda3/envs/sandbox/lib/python3.7/site-packages/airflow/example_dags/example_trigger_controller_dag.py
[2021-03-01 20:42:37,550] {scheduler_job.py:629} INFO - Processing file /home/i-sip_iot/anaconda3/envs/sandbox/lib/python3.7/site-packages/airflow/example_dags/example_trigger_controller_dag.py for tasks to queue
[2021-03-01 20:42:37,550] {logging_mixin.py:103} INFO - [2021-03-01 20:42:37,550] {dagbag.py:440} INFO - Filling up the DagBag from /home/i-sip_iot/anaconda3/envs/sandbox/lib/python3.7/site-packages/airflow/example_dags/example_trigger_controller_dag.py
[2021-03-01 20:42:37,557] {scheduler_job.py:639} INFO - DAG(s) dict_keys(['example_trigger_controller_dag']) retrieved from /home/i-sip_iot/anaconda3/envs/sandbox/lib/python3.7/site-packages/airflow/example_dags/example_trigger_controller_dag.py
[2021-03-01 20:42:37,557] {logging_mixin.py:103} INFO - [2021-03-01 20:42:37,557] {dag.py:1813} INFO - Sync 1 DAGs
[2021-03-01 20:42:37,566] {logging_mixin.py:103} INFO - [2021-03-01 20:42:37,566] {dag.py:2266} INFO - Setting next_dagrun for example_trigger_controller_dag to 2021-02-28 00:00:00+00:00
[2021-03-01 20:42:37,574] {scheduler_job.py:189} INFO - Processing /home/i-sip_iot/anaconda3/envs/sandbox/lib/python3.7/site-packages/airflow/example_dags/example_trigger_controller_dag.py took 0.026 seconds
[2021-03-01 20:45:18,607] {scheduler_job.py:181} INFO - Started process (PID=246826) to work on /home/i-sip_iot/anaconda3/envs/sandbox/lib/python3.7/site-packages/airflow/example_dags/example_trigger_controller_dag.py
[2021-03-01 20:45:18,608] {scheduler_job.py:629} INFO - Processing file /home/i-sip_iot/anaconda3/envs/sandbox/lib/python3.7/site-packages/airflow/example_dags/example_trigger_controller_dag.py for tasks to queue
[2021-03-01 20:45:18,608] {logging_mixin.py:103} INFO - [2021-03-01 20:45:18,608] {dagbag.py:440} INFO - Filling up the DagBag from /home/i-sip_iot/anaconda3/envs/sandbox/lib/python3.7/site-packages/airflow/example_dags/example_trigger_controller_dag.py
[2021-03-01 20:45:18,614] {scheduler_job.py:639} INFO - DAG(s) dict_keys(['example_trigger_controller_dag']) retrieved from /home/i-sip_iot/anaconda3/envs/sandbox/lib/python3.7/site-packages/airflow/example_dags/example_trigger_controller_dag.py
[2021-03-01 20:45:18,615] {logging_mixin.py:103} INFO - [2021-03-01 20:45:18,615] {dag.py:1813} INFO - Sync 1 DAGs
[2021-03-01 20:45:18,626] {logging_mixin.py:103} INFO - [2021-03-01 20:45:18,626] {dag.py:2266} INFO - Setting next_dagrun for example_trigger_controller_dag to 2021-02-28 00:00:00+00:00
[2021-03-01 20:45:18,635] {scheduler_job.py:189} INFO - Processing /home/i-sip_iot/anaconda3/envs/sandbox/lib/python3.7/site-packages/airflow/example_dags/example_trigger_controller_dag.py took 0.030 seconds
[2021-03-01 20:48:04,828] {scheduler_job.py:181} INFO - Started process (PID=250100) to work on /home/i-sip_iot/anaconda3/envs/sandbox/lib/python3.7/site-packages/airflow/example_dags/example_trigger_controller_dag.py
[2021-03-01 20:48:04,829] {scheduler_job.py:629} INFO - Processing file /home/i-sip_iot/anaconda3/envs/sandbox/lib/python3.7/site-packages/airflow/example_dags/example_trigger_controller_dag.py for tasks to queue
[2021-03-01 20:48:04,829] {logging_mixin.py:103} INFO - [2021-03-01 20:48:04,829] {dagbag.py:440} INFO - Filling up the DagBag from /home/i-sip_iot/anaconda3/envs/sandbox/lib/python3.7/site-packages/airflow/example_dags/example_trigger_controller_dag.py
[2021-03-01 20:48:04,834] {scheduler_job.py:639} INFO - DAG(s) dict_keys(['example_trigger_controller_dag']) retrieved from /home/i-sip_iot/anaconda3/envs/sandbox/lib/python3.7/site-packages/airflow/example_dags/example_trigger_controller_dag.py
[2021-03-01 20:48:04,834] {logging_mixin.py:103} INFO - [2021-03-01 20:48:04,834] {dag.py:1813} INFO - Sync 1 DAGs
[2021-03-01 20:48:04,843] {logging_mixin.py:103} INFO - [2021-03-01 20:48:04,843] {dag.py:2266} INFO - Setting next_dagrun for example_trigger_controller_dag to 2021-02-28 00:00:00+00:00
[2021-03-01 20:48:04,851] {scheduler_job.py:189} INFO - Processing /home/i-sip_iot/anaconda3/envs/sandbox/lib/python3.7/site-packages/airflow/example_dags/example_trigger_controller_dag.py took 0.024 seconds
[2021-03-01 20:50:50,927] {scheduler_job.py:181} INFO - Started process (PID=253773) to work on /home/i-sip_iot/anaconda3/envs/sandbox/lib/python3.7/site-packages/airflow/example_dags/example_trigger_controller_dag.py
[2021-03-01 20:50:50,928] {scheduler_job.py:629} INFO - Processing file /home/i-sip_iot/anaconda3/envs/sandbox/lib/python3.7/site-packages/airflow/example_dags/example_trigger_controller_dag.py for tasks to queue
[2021-03-01 20:50:50,928] {logging_mixin.py:103} INFO - [2021-03-01 20:50:50,928] {dagbag.py:440} INFO - Filling up the DagBag from /home/i-sip_iot/anaconda3/envs/sandbox/lib/python3.7/site-packages/airflow/example_dags/example_trigger_controller_dag.py
[2021-03-01 20:50:50,933] {scheduler_job.py:639} INFO - DAG(s) dict_keys(['example_trigger_controller_dag']) retrieved from /home/i-sip_iot/anaconda3/envs/sandbox/lib/python3.7/site-packages/airflow/example_dags/example_trigger_controller_dag.py
[2021-03-01 20:50:50,934] {logging_mixin.py:103} INFO - [2021-03-01 20:50:50,934] {dag.py:1813} INFO - Sync 1 DAGs
[2021-03-01 20:50:50,944] {logging_mixin.py:103} INFO - [2021-03-01 20:50:50,944] {dag.py:2266} INFO - Setting next_dagrun for example_trigger_controller_dag to 2021-02-28 00:00:00+00:00
[2021-03-01 20:50:50,954] {scheduler_job.py:189} INFO - Processing /home/i-sip_iot/anaconda3/envs/sandbox/lib/python3.7/site-packages/airflow/example_dags/example_trigger_controller_dag.py took 0.029 seconds
