[2021-03-01 20:26:37,661] {scheduler_job.py:181} INFO - Started process (PID=229868) to work on /home/i-sip_iot/anaconda3/envs/sandbox/lib/python3.7/site-packages/airflow/example_dags/example_kubernetes_executor_config.py
[2021-03-01 20:26:37,662] {scheduler_job.py:629} INFO - Processing file /home/i-sip_iot/anaconda3/envs/sandbox/lib/python3.7/site-packages/airflow/example_dags/example_kubernetes_executor_config.py for tasks to queue
[2021-03-01 20:26:37,662] {logging_mixin.py:103} INFO - [2021-03-01 20:26:37,662] {dagbag.py:440} INFO - Filling up the DagBag from /home/i-sip_iot/anaconda3/envs/sandbox/lib/python3.7/site-packages/airflow/example_dags/example_kubernetes_executor_config.py
[2021-03-01 20:26:37,666] {logging_mixin.py:103} INFO - [2021-03-01 20:26:37,666] {example_kubernetes_executor_config.py:174} WARNING - Could not import DAGs in example_kubernetes_executor_config.py: No module named 'kubernetes'
[2021-03-01 20:26:37,666] {logging_mixin.py:103} INFO - [2021-03-01 20:26:37,666] {example_kubernetes_executor_config.py:175} WARNING - Install kubernetes dependencies with: pip install apache-airflow['cncf.kubernetes']
[2021-03-01 20:26:37,666] {scheduler_job.py:641} WARNING - No viable dags retrieved from /home/i-sip_iot/anaconda3/envs/sandbox/lib/python3.7/site-packages/airflow/example_dags/example_kubernetes_executor_config.py
[2021-03-01 20:26:37,670] {scheduler_job.py:189} INFO - Processing /home/i-sip_iot/anaconda3/envs/sandbox/lib/python3.7/site-packages/airflow/example_dags/example_kubernetes_executor_config.py took 0.010 seconds
[2021-03-01 20:27:02,324] {scheduler_job.py:181} INFO - Started process (PID=229940) to work on /home/i-sip_iot/anaconda3/envs/sandbox/lib/python3.7/site-packages/airflow/example_dags/example_kubernetes_executor_config.py
[2021-03-01 20:27:02,325] {scheduler_job.py:629} INFO - Processing file /home/i-sip_iot/anaconda3/envs/sandbox/lib/python3.7/site-packages/airflow/example_dags/example_kubernetes_executor_config.py for tasks to queue
[2021-03-01 20:27:02,326] {logging_mixin.py:103} INFO - [2021-03-01 20:27:02,326] {dagbag.py:440} INFO - Filling up the DagBag from /home/i-sip_iot/anaconda3/envs/sandbox/lib/python3.7/site-packages/airflow/example_dags/example_kubernetes_executor_config.py
[2021-03-01 20:27:02,329] {logging_mixin.py:103} INFO - [2021-03-01 20:27:02,329] {example_kubernetes_executor_config.py:174} WARNING - Could not import DAGs in example_kubernetes_executor_config.py: No module named 'kubernetes'
[2021-03-01 20:27:02,329] {logging_mixin.py:103} INFO - [2021-03-01 20:27:02,329] {example_kubernetes_executor_config.py:175} WARNING - Install kubernetes dependencies with: pip install apache-airflow['cncf.kubernetes']
[2021-03-01 20:27:02,330] {scheduler_job.py:641} WARNING - No viable dags retrieved from /home/i-sip_iot/anaconda3/envs/sandbox/lib/python3.7/site-packages/airflow/example_dags/example_kubernetes_executor_config.py
[2021-03-01 20:27:02,334] {scheduler_job.py:189} INFO - Processing /home/i-sip_iot/anaconda3/envs/sandbox/lib/python3.7/site-packages/airflow/example_dags/example_kubernetes_executor_config.py took 0.012 seconds
[2021-03-01 20:27:27,536] {scheduler_job.py:181} INFO - Started process (PID=230077) to work on /home/i-sip_iot/anaconda3/envs/sandbox/lib/python3.7/site-packages/airflow/example_dags/example_kubernetes_executor_config.py
[2021-03-01 20:27:27,536] {scheduler_job.py:629} INFO - Processing file /home/i-sip_iot/anaconda3/envs/sandbox/lib/python3.7/site-packages/airflow/example_dags/example_kubernetes_executor_config.py for tasks to queue
[2021-03-01 20:27:27,537] {logging_mixin.py:103} INFO - [2021-03-01 20:27:27,537] {dagbag.py:440} INFO - Filling up the DagBag from /home/i-sip_iot/anaconda3/envs/sandbox/lib/python3.7/site-packages/airflow/example_dags/example_kubernetes_executor_config.py
[2021-03-01 20:27:27,541] {logging_mixin.py:103} INFO - [2021-03-01 20:27:27,541] {example_kubernetes_executor_config.py:174} WARNING - Could not import DAGs in example_kubernetes_executor_config.py: No module named 'kubernetes'
[2021-03-01 20:27:27,541] {logging_mixin.py:103} INFO - [2021-03-01 20:27:27,541] {example_kubernetes_executor_config.py:175} WARNING - Install kubernetes dependencies with: pip install apache-airflow['cncf.kubernetes']
[2021-03-01 20:27:27,541] {scheduler_job.py:641} WARNING - No viable dags retrieved from /home/i-sip_iot/anaconda3/envs/sandbox/lib/python3.7/site-packages/airflow/example_dags/example_kubernetes_executor_config.py
[2021-03-01 20:27:27,545] {scheduler_job.py:189} INFO - Processing /home/i-sip_iot/anaconda3/envs/sandbox/lib/python3.7/site-packages/airflow/example_dags/example_kubernetes_executor_config.py took 0.010 seconds
[2021-03-01 20:27:53,832] {scheduler_job.py:181} INFO - Started process (PID=230346) to work on /home/i-sip_iot/anaconda3/envs/sandbox/lib/python3.7/site-packages/airflow/example_dags/example_kubernetes_executor_config.py
[2021-03-01 20:27:53,833] {scheduler_job.py:629} INFO - Processing file /home/i-sip_iot/anaconda3/envs/sandbox/lib/python3.7/site-packages/airflow/example_dags/example_kubernetes_executor_config.py for tasks to queue
[2021-03-01 20:27:53,833] {logging_mixin.py:103} INFO - [2021-03-01 20:27:53,833] {dagbag.py:440} INFO - Filling up the DagBag from /home/i-sip_iot/anaconda3/envs/sandbox/lib/python3.7/site-packages/airflow/example_dags/example_kubernetes_executor_config.py
[2021-03-01 20:27:53,836] {logging_mixin.py:103} INFO - [2021-03-01 20:27:53,836] {example_kubernetes_executor_config.py:174} WARNING - Could not import DAGs in example_kubernetes_executor_config.py: No module named 'kubernetes'
[2021-03-01 20:27:53,836] {logging_mixin.py:103} INFO - [2021-03-01 20:27:53,836] {example_kubernetes_executor_config.py:175} WARNING - Install kubernetes dependencies with: pip install apache-airflow['cncf.kubernetes']
[2021-03-01 20:27:53,836] {scheduler_job.py:641} WARNING - No viable dags retrieved from /home/i-sip_iot/anaconda3/envs/sandbox/lib/python3.7/site-packages/airflow/example_dags/example_kubernetes_executor_config.py
[2021-03-01 20:27:53,839] {scheduler_job.py:189} INFO - Processing /home/i-sip_iot/anaconda3/envs/sandbox/lib/python3.7/site-packages/airflow/example_dags/example_kubernetes_executor_config.py took 0.010 seconds
[2021-03-01 20:28:21,005] {scheduler_job.py:181} INFO - Started process (PID=230419) to work on /home/i-sip_iot/anaconda3/envs/sandbox/lib/python3.7/site-packages/airflow/example_dags/example_kubernetes_executor_config.py
[2021-03-01 20:28:21,005] {scheduler_job.py:629} INFO - Processing file /home/i-sip_iot/anaconda3/envs/sandbox/lib/python3.7/site-packages/airflow/example_dags/example_kubernetes_executor_config.py for tasks to queue
[2021-03-01 20:28:21,006] {logging_mixin.py:103} INFO - [2021-03-01 20:28:21,006] {dagbag.py:440} INFO - Filling up the DagBag from /home/i-sip_iot/anaconda3/envs/sandbox/lib/python3.7/site-packages/airflow/example_dags/example_kubernetes_executor_config.py
[2021-03-01 20:28:21,009] {logging_mixin.py:103} INFO - [2021-03-01 20:28:21,009] {example_kubernetes_executor_config.py:174} WARNING - Could not import DAGs in example_kubernetes_executor_config.py: No module named 'kubernetes'
[2021-03-01 20:28:21,009] {logging_mixin.py:103} INFO - [2021-03-01 20:28:21,009] {example_kubernetes_executor_config.py:175} WARNING - Install kubernetes dependencies with: pip install apache-airflow['cncf.kubernetes']
[2021-03-01 20:28:21,009] {scheduler_job.py:641} WARNING - No viable dags retrieved from /home/i-sip_iot/anaconda3/envs/sandbox/lib/python3.7/site-packages/airflow/example_dags/example_kubernetes_executor_config.py
[2021-03-01 20:28:21,013] {scheduler_job.py:189} INFO - Processing /home/i-sip_iot/anaconda3/envs/sandbox/lib/python3.7/site-packages/airflow/example_dags/example_kubernetes_executor_config.py took 0.011 seconds
[2021-03-01 20:28:46,257] {scheduler_job.py:181} INFO - Started process (PID=230679) to work on /home/i-sip_iot/anaconda3/envs/sandbox/lib/python3.7/site-packages/airflow/example_dags/example_kubernetes_executor_config.py
[2021-03-01 20:28:46,258] {scheduler_job.py:629} INFO - Processing file /home/i-sip_iot/anaconda3/envs/sandbox/lib/python3.7/site-packages/airflow/example_dags/example_kubernetes_executor_config.py for tasks to queue
[2021-03-01 20:28:46,259] {logging_mixin.py:103} INFO - [2021-03-01 20:28:46,259] {dagbag.py:440} INFO - Filling up the DagBag from /home/i-sip_iot/anaconda3/envs/sandbox/lib/python3.7/site-packages/airflow/example_dags/example_kubernetes_executor_config.py
[2021-03-01 20:28:46,265] {logging_mixin.py:103} INFO - [2021-03-01 20:28:46,264] {example_kubernetes_executor_config.py:174} WARNING - Could not import DAGs in example_kubernetes_executor_config.py: No module named 'kubernetes'
[2021-03-01 20:28:46,265] {logging_mixin.py:103} INFO - [2021-03-01 20:28:46,265] {example_kubernetes_executor_config.py:175} WARNING - Install kubernetes dependencies with: pip install apache-airflow['cncf.kubernetes']
[2021-03-01 20:28:46,265] {scheduler_job.py:641} WARNING - No viable dags retrieved from /home/i-sip_iot/anaconda3/envs/sandbox/lib/python3.7/site-packages/airflow/example_dags/example_kubernetes_executor_config.py
[2021-03-01 20:28:46,270] {scheduler_job.py:189} INFO - Processing /home/i-sip_iot/anaconda3/envs/sandbox/lib/python3.7/site-packages/airflow/example_dags/example_kubernetes_executor_config.py took 0.016 seconds
[2021-03-01 20:29:11,450] {scheduler_job.py:181} INFO - Started process (PID=231179) to work on /home/i-sip_iot/anaconda3/envs/sandbox/lib/python3.7/site-packages/airflow/example_dags/example_kubernetes_executor_config.py
[2021-03-01 20:29:11,452] {scheduler_job.py:629} INFO - Processing file /home/i-sip_iot/anaconda3/envs/sandbox/lib/python3.7/site-packages/airflow/example_dags/example_kubernetes_executor_config.py for tasks to queue
[2021-03-01 20:29:11,453] {logging_mixin.py:103} INFO - [2021-03-01 20:29:11,453] {dagbag.py:440} INFO - Filling up the DagBag from /home/i-sip_iot/anaconda3/envs/sandbox/lib/python3.7/site-packages/airflow/example_dags/example_kubernetes_executor_config.py
[2021-03-01 20:29:11,466] {logging_mixin.py:103} INFO - [2021-03-01 20:29:11,466] {example_kubernetes_executor_config.py:174} WARNING - Could not import DAGs in example_kubernetes_executor_config.py: No module named 'kubernetes'
[2021-03-01 20:29:11,466] {logging_mixin.py:103} INFO - [2021-03-01 20:29:11,466] {example_kubernetes_executor_config.py:175} WARNING - Install kubernetes dependencies with: pip install apache-airflow['cncf.kubernetes']
[2021-03-01 20:29:11,466] {scheduler_job.py:641} WARNING - No viable dags retrieved from /home/i-sip_iot/anaconda3/envs/sandbox/lib/python3.7/site-packages/airflow/example_dags/example_kubernetes_executor_config.py
[2021-03-01 20:29:11,473] {scheduler_job.py:189} INFO - Processing /home/i-sip_iot/anaconda3/envs/sandbox/lib/python3.7/site-packages/airflow/example_dags/example_kubernetes_executor_config.py took 0.030 seconds
[2021-03-01 20:29:37,057] {scheduler_job.py:181} INFO - Started process (PID=231893) to work on /home/i-sip_iot/anaconda3/envs/sandbox/lib/python3.7/site-packages/airflow/example_dags/example_kubernetes_executor_config.py
[2021-03-01 20:29:37,058] {scheduler_job.py:629} INFO - Processing file /home/i-sip_iot/anaconda3/envs/sandbox/lib/python3.7/site-packages/airflow/example_dags/example_kubernetes_executor_config.py for tasks to queue
[2021-03-01 20:29:37,059] {logging_mixin.py:103} INFO - [2021-03-01 20:29:37,059] {dagbag.py:440} INFO - Filling up the DagBag from /home/i-sip_iot/anaconda3/envs/sandbox/lib/python3.7/site-packages/airflow/example_dags/example_kubernetes_executor_config.py
[2021-03-01 20:29:37,072] {logging_mixin.py:103} INFO - [2021-03-01 20:29:37,072] {example_kubernetes_executor_config.py:174} WARNING - Could not import DAGs in example_kubernetes_executor_config.py: No module named 'kubernetes'
[2021-03-01 20:29:37,073] {logging_mixin.py:103} INFO - [2021-03-01 20:29:37,073] {example_kubernetes_executor_config.py:175} WARNING - Install kubernetes dependencies with: pip install apache-airflow['cncf.kubernetes']
[2021-03-01 20:29:37,073] {scheduler_job.py:641} WARNING - No viable dags retrieved from /home/i-sip_iot/anaconda3/envs/sandbox/lib/python3.7/site-packages/airflow/example_dags/example_kubernetes_executor_config.py
[2021-03-01 20:29:37,082] {scheduler_job.py:189} INFO - Processing /home/i-sip_iot/anaconda3/envs/sandbox/lib/python3.7/site-packages/airflow/example_dags/example_kubernetes_executor_config.py took 0.030 seconds
[2021-03-01 20:30:02,864] {scheduler_job.py:181} INFO - Started process (PID=232076) to work on /home/i-sip_iot/anaconda3/envs/sandbox/lib/python3.7/site-packages/airflow/example_dags/example_kubernetes_executor_config.py
[2021-03-01 20:30:02,868] {scheduler_job.py:629} INFO - Processing file /home/i-sip_iot/anaconda3/envs/sandbox/lib/python3.7/site-packages/airflow/example_dags/example_kubernetes_executor_config.py for tasks to queue
[2021-03-01 20:30:02,868] {logging_mixin.py:103} INFO - [2021-03-01 20:30:02,868] {dagbag.py:440} INFO - Filling up the DagBag from /home/i-sip_iot/anaconda3/envs/sandbox/lib/python3.7/site-packages/airflow/example_dags/example_kubernetes_executor_config.py
[2021-03-01 20:30:02,872] {logging_mixin.py:103} INFO - [2021-03-01 20:30:02,872] {example_kubernetes_executor_config.py:174} WARNING - Could not import DAGs in example_kubernetes_executor_config.py: No module named 'kubernetes'
[2021-03-01 20:30:02,872] {logging_mixin.py:103} INFO - [2021-03-01 20:30:02,872] {example_kubernetes_executor_config.py:175} WARNING - Install kubernetes dependencies with: pip install apache-airflow['cncf.kubernetes']
[2021-03-01 20:30:02,872] {scheduler_job.py:641} WARNING - No viable dags retrieved from /home/i-sip_iot/anaconda3/envs/sandbox/lib/python3.7/site-packages/airflow/example_dags/example_kubernetes_executor_config.py
[2021-03-01 20:30:02,875] {scheduler_job.py:189} INFO - Processing /home/i-sip_iot/anaconda3/envs/sandbox/lib/python3.7/site-packages/airflow/example_dags/example_kubernetes_executor_config.py took 0.013 seconds
[2021-03-01 20:30:28,129] {scheduler_job.py:181} INFO - Started process (PID=232799) to work on /home/i-sip_iot/anaconda3/envs/sandbox/lib/python3.7/site-packages/airflow/example_dags/example_kubernetes_executor_config.py
[2021-03-01 20:30:28,131] {scheduler_job.py:629} INFO - Processing file /home/i-sip_iot/anaconda3/envs/sandbox/lib/python3.7/site-packages/airflow/example_dags/example_kubernetes_executor_config.py for tasks to queue
[2021-03-01 20:30:28,132] {logging_mixin.py:103} INFO - [2021-03-01 20:30:28,132] {dagbag.py:440} INFO - Filling up the DagBag from /home/i-sip_iot/anaconda3/envs/sandbox/lib/python3.7/site-packages/airflow/example_dags/example_kubernetes_executor_config.py
[2021-03-01 20:30:28,138] {logging_mixin.py:103} INFO - [2021-03-01 20:30:28,138] {example_kubernetes_executor_config.py:174} WARNING - Could not import DAGs in example_kubernetes_executor_config.py: No module named 'kubernetes'
[2021-03-01 20:30:28,138] {logging_mixin.py:103} INFO - [2021-03-01 20:30:28,138] {example_kubernetes_executor_config.py:175} WARNING - Install kubernetes dependencies with: pip install apache-airflow['cncf.kubernetes']
[2021-03-01 20:30:28,138] {scheduler_job.py:641} WARNING - No viable dags retrieved from /home/i-sip_iot/anaconda3/envs/sandbox/lib/python3.7/site-packages/airflow/example_dags/example_kubernetes_executor_config.py
[2021-03-01 20:30:28,143] {scheduler_job.py:189} INFO - Processing /home/i-sip_iot/anaconda3/envs/sandbox/lib/python3.7/site-packages/airflow/example_dags/example_kubernetes_executor_config.py took 0.018 seconds
