[2021-03-01 20:26:21,673] {scheduler_job.py:181} INFO - Started process (PID=229424) to work on /home/i-sip_iot/anaconda3/envs/sandbox/lib/python3.7/site-packages/airflow/example_dags/example_complex.py
[2021-03-01 20:26:21,674] {scheduler_job.py:629} INFO - Processing file /home/i-sip_iot/anaconda3/envs/sandbox/lib/python3.7/site-packages/airflow/example_dags/example_complex.py for tasks to queue
[2021-03-01 20:26:21,674] {logging_mixin.py:103} INFO - [2021-03-01 20:26:21,674] {dagbag.py:440} INFO - Filling up the DagBag from /home/i-sip_iot/anaconda3/envs/sandbox/lib/python3.7/site-packages/airflow/example_dags/example_complex.py
[2021-03-01 20:26:21,682] {scheduler_job.py:639} INFO - DAG(s) dict_keys(['example_complex']) retrieved from /home/i-sip_iot/anaconda3/envs/sandbox/lib/python3.7/site-packages/airflow/example_dags/example_complex.py
[2021-03-01 20:26:21,683] {logging_mixin.py:103} INFO - [2021-03-01 20:26:21,683] {dag.py:1813} INFO - Sync 1 DAGs
[2021-03-01 20:26:21,691] {logging_mixin.py:103} INFO - [2021-03-01 20:26:21,691] {dag.py:2266} INFO - Setting next_dagrun for example_complex to None
[2021-03-01 20:26:21,709] {scheduler_job.py:189} INFO - Processing /home/i-sip_iot/anaconda3/envs/sandbox/lib/python3.7/site-packages/airflow/example_dags/example_complex.py took 0.038 seconds
[2021-03-01 20:26:52,684] {scheduler_job.py:181} INFO - Started process (PID=229909) to work on /home/i-sip_iot/anaconda3/envs/sandbox/lib/python3.7/site-packages/airflow/example_dags/example_complex.py
[2021-03-01 20:26:52,684] {scheduler_job.py:629} INFO - Processing file /home/i-sip_iot/anaconda3/envs/sandbox/lib/python3.7/site-packages/airflow/example_dags/example_complex.py for tasks to queue
[2021-03-01 20:26:52,684] {logging_mixin.py:103} INFO - [2021-03-01 20:26:52,684] {dagbag.py:440} INFO - Filling up the DagBag from /home/i-sip_iot/anaconda3/envs/sandbox/lib/python3.7/site-packages/airflow/example_dags/example_complex.py
[2021-03-01 20:26:52,692] {scheduler_job.py:639} INFO - DAG(s) dict_keys(['example_complex']) retrieved from /home/i-sip_iot/anaconda3/envs/sandbox/lib/python3.7/site-packages/airflow/example_dags/example_complex.py
[2021-03-01 20:26:52,693] {logging_mixin.py:103} INFO - [2021-03-01 20:26:52,693] {dag.py:1813} INFO - Sync 1 DAGs
[2021-03-01 20:26:52,701] {logging_mixin.py:103} INFO - [2021-03-01 20:26:52,701] {dag.py:2266} INFO - Setting next_dagrun for example_complex to None
[2021-03-01 20:26:52,712] {scheduler_job.py:189} INFO - Processing /home/i-sip_iot/anaconda3/envs/sandbox/lib/python3.7/site-packages/airflow/example_dags/example_complex.py took 0.030 seconds
[2021-03-01 20:27:18,533] {scheduler_job.py:181} INFO - Started process (PID=230015) to work on /home/i-sip_iot/anaconda3/envs/sandbox/lib/python3.7/site-packages/airflow/example_dags/example_complex.py
[2021-03-01 20:27:18,538] {scheduler_job.py:629} INFO - Processing file /home/i-sip_iot/anaconda3/envs/sandbox/lib/python3.7/site-packages/airflow/example_dags/example_complex.py for tasks to queue
[2021-03-01 20:27:18,540] {logging_mixin.py:103} INFO - [2021-03-01 20:27:18,540] {dagbag.py:440} INFO - Filling up the DagBag from /home/i-sip_iot/anaconda3/envs/sandbox/lib/python3.7/site-packages/airflow/example_dags/example_complex.py
[2021-03-01 20:27:18,558] {scheduler_job.py:639} INFO - DAG(s) dict_keys(['example_complex']) retrieved from /home/i-sip_iot/anaconda3/envs/sandbox/lib/python3.7/site-packages/airflow/example_dags/example_complex.py
[2021-03-01 20:27:18,559] {logging_mixin.py:103} INFO - [2021-03-01 20:27:18,559] {dag.py:1813} INFO - Sync 1 DAGs
[2021-03-01 20:27:18,570] {logging_mixin.py:103} INFO - [2021-03-01 20:27:18,570] {dag.py:2266} INFO - Setting next_dagrun for example_complex to None
[2021-03-01 20:27:18,582] {scheduler_job.py:189} INFO - Processing /home/i-sip_iot/anaconda3/envs/sandbox/lib/python3.7/site-packages/airflow/example_dags/example_complex.py took 0.054 seconds
[2021-03-01 20:27:43,830] {scheduler_job.py:181} INFO - Started process (PID=230305) to work on /home/i-sip_iot/anaconda3/envs/sandbox/lib/python3.7/site-packages/airflow/example_dags/example_complex.py
[2021-03-01 20:27:43,833] {scheduler_job.py:629} INFO - Processing file /home/i-sip_iot/anaconda3/envs/sandbox/lib/python3.7/site-packages/airflow/example_dags/example_complex.py for tasks to queue
[2021-03-01 20:27:43,834] {logging_mixin.py:103} INFO - [2021-03-01 20:27:43,834] {dagbag.py:440} INFO - Filling up the DagBag from /home/i-sip_iot/anaconda3/envs/sandbox/lib/python3.7/site-packages/airflow/example_dags/example_complex.py
[2021-03-01 20:27:43,851] {scheduler_job.py:639} INFO - DAG(s) dict_keys(['example_complex']) retrieved from /home/i-sip_iot/anaconda3/envs/sandbox/lib/python3.7/site-packages/airflow/example_dags/example_complex.py
[2021-03-01 20:27:43,851] {logging_mixin.py:103} INFO - [2021-03-01 20:27:43,851] {dag.py:1813} INFO - Sync 1 DAGs
[2021-03-01 20:27:43,862] {logging_mixin.py:103} INFO - [2021-03-01 20:27:43,862] {dag.py:2266} INFO - Setting next_dagrun for example_complex to None
[2021-03-01 20:27:43,873] {scheduler_job.py:189} INFO - Processing /home/i-sip_iot/anaconda3/envs/sandbox/lib/python3.7/site-packages/airflow/example_dags/example_complex.py took 0.049 seconds
[2021-03-01 20:28:10,942] {scheduler_job.py:181} INFO - Started process (PID=230393) to work on /home/i-sip_iot/anaconda3/envs/sandbox/lib/python3.7/site-packages/airflow/example_dags/example_complex.py
[2021-03-01 20:28:10,943] {scheduler_job.py:629} INFO - Processing file /home/i-sip_iot/anaconda3/envs/sandbox/lib/python3.7/site-packages/airflow/example_dags/example_complex.py for tasks to queue
[2021-03-01 20:28:10,944] {logging_mixin.py:103} INFO - [2021-03-01 20:28:10,943] {dagbag.py:440} INFO - Filling up the DagBag from /home/i-sip_iot/anaconda3/envs/sandbox/lib/python3.7/site-packages/airflow/example_dags/example_complex.py
[2021-03-01 20:28:10,959] {scheduler_job.py:639} INFO - DAG(s) dict_keys(['example_complex']) retrieved from /home/i-sip_iot/anaconda3/envs/sandbox/lib/python3.7/site-packages/airflow/example_dags/example_complex.py
[2021-03-01 20:28:10,959] {logging_mixin.py:103} INFO - [2021-03-01 20:28:10,959] {dag.py:1813} INFO - Sync 1 DAGs
[2021-03-01 20:28:10,970] {logging_mixin.py:103} INFO - [2021-03-01 20:28:10,970] {dag.py:2266} INFO - Setting next_dagrun for example_complex to None
[2021-03-01 20:28:10,983] {scheduler_job.py:189} INFO - Processing /home/i-sip_iot/anaconda3/envs/sandbox/lib/python3.7/site-packages/airflow/example_dags/example_complex.py took 0.046 seconds
[2021-03-01 20:28:36,878] {scheduler_job.py:181} INFO - Started process (PID=230662) to work on /home/i-sip_iot/anaconda3/envs/sandbox/lib/python3.7/site-packages/airflow/example_dags/example_complex.py
[2021-03-01 20:28:36,880] {scheduler_job.py:629} INFO - Processing file /home/i-sip_iot/anaconda3/envs/sandbox/lib/python3.7/site-packages/airflow/example_dags/example_complex.py for tasks to queue
[2021-03-01 20:28:36,882] {logging_mixin.py:103} INFO - [2021-03-01 20:28:36,882] {dagbag.py:440} INFO - Filling up the DagBag from /home/i-sip_iot/anaconda3/envs/sandbox/lib/python3.7/site-packages/airflow/example_dags/example_complex.py
[2021-03-01 20:28:36,901] {scheduler_job.py:639} INFO - DAG(s) dict_keys(['example_complex']) retrieved from /home/i-sip_iot/anaconda3/envs/sandbox/lib/python3.7/site-packages/airflow/example_dags/example_complex.py
[2021-03-01 20:28:36,901] {logging_mixin.py:103} INFO - [2021-03-01 20:28:36,901] {dag.py:1813} INFO - Sync 1 DAGs
[2021-03-01 20:28:36,913] {logging_mixin.py:103} INFO - [2021-03-01 20:28:36,913] {dag.py:2266} INFO - Setting next_dagrun for example_complex to None
[2021-03-01 20:28:36,923] {scheduler_job.py:189} INFO - Processing /home/i-sip_iot/anaconda3/envs/sandbox/lib/python3.7/site-packages/airflow/example_dags/example_complex.py took 0.051 seconds
[2021-03-01 20:29:02,383] {scheduler_job.py:181} INFO - Started process (PID=231139) to work on /home/i-sip_iot/anaconda3/envs/sandbox/lib/python3.7/site-packages/airflow/example_dags/example_complex.py
[2021-03-01 20:29:02,384] {scheduler_job.py:629} INFO - Processing file /home/i-sip_iot/anaconda3/envs/sandbox/lib/python3.7/site-packages/airflow/example_dags/example_complex.py for tasks to queue
[2021-03-01 20:29:02,386] {logging_mixin.py:103} INFO - [2021-03-01 20:29:02,385] {dagbag.py:440} INFO - Filling up the DagBag from /home/i-sip_iot/anaconda3/envs/sandbox/lib/python3.7/site-packages/airflow/example_dags/example_complex.py
[2021-03-01 20:29:02,396] {scheduler_job.py:639} INFO - DAG(s) dict_keys(['example_complex']) retrieved from /home/i-sip_iot/anaconda3/envs/sandbox/lib/python3.7/site-packages/airflow/example_dags/example_complex.py
[2021-03-01 20:29:02,397] {logging_mixin.py:103} INFO - [2021-03-01 20:29:02,397] {dag.py:1813} INFO - Sync 1 DAGs
[2021-03-01 20:29:02,412] {logging_mixin.py:103} INFO - [2021-03-01 20:29:02,412] {dag.py:2266} INFO - Setting next_dagrun for example_complex to None
[2021-03-01 20:29:02,430] {scheduler_job.py:189} INFO - Processing /home/i-sip_iot/anaconda3/envs/sandbox/lib/python3.7/site-packages/airflow/example_dags/example_complex.py took 0.049 seconds
[2021-03-01 20:29:27,589] {scheduler_job.py:181} INFO - Started process (PID=231714) to work on /home/i-sip_iot/anaconda3/envs/sandbox/lib/python3.7/site-packages/airflow/example_dags/example_complex.py
[2021-03-01 20:29:27,593] {scheduler_job.py:629} INFO - Processing file /home/i-sip_iot/anaconda3/envs/sandbox/lib/python3.7/site-packages/airflow/example_dags/example_complex.py for tasks to queue
[2021-03-01 20:29:27,594] {logging_mixin.py:103} INFO - [2021-03-01 20:29:27,594] {dagbag.py:440} INFO - Filling up the DagBag from /home/i-sip_iot/anaconda3/envs/sandbox/lib/python3.7/site-packages/airflow/example_dags/example_complex.py
[2021-03-01 20:29:27,614] {scheduler_job.py:639} INFO - DAG(s) dict_keys(['example_complex']) retrieved from /home/i-sip_iot/anaconda3/envs/sandbox/lib/python3.7/site-packages/airflow/example_dags/example_complex.py
[2021-03-01 20:29:27,615] {logging_mixin.py:103} INFO - [2021-03-01 20:29:27,615] {dag.py:1813} INFO - Sync 1 DAGs
[2021-03-01 20:29:27,626] {logging_mixin.py:103} INFO - [2021-03-01 20:29:27,626] {dag.py:2266} INFO - Setting next_dagrun for example_complex to None
[2021-03-01 20:29:27,638] {scheduler_job.py:189} INFO - Processing /home/i-sip_iot/anaconda3/envs/sandbox/lib/python3.7/site-packages/airflow/example_dags/example_complex.py took 0.057 seconds
[2021-03-01 20:29:53,115] {scheduler_job.py:181} INFO - Started process (PID=232015) to work on /home/i-sip_iot/anaconda3/envs/sandbox/lib/python3.7/site-packages/airflow/example_dags/example_complex.py
[2021-03-01 20:29:53,116] {scheduler_job.py:629} INFO - Processing file /home/i-sip_iot/anaconda3/envs/sandbox/lib/python3.7/site-packages/airflow/example_dags/example_complex.py for tasks to queue
[2021-03-01 20:29:53,116] {logging_mixin.py:103} INFO - [2021-03-01 20:29:53,116] {dagbag.py:440} INFO - Filling up the DagBag from /home/i-sip_iot/anaconda3/envs/sandbox/lib/python3.7/site-packages/airflow/example_dags/example_complex.py
[2021-03-01 20:29:53,126] {scheduler_job.py:639} INFO - DAG(s) dict_keys(['example_complex']) retrieved from /home/i-sip_iot/anaconda3/envs/sandbox/lib/python3.7/site-packages/airflow/example_dags/example_complex.py
[2021-03-01 20:29:53,126] {logging_mixin.py:103} INFO - [2021-03-01 20:29:53,126] {dag.py:1813} INFO - Sync 1 DAGs
[2021-03-01 20:29:53,135] {logging_mixin.py:103} INFO - [2021-03-01 20:29:53,135] {dag.py:2266} INFO - Setting next_dagrun for example_complex to None
[2021-03-01 20:29:53,146] {scheduler_job.py:189} INFO - Processing /home/i-sip_iot/anaconda3/envs/sandbox/lib/python3.7/site-packages/airflow/example_dags/example_complex.py took 0.032 seconds
[2021-03-01 20:30:19,094] {scheduler_job.py:181} INFO - Started process (PID=232164) to work on /home/i-sip_iot/anaconda3/envs/sandbox/lib/python3.7/site-packages/airflow/example_dags/example_complex.py
[2021-03-01 20:30:19,097] {scheduler_job.py:629} INFO - Processing file /home/i-sip_iot/anaconda3/envs/sandbox/lib/python3.7/site-packages/airflow/example_dags/example_complex.py for tasks to queue
[2021-03-01 20:30:19,098] {logging_mixin.py:103} INFO - [2021-03-01 20:30:19,098] {dagbag.py:440} INFO - Filling up the DagBag from /home/i-sip_iot/anaconda3/envs/sandbox/lib/python3.7/site-packages/airflow/example_dags/example_complex.py
[2021-03-01 20:30:19,107] {scheduler_job.py:639} INFO - DAG(s) dict_keys(['example_complex']) retrieved from /home/i-sip_iot/anaconda3/envs/sandbox/lib/python3.7/site-packages/airflow/example_dags/example_complex.py
[2021-03-01 20:30:19,107] {logging_mixin.py:103} INFO - [2021-03-01 20:30:19,107] {dag.py:1813} INFO - Sync 1 DAGs
[2021-03-01 20:30:19,117] {logging_mixin.py:103} INFO - [2021-03-01 20:30:19,117] {dag.py:2266} INFO - Setting next_dagrun for example_complex to None
[2021-03-01 20:30:19,128] {scheduler_job.py:189} INFO - Processing /home/i-sip_iot/anaconda3/envs/sandbox/lib/python3.7/site-packages/airflow/example_dags/example_complex.py took 0.036 seconds
