[2021-03-01 20:26:50,200] {scheduler_job.py:181} INFO - Started process (PID=229893) to work on /home/i-sip_iot/anaconda3/envs/sandbox/lib/python3.7/site-packages/airflow/example_dags/example_branch_python_dop_operator_3.py
[2021-03-01 20:26:50,203] {scheduler_job.py:629} INFO - Processing file /home/i-sip_iot/anaconda3/envs/sandbox/lib/python3.7/site-packages/airflow/example_dags/example_branch_python_dop_operator_3.py for tasks to queue
[2021-03-01 20:26:50,204] {logging_mixin.py:103} INFO - [2021-03-01 20:26:50,204] {dagbag.py:440} INFO - Filling up the DagBag from /home/i-sip_iot/anaconda3/envs/sandbox/lib/python3.7/site-packages/airflow/example_dags/example_branch_python_dop_operator_3.py
[2021-03-01 20:26:50,222] {scheduler_job.py:639} INFO - DAG(s) dict_keys(['example_branch_dop_operator_v3']) retrieved from /home/i-sip_iot/anaconda3/envs/sandbox/lib/python3.7/site-packages/airflow/example_dags/example_branch_python_dop_operator_3.py
[2021-03-01 20:26:50,223] {logging_mixin.py:103} INFO - [2021-03-01 20:26:50,223] {dag.py:1813} INFO - Sync 1 DAGs
[2021-03-01 20:26:50,253] {logging_mixin.py:103} INFO - [2021-03-01 20:26:50,253] {dag.py:2266} INFO - Setting next_dagrun for example_branch_dop_operator_v3 to 2021-02-28 00:00:00+00:00
[2021-03-01 20:26:50,276] {scheduler_job.py:189} INFO - Processing /home/i-sip_iot/anaconda3/envs/sandbox/lib/python3.7/site-packages/airflow/example_dags/example_branch_python_dop_operator_3.py took 0.082 seconds
[2021-03-01 20:27:15,420] {scheduler_job.py:181} INFO - Started process (PID=230012) to work on /home/i-sip_iot/anaconda3/envs/sandbox/lib/python3.7/site-packages/airflow/example_dags/example_branch_python_dop_operator_3.py
[2021-03-01 20:27:15,421] {scheduler_job.py:629} INFO - Processing file /home/i-sip_iot/anaconda3/envs/sandbox/lib/python3.7/site-packages/airflow/example_dags/example_branch_python_dop_operator_3.py for tasks to queue
[2021-03-01 20:27:15,422] {logging_mixin.py:103} INFO - [2021-03-01 20:27:15,422] {dagbag.py:440} INFO - Filling up the DagBag from /home/i-sip_iot/anaconda3/envs/sandbox/lib/python3.7/site-packages/airflow/example_dags/example_branch_python_dop_operator_3.py
[2021-03-01 20:27:15,435] {scheduler_job.py:639} INFO - DAG(s) dict_keys(['example_branch_dop_operator_v3']) retrieved from /home/i-sip_iot/anaconda3/envs/sandbox/lib/python3.7/site-packages/airflow/example_dags/example_branch_python_dop_operator_3.py
[2021-03-01 20:27:15,436] {logging_mixin.py:103} INFO - [2021-03-01 20:27:15,436] {dag.py:1813} INFO - Sync 1 DAGs
[2021-03-01 20:27:15,456] {logging_mixin.py:103} INFO - [2021-03-01 20:27:15,456] {dag.py:2266} INFO - Setting next_dagrun for example_branch_dop_operator_v3 to 2021-02-28 00:00:00+00:00
[2021-03-01 20:27:15,462] {scheduler_job.py:189} INFO - Processing /home/i-sip_iot/anaconda3/envs/sandbox/lib/python3.7/site-packages/airflow/example_dags/example_branch_python_dop_operator_3.py took 0.046 seconds
[2021-03-01 20:27:40,660] {scheduler_job.py:181} INFO - Started process (PID=230301) to work on /home/i-sip_iot/anaconda3/envs/sandbox/lib/python3.7/site-packages/airflow/example_dags/example_branch_python_dop_operator_3.py
[2021-03-01 20:27:40,664] {scheduler_job.py:629} INFO - Processing file /home/i-sip_iot/anaconda3/envs/sandbox/lib/python3.7/site-packages/airflow/example_dags/example_branch_python_dop_operator_3.py for tasks to queue
[2021-03-01 20:27:40,665] {logging_mixin.py:103} INFO - [2021-03-01 20:27:40,665] {dagbag.py:440} INFO - Filling up the DagBag from /home/i-sip_iot/anaconda3/envs/sandbox/lib/python3.7/site-packages/airflow/example_dags/example_branch_python_dop_operator_3.py
[2021-03-01 20:27:40,682] {scheduler_job.py:639} INFO - DAG(s) dict_keys(['example_branch_dop_operator_v3']) retrieved from /home/i-sip_iot/anaconda3/envs/sandbox/lib/python3.7/site-packages/airflow/example_dags/example_branch_python_dop_operator_3.py
[2021-03-01 20:27:40,682] {logging_mixin.py:103} INFO - [2021-03-01 20:27:40,682] {dag.py:1813} INFO - Sync 1 DAGs
[2021-03-01 20:27:40,703] {logging_mixin.py:103} INFO - [2021-03-01 20:27:40,702] {dag.py:2266} INFO - Setting next_dagrun for example_branch_dop_operator_v3 to 2021-02-28 00:00:00+00:00
[2021-03-01 20:27:40,710] {scheduler_job.py:189} INFO - Processing /home/i-sip_iot/anaconda3/envs/sandbox/lib/python3.7/site-packages/airflow/example_dags/example_branch_python_dop_operator_3.py took 0.056 seconds
[2021-03-01 20:28:07,854] {scheduler_job.py:181} INFO - Started process (PID=230390) to work on /home/i-sip_iot/anaconda3/envs/sandbox/lib/python3.7/site-packages/airflow/example_dags/example_branch_python_dop_operator_3.py
[2021-03-01 20:28:07,855] {scheduler_job.py:629} INFO - Processing file /home/i-sip_iot/anaconda3/envs/sandbox/lib/python3.7/site-packages/airflow/example_dags/example_branch_python_dop_operator_3.py for tasks to queue
[2021-03-01 20:28:07,855] {logging_mixin.py:103} INFO - [2021-03-01 20:28:07,855] {dagbag.py:440} INFO - Filling up the DagBag from /home/i-sip_iot/anaconda3/envs/sandbox/lib/python3.7/site-packages/airflow/example_dags/example_branch_python_dop_operator_3.py
[2021-03-01 20:28:07,868] {scheduler_job.py:639} INFO - DAG(s) dict_keys(['example_branch_dop_operator_v3']) retrieved from /home/i-sip_iot/anaconda3/envs/sandbox/lib/python3.7/site-packages/airflow/example_dags/example_branch_python_dop_operator_3.py
[2021-03-01 20:28:07,869] {logging_mixin.py:103} INFO - [2021-03-01 20:28:07,869] {dag.py:1813} INFO - Sync 1 DAGs
[2021-03-01 20:28:07,905] {logging_mixin.py:103} INFO - [2021-03-01 20:28:07,905] {dag.py:2266} INFO - Setting next_dagrun for example_branch_dop_operator_v3 to 2021-02-28 00:00:00+00:00
[2021-03-01 20:28:07,921] {scheduler_job.py:189} INFO - Processing /home/i-sip_iot/anaconda3/envs/sandbox/lib/python3.7/site-packages/airflow/example_dags/example_branch_python_dop_operator_3.py took 0.070 seconds
[2021-03-01 20:28:34,237] {scheduler_job.py:181} INFO - Started process (PID=230656) to work on /home/i-sip_iot/anaconda3/envs/sandbox/lib/python3.7/site-packages/airflow/example_dags/example_branch_python_dop_operator_3.py
[2021-03-01 20:28:34,239] {scheduler_job.py:629} INFO - Processing file /home/i-sip_iot/anaconda3/envs/sandbox/lib/python3.7/site-packages/airflow/example_dags/example_branch_python_dop_operator_3.py for tasks to queue
[2021-03-01 20:28:34,241] {logging_mixin.py:103} INFO - [2021-03-01 20:28:34,240] {dagbag.py:440} INFO - Filling up the DagBag from /home/i-sip_iot/anaconda3/envs/sandbox/lib/python3.7/site-packages/airflow/example_dags/example_branch_python_dop_operator_3.py
[2021-03-01 20:28:34,258] {scheduler_job.py:639} INFO - DAG(s) dict_keys(['example_branch_dop_operator_v3']) retrieved from /home/i-sip_iot/anaconda3/envs/sandbox/lib/python3.7/site-packages/airflow/example_dags/example_branch_python_dop_operator_3.py
[2021-03-01 20:28:34,259] {logging_mixin.py:103} INFO - [2021-03-01 20:28:34,258] {dag.py:1813} INFO - Sync 1 DAGs
[2021-03-01 20:28:34,280] {logging_mixin.py:103} INFO - [2021-03-01 20:28:34,280] {dag.py:2266} INFO - Setting next_dagrun for example_branch_dop_operator_v3 to 2021-02-28 00:00:00+00:00
[2021-03-01 20:28:34,288] {scheduler_job.py:189} INFO - Processing /home/i-sip_iot/anaconda3/envs/sandbox/lib/python3.7/site-packages/airflow/example_dags/example_branch_python_dop_operator_3.py took 0.060 seconds
[2021-03-01 20:28:59,391] {scheduler_job.py:181} INFO - Started process (PID=231092) to work on /home/i-sip_iot/anaconda3/envs/sandbox/lib/python3.7/site-packages/airflow/example_dags/example_branch_python_dop_operator_3.py
[2021-03-01 20:28:59,392] {scheduler_job.py:629} INFO - Processing file /home/i-sip_iot/anaconda3/envs/sandbox/lib/python3.7/site-packages/airflow/example_dags/example_branch_python_dop_operator_3.py for tasks to queue
[2021-03-01 20:28:59,392] {logging_mixin.py:103} INFO - [2021-03-01 20:28:59,392] {dagbag.py:440} INFO - Filling up the DagBag from /home/i-sip_iot/anaconda3/envs/sandbox/lib/python3.7/site-packages/airflow/example_dags/example_branch_python_dop_operator_3.py
[2021-03-01 20:28:59,403] {scheduler_job.py:639} INFO - DAG(s) dict_keys(['example_branch_dop_operator_v3']) retrieved from /home/i-sip_iot/anaconda3/envs/sandbox/lib/python3.7/site-packages/airflow/example_dags/example_branch_python_dop_operator_3.py
[2021-03-01 20:28:59,403] {logging_mixin.py:103} INFO - [2021-03-01 20:28:59,403] {dag.py:1813} INFO - Sync 1 DAGs
[2021-03-01 20:28:59,438] {logging_mixin.py:103} INFO - [2021-03-01 20:28:59,438] {dag.py:2266} INFO - Setting next_dagrun for example_branch_dop_operator_v3 to 2021-02-28 00:00:00+00:00
[2021-03-01 20:28:59,456] {scheduler_job.py:189} INFO - Processing /home/i-sip_iot/anaconda3/envs/sandbox/lib/python3.7/site-packages/airflow/example_dags/example_branch_python_dop_operator_3.py took 0.067 seconds
[2021-03-01 20:29:25,097] {scheduler_job.py:181} INFO - Started process (PID=231695) to work on /home/i-sip_iot/anaconda3/envs/sandbox/lib/python3.7/site-packages/airflow/example_dags/example_branch_python_dop_operator_3.py
[2021-03-01 20:29:25,097] {scheduler_job.py:629} INFO - Processing file /home/i-sip_iot/anaconda3/envs/sandbox/lib/python3.7/site-packages/airflow/example_dags/example_branch_python_dop_operator_3.py for tasks to queue
[2021-03-01 20:29:25,098] {logging_mixin.py:103} INFO - [2021-03-01 20:29:25,098] {dagbag.py:440} INFO - Filling up the DagBag from /home/i-sip_iot/anaconda3/envs/sandbox/lib/python3.7/site-packages/airflow/example_dags/example_branch_python_dop_operator_3.py
[2021-03-01 20:29:25,106] {scheduler_job.py:639} INFO - DAG(s) dict_keys(['example_branch_dop_operator_v3']) retrieved from /home/i-sip_iot/anaconda3/envs/sandbox/lib/python3.7/site-packages/airflow/example_dags/example_branch_python_dop_operator_3.py
[2021-03-01 20:29:25,106] {logging_mixin.py:103} INFO - [2021-03-01 20:29:25,106] {dag.py:1813} INFO - Sync 1 DAGs
[2021-03-01 20:29:25,124] {logging_mixin.py:103} INFO - [2021-03-01 20:29:25,124] {dag.py:2266} INFO - Setting next_dagrun for example_branch_dop_operator_v3 to 2021-02-28 00:00:00+00:00
[2021-03-01 20:29:25,135] {scheduler_job.py:189} INFO - Processing /home/i-sip_iot/anaconda3/envs/sandbox/lib/python3.7/site-packages/airflow/example_dags/example_branch_python_dop_operator_3.py took 0.041 seconds
[2021-03-01 20:29:50,739] {scheduler_job.py:181} INFO - Started process (PID=231982) to work on /home/i-sip_iot/anaconda3/envs/sandbox/lib/python3.7/site-packages/airflow/example_dags/example_branch_python_dop_operator_3.py
[2021-03-01 20:29:50,740] {scheduler_job.py:629} INFO - Processing file /home/i-sip_iot/anaconda3/envs/sandbox/lib/python3.7/site-packages/airflow/example_dags/example_branch_python_dop_operator_3.py for tasks to queue
[2021-03-01 20:29:50,741] {logging_mixin.py:103} INFO - [2021-03-01 20:29:50,741] {dagbag.py:440} INFO - Filling up the DagBag from /home/i-sip_iot/anaconda3/envs/sandbox/lib/python3.7/site-packages/airflow/example_dags/example_branch_python_dop_operator_3.py
[2021-03-01 20:29:50,751] {scheduler_job.py:639} INFO - DAG(s) dict_keys(['example_branch_dop_operator_v3']) retrieved from /home/i-sip_iot/anaconda3/envs/sandbox/lib/python3.7/site-packages/airflow/example_dags/example_branch_python_dop_operator_3.py
[2021-03-01 20:29:50,752] {logging_mixin.py:103} INFO - [2021-03-01 20:29:50,752] {dag.py:1813} INFO - Sync 1 DAGs
[2021-03-01 20:29:50,778] {logging_mixin.py:103} INFO - [2021-03-01 20:29:50,778] {dag.py:2266} INFO - Setting next_dagrun for example_branch_dop_operator_v3 to 2021-02-28 00:00:00+00:00
[2021-03-01 20:29:50,786] {scheduler_job.py:189} INFO - Processing /home/i-sip_iot/anaconda3/envs/sandbox/lib/python3.7/site-packages/airflow/example_dags/example_branch_python_dop_operator_3.py took 0.050 seconds
[2021-03-01 20:30:15,987] {scheduler_job.py:181} INFO - Started process (PID=232128) to work on /home/i-sip_iot/anaconda3/envs/sandbox/lib/python3.7/site-packages/airflow/example_dags/example_branch_python_dop_operator_3.py
[2021-03-01 20:30:15,991] {scheduler_job.py:629} INFO - Processing file /home/i-sip_iot/anaconda3/envs/sandbox/lib/python3.7/site-packages/airflow/example_dags/example_branch_python_dop_operator_3.py for tasks to queue
[2021-03-01 20:30:15,992] {logging_mixin.py:103} INFO - [2021-03-01 20:30:15,992] {dagbag.py:440} INFO - Filling up the DagBag from /home/i-sip_iot/anaconda3/envs/sandbox/lib/python3.7/site-packages/airflow/example_dags/example_branch_python_dop_operator_3.py
[2021-03-01 20:30:16,005] {scheduler_job.py:639} INFO - DAG(s) dict_keys(['example_branch_dop_operator_v3']) retrieved from /home/i-sip_iot/anaconda3/envs/sandbox/lib/python3.7/site-packages/airflow/example_dags/example_branch_python_dop_operator_3.py
[2021-03-01 20:30:16,005] {logging_mixin.py:103} INFO - [2021-03-01 20:30:16,005] {dag.py:1813} INFO - Sync 1 DAGs
[2021-03-01 20:30:16,027] {logging_mixin.py:103} INFO - [2021-03-01 20:30:16,026] {dag.py:2266} INFO - Setting next_dagrun for example_branch_dop_operator_v3 to 2021-02-28 00:00:00+00:00
[2021-03-01 20:30:16,034] {scheduler_job.py:189} INFO - Processing /home/i-sip_iot/anaconda3/envs/sandbox/lib/python3.7/site-packages/airflow/example_dags/example_branch_python_dop_operator_3.py took 0.050 seconds
