[2021-03-01 20:26:35,161] {scheduler_job.py:181} INFO - Started process (PID=229813) to work on /home/i-sip_iot/anaconda3/envs/sandbox/lib/python3.7/site-packages/airflow/example_dags/example_branch_operator.py
[2021-03-01 20:26:35,162] {scheduler_job.py:629} INFO - Processing file /home/i-sip_iot/anaconda3/envs/sandbox/lib/python3.7/site-packages/airflow/example_dags/example_branch_operator.py for tasks to queue
[2021-03-01 20:26:35,163] {logging_mixin.py:103} INFO - [2021-03-01 20:26:35,163] {dagbag.py:440} INFO - Filling up the DagBag from /home/i-sip_iot/anaconda3/envs/sandbox/lib/python3.7/site-packages/airflow/example_dags/example_branch_operator.py
[2021-03-01 20:26:35,171] {scheduler_job.py:639} INFO - DAG(s) dict_keys(['example_branch_operator']) retrieved from /home/i-sip_iot/anaconda3/envs/sandbox/lib/python3.7/site-packages/airflow/example_dags/example_branch_operator.py
[2021-03-01 20:26:35,172] {logging_mixin.py:103} INFO - [2021-03-01 20:26:35,172] {dag.py:1813} INFO - Sync 1 DAGs
[2021-03-01 20:26:35,185] {logging_mixin.py:103} INFO - [2021-03-01 20:26:35,185] {dag.py:2266} INFO - Setting next_dagrun for example_branch_operator to 2021-02-28 00:00:00+00:00
[2021-03-01 20:26:35,210] {scheduler_job.py:189} INFO - Processing /home/i-sip_iot/anaconda3/envs/sandbox/lib/python3.7/site-packages/airflow/example_dags/example_branch_operator.py took 0.051 seconds
[2021-03-01 20:26:59,234] {scheduler_job.py:181} INFO - Started process (PID=229928) to work on /home/i-sip_iot/anaconda3/envs/sandbox/lib/python3.7/site-packages/airflow/example_dags/example_branch_operator.py
[2021-03-01 20:26:59,236] {scheduler_job.py:629} INFO - Processing file /home/i-sip_iot/anaconda3/envs/sandbox/lib/python3.7/site-packages/airflow/example_dags/example_branch_operator.py for tasks to queue
[2021-03-01 20:26:59,238] {logging_mixin.py:103} INFO - [2021-03-01 20:26:59,237] {dagbag.py:440} INFO - Filling up the DagBag from /home/i-sip_iot/anaconda3/envs/sandbox/lib/python3.7/site-packages/airflow/example_dags/example_branch_operator.py
[2021-03-01 20:26:59,254] {scheduler_job.py:639} INFO - DAG(s) dict_keys(['example_branch_operator']) retrieved from /home/i-sip_iot/anaconda3/envs/sandbox/lib/python3.7/site-packages/airflow/example_dags/example_branch_operator.py
[2021-03-01 20:26:59,255] {logging_mixin.py:103} INFO - [2021-03-01 20:26:59,255] {dag.py:1813} INFO - Sync 1 DAGs
[2021-03-01 20:26:59,282] {logging_mixin.py:103} INFO - [2021-03-01 20:26:59,282] {dag.py:2266} INFO - Setting next_dagrun for example_branch_operator to 2021-02-28 00:00:00+00:00
[2021-03-01 20:26:59,287] {scheduler_job.py:189} INFO - Processing /home/i-sip_iot/anaconda3/envs/sandbox/lib/python3.7/site-packages/airflow/example_dags/example_branch_operator.py took 0.063 seconds
[2021-03-01 20:27:24,461] {scheduler_job.py:181} INFO - Started process (PID=230065) to work on /home/i-sip_iot/anaconda3/envs/sandbox/lib/python3.7/site-packages/airflow/example_dags/example_branch_operator.py
[2021-03-01 20:27:24,462] {scheduler_job.py:629} INFO - Processing file /home/i-sip_iot/anaconda3/envs/sandbox/lib/python3.7/site-packages/airflow/example_dags/example_branch_operator.py for tasks to queue
[2021-03-01 20:27:24,462] {logging_mixin.py:103} INFO - [2021-03-01 20:27:24,462] {dagbag.py:440} INFO - Filling up the DagBag from /home/i-sip_iot/anaconda3/envs/sandbox/lib/python3.7/site-packages/airflow/example_dags/example_branch_operator.py
[2021-03-01 20:27:24,470] {scheduler_job.py:639} INFO - DAG(s) dict_keys(['example_branch_operator']) retrieved from /home/i-sip_iot/anaconda3/envs/sandbox/lib/python3.7/site-packages/airflow/example_dags/example_branch_operator.py
[2021-03-01 20:27:24,470] {logging_mixin.py:103} INFO - [2021-03-01 20:27:24,470] {dag.py:1813} INFO - Sync 1 DAGs
[2021-03-01 20:27:24,494] {logging_mixin.py:103} INFO - [2021-03-01 20:27:24,494] {dag.py:2266} INFO - Setting next_dagrun for example_branch_operator to 2021-02-28 00:00:00+00:00
[2021-03-01 20:27:24,504] {scheduler_job.py:189} INFO - Processing /home/i-sip_iot/anaconda3/envs/sandbox/lib/python3.7/site-packages/airflow/example_dags/example_branch_operator.py took 0.044 seconds
[2021-03-01 20:27:50,761] {scheduler_job.py:181} INFO - Started process (PID=230326) to work on /home/i-sip_iot/anaconda3/envs/sandbox/lib/python3.7/site-packages/airflow/example_dags/example_branch_operator.py
[2021-03-01 20:27:50,762] {scheduler_job.py:629} INFO - Processing file /home/i-sip_iot/anaconda3/envs/sandbox/lib/python3.7/site-packages/airflow/example_dags/example_branch_operator.py for tasks to queue
[2021-03-01 20:27:50,762] {logging_mixin.py:103} INFO - [2021-03-01 20:27:50,762] {dagbag.py:440} INFO - Filling up the DagBag from /home/i-sip_iot/anaconda3/envs/sandbox/lib/python3.7/site-packages/airflow/example_dags/example_branch_operator.py
[2021-03-01 20:27:50,775] {scheduler_job.py:639} INFO - DAG(s) dict_keys(['example_branch_operator']) retrieved from /home/i-sip_iot/anaconda3/envs/sandbox/lib/python3.7/site-packages/airflow/example_dags/example_branch_operator.py
[2021-03-01 20:27:50,776] {logging_mixin.py:103} INFO - [2021-03-01 20:27:50,776] {dag.py:1813} INFO - Sync 1 DAGs
[2021-03-01 20:27:50,791] {logging_mixin.py:103} INFO - [2021-03-01 20:27:50,791] {dag.py:2266} INFO - Setting next_dagrun for example_branch_operator to 2021-02-28 00:00:00+00:00
[2021-03-01 20:27:50,799] {scheduler_job.py:189} INFO - Processing /home/i-sip_iot/anaconda3/envs/sandbox/lib/python3.7/site-packages/airflow/example_dags/example_branch_operator.py took 0.043 seconds
[2021-03-01 20:28:18,041] {scheduler_job.py:181} INFO - Started process (PID=230409) to work on /home/i-sip_iot/anaconda3/envs/sandbox/lib/python3.7/site-packages/airflow/example_dags/example_branch_operator.py
[2021-03-01 20:28:18,042] {scheduler_job.py:629} INFO - Processing file /home/i-sip_iot/anaconda3/envs/sandbox/lib/python3.7/site-packages/airflow/example_dags/example_branch_operator.py for tasks to queue
[2021-03-01 20:28:18,043] {logging_mixin.py:103} INFO - [2021-03-01 20:28:18,043] {dagbag.py:440} INFO - Filling up the DagBag from /home/i-sip_iot/anaconda3/envs/sandbox/lib/python3.7/site-packages/airflow/example_dags/example_branch_operator.py
[2021-03-01 20:28:18,058] {scheduler_job.py:639} INFO - DAG(s) dict_keys(['example_branch_operator']) retrieved from /home/i-sip_iot/anaconda3/envs/sandbox/lib/python3.7/site-packages/airflow/example_dags/example_branch_operator.py
[2021-03-01 20:28:18,059] {logging_mixin.py:103} INFO - [2021-03-01 20:28:18,059] {dag.py:1813} INFO - Sync 1 DAGs
[2021-03-01 20:28:18,074] {logging_mixin.py:103} INFO - [2021-03-01 20:28:18,074] {dag.py:2266} INFO - Setting next_dagrun for example_branch_operator to 2021-02-28 00:00:00+00:00
[2021-03-01 20:28:18,082] {scheduler_job.py:189} INFO - Processing /home/i-sip_iot/anaconda3/envs/sandbox/lib/python3.7/site-packages/airflow/example_dags/example_branch_operator.py took 0.047 seconds
[2021-03-01 20:28:43,277] {scheduler_job.py:181} INFO - Started process (PID=230670) to work on /home/i-sip_iot/anaconda3/envs/sandbox/lib/python3.7/site-packages/airflow/example_dags/example_branch_operator.py
[2021-03-01 20:28:43,277] {scheduler_job.py:629} INFO - Processing file /home/i-sip_iot/anaconda3/envs/sandbox/lib/python3.7/site-packages/airflow/example_dags/example_branch_operator.py for tasks to queue
[2021-03-01 20:28:43,278] {logging_mixin.py:103} INFO - [2021-03-01 20:28:43,278] {dagbag.py:440} INFO - Filling up the DagBag from /home/i-sip_iot/anaconda3/envs/sandbox/lib/python3.7/site-packages/airflow/example_dags/example_branch_operator.py
[2021-03-01 20:28:43,286] {scheduler_job.py:639} INFO - DAG(s) dict_keys(['example_branch_operator']) retrieved from /home/i-sip_iot/anaconda3/envs/sandbox/lib/python3.7/site-packages/airflow/example_dags/example_branch_operator.py
[2021-03-01 20:28:43,287] {logging_mixin.py:103} INFO - [2021-03-01 20:28:43,287] {dag.py:1813} INFO - Sync 1 DAGs
[2021-03-01 20:28:43,300] {logging_mixin.py:103} INFO - [2021-03-01 20:28:43,300] {dag.py:2266} INFO - Setting next_dagrun for example_branch_operator to 2021-02-28 00:00:00+00:00
[2021-03-01 20:28:43,308] {scheduler_job.py:189} INFO - Processing /home/i-sip_iot/anaconda3/envs/sandbox/lib/python3.7/site-packages/airflow/example_dags/example_branch_operator.py took 0.033 seconds
[2021-03-01 20:29:09,026] {scheduler_job.py:181} INFO - Started process (PID=231167) to work on /home/i-sip_iot/anaconda3/envs/sandbox/lib/python3.7/site-packages/airflow/example_dags/example_branch_operator.py
[2021-03-01 20:29:09,027] {scheduler_job.py:629} INFO - Processing file /home/i-sip_iot/anaconda3/envs/sandbox/lib/python3.7/site-packages/airflow/example_dags/example_branch_operator.py for tasks to queue
[2021-03-01 20:29:09,027] {logging_mixin.py:103} INFO - [2021-03-01 20:29:09,027] {dagbag.py:440} INFO - Filling up the DagBag from /home/i-sip_iot/anaconda3/envs/sandbox/lib/python3.7/site-packages/airflow/example_dags/example_branch_operator.py
[2021-03-01 20:29:09,034] {scheduler_job.py:639} INFO - DAG(s) dict_keys(['example_branch_operator']) retrieved from /home/i-sip_iot/anaconda3/envs/sandbox/lib/python3.7/site-packages/airflow/example_dags/example_branch_operator.py
[2021-03-01 20:29:09,035] {logging_mixin.py:103} INFO - [2021-03-01 20:29:09,035] {dag.py:1813} INFO - Sync 1 DAGs
[2021-03-01 20:29:09,048] {logging_mixin.py:103} INFO - [2021-03-01 20:29:09,048] {dag.py:2266} INFO - Setting next_dagrun for example_branch_operator to 2021-02-28 00:00:00+00:00
[2021-03-01 20:29:09,057] {scheduler_job.py:189} INFO - Processing /home/i-sip_iot/anaconda3/envs/sandbox/lib/python3.7/site-packages/airflow/example_dags/example_branch_operator.py took 0.032 seconds
[2021-03-01 20:29:34,696] {scheduler_job.py:181} INFO - Started process (PID=231885) to work on /home/i-sip_iot/anaconda3/envs/sandbox/lib/python3.7/site-packages/airflow/example_dags/example_branch_operator.py
[2021-03-01 20:29:34,697] {scheduler_job.py:629} INFO - Processing file /home/i-sip_iot/anaconda3/envs/sandbox/lib/python3.7/site-packages/airflow/example_dags/example_branch_operator.py for tasks to queue
[2021-03-01 20:29:34,697] {logging_mixin.py:103} INFO - [2021-03-01 20:29:34,697] {dagbag.py:440} INFO - Filling up the DagBag from /home/i-sip_iot/anaconda3/envs/sandbox/lib/python3.7/site-packages/airflow/example_dags/example_branch_operator.py
[2021-03-01 20:29:34,705] {scheduler_job.py:639} INFO - DAG(s) dict_keys(['example_branch_operator']) retrieved from /home/i-sip_iot/anaconda3/envs/sandbox/lib/python3.7/site-packages/airflow/example_dags/example_branch_operator.py
[2021-03-01 20:29:34,705] {logging_mixin.py:103} INFO - [2021-03-01 20:29:34,705] {dag.py:1813} INFO - Sync 1 DAGs
[2021-03-01 20:29:34,720] {logging_mixin.py:103} INFO - [2021-03-01 20:29:34,720] {dag.py:2266} INFO - Setting next_dagrun for example_branch_operator to 2021-02-28 00:00:00+00:00
[2021-03-01 20:29:34,729] {scheduler_job.py:189} INFO - Processing /home/i-sip_iot/anaconda3/envs/sandbox/lib/python3.7/site-packages/airflow/example_dags/example_branch_operator.py took 0.035 seconds
[2021-03-01 20:29:59,881] {scheduler_job.py:181} INFO - Started process (PID=232060) to work on /home/i-sip_iot/anaconda3/envs/sandbox/lib/python3.7/site-packages/airflow/example_dags/example_branch_operator.py
[2021-03-01 20:29:59,881] {scheduler_job.py:629} INFO - Processing file /home/i-sip_iot/anaconda3/envs/sandbox/lib/python3.7/site-packages/airflow/example_dags/example_branch_operator.py for tasks to queue
[2021-03-01 20:29:59,882] {logging_mixin.py:103} INFO - [2021-03-01 20:29:59,882] {dagbag.py:440} INFO - Filling up the DagBag from /home/i-sip_iot/anaconda3/envs/sandbox/lib/python3.7/site-packages/airflow/example_dags/example_branch_operator.py
[2021-03-01 20:29:59,890] {scheduler_job.py:639} INFO - DAG(s) dict_keys(['example_branch_operator']) retrieved from /home/i-sip_iot/anaconda3/envs/sandbox/lib/python3.7/site-packages/airflow/example_dags/example_branch_operator.py
[2021-03-01 20:29:59,891] {logging_mixin.py:103} INFO - [2021-03-01 20:29:59,891] {dag.py:1813} INFO - Sync 1 DAGs
[2021-03-01 20:29:59,904] {logging_mixin.py:103} INFO - [2021-03-01 20:29:59,904] {dag.py:2266} INFO - Setting next_dagrun for example_branch_operator to 2021-02-28 00:00:00+00:00
[2021-03-01 20:29:59,912] {scheduler_job.py:189} INFO - Processing /home/i-sip_iot/anaconda3/envs/sandbox/lib/python3.7/site-packages/airflow/example_dags/example_branch_operator.py took 0.033 seconds
[2021-03-01 20:30:25,262] {scheduler_job.py:181} INFO - Started process (PID=232794) to work on /home/i-sip_iot/anaconda3/envs/sandbox/lib/python3.7/site-packages/airflow/example_dags/example_branch_operator.py
[2021-03-01 20:30:25,263] {scheduler_job.py:629} INFO - Processing file /home/i-sip_iot/anaconda3/envs/sandbox/lib/python3.7/site-packages/airflow/example_dags/example_branch_operator.py for tasks to queue
[2021-03-01 20:30:25,263] {logging_mixin.py:103} INFO - [2021-03-01 20:30:25,263] {dagbag.py:440} INFO - Filling up the DagBag from /home/i-sip_iot/anaconda3/envs/sandbox/lib/python3.7/site-packages/airflow/example_dags/example_branch_operator.py
[2021-03-01 20:30:25,273] {scheduler_job.py:639} INFO - DAG(s) dict_keys(['example_branch_operator']) retrieved from /home/i-sip_iot/anaconda3/envs/sandbox/lib/python3.7/site-packages/airflow/example_dags/example_branch_operator.py
[2021-03-01 20:30:25,274] {logging_mixin.py:103} INFO - [2021-03-01 20:30:25,274] {dag.py:1813} INFO - Sync 1 DAGs
[2021-03-01 20:30:25,287] {logging_mixin.py:103} INFO - [2021-03-01 20:30:25,287] {dag.py:2266} INFO - Setting next_dagrun for example_branch_operator to 2021-02-28 00:00:00+00:00
[2021-03-01 20:30:25,296] {scheduler_job.py:189} INFO - Processing /home/i-sip_iot/anaconda3/envs/sandbox/lib/python3.7/site-packages/airflow/example_dags/example_branch_operator.py took 0.035 seconds
