[2021-03-01 20:26:25,410] {scheduler_job.py:181} INFO - Started process (PID=229482) to work on /home/i-sip_iot/anaconda3/envs/sandbox/lib/python3.7/site-packages/airflow/example_dags/example_xcom.py
[2021-03-01 20:26:25,410] {scheduler_job.py:629} INFO - Processing file /home/i-sip_iot/anaconda3/envs/sandbox/lib/python3.7/site-packages/airflow/example_dags/example_xcom.py for tasks to queue
[2021-03-01 20:26:25,410] {logging_mixin.py:103} INFO - [2021-03-01 20:26:25,410] {dagbag.py:440} INFO - Filling up the DagBag from /home/i-sip_iot/anaconda3/envs/sandbox/lib/python3.7/site-packages/airflow/example_dags/example_xcom.py
[2021-03-01 20:26:25,415] {scheduler_job.py:639} INFO - DAG(s) dict_keys(['example_xcom']) retrieved from /home/i-sip_iot/anaconda3/envs/sandbox/lib/python3.7/site-packages/airflow/example_dags/example_xcom.py
[2021-03-01 20:26:25,416] {logging_mixin.py:103} INFO - [2021-03-01 20:26:25,416] {dag.py:1813} INFO - Sync 1 DAGs
[2021-03-01 20:26:25,425] {logging_mixin.py:103} INFO - [2021-03-01 20:26:25,424] {dag.py:2266} INFO - Setting next_dagrun for example_xcom to 2021-02-28 00:00:00+00:00
[2021-03-01 20:26:25,444] {scheduler_job.py:189} INFO - Processing /home/i-sip_iot/anaconda3/envs/sandbox/lib/python3.7/site-packages/airflow/example_dags/example_xcom.py took 0.036 seconds
[2021-03-01 20:26:54,184] {scheduler_job.py:181} INFO - Started process (PID=229917) to work on /home/i-sip_iot/anaconda3/envs/sandbox/lib/python3.7/site-packages/airflow/example_dags/example_xcom.py
[2021-03-01 20:26:54,185] {scheduler_job.py:629} INFO - Processing file /home/i-sip_iot/anaconda3/envs/sandbox/lib/python3.7/site-packages/airflow/example_dags/example_xcom.py for tasks to queue
[2021-03-01 20:26:54,185] {logging_mixin.py:103} INFO - [2021-03-01 20:26:54,185] {dagbag.py:440} INFO - Filling up the DagBag from /home/i-sip_iot/anaconda3/envs/sandbox/lib/python3.7/site-packages/airflow/example_dags/example_xcom.py
[2021-03-01 20:26:54,191] {scheduler_job.py:639} INFO - DAG(s) dict_keys(['example_xcom']) retrieved from /home/i-sip_iot/anaconda3/envs/sandbox/lib/python3.7/site-packages/airflow/example_dags/example_xcom.py
[2021-03-01 20:26:54,192] {logging_mixin.py:103} INFO - [2021-03-01 20:26:54,192] {dag.py:1813} INFO - Sync 1 DAGs
[2021-03-01 20:26:54,210] {logging_mixin.py:103} INFO - [2021-03-01 20:26:54,210] {dag.py:2266} INFO - Setting next_dagrun for example_xcom to 2021-02-28 00:00:00+00:00
[2021-03-01 20:26:54,216] {scheduler_job.py:189} INFO - Processing /home/i-sip_iot/anaconda3/envs/sandbox/lib/python3.7/site-packages/airflow/example_dags/example_xcom.py took 0.033 seconds
[2021-03-01 20:27:20,466] {scheduler_job.py:181} INFO - Started process (PID=230030) to work on /home/i-sip_iot/anaconda3/envs/sandbox/lib/python3.7/site-packages/airflow/example_dags/example_xcom.py
[2021-03-01 20:27:20,467] {scheduler_job.py:629} INFO - Processing file /home/i-sip_iot/anaconda3/envs/sandbox/lib/python3.7/site-packages/airflow/example_dags/example_xcom.py for tasks to queue
[2021-03-01 20:27:20,468] {logging_mixin.py:103} INFO - [2021-03-01 20:27:20,468] {dagbag.py:440} INFO - Filling up the DagBag from /home/i-sip_iot/anaconda3/envs/sandbox/lib/python3.7/site-packages/airflow/example_dags/example_xcom.py
[2021-03-01 20:27:20,478] {scheduler_job.py:639} INFO - DAG(s) dict_keys(['example_xcom']) retrieved from /home/i-sip_iot/anaconda3/envs/sandbox/lib/python3.7/site-packages/airflow/example_dags/example_xcom.py
[2021-03-01 20:27:20,480] {logging_mixin.py:103} INFO - [2021-03-01 20:27:20,480] {dag.py:1813} INFO - Sync 1 DAGs
[2021-03-01 20:27:20,493] {logging_mixin.py:103} INFO - [2021-03-01 20:27:20,493] {dag.py:2266} INFO - Setting next_dagrun for example_xcom to 2021-02-28 00:00:00+00:00
[2021-03-01 20:27:20,501] {scheduler_job.py:189} INFO - Processing /home/i-sip_iot/anaconda3/envs/sandbox/lib/python3.7/site-packages/airflow/example_dags/example_xcom.py took 0.039 seconds
[2021-03-01 20:27:45,702] {scheduler_job.py:181} INFO - Started process (PID=230310) to work on /home/i-sip_iot/anaconda3/envs/sandbox/lib/python3.7/site-packages/airflow/example_dags/example_xcom.py
[2021-03-01 20:27:45,708] {scheduler_job.py:629} INFO - Processing file /home/i-sip_iot/anaconda3/envs/sandbox/lib/python3.7/site-packages/airflow/example_dags/example_xcom.py for tasks to queue
[2021-03-01 20:27:45,709] {logging_mixin.py:103} INFO - [2021-03-01 20:27:45,709] {dagbag.py:440} INFO - Filling up the DagBag from /home/i-sip_iot/anaconda3/envs/sandbox/lib/python3.7/site-packages/airflow/example_dags/example_xcom.py
[2021-03-01 20:27:45,722] {scheduler_job.py:639} INFO - DAG(s) dict_keys(['example_xcom']) retrieved from /home/i-sip_iot/anaconda3/envs/sandbox/lib/python3.7/site-packages/airflow/example_dags/example_xcom.py
[2021-03-01 20:27:45,723] {logging_mixin.py:103} INFO - [2021-03-01 20:27:45,723] {dag.py:1813} INFO - Sync 1 DAGs
[2021-03-01 20:27:45,736] {logging_mixin.py:103} INFO - [2021-03-01 20:27:45,736] {dag.py:2266} INFO - Setting next_dagrun for example_xcom to 2021-02-28 00:00:00+00:00
[2021-03-01 20:27:45,745] {scheduler_job.py:189} INFO - Processing /home/i-sip_iot/anaconda3/envs/sandbox/lib/python3.7/site-packages/airflow/example_dags/example_xcom.py took 0.049 seconds
[2021-03-01 20:28:13,000] {scheduler_job.py:181} INFO - Started process (PID=230395) to work on /home/i-sip_iot/anaconda3/envs/sandbox/lib/python3.7/site-packages/airflow/example_dags/example_xcom.py
[2021-03-01 20:28:13,001] {scheduler_job.py:629} INFO - Processing file /home/i-sip_iot/anaconda3/envs/sandbox/lib/python3.7/site-packages/airflow/example_dags/example_xcom.py for tasks to queue
[2021-03-01 20:28:13,002] {logging_mixin.py:103} INFO - [2021-03-01 20:28:13,002] {dagbag.py:440} INFO - Filling up the DagBag from /home/i-sip_iot/anaconda3/envs/sandbox/lib/python3.7/site-packages/airflow/example_dags/example_xcom.py
[2021-03-01 20:28:13,011] {scheduler_job.py:639} INFO - DAG(s) dict_keys(['example_xcom']) retrieved from /home/i-sip_iot/anaconda3/envs/sandbox/lib/python3.7/site-packages/airflow/example_dags/example_xcom.py
[2021-03-01 20:28:13,012] {logging_mixin.py:103} INFO - [2021-03-01 20:28:13,011] {dag.py:1813} INFO - Sync 1 DAGs
[2021-03-01 20:28:13,026] {logging_mixin.py:103} INFO - [2021-03-01 20:28:13,025] {dag.py:2266} INFO - Setting next_dagrun for example_xcom to 2021-02-28 00:00:00+00:00
[2021-03-01 20:28:13,034] {scheduler_job.py:189} INFO - Processing /home/i-sip_iot/anaconda3/envs/sandbox/lib/python3.7/site-packages/airflow/example_dags/example_xcom.py took 0.036 seconds
[2021-03-01 20:28:38,970] {scheduler_job.py:181} INFO - Started process (PID=230664) to work on /home/i-sip_iot/anaconda3/envs/sandbox/lib/python3.7/site-packages/airflow/example_dags/example_xcom.py
[2021-03-01 20:28:38,972] {scheduler_job.py:629} INFO - Processing file /home/i-sip_iot/anaconda3/envs/sandbox/lib/python3.7/site-packages/airflow/example_dags/example_xcom.py for tasks to queue
[2021-03-01 20:28:38,974] {logging_mixin.py:103} INFO - [2021-03-01 20:28:38,974] {dagbag.py:440} INFO - Filling up the DagBag from /home/i-sip_iot/anaconda3/envs/sandbox/lib/python3.7/site-packages/airflow/example_dags/example_xcom.py
[2021-03-01 20:28:38,989] {scheduler_job.py:639} INFO - DAG(s) dict_keys(['example_xcom']) retrieved from /home/i-sip_iot/anaconda3/envs/sandbox/lib/python3.7/site-packages/airflow/example_dags/example_xcom.py
[2021-03-01 20:28:38,990] {logging_mixin.py:103} INFO - [2021-03-01 20:28:38,990] {dag.py:1813} INFO - Sync 1 DAGs
[2021-03-01 20:28:39,003] {logging_mixin.py:103} INFO - [2021-03-01 20:28:39,003] {dag.py:2266} INFO - Setting next_dagrun for example_xcom to 2021-02-28 00:00:00+00:00
[2021-03-01 20:28:39,011] {scheduler_job.py:189} INFO - Processing /home/i-sip_iot/anaconda3/envs/sandbox/lib/python3.7/site-packages/airflow/example_dags/example_xcom.py took 0.047 seconds
[2021-03-01 20:29:04,426] {scheduler_job.py:181} INFO - Started process (PID=231143) to work on /home/i-sip_iot/anaconda3/envs/sandbox/lib/python3.7/site-packages/airflow/example_dags/example_xcom.py
[2021-03-01 20:29:04,427] {scheduler_job.py:629} INFO - Processing file /home/i-sip_iot/anaconda3/envs/sandbox/lib/python3.7/site-packages/airflow/example_dags/example_xcom.py for tasks to queue
[2021-03-01 20:29:04,428] {logging_mixin.py:103} INFO - [2021-03-01 20:29:04,427] {dagbag.py:440} INFO - Filling up the DagBag from /home/i-sip_iot/anaconda3/envs/sandbox/lib/python3.7/site-packages/airflow/example_dags/example_xcom.py
[2021-03-01 20:29:04,435] {scheduler_job.py:639} INFO - DAG(s) dict_keys(['example_xcom']) retrieved from /home/i-sip_iot/anaconda3/envs/sandbox/lib/python3.7/site-packages/airflow/example_dags/example_xcom.py
[2021-03-01 20:29:04,436] {logging_mixin.py:103} INFO - [2021-03-01 20:29:04,436] {dag.py:1813} INFO - Sync 1 DAGs
[2021-03-01 20:29:04,447] {logging_mixin.py:103} INFO - [2021-03-01 20:29:04,447] {dag.py:2266} INFO - Setting next_dagrun for example_xcom to 2021-02-28 00:00:00+00:00
[2021-03-01 20:29:04,457] {scheduler_job.py:189} INFO - Processing /home/i-sip_iot/anaconda3/envs/sandbox/lib/python3.7/site-packages/airflow/example_dags/example_xcom.py took 0.032 seconds
[2021-03-01 20:29:29,667] {scheduler_job.py:181} INFO - Started process (PID=231716) to work on /home/i-sip_iot/anaconda3/envs/sandbox/lib/python3.7/site-packages/airflow/example_dags/example_xcom.py
[2021-03-01 20:29:29,667] {scheduler_job.py:629} INFO - Processing file /home/i-sip_iot/anaconda3/envs/sandbox/lib/python3.7/site-packages/airflow/example_dags/example_xcom.py for tasks to queue
[2021-03-01 20:29:29,668] {logging_mixin.py:103} INFO - [2021-03-01 20:29:29,668] {dagbag.py:440} INFO - Filling up the DagBag from /home/i-sip_iot/anaconda3/envs/sandbox/lib/python3.7/site-packages/airflow/example_dags/example_xcom.py
[2021-03-01 20:29:29,674] {scheduler_job.py:639} INFO - DAG(s) dict_keys(['example_xcom']) retrieved from /home/i-sip_iot/anaconda3/envs/sandbox/lib/python3.7/site-packages/airflow/example_dags/example_xcom.py
[2021-03-01 20:29:29,675] {logging_mixin.py:103} INFO - [2021-03-01 20:29:29,674] {dag.py:1813} INFO - Sync 1 DAGs
[2021-03-01 20:29:29,684] {logging_mixin.py:103} INFO - [2021-03-01 20:29:29,684] {dag.py:2266} INFO - Setting next_dagrun for example_xcom to 2021-02-28 00:00:00+00:00
[2021-03-01 20:29:29,692] {scheduler_job.py:189} INFO - Processing /home/i-sip_iot/anaconda3/envs/sandbox/lib/python3.7/site-packages/airflow/example_dags/example_xcom.py took 0.027 seconds
[2021-03-01 20:29:55,169] {scheduler_job.py:181} INFO - Started process (PID=232034) to work on /home/i-sip_iot/anaconda3/envs/sandbox/lib/python3.7/site-packages/airflow/example_dags/example_xcom.py
[2021-03-01 20:29:55,173] {scheduler_job.py:629} INFO - Processing file /home/i-sip_iot/anaconda3/envs/sandbox/lib/python3.7/site-packages/airflow/example_dags/example_xcom.py for tasks to queue
[2021-03-01 20:29:55,173] {logging_mixin.py:103} INFO - [2021-03-01 20:29:55,173] {dagbag.py:440} INFO - Filling up the DagBag from /home/i-sip_iot/anaconda3/envs/sandbox/lib/python3.7/site-packages/airflow/example_dags/example_xcom.py
[2021-03-01 20:29:55,181] {scheduler_job.py:639} INFO - DAG(s) dict_keys(['example_xcom']) retrieved from /home/i-sip_iot/anaconda3/envs/sandbox/lib/python3.7/site-packages/airflow/example_dags/example_xcom.py
[2021-03-01 20:29:55,182] {logging_mixin.py:103} INFO - [2021-03-01 20:29:55,182] {dag.py:1813} INFO - Sync 1 DAGs
[2021-03-01 20:29:55,193] {logging_mixin.py:103} INFO - [2021-03-01 20:29:55,193] {dag.py:2266} INFO - Setting next_dagrun for example_xcom to 2021-02-28 00:00:00+00:00
[2021-03-01 20:29:55,203] {scheduler_job.py:189} INFO - Processing /home/i-sip_iot/anaconda3/envs/sandbox/lib/python3.7/site-packages/airflow/example_dags/example_xcom.py took 0.037 seconds
[2021-03-01 20:30:21,019] {scheduler_job.py:181} INFO - Started process (PID=232498) to work on /home/i-sip_iot/anaconda3/envs/sandbox/lib/python3.7/site-packages/airflow/example_dags/example_xcom.py
[2021-03-01 20:30:21,019] {scheduler_job.py:629} INFO - Processing file /home/i-sip_iot/anaconda3/envs/sandbox/lib/python3.7/site-packages/airflow/example_dags/example_xcom.py for tasks to queue
[2021-03-01 20:30:21,020] {logging_mixin.py:103} INFO - [2021-03-01 20:30:21,020] {dagbag.py:440} INFO - Filling up the DagBag from /home/i-sip_iot/anaconda3/envs/sandbox/lib/python3.7/site-packages/airflow/example_dags/example_xcom.py
[2021-03-01 20:30:21,026] {scheduler_job.py:639} INFO - DAG(s) dict_keys(['example_xcom']) retrieved from /home/i-sip_iot/anaconda3/envs/sandbox/lib/python3.7/site-packages/airflow/example_dags/example_xcom.py
[2021-03-01 20:30:21,026] {logging_mixin.py:103} INFO - [2021-03-01 20:30:21,026] {dag.py:1813} INFO - Sync 1 DAGs
[2021-03-01 20:30:21,045] {logging_mixin.py:103} INFO - [2021-03-01 20:30:21,045] {dag.py:2266} INFO - Setting next_dagrun for example_xcom to 2021-02-28 00:00:00+00:00
[2021-03-01 20:30:21,054] {scheduler_job.py:189} INFO - Processing /home/i-sip_iot/anaconda3/envs/sandbox/lib/python3.7/site-packages/airflow/example_dags/example_xcom.py took 0.037 seconds
