[2021-03-01 20:26:51,234] {scheduler_job.py:181} INFO - Started process (PID=229906) to work on /home/i-sip_iot/anaconda3/envs/sandbox/lib/python3.7/site-packages/airflow/example_dags/example_xcomargs.py
[2021-03-01 20:26:51,235] {scheduler_job.py:629} INFO - Processing file /home/i-sip_iot/anaconda3/envs/sandbox/lib/python3.7/site-packages/airflow/example_dags/example_xcomargs.py for tasks to queue
[2021-03-01 20:26:51,235] {logging_mixin.py:103} INFO - [2021-03-01 20:26:51,235] {dagbag.py:440} INFO - Filling up the DagBag from /home/i-sip_iot/anaconda3/envs/sandbox/lib/python3.7/site-packages/airflow/example_dags/example_xcomargs.py
[2021-03-01 20:26:51,242] {scheduler_job.py:639} INFO - DAG(s) dict_keys(['example_xcom_args', 'example_xcom_args_with_operators']) retrieved from /home/i-sip_iot/anaconda3/envs/sandbox/lib/python3.7/site-packages/airflow/example_dags/example_xcomargs.py
[2021-03-01 20:26:51,242] {logging_mixin.py:103} INFO - [2021-03-01 20:26:51,242] {dag.py:1813} INFO - Sync 2 DAGs
[2021-03-01 20:26:51,251] {logging_mixin.py:103} INFO - [2021-03-01 20:26:51,251] {dag.py:2266} INFO - Setting next_dagrun for example_xcom_args to None
[2021-03-01 20:26:51,252] {logging_mixin.py:103} INFO - [2021-03-01 20:26:51,252] {dag.py:2266} INFO - Setting next_dagrun for example_xcom_args_with_operators to None
[2021-03-01 20:26:51,268] {scheduler_job.py:189} INFO - Processing /home/i-sip_iot/anaconda3/envs/sandbox/lib/python3.7/site-packages/airflow/example_dags/example_xcomargs.py took 0.036 seconds
[2021-03-01 20:27:16,461] {scheduler_job.py:181} INFO - Started process (PID=230013) to work on /home/i-sip_iot/anaconda3/envs/sandbox/lib/python3.7/site-packages/airflow/example_dags/example_xcomargs.py
[2021-03-01 20:27:16,464] {scheduler_job.py:629} INFO - Processing file /home/i-sip_iot/anaconda3/envs/sandbox/lib/python3.7/site-packages/airflow/example_dags/example_xcomargs.py for tasks to queue
[2021-03-01 20:27:16,465] {logging_mixin.py:103} INFO - [2021-03-01 20:27:16,465] {dagbag.py:440} INFO - Filling up the DagBag from /home/i-sip_iot/anaconda3/envs/sandbox/lib/python3.7/site-packages/airflow/example_dags/example_xcomargs.py
[2021-03-01 20:27:16,483] {scheduler_job.py:639} INFO - DAG(s) dict_keys(['example_xcom_args', 'example_xcom_args_with_operators']) retrieved from /home/i-sip_iot/anaconda3/envs/sandbox/lib/python3.7/site-packages/airflow/example_dags/example_xcomargs.py
[2021-03-01 20:27:16,484] {logging_mixin.py:103} INFO - [2021-03-01 20:27:16,484] {dag.py:1813} INFO - Sync 2 DAGs
[2021-03-01 20:27:16,498] {logging_mixin.py:103} INFO - [2021-03-01 20:27:16,498] {dag.py:2266} INFO - Setting next_dagrun for example_xcom_args to None
[2021-03-01 20:27:16,498] {logging_mixin.py:103} INFO - [2021-03-01 20:27:16,498] {dag.py:2266} INFO - Setting next_dagrun for example_xcom_args_with_operators to None
[2021-03-01 20:27:16,504] {scheduler_job.py:189} INFO - Processing /home/i-sip_iot/anaconda3/envs/sandbox/lib/python3.7/site-packages/airflow/example_dags/example_xcomargs.py took 0.050 seconds
[2021-03-01 20:27:41,710] {scheduler_job.py:181} INFO - Started process (PID=230303) to work on /home/i-sip_iot/anaconda3/envs/sandbox/lib/python3.7/site-packages/airflow/example_dags/example_xcomargs.py
[2021-03-01 20:27:41,713] {scheduler_job.py:629} INFO - Processing file /home/i-sip_iot/anaconda3/envs/sandbox/lib/python3.7/site-packages/airflow/example_dags/example_xcomargs.py for tasks to queue
[2021-03-01 20:27:41,715] {logging_mixin.py:103} INFO - [2021-03-01 20:27:41,714] {dagbag.py:440} INFO - Filling up the DagBag from /home/i-sip_iot/anaconda3/envs/sandbox/lib/python3.7/site-packages/airflow/example_dags/example_xcomargs.py
[2021-03-01 20:27:41,730] {scheduler_job.py:639} INFO - DAG(s) dict_keys(['example_xcom_args', 'example_xcom_args_with_operators']) retrieved from /home/i-sip_iot/anaconda3/envs/sandbox/lib/python3.7/site-packages/airflow/example_dags/example_xcomargs.py
[2021-03-01 20:27:41,731] {logging_mixin.py:103} INFO - [2021-03-01 20:27:41,731] {dag.py:1813} INFO - Sync 2 DAGs
[2021-03-01 20:27:41,743] {logging_mixin.py:103} INFO - [2021-03-01 20:27:41,743] {dag.py:2266} INFO - Setting next_dagrun for example_xcom_args to None
[2021-03-01 20:27:41,744] {logging_mixin.py:103} INFO - [2021-03-01 20:27:41,744] {dag.py:2266} INFO - Setting next_dagrun for example_xcom_args_with_operators to None
[2021-03-01 20:27:41,762] {scheduler_job.py:189} INFO - Processing /home/i-sip_iot/anaconda3/envs/sandbox/lib/python3.7/site-packages/airflow/example_dags/example_xcomargs.py took 0.058 seconds
[2021-03-01 20:28:08,884] {scheduler_job.py:181} INFO - Started process (PID=230391) to work on /home/i-sip_iot/anaconda3/envs/sandbox/lib/python3.7/site-packages/airflow/example_dags/example_xcomargs.py
[2021-03-01 20:28:08,885] {scheduler_job.py:629} INFO - Processing file /home/i-sip_iot/anaconda3/envs/sandbox/lib/python3.7/site-packages/airflow/example_dags/example_xcomargs.py for tasks to queue
[2021-03-01 20:28:08,886] {logging_mixin.py:103} INFO - [2021-03-01 20:28:08,886] {dagbag.py:440} INFO - Filling up the DagBag from /home/i-sip_iot/anaconda3/envs/sandbox/lib/python3.7/site-packages/airflow/example_dags/example_xcomargs.py
[2021-03-01 20:28:08,896] {scheduler_job.py:639} INFO - DAG(s) dict_keys(['example_xcom_args', 'example_xcom_args_with_operators']) retrieved from /home/i-sip_iot/anaconda3/envs/sandbox/lib/python3.7/site-packages/airflow/example_dags/example_xcomargs.py
[2021-03-01 20:28:08,896] {logging_mixin.py:103} INFO - [2021-03-01 20:28:08,896] {dag.py:1813} INFO - Sync 2 DAGs
[2021-03-01 20:28:08,908] {logging_mixin.py:103} INFO - [2021-03-01 20:28:08,907] {dag.py:2266} INFO - Setting next_dagrun for example_xcom_args to None
[2021-03-01 20:28:08,908] {logging_mixin.py:103} INFO - [2021-03-01 20:28:08,908] {dag.py:2266} INFO - Setting next_dagrun for example_xcom_args_with_operators to None
[2021-03-01 20:28:08,916] {scheduler_job.py:189} INFO - Processing /home/i-sip_iot/anaconda3/envs/sandbox/lib/python3.7/site-packages/airflow/example_dags/example_xcomargs.py took 0.034 seconds
[2021-03-01 20:28:35,103] {scheduler_job.py:181} INFO - Started process (PID=230658) to work on /home/i-sip_iot/anaconda3/envs/sandbox/lib/python3.7/site-packages/airflow/example_dags/example_xcomargs.py
[2021-03-01 20:28:35,104] {scheduler_job.py:629} INFO - Processing file /home/i-sip_iot/anaconda3/envs/sandbox/lib/python3.7/site-packages/airflow/example_dags/example_xcomargs.py for tasks to queue
[2021-03-01 20:28:35,104] {logging_mixin.py:103} INFO - [2021-03-01 20:28:35,104] {dagbag.py:440} INFO - Filling up the DagBag from /home/i-sip_iot/anaconda3/envs/sandbox/lib/python3.7/site-packages/airflow/example_dags/example_xcomargs.py
[2021-03-01 20:28:35,112] {scheduler_job.py:639} INFO - DAG(s) dict_keys(['example_xcom_args', 'example_xcom_args_with_operators']) retrieved from /home/i-sip_iot/anaconda3/envs/sandbox/lib/python3.7/site-packages/airflow/example_dags/example_xcomargs.py
[2021-03-01 20:28:35,113] {logging_mixin.py:103} INFO - [2021-03-01 20:28:35,113] {dag.py:1813} INFO - Sync 2 DAGs
[2021-03-01 20:28:35,133] {logging_mixin.py:103} INFO - [2021-03-01 20:28:35,133] {dag.py:2266} INFO - Setting next_dagrun for example_xcom_args to None
[2021-03-01 20:28:35,133] {logging_mixin.py:103} INFO - [2021-03-01 20:28:35,133] {dag.py:2266} INFO - Setting next_dagrun for example_xcom_args_with_operators to None
[2021-03-01 20:28:35,154] {scheduler_job.py:189} INFO - Processing /home/i-sip_iot/anaconda3/envs/sandbox/lib/python3.7/site-packages/airflow/example_dags/example_xcomargs.py took 0.053 seconds
[2021-03-01 20:29:00,315] {scheduler_job.py:181} INFO - Started process (PID=231106) to work on /home/i-sip_iot/anaconda3/envs/sandbox/lib/python3.7/site-packages/airflow/example_dags/example_xcomargs.py
[2021-03-01 20:29:00,316] {scheduler_job.py:629} INFO - Processing file /home/i-sip_iot/anaconda3/envs/sandbox/lib/python3.7/site-packages/airflow/example_dags/example_xcomargs.py for tasks to queue
[2021-03-01 20:29:00,316] {logging_mixin.py:103} INFO - [2021-03-01 20:29:00,316] {dagbag.py:440} INFO - Filling up the DagBag from /home/i-sip_iot/anaconda3/envs/sandbox/lib/python3.7/site-packages/airflow/example_dags/example_xcomargs.py
[2021-03-01 20:29:00,324] {scheduler_job.py:639} INFO - DAG(s) dict_keys(['example_xcom_args', 'example_xcom_args_with_operators']) retrieved from /home/i-sip_iot/anaconda3/envs/sandbox/lib/python3.7/site-packages/airflow/example_dags/example_xcomargs.py
[2021-03-01 20:29:00,325] {logging_mixin.py:103} INFO - [2021-03-01 20:29:00,325] {dag.py:1813} INFO - Sync 2 DAGs
[2021-03-01 20:29:00,344] {logging_mixin.py:103} INFO - [2021-03-01 20:29:00,344] {dag.py:2266} INFO - Setting next_dagrun for example_xcom_args to None
[2021-03-01 20:29:00,344] {logging_mixin.py:103} INFO - [2021-03-01 20:29:00,344] {dag.py:2266} INFO - Setting next_dagrun for example_xcom_args_with_operators to None
[2021-03-01 20:29:00,354] {scheduler_job.py:189} INFO - Processing /home/i-sip_iot/anaconda3/envs/sandbox/lib/python3.7/site-packages/airflow/example_dags/example_xcomargs.py took 0.041 seconds
[2021-03-01 20:29:25,512] {scheduler_job.py:181} INFO - Started process (PID=231702) to work on /home/i-sip_iot/anaconda3/envs/sandbox/lib/python3.7/site-packages/airflow/example_dags/example_xcomargs.py
[2021-03-01 20:29:25,512] {scheduler_job.py:629} INFO - Processing file /home/i-sip_iot/anaconda3/envs/sandbox/lib/python3.7/site-packages/airflow/example_dags/example_xcomargs.py for tasks to queue
[2021-03-01 20:29:25,513] {logging_mixin.py:103} INFO - [2021-03-01 20:29:25,513] {dagbag.py:440} INFO - Filling up the DagBag from /home/i-sip_iot/anaconda3/envs/sandbox/lib/python3.7/site-packages/airflow/example_dags/example_xcomargs.py
[2021-03-01 20:29:25,520] {scheduler_job.py:639} INFO - DAG(s) dict_keys(['example_xcom_args', 'example_xcom_args_with_operators']) retrieved from /home/i-sip_iot/anaconda3/envs/sandbox/lib/python3.7/site-packages/airflow/example_dags/example_xcomargs.py
[2021-03-01 20:29:25,520] {logging_mixin.py:103} INFO - [2021-03-01 20:29:25,520] {dag.py:1813} INFO - Sync 2 DAGs
[2021-03-01 20:29:25,532] {logging_mixin.py:103} INFO - [2021-03-01 20:29:25,532] {dag.py:2266} INFO - Setting next_dagrun for example_xcom_args to None
[2021-03-01 20:29:25,533] {logging_mixin.py:103} INFO - [2021-03-01 20:29:25,533] {dag.py:2266} INFO - Setting next_dagrun for example_xcom_args_with_operators to None
[2021-03-01 20:29:25,542] {scheduler_job.py:189} INFO - Processing /home/i-sip_iot/anaconda3/envs/sandbox/lib/python3.7/site-packages/airflow/example_dags/example_xcomargs.py took 0.032 seconds
[2021-03-01 20:29:51,775] {scheduler_job.py:181} INFO - Started process (PID=231988) to work on /home/i-sip_iot/anaconda3/envs/sandbox/lib/python3.7/site-packages/airflow/example_dags/example_xcomargs.py
[2021-03-01 20:29:51,776] {scheduler_job.py:629} INFO - Processing file /home/i-sip_iot/anaconda3/envs/sandbox/lib/python3.7/site-packages/airflow/example_dags/example_xcomargs.py for tasks to queue
[2021-03-01 20:29:51,777] {logging_mixin.py:103} INFO - [2021-03-01 20:29:51,777] {dagbag.py:440} INFO - Filling up the DagBag from /home/i-sip_iot/anaconda3/envs/sandbox/lib/python3.7/site-packages/airflow/example_dags/example_xcomargs.py
[2021-03-01 20:29:51,786] {scheduler_job.py:639} INFO - DAG(s) dict_keys(['example_xcom_args', 'example_xcom_args_with_operators']) retrieved from /home/i-sip_iot/anaconda3/envs/sandbox/lib/python3.7/site-packages/airflow/example_dags/example_xcomargs.py
[2021-03-01 20:29:51,786] {logging_mixin.py:103} INFO - [2021-03-01 20:29:51,786] {dag.py:1813} INFO - Sync 2 DAGs
[2021-03-01 20:29:51,796] {logging_mixin.py:103} INFO - [2021-03-01 20:29:51,796] {dag.py:2266} INFO - Setting next_dagrun for example_xcom_args to None
[2021-03-01 20:29:51,797] {logging_mixin.py:103} INFO - [2021-03-01 20:29:51,797] {dag.py:2266} INFO - Setting next_dagrun for example_xcom_args_with_operators to None
[2021-03-01 20:29:51,816] {scheduler_job.py:189} INFO - Processing /home/i-sip_iot/anaconda3/envs/sandbox/lib/python3.7/site-packages/airflow/example_dags/example_xcomargs.py took 0.042 seconds
[2021-03-01 20:30:17,023] {scheduler_job.py:181} INFO - Started process (PID=232131) to work on /home/i-sip_iot/anaconda3/envs/sandbox/lib/python3.7/site-packages/airflow/example_dags/example_xcomargs.py
[2021-03-01 20:30:17,024] {scheduler_job.py:629} INFO - Processing file /home/i-sip_iot/anaconda3/envs/sandbox/lib/python3.7/site-packages/airflow/example_dags/example_xcomargs.py for tasks to queue
[2021-03-01 20:30:17,025] {logging_mixin.py:103} INFO - [2021-03-01 20:30:17,025] {dagbag.py:440} INFO - Filling up the DagBag from /home/i-sip_iot/anaconda3/envs/sandbox/lib/python3.7/site-packages/airflow/example_dags/example_xcomargs.py
[2021-03-01 20:30:17,040] {scheduler_job.py:639} INFO - DAG(s) dict_keys(['example_xcom_args', 'example_xcom_args_with_operators']) retrieved from /home/i-sip_iot/anaconda3/envs/sandbox/lib/python3.7/site-packages/airflow/example_dags/example_xcomargs.py
[2021-03-01 20:30:17,041] {logging_mixin.py:103} INFO - [2021-03-01 20:30:17,041] {dag.py:1813} INFO - Sync 2 DAGs
[2021-03-01 20:30:17,058] {logging_mixin.py:103} INFO - [2021-03-01 20:30:17,058] {dag.py:2266} INFO - Setting next_dagrun for example_xcom_args to None
[2021-03-01 20:30:17,059] {logging_mixin.py:103} INFO - [2021-03-01 20:30:17,058] {dag.py:2266} INFO - Setting next_dagrun for example_xcom_args_with_operators to None
[2021-03-01 20:30:17,069] {scheduler_job.py:189} INFO - Processing /home/i-sip_iot/anaconda3/envs/sandbox/lib/python3.7/site-packages/airflow/example_dags/example_xcomargs.py took 0.049 seconds
