[2021-03-01 20:26:32,562] {scheduler_job.py:181} INFO - Started process (PID=229764) to work on /home/i-sip_iot/anaconda3/envs/sandbox/lib/python3.7/site-packages/airflow/example_dags/example_python_operator.py
[2021-03-01 20:26:32,562] {scheduler_job.py:629} INFO - Processing file /home/i-sip_iot/anaconda3/envs/sandbox/lib/python3.7/site-packages/airflow/example_dags/example_python_operator.py for tasks to queue
[2021-03-01 20:26:32,563] {logging_mixin.py:103} INFO - [2021-03-01 20:26:32,563] {dagbag.py:440} INFO - Filling up the DagBag from /home/i-sip_iot/anaconda3/envs/sandbox/lib/python3.7/site-packages/airflow/example_dags/example_python_operator.py
[2021-03-01 20:26:32,568] {scheduler_job.py:639} INFO - DAG(s) dict_keys(['example_python_operator']) retrieved from /home/i-sip_iot/anaconda3/envs/sandbox/lib/python3.7/site-packages/airflow/example_dags/example_python_operator.py
[2021-03-01 20:26:32,569] {logging_mixin.py:103} INFO - [2021-03-01 20:26:32,569] {dag.py:1813} INFO - Sync 1 DAGs
[2021-03-01 20:26:32,578] {logging_mixin.py:103} INFO - [2021-03-01 20:26:32,578] {dag.py:2266} INFO - Setting next_dagrun for example_python_operator to None
[2021-03-01 20:26:32,595] {scheduler_job.py:189} INFO - Processing /home/i-sip_iot/anaconda3/envs/sandbox/lib/python3.7/site-packages/airflow/example_dags/example_python_operator.py took 0.034 seconds
[2021-03-01 20:26:57,279] {scheduler_job.py:181} INFO - Started process (PID=229925) to work on /home/i-sip_iot/anaconda3/envs/sandbox/lib/python3.7/site-packages/airflow/example_dags/example_python_operator.py
[2021-03-01 20:26:57,280] {scheduler_job.py:629} INFO - Processing file /home/i-sip_iot/anaconda3/envs/sandbox/lib/python3.7/site-packages/airflow/example_dags/example_python_operator.py for tasks to queue
[2021-03-01 20:26:57,281] {logging_mixin.py:103} INFO - [2021-03-01 20:26:57,281] {dagbag.py:440} INFO - Filling up the DagBag from /home/i-sip_iot/anaconda3/envs/sandbox/lib/python3.7/site-packages/airflow/example_dags/example_python_operator.py
[2021-03-01 20:26:57,290] {scheduler_job.py:639} INFO - DAG(s) dict_keys(['example_python_operator']) retrieved from /home/i-sip_iot/anaconda3/envs/sandbox/lib/python3.7/site-packages/airflow/example_dags/example_python_operator.py
[2021-03-01 20:26:57,291] {logging_mixin.py:103} INFO - [2021-03-01 20:26:57,291] {dag.py:1813} INFO - Sync 1 DAGs
[2021-03-01 20:26:57,302] {logging_mixin.py:103} INFO - [2021-03-01 20:26:57,302] {dag.py:2266} INFO - Setting next_dagrun for example_python_operator to None
[2021-03-01 20:26:57,308] {scheduler_job.py:189} INFO - Processing /home/i-sip_iot/anaconda3/envs/sandbox/lib/python3.7/site-packages/airflow/example_dags/example_python_operator.py took 0.031 seconds
[2021-03-01 20:27:22,758] {scheduler_job.py:181} INFO - Started process (PID=230053) to work on /home/i-sip_iot/anaconda3/envs/sandbox/lib/python3.7/site-packages/airflow/example_dags/example_python_operator.py
[2021-03-01 20:27:22,759] {scheduler_job.py:629} INFO - Processing file /home/i-sip_iot/anaconda3/envs/sandbox/lib/python3.7/site-packages/airflow/example_dags/example_python_operator.py for tasks to queue
[2021-03-01 20:27:22,760] {logging_mixin.py:103} INFO - [2021-03-01 20:27:22,760] {dagbag.py:440} INFO - Filling up the DagBag from /home/i-sip_iot/anaconda3/envs/sandbox/lib/python3.7/site-packages/airflow/example_dags/example_python_operator.py
[2021-03-01 20:27:22,767] {scheduler_job.py:639} INFO - DAG(s) dict_keys(['example_python_operator']) retrieved from /home/i-sip_iot/anaconda3/envs/sandbox/lib/python3.7/site-packages/airflow/example_dags/example_python_operator.py
[2021-03-01 20:27:22,767] {logging_mixin.py:103} INFO - [2021-03-01 20:27:22,767] {dag.py:1813} INFO - Sync 1 DAGs
[2021-03-01 20:27:22,780] {logging_mixin.py:103} INFO - [2021-03-01 20:27:22,780] {dag.py:2266} INFO - Setting next_dagrun for example_python_operator to None
[2021-03-01 20:27:22,788] {scheduler_job.py:189} INFO - Processing /home/i-sip_iot/anaconda3/envs/sandbox/lib/python3.7/site-packages/airflow/example_dags/example_python_operator.py took 0.032 seconds
[2021-03-01 20:27:48,812] {scheduler_job.py:181} INFO - Started process (PID=230321) to work on /home/i-sip_iot/anaconda3/envs/sandbox/lib/python3.7/site-packages/airflow/example_dags/example_python_operator.py
[2021-03-01 20:27:48,814] {scheduler_job.py:629} INFO - Processing file /home/i-sip_iot/anaconda3/envs/sandbox/lib/python3.7/site-packages/airflow/example_dags/example_python_operator.py for tasks to queue
[2021-03-01 20:27:48,815] {logging_mixin.py:103} INFO - [2021-03-01 20:27:48,815] {dagbag.py:440} INFO - Filling up the DagBag from /home/i-sip_iot/anaconda3/envs/sandbox/lib/python3.7/site-packages/airflow/example_dags/example_python_operator.py
[2021-03-01 20:27:48,828] {scheduler_job.py:639} INFO - DAG(s) dict_keys(['example_python_operator']) retrieved from /home/i-sip_iot/anaconda3/envs/sandbox/lib/python3.7/site-packages/airflow/example_dags/example_python_operator.py
[2021-03-01 20:27:48,829] {logging_mixin.py:103} INFO - [2021-03-01 20:27:48,829] {dag.py:1813} INFO - Sync 1 DAGs
[2021-03-01 20:27:48,841] {logging_mixin.py:103} INFO - [2021-03-01 20:27:48,841] {dag.py:2266} INFO - Setting next_dagrun for example_python_operator to None
[2021-03-01 20:27:48,850] {scheduler_job.py:189} INFO - Processing /home/i-sip_iot/anaconda3/envs/sandbox/lib/python3.7/site-packages/airflow/example_dags/example_python_operator.py took 0.043 seconds
[2021-03-01 20:28:15,967] {scheduler_job.py:181} INFO - Started process (PID=230399) to work on /home/i-sip_iot/anaconda3/envs/sandbox/lib/python3.7/site-packages/airflow/example_dags/example_python_operator.py
[2021-03-01 20:28:15,968] {scheduler_job.py:629} INFO - Processing file /home/i-sip_iot/anaconda3/envs/sandbox/lib/python3.7/site-packages/airflow/example_dags/example_python_operator.py for tasks to queue
[2021-03-01 20:28:15,969] {logging_mixin.py:103} INFO - [2021-03-01 20:28:15,969] {dagbag.py:440} INFO - Filling up the DagBag from /home/i-sip_iot/anaconda3/envs/sandbox/lib/python3.7/site-packages/airflow/example_dags/example_python_operator.py
[2021-03-01 20:28:15,980] {scheduler_job.py:639} INFO - DAG(s) dict_keys(['example_python_operator']) retrieved from /home/i-sip_iot/anaconda3/envs/sandbox/lib/python3.7/site-packages/airflow/example_dags/example_python_operator.py
[2021-03-01 20:28:15,981] {logging_mixin.py:103} INFO - [2021-03-01 20:28:15,981] {dag.py:1813} INFO - Sync 1 DAGs
[2021-03-01 20:28:15,995] {logging_mixin.py:103} INFO - [2021-03-01 20:28:15,994] {dag.py:2266} INFO - Setting next_dagrun for example_python_operator to None
[2021-03-01 20:28:16,002] {scheduler_job.py:189} INFO - Processing /home/i-sip_iot/anaconda3/envs/sandbox/lib/python3.7/site-packages/airflow/example_dags/example_python_operator.py took 0.038 seconds
[2021-03-01 20:28:41,207] {scheduler_job.py:181} INFO - Started process (PID=230668) to work on /home/i-sip_iot/anaconda3/envs/sandbox/lib/python3.7/site-packages/airflow/example_dags/example_python_operator.py
[2021-03-01 20:28:41,209] {scheduler_job.py:629} INFO - Processing file /home/i-sip_iot/anaconda3/envs/sandbox/lib/python3.7/site-packages/airflow/example_dags/example_python_operator.py for tasks to queue
[2021-03-01 20:28:41,211] {logging_mixin.py:103} INFO - [2021-03-01 20:28:41,211] {dagbag.py:440} INFO - Filling up the DagBag from /home/i-sip_iot/anaconda3/envs/sandbox/lib/python3.7/site-packages/airflow/example_dags/example_python_operator.py
[2021-03-01 20:28:41,225] {scheduler_job.py:639} INFO - DAG(s) dict_keys(['example_python_operator']) retrieved from /home/i-sip_iot/anaconda3/envs/sandbox/lib/python3.7/site-packages/airflow/example_dags/example_python_operator.py
[2021-03-01 20:28:41,226] {logging_mixin.py:103} INFO - [2021-03-01 20:28:41,226] {dag.py:1813} INFO - Sync 1 DAGs
[2021-03-01 20:28:41,244] {logging_mixin.py:103} INFO - [2021-03-01 20:28:41,244] {dag.py:2266} INFO - Setting next_dagrun for example_python_operator to None
[2021-03-01 20:28:41,259] {scheduler_job.py:189} INFO - Processing /home/i-sip_iot/anaconda3/envs/sandbox/lib/python3.7/site-packages/airflow/example_dags/example_python_operator.py took 0.058 seconds
[2021-03-01 20:29:06,971] {scheduler_job.py:181} INFO - Started process (PID=231164) to work on /home/i-sip_iot/anaconda3/envs/sandbox/lib/python3.7/site-packages/airflow/example_dags/example_python_operator.py
[2021-03-01 20:29:06,972] {scheduler_job.py:629} INFO - Processing file /home/i-sip_iot/anaconda3/envs/sandbox/lib/python3.7/site-packages/airflow/example_dags/example_python_operator.py for tasks to queue
[2021-03-01 20:29:06,973] {logging_mixin.py:103} INFO - [2021-03-01 20:29:06,973] {dagbag.py:440} INFO - Filling up the DagBag from /home/i-sip_iot/anaconda3/envs/sandbox/lib/python3.7/site-packages/airflow/example_dags/example_python_operator.py
[2021-03-01 20:29:06,986] {scheduler_job.py:639} INFO - DAG(s) dict_keys(['example_python_operator']) retrieved from /home/i-sip_iot/anaconda3/envs/sandbox/lib/python3.7/site-packages/airflow/example_dags/example_python_operator.py
[2021-03-01 20:29:06,987] {logging_mixin.py:103} INFO - [2021-03-01 20:29:06,987] {dag.py:1813} INFO - Sync 1 DAGs
[2021-03-01 20:29:07,004] {logging_mixin.py:103} INFO - [2021-03-01 20:29:07,004] {dag.py:2266} INFO - Setting next_dagrun for example_python_operator to None
[2021-03-01 20:29:07,014] {scheduler_job.py:189} INFO - Processing /home/i-sip_iot/anaconda3/envs/sandbox/lib/python3.7/site-packages/airflow/example_dags/example_python_operator.py took 0.047 seconds
[2021-03-01 20:29:32,642] {scheduler_job.py:181} INFO - Started process (PID=231883) to work on /home/i-sip_iot/anaconda3/envs/sandbox/lib/python3.7/site-packages/airflow/example_dags/example_python_operator.py
[2021-03-01 20:29:32,644] {scheduler_job.py:629} INFO - Processing file /home/i-sip_iot/anaconda3/envs/sandbox/lib/python3.7/site-packages/airflow/example_dags/example_python_operator.py for tasks to queue
[2021-03-01 20:29:32,644] {logging_mixin.py:103} INFO - [2021-03-01 20:29:32,644] {dagbag.py:440} INFO - Filling up the DagBag from /home/i-sip_iot/anaconda3/envs/sandbox/lib/python3.7/site-packages/airflow/example_dags/example_python_operator.py
[2021-03-01 20:29:32,655] {scheduler_job.py:639} INFO - DAG(s) dict_keys(['example_python_operator']) retrieved from /home/i-sip_iot/anaconda3/envs/sandbox/lib/python3.7/site-packages/airflow/example_dags/example_python_operator.py
[2021-03-01 20:29:32,657] {logging_mixin.py:103} INFO - [2021-03-01 20:29:32,656] {dag.py:1813} INFO - Sync 1 DAGs
[2021-03-01 20:29:32,670] {logging_mixin.py:103} INFO - [2021-03-01 20:29:32,670] {dag.py:2266} INFO - Setting next_dagrun for example_python_operator to None
[2021-03-01 20:29:32,679] {scheduler_job.py:189} INFO - Processing /home/i-sip_iot/anaconda3/envs/sandbox/lib/python3.7/site-packages/airflow/example_dags/example_python_operator.py took 0.040 seconds
[2021-03-01 20:29:57,839] {scheduler_job.py:181} INFO - Started process (PID=232049) to work on /home/i-sip_iot/anaconda3/envs/sandbox/lib/python3.7/site-packages/airflow/example_dags/example_python_operator.py
[2021-03-01 20:29:57,840] {scheduler_job.py:629} INFO - Processing file /home/i-sip_iot/anaconda3/envs/sandbox/lib/python3.7/site-packages/airflow/example_dags/example_python_operator.py for tasks to queue
[2021-03-01 20:29:57,840] {logging_mixin.py:103} INFO - [2021-03-01 20:29:57,840] {dagbag.py:440} INFO - Filling up the DagBag from /home/i-sip_iot/anaconda3/envs/sandbox/lib/python3.7/site-packages/airflow/example_dags/example_python_operator.py
[2021-03-01 20:29:57,846] {scheduler_job.py:639} INFO - DAG(s) dict_keys(['example_python_operator']) retrieved from /home/i-sip_iot/anaconda3/envs/sandbox/lib/python3.7/site-packages/airflow/example_dags/example_python_operator.py
[2021-03-01 20:29:57,847] {logging_mixin.py:103} INFO - [2021-03-01 20:29:57,847] {dag.py:1813} INFO - Sync 1 DAGs
[2021-03-01 20:29:57,856] {logging_mixin.py:103} INFO - [2021-03-01 20:29:57,856] {dag.py:2266} INFO - Setting next_dagrun for example_python_operator to None
[2021-03-01 20:29:57,864] {scheduler_job.py:189} INFO - Processing /home/i-sip_iot/anaconda3/envs/sandbox/lib/python3.7/site-packages/airflow/example_dags/example_python_operator.py took 0.027 seconds
[2021-03-01 20:30:23,204] {scheduler_job.py:181} INFO - Started process (PID=232773) to work on /home/i-sip_iot/anaconda3/envs/sandbox/lib/python3.7/site-packages/airflow/example_dags/example_python_operator.py
[2021-03-01 20:30:23,206] {scheduler_job.py:629} INFO - Processing file /home/i-sip_iot/anaconda3/envs/sandbox/lib/python3.7/site-packages/airflow/example_dags/example_python_operator.py for tasks to queue
[2021-03-01 20:30:23,208] {logging_mixin.py:103} INFO - [2021-03-01 20:30:23,207] {dagbag.py:440} INFO - Filling up the DagBag from /home/i-sip_iot/anaconda3/envs/sandbox/lib/python3.7/site-packages/airflow/example_dags/example_python_operator.py
[2021-03-01 20:30:23,225] {scheduler_job.py:639} INFO - DAG(s) dict_keys(['example_python_operator']) retrieved from /home/i-sip_iot/anaconda3/envs/sandbox/lib/python3.7/site-packages/airflow/example_dags/example_python_operator.py
[2021-03-01 20:30:23,226] {logging_mixin.py:103} INFO - [2021-03-01 20:30:23,226] {dag.py:1813} INFO - Sync 1 DAGs
[2021-03-01 20:30:23,241] {logging_mixin.py:103} INFO - [2021-03-01 20:30:23,241] {dag.py:2266} INFO - Setting next_dagrun for example_python_operator to None
[2021-03-01 20:30:23,252] {scheduler_job.py:189} INFO - Processing /home/i-sip_iot/anaconda3/envs/sandbox/lib/python3.7/site-packages/airflow/example_dags/example_python_operator.py took 0.054 seconds
