[2021-03-01 20:26:30,364] {scheduler_job.py:181} INFO - Started process (PID=229722) to work on /home/i-sip_iot/anaconda3/envs/sandbox/lib/python3.7/site-packages/airflow/example_dags/example_latest_only.py
[2021-03-01 20:26:30,365] {scheduler_job.py:629} INFO - Processing file /home/i-sip_iot/anaconda3/envs/sandbox/lib/python3.7/site-packages/airflow/example_dags/example_latest_only.py for tasks to queue
[2021-03-01 20:26:30,365] {logging_mixin.py:103} INFO - [2021-03-01 20:26:30,365] {dagbag.py:440} INFO - Filling up the DagBag from /home/i-sip_iot/anaconda3/envs/sandbox/lib/python3.7/site-packages/airflow/example_dags/example_latest_only.py
[2021-03-01 20:26:30,370] {scheduler_job.py:639} INFO - DAG(s) dict_keys(['latest_only']) retrieved from /home/i-sip_iot/anaconda3/envs/sandbox/lib/python3.7/site-packages/airflow/example_dags/example_latest_only.py
[2021-03-01 20:26:30,370] {logging_mixin.py:103} INFO - [2021-03-01 20:26:30,370] {dag.py:1813} INFO - Sync 1 DAGs
[2021-03-01 20:26:30,381] {logging_mixin.py:103} INFO - [2021-03-01 20:26:30,381] {dag.py:2266} INFO - Setting next_dagrun for latest_only to 2021-02-28 00:00:00+00:00
[2021-03-01 20:26:30,401] {scheduler_job.py:189} INFO - Processing /home/i-sip_iot/anaconda3/envs/sandbox/lib/python3.7/site-packages/airflow/example_dags/example_latest_only.py took 0.039 seconds
[2021-03-01 20:26:56,247] {scheduler_job.py:181} INFO - Started process (PID=229923) to work on /home/i-sip_iot/anaconda3/envs/sandbox/lib/python3.7/site-packages/airflow/example_dags/example_latest_only.py
[2021-03-01 20:26:56,248] {scheduler_job.py:629} INFO - Processing file /home/i-sip_iot/anaconda3/envs/sandbox/lib/python3.7/site-packages/airflow/example_dags/example_latest_only.py for tasks to queue
[2021-03-01 20:26:56,249] {logging_mixin.py:103} INFO - [2021-03-01 20:26:56,249] {dagbag.py:440} INFO - Filling up the DagBag from /home/i-sip_iot/anaconda3/envs/sandbox/lib/python3.7/site-packages/airflow/example_dags/example_latest_only.py
[2021-03-01 20:26:56,259] {scheduler_job.py:639} INFO - DAG(s) dict_keys(['latest_only']) retrieved from /home/i-sip_iot/anaconda3/envs/sandbox/lib/python3.7/site-packages/airflow/example_dags/example_latest_only.py
[2021-03-01 20:26:56,259] {logging_mixin.py:103} INFO - [2021-03-01 20:26:56,259] {dag.py:1813} INFO - Sync 1 DAGs
[2021-03-01 20:26:56,271] {logging_mixin.py:103} INFO - [2021-03-01 20:26:56,271] {dag.py:2266} INFO - Setting next_dagrun for latest_only to 2021-02-28 00:00:00+00:00
[2021-03-01 20:26:56,277] {scheduler_job.py:189} INFO - Processing /home/i-sip_iot/anaconda3/envs/sandbox/lib/python3.7/site-packages/airflow/example_dags/example_latest_only.py took 0.034 seconds
[2021-03-01 20:27:21,733] {scheduler_job.py:181} INFO - Started process (PID=230051) to work on /home/i-sip_iot/anaconda3/envs/sandbox/lib/python3.7/site-packages/airflow/example_dags/example_latest_only.py
[2021-03-01 20:27:21,733] {scheduler_job.py:629} INFO - Processing file /home/i-sip_iot/anaconda3/envs/sandbox/lib/python3.7/site-packages/airflow/example_dags/example_latest_only.py for tasks to queue
[2021-03-01 20:27:21,734] {logging_mixin.py:103} INFO - [2021-03-01 20:27:21,734] {dagbag.py:440} INFO - Filling up the DagBag from /home/i-sip_iot/anaconda3/envs/sandbox/lib/python3.7/site-packages/airflow/example_dags/example_latest_only.py
[2021-03-01 20:27:21,739] {scheduler_job.py:639} INFO - DAG(s) dict_keys(['latest_only']) retrieved from /home/i-sip_iot/anaconda3/envs/sandbox/lib/python3.7/site-packages/airflow/example_dags/example_latest_only.py
[2021-03-01 20:27:21,739] {logging_mixin.py:103} INFO - [2021-03-01 20:27:21,739] {dag.py:1813} INFO - Sync 1 DAGs
[2021-03-01 20:27:21,749] {logging_mixin.py:103} INFO - [2021-03-01 20:27:21,749] {dag.py:2266} INFO - Setting next_dagrun for latest_only to 2021-02-28 00:00:00+00:00
[2021-03-01 20:27:21,758] {scheduler_job.py:189} INFO - Processing /home/i-sip_iot/anaconda3/envs/sandbox/lib/python3.7/site-packages/airflow/example_dags/example_latest_only.py took 0.027 seconds
[2021-03-01 20:27:47,778] {scheduler_job.py:181} INFO - Started process (PID=230320) to work on /home/i-sip_iot/anaconda3/envs/sandbox/lib/python3.7/site-packages/airflow/example_dags/example_latest_only.py
[2021-03-01 20:27:47,779] {scheduler_job.py:629} INFO - Processing file /home/i-sip_iot/anaconda3/envs/sandbox/lib/python3.7/site-packages/airflow/example_dags/example_latest_only.py for tasks to queue
[2021-03-01 20:27:47,779] {logging_mixin.py:103} INFO - [2021-03-01 20:27:47,779] {dagbag.py:440} INFO - Filling up the DagBag from /home/i-sip_iot/anaconda3/envs/sandbox/lib/python3.7/site-packages/airflow/example_dags/example_latest_only.py
[2021-03-01 20:27:47,783] {scheduler_job.py:639} INFO - DAG(s) dict_keys(['latest_only']) retrieved from /home/i-sip_iot/anaconda3/envs/sandbox/lib/python3.7/site-packages/airflow/example_dags/example_latest_only.py
[2021-03-01 20:27:47,784] {logging_mixin.py:103} INFO - [2021-03-01 20:27:47,784] {dag.py:1813} INFO - Sync 1 DAGs
[2021-03-01 20:27:47,796] {logging_mixin.py:103} INFO - [2021-03-01 20:27:47,796] {dag.py:2266} INFO - Setting next_dagrun for latest_only to 2021-02-28 00:00:00+00:00
[2021-03-01 20:27:47,808] {scheduler_job.py:189} INFO - Processing /home/i-sip_iot/anaconda3/envs/sandbox/lib/python3.7/site-packages/airflow/example_dags/example_latest_only.py took 0.032 seconds
[2021-03-01 20:28:14,936] {scheduler_job.py:181} INFO - Started process (PID=230398) to work on /home/i-sip_iot/anaconda3/envs/sandbox/lib/python3.7/site-packages/airflow/example_dags/example_latest_only.py
[2021-03-01 20:28:14,937] {scheduler_job.py:629} INFO - Processing file /home/i-sip_iot/anaconda3/envs/sandbox/lib/python3.7/site-packages/airflow/example_dags/example_latest_only.py for tasks to queue
[2021-03-01 20:28:14,937] {logging_mixin.py:103} INFO - [2021-03-01 20:28:14,937] {dagbag.py:440} INFO - Filling up the DagBag from /home/i-sip_iot/anaconda3/envs/sandbox/lib/python3.7/site-packages/airflow/example_dags/example_latest_only.py
[2021-03-01 20:28:14,944] {scheduler_job.py:639} INFO - DAG(s) dict_keys(['latest_only']) retrieved from /home/i-sip_iot/anaconda3/envs/sandbox/lib/python3.7/site-packages/airflow/example_dags/example_latest_only.py
[2021-03-01 20:28:14,944] {logging_mixin.py:103} INFO - [2021-03-01 20:28:14,944] {dag.py:1813} INFO - Sync 1 DAGs
[2021-03-01 20:28:14,958] {logging_mixin.py:103} INFO - [2021-03-01 20:28:14,958] {dag.py:2266} INFO - Setting next_dagrun for latest_only to 2021-02-28 00:00:00+00:00
[2021-03-01 20:28:14,967] {scheduler_job.py:189} INFO - Processing /home/i-sip_iot/anaconda3/envs/sandbox/lib/python3.7/site-packages/airflow/example_dags/example_latest_only.py took 0.032 seconds
[2021-03-01 20:28:40,142] {scheduler_job.py:181} INFO - Started process (PID=230667) to work on /home/i-sip_iot/anaconda3/envs/sandbox/lib/python3.7/site-packages/airflow/example_dags/example_latest_only.py
[2021-03-01 20:28:40,144] {scheduler_job.py:629} INFO - Processing file /home/i-sip_iot/anaconda3/envs/sandbox/lib/python3.7/site-packages/airflow/example_dags/example_latest_only.py for tasks to queue
[2021-03-01 20:28:40,145] {logging_mixin.py:103} INFO - [2021-03-01 20:28:40,145] {dagbag.py:440} INFO - Filling up the DagBag from /home/i-sip_iot/anaconda3/envs/sandbox/lib/python3.7/site-packages/airflow/example_dags/example_latest_only.py
[2021-03-01 20:28:40,160] {scheduler_job.py:639} INFO - DAG(s) dict_keys(['latest_only']) retrieved from /home/i-sip_iot/anaconda3/envs/sandbox/lib/python3.7/site-packages/airflow/example_dags/example_latest_only.py
[2021-03-01 20:28:40,162] {logging_mixin.py:103} INFO - [2021-03-01 20:28:40,162] {dag.py:1813} INFO - Sync 1 DAGs
[2021-03-01 20:28:40,195] {logging_mixin.py:103} INFO - [2021-03-01 20:28:40,195] {dag.py:2266} INFO - Setting next_dagrun for latest_only to 2021-02-28 00:00:00+00:00
[2021-03-01 20:28:40,204] {scheduler_job.py:189} INFO - Processing /home/i-sip_iot/anaconda3/envs/sandbox/lib/python3.7/site-packages/airflow/example_dags/example_latest_only.py took 0.067 seconds
[2021-03-01 20:29:06,380] {scheduler_job.py:181} INFO - Started process (PID=231163) to work on /home/i-sip_iot/anaconda3/envs/sandbox/lib/python3.7/site-packages/airflow/example_dags/example_latest_only.py
[2021-03-01 20:29:06,381] {scheduler_job.py:629} INFO - Processing file /home/i-sip_iot/anaconda3/envs/sandbox/lib/python3.7/site-packages/airflow/example_dags/example_latest_only.py for tasks to queue
[2021-03-01 20:29:06,381] {logging_mixin.py:103} INFO - [2021-03-01 20:29:06,381] {dagbag.py:440} INFO - Filling up the DagBag from /home/i-sip_iot/anaconda3/envs/sandbox/lib/python3.7/site-packages/airflow/example_dags/example_latest_only.py
[2021-03-01 20:29:06,386] {scheduler_job.py:639} INFO - DAG(s) dict_keys(['latest_only']) retrieved from /home/i-sip_iot/anaconda3/envs/sandbox/lib/python3.7/site-packages/airflow/example_dags/example_latest_only.py
[2021-03-01 20:29:06,387] {logging_mixin.py:103} INFO - [2021-03-01 20:29:06,387] {dag.py:1813} INFO - Sync 1 DAGs
[2021-03-01 20:29:06,396] {logging_mixin.py:103} INFO - [2021-03-01 20:29:06,396] {dag.py:2266} INFO - Setting next_dagrun for latest_only to 2021-02-28 00:00:00+00:00
[2021-03-01 20:29:06,404] {scheduler_job.py:189} INFO - Processing /home/i-sip_iot/anaconda3/envs/sandbox/lib/python3.7/site-packages/airflow/example_dags/example_latest_only.py took 0.025 seconds
[2021-03-01 20:29:31,606] {scheduler_job.py:181} INFO - Started process (PID=231882) to work on /home/i-sip_iot/anaconda3/envs/sandbox/lib/python3.7/site-packages/airflow/example_dags/example_latest_only.py
[2021-03-01 20:29:31,609] {scheduler_job.py:629} INFO - Processing file /home/i-sip_iot/anaconda3/envs/sandbox/lib/python3.7/site-packages/airflow/example_dags/example_latest_only.py for tasks to queue
[2021-03-01 20:29:31,610] {logging_mixin.py:103} INFO - [2021-03-01 20:29:31,610] {dagbag.py:440} INFO - Filling up the DagBag from /home/i-sip_iot/anaconda3/envs/sandbox/lib/python3.7/site-packages/airflow/example_dags/example_latest_only.py
[2021-03-01 20:29:31,623] {scheduler_job.py:639} INFO - DAG(s) dict_keys(['latest_only']) retrieved from /home/i-sip_iot/anaconda3/envs/sandbox/lib/python3.7/site-packages/airflow/example_dags/example_latest_only.py
[2021-03-01 20:29:31,624] {logging_mixin.py:103} INFO - [2021-03-01 20:29:31,624] {dag.py:1813} INFO - Sync 1 DAGs
[2021-03-01 20:29:31,638] {logging_mixin.py:103} INFO - [2021-03-01 20:29:31,638] {dag.py:2266} INFO - Setting next_dagrun for latest_only to 2021-02-28 00:00:00+00:00
[2021-03-01 20:29:31,648] {scheduler_job.py:189} INFO - Processing /home/i-sip_iot/anaconda3/envs/sandbox/lib/python3.7/site-packages/airflow/example_dags/example_latest_only.py took 0.048 seconds
[2021-03-01 20:29:56,816] {scheduler_job.py:181} INFO - Started process (PID=232039) to work on /home/i-sip_iot/anaconda3/envs/sandbox/lib/python3.7/site-packages/airflow/example_dags/example_latest_only.py
[2021-03-01 20:29:56,817] {scheduler_job.py:629} INFO - Processing file /home/i-sip_iot/anaconda3/envs/sandbox/lib/python3.7/site-packages/airflow/example_dags/example_latest_only.py for tasks to queue
[2021-03-01 20:29:56,818] {logging_mixin.py:103} INFO - [2021-03-01 20:29:56,818] {dagbag.py:440} INFO - Filling up the DagBag from /home/i-sip_iot/anaconda3/envs/sandbox/lib/python3.7/site-packages/airflow/example_dags/example_latest_only.py
[2021-03-01 20:29:56,824] {scheduler_job.py:639} INFO - DAG(s) dict_keys(['latest_only']) retrieved from /home/i-sip_iot/anaconda3/envs/sandbox/lib/python3.7/site-packages/airflow/example_dags/example_latest_only.py
[2021-03-01 20:29:56,825] {logging_mixin.py:103} INFO - [2021-03-01 20:29:56,825] {dag.py:1813} INFO - Sync 1 DAGs
[2021-03-01 20:29:56,838] {logging_mixin.py:103} INFO - [2021-03-01 20:29:56,838] {dag.py:2266} INFO - Setting next_dagrun for latest_only to 2021-02-28 00:00:00+00:00
[2021-03-01 20:29:56,848] {scheduler_job.py:189} INFO - Processing /home/i-sip_iot/anaconda3/envs/sandbox/lib/python3.7/site-packages/airflow/example_dags/example_latest_only.py took 0.034 seconds
[2021-03-01 20:30:22,164] {scheduler_job.py:181} INFO - Started process (PID=232771) to work on /home/i-sip_iot/anaconda3/envs/sandbox/lib/python3.7/site-packages/airflow/example_dags/example_latest_only.py
[2021-03-01 20:30:22,165] {scheduler_job.py:629} INFO - Processing file /home/i-sip_iot/anaconda3/envs/sandbox/lib/python3.7/site-packages/airflow/example_dags/example_latest_only.py for tasks to queue
[2021-03-01 20:30:22,165] {logging_mixin.py:103} INFO - [2021-03-01 20:30:22,165] {dagbag.py:440} INFO - Filling up the DagBag from /home/i-sip_iot/anaconda3/envs/sandbox/lib/python3.7/site-packages/airflow/example_dags/example_latest_only.py
[2021-03-01 20:30:22,174] {scheduler_job.py:639} INFO - DAG(s) dict_keys(['latest_only']) retrieved from /home/i-sip_iot/anaconda3/envs/sandbox/lib/python3.7/site-packages/airflow/example_dags/example_latest_only.py
[2021-03-01 20:30:22,175] {logging_mixin.py:103} INFO - [2021-03-01 20:30:22,175] {dag.py:1813} INFO - Sync 1 DAGs
[2021-03-01 20:30:22,187] {logging_mixin.py:103} INFO - [2021-03-01 20:30:22,187] {dag.py:2266} INFO - Setting next_dagrun for latest_only to 2021-02-28 00:00:00+00:00
[2021-03-01 20:30:22,197] {scheduler_job.py:189} INFO - Processing /home/i-sip_iot/anaconda3/envs/sandbox/lib/python3.7/site-packages/airflow/example_dags/example_latest_only.py took 0.035 seconds
