[2021-03-01 20:26:36,183] {scheduler_job.py:181} INFO - Started process (PID=229857) to work on /home/i-sip_iot/anaconda3/envs/sandbox/lib/python3.7/site-packages/airflow/example_dags/example_kubernetes_executor.py
[2021-03-01 20:26:36,183] {scheduler_job.py:629} INFO - Processing file /home/i-sip_iot/anaconda3/envs/sandbox/lib/python3.7/site-packages/airflow/example_dags/example_kubernetes_executor.py for tasks to queue
[2021-03-01 20:26:36,184] {logging_mixin.py:103} INFO - [2021-03-01 20:26:36,183] {dagbag.py:440} INFO - Filling up the DagBag from /home/i-sip_iot/anaconda3/envs/sandbox/lib/python3.7/site-packages/airflow/example_dags/example_kubernetes_executor.py
[2021-03-01 20:26:36,189] {scheduler_job.py:639} INFO - DAG(s) dict_keys(['example_kubernetes_executor']) retrieved from /home/i-sip_iot/anaconda3/envs/sandbox/lib/python3.7/site-packages/airflow/example_dags/example_kubernetes_executor.py
[2021-03-01 20:26:36,190] {logging_mixin.py:103} INFO - [2021-03-01 20:26:36,190] {dag.py:1813} INFO - Sync 1 DAGs
[2021-03-01 20:26:36,199] {logging_mixin.py:103} INFO - [2021-03-01 20:26:36,199] {dag.py:2266} INFO - Setting next_dagrun for example_kubernetes_executor to None
[2021-03-01 20:26:36,214] {scheduler_job.py:189} INFO - Processing /home/i-sip_iot/anaconda3/envs/sandbox/lib/python3.7/site-packages/airflow/example_dags/example_kubernetes_executor.py took 0.033 seconds
[2021-03-01 20:27:00,282] {scheduler_job.py:181} INFO - Started process (PID=229929) to work on /home/i-sip_iot/anaconda3/envs/sandbox/lib/python3.7/site-packages/airflow/example_dags/example_kubernetes_executor.py
[2021-03-01 20:27:00,282] {scheduler_job.py:629} INFO - Processing file /home/i-sip_iot/anaconda3/envs/sandbox/lib/python3.7/site-packages/airflow/example_dags/example_kubernetes_executor.py for tasks to queue
[2021-03-01 20:27:00,283] {logging_mixin.py:103} INFO - [2021-03-01 20:27:00,282] {dagbag.py:440} INFO - Filling up the DagBag from /home/i-sip_iot/anaconda3/envs/sandbox/lib/python3.7/site-packages/airflow/example_dags/example_kubernetes_executor.py
[2021-03-01 20:27:00,289] {scheduler_job.py:639} INFO - DAG(s) dict_keys(['example_kubernetes_executor']) retrieved from /home/i-sip_iot/anaconda3/envs/sandbox/lib/python3.7/site-packages/airflow/example_dags/example_kubernetes_executor.py
[2021-03-01 20:27:00,289] {logging_mixin.py:103} INFO - [2021-03-01 20:27:00,289] {dag.py:1813} INFO - Sync 1 DAGs
[2021-03-01 20:27:00,300] {logging_mixin.py:103} INFO - [2021-03-01 20:27:00,299] {dag.py:2266} INFO - Setting next_dagrun for example_kubernetes_executor to None
[2021-03-01 20:27:00,305] {scheduler_job.py:189} INFO - Processing /home/i-sip_iot/anaconda3/envs/sandbox/lib/python3.7/site-packages/airflow/example_dags/example_kubernetes_executor.py took 0.025 seconds
[2021-03-01 20:27:25,495] {scheduler_job.py:181} INFO - Started process (PID=230066) to work on /home/i-sip_iot/anaconda3/envs/sandbox/lib/python3.7/site-packages/airflow/example_dags/example_kubernetes_executor.py
[2021-03-01 20:27:25,496] {scheduler_job.py:629} INFO - Processing file /home/i-sip_iot/anaconda3/envs/sandbox/lib/python3.7/site-packages/airflow/example_dags/example_kubernetes_executor.py for tasks to queue
[2021-03-01 20:27:25,496] {logging_mixin.py:103} INFO - [2021-03-01 20:27:25,496] {dagbag.py:440} INFO - Filling up the DagBag from /home/i-sip_iot/anaconda3/envs/sandbox/lib/python3.7/site-packages/airflow/example_dags/example_kubernetes_executor.py
[2021-03-01 20:27:25,502] {scheduler_job.py:639} INFO - DAG(s) dict_keys(['example_kubernetes_executor']) retrieved from /home/i-sip_iot/anaconda3/envs/sandbox/lib/python3.7/site-packages/airflow/example_dags/example_kubernetes_executor.py
[2021-03-01 20:27:25,502] {logging_mixin.py:103} INFO - [2021-03-01 20:27:25,502] {dag.py:1813} INFO - Sync 1 DAGs
[2021-03-01 20:27:25,514] {logging_mixin.py:103} INFO - [2021-03-01 20:27:25,514] {dag.py:2266} INFO - Setting next_dagrun for example_kubernetes_executor to None
[2021-03-01 20:27:25,522] {scheduler_job.py:189} INFO - Processing /home/i-sip_iot/anaconda3/envs/sandbox/lib/python3.7/site-packages/airflow/example_dags/example_kubernetes_executor.py took 0.029 seconds
[2021-03-01 20:27:51,784] {scheduler_job.py:181} INFO - Started process (PID=230339) to work on /home/i-sip_iot/anaconda3/envs/sandbox/lib/python3.7/site-packages/airflow/example_dags/example_kubernetes_executor.py
[2021-03-01 20:27:51,785] {scheduler_job.py:629} INFO - Processing file /home/i-sip_iot/anaconda3/envs/sandbox/lib/python3.7/site-packages/airflow/example_dags/example_kubernetes_executor.py for tasks to queue
[2021-03-01 20:27:51,785] {logging_mixin.py:103} INFO - [2021-03-01 20:27:51,785] {dagbag.py:440} INFO - Filling up the DagBag from /home/i-sip_iot/anaconda3/envs/sandbox/lib/python3.7/site-packages/airflow/example_dags/example_kubernetes_executor.py
[2021-03-01 20:27:51,791] {scheduler_job.py:639} INFO - DAG(s) dict_keys(['example_kubernetes_executor']) retrieved from /home/i-sip_iot/anaconda3/envs/sandbox/lib/python3.7/site-packages/airflow/example_dags/example_kubernetes_executor.py
[2021-03-01 20:27:51,791] {logging_mixin.py:103} INFO - [2021-03-01 20:27:51,791] {dag.py:1813} INFO - Sync 1 DAGs
[2021-03-01 20:27:51,800] {logging_mixin.py:103} INFO - [2021-03-01 20:27:51,800] {dag.py:2266} INFO - Setting next_dagrun for example_kubernetes_executor to None
[2021-03-01 20:27:51,808] {scheduler_job.py:189} INFO - Processing /home/i-sip_iot/anaconda3/envs/sandbox/lib/python3.7/site-packages/airflow/example_dags/example_kubernetes_executor.py took 0.025 seconds
[2021-03-01 20:28:19,065] {scheduler_job.py:181} INFO - Started process (PID=230413) to work on /home/i-sip_iot/anaconda3/envs/sandbox/lib/python3.7/site-packages/airflow/example_dags/example_kubernetes_executor.py
[2021-03-01 20:28:19,065] {scheduler_job.py:629} INFO - Processing file /home/i-sip_iot/anaconda3/envs/sandbox/lib/python3.7/site-packages/airflow/example_dags/example_kubernetes_executor.py for tasks to queue
[2021-03-01 20:28:19,066] {logging_mixin.py:103} INFO - [2021-03-01 20:28:19,066] {dagbag.py:440} INFO - Filling up the DagBag from /home/i-sip_iot/anaconda3/envs/sandbox/lib/python3.7/site-packages/airflow/example_dags/example_kubernetes_executor.py
[2021-03-01 20:28:19,072] {scheduler_job.py:639} INFO - DAG(s) dict_keys(['example_kubernetes_executor']) retrieved from /home/i-sip_iot/anaconda3/envs/sandbox/lib/python3.7/site-packages/airflow/example_dags/example_kubernetes_executor.py
[2021-03-01 20:28:19,073] {logging_mixin.py:103} INFO - [2021-03-01 20:28:19,073] {dag.py:1813} INFO - Sync 1 DAGs
[2021-03-01 20:28:19,082] {logging_mixin.py:103} INFO - [2021-03-01 20:28:19,082] {dag.py:2266} INFO - Setting next_dagrun for example_kubernetes_executor to None
[2021-03-01 20:28:19,091] {scheduler_job.py:189} INFO - Processing /home/i-sip_iot/anaconda3/envs/sandbox/lib/python3.7/site-packages/airflow/example_dags/example_kubernetes_executor.py took 0.028 seconds
[2021-03-01 20:28:44,299] {scheduler_job.py:181} INFO - Started process (PID=230671) to work on /home/i-sip_iot/anaconda3/envs/sandbox/lib/python3.7/site-packages/airflow/example_dags/example_kubernetes_executor.py
[2021-03-01 20:28:44,299] {scheduler_job.py:629} INFO - Processing file /home/i-sip_iot/anaconda3/envs/sandbox/lib/python3.7/site-packages/airflow/example_dags/example_kubernetes_executor.py for tasks to queue
[2021-03-01 20:28:44,300] {logging_mixin.py:103} INFO - [2021-03-01 20:28:44,300] {dagbag.py:440} INFO - Filling up the DagBag from /home/i-sip_iot/anaconda3/envs/sandbox/lib/python3.7/site-packages/airflow/example_dags/example_kubernetes_executor.py
[2021-03-01 20:28:44,305] {scheduler_job.py:639} INFO - DAG(s) dict_keys(['example_kubernetes_executor']) retrieved from /home/i-sip_iot/anaconda3/envs/sandbox/lib/python3.7/site-packages/airflow/example_dags/example_kubernetes_executor.py
[2021-03-01 20:28:44,306] {logging_mixin.py:103} INFO - [2021-03-01 20:28:44,306] {dag.py:1813} INFO - Sync 1 DAGs
[2021-03-01 20:28:44,314] {logging_mixin.py:103} INFO - [2021-03-01 20:28:44,314] {dag.py:2266} INFO - Setting next_dagrun for example_kubernetes_executor to None
[2021-03-01 20:28:44,323] {scheduler_job.py:189} INFO - Processing /home/i-sip_iot/anaconda3/envs/sandbox/lib/python3.7/site-packages/airflow/example_dags/example_kubernetes_executor.py took 0.026 seconds
[2021-03-01 20:29:10,048] {scheduler_job.py:181} INFO - Started process (PID=231168) to work on /home/i-sip_iot/anaconda3/envs/sandbox/lib/python3.7/site-packages/airflow/example_dags/example_kubernetes_executor.py
[2021-03-01 20:29:10,049] {scheduler_job.py:629} INFO - Processing file /home/i-sip_iot/anaconda3/envs/sandbox/lib/python3.7/site-packages/airflow/example_dags/example_kubernetes_executor.py for tasks to queue
[2021-03-01 20:29:10,050] {logging_mixin.py:103} INFO - [2021-03-01 20:29:10,050] {dagbag.py:440} INFO - Filling up the DagBag from /home/i-sip_iot/anaconda3/envs/sandbox/lib/python3.7/site-packages/airflow/example_dags/example_kubernetes_executor.py
[2021-03-01 20:29:10,058] {scheduler_job.py:639} INFO - DAG(s) dict_keys(['example_kubernetes_executor']) retrieved from /home/i-sip_iot/anaconda3/envs/sandbox/lib/python3.7/site-packages/airflow/example_dags/example_kubernetes_executor.py
[2021-03-01 20:29:10,058] {logging_mixin.py:103} INFO - [2021-03-01 20:29:10,058] {dag.py:1813} INFO - Sync 1 DAGs
[2021-03-01 20:29:10,067] {logging_mixin.py:103} INFO - [2021-03-01 20:29:10,067] {dag.py:2266} INFO - Setting next_dagrun for example_kubernetes_executor to None
[2021-03-01 20:29:10,075] {scheduler_job.py:189} INFO - Processing /home/i-sip_iot/anaconda3/envs/sandbox/lib/python3.7/site-packages/airflow/example_dags/example_kubernetes_executor.py took 0.029 seconds
[2021-03-01 20:29:35,607] {scheduler_job.py:181} INFO - Started process (PID=231887) to work on /home/i-sip_iot/anaconda3/envs/sandbox/lib/python3.7/site-packages/airflow/example_dags/example_kubernetes_executor.py
[2021-03-01 20:29:35,608] {scheduler_job.py:629} INFO - Processing file /home/i-sip_iot/anaconda3/envs/sandbox/lib/python3.7/site-packages/airflow/example_dags/example_kubernetes_executor.py for tasks to queue
[2021-03-01 20:29:35,609] {logging_mixin.py:103} INFO - [2021-03-01 20:29:35,609] {dagbag.py:440} INFO - Filling up the DagBag from /home/i-sip_iot/anaconda3/envs/sandbox/lib/python3.7/site-packages/airflow/example_dags/example_kubernetes_executor.py
[2021-03-01 20:29:35,621] {scheduler_job.py:639} INFO - DAG(s) dict_keys(['example_kubernetes_executor']) retrieved from /home/i-sip_iot/anaconda3/envs/sandbox/lib/python3.7/site-packages/airflow/example_dags/example_kubernetes_executor.py
[2021-03-01 20:29:35,622] {logging_mixin.py:103} INFO - [2021-03-01 20:29:35,622] {dag.py:1813} INFO - Sync 1 DAGs
[2021-03-01 20:29:35,638] {logging_mixin.py:103} INFO - [2021-03-01 20:29:35,638] {dag.py:2266} INFO - Setting next_dagrun for example_kubernetes_executor to None
[2021-03-01 20:29:35,664] {scheduler_job.py:189} INFO - Processing /home/i-sip_iot/anaconda3/envs/sandbox/lib/python3.7/site-packages/airflow/example_dags/example_kubernetes_executor.py took 0.060 seconds
[2021-03-01 20:30:00,814] {scheduler_job.py:181} INFO - Started process (PID=232070) to work on /home/i-sip_iot/anaconda3/envs/sandbox/lib/python3.7/site-packages/airflow/example_dags/example_kubernetes_executor.py
[2021-03-01 20:30:00,814] {scheduler_job.py:629} INFO - Processing file /home/i-sip_iot/anaconda3/envs/sandbox/lib/python3.7/site-packages/airflow/example_dags/example_kubernetes_executor.py for tasks to queue
[2021-03-01 20:30:00,815] {logging_mixin.py:103} INFO - [2021-03-01 20:30:00,815] {dagbag.py:440} INFO - Filling up the DagBag from /home/i-sip_iot/anaconda3/envs/sandbox/lib/python3.7/site-packages/airflow/example_dags/example_kubernetes_executor.py
[2021-03-01 20:30:00,822] {scheduler_job.py:639} INFO - DAG(s) dict_keys(['example_kubernetes_executor']) retrieved from /home/i-sip_iot/anaconda3/envs/sandbox/lib/python3.7/site-packages/airflow/example_dags/example_kubernetes_executor.py
[2021-03-01 20:30:00,823] {logging_mixin.py:103} INFO - [2021-03-01 20:30:00,823] {dag.py:1813} INFO - Sync 1 DAGs
[2021-03-01 20:30:00,840] {logging_mixin.py:103} INFO - [2021-03-01 20:30:00,840] {dag.py:2266} INFO - Setting next_dagrun for example_kubernetes_executor to None
[2021-03-01 20:30:00,848] {scheduler_job.py:189} INFO - Processing /home/i-sip_iot/anaconda3/envs/sandbox/lib/python3.7/site-packages/airflow/example_dags/example_kubernetes_executor.py took 0.035 seconds
[2021-03-01 20:30:26,055] {scheduler_job.py:181} INFO - Started process (PID=232795) to work on /home/i-sip_iot/anaconda3/envs/sandbox/lib/python3.7/site-packages/airflow/example_dags/example_kubernetes_executor.py
[2021-03-01 20:30:26,056] {scheduler_job.py:629} INFO - Processing file /home/i-sip_iot/anaconda3/envs/sandbox/lib/python3.7/site-packages/airflow/example_dags/example_kubernetes_executor.py for tasks to queue
[2021-03-01 20:30:26,057] {logging_mixin.py:103} INFO - [2021-03-01 20:30:26,057] {dagbag.py:440} INFO - Filling up the DagBag from /home/i-sip_iot/anaconda3/envs/sandbox/lib/python3.7/site-packages/airflow/example_dags/example_kubernetes_executor.py
[2021-03-01 20:30:26,065] {scheduler_job.py:639} INFO - DAG(s) dict_keys(['example_kubernetes_executor']) retrieved from /home/i-sip_iot/anaconda3/envs/sandbox/lib/python3.7/site-packages/airflow/example_dags/example_kubernetes_executor.py
[2021-03-01 20:30:26,065] {logging_mixin.py:103} INFO - [2021-03-01 20:30:26,065] {dag.py:1813} INFO - Sync 1 DAGs
[2021-03-01 20:30:26,077] {logging_mixin.py:103} INFO - [2021-03-01 20:30:26,077] {dag.py:2266} INFO - Setting next_dagrun for example_kubernetes_executor to None
[2021-03-01 20:30:26,085] {scheduler_job.py:189} INFO - Processing /home/i-sip_iot/anaconda3/envs/sandbox/lib/python3.7/site-packages/airflow/example_dags/example_kubernetes_executor.py took 0.031 seconds
