[2021-03-01 20:26:40,078] {scheduler_job.py:181} INFO - Started process (PID=229871) to work on /home/i-sip_iot/anaconda3/envs/sandbox/lib/python3.7/site-packages/airflow/example_dags/example_trigger_target_dag.py
[2021-03-01 20:26:40,080] {scheduler_job.py:629} INFO - Processing file /home/i-sip_iot/anaconda3/envs/sandbox/lib/python3.7/site-packages/airflow/example_dags/example_trigger_target_dag.py for tasks to queue
[2021-03-01 20:26:40,080] {logging_mixin.py:103} INFO - [2021-03-01 20:26:40,080] {dagbag.py:440} INFO - Filling up the DagBag from /home/i-sip_iot/anaconda3/envs/sandbox/lib/python3.7/site-packages/airflow/example_dags/example_trigger_target_dag.py
[2021-03-01 20:26:40,093] {scheduler_job.py:639} INFO - DAG(s) dict_keys(['example_trigger_target_dag']) retrieved from /home/i-sip_iot/anaconda3/envs/sandbox/lib/python3.7/site-packages/airflow/example_dags/example_trigger_target_dag.py
[2021-03-01 20:26:40,094] {logging_mixin.py:103} INFO - [2021-03-01 20:26:40,094] {dag.py:1813} INFO - Sync 1 DAGs
[2021-03-01 20:26:40,108] {logging_mixin.py:103} INFO - [2021-03-01 20:26:40,108] {dag.py:2266} INFO - Setting next_dagrun for example_trigger_target_dag to None
[2021-03-01 20:26:40,129] {scheduler_job.py:189} INFO - Processing /home/i-sip_iot/anaconda3/envs/sandbox/lib/python3.7/site-packages/airflow/example_dags/example_trigger_target_dag.py took 0.054 seconds
[2021-03-01 20:27:05,312] {scheduler_job.py:181} INFO - Started process (PID=229968) to work on /home/i-sip_iot/anaconda3/envs/sandbox/lib/python3.7/site-packages/airflow/example_dags/example_trigger_target_dag.py
[2021-03-01 20:27:05,312] {scheduler_job.py:629} INFO - Processing file /home/i-sip_iot/anaconda3/envs/sandbox/lib/python3.7/site-packages/airflow/example_dags/example_trigger_target_dag.py for tasks to queue
[2021-03-01 20:27:05,313] {logging_mixin.py:103} INFO - [2021-03-01 20:27:05,312] {dagbag.py:440} INFO - Filling up the DagBag from /home/i-sip_iot/anaconda3/envs/sandbox/lib/python3.7/site-packages/airflow/example_dags/example_trigger_target_dag.py
[2021-03-01 20:27:05,319] {scheduler_job.py:639} INFO - DAG(s) dict_keys(['example_trigger_target_dag']) retrieved from /home/i-sip_iot/anaconda3/envs/sandbox/lib/python3.7/site-packages/airflow/example_dags/example_trigger_target_dag.py
[2021-03-01 20:27:05,319] {logging_mixin.py:103} INFO - [2021-03-01 20:27:05,319] {dag.py:1813} INFO - Sync 1 DAGs
[2021-03-01 20:27:05,330] {logging_mixin.py:103} INFO - [2021-03-01 20:27:05,330] {dag.py:2266} INFO - Setting next_dagrun for example_trigger_target_dag to None
[2021-03-01 20:27:05,336] {scheduler_job.py:189} INFO - Processing /home/i-sip_iot/anaconda3/envs/sandbox/lib/python3.7/site-packages/airflow/example_dags/example_trigger_target_dag.py took 0.026 seconds
[2021-03-01 20:27:30,531] {scheduler_job.py:181} INFO - Started process (PID=230249) to work on /home/i-sip_iot/anaconda3/envs/sandbox/lib/python3.7/site-packages/airflow/example_dags/example_trigger_target_dag.py
[2021-03-01 20:27:30,532] {scheduler_job.py:629} INFO - Processing file /home/i-sip_iot/anaconda3/envs/sandbox/lib/python3.7/site-packages/airflow/example_dags/example_trigger_target_dag.py for tasks to queue
[2021-03-01 20:27:30,532] {logging_mixin.py:103} INFO - [2021-03-01 20:27:30,532] {dagbag.py:440} INFO - Filling up the DagBag from /home/i-sip_iot/anaconda3/envs/sandbox/lib/python3.7/site-packages/airflow/example_dags/example_trigger_target_dag.py
[2021-03-01 20:27:30,538] {scheduler_job.py:639} INFO - DAG(s) dict_keys(['example_trigger_target_dag']) retrieved from /home/i-sip_iot/anaconda3/envs/sandbox/lib/python3.7/site-packages/airflow/example_dags/example_trigger_target_dag.py
[2021-03-01 20:27:30,539] {logging_mixin.py:103} INFO - [2021-03-01 20:27:30,539] {dag.py:1813} INFO - Sync 1 DAGs
[2021-03-01 20:27:30,548] {logging_mixin.py:103} INFO - [2021-03-01 20:27:30,548] {dag.py:2266} INFO - Setting next_dagrun for example_trigger_target_dag to None
[2021-03-01 20:27:30,556] {scheduler_job.py:189} INFO - Processing /home/i-sip_iot/anaconda3/envs/sandbox/lib/python3.7/site-packages/airflow/example_dags/example_trigger_target_dag.py took 0.026 seconds
[2021-03-01 20:27:56,831] {scheduler_job.py:181} INFO - Started process (PID=230350) to work on /home/i-sip_iot/anaconda3/envs/sandbox/lib/python3.7/site-packages/airflow/example_dags/example_trigger_target_dag.py
[2021-03-01 20:27:56,832] {scheduler_job.py:629} INFO - Processing file /home/i-sip_iot/anaconda3/envs/sandbox/lib/python3.7/site-packages/airflow/example_dags/example_trigger_target_dag.py for tasks to queue
[2021-03-01 20:27:56,833] {logging_mixin.py:103} INFO - [2021-03-01 20:27:56,833] {dagbag.py:440} INFO - Filling up the DagBag from /home/i-sip_iot/anaconda3/envs/sandbox/lib/python3.7/site-packages/airflow/example_dags/example_trigger_target_dag.py
[2021-03-01 20:27:56,843] {scheduler_job.py:639} INFO - DAG(s) dict_keys(['example_trigger_target_dag']) retrieved from /home/i-sip_iot/anaconda3/envs/sandbox/lib/python3.7/site-packages/airflow/example_dags/example_trigger_target_dag.py
[2021-03-01 20:27:56,844] {logging_mixin.py:103} INFO - [2021-03-01 20:27:56,844] {dag.py:1813} INFO - Sync 1 DAGs
[2021-03-01 20:27:56,855] {logging_mixin.py:103} INFO - [2021-03-01 20:27:56,855] {dag.py:2266} INFO - Setting next_dagrun for example_trigger_target_dag to None
[2021-03-01 20:27:56,863] {scheduler_job.py:189} INFO - Processing /home/i-sip_iot/anaconda3/envs/sandbox/lib/python3.7/site-packages/airflow/example_dags/example_trigger_target_dag.py took 0.037 seconds
[2021-03-01 20:28:23,885] {scheduler_job.py:181} INFO - Started process (PID=230448) to work on /home/i-sip_iot/anaconda3/envs/sandbox/lib/python3.7/site-packages/airflow/example_dags/example_trigger_target_dag.py
[2021-03-01 20:28:23,886] {scheduler_job.py:629} INFO - Processing file /home/i-sip_iot/anaconda3/envs/sandbox/lib/python3.7/site-packages/airflow/example_dags/example_trigger_target_dag.py for tasks to queue
[2021-03-01 20:28:23,887] {logging_mixin.py:103} INFO - [2021-03-01 20:28:23,887] {dagbag.py:440} INFO - Filling up the DagBag from /home/i-sip_iot/anaconda3/envs/sandbox/lib/python3.7/site-packages/airflow/example_dags/example_trigger_target_dag.py
[2021-03-01 20:28:23,893] {scheduler_job.py:639} INFO - DAG(s) dict_keys(['example_trigger_target_dag']) retrieved from /home/i-sip_iot/anaconda3/envs/sandbox/lib/python3.7/site-packages/airflow/example_dags/example_trigger_target_dag.py
[2021-03-01 20:28:23,893] {logging_mixin.py:103} INFO - [2021-03-01 20:28:23,893] {dag.py:1813} INFO - Sync 1 DAGs
[2021-03-01 20:28:23,902] {logging_mixin.py:103} INFO - [2021-03-01 20:28:23,902] {dag.py:2266} INFO - Setting next_dagrun for example_trigger_target_dag to None
[2021-03-01 20:28:23,909] {scheduler_job.py:189} INFO - Processing /home/i-sip_iot/anaconda3/envs/sandbox/lib/python3.7/site-packages/airflow/example_dags/example_trigger_target_dag.py took 0.026 seconds
[2021-03-01 20:28:49,323] {scheduler_job.py:181} INFO - Started process (PID=230683) to work on /home/i-sip_iot/anaconda3/envs/sandbox/lib/python3.7/site-packages/airflow/example_dags/example_trigger_target_dag.py
[2021-03-01 20:28:49,323] {scheduler_job.py:629} INFO - Processing file /home/i-sip_iot/anaconda3/envs/sandbox/lib/python3.7/site-packages/airflow/example_dags/example_trigger_target_dag.py for tasks to queue
[2021-03-01 20:28:49,324] {logging_mixin.py:103} INFO - [2021-03-01 20:28:49,324] {dagbag.py:440} INFO - Filling up the DagBag from /home/i-sip_iot/anaconda3/envs/sandbox/lib/python3.7/site-packages/airflow/example_dags/example_trigger_target_dag.py
[2021-03-01 20:28:49,329] {scheduler_job.py:639} INFO - DAG(s) dict_keys(['example_trigger_target_dag']) retrieved from /home/i-sip_iot/anaconda3/envs/sandbox/lib/python3.7/site-packages/airflow/example_dags/example_trigger_target_dag.py
[2021-03-01 20:28:49,329] {logging_mixin.py:103} INFO - [2021-03-01 20:28:49,329] {dag.py:1813} INFO - Sync 1 DAGs
[2021-03-01 20:28:49,338] {logging_mixin.py:103} INFO - [2021-03-01 20:28:49,338] {dag.py:2266} INFO - Setting next_dagrun for example_trigger_target_dag to None
[2021-03-01 20:28:49,346] {scheduler_job.py:189} INFO - Processing /home/i-sip_iot/anaconda3/envs/sandbox/lib/python3.7/site-packages/airflow/example_dags/example_trigger_target_dag.py took 0.025 seconds
[2021-03-01 20:29:14,534] {scheduler_job.py:181} INFO - Started process (PID=231282) to work on /home/i-sip_iot/anaconda3/envs/sandbox/lib/python3.7/site-packages/airflow/example_dags/example_trigger_target_dag.py
[2021-03-01 20:29:14,535] {scheduler_job.py:629} INFO - Processing file /home/i-sip_iot/anaconda3/envs/sandbox/lib/python3.7/site-packages/airflow/example_dags/example_trigger_target_dag.py for tasks to queue
[2021-03-01 20:29:14,535] {logging_mixin.py:103} INFO - [2021-03-01 20:29:14,535] {dagbag.py:440} INFO - Filling up the DagBag from /home/i-sip_iot/anaconda3/envs/sandbox/lib/python3.7/site-packages/airflow/example_dags/example_trigger_target_dag.py
[2021-03-01 20:29:14,543] {scheduler_job.py:639} INFO - DAG(s) dict_keys(['example_trigger_target_dag']) retrieved from /home/i-sip_iot/anaconda3/envs/sandbox/lib/python3.7/site-packages/airflow/example_dags/example_trigger_target_dag.py
[2021-03-01 20:29:14,544] {logging_mixin.py:103} INFO - [2021-03-01 20:29:14,544] {dag.py:1813} INFO - Sync 1 DAGs
[2021-03-01 20:29:14,553] {logging_mixin.py:103} INFO - [2021-03-01 20:29:14,553] {dag.py:2266} INFO - Setting next_dagrun for example_trigger_target_dag to None
[2021-03-01 20:29:14,561] {scheduler_job.py:189} INFO - Processing /home/i-sip_iot/anaconda3/envs/sandbox/lib/python3.7/site-packages/airflow/example_dags/example_trigger_target_dag.py took 0.029 seconds
[2021-03-01 20:29:40,157] {scheduler_job.py:181} INFO - Started process (PID=231900) to work on /home/i-sip_iot/anaconda3/envs/sandbox/lib/python3.7/site-packages/airflow/example_dags/example_trigger_target_dag.py
[2021-03-01 20:29:40,159] {scheduler_job.py:629} INFO - Processing file /home/i-sip_iot/anaconda3/envs/sandbox/lib/python3.7/site-packages/airflow/example_dags/example_trigger_target_dag.py for tasks to queue
[2021-03-01 20:29:40,160] {logging_mixin.py:103} INFO - [2021-03-01 20:29:40,159] {dagbag.py:440} INFO - Filling up the DagBag from /home/i-sip_iot/anaconda3/envs/sandbox/lib/python3.7/site-packages/airflow/example_dags/example_trigger_target_dag.py
[2021-03-01 20:29:40,175] {scheduler_job.py:639} INFO - DAG(s) dict_keys(['example_trigger_target_dag']) retrieved from /home/i-sip_iot/anaconda3/envs/sandbox/lib/python3.7/site-packages/airflow/example_dags/example_trigger_target_dag.py
[2021-03-01 20:29:40,176] {logging_mixin.py:103} INFO - [2021-03-01 20:29:40,176] {dag.py:1813} INFO - Sync 1 DAGs
[2021-03-01 20:29:40,190] {logging_mixin.py:103} INFO - [2021-03-01 20:29:40,190] {dag.py:2266} INFO - Setting next_dagrun for example_trigger_target_dag to None
[2021-03-01 20:29:40,199] {scheduler_job.py:189} INFO - Processing /home/i-sip_iot/anaconda3/envs/sandbox/lib/python3.7/site-packages/airflow/example_dags/example_trigger_target_dag.py took 0.047 seconds
[2021-03-01 20:30:05,869] {scheduler_job.py:181} INFO - Started process (PID=232090) to work on /home/i-sip_iot/anaconda3/envs/sandbox/lib/python3.7/site-packages/airflow/example_dags/example_trigger_target_dag.py
[2021-03-01 20:30:05,870] {scheduler_job.py:629} INFO - Processing file /home/i-sip_iot/anaconda3/envs/sandbox/lib/python3.7/site-packages/airflow/example_dags/example_trigger_target_dag.py for tasks to queue
[2021-03-01 20:30:05,871] {logging_mixin.py:103} INFO - [2021-03-01 20:30:05,871] {dagbag.py:440} INFO - Filling up the DagBag from /home/i-sip_iot/anaconda3/envs/sandbox/lib/python3.7/site-packages/airflow/example_dags/example_trigger_target_dag.py
[2021-03-01 20:30:05,882] {scheduler_job.py:639} INFO - DAG(s) dict_keys(['example_trigger_target_dag']) retrieved from /home/i-sip_iot/anaconda3/envs/sandbox/lib/python3.7/site-packages/airflow/example_dags/example_trigger_target_dag.py
[2021-03-01 20:30:05,883] {logging_mixin.py:103} INFO - [2021-03-01 20:30:05,883] {dag.py:1813} INFO - Sync 1 DAGs
[2021-03-01 20:30:05,895] {logging_mixin.py:103} INFO - [2021-03-01 20:30:05,895] {dag.py:2266} INFO - Setting next_dagrun for example_trigger_target_dag to None
[2021-03-01 20:30:05,903] {scheduler_job.py:189} INFO - Processing /home/i-sip_iot/anaconda3/envs/sandbox/lib/python3.7/site-packages/airflow/example_dags/example_trigger_target_dag.py took 0.040 seconds
[2021-03-01 20:30:31,094] {scheduler_job.py:181} INFO - Started process (PID=232975) to work on /home/i-sip_iot/anaconda3/envs/sandbox/lib/python3.7/site-packages/airflow/example_dags/example_trigger_target_dag.py
[2021-03-01 20:30:31,099] {scheduler_job.py:629} INFO - Processing file /home/i-sip_iot/anaconda3/envs/sandbox/lib/python3.7/site-packages/airflow/example_dags/example_trigger_target_dag.py for tasks to queue
[2021-03-01 20:30:31,101] {logging_mixin.py:103} INFO - [2021-03-01 20:30:31,100] {dagbag.py:440} INFO - Filling up the DagBag from /home/i-sip_iot/anaconda3/envs/sandbox/lib/python3.7/site-packages/airflow/example_dags/example_trigger_target_dag.py
[2021-03-01 20:30:31,115] {scheduler_job.py:639} INFO - DAG(s) dict_keys(['example_trigger_target_dag']) retrieved from /home/i-sip_iot/anaconda3/envs/sandbox/lib/python3.7/site-packages/airflow/example_dags/example_trigger_target_dag.py
[2021-03-01 20:30:31,117] {logging_mixin.py:103} INFO - [2021-03-01 20:30:31,116] {dag.py:1813} INFO - Sync 1 DAGs
[2021-03-01 20:30:31,137] {logging_mixin.py:103} INFO - [2021-03-01 20:30:31,137] {dag.py:2266} INFO - Setting next_dagrun for example_trigger_target_dag to None
[2021-03-01 20:30:31,147] {scheduler_job.py:189} INFO - Processing /home/i-sip_iot/anaconda3/envs/sandbox/lib/python3.7/site-packages/airflow/example_dags/example_trigger_target_dag.py took 0.059 seconds
