[2021-03-01 20:26:36,637] {scheduler_job.py:181} INFO - Started process (PID=229859) to work on /home/i-sip_iot/anaconda3/envs/sandbox/lib/python3.7/site-packages/airflow/example_dags/tutorial_taskflow_api_etl.py
[2021-03-01 20:26:36,637] {scheduler_job.py:629} INFO - Processing file /home/i-sip_iot/anaconda3/envs/sandbox/lib/python3.7/site-packages/airflow/example_dags/tutorial_taskflow_api_etl.py for tasks to queue
[2021-03-01 20:26:36,637] {logging_mixin.py:103} INFO - [2021-03-01 20:26:36,637] {dagbag.py:440} INFO - Filling up the DagBag from /home/i-sip_iot/anaconda3/envs/sandbox/lib/python3.7/site-packages/airflow/example_dags/tutorial_taskflow_api_etl.py
[2021-03-01 20:26:36,643] {scheduler_job.py:639} INFO - DAG(s) dict_keys(['tutorial_taskflow_api_etl']) retrieved from /home/i-sip_iot/anaconda3/envs/sandbox/lib/python3.7/site-packages/airflow/example_dags/tutorial_taskflow_api_etl.py
[2021-03-01 20:26:36,644] {logging_mixin.py:103} INFO - [2021-03-01 20:26:36,644] {dag.py:1813} INFO - Sync 1 DAGs
[2021-03-01 20:26:36,653] {logging_mixin.py:103} INFO - [2021-03-01 20:26:36,653] {dag.py:2266} INFO - Setting next_dagrun for tutorial_taskflow_api_etl to None
[2021-03-01 20:26:36,670] {scheduler_job.py:189} INFO - Processing /home/i-sip_iot/anaconda3/envs/sandbox/lib/python3.7/site-packages/airflow/example_dags/tutorial_taskflow_api_etl.py took 0.035 seconds
[2021-03-01 20:27:01,303] {scheduler_job.py:181} INFO - Started process (PID=229936) to work on /home/i-sip_iot/anaconda3/envs/sandbox/lib/python3.7/site-packages/airflow/example_dags/tutorial_taskflow_api_etl.py
[2021-03-01 20:27:01,304] {scheduler_job.py:629} INFO - Processing file /home/i-sip_iot/anaconda3/envs/sandbox/lib/python3.7/site-packages/airflow/example_dags/tutorial_taskflow_api_etl.py for tasks to queue
[2021-03-01 20:27:01,304] {logging_mixin.py:103} INFO - [2021-03-01 20:27:01,304] {dagbag.py:440} INFO - Filling up the DagBag from /home/i-sip_iot/anaconda3/envs/sandbox/lib/python3.7/site-packages/airflow/example_dags/tutorial_taskflow_api_etl.py
[2021-03-01 20:27:01,310] {scheduler_job.py:639} INFO - DAG(s) dict_keys(['tutorial_taskflow_api_etl']) retrieved from /home/i-sip_iot/anaconda3/envs/sandbox/lib/python3.7/site-packages/airflow/example_dags/tutorial_taskflow_api_etl.py
[2021-03-01 20:27:01,311] {logging_mixin.py:103} INFO - [2021-03-01 20:27:01,311] {dag.py:1813} INFO - Sync 1 DAGs
[2021-03-01 20:27:01,321] {logging_mixin.py:103} INFO - [2021-03-01 20:27:01,321] {dag.py:2266} INFO - Setting next_dagrun for tutorial_taskflow_api_etl to None
[2021-03-01 20:27:01,326] {scheduler_job.py:189} INFO - Processing /home/i-sip_iot/anaconda3/envs/sandbox/lib/python3.7/site-packages/airflow/example_dags/tutorial_taskflow_api_etl.py took 0.025 seconds
[2021-03-01 20:27:26,515] {scheduler_job.py:181} INFO - Started process (PID=230067) to work on /home/i-sip_iot/anaconda3/envs/sandbox/lib/python3.7/site-packages/airflow/example_dags/tutorial_taskflow_api_etl.py
[2021-03-01 20:27:26,516] {scheduler_job.py:629} INFO - Processing file /home/i-sip_iot/anaconda3/envs/sandbox/lib/python3.7/site-packages/airflow/example_dags/tutorial_taskflow_api_etl.py for tasks to queue
[2021-03-01 20:27:26,516] {logging_mixin.py:103} INFO - [2021-03-01 20:27:26,516] {dagbag.py:440} INFO - Filling up the DagBag from /home/i-sip_iot/anaconda3/envs/sandbox/lib/python3.7/site-packages/airflow/example_dags/tutorial_taskflow_api_etl.py
[2021-03-01 20:27:26,522] {scheduler_job.py:639} INFO - DAG(s) dict_keys(['tutorial_taskflow_api_etl']) retrieved from /home/i-sip_iot/anaconda3/envs/sandbox/lib/python3.7/site-packages/airflow/example_dags/tutorial_taskflow_api_etl.py
[2021-03-01 20:27:26,523] {logging_mixin.py:103} INFO - [2021-03-01 20:27:26,522] {dag.py:1813} INFO - Sync 1 DAGs
[2021-03-01 20:27:26,533] {logging_mixin.py:103} INFO - [2021-03-01 20:27:26,533] {dag.py:2266} INFO - Setting next_dagrun for tutorial_taskflow_api_etl to None
[2021-03-01 20:27:26,549] {scheduler_job.py:189} INFO - Processing /home/i-sip_iot/anaconda3/envs/sandbox/lib/python3.7/site-packages/airflow/example_dags/tutorial_taskflow_api_etl.py took 0.035 seconds
[2021-03-01 20:27:52,808] {scheduler_job.py:181} INFO - Started process (PID=230341) to work on /home/i-sip_iot/anaconda3/envs/sandbox/lib/python3.7/site-packages/airflow/example_dags/tutorial_taskflow_api_etl.py
[2021-03-01 20:27:52,809] {scheduler_job.py:629} INFO - Processing file /home/i-sip_iot/anaconda3/envs/sandbox/lib/python3.7/site-packages/airflow/example_dags/tutorial_taskflow_api_etl.py for tasks to queue
[2021-03-01 20:27:52,810] {logging_mixin.py:103} INFO - [2021-03-01 20:27:52,810] {dagbag.py:440} INFO - Filling up the DagBag from /home/i-sip_iot/anaconda3/envs/sandbox/lib/python3.7/site-packages/airflow/example_dags/tutorial_taskflow_api_etl.py
[2021-03-01 20:27:52,816] {scheduler_job.py:639} INFO - DAG(s) dict_keys(['tutorial_taskflow_api_etl']) retrieved from /home/i-sip_iot/anaconda3/envs/sandbox/lib/python3.7/site-packages/airflow/example_dags/tutorial_taskflow_api_etl.py
[2021-03-01 20:27:52,817] {logging_mixin.py:103} INFO - [2021-03-01 20:27:52,817] {dag.py:1813} INFO - Sync 1 DAGs
[2021-03-01 20:27:52,827] {logging_mixin.py:103} INFO - [2021-03-01 20:27:52,827] {dag.py:2266} INFO - Setting next_dagrun for tutorial_taskflow_api_etl to None
[2021-03-01 20:27:52,831] {scheduler_job.py:189} INFO - Processing /home/i-sip_iot/anaconda3/envs/sandbox/lib/python3.7/site-packages/airflow/example_dags/tutorial_taskflow_api_etl.py took 0.024 seconds
[2021-03-01 20:28:19,965] {scheduler_job.py:181} INFO - Started process (PID=230417) to work on /home/i-sip_iot/anaconda3/envs/sandbox/lib/python3.7/site-packages/airflow/example_dags/tutorial_taskflow_api_etl.py
[2021-03-01 20:28:19,965] {scheduler_job.py:629} INFO - Processing file /home/i-sip_iot/anaconda3/envs/sandbox/lib/python3.7/site-packages/airflow/example_dags/tutorial_taskflow_api_etl.py for tasks to queue
[2021-03-01 20:28:19,966] {logging_mixin.py:103} INFO - [2021-03-01 20:28:19,966] {dagbag.py:440} INFO - Filling up the DagBag from /home/i-sip_iot/anaconda3/envs/sandbox/lib/python3.7/site-packages/airflow/example_dags/tutorial_taskflow_api_etl.py
[2021-03-01 20:28:19,973] {scheduler_job.py:639} INFO - DAG(s) dict_keys(['tutorial_taskflow_api_etl']) retrieved from /home/i-sip_iot/anaconda3/envs/sandbox/lib/python3.7/site-packages/airflow/example_dags/tutorial_taskflow_api_etl.py
[2021-03-01 20:28:19,974] {logging_mixin.py:103} INFO - [2021-03-01 20:28:19,974] {dag.py:1813} INFO - Sync 1 DAGs
[2021-03-01 20:28:20,003] {logging_mixin.py:103} INFO - [2021-03-01 20:28:20,003] {dag.py:2266} INFO - Setting next_dagrun for tutorial_taskflow_api_etl to None
[2021-03-01 20:28:20,018] {scheduler_job.py:189} INFO - Processing /home/i-sip_iot/anaconda3/envs/sandbox/lib/python3.7/site-packages/airflow/example_dags/tutorial_taskflow_api_etl.py took 0.055 seconds
[2021-03-01 20:28:45,216] {scheduler_job.py:181} INFO - Started process (PID=230672) to work on /home/i-sip_iot/anaconda3/envs/sandbox/lib/python3.7/site-packages/airflow/example_dags/tutorial_taskflow_api_etl.py
[2021-03-01 20:28:45,217] {scheduler_job.py:629} INFO - Processing file /home/i-sip_iot/anaconda3/envs/sandbox/lib/python3.7/site-packages/airflow/example_dags/tutorial_taskflow_api_etl.py for tasks to queue
[2021-03-01 20:28:45,217] {logging_mixin.py:103} INFO - [2021-03-01 20:28:45,217] {dagbag.py:440} INFO - Filling up the DagBag from /home/i-sip_iot/anaconda3/envs/sandbox/lib/python3.7/site-packages/airflow/example_dags/tutorial_taskflow_api_etl.py
[2021-03-01 20:28:45,226] {scheduler_job.py:639} INFO - DAG(s) dict_keys(['tutorial_taskflow_api_etl']) retrieved from /home/i-sip_iot/anaconda3/envs/sandbox/lib/python3.7/site-packages/airflow/example_dags/tutorial_taskflow_api_etl.py
[2021-03-01 20:28:45,226] {logging_mixin.py:103} INFO - [2021-03-01 20:28:45,226] {dag.py:1813} INFO - Sync 1 DAGs
[2021-03-01 20:28:45,242] {logging_mixin.py:103} INFO - [2021-03-01 20:28:45,242] {dag.py:2266} INFO - Setting next_dagrun for tutorial_taskflow_api_etl to None
[2021-03-01 20:28:45,248] {scheduler_job.py:189} INFO - Processing /home/i-sip_iot/anaconda3/envs/sandbox/lib/python3.7/site-packages/airflow/example_dags/tutorial_taskflow_api_etl.py took 0.035 seconds
[2021-03-01 20:29:10,394] {scheduler_job.py:181} INFO - Started process (PID=231169) to work on /home/i-sip_iot/anaconda3/envs/sandbox/lib/python3.7/site-packages/airflow/example_dags/tutorial_taskflow_api_etl.py
[2021-03-01 20:29:10,396] {scheduler_job.py:629} INFO - Processing file /home/i-sip_iot/anaconda3/envs/sandbox/lib/python3.7/site-packages/airflow/example_dags/tutorial_taskflow_api_etl.py for tasks to queue
[2021-03-01 20:29:10,397] {logging_mixin.py:103} INFO - [2021-03-01 20:29:10,397] {dagbag.py:440} INFO - Filling up the DagBag from /home/i-sip_iot/anaconda3/envs/sandbox/lib/python3.7/site-packages/airflow/example_dags/tutorial_taskflow_api_etl.py
[2021-03-01 20:29:10,410] {scheduler_job.py:639} INFO - DAG(s) dict_keys(['tutorial_taskflow_api_etl']) retrieved from /home/i-sip_iot/anaconda3/envs/sandbox/lib/python3.7/site-packages/airflow/example_dags/tutorial_taskflow_api_etl.py
[2021-03-01 20:29:10,411] {logging_mixin.py:103} INFO - [2021-03-01 20:29:10,411] {dag.py:1813} INFO - Sync 1 DAGs
[2021-03-01 20:29:10,432] {logging_mixin.py:103} INFO - [2021-03-01 20:29:10,432] {dag.py:2266} INFO - Setting next_dagrun for tutorial_taskflow_api_etl to None
[2021-03-01 20:29:10,447] {scheduler_job.py:189} INFO - Processing /home/i-sip_iot/anaconda3/envs/sandbox/lib/python3.7/site-packages/airflow/example_dags/tutorial_taskflow_api_etl.py took 0.059 seconds
[2021-03-01 20:29:36,653] {scheduler_job.py:181} INFO - Started process (PID=231890) to work on /home/i-sip_iot/anaconda3/envs/sandbox/lib/python3.7/site-packages/airflow/example_dags/tutorial_taskflow_api_etl.py
[2021-03-01 20:29:36,655] {scheduler_job.py:629} INFO - Processing file /home/i-sip_iot/anaconda3/envs/sandbox/lib/python3.7/site-packages/airflow/example_dags/tutorial_taskflow_api_etl.py for tasks to queue
[2021-03-01 20:29:36,656] {logging_mixin.py:103} INFO - [2021-03-01 20:29:36,656] {dagbag.py:440} INFO - Filling up the DagBag from /home/i-sip_iot/anaconda3/envs/sandbox/lib/python3.7/site-packages/airflow/example_dags/tutorial_taskflow_api_etl.py
[2021-03-01 20:29:36,673] {scheduler_job.py:639} INFO - DAG(s) dict_keys(['tutorial_taskflow_api_etl']) retrieved from /home/i-sip_iot/anaconda3/envs/sandbox/lib/python3.7/site-packages/airflow/example_dags/tutorial_taskflow_api_etl.py
[2021-03-01 20:29:36,674] {logging_mixin.py:103} INFO - [2021-03-01 20:29:36,674] {dag.py:1813} INFO - Sync 1 DAGs
[2021-03-01 20:29:36,687] {logging_mixin.py:103} INFO - [2021-03-01 20:29:36,687] {dag.py:2266} INFO - Setting next_dagrun for tutorial_taskflow_api_etl to None
[2021-03-01 20:29:36,692] {scheduler_job.py:189} INFO - Processing /home/i-sip_iot/anaconda3/envs/sandbox/lib/python3.7/site-packages/airflow/example_dags/tutorial_taskflow_api_etl.py took 0.046 seconds
[2021-03-01 20:30:01,844] {scheduler_job.py:181} INFO - Started process (PID=232071) to work on /home/i-sip_iot/anaconda3/envs/sandbox/lib/python3.7/site-packages/airflow/example_dags/tutorial_taskflow_api_etl.py
[2021-03-01 20:30:01,845] {scheduler_job.py:629} INFO - Processing file /home/i-sip_iot/anaconda3/envs/sandbox/lib/python3.7/site-packages/airflow/example_dags/tutorial_taskflow_api_etl.py for tasks to queue
[2021-03-01 20:30:01,845] {logging_mixin.py:103} INFO - [2021-03-01 20:30:01,845] {dagbag.py:440} INFO - Filling up the DagBag from /home/i-sip_iot/anaconda3/envs/sandbox/lib/python3.7/site-packages/airflow/example_dags/tutorial_taskflow_api_etl.py
[2021-03-01 20:30:01,852] {scheduler_job.py:639} INFO - DAG(s) dict_keys(['tutorial_taskflow_api_etl']) retrieved from /home/i-sip_iot/anaconda3/envs/sandbox/lib/python3.7/site-packages/airflow/example_dags/tutorial_taskflow_api_etl.py
[2021-03-01 20:30:01,852] {logging_mixin.py:103} INFO - [2021-03-01 20:30:01,852] {dag.py:1813} INFO - Sync 1 DAGs
[2021-03-01 20:30:01,861] {logging_mixin.py:103} INFO - [2021-03-01 20:30:01,861] {dag.py:2266} INFO - Setting next_dagrun for tutorial_taskflow_api_etl to None
[2021-03-01 20:30:01,875] {scheduler_job.py:189} INFO - Processing /home/i-sip_iot/anaconda3/envs/sandbox/lib/python3.7/site-packages/airflow/example_dags/tutorial_taskflow_api_etl.py took 0.032 seconds
[2021-03-01 20:30:27,091] {scheduler_job.py:181} INFO - Started process (PID=232796) to work on /home/i-sip_iot/anaconda3/envs/sandbox/lib/python3.7/site-packages/airflow/example_dags/tutorial_taskflow_api_etl.py
[2021-03-01 20:30:27,094] {scheduler_job.py:629} INFO - Processing file /home/i-sip_iot/anaconda3/envs/sandbox/lib/python3.7/site-packages/airflow/example_dags/tutorial_taskflow_api_etl.py for tasks to queue
[2021-03-01 20:30:27,095] {logging_mixin.py:103} INFO - [2021-03-01 20:30:27,095] {dagbag.py:440} INFO - Filling up the DagBag from /home/i-sip_iot/anaconda3/envs/sandbox/lib/python3.7/site-packages/airflow/example_dags/tutorial_taskflow_api_etl.py
[2021-03-01 20:30:27,110] {scheduler_job.py:639} INFO - DAG(s) dict_keys(['tutorial_taskflow_api_etl']) retrieved from /home/i-sip_iot/anaconda3/envs/sandbox/lib/python3.7/site-packages/airflow/example_dags/tutorial_taskflow_api_etl.py
[2021-03-01 20:30:27,111] {logging_mixin.py:103} INFO - [2021-03-01 20:30:27,111] {dag.py:1813} INFO - Sync 1 DAGs
[2021-03-01 20:30:27,123] {logging_mixin.py:103} INFO - [2021-03-01 20:30:27,123] {dag.py:2266} INFO - Setting next_dagrun for tutorial_taskflow_api_etl to None
[2021-03-01 20:30:27,128] {scheduler_job.py:189} INFO - Processing /home/i-sip_iot/anaconda3/envs/sandbox/lib/python3.7/site-packages/airflow/example_dags/tutorial_taskflow_api_etl.py took 0.040 seconds
