[2021-03-01 20:26:48,259] {scheduler_job.py:181} INFO - Started process (PID=229883) to work on /home/i-sip_iot/anaconda3/envs/sandbox/lib/python3.7/site-packages/airflow/example_dags/tutorial_etl_dag.py
[2021-03-01 20:26:48,260] {scheduler_job.py:629} INFO - Processing file /home/i-sip_iot/anaconda3/envs/sandbox/lib/python3.7/site-packages/airflow/example_dags/tutorial_etl_dag.py for tasks to queue
[2021-03-01 20:26:48,261] {logging_mixin.py:103} INFO - [2021-03-01 20:26:48,261] {dagbag.py:440} INFO - Filling up the DagBag from /home/i-sip_iot/anaconda3/envs/sandbox/lib/python3.7/site-packages/airflow/example_dags/tutorial_etl_dag.py
[2021-03-01 20:26:48,271] {scheduler_job.py:639} INFO - DAG(s) dict_keys(['tutorial_etl_dag']) retrieved from /home/i-sip_iot/anaconda3/envs/sandbox/lib/python3.7/site-packages/airflow/example_dags/tutorial_etl_dag.py
[2021-03-01 20:26:48,271] {logging_mixin.py:103} INFO - [2021-03-01 20:26:48,271] {dag.py:1813} INFO - Sync 1 DAGs
[2021-03-01 20:26:48,282] {logging_mixin.py:103} INFO - [2021-03-01 20:26:48,282] {dag.py:2266} INFO - Setting next_dagrun for tutorial_etl_dag to None
[2021-03-01 20:26:48,302] {scheduler_job.py:189} INFO - Processing /home/i-sip_iot/anaconda3/envs/sandbox/lib/python3.7/site-packages/airflow/example_dags/tutorial_etl_dag.py took 0.046 seconds
[2021-03-01 20:27:13,461] {scheduler_job.py:181} INFO - Started process (PID=230005) to work on /home/i-sip_iot/anaconda3/envs/sandbox/lib/python3.7/site-packages/airflow/example_dags/tutorial_etl_dag.py
[2021-03-01 20:27:13,461] {scheduler_job.py:629} INFO - Processing file /home/i-sip_iot/anaconda3/envs/sandbox/lib/python3.7/site-packages/airflow/example_dags/tutorial_etl_dag.py for tasks to queue
[2021-03-01 20:27:13,462] {logging_mixin.py:103} INFO - [2021-03-01 20:27:13,462] {dagbag.py:440} INFO - Filling up the DagBag from /home/i-sip_iot/anaconda3/envs/sandbox/lib/python3.7/site-packages/airflow/example_dags/tutorial_etl_dag.py
[2021-03-01 20:27:13,468] {scheduler_job.py:639} INFO - DAG(s) dict_keys(['tutorial_etl_dag']) retrieved from /home/i-sip_iot/anaconda3/envs/sandbox/lib/python3.7/site-packages/airflow/example_dags/tutorial_etl_dag.py
[2021-03-01 20:27:13,468] {logging_mixin.py:103} INFO - [2021-03-01 20:27:13,468] {dag.py:1813} INFO - Sync 1 DAGs
[2021-03-01 20:27:13,478] {logging_mixin.py:103} INFO - [2021-03-01 20:27:13,478] {dag.py:2266} INFO - Setting next_dagrun for tutorial_etl_dag to None
[2021-03-01 20:27:13,487] {scheduler_job.py:189} INFO - Processing /home/i-sip_iot/anaconda3/envs/sandbox/lib/python3.7/site-packages/airflow/example_dags/tutorial_etl_dag.py took 0.028 seconds
[2021-03-01 20:27:38,816] {scheduler_job.py:181} INFO - Started process (PID=230285) to work on /home/i-sip_iot/anaconda3/envs/sandbox/lib/python3.7/site-packages/airflow/example_dags/tutorial_etl_dag.py
[2021-03-01 20:27:38,817] {scheduler_job.py:629} INFO - Processing file /home/i-sip_iot/anaconda3/envs/sandbox/lib/python3.7/site-packages/airflow/example_dags/tutorial_etl_dag.py for tasks to queue
[2021-03-01 20:27:38,818] {logging_mixin.py:103} INFO - [2021-03-01 20:27:38,817] {dagbag.py:440} INFO - Filling up the DagBag from /home/i-sip_iot/anaconda3/envs/sandbox/lib/python3.7/site-packages/airflow/example_dags/tutorial_etl_dag.py
[2021-03-01 20:27:38,824] {scheduler_job.py:639} INFO - DAG(s) dict_keys(['tutorial_etl_dag']) retrieved from /home/i-sip_iot/anaconda3/envs/sandbox/lib/python3.7/site-packages/airflow/example_dags/tutorial_etl_dag.py
[2021-03-01 20:27:38,825] {logging_mixin.py:103} INFO - [2021-03-01 20:27:38,824] {dag.py:1813} INFO - Sync 1 DAGs
[2021-03-01 20:27:38,833] {logging_mixin.py:103} INFO - [2021-03-01 20:27:38,833] {dag.py:2266} INFO - Setting next_dagrun for tutorial_etl_dag to None
[2021-03-01 20:27:38,842] {scheduler_job.py:189} INFO - Processing /home/i-sip_iot/anaconda3/envs/sandbox/lib/python3.7/site-packages/airflow/example_dags/tutorial_etl_dag.py took 0.027 seconds
[2021-03-01 20:28:05,898] {scheduler_job.py:181} INFO - Started process (PID=230387) to work on /home/i-sip_iot/anaconda3/envs/sandbox/lib/python3.7/site-packages/airflow/example_dags/tutorial_etl_dag.py
[2021-03-01 20:28:05,898] {scheduler_job.py:629} INFO - Processing file /home/i-sip_iot/anaconda3/envs/sandbox/lib/python3.7/site-packages/airflow/example_dags/tutorial_etl_dag.py for tasks to queue
[2021-03-01 20:28:05,899] {logging_mixin.py:103} INFO - [2021-03-01 20:28:05,899] {dagbag.py:440} INFO - Filling up the DagBag from /home/i-sip_iot/anaconda3/envs/sandbox/lib/python3.7/site-packages/airflow/example_dags/tutorial_etl_dag.py
[2021-03-01 20:28:05,906] {scheduler_job.py:639} INFO - DAG(s) dict_keys(['tutorial_etl_dag']) retrieved from /home/i-sip_iot/anaconda3/envs/sandbox/lib/python3.7/site-packages/airflow/example_dags/tutorial_etl_dag.py
[2021-03-01 20:28:05,906] {logging_mixin.py:103} INFO - [2021-03-01 20:28:05,906] {dag.py:1813} INFO - Sync 1 DAGs
[2021-03-01 20:28:05,917] {logging_mixin.py:103} INFO - [2021-03-01 20:28:05,917] {dag.py:2266} INFO - Setting next_dagrun for tutorial_etl_dag to None
[2021-03-01 20:28:05,927] {scheduler_job.py:189} INFO - Processing /home/i-sip_iot/anaconda3/envs/sandbox/lib/python3.7/site-packages/airflow/example_dags/tutorial_etl_dag.py took 0.031 seconds
[2021-03-01 20:28:32,150] {scheduler_job.py:181} INFO - Started process (PID=230653) to work on /home/i-sip_iot/anaconda3/envs/sandbox/lib/python3.7/site-packages/airflow/example_dags/tutorial_etl_dag.py
[2021-03-01 20:28:32,153] {scheduler_job.py:629} INFO - Processing file /home/i-sip_iot/anaconda3/envs/sandbox/lib/python3.7/site-packages/airflow/example_dags/tutorial_etl_dag.py for tasks to queue
[2021-03-01 20:28:32,154] {logging_mixin.py:103} INFO - [2021-03-01 20:28:32,154] {dagbag.py:440} INFO - Filling up the DagBag from /home/i-sip_iot/anaconda3/envs/sandbox/lib/python3.7/site-packages/airflow/example_dags/tutorial_etl_dag.py
[2021-03-01 20:28:32,169] {scheduler_job.py:639} INFO - DAG(s) dict_keys(['tutorial_etl_dag']) retrieved from /home/i-sip_iot/anaconda3/envs/sandbox/lib/python3.7/site-packages/airflow/example_dags/tutorial_etl_dag.py
[2021-03-01 20:28:32,170] {logging_mixin.py:103} INFO - [2021-03-01 20:28:32,170] {dag.py:1813} INFO - Sync 1 DAGs
[2021-03-01 20:28:32,183] {logging_mixin.py:103} INFO - [2021-03-01 20:28:32,183] {dag.py:2266} INFO - Setting next_dagrun for tutorial_etl_dag to None
[2021-03-01 20:28:32,192] {scheduler_job.py:189} INFO - Processing /home/i-sip_iot/anaconda3/envs/sandbox/lib/python3.7/site-packages/airflow/example_dags/tutorial_etl_dag.py took 0.048 seconds
[2021-03-01 20:28:57,340] {scheduler_job.py:181} INFO - Started process (PID=230766) to work on /home/i-sip_iot/anaconda3/envs/sandbox/lib/python3.7/site-packages/airflow/example_dags/tutorial_etl_dag.py
[2021-03-01 20:28:57,340] {scheduler_job.py:629} INFO - Processing file /home/i-sip_iot/anaconda3/envs/sandbox/lib/python3.7/site-packages/airflow/example_dags/tutorial_etl_dag.py for tasks to queue
[2021-03-01 20:28:57,341] {logging_mixin.py:103} INFO - [2021-03-01 20:28:57,341] {dagbag.py:440} INFO - Filling up the DagBag from /home/i-sip_iot/anaconda3/envs/sandbox/lib/python3.7/site-packages/airflow/example_dags/tutorial_etl_dag.py
[2021-03-01 20:28:57,346] {scheduler_job.py:639} INFO - DAG(s) dict_keys(['tutorial_etl_dag']) retrieved from /home/i-sip_iot/anaconda3/envs/sandbox/lib/python3.7/site-packages/airflow/example_dags/tutorial_etl_dag.py
[2021-03-01 20:28:57,347] {logging_mixin.py:103} INFO - [2021-03-01 20:28:57,347] {dag.py:1813} INFO - Sync 1 DAGs
[2021-03-01 20:28:57,357] {logging_mixin.py:103} INFO - [2021-03-01 20:28:57,357] {dag.py:2266} INFO - Setting next_dagrun for tutorial_etl_dag to None
[2021-03-01 20:28:57,366] {scheduler_job.py:189} INFO - Processing /home/i-sip_iot/anaconda3/envs/sandbox/lib/python3.7/site-packages/airflow/example_dags/tutorial_etl_dag.py took 0.027 seconds
[2021-03-01 20:29:23,048] {scheduler_job.py:181} INFO - Started process (PID=231675) to work on /home/i-sip_iot/anaconda3/envs/sandbox/lib/python3.7/site-packages/airflow/example_dags/tutorial_etl_dag.py
[2021-03-01 20:29:23,049] {scheduler_job.py:629} INFO - Processing file /home/i-sip_iot/anaconda3/envs/sandbox/lib/python3.7/site-packages/airflow/example_dags/tutorial_etl_dag.py for tasks to queue
[2021-03-01 20:29:23,049] {logging_mixin.py:103} INFO - [2021-03-01 20:29:23,049] {dagbag.py:440} INFO - Filling up the DagBag from /home/i-sip_iot/anaconda3/envs/sandbox/lib/python3.7/site-packages/airflow/example_dags/tutorial_etl_dag.py
[2021-03-01 20:29:23,056] {scheduler_job.py:639} INFO - DAG(s) dict_keys(['tutorial_etl_dag']) retrieved from /home/i-sip_iot/anaconda3/envs/sandbox/lib/python3.7/site-packages/airflow/example_dags/tutorial_etl_dag.py
[2021-03-01 20:29:23,056] {logging_mixin.py:103} INFO - [2021-03-01 20:29:23,056] {dag.py:1813} INFO - Sync 1 DAGs
[2021-03-01 20:29:23,068] {logging_mixin.py:103} INFO - [2021-03-01 20:29:23,068] {dag.py:2266} INFO - Setting next_dagrun for tutorial_etl_dag to None
[2021-03-01 20:29:23,076] {scheduler_job.py:189} INFO - Processing /home/i-sip_iot/anaconda3/envs/sandbox/lib/python3.7/site-packages/airflow/example_dags/tutorial_etl_dag.py took 0.029 seconds
[2021-03-01 20:29:48,778] {scheduler_job.py:181} INFO - Started process (PID=231924) to work on /home/i-sip_iot/anaconda3/envs/sandbox/lib/python3.7/site-packages/airflow/example_dags/tutorial_etl_dag.py
[2021-03-01 20:29:48,778] {scheduler_job.py:629} INFO - Processing file /home/i-sip_iot/anaconda3/envs/sandbox/lib/python3.7/site-packages/airflow/example_dags/tutorial_etl_dag.py for tasks to queue
[2021-03-01 20:29:48,779] {logging_mixin.py:103} INFO - [2021-03-01 20:29:48,779] {dagbag.py:440} INFO - Filling up the DagBag from /home/i-sip_iot/anaconda3/envs/sandbox/lib/python3.7/site-packages/airflow/example_dags/tutorial_etl_dag.py
[2021-03-01 20:29:48,788] {scheduler_job.py:639} INFO - DAG(s) dict_keys(['tutorial_etl_dag']) retrieved from /home/i-sip_iot/anaconda3/envs/sandbox/lib/python3.7/site-packages/airflow/example_dags/tutorial_etl_dag.py
[2021-03-01 20:29:48,788] {logging_mixin.py:103} INFO - [2021-03-01 20:29:48,788] {dag.py:1813} INFO - Sync 1 DAGs
[2021-03-01 20:29:48,798] {logging_mixin.py:103} INFO - [2021-03-01 20:29:48,798] {dag.py:2266} INFO - Setting next_dagrun for tutorial_etl_dag to None
[2021-03-01 20:29:48,807] {scheduler_job.py:189} INFO - Processing /home/i-sip_iot/anaconda3/envs/sandbox/lib/python3.7/site-packages/airflow/example_dags/tutorial_etl_dag.py took 0.031 seconds
[2021-03-01 20:30:14,061] {scheduler_job.py:181} INFO - Started process (PID=232124) to work on /home/i-sip_iot/anaconda3/envs/sandbox/lib/python3.7/site-packages/airflow/example_dags/tutorial_etl_dag.py
[2021-03-01 20:30:14,067] {scheduler_job.py:629} INFO - Processing file /home/i-sip_iot/anaconda3/envs/sandbox/lib/python3.7/site-packages/airflow/example_dags/tutorial_etl_dag.py for tasks to queue
[2021-03-01 20:30:14,069] {logging_mixin.py:103} INFO - [2021-03-01 20:30:14,069] {dagbag.py:440} INFO - Filling up the DagBag from /home/i-sip_iot/anaconda3/envs/sandbox/lib/python3.7/site-packages/airflow/example_dags/tutorial_etl_dag.py
[2021-03-01 20:30:14,085] {scheduler_job.py:639} INFO - DAG(s) dict_keys(['tutorial_etl_dag']) retrieved from /home/i-sip_iot/anaconda3/envs/sandbox/lib/python3.7/site-packages/airflow/example_dags/tutorial_etl_dag.py
[2021-03-01 20:30:14,086] {logging_mixin.py:103} INFO - [2021-03-01 20:30:14,085] {dag.py:1813} INFO - Sync 1 DAGs
[2021-03-01 20:30:14,097] {logging_mixin.py:103} INFO - [2021-03-01 20:30:14,097] {dag.py:2266} INFO - Setting next_dagrun for tutorial_etl_dag to None
[2021-03-01 20:30:14,105] {scheduler_job.py:189} INFO - Processing /home/i-sip_iot/anaconda3/envs/sandbox/lib/python3.7/site-packages/airflow/example_dags/tutorial_etl_dag.py took 0.051 seconds
