[2021-03-01 20:57:06,948] {taskinstance.py:826} INFO - Dependencies all met for <TaskInstance: user_processing.user_extraction 2020-07-27T00:00:00+00:00 [queued]>
[2021-03-01 20:57:06,952] {taskinstance.py:826} INFO - Dependencies all met for <TaskInstance: user_processing.user_extraction 2020-07-27T00:00:00+00:00 [queued]>
[2021-03-01 20:57:06,953] {taskinstance.py:1017} INFO - 
--------------------------------------------------------------------------------
[2021-03-01 20:57:06,953] {taskinstance.py:1018} INFO - Starting attempt 1 of 1
[2021-03-01 20:57:06,953] {taskinstance.py:1019} INFO - 
--------------------------------------------------------------------------------
[2021-03-01 20:57:06,960] {taskinstance.py:1038} INFO - Executing <Task(SimpleHttpOperator): user_extraction> on 2020-07-27T00:00:00+00:00
[2021-03-01 20:57:06,962] {standard_task_runner.py:51} INFO - Started process 261197 to run task
[2021-03-01 20:57:06,964] {standard_task_runner.py:75} INFO - Running: ['airflow', 'tasks', 'run', 'user_processing', 'user_extraction', '2020-07-27T00:00:00+00:00', '--job-id', '1090', '--pool', 'default_pool', '--raw', '--subdir', 'DAGS_FOLDER/user_processing.py', '--cfg-path', '/tmp/tmp29uxbgau']
[2021-03-01 20:57:06,965] {standard_task_runner.py:76} INFO - Job 1090: Subtask user_extraction
[2021-03-01 20:57:06,984] {logging_mixin.py:103} INFO - Running <TaskInstance: user_processing.user_extraction 2020-07-27T00:00:00+00:00 [running]> on host pop-os.localdomain
[2021-03-01 20:57:07,013] {taskinstance.py:1232} INFO - Exporting the following env vars:
AIRFLOW_CTX_DAG_OWNER=airflow
AIRFLOW_CTX_DAG_ID=user_processing
AIRFLOW_CTX_TASK_ID=user_extraction
AIRFLOW_CTX_EXECUTION_DATE=2020-07-27T00:00:00+00:00
AIRFLOW_CTX_DAG_RUN_ID=scheduled__2020-07-27T00:00:00+00:00
[2021-03-01 20:57:07,014] {http.py:106} INFO - Calling HTTP method
[2021-03-01 20:57:07,018] {base.py:74} INFO - Using connection to: id: user_api. Host: https://randomuser.me/, Port: None, Schema: , Login: , Password: None, extra: None
[2021-03-01 20:57:07,020] {http.py:140} INFO - Sending 'GET' to url: https://randomuser.me/api/
[2021-03-01 20:57:07,141] {http.py:110} INFO - {"results":[{"gender":"male","name":{"title":"Mr","first":"Emil","last":"Lakso"},"location":{"street":{"number":8355,"name":"Bulevardi"},"city":"Taivalkoski","state":"Satakunta","country":"Finland","postcode":58119,"coordinates":{"latitude":"-10.5163","longitude":"-71.9937"},"timezone":{"offset":"-5:00","description":"Eastern Time (US & Canada), Bogota, Lima"}},"email":"emil.lakso@example.com","login":{"uuid":"463d0da8-76ff-4067-991c-08d1b75c1d58","username":"bigrabbit136","password":"memorex","salt":"Dy87aBDJ","md5":"19c32918a03ae1fc8d55e49b9b4675c0","sha1":"ad8e04519cf8047df29a48004400791272ac8d42","sha256":"8a1650a4e6ff30667d31d0e80aeefeb0cc8dc7cc2ef3b68853ccdb2bcaa437e2"},"dob":{"date":"1972-02-26T23:09:43.807Z","age":49},"registered":{"date":"2016-08-03T06:08:57.065Z","age":5},"phone":"07-438-183","cell":"045-102-09-19","id":{"name":"HETU","value":"NaNNA711undefined"},"picture":{"large":"https://randomuser.me/api/portraits/men/12.jpg","medium":"https://randomuser.me/api/portraits/med/men/12.jpg","thumbnail":"https://randomuser.me/api/portraits/thumb/men/12.jpg"},"nat":"FI"}],"info":{"seed":"29927d61d0269f85","results":1,"page":1,"version":"1.3"}}
[2021-03-01 20:57:07,174] {taskinstance.py:1142} INFO - Marking task as SUCCESS. dag_id=user_processing, task_id=user_extraction, execution_date=20200727T000000, start_date=20210302T015706, end_date=20210302T015707
[2021-03-01 20:57:07,203] {taskinstance.py:1195} INFO - 1 downstream tasks scheduled from follow-on schedule check
[2021-03-01 20:57:07,216] {local_task_job.py:118} INFO - Task exited with return code 0
