[2021-03-01 20:42:34,965] {taskinstance.py:826} INFO - Dependencies all met for <TaskInstance: user_processing.user_extraction 2020-03-09T00:00:00+00:00 [queued]>
[2021-03-01 20:42:34,971] {taskinstance.py:826} INFO - Dependencies all met for <TaskInstance: user_processing.user_extraction 2020-03-09T00:00:00+00:00 [queued]>
[2021-03-01 20:42:34,971] {taskinstance.py:1017} INFO - 
--------------------------------------------------------------------------------
[2021-03-01 20:42:34,971] {taskinstance.py:1018} INFO - Starting attempt 1 of 1
[2021-03-01 20:42:34,971] {taskinstance.py:1019} INFO - 
--------------------------------------------------------------------------------
[2021-03-01 20:42:34,982] {taskinstance.py:1038} INFO - Executing <Task(SimpleHttpOperator): user_extraction> on 2020-03-09T00:00:00+00:00
[2021-03-01 20:42:34,986] {standard_task_runner.py:51} INFO - Started process 243477 to run task
[2021-03-01 20:42:34,991] {standard_task_runner.py:75} INFO - Running: ['airflow', 'tasks', 'run', 'user_processing', 'user_extraction', '2020-03-09T00:00:00+00:00', '--job-id', '390', '--pool', 'default_pool', '--raw', '--subdir', 'DAGS_FOLDER/user_processing.py', '--cfg-path', '/tmp/tmpr7tsps18']
[2021-03-01 20:42:34,991] {standard_task_runner.py:76} INFO - Job 390: Subtask user_extraction
[2021-03-01 20:42:35,025] {logging_mixin.py:103} INFO - Running <TaskInstance: user_processing.user_extraction 2020-03-09T00:00:00+00:00 [running]> on host pop-os.localdomain
[2021-03-01 20:42:35,056] {taskinstance.py:1232} INFO - Exporting the following env vars:
AIRFLOW_CTX_DAG_OWNER=airflow
AIRFLOW_CTX_DAG_ID=user_processing
AIRFLOW_CTX_TASK_ID=user_extraction
AIRFLOW_CTX_EXECUTION_DATE=2020-03-09T00:00:00+00:00
AIRFLOW_CTX_DAG_RUN_ID=scheduled__2020-03-09T00:00:00+00:00
[2021-03-01 20:42:35,057] {http.py:106} INFO - Calling HTTP method
[2021-03-01 20:42:35,066] {base.py:74} INFO - Using connection to: id: user_api. Host: https://randomuser.me/, Port: None, Schema: , Login: , Password: None, extra: None
[2021-03-01 20:42:35,069] {http.py:140} INFO - Sending 'GET' to url: https://randomuser.me/api/
[2021-03-01 20:42:35,166] {http.py:110} INFO - {"results":[{"gender":"male","name":{"title":"Mr","first":"Marcel","last":"Heinicke"},"location":{"street":{"number":4637,"name":"Schützenstraße"},"city":"Herzogenaurach","state":"Sachsen-Anhalt","country":"Germany","postcode":11723,"coordinates":{"latitude":"-41.6427","longitude":"-36.4843"},"timezone":{"offset":"+4:00","description":"Abu Dhabi, Muscat, Baku, Tbilisi"}},"email":"marcel.heinicke@example.com","login":{"uuid":"a597e6d0-bcff-4f8f-beae-52f859eeed1c","username":"redwolf423","password":"vagabond","salt":"SW878G9D","md5":"2695d5d2909872d5d68ec1f7c0dfbd0e","sha1":"b7c8640195a5dd691faaa8bd870e155b38882b87","sha256":"b7dad6afc2afd6d882386d82f50de05b29fc0790d7c6f64ed6401a7aae1d4203"},"dob":{"date":"1953-11-26T16:14:37.047Z","age":68},"registered":{"date":"2019-02-18T18:53:45.114Z","age":2},"phone":"0358-9981778","cell":"0175-8488521","id":{"name":"","value":null},"picture":{"large":"https://randomuser.me/api/portraits/men/53.jpg","medium":"https://randomuser.me/api/portraits/med/men/53.jpg","thumbnail":"https://randomuser.me/api/portraits/thumb/men/53.jpg"},"nat":"DE"}],"info":{"seed":"79f2f6e1acd0de82","results":1,"page":1,"version":"1.3"}}
[2021-03-01 20:42:35,197] {taskinstance.py:1142} INFO - Marking task as SUCCESS. dag_id=user_processing, task_id=user_extraction, execution_date=20200309T000000, start_date=20210302T014234, end_date=20210302T014235
[2021-03-01 20:42:35,227] {taskinstance.py:1195} INFO - 1 downstream tasks scheduled from follow-on schedule check
[2021-03-01 20:42:35,242] {local_task_job.py:118} INFO - Task exited with return code 0
