[2021-03-01 20:44:13,675] {taskinstance.py:826} INFO - Dependencies all met for <TaskInstance: user_processing.user_extraction 2020-03-25T00:00:00+00:00 [queued]>
[2021-03-01 20:44:13,686] {taskinstance.py:826} INFO - Dependencies all met for <TaskInstance: user_processing.user_extraction 2020-03-25T00:00:00+00:00 [queued]>
[2021-03-01 20:44:13,686] {taskinstance.py:1017} INFO - 
--------------------------------------------------------------------------------
[2021-03-01 20:44:13,686] {taskinstance.py:1018} INFO - Starting attempt 1 of 1
[2021-03-01 20:44:13,686] {taskinstance.py:1019} INFO - 
--------------------------------------------------------------------------------
[2021-03-01 20:44:13,705] {taskinstance.py:1038} INFO - Executing <Task(SimpleHttpOperator): user_extraction> on 2020-03-25T00:00:00+00:00
[2021-03-01 20:44:13,709] {standard_task_runner.py:51} INFO - Started process 245542 to run task
[2021-03-01 20:44:13,714] {standard_task_runner.py:75} INFO - Running: ['airflow', 'tasks', 'run', 'user_processing', 'user_extraction', '2020-03-25T00:00:00+00:00', '--job-id', '470', '--pool', 'default_pool', '--raw', '--subdir', 'DAGS_FOLDER/user_processing.py', '--cfg-path', '/tmp/tmpfaurh9v6']
[2021-03-01 20:44:13,714] {standard_task_runner.py:76} INFO - Job 470: Subtask user_extraction
[2021-03-01 20:44:13,751] {logging_mixin.py:103} INFO - Running <TaskInstance: user_processing.user_extraction 2020-03-25T00:00:00+00:00 [running]> on host pop-os.localdomain
[2021-03-01 20:44:13,789] {taskinstance.py:1232} INFO - Exporting the following env vars:
AIRFLOW_CTX_DAG_OWNER=airflow
AIRFLOW_CTX_DAG_ID=user_processing
AIRFLOW_CTX_TASK_ID=user_extraction
AIRFLOW_CTX_EXECUTION_DATE=2020-03-25T00:00:00+00:00
AIRFLOW_CTX_DAG_RUN_ID=scheduled__2020-03-25T00:00:00+00:00
[2021-03-01 20:44:13,790] {http.py:106} INFO - Calling HTTP method
[2021-03-01 20:44:13,795] {base.py:74} INFO - Using connection to: id: user_api. Host: https://randomuser.me/, Port: None, Schema: , Login: , Password: None, extra: None
[2021-03-01 20:44:13,797] {http.py:140} INFO - Sending 'GET' to url: https://randomuser.me/api/
[2021-03-01 20:44:13,949] {http.py:110} INFO - {"results":[{"gender":"female","name":{"title":"Miss","first":"Naja","last":"Nielsen"},"location":{"street":{"number":7535,"name":"Holbækvej"},"city":"Aarhus N","state":"Hovedstaden","country":"Denmark","postcode":14871,"coordinates":{"latitude":"-28.2649","longitude":"136.3439"},"timezone":{"offset":"-8:00","description":"Pacific Time (US & Canada)"}},"email":"naja.nielsen@example.com","login":{"uuid":"ba32c504-041a-49c9-bbe6-5cff064a1125","username":"happyfrog778","password":"ting","salt":"seOJXMnU","md5":"3f1895b268eb94093c24a11eb213ae6a","sha1":"9a61171f14933645932e8a8fa6d109c15f90ac48","sha256":"ee4d8aa1d23ceba01287077c6b0052dc51514adb6c43a29b1650c3447360a525"},"dob":{"date":"1998-06-14T16:08:29.729Z","age":23},"registered":{"date":"2019-02-12T19:49:27.897Z","age":2},"phone":"42611131","cell":"79346078","id":{"name":"CPR","value":"140698-8758"},"picture":{"large":"https://randomuser.me/api/portraits/women/0.jpg","medium":"https://randomuser.me/api/portraits/med/women/0.jpg","thumbnail":"https://randomuser.me/api/portraits/thumb/women/0.jpg"},"nat":"DK"}],"info":{"seed":"40a04974d06e987b","results":1,"page":1,"version":"1.3"}}
[2021-03-01 20:44:13,972] {taskinstance.py:1142} INFO - Marking task as SUCCESS. dag_id=user_processing, task_id=user_extraction, execution_date=20200325T000000, start_date=20210302T014413, end_date=20210302T014413
[2021-03-01 20:44:13,995] {taskinstance.py:1195} INFO - 1 downstream tasks scheduled from follow-on schedule check
[2021-03-01 20:44:14,005] {local_task_job.py:118} INFO - Task exited with return code 0
