[2021-03-01 20:49:16,957] {taskinstance.py:826} INFO - Dependencies all met for <TaskInstance: user_processing.user_extraction 2020-05-12T00:00:00+00:00 [queued]>
[2021-03-01 20:49:16,962] {taskinstance.py:826} INFO - Dependencies all met for <TaskInstance: user_processing.user_extraction 2020-05-12T00:00:00+00:00 [queued]>
[2021-03-01 20:49:16,962] {taskinstance.py:1017} INFO - 
--------------------------------------------------------------------------------
[2021-03-01 20:49:16,962] {taskinstance.py:1018} INFO - Starting attempt 1 of 1
[2021-03-01 20:49:16,962] {taskinstance.py:1019} INFO - 
--------------------------------------------------------------------------------
[2021-03-01 20:49:16,974] {taskinstance.py:1038} INFO - Executing <Task(SimpleHttpOperator): user_extraction> on 2020-05-12T00:00:00+00:00
[2021-03-01 20:49:16,976] {standard_task_runner.py:51} INFO - Started process 251502 to run task
[2021-03-01 20:49:16,979] {standard_task_runner.py:75} INFO - Running: ['airflow', 'tasks', 'run', 'user_processing', 'user_extraction', '2020-05-12T00:00:00+00:00', '--job-id', '710', '--pool', 'default_pool', '--raw', '--subdir', 'DAGS_FOLDER/user_processing.py', '--cfg-path', '/tmp/tmpu16nhk02']
[2021-03-01 20:49:16,979] {standard_task_runner.py:76} INFO - Job 710: Subtask user_extraction
[2021-03-01 20:49:17,005] {logging_mixin.py:103} INFO - Running <TaskInstance: user_processing.user_extraction 2020-05-12T00:00:00+00:00 [running]> on host pop-os.localdomain
[2021-03-01 20:49:17,042] {taskinstance.py:1232} INFO - Exporting the following env vars:
AIRFLOW_CTX_DAG_OWNER=airflow
AIRFLOW_CTX_DAG_ID=user_processing
AIRFLOW_CTX_TASK_ID=user_extraction
AIRFLOW_CTX_EXECUTION_DATE=2020-05-12T00:00:00+00:00
AIRFLOW_CTX_DAG_RUN_ID=scheduled__2020-05-12T00:00:00+00:00
[2021-03-01 20:49:17,042] {http.py:106} INFO - Calling HTTP method
[2021-03-01 20:49:17,046] {base.py:74} INFO - Using connection to: id: user_api. Host: https://randomuser.me/, Port: None, Schema: , Login: , Password: None, extra: None
[2021-03-01 20:49:17,048] {http.py:140} INFO - Sending 'GET' to url: https://randomuser.me/api/
[2021-03-01 20:49:17,138] {http.py:110} INFO - {"results":[{"gender":"female","name":{"title":"Miss","first":"Viivi","last":"Laitinen"},"location":{"street":{"number":885,"name":"Mannerheimintie"},"city":"Toholampi","state":"Central Ostrobothnia","country":"Finland","postcode":70972,"coordinates":{"latitude":"-6.7178","longitude":"142.1171"},"timezone":{"offset":"+1:00","description":"Brussels, Copenhagen, Madrid, Paris"}},"email":"viivi.laitinen@example.com","login":{"uuid":"f65715e1-a26e-4182-9a52-6600b43b90da","username":"blackkoala446","password":"figaro","salt":"jx4fFihP","md5":"2a6675fef667532dd91f4482b7da15ed","sha1":"dc1a5d7b4482078f2a2efd8f3589feb2a9c95390","sha256":"57471ee8d2e9303ddf3f125f0d8edb78fd591d81a72e95882b7ec7e181e56933"},"dob":{"date":"1947-12-28T17:52:10.021Z","age":74},"registered":{"date":"2002-05-04T11:50:18.308Z","age":19},"phone":"04-275-086","cell":"047-697-98-79","id":{"name":"HETU","value":"NaNNA294undefined"},"picture":{"large":"https://randomuser.me/api/portraits/women/71.jpg","medium":"https://randomuser.me/api/portraits/med/women/71.jpg","thumbnail":"https://randomuser.me/api/portraits/thumb/women/71.jpg"},"nat":"FI"}],"info":{"seed":"1dba205bb87e8b66","results":1,"page":1,"version":"1.3"}}
[2021-03-01 20:49:17,154] {taskinstance.py:1142} INFO - Marking task as SUCCESS. dag_id=user_processing, task_id=user_extraction, execution_date=20200512T000000, start_date=20210302T014916, end_date=20210302T014917
[2021-03-01 20:49:17,174] {taskinstance.py:1195} INFO - 1 downstream tasks scheduled from follow-on schedule check
[2021-03-01 20:49:17,190] {local_task_job.py:118} INFO - Task exited with return code 0
