[2021-03-01 20:57:18,691] {taskinstance.py:826} INFO - Dependencies all met for <TaskInstance: user_processing.user_extraction 2020-07-29T00:00:00+00:00 [queued]>
[2021-03-01 20:57:18,696] {taskinstance.py:826} INFO - Dependencies all met for <TaskInstance: user_processing.user_extraction 2020-07-29T00:00:00+00:00 [queued]>
[2021-03-01 20:57:18,696] {taskinstance.py:1017} INFO - 
--------------------------------------------------------------------------------
[2021-03-01 20:57:18,696] {taskinstance.py:1018} INFO - Starting attempt 1 of 1
[2021-03-01 20:57:18,696] {taskinstance.py:1019} INFO - 
--------------------------------------------------------------------------------
[2021-03-01 20:57:18,704] {taskinstance.py:1038} INFO - Executing <Task(SimpleHttpOperator): user_extraction> on 2020-07-29T00:00:00+00:00
[2021-03-01 20:57:18,706] {standard_task_runner.py:51} INFO - Started process 261389 to run task
[2021-03-01 20:57:18,708] {standard_task_runner.py:75} INFO - Running: ['airflow', 'tasks', 'run', 'user_processing', 'user_extraction', '2020-07-29T00:00:00+00:00', '--job-id', '1100', '--pool', 'default_pool', '--raw', '--subdir', 'DAGS_FOLDER/user_processing.py', '--cfg-path', '/tmp/tmpi1p7j5z9']
[2021-03-01 20:57:18,708] {standard_task_runner.py:76} INFO - Job 1100: Subtask user_extraction
[2021-03-01 20:57:18,729] {logging_mixin.py:103} INFO - Running <TaskInstance: user_processing.user_extraction 2020-07-29T00:00:00+00:00 [running]> on host pop-os.localdomain
[2021-03-01 20:57:18,756] {taskinstance.py:1232} INFO - Exporting the following env vars:
AIRFLOW_CTX_DAG_OWNER=airflow
AIRFLOW_CTX_DAG_ID=user_processing
AIRFLOW_CTX_TASK_ID=user_extraction
AIRFLOW_CTX_EXECUTION_DATE=2020-07-29T00:00:00+00:00
AIRFLOW_CTX_DAG_RUN_ID=scheduled__2020-07-29T00:00:00+00:00
[2021-03-01 20:57:18,757] {http.py:106} INFO - Calling HTTP method
[2021-03-01 20:57:18,762] {base.py:74} INFO - Using connection to: id: user_api. Host: https://randomuser.me/, Port: None, Schema: , Login: , Password: None, extra: None
[2021-03-01 20:57:18,764] {http.py:140} INFO - Sending 'GET' to url: https://randomuser.me/api/
[2021-03-01 20:57:18,855] {http.py:110} INFO - {"results":[{"gender":"male","name":{"title":"Mr","first":"Alvino","last":"da Costa"},"location":{"street":{"number":2546,"name":"Avenida D. Pedro Ii"},"city":"Itajaí","state":"Sergipe","country":"Brazil","postcode":84571,"coordinates":{"latitude":"-71.0998","longitude":"-164.6224"},"timezone":{"offset":"-9:00","description":"Alaska"}},"email":"alvino.dacosta@example.com","login":{"uuid":"131406ed-ebb3-4c74-be90-ceba98b8b2d3","username":"organicbear788","password":"tights","salt":"5RSoWDqo","md5":"0ca3875a78679a5a230819d284831e0d","sha1":"9fccac4428e3bf7e5994eec615003a23ea602357","sha256":"07c598b4bb72c0254a25b493287f2ba48c282575794f9f577ae8dd44ba064a50"},"dob":{"date":"1994-02-23T07:21:42.907Z","age":27},"registered":{"date":"2014-11-30T15:20:23.131Z","age":7},"phone":"(55) 6571-8240","cell":"(90) 0547-2668","id":{"name":"","value":null},"picture":{"large":"https://randomuser.me/api/portraits/men/68.jpg","medium":"https://randomuser.me/api/portraits/med/men/68.jpg","thumbnail":"https://randomuser.me/api/portraits/thumb/men/68.jpg"},"nat":"BR"}],"info":{"seed":"35d4b56286a5323f","results":1,"page":1,"version":"1.3"}}
[2021-03-01 20:57:18,876] {taskinstance.py:1142} INFO - Marking task as SUCCESS. dag_id=user_processing, task_id=user_extraction, execution_date=20200729T000000, start_date=20210302T015718, end_date=20210302T015718
[2021-03-01 20:57:18,908] {taskinstance.py:1195} INFO - 1 downstream tasks scheduled from follow-on schedule check
[2021-03-01 20:57:18,919] {local_task_job.py:118} INFO - Task exited with return code 0
