[2021-02-12 16:35:23,017] {taskinstance.py:826} INFO - Dependencies all met for <TaskInstance: example_bash_operator.runme_0 2021-02-11T00:00:00+00:00 [queued]>
[2021-02-12 16:35:23,021] {taskinstance.py:826} INFO - Dependencies all met for <TaskInstance: example_bash_operator.runme_0 2021-02-11T00:00:00+00:00 [queued]>
[2021-02-12 16:35:23,021] {taskinstance.py:1017} INFO - 
--------------------------------------------------------------------------------
[2021-02-12 16:35:23,021] {taskinstance.py:1018} INFO - Starting attempt 1 of 1
[2021-02-12 16:35:23,021] {taskinstance.py:1019} INFO - 
--------------------------------------------------------------------------------
[2021-02-12 16:35:23,029] {taskinstance.py:1038} INFO - Executing <Task(BashOperator): runme_0> on 2021-02-11T00:00:00+00:00
[2021-02-12 16:35:23,030] {standard_task_runner.py:51} INFO - Started process 170311 to run task
[2021-02-12 16:35:23,032] {standard_task_runner.py:75} INFO - Running: ['airflow', 'tasks', 'run', 'example_bash_operator', 'runme_0', '2021-02-11T00:00:00+00:00', '--job-id', '7', '--pool', 'default_pool', '--raw', '--subdir', '/home/i-sip_iot/anaconda3/envs/sandbox/lib/python3.7/site-packages/airflow/example_dags/example_bash_operator.py', '--cfg-path', '/tmp/tmp0e62shy7']
[2021-02-12 16:35:23,033] {standard_task_runner.py:76} INFO - Job 7: Subtask runme_0
[2021-02-12 16:35:23,056] {logging_mixin.py:103} INFO - Running <TaskInstance: example_bash_operator.runme_0 2021-02-11T00:00:00+00:00 [running]> on host pop-os.localdomain
[2021-02-12 16:35:23,073] {taskinstance.py:1232} INFO - Exporting the following env vars:
AIRFLOW_CTX_DAG_OWNER=airflow
AIRFLOW_CTX_DAG_ID=example_bash_operator
AIRFLOW_CTX_TASK_ID=runme_0
AIRFLOW_CTX_EXECUTION_DATE=2021-02-11T00:00:00+00:00
AIRFLOW_CTX_DAG_RUN_ID=scheduled__2021-02-11T00:00:00+00:00
[2021-02-12 16:35:23,073] {bash.py:135} INFO - Tmp dir root location: 
 /tmp
[2021-02-12 16:35:23,073] {bash.py:158} INFO - Running command: echo "example_bash_operator__runme_0__20210211" && sleep 1
[2021-02-12 16:35:23,076] {bash.py:169} INFO - Output:
[2021-02-12 16:35:23,077] {bash.py:173} INFO - example_bash_operator__runme_0__20210211
[2021-02-12 16:35:24,077] {bash.py:177} INFO - Command exited with return code 0
[2021-02-12 16:35:24,099] {taskinstance.py:1142} INFO - Marking task as SUCCESS. dag_id=example_bash_operator, task_id=runme_0, execution_date=20210211T000000, start_date=20210212T213523, end_date=20210212T213524
[2021-02-12 16:35:24,118] {taskinstance.py:1195} INFO - 0 downstream tasks scheduled from follow-on schedule check
[2021-02-12 16:35:24,127] {local_task_job.py:118} INFO - Task exited with return code 0
