[2021-03-01 20:51:20,793] {taskinstance.py:826} INFO - Dependencies all met for <TaskInstance: user_processing.user_extraction 2020-05-31T00:00:00+00:00 [queued]>
[2021-03-01 20:51:20,798] {taskinstance.py:826} INFO - Dependencies all met for <TaskInstance: user_processing.user_extraction 2020-05-31T00:00:00+00:00 [queued]>
[2021-03-01 20:51:20,799] {taskinstance.py:1017} INFO - 
--------------------------------------------------------------------------------
[2021-03-01 20:51:20,799] {taskinstance.py:1018} INFO - Starting attempt 1 of 1
[2021-03-01 20:51:20,799] {taskinstance.py:1019} INFO - 
--------------------------------------------------------------------------------
[2021-03-01 20:51:20,811] {taskinstance.py:1038} INFO - Executing <Task(SimpleHttpOperator): user_extraction> on 2020-05-31T00:00:00+00:00
[2021-03-01 20:51:20,813] {standard_task_runner.py:51} INFO - Started process 254275 to run task
[2021-03-01 20:51:20,815] {standard_task_runner.py:75} INFO - Running: ['airflow', 'tasks', 'run', 'user_processing', 'user_extraction', '2020-05-31T00:00:00+00:00', '--job-id', '805', '--pool', 'default_pool', '--raw', '--subdir', 'DAGS_FOLDER/user_processing.py', '--cfg-path', '/tmp/tmpnl26x908']
[2021-03-01 20:51:20,816] {standard_task_runner.py:76} INFO - Job 805: Subtask user_extraction
[2021-03-01 20:51:20,839] {logging_mixin.py:103} INFO - Running <TaskInstance: user_processing.user_extraction 2020-05-31T00:00:00+00:00 [running]> on host pop-os.localdomain
[2021-03-01 20:51:20,870] {taskinstance.py:1232} INFO - Exporting the following env vars:
AIRFLOW_CTX_DAG_OWNER=airflow
AIRFLOW_CTX_DAG_ID=user_processing
AIRFLOW_CTX_TASK_ID=user_extraction
AIRFLOW_CTX_EXECUTION_DATE=2020-05-31T00:00:00+00:00
AIRFLOW_CTX_DAG_RUN_ID=scheduled__2020-05-31T00:00:00+00:00
[2021-03-01 20:51:20,871] {http.py:106} INFO - Calling HTTP method
[2021-03-01 20:51:20,874] {base.py:74} INFO - Using connection to: id: user_api. Host: https://randomuser.me/, Port: None, Schema: , Login: , Password: None, extra: None
[2021-03-01 20:51:20,876] {http.py:140} INFO - Sending 'GET' to url: https://randomuser.me/api/
[2021-03-01 20:51:20,959] {http.py:110} INFO - {"results":[{"gender":"female","name":{"title":"Mrs","first":"Phyllis","last":"Gonzalez"},"location":{"street":{"number":4373,"name":"N Stelling Rd"},"city":"Maitland","state":"New South Wales","country":"Australia","postcode":9529,"coordinates":{"latitude":"-86.6940","longitude":"4.0215"},"timezone":{"offset":"+7:00","description":"Bangkok, Hanoi, Jakarta"}},"email":"phyllis.gonzalez@example.com","login":{"uuid":"c5ad6882-22ed-42e7-b4c6-27eebaea610f","username":"happydog499","password":"sf49ers","salt":"j6Yk6Emq","md5":"46fa5e164efa930e7798e1acf12d0e1d","sha1":"248f5a98887c952cb25d17ab83c9c7ebc9adab47","sha256":"2af6b353f71ca3f13da238ad1385d16f45a6885644efc3fb3d056d183d6c2a4c"},"dob":{"date":"1993-05-25T20:17:07.860Z","age":28},"registered":{"date":"2018-01-31T13:48:56.210Z","age":3},"phone":"06-9641-0923","cell":"0442-893-486","id":{"name":"TFN","value":"936873329"},"picture":{"large":"https://randomuser.me/api/portraits/women/67.jpg","medium":"https://randomuser.me/api/portraits/med/women/67.jpg","thumbnail":"https://randomuser.me/api/portraits/thumb/women/67.jpg"},"nat":"AU"}],"info":{"seed":"21cd000ad88e356a","results":1,"page":1,"version":"1.3"}}
[2021-03-01 20:51:20,970] {taskinstance.py:1142} INFO - Marking task as SUCCESS. dag_id=user_processing, task_id=user_extraction, execution_date=20200531T000000, start_date=20210302T015120, end_date=20210302T015120
[2021-03-01 20:51:20,989] {taskinstance.py:1195} INFO - 1 downstream tasks scheduled from follow-on schedule check
[2021-03-01 20:51:21,026] {local_task_job.py:118} INFO - Task exited with return code 0
