[2021-03-01 20:40:06,751] {taskinstance.py:826} INFO - Dependencies all met for <TaskInstance: user_processing.user_extraction 2020-02-14T00:00:00+00:00 [queued]>
[2021-03-01 20:40:06,756] {taskinstance.py:826} INFO - Dependencies all met for <TaskInstance: user_processing.user_extraction 2020-02-14T00:00:00+00:00 [queued]>
[2021-03-01 20:40:06,756] {taskinstance.py:1017} INFO - 
--------------------------------------------------------------------------------
[2021-03-01 20:40:06,756] {taskinstance.py:1018} INFO - Starting attempt 1 of 1
[2021-03-01 20:40:06,756] {taskinstance.py:1019} INFO - 
--------------------------------------------------------------------------------
[2021-03-01 20:40:06,767] {taskinstance.py:1038} INFO - Executing <Task(SimpleHttpOperator): user_extraction> on 2020-02-14T00:00:00+00:00
[2021-03-01 20:40:06,769] {standard_task_runner.py:51} INFO - Started process 240598 to run task
[2021-03-01 20:40:06,771] {standard_task_runner.py:75} INFO - Running: ['airflow', 'tasks', 'run', 'user_processing', 'user_extraction', '2020-02-14T00:00:00+00:00', '--job-id', '270', '--pool', 'default_pool', '--raw', '--subdir', 'DAGS_FOLDER/user_processing.py', '--cfg-path', '/tmp/tmpk_xgw0nk']
[2021-03-01 20:40:06,772] {standard_task_runner.py:76} INFO - Job 270: Subtask user_extraction
[2021-03-01 20:40:06,793] {logging_mixin.py:103} INFO - Running <TaskInstance: user_processing.user_extraction 2020-02-14T00:00:00+00:00 [running]> on host pop-os.localdomain
[2021-03-01 20:40:06,817] {taskinstance.py:1232} INFO - Exporting the following env vars:
AIRFLOW_CTX_DAG_OWNER=airflow
AIRFLOW_CTX_DAG_ID=user_processing
AIRFLOW_CTX_TASK_ID=user_extraction
AIRFLOW_CTX_EXECUTION_DATE=2020-02-14T00:00:00+00:00
AIRFLOW_CTX_DAG_RUN_ID=scheduled__2020-02-14T00:00:00+00:00
[2021-03-01 20:40:06,817] {http.py:106} INFO - Calling HTTP method
[2021-03-01 20:40:06,820] {base.py:74} INFO - Using connection to: id: user_api. Host: https://randomuser.me/, Port: None, Schema: , Login: , Password: None, extra: None
[2021-03-01 20:40:06,821] {http.py:140} INFO - Sending 'GET' to url: https://randomuser.me/api/
[2021-03-01 20:40:07,019] {http.py:110} INFO - {"results":[{"gender":"male","name":{"title":"Mr","first":"اميرعلي","last":"رضاییان"},"location":{"street":{"number":326,"name":"راستوان"},"city":"بوشهر","state":"آذربایجان شرقی","country":"Iran","postcode":97933,"coordinates":{"latitude":"36.1217","longitude":"-103.7268"},"timezone":{"offset":"-3:30","description":"Newfoundland"}},"email":"myraaly.rdyyn@example.com","login":{"uuid":"3350540f-b7c7-4b45-b1a1-743009a26853","username":"redbutterfly544","password":"beating","salt":"REWCRqtR","md5":"97fa4cbb09745be580cea43eb3137fde","sha1":"2c1c12fce6bc0cdc8c3d226465f30d2199e88fb5","sha256":"b0b3692db8e5e09644de14c3b2ef07a56f33be24146f3348a51f8a02862278e3"},"dob":{"date":"1960-08-08T06:04:03.122Z","age":61},"registered":{"date":"2005-07-30T05:33:42.396Z","age":16},"phone":"006-61353244","cell":"0981-280-6245","id":{"name":"","value":null},"picture":{"large":"https://randomuser.me/api/portraits/men/3.jpg","medium":"https://randomuser.me/api/portraits/med/men/3.jpg","thumbnail":"https://randomuser.me/api/portraits/thumb/men/3.jpg"},"nat":"IR"}],"info":{"seed":"ad334fcf7cde608d","results":1,"page":1,"version":"1.3"}}
[2021-03-01 20:40:07,031] {taskinstance.py:1142} INFO - Marking task as SUCCESS. dag_id=user_processing, task_id=user_extraction, execution_date=20200214T000000, start_date=20210302T014006, end_date=20210302T014007
[2021-03-01 20:40:07,052] {taskinstance.py:1195} INFO - 1 downstream tasks scheduled from follow-on schedule check
[2021-03-01 20:40:07,063] {local_task_job.py:118} INFO - Task exited with return code 0
