[2021-03-01 20:59:17,541] {taskinstance.py:826} INFO - Dependencies all met for <TaskInstance: user_processing.user_extraction 2020-08-18T00:00:00+00:00 [queued]>
[2021-03-01 20:59:17,546] {taskinstance.py:826} INFO - Dependencies all met for <TaskInstance: user_processing.user_extraction 2020-08-18T00:00:00+00:00 [queued]>
[2021-03-01 20:59:17,546] {taskinstance.py:1017} INFO - 
--------------------------------------------------------------------------------
[2021-03-01 20:59:17,547] {taskinstance.py:1018} INFO - Starting attempt 1 of 1
[2021-03-01 20:59:17,547] {taskinstance.py:1019} INFO - 
--------------------------------------------------------------------------------
[2021-03-01 20:59:17,554] {taskinstance.py:1038} INFO - Executing <Task(SimpleHttpOperator): user_extraction> on 2020-08-18T00:00:00+00:00
[2021-03-01 20:59:17,556] {standard_task_runner.py:51} INFO - Started process 263836 to run task
[2021-03-01 20:59:17,559] {standard_task_runner.py:75} INFO - Running: ['airflow', 'tasks', 'run', 'user_processing', 'user_extraction', '2020-08-18T00:00:00+00:00', '--job-id', '1200', '--pool', 'default_pool', '--raw', '--subdir', 'DAGS_FOLDER/user_processing.py', '--cfg-path', '/tmp/tmpqoo9__y2']
[2021-03-01 20:59:17,559] {standard_task_runner.py:76} INFO - Job 1200: Subtask user_extraction
[2021-03-01 20:59:17,579] {logging_mixin.py:103} INFO - Running <TaskInstance: user_processing.user_extraction 2020-08-18T00:00:00+00:00 [running]> on host pop-os.localdomain
[2021-03-01 20:59:17,620] {taskinstance.py:1232} INFO - Exporting the following env vars:
AIRFLOW_CTX_DAG_OWNER=airflow
AIRFLOW_CTX_DAG_ID=user_processing
AIRFLOW_CTX_TASK_ID=user_extraction
AIRFLOW_CTX_EXECUTION_DATE=2020-08-18T00:00:00+00:00
AIRFLOW_CTX_DAG_RUN_ID=scheduled__2020-08-18T00:00:00+00:00
[2021-03-01 20:59:17,621] {http.py:106} INFO - Calling HTTP method
[2021-03-01 20:59:17,630] {base.py:74} INFO - Using connection to: id: user_api. Host: https://randomuser.me/, Port: None, Schema: , Login: , Password: None, extra: None
[2021-03-01 20:59:17,634] {http.py:140} INFO - Sending 'GET' to url: https://randomuser.me/api/
[2021-03-01 20:59:17,733] {http.py:110} INFO - {"results":[{"gender":"female","name":{"title":"Miss","first":"Enni","last":"Pietila"},"location":{"street":{"number":3234,"name":"Nordenskiöldinkatu"},"city":"Tervola","state":"Finland Proper","country":"Finland","postcode":88974,"coordinates":{"latitude":"-6.9473","longitude":"0.6666"},"timezone":{"offset":"+8:00","description":"Beijing, Perth, Singapore, Hong Kong"}},"email":"enni.pietila@example.com","login":{"uuid":"4b0d57d1-ed7d-42d2-bcf2-21b47e56ae6c","username":"bluecat173","password":"woowoo","salt":"ZC1l1j0X","md5":"db903cc26ce0a0e594cb6ab88b20ff43","sha1":"d4fda687a369603bc4113b0a23785e3a0f2163d7","sha256":"d8dc305b935b1fb2a5d8c7eb37c3f6b88bdd8462dbfaa8d6aada2848543150c0"},"dob":{"date":"1984-09-08T00:30:07.714Z","age":37},"registered":{"date":"2006-12-06T13:37:17.641Z","age":15},"phone":"09-336-937","cell":"042-521-84-54","id":{"name":"HETU","value":"NaNNA416undefined"},"picture":{"large":"https://randomuser.me/api/portraits/women/42.jpg","medium":"https://randomuser.me/api/portraits/med/women/42.jpg","thumbnail":"https://randomuser.me/api/portraits/thumb/women/42.jpg"},"nat":"FI"}],"info":{"seed":"73041c07f9e959c3","results":1,"page":1,"version":"1.3"}}
[2021-03-01 20:59:17,744] {taskinstance.py:1142} INFO - Marking task as SUCCESS. dag_id=user_processing, task_id=user_extraction, execution_date=20200818T000000, start_date=20210302T015917, end_date=20210302T015917
[2021-03-01 20:59:17,761] {taskinstance.py:1195} INFO - 1 downstream tasks scheduled from follow-on schedule check
[2021-03-01 20:59:17,770] {local_task_job.py:118} INFO - Task exited with return code 0
