[2021-03-01 20:41:58,194] {taskinstance.py:826} INFO - Dependencies all met for <TaskInstance: user_processing.user_extraction 2020-03-03T00:00:00+00:00 [queued]>
[2021-03-01 20:41:58,198] {taskinstance.py:826} INFO - Dependencies all met for <TaskInstance: user_processing.user_extraction 2020-03-03T00:00:00+00:00 [queued]>
[2021-03-01 20:41:58,198] {taskinstance.py:1017} INFO - 
--------------------------------------------------------------------------------
[2021-03-01 20:41:58,198] {taskinstance.py:1018} INFO - Starting attempt 1 of 1
[2021-03-01 20:41:58,198] {taskinstance.py:1019} INFO - 
--------------------------------------------------------------------------------
[2021-03-01 20:41:58,207] {taskinstance.py:1038} INFO - Executing <Task(SimpleHttpOperator): user_extraction> on 2020-03-03T00:00:00+00:00
[2021-03-01 20:41:58,209] {standard_task_runner.py:51} INFO - Started process 242822 to run task
[2021-03-01 20:41:58,212] {standard_task_runner.py:75} INFO - Running: ['airflow', 'tasks', 'run', 'user_processing', 'user_extraction', '2020-03-03T00:00:00+00:00', '--job-id', '360', '--pool', 'default_pool', '--raw', '--subdir', 'DAGS_FOLDER/user_processing.py', '--cfg-path', '/tmp/tmpzvjiwk7s']
[2021-03-01 20:41:58,212] {standard_task_runner.py:76} INFO - Job 360: Subtask user_extraction
[2021-03-01 20:41:58,240] {logging_mixin.py:103} INFO - Running <TaskInstance: user_processing.user_extraction 2020-03-03T00:00:00+00:00 [running]> on host pop-os.localdomain
[2021-03-01 20:41:58,269] {taskinstance.py:1232} INFO - Exporting the following env vars:
AIRFLOW_CTX_DAG_OWNER=airflow
AIRFLOW_CTX_DAG_ID=user_processing
AIRFLOW_CTX_TASK_ID=user_extraction
AIRFLOW_CTX_EXECUTION_DATE=2020-03-03T00:00:00+00:00
AIRFLOW_CTX_DAG_RUN_ID=scheduled__2020-03-03T00:00:00+00:00
[2021-03-01 20:41:58,269] {http.py:106} INFO - Calling HTTP method
[2021-03-01 20:41:58,272] {base.py:74} INFO - Using connection to: id: user_api. Host: https://randomuser.me/, Port: None, Schema: , Login: , Password: None, extra: None
[2021-03-01 20:41:58,274] {http.py:140} INFO - Sending 'GET' to url: https://randomuser.me/api/
[2021-03-01 20:41:58,453] {http.py:110} INFO - {"results":[{"gender":"female","name":{"title":"Miss","first":"Kathy","last":"Castro"},"location":{"street":{"number":7494,"name":"Alexander Road"},"city":"Salford","state":"East Sussex","country":"United Kingdom","postcode":"N7X 4ZZ","coordinates":{"latitude":"6.5067","longitude":"118.3727"},"timezone":{"offset":"+11:00","description":"Magadan, Solomon Islands, New Caledonia"}},"email":"kathy.castro@example.com","login":{"uuid":"820fb0b5-6154-42f6-bd70-7585c7de8caf","username":"angrykoala405","password":"homemade","salt":"hxrl9x93","md5":"a50510a7a855298dde2ecaf7c70a20d4","sha1":"41077f6f294f3e9e9f7502d554c7907a0952b688","sha256":"4c93b0ce503113ec7b4f16875404ed5ef2f09757eae55375bc965a3506246629"},"dob":{"date":"1974-08-24T10:57:21.063Z","age":47},"registered":{"date":"2008-09-11T23:59:57.242Z","age":13},"phone":"01489 57693","cell":"0751-450-098","id":{"name":"NINO","value":"ZH 55 26 83 F"},"picture":{"large":"https://randomuser.me/api/portraits/women/72.jpg","medium":"https://randomuser.me/api/portraits/med/women/72.jpg","thumbnail":"https://randomuser.me/api/portraits/thumb/women/72.jpg"},"nat":"GB"}],"info":{"seed":"0266a6cdd0bd97df","results":1,"page":1,"version":"1.3"}}
[2021-03-01 20:41:58,467] {taskinstance.py:1142} INFO - Marking task as SUCCESS. dag_id=user_processing, task_id=user_extraction, execution_date=20200303T000000, start_date=20210302T014158, end_date=20210302T014158
[2021-03-01 20:41:58,486] {taskinstance.py:1195} INFO - 1 downstream tasks scheduled from follow-on schedule check
[2021-03-01 20:41:58,504] {local_task_job.py:118} INFO - Task exited with return code 0
