[2021-03-01 20:59:05,645] {taskinstance.py:826} INFO - Dependencies all met for <TaskInstance: user_processing.user_extraction 2020-08-16T00:00:00+00:00 [queued]>
[2021-03-01 20:59:05,650] {taskinstance.py:826} INFO - Dependencies all met for <TaskInstance: user_processing.user_extraction 2020-08-16T00:00:00+00:00 [queued]>
[2021-03-01 20:59:05,650] {taskinstance.py:1017} INFO - 
--------------------------------------------------------------------------------
[2021-03-01 20:59:05,650] {taskinstance.py:1018} INFO - Starting attempt 1 of 1
[2021-03-01 20:59:05,650] {taskinstance.py:1019} INFO - 
--------------------------------------------------------------------------------
[2021-03-01 20:59:05,660] {taskinstance.py:1038} INFO - Executing <Task(SimpleHttpOperator): user_extraction> on 2020-08-16T00:00:00+00:00
[2021-03-01 20:59:05,661] {standard_task_runner.py:51} INFO - Started process 263628 to run task
[2021-03-01 20:59:05,664] {standard_task_runner.py:75} INFO - Running: ['airflow', 'tasks', 'run', 'user_processing', 'user_extraction', '2020-08-16T00:00:00+00:00', '--job-id', '1190', '--pool', 'default_pool', '--raw', '--subdir', 'DAGS_FOLDER/user_processing.py', '--cfg-path', '/tmp/tmp1m4p92hc']
[2021-03-01 20:59:05,664] {standard_task_runner.py:76} INFO - Job 1190: Subtask user_extraction
[2021-03-01 20:59:05,685] {logging_mixin.py:103} INFO - Running <TaskInstance: user_processing.user_extraction 2020-08-16T00:00:00+00:00 [running]> on host pop-os.localdomain
[2021-03-01 20:59:05,717] {taskinstance.py:1232} INFO - Exporting the following env vars:
AIRFLOW_CTX_DAG_OWNER=airflow
AIRFLOW_CTX_DAG_ID=user_processing
AIRFLOW_CTX_TASK_ID=user_extraction
AIRFLOW_CTX_EXECUTION_DATE=2020-08-16T00:00:00+00:00
AIRFLOW_CTX_DAG_RUN_ID=scheduled__2020-08-16T00:00:00+00:00
[2021-03-01 20:59:05,717] {http.py:106} INFO - Calling HTTP method
[2021-03-01 20:59:05,720] {base.py:74} INFO - Using connection to: id: user_api. Host: https://randomuser.me/, Port: None, Schema: , Login: , Password: None, extra: None
[2021-03-01 20:59:05,721] {http.py:140} INFO - Sending 'GET' to url: https://randomuser.me/api/
[2021-03-01 20:59:05,810] {http.py:110} INFO - {"results":[{"gender":"male","name":{"title":"Mr","first":"Mario","last":"Cortes"},"location":{"street":{"number":2782,"name":"Calle de Toledo"},"city":"Granada","state":"Cantabria","country":"Spain","postcode":30060,"coordinates":{"latitude":"-23.6322","longitude":"-36.4269"},"timezone":{"offset":"-8:00","description":"Pacific Time (US & Canada)"}},"email":"mario.cortes@example.com","login":{"uuid":"c224a533-5a7d-4331-94af-34fc6c96edff","username":"purplezebra284","password":"crash","salt":"wPD1nnht","md5":"69beccd57538da3c5110108d5f3b7fc2","sha1":"62e65700501c3fc7ddb945c7a10b670c2854de9a","sha256":"a972dbb6a8d2ba2c37ca1b70f85f0ab89e327a81fb09649cf9e7daad909b8406"},"dob":{"date":"1958-12-09T20:00:33.445Z","age":63},"registered":{"date":"2019-05-03T10:26:38.099Z","age":2},"phone":"937-638-899","cell":"670-626-567","id":{"name":"DNI","value":"97615401-Z"},"picture":{"large":"https://randomuser.me/api/portraits/men/80.jpg","medium":"https://randomuser.me/api/portraits/med/men/80.jpg","thumbnail":"https://randomuser.me/api/portraits/thumb/men/80.jpg"},"nat":"ES"}],"info":{"seed":"3f679c4c6df32c98","results":1,"page":1,"version":"1.3"}}
[2021-03-01 20:59:05,825] {taskinstance.py:1142} INFO - Marking task as SUCCESS. dag_id=user_processing, task_id=user_extraction, execution_date=20200816T000000, start_date=20210302T015905, end_date=20210302T015905
[2021-03-01 20:59:05,845] {taskinstance.py:1195} INFO - 1 downstream tasks scheduled from follow-on schedule check
[2021-03-01 20:59:05,875] {local_task_job.py:118} INFO - Task exited with return code 0
