[2021-03-01 20:48:08,069] {taskinstance.py:826} INFO - Dependencies all met for <TaskInstance: user_processing.user_extraction 2020-05-01T00:00:00+00:00 [queued]>
[2021-03-01 20:48:08,073] {taskinstance.py:826} INFO - Dependencies all met for <TaskInstance: user_processing.user_extraction 2020-05-01T00:00:00+00:00 [queued]>
[2021-03-01 20:48:08,074] {taskinstance.py:1017} INFO - 
--------------------------------------------------------------------------------
[2021-03-01 20:48:08,074] {taskinstance.py:1018} INFO - Starting attempt 1 of 1
[2021-03-01 20:48:08,074] {taskinstance.py:1019} INFO - 
--------------------------------------------------------------------------------
[2021-03-01 20:48:08,082] {taskinstance.py:1038} INFO - Executing <Task(SimpleHttpOperator): user_extraction> on 2020-05-01T00:00:00+00:00
[2021-03-01 20:48:08,084] {standard_task_runner.py:51} INFO - Started process 250158 to run task
[2021-03-01 20:48:08,086] {standard_task_runner.py:75} INFO - Running: ['airflow', 'tasks', 'run', 'user_processing', 'user_extraction', '2020-05-01T00:00:00+00:00', '--job-id', '655', '--pool', 'default_pool', '--raw', '--subdir', 'DAGS_FOLDER/user_processing.py', '--cfg-path', '/tmp/tmp9hge06kz']
[2021-03-01 20:48:08,087] {standard_task_runner.py:76} INFO - Job 655: Subtask user_extraction
[2021-03-01 20:48:08,113] {logging_mixin.py:103} INFO - Running <TaskInstance: user_processing.user_extraction 2020-05-01T00:00:00+00:00 [running]> on host pop-os.localdomain
[2021-03-01 20:48:08,134] {taskinstance.py:1232} INFO - Exporting the following env vars:
AIRFLOW_CTX_DAG_OWNER=airflow
AIRFLOW_CTX_DAG_ID=user_processing
AIRFLOW_CTX_TASK_ID=user_extraction
AIRFLOW_CTX_EXECUTION_DATE=2020-05-01T00:00:00+00:00
AIRFLOW_CTX_DAG_RUN_ID=scheduled__2020-05-01T00:00:00+00:00
[2021-03-01 20:48:08,134] {http.py:106} INFO - Calling HTTP method
[2021-03-01 20:48:08,137] {base.py:74} INFO - Using connection to: id: user_api. Host: https://randomuser.me/, Port: None, Schema: , Login: , Password: None, extra: None
[2021-03-01 20:48:08,138] {http.py:140} INFO - Sending 'GET' to url: https://randomuser.me/api/
[2021-03-01 20:48:08,230] {http.py:110} INFO - {"results":[{"gender":"female","name":{"title":"Mrs","first":"Vildan","last":"Kavaklıoğlu"},"location":{"street":{"number":8900,"name":"Fatih Sultan Mehmet Cd"},"city":"Edirne","state":"Muğla","country":"Turkey","postcode":37887,"coordinates":{"latitude":"71.9700","longitude":"110.5167"},"timezone":{"offset":"+10:00","description":"Eastern Australia, Guam, Vladivostok"}},"email":"vildan.kavaklioglu@example.com","login":{"uuid":"e77fec49-4ee7-4ed8-b6a0-72fe1c958dd9","username":"angrykoala248","password":"mylove","salt":"36E41IRz","md5":"d922fe9ecbf55028f24d4162cc70beaa","sha1":"82b06d76d1ca6aea41e13cb9ffc410836012f98f","sha256":"a84952f056e53cc21012fa35386b8b932cef125e33fd62c139f3b0648c5f8dcb"},"dob":{"date":"1997-06-16T17:20:12.739Z","age":24},"registered":{"date":"2017-09-23T13:19:18.718Z","age":4},"phone":"(763)-588-5572","cell":"(927)-612-4575","id":{"name":"","value":null},"picture":{"large":"https://randomuser.me/api/portraits/women/9.jpg","medium":"https://randomuser.me/api/portraits/med/women/9.jpg","thumbnail":"https://randomuser.me/api/portraits/thumb/women/9.jpg"},"nat":"TR"}],"info":{"seed":"9a39aa39cfc7d89a","results":1,"page":1,"version":"1.3"}}
[2021-03-01 20:48:08,246] {taskinstance.py:1142} INFO - Marking task as SUCCESS. dag_id=user_processing, task_id=user_extraction, execution_date=20200501T000000, start_date=20210302T014808, end_date=20210302T014808
[2021-03-01 20:48:08,271] {taskinstance.py:1195} INFO - 1 downstream tasks scheduled from follow-on schedule check
[2021-03-01 20:48:08,298] {local_task_job.py:118} INFO - Task exited with return code 0
