[2021-03-01 20:45:29,552] {taskinstance.py:826} INFO - Dependencies all met for <TaskInstance: user_processing.user_extraction 2020-04-06T00:00:00+00:00 [queued]>
[2021-03-01 20:45:29,557] {taskinstance.py:826} INFO - Dependencies all met for <TaskInstance: user_processing.user_extraction 2020-04-06T00:00:00+00:00 [queued]>
[2021-03-01 20:45:29,557] {taskinstance.py:1017} INFO - 
--------------------------------------------------------------------------------
[2021-03-01 20:45:29,557] {taskinstance.py:1018} INFO - Starting attempt 1 of 1
[2021-03-01 20:45:29,557] {taskinstance.py:1019} INFO - 
--------------------------------------------------------------------------------
[2021-03-01 20:45:29,567] {taskinstance.py:1038} INFO - Executing <Task(SimpleHttpOperator): user_extraction> on 2020-04-06T00:00:00+00:00
[2021-03-01 20:45:29,569] {standard_task_runner.py:51} INFO - Started process 247012 to run task
[2021-03-01 20:45:29,571] {standard_task_runner.py:75} INFO - Running: ['airflow', 'tasks', 'run', 'user_processing', 'user_extraction', '2020-04-06T00:00:00+00:00', '--job-id', '530', '--pool', 'default_pool', '--raw', '--subdir', 'DAGS_FOLDER/user_processing.py', '--cfg-path', '/tmp/tmppqjdk5jw']
[2021-03-01 20:45:29,572] {standard_task_runner.py:76} INFO - Job 530: Subtask user_extraction
[2021-03-01 20:45:29,593] {logging_mixin.py:103} INFO - Running <TaskInstance: user_processing.user_extraction 2020-04-06T00:00:00+00:00 [running]> on host pop-os.localdomain
[2021-03-01 20:45:29,619] {taskinstance.py:1232} INFO - Exporting the following env vars:
AIRFLOW_CTX_DAG_OWNER=airflow
AIRFLOW_CTX_DAG_ID=user_processing
AIRFLOW_CTX_TASK_ID=user_extraction
AIRFLOW_CTX_EXECUTION_DATE=2020-04-06T00:00:00+00:00
AIRFLOW_CTX_DAG_RUN_ID=scheduled__2020-04-06T00:00:00+00:00
[2021-03-01 20:45:29,620] {http.py:106} INFO - Calling HTTP method
[2021-03-01 20:45:29,622] {base.py:74} INFO - Using connection to: id: user_api. Host: https://randomuser.me/, Port: None, Schema: , Login: , Password: None, extra: None
[2021-03-01 20:45:29,623] {http.py:140} INFO - Sending 'GET' to url: https://randomuser.me/api/
[2021-03-01 20:45:29,712] {http.py:110} INFO - {"results":[{"gender":"male","name":{"title":"Mr","first":"Sönke","last":"Holm"},"location":{"street":{"number":5215,"name":"Bachstraße"},"city":"Mechernich","state":"Brandenburg","country":"Germany","postcode":43300,"coordinates":{"latitude":"-40.9489","longitude":"-105.4461"},"timezone":{"offset":"-5:00","description":"Eastern Time (US & Canada), Bogota, Lima"}},"email":"sonke.holm@example.com","login":{"uuid":"e5380835-d60d-47d5-9886-becce47bd1f6","username":"orangegorilla733","password":"lestat","salt":"ZAa1D1uw","md5":"746c866f999149d07a36f490a98bc92f","sha1":"735b8e3b0a635a552238ffe7e48fcc587978c541","sha256":"7378afd3078be352e9c3a1022026da32d58738620f254d471bd64fcac43d0ccc"},"dob":{"date":"1994-02-07T18:16:37.286Z","age":27},"registered":{"date":"2015-12-31T05:14:25.720Z","age":6},"phone":"0934-7809375","cell":"0177-8978200","id":{"name":"","value":null},"picture":{"large":"https://randomuser.me/api/portraits/men/77.jpg","medium":"https://randomuser.me/api/portraits/med/men/77.jpg","thumbnail":"https://randomuser.me/api/portraits/thumb/men/77.jpg"},"nat":"DE"}],"info":{"seed":"8819254a3268fbf8","results":1,"page":1,"version":"1.3"}}
[2021-03-01 20:45:29,727] {taskinstance.py:1142} INFO - Marking task as SUCCESS. dag_id=user_processing, task_id=user_extraction, execution_date=20200406T000000, start_date=20210302T014529, end_date=20210302T014529
[2021-03-01 20:45:29,746] {taskinstance.py:1195} INFO - 1 downstream tasks scheduled from follow-on schedule check
[2021-03-01 20:45:29,783] {local_task_job.py:118} INFO - Task exited with return code 0
