[2021-03-01 20:49:04,403] {taskinstance.py:826} INFO - Dependencies all met for <TaskInstance: user_processing.user_extraction 2020-05-10T00:00:00+00:00 [queued]>
[2021-03-01 20:49:04,408] {taskinstance.py:826} INFO - Dependencies all met for <TaskInstance: user_processing.user_extraction 2020-05-10T00:00:00+00:00 [queued]>
[2021-03-01 20:49:04,408] {taskinstance.py:1017} INFO - 
--------------------------------------------------------------------------------
[2021-03-01 20:49:04,408] {taskinstance.py:1018} INFO - Starting attempt 1 of 1
[2021-03-01 20:49:04,408] {taskinstance.py:1019} INFO - 
--------------------------------------------------------------------------------
[2021-03-01 20:49:04,416] {taskinstance.py:1038} INFO - Executing <Task(SimpleHttpOperator): user_extraction> on 2020-05-10T00:00:00+00:00
[2021-03-01 20:49:04,418] {standard_task_runner.py:51} INFO - Started process 251288 to run task
[2021-03-01 20:49:04,422] {standard_task_runner.py:75} INFO - Running: ['airflow', 'tasks', 'run', 'user_processing', 'user_extraction', '2020-05-10T00:00:00+00:00', '--job-id', '700', '--pool', 'default_pool', '--raw', '--subdir', 'DAGS_FOLDER/user_processing.py', '--cfg-path', '/tmp/tmpqux0m6sr']
[2021-03-01 20:49:04,422] {standard_task_runner.py:76} INFO - Job 700: Subtask user_extraction
[2021-03-01 20:49:04,442] {logging_mixin.py:103} INFO - Running <TaskInstance: user_processing.user_extraction 2020-05-10T00:00:00+00:00 [running]> on host pop-os.localdomain
[2021-03-01 20:49:04,471] {taskinstance.py:1232} INFO - Exporting the following env vars:
AIRFLOW_CTX_DAG_OWNER=airflow
AIRFLOW_CTX_DAG_ID=user_processing
AIRFLOW_CTX_TASK_ID=user_extraction
AIRFLOW_CTX_EXECUTION_DATE=2020-05-10T00:00:00+00:00
AIRFLOW_CTX_DAG_RUN_ID=scheduled__2020-05-10T00:00:00+00:00
[2021-03-01 20:49:04,472] {http.py:106} INFO - Calling HTTP method
[2021-03-01 20:49:04,482] {base.py:74} INFO - Using connection to: id: user_api. Host: https://randomuser.me/, Port: None, Schema: , Login: , Password: None, extra: None
[2021-03-01 20:49:04,485] {http.py:140} INFO - Sending 'GET' to url: https://randomuser.me/api/
[2021-03-01 20:49:04,579] {http.py:110} INFO - {"results":[{"gender":"female","name":{"title":"Miss","first":"Cecilie","last":"Andersen"},"location":{"street":{"number":8702,"name":"Bybækterrasserne"},"city":"Stenderup","state":"Syddanmark","country":"Denmark","postcode":65759,"coordinates":{"latitude":"-29.8300","longitude":"41.6458"},"timezone":{"offset":"-4:00","description":"Atlantic Time (Canada), Caracas, La Paz"}},"email":"cecilie.andersen@example.com","login":{"uuid":"2044d1cd-9ee7-4314-aa02-b4e12fc1f329","username":"blackpeacock335","password":"987987","salt":"34DngpkN","md5":"a6d3ae1a766b92de6d7f49d5f71fbaa0","sha1":"534676f5e5f6f25fccf75176f67808c8722f8864","sha256":"ef56ee7432453a08bfc074ce4004e0f47226248425e8939dec75eac000fc1f6c"},"dob":{"date":"1994-04-17T06:32:07.629Z","age":27},"registered":{"date":"2003-08-11T15:17:57.956Z","age":18},"phone":"97092165","cell":"79125729","id":{"name":"CPR","value":"170494-7737"},"picture":{"large":"https://randomuser.me/api/portraits/women/15.jpg","medium":"https://randomuser.me/api/portraits/med/women/15.jpg","thumbnail":"https://randomuser.me/api/portraits/thumb/women/15.jpg"},"nat":"DK"}],"info":{"seed":"f2fd65799261f6c8","results":1,"page":1,"version":"1.3"}}
[2021-03-01 20:49:04,605] {taskinstance.py:1142} INFO - Marking task as SUCCESS. dag_id=user_processing, task_id=user_extraction, execution_date=20200510T000000, start_date=20210302T014904, end_date=20210302T014904
[2021-03-01 20:49:04,635] {taskinstance.py:1195} INFO - 1 downstream tasks scheduled from follow-on schedule check
[2021-03-01 20:49:04,673] {local_task_job.py:118} INFO - Task exited with return code 0
