[2021-03-01 20:59:58,751] {taskinstance.py:826} INFO - Dependencies all met for <TaskInstance: user_processing.user_extraction 2020-08-25T00:00:00+00:00 [queued]>
[2021-03-01 20:59:58,756] {taskinstance.py:826} INFO - Dependencies all met for <TaskInstance: user_processing.user_extraction 2020-08-25T00:00:00+00:00 [queued]>
[2021-03-01 20:59:58,756] {taskinstance.py:1017} INFO - 
--------------------------------------------------------------------------------
[2021-03-01 20:59:58,756] {taskinstance.py:1018} INFO - Starting attempt 1 of 1
[2021-03-01 20:59:58,756] {taskinstance.py:1019} INFO - 
--------------------------------------------------------------------------------
[2021-03-01 20:59:58,766] {taskinstance.py:1038} INFO - Executing <Task(SimpleHttpOperator): user_extraction> on 2020-08-25T00:00:00+00:00
[2021-03-01 20:59:58,768] {standard_task_runner.py:51} INFO - Started process 264704 to run task
[2021-03-01 20:59:58,771] {standard_task_runner.py:75} INFO - Running: ['airflow', 'tasks', 'run', 'user_processing', 'user_extraction', '2020-08-25T00:00:00+00:00', '--job-id', '1235', '--pool', 'default_pool', '--raw', '--subdir', 'DAGS_FOLDER/user_processing.py', '--cfg-path', '/tmp/tmp3cl3l4ag']
[2021-03-01 20:59:58,771] {standard_task_runner.py:76} INFO - Job 1235: Subtask user_extraction
[2021-03-01 20:59:58,792] {logging_mixin.py:103} INFO - Running <TaskInstance: user_processing.user_extraction 2020-08-25T00:00:00+00:00 [running]> on host pop-os.localdomain
[2021-03-01 20:59:58,815] {taskinstance.py:1232} INFO - Exporting the following env vars:
AIRFLOW_CTX_DAG_OWNER=airflow
AIRFLOW_CTX_DAG_ID=user_processing
AIRFLOW_CTX_TASK_ID=user_extraction
AIRFLOW_CTX_EXECUTION_DATE=2020-08-25T00:00:00+00:00
AIRFLOW_CTX_DAG_RUN_ID=scheduled__2020-08-25T00:00:00+00:00
[2021-03-01 20:59:58,815] {http.py:106} INFO - Calling HTTP method
[2021-03-01 20:59:58,818] {base.py:74} INFO - Using connection to: id: user_api. Host: https://randomuser.me/, Port: None, Schema: , Login: , Password: None, extra: None
[2021-03-01 20:59:58,819] {http.py:140} INFO - Sending 'GET' to url: https://randomuser.me/api/
[2021-03-01 20:59:58,898] {http.py:110} INFO - {"results":[{"gender":"male","name":{"title":"Mr","first":"Valentijn","last":"Borsje"},"location":{"street":{"number":1114,"name":"Christiaen Huygensstraat"},"city":"Nederweert","state":"Groningen","country":"Netherlands","postcode":86939,"coordinates":{"latitude":"42.3469","longitude":"-12.5361"},"timezone":{"offset":"+6:00","description":"Almaty, Dhaka, Colombo"}},"email":"valentijn.borsje@example.com","login":{"uuid":"e1c1486d-61e3-4936-bb69-c2b10c9aae3f","username":"greenmeercat806","password":"playboy1","salt":"zf5mJmzT","md5":"424c2dc0a4ed94eb857e08ed2277373e","sha1":"f8ced227d45de089d83efe657db84c359d4acd07","sha256":"18d649496b0d794a5802db33e6d46419d10b2ad4645adf8d26f142f7b8defeb8"},"dob":{"date":"1952-02-16T20:19:08.216Z","age":69},"registered":{"date":"2014-08-25T15:30:39.023Z","age":7},"phone":"(076)-668-1914","cell":"(018)-553-2176","id":{"name":"BSN","value":"61772420"},"picture":{"large":"https://randomuser.me/api/portraits/men/7.jpg","medium":"https://randomuser.me/api/portraits/med/men/7.jpg","thumbnail":"https://randomuser.me/api/portraits/thumb/men/7.jpg"},"nat":"NL"}],"info":{"seed":"c8909a52c64c0405","results":1,"page":1,"version":"1.3"}}
[2021-03-01 20:59:58,909] {taskinstance.py:1142} INFO - Marking task as SUCCESS. dag_id=user_processing, task_id=user_extraction, execution_date=20200825T000000, start_date=20210302T015958, end_date=20210302T015958
[2021-03-01 20:59:58,927] {taskinstance.py:1195} INFO - 1 downstream tasks scheduled from follow-on schedule check
[2021-03-01 20:59:58,942] {local_task_job.py:118} INFO - Task exited with return code 0
