[2021-03-01 21:00:45,261] {taskinstance.py:826} INFO - Dependencies all met for <TaskInstance: user_processing.user_extraction 2020-09-02T00:00:00+00:00 [queued]>
[2021-03-01 21:00:45,265] {taskinstance.py:826} INFO - Dependencies all met for <TaskInstance: user_processing.user_extraction 2020-09-02T00:00:00+00:00 [queued]>
[2021-03-01 21:00:45,265] {taskinstance.py:1017} INFO - 
--------------------------------------------------------------------------------
[2021-03-01 21:00:45,265] {taskinstance.py:1018} INFO - Starting attempt 1 of 1
[2021-03-01 21:00:45,266] {taskinstance.py:1019} INFO - 
--------------------------------------------------------------------------------
[2021-03-01 21:00:45,274] {taskinstance.py:1038} INFO - Executing <Task(SimpleHttpOperator): user_extraction> on 2020-09-02T00:00:00+00:00
[2021-03-01 21:00:45,276] {standard_task_runner.py:51} INFO - Started process 265548 to run task
[2021-03-01 21:00:45,278] {standard_task_runner.py:75} INFO - Running: ['airflow', 'tasks', 'run', 'user_processing', 'user_extraction', '2020-09-02T00:00:00+00:00', '--job-id', '1275', '--pool', 'default_pool', '--raw', '--subdir', 'DAGS_FOLDER/user_processing.py', '--cfg-path', '/tmp/tmpb5f4sd1z']
[2021-03-01 21:00:45,279] {standard_task_runner.py:76} INFO - Job 1275: Subtask user_extraction
[2021-03-01 21:00:45,300] {logging_mixin.py:103} INFO - Running <TaskInstance: user_processing.user_extraction 2020-09-02T00:00:00+00:00 [running]> on host pop-os.localdomain
[2021-03-01 21:00:45,321] {taskinstance.py:1232} INFO - Exporting the following env vars:
AIRFLOW_CTX_DAG_OWNER=airflow
AIRFLOW_CTX_DAG_ID=user_processing
AIRFLOW_CTX_TASK_ID=user_extraction
AIRFLOW_CTX_EXECUTION_DATE=2020-09-02T00:00:00+00:00
AIRFLOW_CTX_DAG_RUN_ID=scheduled__2020-09-02T00:00:00+00:00
[2021-03-01 21:00:45,322] {http.py:106} INFO - Calling HTTP method
[2021-03-01 21:00:45,324] {base.py:74} INFO - Using connection to: id: user_api. Host: https://randomuser.me/, Port: None, Schema: , Login: , Password: None, extra: None
[2021-03-01 21:00:45,325] {http.py:140} INFO - Sending 'GET' to url: https://randomuser.me/api/
[2021-03-01 21:00:45,413] {http.py:110} INFO - {"results":[{"gender":"male","name":{"title":"Mr","first":"Tobias","last":"Hansen"},"location":{"street":{"number":3792,"name":"Faaborgvej"},"city":"Gl. Rye","state":"Hovedstaden","country":"Denmark","postcode":81780,"coordinates":{"latitude":"-32.6648","longitude":"-13.7508"},"timezone":{"offset":"+4:30","description":"Kabul"}},"email":"tobias.hansen@example.com","login":{"uuid":"e2a6232c-22ec-4522-96ec-0775afa22241","username":"whitepeacock102","password":"guan","salt":"jk3Xuki3","md5":"4345c28baf17a6eba23df9262762aaea","sha1":"0cf333ffd2d98210d0e9782b260877bde1f17e7b","sha256":"fef58a6c74f04e16bc4600539728b80395f5f9ea604ecab39faa0e55a9a56687"},"dob":{"date":"1969-07-05T05:38:21.640Z","age":52},"registered":{"date":"2010-03-22T02:35:47.089Z","age":11},"phone":"69611130","cell":"88209035","id":{"name":"CPR","value":"050769-8528"},"picture":{"large":"https://randomuser.me/api/portraits/men/34.jpg","medium":"https://randomuser.me/api/portraits/med/men/34.jpg","thumbnail":"https://randomuser.me/api/portraits/thumb/men/34.jpg"},"nat":"DK"}],"info":{"seed":"b8948c42226a87f3","results":1,"page":1,"version":"1.3"}}
[2021-03-01 21:00:45,433] {taskinstance.py:1142} INFO - Marking task as SUCCESS. dag_id=user_processing, task_id=user_extraction, execution_date=20200902T000000, start_date=20210302T020045, end_date=20210302T020045
[2021-03-01 21:00:45,468] {taskinstance.py:1195} INFO - 1 downstream tasks scheduled from follow-on schedule check
[2021-03-01 21:00:45,490] {local_task_job.py:118} INFO - Task exited with return code 0
