[2021-03-01 20:51:47,911] {taskinstance.py:826} INFO - Dependencies all met for <TaskInstance: user_processing.user_extraction 2020-06-04T00:00:00+00:00 [queued]>
[2021-03-01 20:51:47,918] {taskinstance.py:826} INFO - Dependencies all met for <TaskInstance: user_processing.user_extraction 2020-06-04T00:00:00+00:00 [queued]>
[2021-03-01 20:51:47,918] {taskinstance.py:1017} INFO - 
--------------------------------------------------------------------------------
[2021-03-01 20:51:47,918] {taskinstance.py:1018} INFO - Starting attempt 1 of 1
[2021-03-01 20:51:47,918] {taskinstance.py:1019} INFO - 
--------------------------------------------------------------------------------
[2021-03-01 20:51:47,927] {taskinstance.py:1038} INFO - Executing <Task(SimpleHttpOperator): user_extraction> on 2020-06-04T00:00:00+00:00
[2021-03-01 20:51:47,929] {standard_task_runner.py:51} INFO - Started process 254868 to run task
[2021-03-01 20:51:47,932] {standard_task_runner.py:75} INFO - Running: ['airflow', 'tasks', 'run', 'user_processing', 'user_extraction', '2020-06-04T00:00:00+00:00', '--job-id', '825', '--pool', 'default_pool', '--raw', '--subdir', 'DAGS_FOLDER/user_processing.py', '--cfg-path', '/tmp/tmpnizfbari']
[2021-03-01 20:51:47,932] {standard_task_runner.py:76} INFO - Job 825: Subtask user_extraction
[2021-03-01 20:51:47,953] {logging_mixin.py:103} INFO - Running <TaskInstance: user_processing.user_extraction 2020-06-04T00:00:00+00:00 [running]> on host pop-os.localdomain
[2021-03-01 20:51:47,977] {taskinstance.py:1232} INFO - Exporting the following env vars:
AIRFLOW_CTX_DAG_OWNER=airflow
AIRFLOW_CTX_DAG_ID=user_processing
AIRFLOW_CTX_TASK_ID=user_extraction
AIRFLOW_CTX_EXECUTION_DATE=2020-06-04T00:00:00+00:00
AIRFLOW_CTX_DAG_RUN_ID=scheduled__2020-06-04T00:00:00+00:00
[2021-03-01 20:51:47,977] {http.py:106} INFO - Calling HTTP method
[2021-03-01 20:51:47,980] {base.py:74} INFO - Using connection to: id: user_api. Host: https://randomuser.me/, Port: None, Schema: , Login: , Password: None, extra: None
[2021-03-01 20:51:47,982] {http.py:140} INFO - Sending 'GET' to url: https://randomuser.me/api/
[2021-03-01 20:51:48,087] {http.py:110} INFO - {"results":[{"gender":"female","name":{"title":"Miss","first":"Alice","last":"Andrews"},"location":{"street":{"number":8896,"name":"Main Road"},"city":"Stirling","state":"Borders","country":"United Kingdom","postcode":"VQ4C 7NB","coordinates":{"latitude":"6.8087","longitude":"138.9110"},"timezone":{"offset":"-6:00","description":"Central Time (US & Canada), Mexico City"}},"email":"alice.andrews@example.com","login":{"uuid":"0023e6d0-f647-4637-883b-2f0f98412fb6","username":"silverdog993","password":"chan","salt":"zrDAlCXF","md5":"3d57f094881fb5ef9433af8fc6f7778b","sha1":"35db9bcffc5857ddbe559259a0dad72130c908c2","sha256":"f0abcc82be118f33ef6c52e36540a76a32dbfbc63212dc00995a009d045df644"},"dob":{"date":"1947-08-06T09:45:10.860Z","age":74},"registered":{"date":"2019-05-07T20:32:33.575Z","age":2},"phone":"015394 92031","cell":"0771-389-579","id":{"name":"NINO","value":"KL 48 26 35 G"},"picture":{"large":"https://randomuser.me/api/portraits/women/56.jpg","medium":"https://randomuser.me/api/portraits/med/women/56.jpg","thumbnail":"https://randomuser.me/api/portraits/thumb/women/56.jpg"},"nat":"GB"}],"info":{"seed":"431c45751d82f903","results":1,"page":1,"version":"1.3"}}
[2021-03-01 20:51:48,108] {taskinstance.py:1142} INFO - Marking task as SUCCESS. dag_id=user_processing, task_id=user_extraction, execution_date=20200604T000000, start_date=20210302T015147, end_date=20210302T015148
[2021-03-01 20:51:48,138] {taskinstance.py:1195} INFO - 1 downstream tasks scheduled from follow-on schedule check
[2021-03-01 20:51:48,143] {local_task_job.py:118} INFO - Task exited with return code 0
