[2021-03-01 20:56:36,163] {taskinstance.py:826} INFO - Dependencies all met for <TaskInstance: user_processing.user_extraction 2020-07-22T00:00:00+00:00 [queued]>
[2021-03-01 20:56:36,167] {taskinstance.py:826} INFO - Dependencies all met for <TaskInstance: user_processing.user_extraction 2020-07-22T00:00:00+00:00 [queued]>
[2021-03-01 20:56:36,167] {taskinstance.py:1017} INFO - 
--------------------------------------------------------------------------------
[2021-03-01 20:56:36,167] {taskinstance.py:1018} INFO - Starting attempt 1 of 1
[2021-03-01 20:56:36,167] {taskinstance.py:1019} INFO - 
--------------------------------------------------------------------------------
[2021-03-01 20:56:36,176] {taskinstance.py:1038} INFO - Executing <Task(SimpleHttpOperator): user_extraction> on 2020-07-22T00:00:00+00:00
[2021-03-01 20:56:36,178] {standard_task_runner.py:51} INFO - Started process 260519 to run task
[2021-03-01 20:56:36,180] {standard_task_runner.py:75} INFO - Running: ['airflow', 'tasks', 'run', 'user_processing', 'user_extraction', '2020-07-22T00:00:00+00:00', '--job-id', '1065', '--pool', 'default_pool', '--raw', '--subdir', 'DAGS_FOLDER/user_processing.py', '--cfg-path', '/tmp/tmp0s59lqon']
[2021-03-01 20:56:36,180] {standard_task_runner.py:76} INFO - Job 1065: Subtask user_extraction
[2021-03-01 20:56:36,201] {logging_mixin.py:103} INFO - Running <TaskInstance: user_processing.user_extraction 2020-07-22T00:00:00+00:00 [running]> on host pop-os.localdomain
[2021-03-01 20:56:36,238] {taskinstance.py:1232} INFO - Exporting the following env vars:
AIRFLOW_CTX_DAG_OWNER=airflow
AIRFLOW_CTX_DAG_ID=user_processing
AIRFLOW_CTX_TASK_ID=user_extraction
AIRFLOW_CTX_EXECUTION_DATE=2020-07-22T00:00:00+00:00
AIRFLOW_CTX_DAG_RUN_ID=scheduled__2020-07-22T00:00:00+00:00
[2021-03-01 20:56:36,238] {http.py:106} INFO - Calling HTTP method
[2021-03-01 20:56:36,241] {base.py:74} INFO - Using connection to: id: user_api. Host: https://randomuser.me/, Port: None, Schema: , Login: , Password: None, extra: None
[2021-03-01 20:56:36,242] {http.py:140} INFO - Sending 'GET' to url: https://randomuser.me/api/
[2021-03-01 20:56:36,352] {http.py:110} INFO - {"results":[{"gender":"male","name":{"title":"Mr","first":"Özkan","last":"Kunt"},"location":{"street":{"number":6718,"name":"Bağdat Cd"},"city":"Erzurum","state":"Muğla","country":"Turkey","postcode":58154,"coordinates":{"latitude":"70.4682","longitude":"-115.3957"},"timezone":{"offset":"-3:00","description":"Brazil, Buenos Aires, Georgetown"}},"email":"ozkan.kunt@example.com","login":{"uuid":"e85ad498-bdf4-41bf-bf76-a49d7b0cd0bf","username":"lazygorilla674","password":"worker","salt":"S18qgT0p","md5":"a684105a5ac31c1abee2ef31f78cb491","sha1":"132529a69f33029abc5710448a212cdec75de7d9","sha256":"7b754f741096a78e85cdd0f674f9faf636c3b384cc9a6d8fa80382794dfffe07"},"dob":{"date":"1960-10-09T16:57:15.389Z","age":61},"registered":{"date":"2012-03-26T02:14:06.622Z","age":9},"phone":"(470)-880-7904","cell":"(281)-113-2965","id":{"name":"","value":null},"picture":{"large":"https://randomuser.me/api/portraits/men/86.jpg","medium":"https://randomuser.me/api/portraits/med/men/86.jpg","thumbnail":"https://randomuser.me/api/portraits/thumb/men/86.jpg"},"nat":"TR"}],"info":{"seed":"91e4a073fe3d4543","results":1,"page":1,"version":"1.3"}}
[2021-03-01 20:56:36,365] {taskinstance.py:1142} INFO - Marking task as SUCCESS. dag_id=user_processing, task_id=user_extraction, execution_date=20200722T000000, start_date=20210302T015636, end_date=20210302T015636
[2021-03-01 20:56:36,383] {taskinstance.py:1195} INFO - 1 downstream tasks scheduled from follow-on schedule check
[2021-03-01 20:56:36,391] {local_task_job.py:118} INFO - Task exited with return code 0
