[2021-03-01 20:58:59,942] {taskinstance.py:826} INFO - Dependencies all met for <TaskInstance: user_processing.user_extraction 2020-08-15T00:00:00+00:00 [queued]>
[2021-03-01 20:58:59,946] {taskinstance.py:826} INFO - Dependencies all met for <TaskInstance: user_processing.user_extraction 2020-08-15T00:00:00+00:00 [queued]>
[2021-03-01 20:58:59,946] {taskinstance.py:1017} INFO - 
--------------------------------------------------------------------------------
[2021-03-01 20:58:59,946] {taskinstance.py:1018} INFO - Starting attempt 1 of 1
[2021-03-01 20:58:59,946] {taskinstance.py:1019} INFO - 
--------------------------------------------------------------------------------
[2021-03-01 20:58:59,955] {taskinstance.py:1038} INFO - Executing <Task(SimpleHttpOperator): user_extraction> on 2020-08-15T00:00:00+00:00
[2021-03-01 20:58:59,957] {standard_task_runner.py:51} INFO - Started process 263517 to run task
[2021-03-01 20:58:59,959] {standard_task_runner.py:75} INFO - Running: ['airflow', 'tasks', 'run', 'user_processing', 'user_extraction', '2020-08-15T00:00:00+00:00', '--job-id', '1185', '--pool', 'default_pool', '--raw', '--subdir', 'DAGS_FOLDER/user_processing.py', '--cfg-path', '/tmp/tmpdly49i2m']
[2021-03-01 20:58:59,959] {standard_task_runner.py:76} INFO - Job 1185: Subtask user_extraction
[2021-03-01 20:58:59,978] {logging_mixin.py:103} INFO - Running <TaskInstance: user_processing.user_extraction 2020-08-15T00:00:00+00:00 [running]> on host pop-os.localdomain
[2021-03-01 20:59:00,016] {taskinstance.py:1232} INFO - Exporting the following env vars:
AIRFLOW_CTX_DAG_OWNER=airflow
AIRFLOW_CTX_DAG_ID=user_processing
AIRFLOW_CTX_TASK_ID=user_extraction
AIRFLOW_CTX_EXECUTION_DATE=2020-08-15T00:00:00+00:00
AIRFLOW_CTX_DAG_RUN_ID=scheduled__2020-08-15T00:00:00+00:00
[2021-03-01 20:59:00,016] {http.py:106} INFO - Calling HTTP method
[2021-03-01 20:59:00,019] {base.py:74} INFO - Using connection to: id: user_api. Host: https://randomuser.me/, Port: None, Schema: , Login: , Password: None, extra: None
[2021-03-01 20:59:00,020] {http.py:140} INFO - Sending 'GET' to url: https://randomuser.me/api/
[2021-03-01 20:59:00,108] {http.py:110} INFO - {"results":[{"gender":"female","name":{"title":"Mrs","first":"Sofia","last":"Salmi"},"location":{"street":{"number":3094,"name":"Pirkankatu"},"city":"Muhos","state":"Northern Savonia","country":"Finland","postcode":67558,"coordinates":{"latitude":"-5.7678","longitude":"173.6842"},"timezone":{"offset":"+5:45","description":"Kathmandu"}},"email":"sofia.salmi@example.com","login":{"uuid":"ed6c4887-a3d2-4b1d-b0bc-4ab774cadc86","username":"smallfish691","password":"pounding","salt":"oZjUh1Ca","md5":"b62ce8f148e8ff6edf90bfecb2612fca","sha1":"705b015debf6a086830a88518033208fd2b94a81","sha256":"52365cc33c1ebe5f0afce53c929d39f45457c722284a2db811cfc9ee0a0cd782"},"dob":{"date":"1982-07-25T19:58:40.603Z","age":39},"registered":{"date":"2010-09-25T00:23:52.156Z","age":11},"phone":"04-768-754","cell":"040-461-37-91","id":{"name":"HETU","value":"NaNNA322undefined"},"picture":{"large":"https://randomuser.me/api/portraits/women/43.jpg","medium":"https://randomuser.me/api/portraits/med/women/43.jpg","thumbnail":"https://randomuser.me/api/portraits/thumb/women/43.jpg"},"nat":"FI"}],"info":{"seed":"4c291ce507b8230b","results":1,"page":1,"version":"1.3"}}
[2021-03-01 20:59:00,118] {taskinstance.py:1142} INFO - Marking task as SUCCESS. dag_id=user_processing, task_id=user_extraction, execution_date=20200815T000000, start_date=20210302T015859, end_date=20210302T015900
[2021-03-01 20:59:00,135] {taskinstance.py:1195} INFO - 1 downstream tasks scheduled from follow-on schedule check
[2021-03-01 20:59:00,170] {local_task_job.py:118} INFO - Task exited with return code 0
