[2021-03-01 20:47:26,255] {taskinstance.py:826} INFO - Dependencies all met for <TaskInstance: user_processing.user_extraction 2020-04-24T00:00:00+00:00 [queued]>
[2021-03-01 20:47:26,260] {taskinstance.py:826} INFO - Dependencies all met for <TaskInstance: user_processing.user_extraction 2020-04-24T00:00:00+00:00 [queued]>
[2021-03-01 20:47:26,260] {taskinstance.py:1017} INFO - 
--------------------------------------------------------------------------------
[2021-03-01 20:47:26,260] {taskinstance.py:1018} INFO - Starting attempt 1 of 1
[2021-03-01 20:47:26,260] {taskinstance.py:1019} INFO - 
--------------------------------------------------------------------------------
[2021-03-01 20:47:26,268] {taskinstance.py:1038} INFO - Executing <Task(SimpleHttpOperator): user_extraction> on 2020-04-24T00:00:00+00:00
[2021-03-01 20:47:26,270] {standard_task_runner.py:51} INFO - Started process 249302 to run task
[2021-03-01 20:47:26,274] {standard_task_runner.py:75} INFO - Running: ['airflow', 'tasks', 'run', 'user_processing', 'user_extraction', '2020-04-24T00:00:00+00:00', '--job-id', '620', '--pool', 'default_pool', '--raw', '--subdir', 'DAGS_FOLDER/user_processing.py', '--cfg-path', '/tmp/tmpxaf6cegj']
[2021-03-01 20:47:26,274] {standard_task_runner.py:76} INFO - Job 620: Subtask user_extraction
[2021-03-01 20:47:26,295] {logging_mixin.py:103} INFO - Running <TaskInstance: user_processing.user_extraction 2020-04-24T00:00:00+00:00 [running]> on host pop-os.localdomain
[2021-03-01 20:47:26,323] {taskinstance.py:1232} INFO - Exporting the following env vars:
AIRFLOW_CTX_DAG_OWNER=airflow
AIRFLOW_CTX_DAG_ID=user_processing
AIRFLOW_CTX_TASK_ID=user_extraction
AIRFLOW_CTX_EXECUTION_DATE=2020-04-24T00:00:00+00:00
AIRFLOW_CTX_DAG_RUN_ID=scheduled__2020-04-24T00:00:00+00:00
[2021-03-01 20:47:26,323] {http.py:106} INFO - Calling HTTP method
[2021-03-01 20:47:26,326] {base.py:74} INFO - Using connection to: id: user_api. Host: https://randomuser.me/, Port: None, Schema: , Login: , Password: None, extra: None
[2021-03-01 20:47:26,327] {http.py:140} INFO - Sending 'GET' to url: https://randomuser.me/api/
[2021-03-01 20:47:26,412] {http.py:110} INFO - {"results":[{"gender":"male","name":{"title":"Mr","first":"اميرمحمد","last":"گلشن"},"location":{"street":{"number":4171,"name":"میدان فلسطین"},"city":"کرج","state":"کهگیلویه و بویراحمد","country":"Iran","postcode":72684,"coordinates":{"latitude":"37.0126","longitude":"-98.9551"},"timezone":{"offset":"-10:00","description":"Hawaii"}},"email":"myrmhmd.glshn@example.com","login":{"uuid":"3f16ceeb-1410-44e9-8cb3-eed2d48d03da","username":"sadelephant935","password":"shua","salt":"gqgat5MU","md5":"e83c20f2fa0e02270c3c7289c4f6ee74","sha1":"7b9819ae2bb5d3c2aca05e82a7720a9a06bab9c8","sha256":"1ce80dd4a987a6015c8eb58fd6fa98d1f60e2ef12a1c2e7c2a2bf82204debdaf"},"dob":{"date":"1995-04-28T10:15:25.846Z","age":26},"registered":{"date":"2016-08-24T01:30:11.471Z","age":5},"phone":"082-58028655","cell":"0973-713-2694","id":{"name":"","value":null},"picture":{"large":"https://randomuser.me/api/portraits/men/14.jpg","medium":"https://randomuser.me/api/portraits/med/men/14.jpg","thumbnail":"https://randomuser.me/api/portraits/thumb/men/14.jpg"},"nat":"IR"}],"info":{"seed":"cd880dd2c044f0d9","results":1,"page":1,"version":"1.3"}}
[2021-03-01 20:47:26,429] {taskinstance.py:1142} INFO - Marking task as SUCCESS. dag_id=user_processing, task_id=user_extraction, execution_date=20200424T000000, start_date=20210302T014726, end_date=20210302T014726
[2021-03-01 20:47:26,454] {taskinstance.py:1195} INFO - 1 downstream tasks scheduled from follow-on schedule check
[2021-03-01 20:47:26,485] {local_task_job.py:118} INFO - Task exited with return code 0
