[2021-03-01 20:51:40,444] {taskinstance.py:826} INFO - Dependencies all met for <TaskInstance: user_processing.user_extraction 2020-06-03T00:00:00+00:00 [queued]>
[2021-03-01 20:51:40,450] {taskinstance.py:826} INFO - Dependencies all met for <TaskInstance: user_processing.user_extraction 2020-06-03T00:00:00+00:00 [queued]>
[2021-03-01 20:51:40,450] {taskinstance.py:1017} INFO - 
--------------------------------------------------------------------------------
[2021-03-01 20:51:40,450] {taskinstance.py:1018} INFO - Starting attempt 1 of 1
[2021-03-01 20:51:40,450] {taskinstance.py:1019} INFO - 
--------------------------------------------------------------------------------
[2021-03-01 20:51:40,458] {taskinstance.py:1038} INFO - Executing <Task(SimpleHttpOperator): user_extraction> on 2020-06-03T00:00:00+00:00
[2021-03-01 20:51:40,460] {standard_task_runner.py:51} INFO - Started process 254592 to run task
[2021-03-01 20:51:40,462] {standard_task_runner.py:75} INFO - Running: ['airflow', 'tasks', 'run', 'user_processing', 'user_extraction', '2020-06-03T00:00:00+00:00', '--job-id', '820', '--pool', 'default_pool', '--raw', '--subdir', 'DAGS_FOLDER/user_processing.py', '--cfg-path', '/tmp/tmpgzo56a2t']
[2021-03-01 20:51:40,463] {standard_task_runner.py:76} INFO - Job 820: Subtask user_extraction
[2021-03-01 20:51:40,509] {logging_mixin.py:103} INFO - Running <TaskInstance: user_processing.user_extraction 2020-06-03T00:00:00+00:00 [running]> on host pop-os.localdomain
[2021-03-01 20:51:40,536] {taskinstance.py:1232} INFO - Exporting the following env vars:
AIRFLOW_CTX_DAG_OWNER=airflow
AIRFLOW_CTX_DAG_ID=user_processing
AIRFLOW_CTX_TASK_ID=user_extraction
AIRFLOW_CTX_EXECUTION_DATE=2020-06-03T00:00:00+00:00
AIRFLOW_CTX_DAG_RUN_ID=scheduled__2020-06-03T00:00:00+00:00
[2021-03-01 20:51:40,536] {http.py:106} INFO - Calling HTTP method
[2021-03-01 20:51:40,539] {base.py:74} INFO - Using connection to: id: user_api. Host: https://randomuser.me/, Port: None, Schema: , Login: , Password: None, extra: None
[2021-03-01 20:51:40,540] {http.py:140} INFO - Sending 'GET' to url: https://randomuser.me/api/
[2021-03-01 20:51:40,622] {http.py:110} INFO - {"results":[{"gender":"male","name":{"title":"Mr","first":"Noe","last":"Moulin"},"location":{"street":{"number":4403,"name":"Rue des Abbesses"},"city":"Reims","state":"Nièvre","country":"France","postcode":99638,"coordinates":{"latitude":"-5.0341","longitude":"-51.5101"},"timezone":{"offset":"-3:00","description":"Brazil, Buenos Aires, Georgetown"}},"email":"noe.moulin@example.com","login":{"uuid":"bb57bbbf-81de-44d7-a8e3-7f053c5c5976","username":"whiteelephant506","password":"kristian","salt":"HgZ6q2E3","md5":"28362029f87602031bee5549b61e4828","sha1":"2b31d40fa2af476a9ba1179c968a0d56f7dd9857","sha256":"912aca65c8c21e78247aa084b2ed31c42ba057f2683030b2c2f2f2a9ceddd343"},"dob":{"date":"1997-07-09T12:15:42.881Z","age":24},"registered":{"date":"2002-04-26T07:54:21.988Z","age":19},"phone":"02-73-73-64-40","cell":"06-31-39-95-35","id":{"name":"INSEE","value":"1NNaN40263235 32"},"picture":{"large":"https://randomuser.me/api/portraits/men/31.jpg","medium":"https://randomuser.me/api/portraits/med/men/31.jpg","thumbnail":"https://randomuser.me/api/portraits/thumb/men/31.jpg"},"nat":"FR"}],"info":{"seed":"6e7df383b467da48","results":1,"page":1,"version":"1.3"}}
[2021-03-01 20:51:40,636] {taskinstance.py:1142} INFO - Marking task as SUCCESS. dag_id=user_processing, task_id=user_extraction, execution_date=20200603T000000, start_date=20210302T015140, end_date=20210302T015140
[2021-03-01 20:51:40,656] {taskinstance.py:1195} INFO - 1 downstream tasks scheduled from follow-on schedule check
[2021-03-01 20:51:40,674] {local_task_job.py:118} INFO - Task exited with return code 0
