[2021-03-01 20:56:48,513] {taskinstance.py:826} INFO - Dependencies all met for <TaskInstance: user_processing.user_extraction 2020-07-24T00:00:00+00:00 [queued]>
[2021-03-01 20:56:48,521] {taskinstance.py:826} INFO - Dependencies all met for <TaskInstance: user_processing.user_extraction 2020-07-24T00:00:00+00:00 [queued]>
[2021-03-01 20:56:48,521] {taskinstance.py:1017} INFO - 
--------------------------------------------------------------------------------
[2021-03-01 20:56:48,521] {taskinstance.py:1018} INFO - Starting attempt 1 of 1
[2021-03-01 20:56:48,521] {taskinstance.py:1019} INFO - 
--------------------------------------------------------------------------------
[2021-03-01 20:56:48,534] {taskinstance.py:1038} INFO - Executing <Task(SimpleHttpOperator): user_extraction> on 2020-07-24T00:00:00+00:00
[2021-03-01 20:56:48,536] {standard_task_runner.py:51} INFO - Started process 260861 to run task
[2021-03-01 20:56:48,540] {standard_task_runner.py:75} INFO - Running: ['airflow', 'tasks', 'run', 'user_processing', 'user_extraction', '2020-07-24T00:00:00+00:00', '--job-id', '1075', '--pool', 'default_pool', '--raw', '--subdir', 'DAGS_FOLDER/user_processing.py', '--cfg-path', '/tmp/tmpo5llj0gj']
[2021-03-01 20:56:48,540] {standard_task_runner.py:76} INFO - Job 1075: Subtask user_extraction
[2021-03-01 20:56:48,562] {logging_mixin.py:103} INFO - Running <TaskInstance: user_processing.user_extraction 2020-07-24T00:00:00+00:00 [running]> on host pop-os.localdomain
[2021-03-01 20:56:48,598] {taskinstance.py:1232} INFO - Exporting the following env vars:
AIRFLOW_CTX_DAG_OWNER=airflow
AIRFLOW_CTX_DAG_ID=user_processing
AIRFLOW_CTX_TASK_ID=user_extraction
AIRFLOW_CTX_EXECUTION_DATE=2020-07-24T00:00:00+00:00
AIRFLOW_CTX_DAG_RUN_ID=scheduled__2020-07-24T00:00:00+00:00
[2021-03-01 20:56:48,599] {http.py:106} INFO - Calling HTTP method
[2021-03-01 20:56:48,612] {base.py:74} INFO - Using connection to: id: user_api. Host: https://randomuser.me/, Port: None, Schema: , Login: , Password: None, extra: None
[2021-03-01 20:56:48,618] {http.py:140} INFO - Sending 'GET' to url: https://randomuser.me/api/
[2021-03-01 20:56:48,749] {http.py:110} INFO - {"results":[{"gender":"female","name":{"title":"Miss","first":"Madison","last":"Cook"},"location":{"street":{"number":4747,"name":"White Oak Dr"},"city":"Lakewood","state":"Alabama","country":"United States","postcode":27400,"coordinates":{"latitude":"81.2331","longitude":"23.0642"},"timezone":{"offset":"-10:00","description":"Hawaii"}},"email":"madison.cook@example.com","login":{"uuid":"a2317f70-3361-4460-8a5c-3d59a840628c","username":"smallduck867","password":"frodo1","salt":"oygtyatN","md5":"14558ce973d711b96a9b6a42fca29191","sha1":"7e035950606859195420d01d9f04b471ec78402a","sha256":"a948a7c4b137c0ed6679c4271e72d3ce6972b67f27adfaa824090b51611d3dee"},"dob":{"date":"1964-02-28T18:41:55.530Z","age":57},"registered":{"date":"2013-02-08T02:33:39.001Z","age":8},"phone":"(520)-415-8912","cell":"(356)-982-9389","id":{"name":"SSN","value":"570-89-2521"},"picture":{"large":"https://randomuser.me/api/portraits/women/62.jpg","medium":"https://randomuser.me/api/portraits/med/women/62.jpg","thumbnail":"https://randomuser.me/api/portraits/thumb/women/62.jpg"},"nat":"US"}],"info":{"seed":"26a8c471aa548770","results":1,"page":1,"version":"1.3"}}
[2021-03-01 20:56:48,762] {taskinstance.py:1142} INFO - Marking task as SUCCESS. dag_id=user_processing, task_id=user_extraction, execution_date=20200724T000000, start_date=20210302T015648, end_date=20210302T015648
[2021-03-01 20:56:48,780] {taskinstance.py:1195} INFO - 1 downstream tasks scheduled from follow-on schedule check
[2021-03-01 20:56:48,791] {local_task_job.py:118} INFO - Task exited with return code 0
