[2021-03-01 20:57:42,524] {taskinstance.py:826} INFO - Dependencies all met for <TaskInstance: user_processing.user_extraction 2020-08-02T00:00:00+00:00 [queued]>
[2021-03-01 20:57:42,528] {taskinstance.py:826} INFO - Dependencies all met for <TaskInstance: user_processing.user_extraction 2020-08-02T00:00:00+00:00 [queued]>
[2021-03-01 20:57:42,528] {taskinstance.py:1017} INFO - 
--------------------------------------------------------------------------------
[2021-03-01 20:57:42,528] {taskinstance.py:1018} INFO - Starting attempt 1 of 1
[2021-03-01 20:57:42,529] {taskinstance.py:1019} INFO - 
--------------------------------------------------------------------------------
[2021-03-01 20:57:42,536] {taskinstance.py:1038} INFO - Executing <Task(SimpleHttpOperator): user_extraction> on 2020-08-02T00:00:00+00:00
[2021-03-01 20:57:42,538] {standard_task_runner.py:51} INFO - Started process 261809 to run task
[2021-03-01 20:57:42,540] {standard_task_runner.py:75} INFO - Running: ['airflow', 'tasks', 'run', 'user_processing', 'user_extraction', '2020-08-02T00:00:00+00:00', '--job-id', '1120', '--pool', 'default_pool', '--raw', '--subdir', 'DAGS_FOLDER/user_processing.py', '--cfg-path', '/tmp/tmp1fghk0ef']
[2021-03-01 20:57:42,540] {standard_task_runner.py:76} INFO - Job 1120: Subtask user_extraction
[2021-03-01 20:57:42,560] {logging_mixin.py:103} INFO - Running <TaskInstance: user_processing.user_extraction 2020-08-02T00:00:00+00:00 [running]> on host pop-os.localdomain
[2021-03-01 20:57:42,582] {taskinstance.py:1232} INFO - Exporting the following env vars:
AIRFLOW_CTX_DAG_OWNER=airflow
AIRFLOW_CTX_DAG_ID=user_processing
AIRFLOW_CTX_TASK_ID=user_extraction
AIRFLOW_CTX_EXECUTION_DATE=2020-08-02T00:00:00+00:00
AIRFLOW_CTX_DAG_RUN_ID=scheduled__2020-08-02T00:00:00+00:00
[2021-03-01 20:57:42,582] {http.py:106} INFO - Calling HTTP method
[2021-03-01 20:57:42,585] {base.py:74} INFO - Using connection to: id: user_api. Host: https://randomuser.me/, Port: None, Schema: , Login: , Password: None, extra: None
[2021-03-01 20:57:42,586] {http.py:140} INFO - Sending 'GET' to url: https://randomuser.me/api/
[2021-03-01 20:57:42,671] {http.py:110} INFO - {"results":[{"gender":"female","name":{"title":"Miss","first":"Elizabeth","last":"Anderson"},"location":{"street":{"number":7625,"name":"Main St"},"city":"Vanier","state":"New Brunswick","country":"Canada","postcode":"H1D 6M0","coordinates":{"latitude":"-61.2128","longitude":"168.5068"},"timezone":{"offset":"-6:00","description":"Central Time (US & Canada), Mexico City"}},"email":"elizabeth.anderson@example.com","login":{"uuid":"5153c9e4-a111-4187-a85b-74184b3a393a","username":"sadkoala371","password":"fingerig","salt":"ffhfHCjH","md5":"5f58ca264abeec6cde8568d7cdd10cc2","sha1":"5c423ea240e2c01cf8085e923ada5017c88410a4","sha256":"1f09fe3cae32d4f9b056ba373937f80f64f633c1280913ed724085d9a25f27b4"},"dob":{"date":"1949-12-18T03:47:28.868Z","age":72},"registered":{"date":"2010-12-28T15:11:30.182Z","age":11},"phone":"626-262-6927","cell":"248-258-1139","id":{"name":"","value":null},"picture":{"large":"https://randomuser.me/api/portraits/women/24.jpg","medium":"https://randomuser.me/api/portraits/med/women/24.jpg","thumbnail":"https://randomuser.me/api/portraits/thumb/women/24.jpg"},"nat":"CA"}],"info":{"seed":"42006430e0fafe55","results":1,"page":1,"version":"1.3"}}
[2021-03-01 20:57:42,695] {taskinstance.py:1142} INFO - Marking task as SUCCESS. dag_id=user_processing, task_id=user_extraction, execution_date=20200802T000000, start_date=20210302T015742, end_date=20210302T015742
[2021-03-01 20:57:42,728] {taskinstance.py:1195} INFO - 1 downstream tasks scheduled from follow-on schedule check
[2021-03-01 20:57:42,752] {local_task_job.py:118} INFO - Task exited with return code 0
