[2021-03-01 20:41:08,311] {taskinstance.py:826} INFO - Dependencies all met for <TaskInstance: user_processing.user_extraction 2020-02-24T00:00:00+00:00 [queued]>
[2021-03-01 20:41:08,317] {taskinstance.py:826} INFO - Dependencies all met for <TaskInstance: user_processing.user_extraction 2020-02-24T00:00:00+00:00 [queued]>
[2021-03-01 20:41:08,317] {taskinstance.py:1017} INFO - 
--------------------------------------------------------------------------------
[2021-03-01 20:41:08,317] {taskinstance.py:1018} INFO - Starting attempt 1 of 1
[2021-03-01 20:41:08,317] {taskinstance.py:1019} INFO - 
--------------------------------------------------------------------------------
[2021-03-01 20:41:08,326] {taskinstance.py:1038} INFO - Executing <Task(SimpleHttpOperator): user_extraction> on 2020-02-24T00:00:00+00:00
[2021-03-01 20:41:08,329] {standard_task_runner.py:51} INFO - Started process 241830 to run task
[2021-03-01 20:41:08,331] {standard_task_runner.py:75} INFO - Running: ['airflow', 'tasks', 'run', 'user_processing', 'user_extraction', '2020-02-24T00:00:00+00:00', '--job-id', '320', '--pool', 'default_pool', '--raw', '--subdir', 'DAGS_FOLDER/user_processing.py', '--cfg-path', '/tmp/tmp6gu0_cue']
[2021-03-01 20:41:08,332] {standard_task_runner.py:76} INFO - Job 320: Subtask user_extraction
[2021-03-01 20:41:08,356] {logging_mixin.py:103} INFO - Running <TaskInstance: user_processing.user_extraction 2020-02-24T00:00:00+00:00 [running]> on host pop-os.localdomain
[2021-03-01 20:41:08,382] {taskinstance.py:1232} INFO - Exporting the following env vars:
AIRFLOW_CTX_DAG_OWNER=airflow
AIRFLOW_CTX_DAG_ID=user_processing
AIRFLOW_CTX_TASK_ID=user_extraction
AIRFLOW_CTX_EXECUTION_DATE=2020-02-24T00:00:00+00:00
AIRFLOW_CTX_DAG_RUN_ID=scheduled__2020-02-24T00:00:00+00:00
[2021-03-01 20:41:08,382] {http.py:106} INFO - Calling HTTP method
[2021-03-01 20:41:08,385] {base.py:74} INFO - Using connection to: id: user_api. Host: https://randomuser.me/, Port: None, Schema: , Login: , Password: None, extra: None
[2021-03-01 20:41:08,386] {http.py:140} INFO - Sending 'GET' to url: https://randomuser.me/api/
[2021-03-01 20:41:08,481] {http.py:110} INFO - {"results":[{"gender":"female","name":{"title":"Mrs","first":"Kaitlin","last":"Gordon"},"location":{"street":{"number":6504,"name":"The Grove"},"city":"Carrigaline","state":"Dublin City","country":"Ireland","postcode":62318,"coordinates":{"latitude":"22.3497","longitude":"88.3954"},"timezone":{"offset":"+10:00","description":"Eastern Australia, Guam, Vladivostok"}},"email":"kaitlin.gordon@example.com","login":{"uuid":"858fae33-9864-4b1d-ac12-829d290bb78c","username":"blackleopard241","password":"arizona","salt":"FzrShZ6U","md5":"ecc531615348b7bd25d2352fdf14b697","sha1":"fbf29a005b1da47596429481c591d89956c3f668","sha256":"f2c0e83d6ba0ac4bc422bdc962e51ac790605cd600294d06604529e590862f72"},"dob":{"date":"1975-06-20T02:59:46.210Z","age":46},"registered":{"date":"2016-12-07T00:12:24.881Z","age":5},"phone":"051-077-4571","cell":"081-607-0149","id":{"name":"PPS","value":"0185904T"},"picture":{"large":"https://randomuser.me/api/portraits/women/16.jpg","medium":"https://randomuser.me/api/portraits/med/women/16.jpg","thumbnail":"https://randomuser.me/api/portraits/thumb/women/16.jpg"},"nat":"IE"}],"info":{"seed":"33e99a4331e28bbc","results":1,"page":1,"version":"1.3"}}
[2021-03-01 20:41:08,493] {taskinstance.py:1142} INFO - Marking task as SUCCESS. dag_id=user_processing, task_id=user_extraction, execution_date=20200224T000000, start_date=20210302T014108, end_date=20210302T014108
[2021-03-01 20:41:08,510] {taskinstance.py:1195} INFO - 1 downstream tasks scheduled from follow-on schedule check
[2021-03-01 20:41:08,542] {local_task_job.py:118} INFO - Task exited with return code 0
