[2021-03-01 20:49:29,675] {taskinstance.py:826} INFO - Dependencies all met for <TaskInstance: user_processing.user_extraction 2020-05-14T00:00:00+00:00 [queued]>
[2021-03-01 20:49:29,680] {taskinstance.py:826} INFO - Dependencies all met for <TaskInstance: user_processing.user_extraction 2020-05-14T00:00:00+00:00 [queued]>
[2021-03-01 20:49:29,680] {taskinstance.py:1017} INFO - 
--------------------------------------------------------------------------------
[2021-03-01 20:49:29,680] {taskinstance.py:1018} INFO - Starting attempt 1 of 1
[2021-03-01 20:49:29,680] {taskinstance.py:1019} INFO - 
--------------------------------------------------------------------------------
[2021-03-01 20:49:29,688] {taskinstance.py:1038} INFO - Executing <Task(SimpleHttpOperator): user_extraction> on 2020-05-14T00:00:00+00:00
[2021-03-01 20:49:29,690] {standard_task_runner.py:51} INFO - Started process 252084 to run task
[2021-03-01 20:49:29,693] {standard_task_runner.py:75} INFO - Running: ['airflow', 'tasks', 'run', 'user_processing', 'user_extraction', '2020-05-14T00:00:00+00:00', '--job-id', '720', '--pool', 'default_pool', '--raw', '--subdir', 'DAGS_FOLDER/user_processing.py', '--cfg-path', '/tmp/tmpd8uama96']
[2021-03-01 20:49:29,693] {standard_task_runner.py:76} INFO - Job 720: Subtask user_extraction
[2021-03-01 20:49:29,715] {logging_mixin.py:103} INFO - Running <TaskInstance: user_processing.user_extraction 2020-05-14T00:00:00+00:00 [running]> on host pop-os.localdomain
[2021-03-01 20:49:29,737] {taskinstance.py:1232} INFO - Exporting the following env vars:
AIRFLOW_CTX_DAG_OWNER=airflow
AIRFLOW_CTX_DAG_ID=user_processing
AIRFLOW_CTX_TASK_ID=user_extraction
AIRFLOW_CTX_EXECUTION_DATE=2020-05-14T00:00:00+00:00
AIRFLOW_CTX_DAG_RUN_ID=scheduled__2020-05-14T00:00:00+00:00
[2021-03-01 20:49:29,738] {http.py:106} INFO - Calling HTTP method
[2021-03-01 20:49:29,741] {base.py:74} INFO - Using connection to: id: user_api. Host: https://randomuser.me/, Port: None, Schema: , Login: , Password: None, extra: None
[2021-03-01 20:49:29,742] {http.py:140} INFO - Sending 'GET' to url: https://randomuser.me/api/
[2021-03-01 20:49:29,821] {http.py:110} INFO - {"results":[{"gender":"male","name":{"title":"Mr","first":"Theo","last":"Edwards"},"location":{"street":{"number":8785,"name":"Taupo Quay"},"city":"Gisborne","state":"Canterbury","country":"New Zealand","postcode":52189,"coordinates":{"latitude":"65.9813","longitude":"-150.2027"},"timezone":{"offset":"+4:30","description":"Kabul"}},"email":"theo.edwards@example.com","login":{"uuid":"e2aed227-6774-4ee3-8dee-98d8ea7aab9b","username":"tinytiger656","password":"smiths","salt":"zDDr46ms","md5":"5cfeca1102bf90fe63bbe2d5437095f4","sha1":"d28ff85ef17b0cef1522a7d25c70e867fa420ad1","sha256":"503d62a8cb7ce5fdd635c872403bb83ff8f7d210bd54b80fb2ee2c661210e378"},"dob":{"date":"1974-12-09T07:15:22.042Z","age":47},"registered":{"date":"2017-06-04T22:27:05.666Z","age":4},"phone":"(864)-666-6727","cell":"(878)-854-3204","id":{"name":"","value":null},"picture":{"large":"https://randomuser.me/api/portraits/men/50.jpg","medium":"https://randomuser.me/api/portraits/med/men/50.jpg","thumbnail":"https://randomuser.me/api/portraits/thumb/men/50.jpg"},"nat":"NZ"}],"info":{"seed":"b0359395a75fc4c5","results":1,"page":1,"version":"1.3"}}
[2021-03-01 20:49:29,833] {taskinstance.py:1142} INFO - Marking task as SUCCESS. dag_id=user_processing, task_id=user_extraction, execution_date=20200514T000000, start_date=20210302T014929, end_date=20210302T014929
[2021-03-01 20:49:29,854] {taskinstance.py:1195} INFO - 1 downstream tasks scheduled from follow-on schedule check
[2021-03-01 20:49:29,864] {local_task_job.py:118} INFO - Task exited with return code 0
