[2021-03-01 20:51:34,343] {taskinstance.py:826} INFO - Dependencies all met for <TaskInstance: user_processing.user_extraction 2020-06-02T00:00:00+00:00 [queued]>
[2021-03-01 20:51:34,349] {taskinstance.py:826} INFO - Dependencies all met for <TaskInstance: user_processing.user_extraction 2020-06-02T00:00:00+00:00 [queued]>
[2021-03-01 20:51:34,349] {taskinstance.py:1017} INFO - 
--------------------------------------------------------------------------------
[2021-03-01 20:51:34,349] {taskinstance.py:1018} INFO - Starting attempt 1 of 1
[2021-03-01 20:51:34,349] {taskinstance.py:1019} INFO - 
--------------------------------------------------------------------------------
[2021-03-01 20:51:34,360] {taskinstance.py:1038} INFO - Executing <Task(SimpleHttpOperator): user_extraction> on 2020-06-02T00:00:00+00:00
[2021-03-01 20:51:34,362] {standard_task_runner.py:51} INFO - Started process 254501 to run task
[2021-03-01 20:51:34,365] {standard_task_runner.py:75} INFO - Running: ['airflow', 'tasks', 'run', 'user_processing', 'user_extraction', '2020-06-02T00:00:00+00:00', '--job-id', '815', '--pool', 'default_pool', '--raw', '--subdir', 'DAGS_FOLDER/user_processing.py', '--cfg-path', '/tmp/tmp3jq3xngp']
[2021-03-01 20:51:34,366] {standard_task_runner.py:76} INFO - Job 815: Subtask user_extraction
[2021-03-01 20:51:34,387] {logging_mixin.py:103} INFO - Running <TaskInstance: user_processing.user_extraction 2020-06-02T00:00:00+00:00 [running]> on host pop-os.localdomain
[2021-03-01 20:51:34,418] {taskinstance.py:1232} INFO - Exporting the following env vars:
AIRFLOW_CTX_DAG_OWNER=airflow
AIRFLOW_CTX_DAG_ID=user_processing
AIRFLOW_CTX_TASK_ID=user_extraction
AIRFLOW_CTX_EXECUTION_DATE=2020-06-02T00:00:00+00:00
AIRFLOW_CTX_DAG_RUN_ID=scheduled__2020-06-02T00:00:00+00:00
[2021-03-01 20:51:34,419] {http.py:106} INFO - Calling HTTP method
[2021-03-01 20:51:34,422] {base.py:74} INFO - Using connection to: id: user_api. Host: https://randomuser.me/, Port: None, Schema: , Login: , Password: None, extra: None
[2021-03-01 20:51:34,423] {http.py:140} INFO - Sending 'GET' to url: https://randomuser.me/api/
[2021-03-01 20:51:34,513] {http.py:110} INFO - {"results":[{"gender":"male","name":{"title":"Mr","first":"Niilo","last":"Kauppi"},"location":{"street":{"number":8023,"name":"Pirkankatu"},"city":"Tornio","state":"Central Finland","country":"Finland","postcode":47231,"coordinates":{"latitude":"-11.7561","longitude":"-66.0174"},"timezone":{"offset":"+7:00","description":"Bangkok, Hanoi, Jakarta"}},"email":"niilo.kauppi@example.com","login":{"uuid":"94cc8e06-2fc4-40b9-aa18-bd978ec3537f","username":"bigleopard728","password":"ozzy","salt":"k0VtdRLN","md5":"d60bdda541e0db4f237615887d00818f","sha1":"414a25c5ce9b3db9659b008a502c051064b1423e","sha256":"a7851805d8cde05289cfb5489eda0d80b2d610dba9221e7a1546126f95b07d56"},"dob":{"date":"1988-10-22T12:12:03.692Z","age":33},"registered":{"date":"2012-08-13T21:59:04.663Z","age":9},"phone":"06-882-324","cell":"049-392-35-69","id":{"name":"HETU","value":"NaNNA381undefined"},"picture":{"large":"https://randomuser.me/api/portraits/men/44.jpg","medium":"https://randomuser.me/api/portraits/med/men/44.jpg","thumbnail":"https://randomuser.me/api/portraits/thumb/men/44.jpg"},"nat":"FI"}],"info":{"seed":"00e8c31ad9496814","results":1,"page":1,"version":"1.3"}}
[2021-03-01 20:51:34,528] {taskinstance.py:1142} INFO - Marking task as SUCCESS. dag_id=user_processing, task_id=user_extraction, execution_date=20200602T000000, start_date=20210302T015134, end_date=20210302T015134
[2021-03-01 20:51:34,552] {taskinstance.py:1195} INFO - 1 downstream tasks scheduled from follow-on schedule check
[2021-03-01 20:51:34,576] {local_task_job.py:118} INFO - Task exited with return code 0
