[2021-03-01 20:38:02,558] {taskinstance.py:826} INFO - Dependencies all met for <TaskInstance: user_processing.user_extraction 2020-01-25T00:00:00+00:00 [queued]>
[2021-03-01 20:38:02,563] {taskinstance.py:826} INFO - Dependencies all met for <TaskInstance: user_processing.user_extraction 2020-01-25T00:00:00+00:00 [queued]>
[2021-03-01 20:38:02,563] {taskinstance.py:1017} INFO - 
--------------------------------------------------------------------------------
[2021-03-01 20:38:02,563] {taskinstance.py:1018} INFO - Starting attempt 1 of 1
[2021-03-01 20:38:02,563] {taskinstance.py:1019} INFO - 
--------------------------------------------------------------------------------
[2021-03-01 20:38:02,571] {taskinstance.py:1038} INFO - Executing <Task(SimpleHttpOperator): user_extraction> on 2020-01-25T00:00:00+00:00
[2021-03-01 20:38:02,573] {standard_task_runner.py:51} INFO - Started process 238148 to run task
[2021-03-01 20:38:02,576] {standard_task_runner.py:75} INFO - Running: ['airflow', 'tasks', 'run', 'user_processing', 'user_extraction', '2020-01-25T00:00:00+00:00', '--job-id', '170', '--pool', 'default_pool', '--raw', '--subdir', 'DAGS_FOLDER/user_processing.py', '--cfg-path', '/tmp/tmpkpma5nss']
[2021-03-01 20:38:02,576] {standard_task_runner.py:76} INFO - Job 170: Subtask user_extraction
[2021-03-01 20:38:02,599] {logging_mixin.py:103} INFO - Running <TaskInstance: user_processing.user_extraction 2020-01-25T00:00:00+00:00 [running]> on host pop-os.localdomain
[2021-03-01 20:38:02,625] {taskinstance.py:1232} INFO - Exporting the following env vars:
AIRFLOW_CTX_DAG_OWNER=airflow
AIRFLOW_CTX_DAG_ID=user_processing
AIRFLOW_CTX_TASK_ID=user_extraction
AIRFLOW_CTX_EXECUTION_DATE=2020-01-25T00:00:00+00:00
AIRFLOW_CTX_DAG_RUN_ID=scheduled__2020-01-25T00:00:00+00:00
[2021-03-01 20:38:02,625] {http.py:106} INFO - Calling HTTP method
[2021-03-01 20:38:02,627] {base.py:74} INFO - Using connection to: id: user_api. Host: https://randomuser.me/, Port: None, Schema: , Login: , Password: None, extra: None
[2021-03-01 20:38:02,629] {http.py:140} INFO - Sending 'GET' to url: https://randomuser.me/api/
[2021-03-01 20:38:02,724] {http.py:110} INFO - {"results":[{"gender":"female","name":{"title":"Ms","first":"Sjanne","last":"Bolt"},"location":{"street":{"number":1943,"name":"Jacob Paffstraat"},"city":"Idaerd","state":"Overijssel","country":"Netherlands","postcode":98703,"coordinates":{"latitude":"41.2388","longitude":"137.3719"},"timezone":{"offset":"+4:30","description":"Kabul"}},"email":"sjanne.bolt@example.com","login":{"uuid":"e1ca3d6b-fb60-452b-a186-b8d454e9b4f0","username":"heavypanda605","password":"locks","salt":"TzcvjSkg","md5":"27e5c0f30dc199948eb558a2b597f702","sha1":"fefa0e702c23a61546c066d5c6178db0f8e8ba5c","sha256":"db27abff0bd8e591b6290616ec80f789871ade60e42b97b573108ef53c5ff877"},"dob":{"date":"1991-09-06T05:04:10.590Z","age":30},"registered":{"date":"2007-07-23T15:28:20.702Z","age":14},"phone":"(295)-629-0528","cell":"(136)-643-1873","id":{"name":"BSN","value":"94036901"},"picture":{"large":"https://randomuser.me/api/portraits/women/30.jpg","medium":"https://randomuser.me/api/portraits/med/women/30.jpg","thumbnail":"https://randomuser.me/api/portraits/thumb/women/30.jpg"},"nat":"NL"}],"info":{"seed":"ba5b966f6901c9f1","results":1,"page":1,"version":"1.3"}}
[2021-03-01 20:38:02,742] {taskinstance.py:1142} INFO - Marking task as SUCCESS. dag_id=user_processing, task_id=user_extraction, execution_date=20200125T000000, start_date=20210302T013802, end_date=20210302T013802
[2021-03-01 20:38:02,761] {taskinstance.py:1195} INFO - 1 downstream tasks scheduled from follow-on schedule check
[2021-03-01 20:38:02,787] {local_task_job.py:118} INFO - Task exited with return code 0
