[2021-03-01 20:53:26,501] {taskinstance.py:826} INFO - Dependencies all met for <TaskInstance: user_processing.user_extraction 2020-06-20T00:00:00+00:00 [queued]>
[2021-03-01 20:53:26,506] {taskinstance.py:826} INFO - Dependencies all met for <TaskInstance: user_processing.user_extraction 2020-06-20T00:00:00+00:00 [queued]>
[2021-03-01 20:53:26,506] {taskinstance.py:1017} INFO - 
--------------------------------------------------------------------------------
[2021-03-01 20:53:26,506] {taskinstance.py:1018} INFO - Starting attempt 1 of 1
[2021-03-01 20:53:26,506] {taskinstance.py:1019} INFO - 
--------------------------------------------------------------------------------
[2021-03-01 20:53:26,515] {taskinstance.py:1038} INFO - Executing <Task(SimpleHttpOperator): user_extraction> on 2020-06-20T00:00:00+00:00
[2021-03-01 20:53:26,517] {standard_task_runner.py:51} INFO - Started process 256728 to run task
[2021-03-01 20:53:26,519] {standard_task_runner.py:75} INFO - Running: ['airflow', 'tasks', 'run', 'user_processing', 'user_extraction', '2020-06-20T00:00:00+00:00', '--job-id', '905', '--pool', 'default_pool', '--raw', '--subdir', 'DAGS_FOLDER/user_processing.py', '--cfg-path', '/tmp/tmpxpm7xtjo']
[2021-03-01 20:53:26,520] {standard_task_runner.py:76} INFO - Job 905: Subtask user_extraction
[2021-03-01 20:53:26,544] {logging_mixin.py:103} INFO - Running <TaskInstance: user_processing.user_extraction 2020-06-20T00:00:00+00:00 [running]> on host pop-os.localdomain
[2021-03-01 20:53:26,584] {taskinstance.py:1232} INFO - Exporting the following env vars:
AIRFLOW_CTX_DAG_OWNER=airflow
AIRFLOW_CTX_DAG_ID=user_processing
AIRFLOW_CTX_TASK_ID=user_extraction
AIRFLOW_CTX_EXECUTION_DATE=2020-06-20T00:00:00+00:00
AIRFLOW_CTX_DAG_RUN_ID=scheduled__2020-06-20T00:00:00+00:00
[2021-03-01 20:53:26,584] {http.py:106} INFO - Calling HTTP method
[2021-03-01 20:53:26,587] {base.py:74} INFO - Using connection to: id: user_api. Host: https://randomuser.me/, Port: None, Schema: , Login: , Password: None, extra: None
[2021-03-01 20:53:26,589] {http.py:140} INFO - Sending 'GET' to url: https://randomuser.me/api/
[2021-03-01 20:53:26,728] {http.py:110} INFO - {"results":[{"gender":"male","name":{"title":"Mr","first":"Nihal","last":"Özdoğan"},"location":{"street":{"number":520,"name":"Doktorlar Cd"},"city":"Gümüşhane","state":"Çankırı","country":"Turkey","postcode":64687,"coordinates":{"latitude":"77.9799","longitude":"-172.4653"},"timezone":{"offset":"-7:00","description":"Mountain Time (US & Canada)"}},"email":"nihal.ozdogan@example.com","login":{"uuid":"cf202539-8fab-4b32-a1ba-f2a96b8336e1","username":"silverostrich990","password":"baura","salt":"I0NTUnjl","md5":"6f2824200103f92764a3a2441b53ebbc","sha1":"38f4d69cd0899b1cf6e8050df2805ad68994b444","sha256":"2f562627c302c90e237f4352ed0fe837ef0c10cf23c6f0cb2d84e34ab3993ec7"},"dob":{"date":"1951-09-06T19:55:55.887Z","age":70},"registered":{"date":"2013-03-13T07:03:03.769Z","age":8},"phone":"(475)-123-9134","cell":"(733)-791-0300","id":{"name":"","value":null},"picture":{"large":"https://randomuser.me/api/portraits/men/59.jpg","medium":"https://randomuser.me/api/portraits/med/men/59.jpg","thumbnail":"https://randomuser.me/api/portraits/thumb/men/59.jpg"},"nat":"TR"}],"info":{"seed":"ade2a0b2d6212dc4","results":1,"page":1,"version":"1.3"}}
[2021-03-01 20:53:26,744] {taskinstance.py:1142} INFO - Marking task as SUCCESS. dag_id=user_processing, task_id=user_extraction, execution_date=20200620T000000, start_date=20210302T015326, end_date=20210302T015326
[2021-03-01 20:53:26,770] {taskinstance.py:1195} INFO - 1 downstream tasks scheduled from follow-on schedule check
[2021-03-01 20:53:26,811] {local_task_job.py:118} INFO - Task exited with return code 0
