[2021-03-01 20:35:51,686] {taskinstance.py:826} INFO - Dependencies all met for <TaskInstance: user_processing.user_extraction 2020-01-04T00:00:00+00:00 [queued]>
[2021-03-01 20:35:51,692] {taskinstance.py:826} INFO - Dependencies all met for <TaskInstance: user_processing.user_extraction 2020-01-04T00:00:00+00:00 [queued]>
[2021-03-01 20:35:51,692] {taskinstance.py:1017} INFO - 
--------------------------------------------------------------------------------
[2021-03-01 20:35:51,692] {taskinstance.py:1018} INFO - Starting attempt 1 of 1
[2021-03-01 20:35:51,692] {taskinstance.py:1019} INFO - 
--------------------------------------------------------------------------------
[2021-03-01 20:35:51,700] {taskinstance.py:1038} INFO - Executing <Task(SimpleHttpOperator): user_extraction> on 2020-01-04T00:00:00+00:00
[2021-03-01 20:35:51,702] {standard_task_runner.py:51} INFO - Started process 235594 to run task
[2021-03-01 20:35:51,705] {standard_task_runner.py:75} INFO - Running: ['airflow', 'tasks', 'run', 'user_processing', 'user_extraction', '2020-01-04T00:00:00+00:00', '--job-id', '65', '--pool', 'default_pool', '--raw', '--subdir', 'DAGS_FOLDER/user_processing.py', '--cfg-path', '/tmp/tmpazjtc7xe']
[2021-03-01 20:35:51,705] {standard_task_runner.py:76} INFO - Job 65: Subtask user_extraction
[2021-03-01 20:35:51,729] {logging_mixin.py:103} INFO - Running <TaskInstance: user_processing.user_extraction 2020-01-04T00:00:00+00:00 [running]> on host pop-os.localdomain
[2021-03-01 20:35:51,747] {taskinstance.py:1232} INFO - Exporting the following env vars:
AIRFLOW_CTX_DAG_OWNER=airflow
AIRFLOW_CTX_DAG_ID=user_processing
AIRFLOW_CTX_TASK_ID=user_extraction
AIRFLOW_CTX_EXECUTION_DATE=2020-01-04T00:00:00+00:00
AIRFLOW_CTX_DAG_RUN_ID=scheduled__2020-01-04T00:00:00+00:00
[2021-03-01 20:35:51,748] {http.py:106} INFO - Calling HTTP method
[2021-03-01 20:35:51,750] {base.py:74} INFO - Using connection to: id: user_api. Host: https://randomuser.me/, Port: None, Schema: , Login: , Password: None, extra: None
[2021-03-01 20:35:51,751] {http.py:140} INFO - Sending 'GET' to url: https://randomuser.me/api/
[2021-03-01 20:35:51,958] {http.py:110} INFO - {"results":[{"gender":"female","name":{"title":"Mrs","first":"Eevi","last":"Jutila"},"location":{"street":{"number":4787,"name":"Mechelininkatu"},"city":"Vihanti","state":"Uusimaa","country":"Finland","postcode":18931,"coordinates":{"latitude":"-5.4326","longitude":"22.2173"},"timezone":{"offset":"+6:00","description":"Almaty, Dhaka, Colombo"}},"email":"eevi.jutila@example.com","login":{"uuid":"136c76fe-17b5-468e-b25c-4be83eeeb6eb","username":"silverfish744","password":"eminem","salt":"DRwyI37h","md5":"c974a568861bfe89a175c62427896887","sha1":"a552fa838a5887dafb131bf83b6d8e29b750bd66","sha256":"91bea6160fbf96e5bd52b145227a0fed6d17debcffeb13c5a006a53ffb6a25e9"},"dob":{"date":"1992-06-04T15:23:00.045Z","age":29},"registered":{"date":"2012-01-20T02:00:30.237Z","age":9},"phone":"09-997-386","cell":"046-908-64-06","id":{"name":"HETU","value":"NaNNA666undefined"},"picture":{"large":"https://randomuser.me/api/portraits/women/22.jpg","medium":"https://randomuser.me/api/portraits/med/women/22.jpg","thumbnail":"https://randomuser.me/api/portraits/thumb/women/22.jpg"},"nat":"FI"}],"info":{"seed":"595d7dff3b0fa216","results":1,"page":1,"version":"1.3"}}
[2021-03-01 20:35:51,990] {taskinstance.py:1142} INFO - Marking task as SUCCESS. dag_id=user_processing, task_id=user_extraction, execution_date=20200104T000000, start_date=20210302T013551, end_date=20210302T013551
[2021-03-01 20:35:52,030] {taskinstance.py:1195} INFO - 1 downstream tasks scheduled from follow-on schedule check
[2021-03-01 20:35:52,037] {local_task_job.py:118} INFO - Task exited with return code 0
