[2021-03-01 20:55:19,078] {taskinstance.py:826} INFO - Dependencies all met for <TaskInstance: user_processing.user_extraction 2020-07-09T00:00:00+00:00 [queued]>
[2021-03-01 20:55:19,083] {taskinstance.py:826} INFO - Dependencies all met for <TaskInstance: user_processing.user_extraction 2020-07-09T00:00:00+00:00 [queued]>
[2021-03-01 20:55:19,083] {taskinstance.py:1017} INFO - 
--------------------------------------------------------------------------------
[2021-03-01 20:55:19,083] {taskinstance.py:1018} INFO - Starting attempt 1 of 1
[2021-03-01 20:55:19,083] {taskinstance.py:1019} INFO - 
--------------------------------------------------------------------------------
[2021-03-01 20:55:19,090] {taskinstance.py:1038} INFO - Executing <Task(SimpleHttpOperator): user_extraction> on 2020-07-09T00:00:00+00:00
[2021-03-01 20:55:19,092] {standard_task_runner.py:51} INFO - Started process 259005 to run task
[2021-03-01 20:55:19,095] {standard_task_runner.py:75} INFO - Running: ['airflow', 'tasks', 'run', 'user_processing', 'user_extraction', '2020-07-09T00:00:00+00:00', '--job-id', '1000', '--pool', 'default_pool', '--raw', '--subdir', 'DAGS_FOLDER/user_processing.py', '--cfg-path', '/tmp/tmpbjsb8oxq']
[2021-03-01 20:55:19,095] {standard_task_runner.py:76} INFO - Job 1000: Subtask user_extraction
[2021-03-01 20:55:19,117] {logging_mixin.py:103} INFO - Running <TaskInstance: user_processing.user_extraction 2020-07-09T00:00:00+00:00 [running]> on host pop-os.localdomain
[2021-03-01 20:55:19,146] {taskinstance.py:1232} INFO - Exporting the following env vars:
AIRFLOW_CTX_DAG_OWNER=airflow
AIRFLOW_CTX_DAG_ID=user_processing
AIRFLOW_CTX_TASK_ID=user_extraction
AIRFLOW_CTX_EXECUTION_DATE=2020-07-09T00:00:00+00:00
AIRFLOW_CTX_DAG_RUN_ID=scheduled__2020-07-09T00:00:00+00:00
[2021-03-01 20:55:19,147] {http.py:106} INFO - Calling HTTP method
[2021-03-01 20:55:19,149] {base.py:74} INFO - Using connection to: id: user_api. Host: https://randomuser.me/, Port: None, Schema: , Login: , Password: None, extra: None
[2021-03-01 20:55:19,150] {http.py:140} INFO - Sending 'GET' to url: https://randomuser.me/api/
[2021-03-01 20:55:19,238] {http.py:110} INFO - {"results":[{"gender":"male","name":{"title":"Mr","first":"Iúri","last":"da Conceição"},"location":{"street":{"number":659,"name":"Rua Santa Catarina "},"city":"Araraquara","state":"Rondônia","country":"Brazil","postcode":14059,"coordinates":{"latitude":"-70.8819","longitude":"-61.7711"},"timezone":{"offset":"-12:00","description":"Eniwetok, Kwajalein"}},"email":"iuri.daconceicao@example.com","login":{"uuid":"830190c0-a957-4960-ba65-7690c8155962","username":"greengoose502","password":"peaches1","salt":"NLwDKzbT","md5":"7142d6c7b4b5dd3c81f8bf79d1ee4f94","sha1":"3ec5c850720c5eb921148db7dd22fa32cafcc262","sha256":"c797e25f449a0ee85912d058c883b547ae9fc26847aed29d4c775cc0129524c3"},"dob":{"date":"1967-04-07T14:28:10.658Z","age":54},"registered":{"date":"2012-09-07T16:48:58.765Z","age":9},"phone":"(75) 0335-4110","cell":"(89) 5433-0047","id":{"name":"","value":null},"picture":{"large":"https://randomuser.me/api/portraits/men/2.jpg","medium":"https://randomuser.me/api/portraits/med/men/2.jpg","thumbnail":"https://randomuser.me/api/portraits/thumb/men/2.jpg"},"nat":"BR"}],"info":{"seed":"49488e5c57b357e0","results":1,"page":1,"version":"1.3"}}
[2021-03-01 20:55:19,254] {taskinstance.py:1142} INFO - Marking task as SUCCESS. dag_id=user_processing, task_id=user_extraction, execution_date=20200709T000000, start_date=20210302T015519, end_date=20210302T015519
[2021-03-01 20:55:19,279] {taskinstance.py:1195} INFO - 1 downstream tasks scheduled from follow-on schedule check
[2021-03-01 20:55:19,306] {local_task_job.py:118} INFO - Task exited with return code 0
