[2021-03-01 20:46:28,003] {taskinstance.py:826} INFO - Dependencies all met for <TaskInstance: user_processing.user_extraction 2020-04-15T00:00:00+00:00 [queued]>
[2021-03-01 20:46:28,010] {taskinstance.py:826} INFO - Dependencies all met for <TaskInstance: user_processing.user_extraction 2020-04-15T00:00:00+00:00 [queued]>
[2021-03-01 20:46:28,010] {taskinstance.py:1017} INFO - 
--------------------------------------------------------------------------------
[2021-03-01 20:46:28,010] {taskinstance.py:1018} INFO - Starting attempt 1 of 1
[2021-03-01 20:46:28,010] {taskinstance.py:1019} INFO - 
--------------------------------------------------------------------------------
[2021-03-01 20:46:28,019] {taskinstance.py:1038} INFO - Executing <Task(SimpleHttpOperator): user_extraction> on 2020-04-15T00:00:00+00:00
[2021-03-01 20:46:28,021] {standard_task_runner.py:51} INFO - Started process 248155 to run task
[2021-03-01 20:46:28,024] {standard_task_runner.py:75} INFO - Running: ['airflow', 'tasks', 'run', 'user_processing', 'user_extraction', '2020-04-15T00:00:00+00:00', '--job-id', '575', '--pool', 'default_pool', '--raw', '--subdir', 'DAGS_FOLDER/user_processing.py', '--cfg-path', '/tmp/tmpaokecaj8']
[2021-03-01 20:46:28,025] {standard_task_runner.py:76} INFO - Job 575: Subtask user_extraction
[2021-03-01 20:46:28,051] {logging_mixin.py:103} INFO - Running <TaskInstance: user_processing.user_extraction 2020-04-15T00:00:00+00:00 [running]> on host pop-os.localdomain
[2021-03-01 20:46:28,089] {taskinstance.py:1232} INFO - Exporting the following env vars:
AIRFLOW_CTX_DAG_OWNER=airflow
AIRFLOW_CTX_DAG_ID=user_processing
AIRFLOW_CTX_TASK_ID=user_extraction
AIRFLOW_CTX_EXECUTION_DATE=2020-04-15T00:00:00+00:00
AIRFLOW_CTX_DAG_RUN_ID=scheduled__2020-04-15T00:00:00+00:00
[2021-03-01 20:46:28,089] {http.py:106} INFO - Calling HTTP method
[2021-03-01 20:46:28,094] {base.py:74} INFO - Using connection to: id: user_api. Host: https://randomuser.me/, Port: None, Schema: , Login: , Password: None, extra: None
[2021-03-01 20:46:28,097] {http.py:140} INFO - Sending 'GET' to url: https://randomuser.me/api/
[2021-03-01 20:46:28,187] {http.py:110} INFO - {"results":[{"gender":"male","name":{"title":"Mr","first":"Ramon","last":"Santana"},"location":{"street":{"number":9543,"name":"Avenida de Castilla"},"city":"Cartagena","state":"La Rioja","country":"Spain","postcode":89647,"coordinates":{"latitude":"-22.0205","longitude":"-160.7285"},"timezone":{"offset":"+2:00","description":"Kaliningrad, South Africa"}},"email":"ramon.santana@example.com","login":{"uuid":"dd8f12ce-ff68-40a4-8c72-51b1393b8927","username":"lazydog435","password":"rhubarb","salt":"07xHdNsa","md5":"7306c60ce85c0667d2d56c7289c86d83","sha1":"f09f2ed6603ef9c3781dd666df920f1da384efa3","sha256":"fc81da48caeae0a88a44d4bcfedbdcefd4579fe0726b2ca47bbb204169a5e902"},"dob":{"date":"1950-12-29T13:49:42.544Z","age":71},"registered":{"date":"2014-06-11T06:46:11.812Z","age":7},"phone":"925-275-614","cell":"622-925-588","id":{"name":"DNI","value":"85437794-X"},"picture":{"large":"https://randomuser.me/api/portraits/men/12.jpg","medium":"https://randomuser.me/api/portraits/med/men/12.jpg","thumbnail":"https://randomuser.me/api/portraits/thumb/men/12.jpg"},"nat":"ES"}],"info":{"seed":"5609ccacc3743eb7","results":1,"page":1,"version":"1.3"}}
[2021-03-01 20:46:28,198] {taskinstance.py:1142} INFO - Marking task as SUCCESS. dag_id=user_processing, task_id=user_extraction, execution_date=20200415T000000, start_date=20210302T014628, end_date=20210302T014628
[2021-03-01 20:46:28,218] {taskinstance.py:1195} INFO - 1 downstream tasks scheduled from follow-on schedule check
[2021-03-01 20:46:28,236] {local_task_job.py:118} INFO - Task exited with return code 0
