[2021-03-01 20:39:36,483] {taskinstance.py:826} INFO - Dependencies all met for <TaskInstance: user_processing.user_extraction 2020-02-09T00:00:00+00:00 [queued]>
[2021-03-01 20:39:36,491] {taskinstance.py:826} INFO - Dependencies all met for <TaskInstance: user_processing.user_extraction 2020-02-09T00:00:00+00:00 [queued]>
[2021-03-01 20:39:36,491] {taskinstance.py:1017} INFO - 
--------------------------------------------------------------------------------
[2021-03-01 20:39:36,491] {taskinstance.py:1018} INFO - Starting attempt 1 of 1
[2021-03-01 20:39:36,491] {taskinstance.py:1019} INFO - 
--------------------------------------------------------------------------------
[2021-03-01 20:39:36,501] {taskinstance.py:1038} INFO - Executing <Task(SimpleHttpOperator): user_extraction> on 2020-02-09T00:00:00+00:00
[2021-03-01 20:39:36,504] {standard_task_runner.py:51} INFO - Started process 240043 to run task
[2021-03-01 20:39:36,507] {standard_task_runner.py:75} INFO - Running: ['airflow', 'tasks', 'run', 'user_processing', 'user_extraction', '2020-02-09T00:00:00+00:00', '--job-id', '245', '--pool', 'default_pool', '--raw', '--subdir', 'DAGS_FOLDER/user_processing.py', '--cfg-path', '/tmp/tmpymvw2jel']
[2021-03-01 20:39:36,507] {standard_task_runner.py:76} INFO - Job 245: Subtask user_extraction
[2021-03-01 20:39:36,534] {logging_mixin.py:103} INFO - Running <TaskInstance: user_processing.user_extraction 2020-02-09T00:00:00+00:00 [running]> on host pop-os.localdomain
[2021-03-01 20:39:36,561] {taskinstance.py:1232} INFO - Exporting the following env vars:
AIRFLOW_CTX_DAG_OWNER=airflow
AIRFLOW_CTX_DAG_ID=user_processing
AIRFLOW_CTX_TASK_ID=user_extraction
AIRFLOW_CTX_EXECUTION_DATE=2020-02-09T00:00:00+00:00
AIRFLOW_CTX_DAG_RUN_ID=scheduled__2020-02-09T00:00:00+00:00
[2021-03-01 20:39:36,562] {http.py:106} INFO - Calling HTTP method
[2021-03-01 20:39:36,566] {base.py:74} INFO - Using connection to: id: user_api. Host: https://randomuser.me/, Port: None, Schema: , Login: , Password: None, extra: None
[2021-03-01 20:39:36,568] {http.py:140} INFO - Sending 'GET' to url: https://randomuser.me/api/
[2021-03-01 20:39:36,688] {http.py:110} INFO - {"results":[{"gender":"female","name":{"title":"Ms","first":"Caroline","last":"Madsen"},"location":{"street":{"number":9259,"name":"Mosegårdsvej"},"city":"Viby Sj.","state":"Hovedstaden","country":"Denmark","postcode":47511,"coordinates":{"latitude":"-32.6932","longitude":"37.1543"},"timezone":{"offset":"-9:00","description":"Alaska"}},"email":"caroline.madsen@example.com","login":{"uuid":"27d1e8f4-6e3e-43d4-baca-4a8ef898b939","username":"purplefish675","password":"rodman","salt":"3o6o2pTP","md5":"79f5d158166571dd1bbf498eeda13e88","sha1":"98afb54082c9b061b5edf36d38c4991e6cbfa44a","sha256":"4d4fd52f8f2d87d26dc1b44f44b4f48e0dbaa8f4c939a325a79af7b58e60b8bf"},"dob":{"date":"1972-08-12T05:51:43.840Z","age":49},"registered":{"date":"2018-04-05T00:01:43.022Z","age":3},"phone":"56575265","cell":"59056722","id":{"name":"CPR","value":"120872-6079"},"picture":{"large":"https://randomuser.me/api/portraits/women/96.jpg","medium":"https://randomuser.me/api/portraits/med/women/96.jpg","thumbnail":"https://randomuser.me/api/portraits/thumb/women/96.jpg"},"nat":"DK"}],"info":{"seed":"50f57b453f94a606","results":1,"page":1,"version":"1.3"}}
[2021-03-01 20:39:36,700] {taskinstance.py:1142} INFO - Marking task as SUCCESS. dag_id=user_processing, task_id=user_extraction, execution_date=20200209T000000, start_date=20210302T013936, end_date=20210302T013936
[2021-03-01 20:39:36,717] {taskinstance.py:1195} INFO - 1 downstream tasks scheduled from follow-on schedule check
[2021-03-01 20:39:36,758] {local_task_job.py:118} INFO - Task exited with return code 0
