[2021-03-01 20:54:55,798] {taskinstance.py:826} INFO - Dependencies all met for <TaskInstance: user_processing.user_extraction 2020-07-05T00:00:00+00:00 [queued]>
[2021-03-01 20:54:55,802] {taskinstance.py:826} INFO - Dependencies all met for <TaskInstance: user_processing.user_extraction 2020-07-05T00:00:00+00:00 [queued]>
[2021-03-01 20:54:55,803] {taskinstance.py:1017} INFO - 
--------------------------------------------------------------------------------
[2021-03-01 20:54:55,803] {taskinstance.py:1018} INFO - Starting attempt 1 of 1
[2021-03-01 20:54:55,803] {taskinstance.py:1019} INFO - 
--------------------------------------------------------------------------------
[2021-03-01 20:54:55,810] {taskinstance.py:1038} INFO - Executing <Task(SimpleHttpOperator): user_extraction> on 2020-07-05T00:00:00+00:00
[2021-03-01 20:54:55,812] {standard_task_runner.py:51} INFO - Started process 258567 to run task
[2021-03-01 20:54:55,814] {standard_task_runner.py:75} INFO - Running: ['airflow', 'tasks', 'run', 'user_processing', 'user_extraction', '2020-07-05T00:00:00+00:00', '--job-id', '980', '--pool', 'default_pool', '--raw', '--subdir', 'DAGS_FOLDER/user_processing.py', '--cfg-path', '/tmp/tmp32ackcm0']
[2021-03-01 20:54:55,815] {standard_task_runner.py:76} INFO - Job 980: Subtask user_extraction
[2021-03-01 20:54:55,851] {logging_mixin.py:103} INFO - Running <TaskInstance: user_processing.user_extraction 2020-07-05T00:00:00+00:00 [running]> on host pop-os.localdomain
[2021-03-01 20:54:55,890] {taskinstance.py:1232} INFO - Exporting the following env vars:
AIRFLOW_CTX_DAG_OWNER=airflow
AIRFLOW_CTX_DAG_ID=user_processing
AIRFLOW_CTX_TASK_ID=user_extraction
AIRFLOW_CTX_EXECUTION_DATE=2020-07-05T00:00:00+00:00
AIRFLOW_CTX_DAG_RUN_ID=scheduled__2020-07-05T00:00:00+00:00
[2021-03-01 20:54:55,891] {http.py:106} INFO - Calling HTTP method
[2021-03-01 20:54:55,897] {base.py:74} INFO - Using connection to: id: user_api. Host: https://randomuser.me/, Port: None, Schema: , Login: , Password: None, extra: None
[2021-03-01 20:54:55,900] {http.py:140} INFO - Sending 'GET' to url: https://randomuser.me/api/
[2021-03-01 20:54:55,997] {http.py:110} INFO - {"results":[{"gender":"male","name":{"title":"Mr","first":"Viljami","last":"Murto"},"location":{"street":{"number":1882,"name":"Myllypuronkatu"},"city":"Valkeakoski","state":"Central Finland","country":"Finland","postcode":19845,"coordinates":{"latitude":"-11.1392","longitude":"-54.5814"},"timezone":{"offset":"-3:00","description":"Brazil, Buenos Aires, Georgetown"}},"email":"viljami.murto@example.com","login":{"uuid":"f9537e01-843a-462f-9222-0157aa3316a8","username":"blackdog113","password":"bethany","salt":"HqnOAl9Z","md5":"c5898ea1625228e949c88231a5f58cb1","sha1":"4fee045e74b17e311186c7717f21e18438dd26b0","sha256":"0ee9883ea23153b4863bac01ec9cc4d4b1b4e5781d12faff4149cd6398b11f79"},"dob":{"date":"1951-01-28T04:44:57.667Z","age":70},"registered":{"date":"2008-03-26T07:53:30.781Z","age":13},"phone":"07-621-036","cell":"045-525-34-87","id":{"name":"HETU","value":"NaNNA063undefined"},"picture":{"large":"https://randomuser.me/api/portraits/men/47.jpg","medium":"https://randomuser.me/api/portraits/med/men/47.jpg","thumbnail":"https://randomuser.me/api/portraits/thumb/men/47.jpg"},"nat":"FI"}],"info":{"seed":"2bf3335b2cc92691","results":1,"page":1,"version":"1.3"}}
[2021-03-01 20:54:56,028] {taskinstance.py:1142} INFO - Marking task as SUCCESS. dag_id=user_processing, task_id=user_extraction, execution_date=20200705T000000, start_date=20210302T015455, end_date=20210302T015456
[2021-03-01 20:54:56,056] {taskinstance.py:1195} INFO - 1 downstream tasks scheduled from follow-on schedule check
[2021-03-01 20:54:56,066] {local_task_job.py:118} INFO - Task exited with return code 0
