[2021-03-01 20:41:20,676] {taskinstance.py:826} INFO - Dependencies all met for <TaskInstance: user_processing.user_extraction 2020-02-26T00:00:00+00:00 [queued]>
[2021-03-01 20:41:20,680] {taskinstance.py:826} INFO - Dependencies all met for <TaskInstance: user_processing.user_extraction 2020-02-26T00:00:00+00:00 [queued]>
[2021-03-01 20:41:20,680] {taskinstance.py:1017} INFO - 
--------------------------------------------------------------------------------
[2021-03-01 20:41:20,680] {taskinstance.py:1018} INFO - Starting attempt 1 of 1
[2021-03-01 20:41:20,680] {taskinstance.py:1019} INFO - 
--------------------------------------------------------------------------------
[2021-03-01 20:41:20,693] {taskinstance.py:1038} INFO - Executing <Task(SimpleHttpOperator): user_extraction> on 2020-02-26T00:00:00+00:00
[2021-03-01 20:41:20,696] {standard_task_runner.py:51} INFO - Started process 242031 to run task
[2021-03-01 20:41:20,698] {standard_task_runner.py:75} INFO - Running: ['airflow', 'tasks', 'run', 'user_processing', 'user_extraction', '2020-02-26T00:00:00+00:00', '--job-id', '330', '--pool', 'default_pool', '--raw', '--subdir', 'DAGS_FOLDER/user_processing.py', '--cfg-path', '/tmp/tmp7w0q2sbl']
[2021-03-01 20:41:20,699] {standard_task_runner.py:76} INFO - Job 330: Subtask user_extraction
[2021-03-01 20:41:20,721] {logging_mixin.py:103} INFO - Running <TaskInstance: user_processing.user_extraction 2020-02-26T00:00:00+00:00 [running]> on host pop-os.localdomain
[2021-03-01 20:41:20,745] {taskinstance.py:1232} INFO - Exporting the following env vars:
AIRFLOW_CTX_DAG_OWNER=airflow
AIRFLOW_CTX_DAG_ID=user_processing
AIRFLOW_CTX_TASK_ID=user_extraction
AIRFLOW_CTX_EXECUTION_DATE=2020-02-26T00:00:00+00:00
AIRFLOW_CTX_DAG_RUN_ID=scheduled__2020-02-26T00:00:00+00:00
[2021-03-01 20:41:20,746] {http.py:106} INFO - Calling HTTP method
[2021-03-01 20:41:20,748] {base.py:74} INFO - Using connection to: id: user_api. Host: https://randomuser.me/, Port: None, Schema: , Login: , Password: None, extra: None
[2021-03-01 20:41:20,749] {http.py:140} INFO - Sending 'GET' to url: https://randomuser.me/api/
[2021-03-01 20:41:20,820] {http.py:110} INFO - {"results":[{"gender":"female","name":{"title":"Mrs","first":"Hannah","last":"Chow"},"location":{"street":{"number":8598,"name":"22nd Ave"},"city":"Armstrong","state":"Ontario","country":"Canada","postcode":"J6Q 5E8","coordinates":{"latitude":"-61.0892","longitude":"145.7859"},"timezone":{"offset":"+7:00","description":"Bangkok, Hanoi, Jakarta"}},"email":"hannah.chow@example.com","login":{"uuid":"835cd00a-e2f4-47a0-b788-ac03c8a114f3","username":"lazymouse786","password":"liverpool","salt":"l7tENa8B","md5":"0211809c2ee34ac3fedfbdc75a37b148","sha1":"7c55da589e5d5a556de40ded6b508be5077be69e","sha256":"b33cd810916ede378ae3855a9427bd18a1aa7dabf1f07db17e68a5599061cbeb"},"dob":{"date":"1945-09-24T19:38:20.995Z","age":76},"registered":{"date":"2005-08-09T11:15:34.100Z","age":16},"phone":"560-029-1533","cell":"532-852-1960","id":{"name":"","value":null},"picture":{"large":"https://randomuser.me/api/portraits/women/74.jpg","medium":"https://randomuser.me/api/portraits/med/women/74.jpg","thumbnail":"https://randomuser.me/api/portraits/thumb/women/74.jpg"},"nat":"CA"}],"info":{"seed":"30c207d12b5a6b7e","results":1,"page":1,"version":"1.3"}}
[2021-03-01 20:41:20,837] {taskinstance.py:1142} INFO - Marking task as SUCCESS. dag_id=user_processing, task_id=user_extraction, execution_date=20200226T000000, start_date=20210302T014120, end_date=20210302T014120
[2021-03-01 20:41:20,856] {taskinstance.py:1195} INFO - 1 downstream tasks scheduled from follow-on schedule check
[2021-03-01 20:41:20,870] {local_task_job.py:118} INFO - Task exited with return code 0
