[2021-03-01 20:42:23,065] {taskinstance.py:826} INFO - Dependencies all met for <TaskInstance: user_processing.user_extraction 2020-03-07T00:00:00+00:00 [queued]>
[2021-03-01 20:42:23,072] {taskinstance.py:826} INFO - Dependencies all met for <TaskInstance: user_processing.user_extraction 2020-03-07T00:00:00+00:00 [queued]>
[2021-03-01 20:42:23,072] {taskinstance.py:1017} INFO - 
--------------------------------------------------------------------------------
[2021-03-01 20:42:23,072] {taskinstance.py:1018} INFO - Starting attempt 1 of 1
[2021-03-01 20:42:23,072] {taskinstance.py:1019} INFO - 
--------------------------------------------------------------------------------
[2021-03-01 20:42:23,080] {taskinstance.py:1038} INFO - Executing <Task(SimpleHttpOperator): user_extraction> on 2020-03-07T00:00:00+00:00
[2021-03-01 20:42:23,082] {standard_task_runner.py:51} INFO - Started process 243258 to run task
[2021-03-01 20:42:23,084] {standard_task_runner.py:75} INFO - Running: ['airflow', 'tasks', 'run', 'user_processing', 'user_extraction', '2020-03-07T00:00:00+00:00', '--job-id', '380', '--pool', 'default_pool', '--raw', '--subdir', 'DAGS_FOLDER/user_processing.py', '--cfg-path', '/tmp/tmpi3ibgra4']
[2021-03-01 20:42:23,085] {standard_task_runner.py:76} INFO - Job 380: Subtask user_extraction
[2021-03-01 20:42:23,107] {logging_mixin.py:103} INFO - Running <TaskInstance: user_processing.user_extraction 2020-03-07T00:00:00+00:00 [running]> on host pop-os.localdomain
[2021-03-01 20:42:23,130] {taskinstance.py:1232} INFO - Exporting the following env vars:
AIRFLOW_CTX_DAG_OWNER=airflow
AIRFLOW_CTX_DAG_ID=user_processing
AIRFLOW_CTX_TASK_ID=user_extraction
AIRFLOW_CTX_EXECUTION_DATE=2020-03-07T00:00:00+00:00
AIRFLOW_CTX_DAG_RUN_ID=scheduled__2020-03-07T00:00:00+00:00
[2021-03-01 20:42:23,130] {http.py:106} INFO - Calling HTTP method
[2021-03-01 20:42:23,133] {base.py:74} INFO - Using connection to: id: user_api. Host: https://randomuser.me/, Port: None, Schema: , Login: , Password: None, extra: None
[2021-03-01 20:42:23,134] {http.py:140} INFO - Sending 'GET' to url: https://randomuser.me/api/
[2021-03-01 20:42:23,214] {http.py:110} INFO - {"results":[{"gender":"male","name":{"title":"Mr","first":"Hudson","last":"Lévesque"},"location":{"street":{"number":6369,"name":"Elgin St"},"city":"Keswick","state":"Saskatchewan","country":"Canada","postcode":"S0Y 6A2","coordinates":{"latitude":"-67.5505","longitude":"-165.0621"},"timezone":{"offset":"+4:00","description":"Abu Dhabi, Muscat, Baku, Tbilisi"}},"email":"hudson.levesque@example.com","login":{"uuid":"699a77d3-6c4f-4076-a0f3-ae7e1ed88e87","username":"yellowelephant693","password":"1974","salt":"xVs0aBxi","md5":"7843bc30ee6630eda5e0d46df1ba6489","sha1":"a358cfed1c1ab54e97e3f142b8438f3fbc7254b2","sha256":"154261c5ca5c9f515b6cf7095f80d7c631b5e22124098bc1be651a03671909a6"},"dob":{"date":"1992-07-28T21:12:02.103Z","age":29},"registered":{"date":"2009-12-19T17:49:31.679Z","age":12},"phone":"198-558-5436","cell":"034-960-7234","id":{"name":"","value":null},"picture":{"large":"https://randomuser.me/api/portraits/men/87.jpg","medium":"https://randomuser.me/api/portraits/med/men/87.jpg","thumbnail":"https://randomuser.me/api/portraits/thumb/men/87.jpg"},"nat":"CA"}],"info":{"seed":"4cb90063c325eca0","results":1,"page":1,"version":"1.3"}}
[2021-03-01 20:42:23,242] {taskinstance.py:1142} INFO - Marking task as SUCCESS. dag_id=user_processing, task_id=user_extraction, execution_date=20200307T000000, start_date=20210302T014223, end_date=20210302T014223
[2021-03-01 20:42:23,279] {taskinstance.py:1195} INFO - 1 downstream tasks scheduled from follow-on schedule check
[2021-03-01 20:42:23,296] {local_task_job.py:118} INFO - Task exited with return code 0
