[2021-03-01 20:45:56,821] {taskinstance.py:826} INFO - Dependencies all met for <TaskInstance: user_processing.user_extraction 2020-04-10T00:00:00+00:00 [queued]>
[2021-03-01 20:45:56,826] {taskinstance.py:826} INFO - Dependencies all met for <TaskInstance: user_processing.user_extraction 2020-04-10T00:00:00+00:00 [queued]>
[2021-03-01 20:45:56,826] {taskinstance.py:1017} INFO - 
--------------------------------------------------------------------------------
[2021-03-01 20:45:56,826] {taskinstance.py:1018} INFO - Starting attempt 1 of 1
[2021-03-01 20:45:56,826] {taskinstance.py:1019} INFO - 
--------------------------------------------------------------------------------
[2021-03-01 20:45:56,836] {taskinstance.py:1038} INFO - Executing <Task(SimpleHttpOperator): user_extraction> on 2020-04-10T00:00:00+00:00
[2021-03-01 20:45:56,838] {standard_task_runner.py:51} INFO - Started process 247629 to run task
[2021-03-01 20:45:56,840] {standard_task_runner.py:75} INFO - Running: ['airflow', 'tasks', 'run', 'user_processing', 'user_extraction', '2020-04-10T00:00:00+00:00', '--job-id', '550', '--pool', 'default_pool', '--raw', '--subdir', 'DAGS_FOLDER/user_processing.py', '--cfg-path', '/tmp/tmpp546h84d']
[2021-03-01 20:45:56,841] {standard_task_runner.py:76} INFO - Job 550: Subtask user_extraction
[2021-03-01 20:45:56,863] {logging_mixin.py:103} INFO - Running <TaskInstance: user_processing.user_extraction 2020-04-10T00:00:00+00:00 [running]> on host pop-os.localdomain
[2021-03-01 20:45:56,885] {taskinstance.py:1232} INFO - Exporting the following env vars:
AIRFLOW_CTX_DAG_OWNER=airflow
AIRFLOW_CTX_DAG_ID=user_processing
AIRFLOW_CTX_TASK_ID=user_extraction
AIRFLOW_CTX_EXECUTION_DATE=2020-04-10T00:00:00+00:00
AIRFLOW_CTX_DAG_RUN_ID=scheduled__2020-04-10T00:00:00+00:00
[2021-03-01 20:45:56,885] {http.py:106} INFO - Calling HTTP method
[2021-03-01 20:45:56,888] {base.py:74} INFO - Using connection to: id: user_api. Host: https://randomuser.me/, Port: None, Schema: , Login: , Password: None, extra: None
[2021-03-01 20:45:56,889] {http.py:140} INFO - Sending 'GET' to url: https://randomuser.me/api/
[2021-03-01 20:45:56,999] {http.py:110} INFO - {"results":[{"gender":"female","name":{"title":"Miss","first":"Alice","last":"Johnson"},"location":{"street":{"number":5777,"name":"Grand Ave"},"city":"Cadillac","state":"Nunavut","country":"Canada","postcode":"F4I 9X9","coordinates":{"latitude":"-62.8788","longitude":"44.5213"},"timezone":{"offset":"-2:00","description":"Mid-Atlantic"}},"email":"alice.johnson@example.com","login":{"uuid":"06369819-8b1e-47b6-b1ff-452b15970115","username":"whitefish388","password":"xxxxxx","salt":"Rd4DUzmg","md5":"9f4570e00ac92244223344f541c62b7d","sha1":"b640682e3bff47f6fbe82c283bd605230bdc7752","sha256":"6c46b456e4783be63de1b33707baa0781f02cf8c1e34dcd239c401e6e5118d47"},"dob":{"date":"1954-05-22T23:17:00.438Z","age":67},"registered":{"date":"2014-10-31T02:53:22.635Z","age":7},"phone":"364-010-3002","cell":"037-568-6940","id":{"name":"","value":null},"picture":{"large":"https://randomuser.me/api/portraits/women/10.jpg","medium":"https://randomuser.me/api/portraits/med/women/10.jpg","thumbnail":"https://randomuser.me/api/portraits/thumb/women/10.jpg"},"nat":"CA"}],"info":{"seed":"acbb389bf4618a32","results":1,"page":1,"version":"1.3"}}
[2021-03-01 20:45:57,015] {taskinstance.py:1142} INFO - Marking task as SUCCESS. dag_id=user_processing, task_id=user_extraction, execution_date=20200410T000000, start_date=20210302T014556, end_date=20210302T014557
[2021-03-01 20:45:57,044] {taskinstance.py:1195} INFO - 1 downstream tasks scheduled from follow-on schedule check
[2021-03-01 20:45:57,092] {local_task_job.py:118} INFO - Task exited with return code 0
