[2021-03-01 20:58:47,973] {taskinstance.py:826} INFO - Dependencies all met for <TaskInstance: user_processing.user_extraction 2020-08-13T00:00:00+00:00 [queued]>
[2021-03-01 20:58:47,977] {taskinstance.py:826} INFO - Dependencies all met for <TaskInstance: user_processing.user_extraction 2020-08-13T00:00:00+00:00 [queued]>
[2021-03-01 20:58:47,978] {taskinstance.py:1017} INFO - 
--------------------------------------------------------------------------------
[2021-03-01 20:58:47,978] {taskinstance.py:1018} INFO - Starting attempt 1 of 1
[2021-03-01 20:58:47,978] {taskinstance.py:1019} INFO - 
--------------------------------------------------------------------------------
[2021-03-01 20:58:47,988] {taskinstance.py:1038} INFO - Executing <Task(SimpleHttpOperator): user_extraction> on 2020-08-13T00:00:00+00:00
[2021-03-01 20:58:47,993] {standard_task_runner.py:51} INFO - Started process 263145 to run task
[2021-03-01 20:58:47,999] {standard_task_runner.py:75} INFO - Running: ['airflow', 'tasks', 'run', 'user_processing', 'user_extraction', '2020-08-13T00:00:00+00:00', '--job-id', '1175', '--pool', 'default_pool', '--raw', '--subdir', 'DAGS_FOLDER/user_processing.py', '--cfg-path', '/tmp/tmpjsbibdbr']
[2021-03-01 20:58:48,000] {standard_task_runner.py:76} INFO - Job 1175: Subtask user_extraction
[2021-03-01 20:58:48,027] {logging_mixin.py:103} INFO - Running <TaskInstance: user_processing.user_extraction 2020-08-13T00:00:00+00:00 [running]> on host pop-os.localdomain
[2021-03-01 20:58:48,050] {taskinstance.py:1232} INFO - Exporting the following env vars:
AIRFLOW_CTX_DAG_OWNER=airflow
AIRFLOW_CTX_DAG_ID=user_processing
AIRFLOW_CTX_TASK_ID=user_extraction
AIRFLOW_CTX_EXECUTION_DATE=2020-08-13T00:00:00+00:00
AIRFLOW_CTX_DAG_RUN_ID=scheduled__2020-08-13T00:00:00+00:00
[2021-03-01 20:58:48,050] {http.py:106} INFO - Calling HTTP method
[2021-03-01 20:58:48,052] {base.py:74} INFO - Using connection to: id: user_api. Host: https://randomuser.me/, Port: None, Schema: , Login: , Password: None, extra: None
[2021-03-01 20:58:48,054] {http.py:140} INFO - Sending 'GET' to url: https://randomuser.me/api/
[2021-03-01 20:58:48,249] {http.py:110} INFO - {"results":[{"gender":"male","name":{"title":"Mr","first":"Ilyès","last":"Nicolas"},"location":{"street":{"number":9080,"name":"Avenue Debourg"},"city":"Saint-Pierre","state":"Somme","country":"France","postcode":79317,"coordinates":{"latitude":"-0.2783","longitude":"-108.8405"},"timezone":{"offset":"-7:00","description":"Mountain Time (US & Canada)"}},"email":"ilyes.nicolas@example.com","login":{"uuid":"5c2e0ddc-6014-436c-8036-ca5df6decb55","username":"browngoose791","password":"363636","salt":"AdgtoAWW","md5":"88f234144679056ba5b258d04648fc28","sha1":"60996bfbf854e95269f1a2012813fc7fa8f16698","sha256":"abadad77e298970ed9bc9dbdf4f6cec5ca039be70ea09556d109e1cc5deeab6b"},"dob":{"date":"1980-08-06T02:22:40.015Z","age":41},"registered":{"date":"2008-07-05T20:01:01.663Z","age":13},"phone":"05-38-98-73-32","cell":"06-19-54-83-02","id":{"name":"INSEE","value":"1NNaN26264766 72"},"picture":{"large":"https://randomuser.me/api/portraits/men/82.jpg","medium":"https://randomuser.me/api/portraits/med/men/82.jpg","thumbnail":"https://randomuser.me/api/portraits/thumb/men/82.jpg"},"nat":"FR"}],"info":{"seed":"e86ef38de9d60a37","results":1,"page":1,"version":"1.3"}}
[2021-03-01 20:58:48,275] {taskinstance.py:1142} INFO - Marking task as SUCCESS. dag_id=user_processing, task_id=user_extraction, execution_date=20200813T000000, start_date=20210302T015847, end_date=20210302T015848
[2021-03-01 20:58:48,295] {taskinstance.py:1195} INFO - 1 downstream tasks scheduled from follow-on schedule check
[2021-03-01 20:58:48,330] {local_task_job.py:118} INFO - Task exited with return code 0
