[2021-03-01 20:40:49,769] {taskinstance.py:826} INFO - Dependencies all met for <TaskInstance: user_processing.user_extraction 2020-02-21T00:00:00+00:00 [queued]>
[2021-03-01 20:40:49,775] {taskinstance.py:826} INFO - Dependencies all met for <TaskInstance: user_processing.user_extraction 2020-02-21T00:00:00+00:00 [queued]>
[2021-03-01 20:40:49,775] {taskinstance.py:1017} INFO - 
--------------------------------------------------------------------------------
[2021-03-01 20:40:49,775] {taskinstance.py:1018} INFO - Starting attempt 1 of 1
[2021-03-01 20:40:49,775] {taskinstance.py:1019} INFO - 
--------------------------------------------------------------------------------
[2021-03-01 20:40:49,785] {taskinstance.py:1038} INFO - Executing <Task(SimpleHttpOperator): user_extraction> on 2020-02-21T00:00:00+00:00
[2021-03-01 20:40:49,790] {standard_task_runner.py:51} INFO - Started process 241513 to run task
[2021-03-01 20:40:49,796] {standard_task_runner.py:75} INFO - Running: ['airflow', 'tasks', 'run', 'user_processing', 'user_extraction', '2020-02-21T00:00:00+00:00', '--job-id', '305', '--pool', 'default_pool', '--raw', '--subdir', 'DAGS_FOLDER/user_processing.py', '--cfg-path', '/tmp/tmpjz33c0fy']
[2021-03-01 20:40:49,796] {standard_task_runner.py:76} INFO - Job 305: Subtask user_extraction
[2021-03-01 20:40:49,828] {logging_mixin.py:103} INFO - Running <TaskInstance: user_processing.user_extraction 2020-02-21T00:00:00+00:00 [running]> on host pop-os.localdomain
[2021-03-01 20:40:49,853] {taskinstance.py:1232} INFO - Exporting the following env vars:
AIRFLOW_CTX_DAG_OWNER=airflow
AIRFLOW_CTX_DAG_ID=user_processing
AIRFLOW_CTX_TASK_ID=user_extraction
AIRFLOW_CTX_EXECUTION_DATE=2020-02-21T00:00:00+00:00
AIRFLOW_CTX_DAG_RUN_ID=scheduled__2020-02-21T00:00:00+00:00
[2021-03-01 20:40:49,854] {http.py:106} INFO - Calling HTTP method
[2021-03-01 20:40:49,856] {base.py:74} INFO - Using connection to: id: user_api. Host: https://randomuser.me/, Port: None, Schema: , Login: , Password: None, extra: None
[2021-03-01 20:40:49,859] {http.py:140} INFO - Sending 'GET' to url: https://randomuser.me/api/
[2021-03-01 20:40:49,954] {http.py:110} INFO - {"results":[{"gender":"male","name":{"title":"Mr","first":"Ceyhun","last":"Sepetçi"},"location":{"street":{"number":8615,"name":"Anafartalar Cd"},"city":"Hatay","state":"Aydın","country":"Turkey","postcode":43822,"coordinates":{"latitude":"69.6385","longitude":"-44.6129"},"timezone":{"offset":"0:00","description":"Western Europe Time, London, Lisbon, Casablanca"}},"email":"ceyhun.sepetci@example.com","login":{"uuid":"2b7d1616-c6a8-4799-a5c8-5b1fa5261a84","username":"smallleopard419","password":"eduard","salt":"WzPIDJMz","md5":"34f755483a6aaf26addae1f3e5ff3a70","sha1":"d47dc92912aca0d2df673189db52e923975b4c65","sha256":"10804de276427ff6a23aceaa7c6621b55b6cf0219c4f2f35ac94d344c88e692e"},"dob":{"date":"1984-07-12T13:50:02.814Z","age":37},"registered":{"date":"2004-03-08T01:00:46.205Z","age":17},"phone":"(631)-416-5207","cell":"(768)-924-0482","id":{"name":"","value":null},"picture":{"large":"https://randomuser.me/api/portraits/men/94.jpg","medium":"https://randomuser.me/api/portraits/med/men/94.jpg","thumbnail":"https://randomuser.me/api/portraits/thumb/men/94.jpg"},"nat":"TR"}],"info":{"seed":"c3155bb1b7559dd5","results":1,"page":1,"version":"1.3"}}
[2021-03-01 20:40:49,968] {taskinstance.py:1142} INFO - Marking task as SUCCESS. dag_id=user_processing, task_id=user_extraction, execution_date=20200221T000000, start_date=20210302T014049, end_date=20210302T014049
[2021-03-01 20:40:49,986] {taskinstance.py:1195} INFO - 1 downstream tasks scheduled from follow-on schedule check
[2021-03-01 20:40:50,006] {local_task_job.py:118} INFO - Task exited with return code 0
