[2021-03-01 20:45:09,831] {taskinstance.py:826} INFO - Dependencies all met for <TaskInstance: user_processing.user_extraction 2020-04-03T00:00:00+00:00 [queued]>
[2021-03-01 20:45:09,836] {taskinstance.py:826} INFO - Dependencies all met for <TaskInstance: user_processing.user_extraction 2020-04-03T00:00:00+00:00 [queued]>
[2021-03-01 20:45:09,836] {taskinstance.py:1017} INFO - 
--------------------------------------------------------------------------------
[2021-03-01 20:45:09,836] {taskinstance.py:1018} INFO - Starting attempt 1 of 1
[2021-03-01 20:45:09,836] {taskinstance.py:1019} INFO - 
--------------------------------------------------------------------------------
[2021-03-01 20:45:09,847] {taskinstance.py:1038} INFO - Executing <Task(SimpleHttpOperator): user_extraction> on 2020-04-03T00:00:00+00:00
[2021-03-01 20:45:09,849] {standard_task_runner.py:51} INFO - Started process 246663 to run task
[2021-03-01 20:45:09,851] {standard_task_runner.py:75} INFO - Running: ['airflow', 'tasks', 'run', 'user_processing', 'user_extraction', '2020-04-03T00:00:00+00:00', '--job-id', '515', '--pool', 'default_pool', '--raw', '--subdir', 'DAGS_FOLDER/user_processing.py', '--cfg-path', '/tmp/tmpiczuwy61']
[2021-03-01 20:45:09,852] {standard_task_runner.py:76} INFO - Job 515: Subtask user_extraction
[2021-03-01 20:45:09,872] {logging_mixin.py:103} INFO - Running <TaskInstance: user_processing.user_extraction 2020-04-03T00:00:00+00:00 [running]> on host pop-os.localdomain
[2021-03-01 20:45:09,896] {taskinstance.py:1232} INFO - Exporting the following env vars:
AIRFLOW_CTX_DAG_OWNER=airflow
AIRFLOW_CTX_DAG_ID=user_processing
AIRFLOW_CTX_TASK_ID=user_extraction
AIRFLOW_CTX_EXECUTION_DATE=2020-04-03T00:00:00+00:00
AIRFLOW_CTX_DAG_RUN_ID=scheduled__2020-04-03T00:00:00+00:00
[2021-03-01 20:45:09,897] {http.py:106} INFO - Calling HTTP method
[2021-03-01 20:45:09,899] {base.py:74} INFO - Using connection to: id: user_api. Host: https://randomuser.me/, Port: None, Schema: , Login: , Password: None, extra: None
[2021-03-01 20:45:09,900] {http.py:140} INFO - Sending 'GET' to url: https://randomuser.me/api/
[2021-03-01 20:45:09,990] {http.py:110} INFO - {"results":[{"gender":"female","name":{"title":"Miss","first":"Keira","last":"Wang"},"location":{"street":{"number":21,"name":"Tremaine Avenue"},"city":"Napier","state":"Otago","country":"New Zealand","postcode":48176,"coordinates":{"latitude":"59.5484","longitude":"106.7446"},"timezone":{"offset":"-2:00","description":"Mid-Atlantic"}},"email":"keira.wang@example.com","login":{"uuid":"8d450e79-6015-4dfd-b695-f082d3a28870","username":"greenzebra118","password":"mick","salt":"bfuY7ZSA","md5":"33a543a867fb0147a21d36834f7c0027","sha1":"65de8b9ada6d11ef9ec0e467aa8c3c3d6d42a5c1","sha256":"e19638c6f3d4a11d6af4a84fa56fd4011fb0030adaf1e5767cf55b30ae090da2"},"dob":{"date":"1974-10-08T22:30:35.605Z","age":47},"registered":{"date":"2005-01-26T18:14:32.916Z","age":16},"phone":"(261)-554-0923","cell":"(589)-060-7476","id":{"name":"","value":null},"picture":{"large":"https://randomuser.me/api/portraits/women/79.jpg","medium":"https://randomuser.me/api/portraits/med/women/79.jpg","thumbnail":"https://randomuser.me/api/portraits/thumb/women/79.jpg"},"nat":"NZ"}],"info":{"seed":"d80e75db99d62910","results":1,"page":1,"version":"1.3"}}
[2021-03-01 20:45:10,020] {taskinstance.py:1142} INFO - Marking task as SUCCESS. dag_id=user_processing, task_id=user_extraction, execution_date=20200403T000000, start_date=20210302T014509, end_date=20210302T014510
[2021-03-01 20:45:10,045] {taskinstance.py:1195} INFO - 1 downstream tasks scheduled from follow-on schedule check
[2021-03-01 20:45:10,063] {local_task_job.py:118} INFO - Task exited with return code 0
