[2021-02-22 18:24:49,583] {scheduler_job.py:181} INFO - Started process (PID=195157) to work on /home/i-sip_iot/anaconda3/envs/sandbox/lib/python3.7/site-packages/airflow/example_dags/subdags/subdag.py
[2021-02-22 18:24:49,584] {scheduler_job.py:629} INFO - Processing file /home/i-sip_iot/anaconda3/envs/sandbox/lib/python3.7/site-packages/airflow/example_dags/subdags/subdag.py for tasks to queue
[2021-02-22 18:24:49,584] {logging_mixin.py:103} INFO - [2021-02-22 18:24:49,584] {dagbag.py:440} INFO - Filling up the DagBag from /home/i-sip_iot/anaconda3/envs/sandbox/lib/python3.7/site-packages/airflow/example_dags/subdags/subdag.py
[2021-02-22 18:24:49,586] {scheduler_job.py:641} WARNING - No viable dags retrieved from /home/i-sip_iot/anaconda3/envs/sandbox/lib/python3.7/site-packages/airflow/example_dags/subdags/subdag.py
[2021-02-22 18:24:49,589] {scheduler_job.py:189} INFO - Processing /home/i-sip_iot/anaconda3/envs/sandbox/lib/python3.7/site-packages/airflow/example_dags/subdags/subdag.py took 0.007 seconds
[2021-02-22 18:25:16,473] {scheduler_job.py:181} INFO - Started process (PID=195220) to work on /home/i-sip_iot/anaconda3/envs/sandbox/lib/python3.7/site-packages/airflow/example_dags/subdags/subdag.py
[2021-02-22 18:25:16,474] {scheduler_job.py:629} INFO - Processing file /home/i-sip_iot/anaconda3/envs/sandbox/lib/python3.7/site-packages/airflow/example_dags/subdags/subdag.py for tasks to queue
[2021-02-22 18:25:16,474] {logging_mixin.py:103} INFO - [2021-02-22 18:25:16,474] {dagbag.py:440} INFO - Filling up the DagBag from /home/i-sip_iot/anaconda3/envs/sandbox/lib/python3.7/site-packages/airflow/example_dags/subdags/subdag.py
[2021-02-22 18:25:16,476] {scheduler_job.py:641} WARNING - No viable dags retrieved from /home/i-sip_iot/anaconda3/envs/sandbox/lib/python3.7/site-packages/airflow/example_dags/subdags/subdag.py
[2021-02-22 18:25:16,480] {scheduler_job.py:189} INFO - Processing /home/i-sip_iot/anaconda3/envs/sandbox/lib/python3.7/site-packages/airflow/example_dags/subdags/subdag.py took 0.008 seconds
[2021-02-22 18:25:43,832] {scheduler_job.py:181} INFO - Started process (PID=195486) to work on /home/i-sip_iot/anaconda3/envs/sandbox/lib/python3.7/site-packages/airflow/example_dags/subdags/subdag.py
[2021-02-22 18:25:43,833] {scheduler_job.py:629} INFO - Processing file /home/i-sip_iot/anaconda3/envs/sandbox/lib/python3.7/site-packages/airflow/example_dags/subdags/subdag.py for tasks to queue
[2021-02-22 18:25:43,833] {logging_mixin.py:103} INFO - [2021-02-22 18:25:43,833] {dagbag.py:440} INFO - Filling up the DagBag from /home/i-sip_iot/anaconda3/envs/sandbox/lib/python3.7/site-packages/airflow/example_dags/subdags/subdag.py
[2021-02-22 18:25:43,834] {scheduler_job.py:641} WARNING - No viable dags retrieved from /home/i-sip_iot/anaconda3/envs/sandbox/lib/python3.7/site-packages/airflow/example_dags/subdags/subdag.py
[2021-02-22 18:25:43,838] {scheduler_job.py:189} INFO - Processing /home/i-sip_iot/anaconda3/envs/sandbox/lib/python3.7/site-packages/airflow/example_dags/subdags/subdag.py took 0.008 seconds
[2021-02-22 18:26:10,779] {scheduler_job.py:181} INFO - Started process (PID=195554) to work on /home/i-sip_iot/anaconda3/envs/sandbox/lib/python3.7/site-packages/airflow/example_dags/subdags/subdag.py
[2021-02-22 18:26:10,781] {scheduler_job.py:629} INFO - Processing file /home/i-sip_iot/anaconda3/envs/sandbox/lib/python3.7/site-packages/airflow/example_dags/subdags/subdag.py for tasks to queue
[2021-02-22 18:26:10,782] {logging_mixin.py:103} INFO - [2021-02-22 18:26:10,782] {dagbag.py:440} INFO - Filling up the DagBag from /home/i-sip_iot/anaconda3/envs/sandbox/lib/python3.7/site-packages/airflow/example_dags/subdags/subdag.py
[2021-02-22 18:26:10,787] {scheduler_job.py:641} WARNING - No viable dags retrieved from /home/i-sip_iot/anaconda3/envs/sandbox/lib/python3.7/site-packages/airflow/example_dags/subdags/subdag.py
[2021-02-22 18:26:10,800] {scheduler_job.py:189} INFO - Processing /home/i-sip_iot/anaconda3/envs/sandbox/lib/python3.7/site-packages/airflow/example_dags/subdags/subdag.py took 0.027 seconds
[2021-02-22 18:26:38,121] {scheduler_job.py:181} INFO - Started process (PID=195777) to work on /home/i-sip_iot/anaconda3/envs/sandbox/lib/python3.7/site-packages/airflow/example_dags/subdags/subdag.py
[2021-02-22 18:26:38,122] {scheduler_job.py:629} INFO - Processing file /home/i-sip_iot/anaconda3/envs/sandbox/lib/python3.7/site-packages/airflow/example_dags/subdags/subdag.py for tasks to queue
[2021-02-22 18:26:38,122] {logging_mixin.py:103} INFO - [2021-02-22 18:26:38,122] {dagbag.py:440} INFO - Filling up the DagBag from /home/i-sip_iot/anaconda3/envs/sandbox/lib/python3.7/site-packages/airflow/example_dags/subdags/subdag.py
[2021-02-22 18:26:38,123] {scheduler_job.py:641} WARNING - No viable dags retrieved from /home/i-sip_iot/anaconda3/envs/sandbox/lib/python3.7/site-packages/airflow/example_dags/subdags/subdag.py
[2021-02-22 18:26:38,127] {scheduler_job.py:189} INFO - Processing /home/i-sip_iot/anaconda3/envs/sandbox/lib/python3.7/site-packages/airflow/example_dags/subdags/subdag.py took 0.007 seconds
[2021-02-22 18:27:05,709] {scheduler_job.py:181} INFO - Started process (PID=195842) to work on /home/i-sip_iot/anaconda3/envs/sandbox/lib/python3.7/site-packages/airflow/example_dags/subdags/subdag.py
[2021-02-22 18:27:05,710] {scheduler_job.py:629} INFO - Processing file /home/i-sip_iot/anaconda3/envs/sandbox/lib/python3.7/site-packages/airflow/example_dags/subdags/subdag.py for tasks to queue
[2021-02-22 18:27:05,712] {logging_mixin.py:103} INFO - [2021-02-22 18:27:05,711] {dagbag.py:440} INFO - Filling up the DagBag from /home/i-sip_iot/anaconda3/envs/sandbox/lib/python3.7/site-packages/airflow/example_dags/subdags/subdag.py
[2021-02-22 18:27:05,715] {scheduler_job.py:641} WARNING - No viable dags retrieved from /home/i-sip_iot/anaconda3/envs/sandbox/lib/python3.7/site-packages/airflow/example_dags/subdags/subdag.py
[2021-02-22 18:27:05,723] {scheduler_job.py:189} INFO - Processing /home/i-sip_iot/anaconda3/envs/sandbox/lib/python3.7/site-packages/airflow/example_dags/subdags/subdag.py took 0.017 seconds
[2021-02-22 18:27:32,137] {scheduler_job.py:181} INFO - Started process (PID=195911) to work on /home/i-sip_iot/anaconda3/envs/sandbox/lib/python3.7/site-packages/airflow/example_dags/subdags/subdag.py
[2021-02-22 18:27:32,139] {scheduler_job.py:629} INFO - Processing file /home/i-sip_iot/anaconda3/envs/sandbox/lib/python3.7/site-packages/airflow/example_dags/subdags/subdag.py for tasks to queue
[2021-02-22 18:27:32,141] {logging_mixin.py:103} INFO - [2021-02-22 18:27:32,141] {dagbag.py:440} INFO - Filling up the DagBag from /home/i-sip_iot/anaconda3/envs/sandbox/lib/python3.7/site-packages/airflow/example_dags/subdags/subdag.py
[2021-02-22 18:27:32,145] {scheduler_job.py:641} WARNING - No viable dags retrieved from /home/i-sip_iot/anaconda3/envs/sandbox/lib/python3.7/site-packages/airflow/example_dags/subdags/subdag.py
[2021-02-22 18:27:32,152] {scheduler_job.py:189} INFO - Processing /home/i-sip_iot/anaconda3/envs/sandbox/lib/python3.7/site-packages/airflow/example_dags/subdags/subdag.py took 0.022 seconds
[2021-02-22 18:28:00,184] {scheduler_job.py:181} INFO - Started process (PID=196146) to work on /home/i-sip_iot/anaconda3/envs/sandbox/lib/python3.7/site-packages/airflow/example_dags/subdags/subdag.py
[2021-02-22 18:28:00,186] {scheduler_job.py:629} INFO - Processing file /home/i-sip_iot/anaconda3/envs/sandbox/lib/python3.7/site-packages/airflow/example_dags/subdags/subdag.py for tasks to queue
[2021-02-22 18:28:00,187] {logging_mixin.py:103} INFO - [2021-02-22 18:28:00,187] {dagbag.py:440} INFO - Filling up the DagBag from /home/i-sip_iot/anaconda3/envs/sandbox/lib/python3.7/site-packages/airflow/example_dags/subdags/subdag.py
[2021-02-22 18:28:00,192] {scheduler_job.py:641} WARNING - No viable dags retrieved from /home/i-sip_iot/anaconda3/envs/sandbox/lib/python3.7/site-packages/airflow/example_dags/subdags/subdag.py
[2021-02-22 18:28:00,207] {scheduler_job.py:189} INFO - Processing /home/i-sip_iot/anaconda3/envs/sandbox/lib/python3.7/site-packages/airflow/example_dags/subdags/subdag.py took 0.027 seconds
[2021-02-22 18:28:27,287] {scheduler_job.py:181} INFO - Started process (PID=196202) to work on /home/i-sip_iot/anaconda3/envs/sandbox/lib/python3.7/site-packages/airflow/example_dags/subdags/subdag.py
[2021-02-22 18:28:27,288] {scheduler_job.py:629} INFO - Processing file /home/i-sip_iot/anaconda3/envs/sandbox/lib/python3.7/site-packages/airflow/example_dags/subdags/subdag.py for tasks to queue
[2021-02-22 18:28:27,288] {logging_mixin.py:103} INFO - [2021-02-22 18:28:27,288] {dagbag.py:440} INFO - Filling up the DagBag from /home/i-sip_iot/anaconda3/envs/sandbox/lib/python3.7/site-packages/airflow/example_dags/subdags/subdag.py
[2021-02-22 18:28:27,292] {scheduler_job.py:641} WARNING - No viable dags retrieved from /home/i-sip_iot/anaconda3/envs/sandbox/lib/python3.7/site-packages/airflow/example_dags/subdags/subdag.py
[2021-02-22 18:28:27,298] {scheduler_job.py:189} INFO - Processing /home/i-sip_iot/anaconda3/envs/sandbox/lib/python3.7/site-packages/airflow/example_dags/subdags/subdag.py took 0.014 seconds
[2021-02-22 18:28:54,157] {scheduler_job.py:181} INFO - Started process (PID=196440) to work on /home/i-sip_iot/anaconda3/envs/sandbox/lib/python3.7/site-packages/airflow/example_dags/subdags/subdag.py
[2021-02-22 18:28:54,161] {scheduler_job.py:629} INFO - Processing file /home/i-sip_iot/anaconda3/envs/sandbox/lib/python3.7/site-packages/airflow/example_dags/subdags/subdag.py for tasks to queue
[2021-02-22 18:28:54,163] {logging_mixin.py:103} INFO - [2021-02-22 18:28:54,163] {dagbag.py:440} INFO - Filling up the DagBag from /home/i-sip_iot/anaconda3/envs/sandbox/lib/python3.7/site-packages/airflow/example_dags/subdags/subdag.py
[2021-02-22 18:28:54,167] {scheduler_job.py:641} WARNING - No viable dags retrieved from /home/i-sip_iot/anaconda3/envs/sandbox/lib/python3.7/site-packages/airflow/example_dags/subdags/subdag.py
[2021-02-22 18:28:54,175] {scheduler_job.py:189} INFO - Processing /home/i-sip_iot/anaconda3/envs/sandbox/lib/python3.7/site-packages/airflow/example_dags/subdags/subdag.py took 0.024 seconds
[2021-02-22 18:29:21,398] {scheduler_job.py:181} INFO - Started process (PID=196518) to work on /home/i-sip_iot/anaconda3/envs/sandbox/lib/python3.7/site-packages/airflow/example_dags/subdags/subdag.py
[2021-02-22 18:29:21,399] {scheduler_job.py:629} INFO - Processing file /home/i-sip_iot/anaconda3/envs/sandbox/lib/python3.7/site-packages/airflow/example_dags/subdags/subdag.py for tasks to queue
[2021-02-22 18:29:21,399] {logging_mixin.py:103} INFO - [2021-02-22 18:29:21,399] {dagbag.py:440} INFO - Filling up the DagBag from /home/i-sip_iot/anaconda3/envs/sandbox/lib/python3.7/site-packages/airflow/example_dags/subdags/subdag.py
[2021-02-22 18:29:21,401] {scheduler_job.py:641} WARNING - No viable dags retrieved from /home/i-sip_iot/anaconda3/envs/sandbox/lib/python3.7/site-packages/airflow/example_dags/subdags/subdag.py
[2021-02-22 18:29:21,405] {scheduler_job.py:189} INFO - Processing /home/i-sip_iot/anaconda3/envs/sandbox/lib/python3.7/site-packages/airflow/example_dags/subdags/subdag.py took 0.008 seconds
[2021-02-22 18:29:48,357] {scheduler_job.py:181} INFO - Started process (PID=196750) to work on /home/i-sip_iot/anaconda3/envs/sandbox/lib/python3.7/site-packages/airflow/example_dags/subdags/subdag.py
[2021-02-22 18:29:48,359] {scheduler_job.py:629} INFO - Processing file /home/i-sip_iot/anaconda3/envs/sandbox/lib/python3.7/site-packages/airflow/example_dags/subdags/subdag.py for tasks to queue
[2021-02-22 18:29:48,360] {logging_mixin.py:103} INFO - [2021-02-22 18:29:48,360] {dagbag.py:440} INFO - Filling up the DagBag from /home/i-sip_iot/anaconda3/envs/sandbox/lib/python3.7/site-packages/airflow/example_dags/subdags/subdag.py
[2021-02-22 18:29:48,365] {scheduler_job.py:641} WARNING - No viable dags retrieved from /home/i-sip_iot/anaconda3/envs/sandbox/lib/python3.7/site-packages/airflow/example_dags/subdags/subdag.py
[2021-02-22 18:29:48,379] {scheduler_job.py:189} INFO - Processing /home/i-sip_iot/anaconda3/envs/sandbox/lib/python3.7/site-packages/airflow/example_dags/subdags/subdag.py took 0.031 seconds
[2021-02-22 18:30:16,410] {scheduler_job.py:181} INFO - Started process (PID=196824) to work on /home/i-sip_iot/anaconda3/envs/sandbox/lib/python3.7/site-packages/airflow/example_dags/subdags/subdag.py
[2021-02-22 18:30:16,411] {scheduler_job.py:629} INFO - Processing file /home/i-sip_iot/anaconda3/envs/sandbox/lib/python3.7/site-packages/airflow/example_dags/subdags/subdag.py for tasks to queue
[2021-02-22 18:30:16,411] {logging_mixin.py:103} INFO - [2021-02-22 18:30:16,411] {dagbag.py:440} INFO - Filling up the DagBag from /home/i-sip_iot/anaconda3/envs/sandbox/lib/python3.7/site-packages/airflow/example_dags/subdags/subdag.py
[2021-02-22 18:30:16,414] {scheduler_job.py:641} WARNING - No viable dags retrieved from /home/i-sip_iot/anaconda3/envs/sandbox/lib/python3.7/site-packages/airflow/example_dags/subdags/subdag.py
[2021-02-22 18:30:16,421] {scheduler_job.py:189} INFO - Processing /home/i-sip_iot/anaconda3/envs/sandbox/lib/python3.7/site-packages/airflow/example_dags/subdags/subdag.py took 0.015 seconds
[2021-02-22 18:30:42,774] {scheduler_job.py:181} INFO - Started process (PID=197046) to work on /home/i-sip_iot/anaconda3/envs/sandbox/lib/python3.7/site-packages/airflow/example_dags/subdags/subdag.py
[2021-02-22 18:30:42,775] {scheduler_job.py:629} INFO - Processing file /home/i-sip_iot/anaconda3/envs/sandbox/lib/python3.7/site-packages/airflow/example_dags/subdags/subdag.py for tasks to queue
[2021-02-22 18:30:42,776] {logging_mixin.py:103} INFO - [2021-02-22 18:30:42,775] {dagbag.py:440} INFO - Filling up the DagBag from /home/i-sip_iot/anaconda3/envs/sandbox/lib/python3.7/site-packages/airflow/example_dags/subdags/subdag.py
[2021-02-22 18:30:42,777] {scheduler_job.py:641} WARNING - No viable dags retrieved from /home/i-sip_iot/anaconda3/envs/sandbox/lib/python3.7/site-packages/airflow/example_dags/subdags/subdag.py
[2021-02-22 18:30:42,782] {scheduler_job.py:189} INFO - Processing /home/i-sip_iot/anaconda3/envs/sandbox/lib/python3.7/site-packages/airflow/example_dags/subdags/subdag.py took 0.009 seconds
[2021-02-22 18:31:10,229] {scheduler_job.py:181} INFO - Started process (PID=197093) to work on /home/i-sip_iot/anaconda3/envs/sandbox/lib/python3.7/site-packages/airflow/example_dags/subdags/subdag.py
[2021-02-22 18:31:10,231] {scheduler_job.py:629} INFO - Processing file /home/i-sip_iot/anaconda3/envs/sandbox/lib/python3.7/site-packages/airflow/example_dags/subdags/subdag.py for tasks to queue
[2021-02-22 18:31:10,233] {logging_mixin.py:103} INFO - [2021-02-22 18:31:10,233] {dagbag.py:440} INFO - Filling up the DagBag from /home/i-sip_iot/anaconda3/envs/sandbox/lib/python3.7/site-packages/airflow/example_dags/subdags/subdag.py
[2021-02-22 18:31:10,239] {scheduler_job.py:641} WARNING - No viable dags retrieved from /home/i-sip_iot/anaconda3/envs/sandbox/lib/python3.7/site-packages/airflow/example_dags/subdags/subdag.py
[2021-02-22 18:31:10,251] {scheduler_job.py:189} INFO - Processing /home/i-sip_iot/anaconda3/envs/sandbox/lib/python3.7/site-packages/airflow/example_dags/subdags/subdag.py took 0.029 seconds
[2021-02-22 18:31:37,865] {scheduler_job.py:181} INFO - Started process (PID=197169) to work on /home/i-sip_iot/anaconda3/envs/sandbox/lib/python3.7/site-packages/airflow/example_dags/subdags/subdag.py
[2021-02-22 18:31:37,866] {scheduler_job.py:629} INFO - Processing file /home/i-sip_iot/anaconda3/envs/sandbox/lib/python3.7/site-packages/airflow/example_dags/subdags/subdag.py for tasks to queue
[2021-02-22 18:31:37,866] {logging_mixin.py:103} INFO - [2021-02-22 18:31:37,866] {dagbag.py:440} INFO - Filling up the DagBag from /home/i-sip_iot/anaconda3/envs/sandbox/lib/python3.7/site-packages/airflow/example_dags/subdags/subdag.py
[2021-02-22 18:31:37,868] {scheduler_job.py:641} WARNING - No viable dags retrieved from /home/i-sip_iot/anaconda3/envs/sandbox/lib/python3.7/site-packages/airflow/example_dags/subdags/subdag.py
[2021-02-22 18:31:37,872] {scheduler_job.py:189} INFO - Processing /home/i-sip_iot/anaconda3/envs/sandbox/lib/python3.7/site-packages/airflow/example_dags/subdags/subdag.py took 0.009 seconds
[2021-02-22 18:32:05,317] {scheduler_job.py:181} INFO - Started process (PID=197393) to work on /home/i-sip_iot/anaconda3/envs/sandbox/lib/python3.7/site-packages/airflow/example_dags/subdags/subdag.py
[2021-02-22 18:32:05,320] {scheduler_job.py:629} INFO - Processing file /home/i-sip_iot/anaconda3/envs/sandbox/lib/python3.7/site-packages/airflow/example_dags/subdags/subdag.py for tasks to queue
[2021-02-22 18:32:05,321] {logging_mixin.py:103} INFO - [2021-02-22 18:32:05,321] {dagbag.py:440} INFO - Filling up the DagBag from /home/i-sip_iot/anaconda3/envs/sandbox/lib/python3.7/site-packages/airflow/example_dags/subdags/subdag.py
[2021-02-22 18:32:05,327] {scheduler_job.py:641} WARNING - No viable dags retrieved from /home/i-sip_iot/anaconda3/envs/sandbox/lib/python3.7/site-packages/airflow/example_dags/subdags/subdag.py
[2021-02-22 18:32:05,338] {scheduler_job.py:189} INFO - Processing /home/i-sip_iot/anaconda3/envs/sandbox/lib/python3.7/site-packages/airflow/example_dags/subdags/subdag.py took 0.027 seconds
[2021-02-22 18:32:31,163] {scheduler_job.py:181} INFO - Started process (PID=197449) to work on /home/i-sip_iot/anaconda3/envs/sandbox/lib/python3.7/site-packages/airflow/example_dags/subdags/subdag.py
[2021-02-22 18:32:31,165] {scheduler_job.py:629} INFO - Processing file /home/i-sip_iot/anaconda3/envs/sandbox/lib/python3.7/site-packages/airflow/example_dags/subdags/subdag.py for tasks to queue
[2021-02-22 18:32:31,166] {logging_mixin.py:103} INFO - [2021-02-22 18:32:31,166] {dagbag.py:440} INFO - Filling up the DagBag from /home/i-sip_iot/anaconda3/envs/sandbox/lib/python3.7/site-packages/airflow/example_dags/subdags/subdag.py
[2021-02-22 18:32:31,171] {scheduler_job.py:641} WARNING - No viable dags retrieved from /home/i-sip_iot/anaconda3/envs/sandbox/lib/python3.7/site-packages/airflow/example_dags/subdags/subdag.py
[2021-02-22 18:32:31,179] {scheduler_job.py:189} INFO - Processing /home/i-sip_iot/anaconda3/envs/sandbox/lib/python3.7/site-packages/airflow/example_dags/subdags/subdag.py took 0.022 seconds
[2021-02-22 18:32:59,238] {scheduler_job.py:181} INFO - Started process (PID=197682) to work on /home/i-sip_iot/anaconda3/envs/sandbox/lib/python3.7/site-packages/airflow/example_dags/subdags/subdag.py
[2021-02-22 18:32:59,240] {scheduler_job.py:629} INFO - Processing file /home/i-sip_iot/anaconda3/envs/sandbox/lib/python3.7/site-packages/airflow/example_dags/subdags/subdag.py for tasks to queue
[2021-02-22 18:32:59,241] {logging_mixin.py:103} INFO - [2021-02-22 18:32:59,241] {dagbag.py:440} INFO - Filling up the DagBag from /home/i-sip_iot/anaconda3/envs/sandbox/lib/python3.7/site-packages/airflow/example_dags/subdags/subdag.py
[2021-02-22 18:32:59,247] {scheduler_job.py:641} WARNING - No viable dags retrieved from /home/i-sip_iot/anaconda3/envs/sandbox/lib/python3.7/site-packages/airflow/example_dags/subdags/subdag.py
[2021-02-22 18:32:59,263] {scheduler_job.py:189} INFO - Processing /home/i-sip_iot/anaconda3/envs/sandbox/lib/python3.7/site-packages/airflow/example_dags/subdags/subdag.py took 0.030 seconds
[2021-02-22 18:33:26,342] {scheduler_job.py:181} INFO - Started process (PID=197744) to work on /home/i-sip_iot/anaconda3/envs/sandbox/lib/python3.7/site-packages/airflow/example_dags/subdags/subdag.py
[2021-02-22 18:33:26,343] {scheduler_job.py:629} INFO - Processing file /home/i-sip_iot/anaconda3/envs/sandbox/lib/python3.7/site-packages/airflow/example_dags/subdags/subdag.py for tasks to queue
[2021-02-22 18:33:26,344] {logging_mixin.py:103} INFO - [2021-02-22 18:33:26,344] {dagbag.py:440} INFO - Filling up the DagBag from /home/i-sip_iot/anaconda3/envs/sandbox/lib/python3.7/site-packages/airflow/example_dags/subdags/subdag.py
[2021-02-22 18:33:26,347] {scheduler_job.py:641} WARNING - No viable dags retrieved from /home/i-sip_iot/anaconda3/envs/sandbox/lib/python3.7/site-packages/airflow/example_dags/subdags/subdag.py
[2021-02-22 18:33:26,356] {scheduler_job.py:189} INFO - Processing /home/i-sip_iot/anaconda3/envs/sandbox/lib/python3.7/site-packages/airflow/example_dags/subdags/subdag.py took 0.018 seconds
[2021-02-22 18:33:53,608] {scheduler_job.py:181} INFO - Started process (PID=197971) to work on /home/i-sip_iot/anaconda3/envs/sandbox/lib/python3.7/site-packages/airflow/example_dags/subdags/subdag.py
[2021-02-22 18:33:53,609] {scheduler_job.py:629} INFO - Processing file /home/i-sip_iot/anaconda3/envs/sandbox/lib/python3.7/site-packages/airflow/example_dags/subdags/subdag.py for tasks to queue
[2021-02-22 18:33:53,610] {logging_mixin.py:103} INFO - [2021-02-22 18:33:53,610] {dagbag.py:440} INFO - Filling up the DagBag from /home/i-sip_iot/anaconda3/envs/sandbox/lib/python3.7/site-packages/airflow/example_dags/subdags/subdag.py
[2021-02-22 18:33:53,612] {scheduler_job.py:641} WARNING - No viable dags retrieved from /home/i-sip_iot/anaconda3/envs/sandbox/lib/python3.7/site-packages/airflow/example_dags/subdags/subdag.py
[2021-02-22 18:33:53,616] {scheduler_job.py:189} INFO - Processing /home/i-sip_iot/anaconda3/envs/sandbox/lib/python3.7/site-packages/airflow/example_dags/subdags/subdag.py took 0.011 seconds
[2021-02-22 18:34:20,587] {scheduler_job.py:181} INFO - Started process (PID=198051) to work on /home/i-sip_iot/anaconda3/envs/sandbox/lib/python3.7/site-packages/airflow/example_dags/subdags/subdag.py
[2021-02-22 18:34:20,589] {scheduler_job.py:629} INFO - Processing file /home/i-sip_iot/anaconda3/envs/sandbox/lib/python3.7/site-packages/airflow/example_dags/subdags/subdag.py for tasks to queue
[2021-02-22 18:34:20,590] {logging_mixin.py:103} INFO - [2021-02-22 18:34:20,589] {dagbag.py:440} INFO - Filling up the DagBag from /home/i-sip_iot/anaconda3/envs/sandbox/lib/python3.7/site-packages/airflow/example_dags/subdags/subdag.py
[2021-02-22 18:34:20,593] {scheduler_job.py:641} WARNING - No viable dags retrieved from /home/i-sip_iot/anaconda3/envs/sandbox/lib/python3.7/site-packages/airflow/example_dags/subdags/subdag.py
[2021-02-22 18:34:20,600] {scheduler_job.py:189} INFO - Processing /home/i-sip_iot/anaconda3/envs/sandbox/lib/python3.7/site-packages/airflow/example_dags/subdags/subdag.py took 0.021 seconds
[2021-02-22 18:34:48,650] {scheduler_job.py:181} INFO - Started process (PID=198285) to work on /home/i-sip_iot/anaconda3/envs/sandbox/lib/python3.7/site-packages/airflow/example_dags/subdags/subdag.py
[2021-02-22 18:34:48,652] {scheduler_job.py:629} INFO - Processing file /home/i-sip_iot/anaconda3/envs/sandbox/lib/python3.7/site-packages/airflow/example_dags/subdags/subdag.py for tasks to queue
[2021-02-22 18:34:48,654] {logging_mixin.py:103} INFO - [2021-02-22 18:34:48,654] {dagbag.py:440} INFO - Filling up the DagBag from /home/i-sip_iot/anaconda3/envs/sandbox/lib/python3.7/site-packages/airflow/example_dags/subdags/subdag.py
[2021-02-22 18:34:48,660] {scheduler_job.py:641} WARNING - No viable dags retrieved from /home/i-sip_iot/anaconda3/envs/sandbox/lib/python3.7/site-packages/airflow/example_dags/subdags/subdag.py
[2021-02-22 18:34:48,671] {scheduler_job.py:189} INFO - Processing /home/i-sip_iot/anaconda3/envs/sandbox/lib/python3.7/site-packages/airflow/example_dags/subdags/subdag.py took 0.027 seconds
[2021-02-22 18:35:15,597] {scheduler_job.py:181} INFO - Started process (PID=198347) to work on /home/i-sip_iot/anaconda3/envs/sandbox/lib/python3.7/site-packages/airflow/example_dags/subdags/subdag.py
[2021-02-22 18:35:15,598] {scheduler_job.py:629} INFO - Processing file /home/i-sip_iot/anaconda3/envs/sandbox/lib/python3.7/site-packages/airflow/example_dags/subdags/subdag.py for tasks to queue
[2021-02-22 18:35:15,598] {logging_mixin.py:103} INFO - [2021-02-22 18:35:15,598] {dagbag.py:440} INFO - Filling up the DagBag from /home/i-sip_iot/anaconda3/envs/sandbox/lib/python3.7/site-packages/airflow/example_dags/subdags/subdag.py
[2021-02-22 18:35:15,599] {scheduler_job.py:641} WARNING - No viable dags retrieved from /home/i-sip_iot/anaconda3/envs/sandbox/lib/python3.7/site-packages/airflow/example_dags/subdags/subdag.py
[2021-02-22 18:35:15,604] {scheduler_job.py:189} INFO - Processing /home/i-sip_iot/anaconda3/envs/sandbox/lib/python3.7/site-packages/airflow/example_dags/subdags/subdag.py took 0.008 seconds
[2021-02-22 18:35:42,460] {scheduler_job.py:181} INFO - Started process (PID=198580) to work on /home/i-sip_iot/anaconda3/envs/sandbox/lib/python3.7/site-packages/airflow/example_dags/subdags/subdag.py
[2021-02-22 18:35:42,461] {scheduler_job.py:629} INFO - Processing file /home/i-sip_iot/anaconda3/envs/sandbox/lib/python3.7/site-packages/airflow/example_dags/subdags/subdag.py for tasks to queue
[2021-02-22 18:35:42,461] {logging_mixin.py:103} INFO - [2021-02-22 18:35:42,461] {dagbag.py:440} INFO - Filling up the DagBag from /home/i-sip_iot/anaconda3/envs/sandbox/lib/python3.7/site-packages/airflow/example_dags/subdags/subdag.py
[2021-02-22 18:35:42,462] {scheduler_job.py:641} WARNING - No viable dags retrieved from /home/i-sip_iot/anaconda3/envs/sandbox/lib/python3.7/site-packages/airflow/example_dags/subdags/subdag.py
[2021-02-22 18:35:42,466] {scheduler_job.py:189} INFO - Processing /home/i-sip_iot/anaconda3/envs/sandbox/lib/python3.7/site-packages/airflow/example_dags/subdags/subdag.py took 0.007 seconds
[2021-02-22 18:36:09,957] {scheduler_job.py:181} INFO - Started process (PID=198646) to work on /home/i-sip_iot/anaconda3/envs/sandbox/lib/python3.7/site-packages/airflow/example_dags/subdags/subdag.py
[2021-02-22 18:36:09,959] {scheduler_job.py:629} INFO - Processing file /home/i-sip_iot/anaconda3/envs/sandbox/lib/python3.7/site-packages/airflow/example_dags/subdags/subdag.py for tasks to queue
[2021-02-22 18:36:09,961] {logging_mixin.py:103} INFO - [2021-02-22 18:36:09,960] {dagbag.py:440} INFO - Filling up the DagBag from /home/i-sip_iot/anaconda3/envs/sandbox/lib/python3.7/site-packages/airflow/example_dags/subdags/subdag.py
[2021-02-22 18:36:09,966] {scheduler_job.py:641} WARNING - No viable dags retrieved from /home/i-sip_iot/anaconda3/envs/sandbox/lib/python3.7/site-packages/airflow/example_dags/subdags/subdag.py
[2021-02-22 18:36:09,974] {scheduler_job.py:189} INFO - Processing /home/i-sip_iot/anaconda3/envs/sandbox/lib/python3.7/site-packages/airflow/example_dags/subdags/subdag.py took 0.023 seconds
[2021-02-22 18:36:36,792] {scheduler_job.py:181} INFO - Started process (PID=198704) to work on /home/i-sip_iot/anaconda3/envs/sandbox/lib/python3.7/site-packages/airflow/example_dags/subdags/subdag.py
[2021-02-22 18:36:36,792] {scheduler_job.py:629} INFO - Processing file /home/i-sip_iot/anaconda3/envs/sandbox/lib/python3.7/site-packages/airflow/example_dags/subdags/subdag.py for tasks to queue
[2021-02-22 18:36:36,793] {logging_mixin.py:103} INFO - [2021-02-22 18:36:36,793] {dagbag.py:440} INFO - Filling up the DagBag from /home/i-sip_iot/anaconda3/envs/sandbox/lib/python3.7/site-packages/airflow/example_dags/subdags/subdag.py
[2021-02-22 18:36:36,794] {scheduler_job.py:641} WARNING - No viable dags retrieved from /home/i-sip_iot/anaconda3/envs/sandbox/lib/python3.7/site-packages/airflow/example_dags/subdags/subdag.py
[2021-02-22 18:36:36,799] {scheduler_job.py:189} INFO - Processing /home/i-sip_iot/anaconda3/envs/sandbox/lib/python3.7/site-packages/airflow/example_dags/subdags/subdag.py took 0.009 seconds
[2021-02-22 18:37:04,412] {scheduler_job.py:181} INFO - Started process (PID=198944) to work on /home/i-sip_iot/anaconda3/envs/sandbox/lib/python3.7/site-packages/airflow/example_dags/subdags/subdag.py
[2021-02-22 18:37:04,414] {scheduler_job.py:629} INFO - Processing file /home/i-sip_iot/anaconda3/envs/sandbox/lib/python3.7/site-packages/airflow/example_dags/subdags/subdag.py for tasks to queue
[2021-02-22 18:37:04,414] {logging_mixin.py:103} INFO - [2021-02-22 18:37:04,414] {dagbag.py:440} INFO - Filling up the DagBag from /home/i-sip_iot/anaconda3/envs/sandbox/lib/python3.7/site-packages/airflow/example_dags/subdags/subdag.py
[2021-02-22 18:37:04,417] {scheduler_job.py:641} WARNING - No viable dags retrieved from /home/i-sip_iot/anaconda3/envs/sandbox/lib/python3.7/site-packages/airflow/example_dags/subdags/subdag.py
[2021-02-22 18:37:04,424] {scheduler_job.py:189} INFO - Processing /home/i-sip_iot/anaconda3/envs/sandbox/lib/python3.7/site-packages/airflow/example_dags/subdags/subdag.py took 0.016 seconds
[2021-02-22 18:37:31,314] {scheduler_job.py:181} INFO - Started process (PID=198994) to work on /home/i-sip_iot/anaconda3/envs/sandbox/lib/python3.7/site-packages/airflow/example_dags/subdags/subdag.py
[2021-02-22 18:37:31,317] {scheduler_job.py:629} INFO - Processing file /home/i-sip_iot/anaconda3/envs/sandbox/lib/python3.7/site-packages/airflow/example_dags/subdags/subdag.py for tasks to queue
[2021-02-22 18:37:31,318] {logging_mixin.py:103} INFO - [2021-02-22 18:37:31,318] {dagbag.py:440} INFO - Filling up the DagBag from /home/i-sip_iot/anaconda3/envs/sandbox/lib/python3.7/site-packages/airflow/example_dags/subdags/subdag.py
[2021-02-22 18:37:31,324] {scheduler_job.py:641} WARNING - No viable dags retrieved from /home/i-sip_iot/anaconda3/envs/sandbox/lib/python3.7/site-packages/airflow/example_dags/subdags/subdag.py
[2021-02-22 18:37:31,334] {scheduler_job.py:189} INFO - Processing /home/i-sip_iot/anaconda3/envs/sandbox/lib/python3.7/site-packages/airflow/example_dags/subdags/subdag.py took 0.027 seconds
[2021-02-22 18:37:58,692] {scheduler_job.py:181} INFO - Started process (PID=199269) to work on /home/i-sip_iot/anaconda3/envs/sandbox/lib/python3.7/site-packages/airflow/example_dags/subdags/subdag.py
[2021-02-22 18:37:58,693] {scheduler_job.py:629} INFO - Processing file /home/i-sip_iot/anaconda3/envs/sandbox/lib/python3.7/site-packages/airflow/example_dags/subdags/subdag.py for tasks to queue
[2021-02-22 18:37:58,694] {logging_mixin.py:103} INFO - [2021-02-22 18:37:58,693] {dagbag.py:440} INFO - Filling up the DagBag from /home/i-sip_iot/anaconda3/envs/sandbox/lib/python3.7/site-packages/airflow/example_dags/subdags/subdag.py
[2021-02-22 18:37:58,695] {scheduler_job.py:641} WARNING - No viable dags retrieved from /home/i-sip_iot/anaconda3/envs/sandbox/lib/python3.7/site-packages/airflow/example_dags/subdags/subdag.py
[2021-02-22 18:37:58,700] {scheduler_job.py:189} INFO - Processing /home/i-sip_iot/anaconda3/envs/sandbox/lib/python3.7/site-packages/airflow/example_dags/subdags/subdag.py took 0.010 seconds
[2021-02-22 18:38:26,279] {scheduler_job.py:181} INFO - Started process (PID=199327) to work on /home/i-sip_iot/anaconda3/envs/sandbox/lib/python3.7/site-packages/airflow/example_dags/subdags/subdag.py
[2021-02-22 18:38:26,281] {scheduler_job.py:629} INFO - Processing file /home/i-sip_iot/anaconda3/envs/sandbox/lib/python3.7/site-packages/airflow/example_dags/subdags/subdag.py for tasks to queue
[2021-02-22 18:38:26,283] {logging_mixin.py:103} INFO - [2021-02-22 18:38:26,282] {dagbag.py:440} INFO - Filling up the DagBag from /home/i-sip_iot/anaconda3/envs/sandbox/lib/python3.7/site-packages/airflow/example_dags/subdags/subdag.py
[2021-02-22 18:38:26,288] {scheduler_job.py:641} WARNING - No viable dags retrieved from /home/i-sip_iot/anaconda3/envs/sandbox/lib/python3.7/site-packages/airflow/example_dags/subdags/subdag.py
[2021-02-22 18:38:26,297] {scheduler_job.py:189} INFO - Processing /home/i-sip_iot/anaconda3/envs/sandbox/lib/python3.7/site-packages/airflow/example_dags/subdags/subdag.py took 0.025 seconds
[2021-02-22 18:38:53,802] {scheduler_job.py:181} INFO - Started process (PID=199568) to work on /home/i-sip_iot/anaconda3/envs/sandbox/lib/python3.7/site-packages/airflow/example_dags/subdags/subdag.py
[2021-02-22 18:38:53,805] {scheduler_job.py:629} INFO - Processing file /home/i-sip_iot/anaconda3/envs/sandbox/lib/python3.7/site-packages/airflow/example_dags/subdags/subdag.py for tasks to queue
[2021-02-22 18:38:53,807] {logging_mixin.py:103} INFO - [2021-02-22 18:38:53,807] {dagbag.py:440} INFO - Filling up the DagBag from /home/i-sip_iot/anaconda3/envs/sandbox/lib/python3.7/site-packages/airflow/example_dags/subdags/subdag.py
[2021-02-22 18:38:53,813] {scheduler_job.py:641} WARNING - No viable dags retrieved from /home/i-sip_iot/anaconda3/envs/sandbox/lib/python3.7/site-packages/airflow/example_dags/subdags/subdag.py
[2021-02-22 18:38:53,826] {scheduler_job.py:189} INFO - Processing /home/i-sip_iot/anaconda3/envs/sandbox/lib/python3.7/site-packages/airflow/example_dags/subdags/subdag.py took 0.029 seconds
[2021-02-22 18:39:20,651] {scheduler_job.py:181} INFO - Started process (PID=199633) to work on /home/i-sip_iot/anaconda3/envs/sandbox/lib/python3.7/site-packages/airflow/example_dags/subdags/subdag.py
[2021-02-22 18:39:20,652] {scheduler_job.py:629} INFO - Processing file /home/i-sip_iot/anaconda3/envs/sandbox/lib/python3.7/site-packages/airflow/example_dags/subdags/subdag.py for tasks to queue
[2021-02-22 18:39:20,652] {logging_mixin.py:103} INFO - [2021-02-22 18:39:20,652] {dagbag.py:440} INFO - Filling up the DagBag from /home/i-sip_iot/anaconda3/envs/sandbox/lib/python3.7/site-packages/airflow/example_dags/subdags/subdag.py
[2021-02-22 18:39:20,653] {scheduler_job.py:641} WARNING - No viable dags retrieved from /home/i-sip_iot/anaconda3/envs/sandbox/lib/python3.7/site-packages/airflow/example_dags/subdags/subdag.py
[2021-02-22 18:39:20,657] {scheduler_job.py:189} INFO - Processing /home/i-sip_iot/anaconda3/envs/sandbox/lib/python3.7/site-packages/airflow/example_dags/subdags/subdag.py took 0.007 seconds
[2021-02-22 18:39:48,087] {scheduler_job.py:181} INFO - Started process (PID=199859) to work on /home/i-sip_iot/anaconda3/envs/sandbox/lib/python3.7/site-packages/airflow/example_dags/subdags/subdag.py
[2021-02-22 18:39:48,090] {scheduler_job.py:629} INFO - Processing file /home/i-sip_iot/anaconda3/envs/sandbox/lib/python3.7/site-packages/airflow/example_dags/subdags/subdag.py for tasks to queue
[2021-02-22 18:39:48,092] {logging_mixin.py:103} INFO - [2021-02-22 18:39:48,092] {dagbag.py:440} INFO - Filling up the DagBag from /home/i-sip_iot/anaconda3/envs/sandbox/lib/python3.7/site-packages/airflow/example_dags/subdags/subdag.py
[2021-02-22 18:39:48,098] {scheduler_job.py:641} WARNING - No viable dags retrieved from /home/i-sip_iot/anaconda3/envs/sandbox/lib/python3.7/site-packages/airflow/example_dags/subdags/subdag.py
[2021-02-22 18:39:48,112] {scheduler_job.py:189} INFO - Processing /home/i-sip_iot/anaconda3/envs/sandbox/lib/python3.7/site-packages/airflow/example_dags/subdags/subdag.py took 0.031 seconds
[2021-02-22 18:40:14,546] {scheduler_job.py:181} INFO - Started process (PID=199909) to work on /home/i-sip_iot/anaconda3/envs/sandbox/lib/python3.7/site-packages/airflow/example_dags/subdags/subdag.py
[2021-02-22 18:40:14,548] {scheduler_job.py:629} INFO - Processing file /home/i-sip_iot/anaconda3/envs/sandbox/lib/python3.7/site-packages/airflow/example_dags/subdags/subdag.py for tasks to queue
[2021-02-22 18:40:14,549] {logging_mixin.py:103} INFO - [2021-02-22 18:40:14,549] {dagbag.py:440} INFO - Filling up the DagBag from /home/i-sip_iot/anaconda3/envs/sandbox/lib/python3.7/site-packages/airflow/example_dags/subdags/subdag.py
[2021-02-22 18:40:14,554] {scheduler_job.py:641} WARNING - No viable dags retrieved from /home/i-sip_iot/anaconda3/envs/sandbox/lib/python3.7/site-packages/airflow/example_dags/subdags/subdag.py
[2021-02-22 18:40:14,567] {scheduler_job.py:189} INFO - Processing /home/i-sip_iot/anaconda3/envs/sandbox/lib/python3.7/site-packages/airflow/example_dags/subdags/subdag.py took 0.028 seconds
[2021-02-22 18:40:40,287] {scheduler_job.py:181} INFO - Started process (PID=199975) to work on /home/i-sip_iot/anaconda3/envs/sandbox/lib/python3.7/site-packages/airflow/example_dags/subdags/subdag.py
[2021-02-22 18:40:40,290] {scheduler_job.py:629} INFO - Processing file /home/i-sip_iot/anaconda3/envs/sandbox/lib/python3.7/site-packages/airflow/example_dags/subdags/subdag.py for tasks to queue
[2021-02-22 18:40:40,291] {logging_mixin.py:103} INFO - [2021-02-22 18:40:40,291] {dagbag.py:440} INFO - Filling up the DagBag from /home/i-sip_iot/anaconda3/envs/sandbox/lib/python3.7/site-packages/airflow/example_dags/subdags/subdag.py
[2021-02-22 18:40:40,297] {scheduler_job.py:641} WARNING - No viable dags retrieved from /home/i-sip_iot/anaconda3/envs/sandbox/lib/python3.7/site-packages/airflow/example_dags/subdags/subdag.py
[2021-02-22 18:40:40,307] {scheduler_job.py:189} INFO - Processing /home/i-sip_iot/anaconda3/envs/sandbox/lib/python3.7/site-packages/airflow/example_dags/subdags/subdag.py took 0.026 seconds
[2021-02-22 18:41:07,850] {scheduler_job.py:181} INFO - Started process (PID=200217) to work on /home/i-sip_iot/anaconda3/envs/sandbox/lib/python3.7/site-packages/airflow/example_dags/subdags/subdag.py
[2021-02-22 18:41:07,852] {scheduler_job.py:629} INFO - Processing file /home/i-sip_iot/anaconda3/envs/sandbox/lib/python3.7/site-packages/airflow/example_dags/subdags/subdag.py for tasks to queue
[2021-02-22 18:41:07,853] {logging_mixin.py:103} INFO - [2021-02-22 18:41:07,853] {dagbag.py:440} INFO - Filling up the DagBag from /home/i-sip_iot/anaconda3/envs/sandbox/lib/python3.7/site-packages/airflow/example_dags/subdags/subdag.py
[2021-02-22 18:41:07,856] {scheduler_job.py:641} WARNING - No viable dags retrieved from /home/i-sip_iot/anaconda3/envs/sandbox/lib/python3.7/site-packages/airflow/example_dags/subdags/subdag.py
[2021-02-22 18:41:07,863] {scheduler_job.py:189} INFO - Processing /home/i-sip_iot/anaconda3/envs/sandbox/lib/python3.7/site-packages/airflow/example_dags/subdags/subdag.py took 0.016 seconds
[2021-02-22 18:41:34,768] {scheduler_job.py:181} INFO - Started process (PID=200301) to work on /home/i-sip_iot/anaconda3/envs/sandbox/lib/python3.7/site-packages/airflow/example_dags/subdags/subdag.py
[2021-02-22 18:41:34,769] {scheduler_job.py:629} INFO - Processing file /home/i-sip_iot/anaconda3/envs/sandbox/lib/python3.7/site-packages/airflow/example_dags/subdags/subdag.py for tasks to queue
[2021-02-22 18:41:34,770] {logging_mixin.py:103} INFO - [2021-02-22 18:41:34,770] {dagbag.py:440} INFO - Filling up the DagBag from /home/i-sip_iot/anaconda3/envs/sandbox/lib/python3.7/site-packages/airflow/example_dags/subdags/subdag.py
[2021-02-22 18:41:34,773] {scheduler_job.py:641} WARNING - No viable dags retrieved from /home/i-sip_iot/anaconda3/envs/sandbox/lib/python3.7/site-packages/airflow/example_dags/subdags/subdag.py
[2021-02-22 18:41:34,781] {scheduler_job.py:189} INFO - Processing /home/i-sip_iot/anaconda3/envs/sandbox/lib/python3.7/site-packages/airflow/example_dags/subdags/subdag.py took 0.016 seconds
[2021-02-22 18:42:02,080] {scheduler_job.py:181} INFO - Started process (PID=200542) to work on /home/i-sip_iot/anaconda3/envs/sandbox/lib/python3.7/site-packages/airflow/example_dags/subdags/subdag.py
[2021-02-22 18:42:02,082] {scheduler_job.py:629} INFO - Processing file /home/i-sip_iot/anaconda3/envs/sandbox/lib/python3.7/site-packages/airflow/example_dags/subdags/subdag.py for tasks to queue
[2021-02-22 18:42:02,083] {logging_mixin.py:103} INFO - [2021-02-22 18:42:02,083] {dagbag.py:440} INFO - Filling up the DagBag from /home/i-sip_iot/anaconda3/envs/sandbox/lib/python3.7/site-packages/airflow/example_dags/subdags/subdag.py
[2021-02-22 18:42:02,089] {scheduler_job.py:641} WARNING - No viable dags retrieved from /home/i-sip_iot/anaconda3/envs/sandbox/lib/python3.7/site-packages/airflow/example_dags/subdags/subdag.py
[2021-02-22 18:42:02,101] {scheduler_job.py:189} INFO - Processing /home/i-sip_iot/anaconda3/envs/sandbox/lib/python3.7/site-packages/airflow/example_dags/subdags/subdag.py took 0.027 seconds
[2021-02-22 18:42:29,223] {scheduler_job.py:181} INFO - Started process (PID=200606) to work on /home/i-sip_iot/anaconda3/envs/sandbox/lib/python3.7/site-packages/airflow/example_dags/subdags/subdag.py
[2021-02-22 18:42:29,225] {scheduler_job.py:629} INFO - Processing file /home/i-sip_iot/anaconda3/envs/sandbox/lib/python3.7/site-packages/airflow/example_dags/subdags/subdag.py for tasks to queue
[2021-02-22 18:42:29,227] {logging_mixin.py:103} INFO - [2021-02-22 18:42:29,227] {dagbag.py:440} INFO - Filling up the DagBag from /home/i-sip_iot/anaconda3/envs/sandbox/lib/python3.7/site-packages/airflow/example_dags/subdags/subdag.py
[2021-02-22 18:42:29,233] {scheduler_job.py:641} WARNING - No viable dags retrieved from /home/i-sip_iot/anaconda3/envs/sandbox/lib/python3.7/site-packages/airflow/example_dags/subdags/subdag.py
[2021-02-22 18:42:29,242] {scheduler_job.py:189} INFO - Processing /home/i-sip_iot/anaconda3/envs/sandbox/lib/python3.7/site-packages/airflow/example_dags/subdags/subdag.py took 0.025 seconds
[2021-02-22 18:42:56,167] {scheduler_job.py:181} INFO - Started process (PID=200823) to work on /home/i-sip_iot/anaconda3/envs/sandbox/lib/python3.7/site-packages/airflow/example_dags/subdags/subdag.py
[2021-02-22 18:42:56,169] {scheduler_job.py:629} INFO - Processing file /home/i-sip_iot/anaconda3/envs/sandbox/lib/python3.7/site-packages/airflow/example_dags/subdags/subdag.py for tasks to queue
[2021-02-22 18:42:56,170] {logging_mixin.py:103} INFO - [2021-02-22 18:42:56,170] {dagbag.py:440} INFO - Filling up the DagBag from /home/i-sip_iot/anaconda3/envs/sandbox/lib/python3.7/site-packages/airflow/example_dags/subdags/subdag.py
[2021-02-22 18:42:56,176] {scheduler_job.py:641} WARNING - No viable dags retrieved from /home/i-sip_iot/anaconda3/envs/sandbox/lib/python3.7/site-packages/airflow/example_dags/subdags/subdag.py
[2021-02-22 18:42:56,189] {scheduler_job.py:189} INFO - Processing /home/i-sip_iot/anaconda3/envs/sandbox/lib/python3.7/site-packages/airflow/example_dags/subdags/subdag.py took 0.026 seconds
[2021-02-22 18:43:24,218] {scheduler_job.py:181} INFO - Started process (PID=200884) to work on /home/i-sip_iot/anaconda3/envs/sandbox/lib/python3.7/site-packages/airflow/example_dags/subdags/subdag.py
[2021-02-22 18:43:24,219] {scheduler_job.py:629} INFO - Processing file /home/i-sip_iot/anaconda3/envs/sandbox/lib/python3.7/site-packages/airflow/example_dags/subdags/subdag.py for tasks to queue
[2021-02-22 18:43:24,219] {logging_mixin.py:103} INFO - [2021-02-22 18:43:24,219] {dagbag.py:440} INFO - Filling up the DagBag from /home/i-sip_iot/anaconda3/envs/sandbox/lib/python3.7/site-packages/airflow/example_dags/subdags/subdag.py
[2021-02-22 18:43:24,220] {scheduler_job.py:641} WARNING - No viable dags retrieved from /home/i-sip_iot/anaconda3/envs/sandbox/lib/python3.7/site-packages/airflow/example_dags/subdags/subdag.py
[2021-02-22 18:43:24,224] {scheduler_job.py:189} INFO - Processing /home/i-sip_iot/anaconda3/envs/sandbox/lib/python3.7/site-packages/airflow/example_dags/subdags/subdag.py took 0.008 seconds
[2021-02-22 18:43:50,125] {scheduler_job.py:181} INFO - Started process (PID=201108) to work on /home/i-sip_iot/anaconda3/envs/sandbox/lib/python3.7/site-packages/airflow/example_dags/subdags/subdag.py
[2021-02-22 18:43:50,127] {scheduler_job.py:629} INFO - Processing file /home/i-sip_iot/anaconda3/envs/sandbox/lib/python3.7/site-packages/airflow/example_dags/subdags/subdag.py for tasks to queue
[2021-02-22 18:43:50,129] {logging_mixin.py:103} INFO - [2021-02-22 18:43:50,129] {dagbag.py:440} INFO - Filling up the DagBag from /home/i-sip_iot/anaconda3/envs/sandbox/lib/python3.7/site-packages/airflow/example_dags/subdags/subdag.py
[2021-02-22 18:43:50,133] {scheduler_job.py:641} WARNING - No viable dags retrieved from /home/i-sip_iot/anaconda3/envs/sandbox/lib/python3.7/site-packages/airflow/example_dags/subdags/subdag.py
[2021-02-22 18:43:50,142] {scheduler_job.py:189} INFO - Processing /home/i-sip_iot/anaconda3/envs/sandbox/lib/python3.7/site-packages/airflow/example_dags/subdags/subdag.py took 0.024 seconds
[2021-02-22 18:44:16,954] {scheduler_job.py:181} INFO - Started process (PID=201172) to work on /home/i-sip_iot/anaconda3/envs/sandbox/lib/python3.7/site-packages/airflow/example_dags/subdags/subdag.py
[2021-02-22 18:44:16,958] {scheduler_job.py:629} INFO - Processing file /home/i-sip_iot/anaconda3/envs/sandbox/lib/python3.7/site-packages/airflow/example_dags/subdags/subdag.py for tasks to queue
[2021-02-22 18:44:16,960] {logging_mixin.py:103} INFO - [2021-02-22 18:44:16,959] {dagbag.py:440} INFO - Filling up the DagBag from /home/i-sip_iot/anaconda3/envs/sandbox/lib/python3.7/site-packages/airflow/example_dags/subdags/subdag.py
[2021-02-22 18:44:16,965] {scheduler_job.py:641} WARNING - No viable dags retrieved from /home/i-sip_iot/anaconda3/envs/sandbox/lib/python3.7/site-packages/airflow/example_dags/subdags/subdag.py
[2021-02-22 18:44:16,974] {scheduler_job.py:189} INFO - Processing /home/i-sip_iot/anaconda3/envs/sandbox/lib/python3.7/site-packages/airflow/example_dags/subdags/subdag.py took 0.027 seconds
[2021-02-22 18:44:44,457] {scheduler_job.py:181} INFO - Started process (PID=201422) to work on /home/i-sip_iot/anaconda3/envs/sandbox/lib/python3.7/site-packages/airflow/example_dags/subdags/subdag.py
[2021-02-22 18:44:44,458] {scheduler_job.py:629} INFO - Processing file /home/i-sip_iot/anaconda3/envs/sandbox/lib/python3.7/site-packages/airflow/example_dags/subdags/subdag.py for tasks to queue
[2021-02-22 18:44:44,458] {logging_mixin.py:103} INFO - [2021-02-22 18:44:44,458] {dagbag.py:440} INFO - Filling up the DagBag from /home/i-sip_iot/anaconda3/envs/sandbox/lib/python3.7/site-packages/airflow/example_dags/subdags/subdag.py
[2021-02-22 18:44:44,459] {scheduler_job.py:641} WARNING - No viable dags retrieved from /home/i-sip_iot/anaconda3/envs/sandbox/lib/python3.7/site-packages/airflow/example_dags/subdags/subdag.py
[2021-02-22 18:44:44,463] {scheduler_job.py:189} INFO - Processing /home/i-sip_iot/anaconda3/envs/sandbox/lib/python3.7/site-packages/airflow/example_dags/subdags/subdag.py took 0.008 seconds
[2021-02-22 18:45:11,298] {scheduler_job.py:181} INFO - Started process (PID=201491) to work on /home/i-sip_iot/anaconda3/envs/sandbox/lib/python3.7/site-packages/airflow/example_dags/subdags/subdag.py
[2021-02-22 18:45:11,300] {scheduler_job.py:629} INFO - Processing file /home/i-sip_iot/anaconda3/envs/sandbox/lib/python3.7/site-packages/airflow/example_dags/subdags/subdag.py for tasks to queue
[2021-02-22 18:45:11,301] {logging_mixin.py:103} INFO - [2021-02-22 18:45:11,301] {dagbag.py:440} INFO - Filling up the DagBag from /home/i-sip_iot/anaconda3/envs/sandbox/lib/python3.7/site-packages/airflow/example_dags/subdags/subdag.py
[2021-02-22 18:45:11,307] {scheduler_job.py:641} WARNING - No viable dags retrieved from /home/i-sip_iot/anaconda3/envs/sandbox/lib/python3.7/site-packages/airflow/example_dags/subdags/subdag.py
[2021-02-22 18:45:11,317] {scheduler_job.py:189} INFO - Processing /home/i-sip_iot/anaconda3/envs/sandbox/lib/python3.7/site-packages/airflow/example_dags/subdags/subdag.py took 0.025 seconds
[2021-02-22 18:45:39,365] {scheduler_job.py:181} INFO - Started process (PID=201556) to work on /home/i-sip_iot/anaconda3/envs/sandbox/lib/python3.7/site-packages/airflow/example_dags/subdags/subdag.py
[2021-02-22 18:45:39,368] {scheduler_job.py:629} INFO - Processing file /home/i-sip_iot/anaconda3/envs/sandbox/lib/python3.7/site-packages/airflow/example_dags/subdags/subdag.py for tasks to queue
[2021-02-22 18:45:39,369] {logging_mixin.py:103} INFO - [2021-02-22 18:45:39,369] {dagbag.py:440} INFO - Filling up the DagBag from /home/i-sip_iot/anaconda3/envs/sandbox/lib/python3.7/site-packages/airflow/example_dags/subdags/subdag.py
[2021-02-22 18:45:39,375] {scheduler_job.py:641} WARNING - No viable dags retrieved from /home/i-sip_iot/anaconda3/envs/sandbox/lib/python3.7/site-packages/airflow/example_dags/subdags/subdag.py
[2021-02-22 18:45:39,391] {scheduler_job.py:189} INFO - Processing /home/i-sip_iot/anaconda3/envs/sandbox/lib/python3.7/site-packages/airflow/example_dags/subdags/subdag.py took 0.032 seconds
[2021-02-22 18:46:05,754] {scheduler_job.py:181} INFO - Started process (PID=201784) to work on /home/i-sip_iot/anaconda3/envs/sandbox/lib/python3.7/site-packages/airflow/example_dags/subdags/subdag.py
[2021-02-22 18:46:05,755] {scheduler_job.py:629} INFO - Processing file /home/i-sip_iot/anaconda3/envs/sandbox/lib/python3.7/site-packages/airflow/example_dags/subdags/subdag.py for tasks to queue
[2021-02-22 18:46:05,755] {logging_mixin.py:103} INFO - [2021-02-22 18:46:05,755] {dagbag.py:440} INFO - Filling up the DagBag from /home/i-sip_iot/anaconda3/envs/sandbox/lib/python3.7/site-packages/airflow/example_dags/subdags/subdag.py
[2021-02-22 18:46:05,757] {scheduler_job.py:641} WARNING - No viable dags retrieved from /home/i-sip_iot/anaconda3/envs/sandbox/lib/python3.7/site-packages/airflow/example_dags/subdags/subdag.py
[2021-02-22 18:46:05,761] {scheduler_job.py:189} INFO - Processing /home/i-sip_iot/anaconda3/envs/sandbox/lib/python3.7/site-packages/airflow/example_dags/subdags/subdag.py took 0.008 seconds
[2021-02-22 18:46:33,167] {scheduler_job.py:181} INFO - Started process (PID=201860) to work on /home/i-sip_iot/anaconda3/envs/sandbox/lib/python3.7/site-packages/airflow/example_dags/subdags/subdag.py
[2021-02-22 18:46:33,168] {scheduler_job.py:629} INFO - Processing file /home/i-sip_iot/anaconda3/envs/sandbox/lib/python3.7/site-packages/airflow/example_dags/subdags/subdag.py for tasks to queue
[2021-02-22 18:46:33,169] {logging_mixin.py:103} INFO - [2021-02-22 18:46:33,169] {dagbag.py:440} INFO - Filling up the DagBag from /home/i-sip_iot/anaconda3/envs/sandbox/lib/python3.7/site-packages/airflow/example_dags/subdags/subdag.py
[2021-02-22 18:46:33,173] {scheduler_job.py:641} WARNING - No viable dags retrieved from /home/i-sip_iot/anaconda3/envs/sandbox/lib/python3.7/site-packages/airflow/example_dags/subdags/subdag.py
[2021-02-22 18:46:33,183] {scheduler_job.py:189} INFO - Processing /home/i-sip_iot/anaconda3/envs/sandbox/lib/python3.7/site-packages/airflow/example_dags/subdags/subdag.py took 0.022 seconds
[2021-02-22 18:47:00,618] {scheduler_job.py:181} INFO - Started process (PID=202097) to work on /home/i-sip_iot/anaconda3/envs/sandbox/lib/python3.7/site-packages/airflow/example_dags/subdags/subdag.py
[2021-02-22 18:47:00,620] {scheduler_job.py:629} INFO - Processing file /home/i-sip_iot/anaconda3/envs/sandbox/lib/python3.7/site-packages/airflow/example_dags/subdags/subdag.py for tasks to queue
[2021-02-22 18:47:00,621] {logging_mixin.py:103} INFO - [2021-02-22 18:47:00,621] {dagbag.py:440} INFO - Filling up the DagBag from /home/i-sip_iot/anaconda3/envs/sandbox/lib/python3.7/site-packages/airflow/example_dags/subdags/subdag.py
[2021-02-22 18:47:00,625] {scheduler_job.py:641} WARNING - No viable dags retrieved from /home/i-sip_iot/anaconda3/envs/sandbox/lib/python3.7/site-packages/airflow/example_dags/subdags/subdag.py
[2021-02-22 18:47:00,633] {scheduler_job.py:189} INFO - Processing /home/i-sip_iot/anaconda3/envs/sandbox/lib/python3.7/site-packages/airflow/example_dags/subdags/subdag.py took 0.021 seconds
[2021-02-22 18:47:28,141] {scheduler_job.py:181} INFO - Started process (PID=202164) to work on /home/i-sip_iot/anaconda3/envs/sandbox/lib/python3.7/site-packages/airflow/example_dags/subdags/subdag.py
[2021-02-22 18:47:28,143] {scheduler_job.py:629} INFO - Processing file /home/i-sip_iot/anaconda3/envs/sandbox/lib/python3.7/site-packages/airflow/example_dags/subdags/subdag.py for tasks to queue
[2021-02-22 18:47:28,144] {logging_mixin.py:103} INFO - [2021-02-22 18:47:28,144] {dagbag.py:440} INFO - Filling up the DagBag from /home/i-sip_iot/anaconda3/envs/sandbox/lib/python3.7/site-packages/airflow/example_dags/subdags/subdag.py
[2021-02-22 18:47:28,150] {scheduler_job.py:641} WARNING - No viable dags retrieved from /home/i-sip_iot/anaconda3/envs/sandbox/lib/python3.7/site-packages/airflow/example_dags/subdags/subdag.py
[2021-02-22 18:47:28,159] {scheduler_job.py:189} INFO - Processing /home/i-sip_iot/anaconda3/envs/sandbox/lib/python3.7/site-packages/airflow/example_dags/subdags/subdag.py took 0.024 seconds
[2021-02-22 18:47:54,950] {scheduler_job.py:181} INFO - Started process (PID=202393) to work on /home/i-sip_iot/anaconda3/envs/sandbox/lib/python3.7/site-packages/airflow/example_dags/subdags/subdag.py
[2021-02-22 18:47:54,953] {scheduler_job.py:629} INFO - Processing file /home/i-sip_iot/anaconda3/envs/sandbox/lib/python3.7/site-packages/airflow/example_dags/subdags/subdag.py for tasks to queue
[2021-02-22 18:47:54,954] {logging_mixin.py:103} INFO - [2021-02-22 18:47:54,954] {dagbag.py:440} INFO - Filling up the DagBag from /home/i-sip_iot/anaconda3/envs/sandbox/lib/python3.7/site-packages/airflow/example_dags/subdags/subdag.py
[2021-02-22 18:47:54,960] {scheduler_job.py:641} WARNING - No viable dags retrieved from /home/i-sip_iot/anaconda3/envs/sandbox/lib/python3.7/site-packages/airflow/example_dags/subdags/subdag.py
[2021-02-22 18:47:54,973] {scheduler_job.py:189} INFO - Processing /home/i-sip_iot/anaconda3/envs/sandbox/lib/python3.7/site-packages/airflow/example_dags/subdags/subdag.py took 0.029 seconds
[2021-02-22 18:48:21,856] {scheduler_job.py:181} INFO - Started process (PID=202455) to work on /home/i-sip_iot/anaconda3/envs/sandbox/lib/python3.7/site-packages/airflow/example_dags/subdags/subdag.py
[2021-02-22 18:48:21,857] {scheduler_job.py:629} INFO - Processing file /home/i-sip_iot/anaconda3/envs/sandbox/lib/python3.7/site-packages/airflow/example_dags/subdags/subdag.py for tasks to queue
[2021-02-22 18:48:21,858] {logging_mixin.py:103} INFO - [2021-02-22 18:48:21,858] {dagbag.py:440} INFO - Filling up the DagBag from /home/i-sip_iot/anaconda3/envs/sandbox/lib/python3.7/site-packages/airflow/example_dags/subdags/subdag.py
[2021-02-22 18:48:21,861] {scheduler_job.py:641} WARNING - No viable dags retrieved from /home/i-sip_iot/anaconda3/envs/sandbox/lib/python3.7/site-packages/airflow/example_dags/subdags/subdag.py
[2021-02-22 18:48:21,868] {scheduler_job.py:189} INFO - Processing /home/i-sip_iot/anaconda3/envs/sandbox/lib/python3.7/site-packages/airflow/example_dags/subdags/subdag.py took 0.016 seconds
[2021-02-22 18:48:49,515] {scheduler_job.py:181} INFO - Started process (PID=202687) to work on /home/i-sip_iot/anaconda3/envs/sandbox/lib/python3.7/site-packages/airflow/example_dags/subdags/subdag.py
[2021-02-22 18:48:49,517] {scheduler_job.py:629} INFO - Processing file /home/i-sip_iot/anaconda3/envs/sandbox/lib/python3.7/site-packages/airflow/example_dags/subdags/subdag.py for tasks to queue
[2021-02-22 18:48:49,519] {logging_mixin.py:103} INFO - [2021-02-22 18:48:49,519] {dagbag.py:440} INFO - Filling up the DagBag from /home/i-sip_iot/anaconda3/envs/sandbox/lib/python3.7/site-packages/airflow/example_dags/subdags/subdag.py
[2021-02-22 18:48:49,527] {scheduler_job.py:641} WARNING - No viable dags retrieved from /home/i-sip_iot/anaconda3/envs/sandbox/lib/python3.7/site-packages/airflow/example_dags/subdags/subdag.py
[2021-02-22 18:48:49,541] {scheduler_job.py:189} INFO - Processing /home/i-sip_iot/anaconda3/envs/sandbox/lib/python3.7/site-packages/airflow/example_dags/subdags/subdag.py took 0.035 seconds
[2021-02-22 18:49:17,313] {scheduler_job.py:181} INFO - Started process (PID=202741) to work on /home/i-sip_iot/anaconda3/envs/sandbox/lib/python3.7/site-packages/airflow/example_dags/subdags/subdag.py
[2021-02-22 18:49:17,315] {scheduler_job.py:629} INFO - Processing file /home/i-sip_iot/anaconda3/envs/sandbox/lib/python3.7/site-packages/airflow/example_dags/subdags/subdag.py for tasks to queue
[2021-02-22 18:49:17,318] {logging_mixin.py:103} INFO - [2021-02-22 18:49:17,318] {dagbag.py:440} INFO - Filling up the DagBag from /home/i-sip_iot/anaconda3/envs/sandbox/lib/python3.7/site-packages/airflow/example_dags/subdags/subdag.py
[2021-02-22 18:49:17,323] {scheduler_job.py:641} WARNING - No viable dags retrieved from /home/i-sip_iot/anaconda3/envs/sandbox/lib/python3.7/site-packages/airflow/example_dags/subdags/subdag.py
[2021-02-22 18:49:17,333] {scheduler_job.py:189} INFO - Processing /home/i-sip_iot/anaconda3/envs/sandbox/lib/python3.7/site-packages/airflow/example_dags/subdags/subdag.py took 0.026 seconds
[2021-02-22 18:49:44,274] {scheduler_job.py:181} INFO - Started process (PID=202824) to work on /home/i-sip_iot/anaconda3/envs/sandbox/lib/python3.7/site-packages/airflow/example_dags/subdags/subdag.py
[2021-02-22 18:49:44,276] {scheduler_job.py:629} INFO - Processing file /home/i-sip_iot/anaconda3/envs/sandbox/lib/python3.7/site-packages/airflow/example_dags/subdags/subdag.py for tasks to queue
[2021-02-22 18:49:44,277] {logging_mixin.py:103} INFO - [2021-02-22 18:49:44,277] {dagbag.py:440} INFO - Filling up the DagBag from /home/i-sip_iot/anaconda3/envs/sandbox/lib/python3.7/site-packages/airflow/example_dags/subdags/subdag.py
[2021-02-22 18:49:44,282] {scheduler_job.py:641} WARNING - No viable dags retrieved from /home/i-sip_iot/anaconda3/envs/sandbox/lib/python3.7/site-packages/airflow/example_dags/subdags/subdag.py
[2021-02-22 18:49:44,295] {scheduler_job.py:189} INFO - Processing /home/i-sip_iot/anaconda3/envs/sandbox/lib/python3.7/site-packages/airflow/example_dags/subdags/subdag.py took 0.028 seconds
[2021-02-22 18:50:11,157] {scheduler_job.py:181} INFO - Started process (PID=203054) to work on /home/i-sip_iot/anaconda3/envs/sandbox/lib/python3.7/site-packages/airflow/example_dags/subdags/subdag.py
[2021-02-22 18:50:11,160] {scheduler_job.py:629} INFO - Processing file /home/i-sip_iot/anaconda3/envs/sandbox/lib/python3.7/site-packages/airflow/example_dags/subdags/subdag.py for tasks to queue
[2021-02-22 18:50:11,161] {logging_mixin.py:103} INFO - [2021-02-22 18:50:11,161] {dagbag.py:440} INFO - Filling up the DagBag from /home/i-sip_iot/anaconda3/envs/sandbox/lib/python3.7/site-packages/airflow/example_dags/subdags/subdag.py
[2021-02-22 18:50:11,167] {scheduler_job.py:641} WARNING - No viable dags retrieved from /home/i-sip_iot/anaconda3/envs/sandbox/lib/python3.7/site-packages/airflow/example_dags/subdags/subdag.py
[2021-02-22 18:50:11,180] {scheduler_job.py:189} INFO - Processing /home/i-sip_iot/anaconda3/envs/sandbox/lib/python3.7/site-packages/airflow/example_dags/subdags/subdag.py took 0.029 seconds
[2021-02-22 18:50:38,706] {scheduler_job.py:181} INFO - Started process (PID=203105) to work on /home/i-sip_iot/anaconda3/envs/sandbox/lib/python3.7/site-packages/airflow/example_dags/subdags/subdag.py
[2021-02-22 18:50:38,708] {scheduler_job.py:629} INFO - Processing file /home/i-sip_iot/anaconda3/envs/sandbox/lib/python3.7/site-packages/airflow/example_dags/subdags/subdag.py for tasks to queue
[2021-02-22 18:50:38,714] {logging_mixin.py:103} INFO - [2021-02-22 18:50:38,714] {dagbag.py:440} INFO - Filling up the DagBag from /home/i-sip_iot/anaconda3/envs/sandbox/lib/python3.7/site-packages/airflow/example_dags/subdags/subdag.py
[2021-02-22 18:50:38,716] {scheduler_job.py:641} WARNING - No viable dags retrieved from /home/i-sip_iot/anaconda3/envs/sandbox/lib/python3.7/site-packages/airflow/example_dags/subdags/subdag.py
[2021-02-22 18:50:38,724] {scheduler_job.py:189} INFO - Processing /home/i-sip_iot/anaconda3/envs/sandbox/lib/python3.7/site-packages/airflow/example_dags/subdags/subdag.py took 0.023 seconds
[2021-02-22 18:51:05,653] {scheduler_job.py:181} INFO - Started process (PID=203344) to work on /home/i-sip_iot/anaconda3/envs/sandbox/lib/python3.7/site-packages/airflow/example_dags/subdags/subdag.py
[2021-02-22 18:51:05,654] {scheduler_job.py:629} INFO - Processing file /home/i-sip_iot/anaconda3/envs/sandbox/lib/python3.7/site-packages/airflow/example_dags/subdags/subdag.py for tasks to queue
[2021-02-22 18:51:05,655] {logging_mixin.py:103} INFO - [2021-02-22 18:51:05,655] {dagbag.py:440} INFO - Filling up the DagBag from /home/i-sip_iot/anaconda3/envs/sandbox/lib/python3.7/site-packages/airflow/example_dags/subdags/subdag.py
[2021-02-22 18:51:05,659] {scheduler_job.py:641} WARNING - No viable dags retrieved from /home/i-sip_iot/anaconda3/envs/sandbox/lib/python3.7/site-packages/airflow/example_dags/subdags/subdag.py
[2021-02-22 18:51:05,666] {scheduler_job.py:189} INFO - Processing /home/i-sip_iot/anaconda3/envs/sandbox/lib/python3.7/site-packages/airflow/example_dags/subdags/subdag.py took 0.018 seconds
[2021-02-22 18:51:33,692] {scheduler_job.py:181} INFO - Started process (PID=203434) to work on /home/i-sip_iot/anaconda3/envs/sandbox/lib/python3.7/site-packages/airflow/example_dags/subdags/subdag.py
[2021-02-22 18:51:33,696] {scheduler_job.py:629} INFO - Processing file /home/i-sip_iot/anaconda3/envs/sandbox/lib/python3.7/site-packages/airflow/example_dags/subdags/subdag.py for tasks to queue
[2021-02-22 18:51:33,698] {logging_mixin.py:103} INFO - [2021-02-22 18:51:33,698] {dagbag.py:440} INFO - Filling up the DagBag from /home/i-sip_iot/anaconda3/envs/sandbox/lib/python3.7/site-packages/airflow/example_dags/subdags/subdag.py
[2021-02-22 18:51:33,703] {scheduler_job.py:641} WARNING - No viable dags retrieved from /home/i-sip_iot/anaconda3/envs/sandbox/lib/python3.7/site-packages/airflow/example_dags/subdags/subdag.py
[2021-02-22 18:51:33,713] {scheduler_job.py:189} INFO - Processing /home/i-sip_iot/anaconda3/envs/sandbox/lib/python3.7/site-packages/airflow/example_dags/subdags/subdag.py took 0.027 seconds
[2021-02-22 18:52:00,521] {scheduler_job.py:181} INFO - Started process (PID=203695) to work on /home/i-sip_iot/anaconda3/envs/sandbox/lib/python3.7/site-packages/airflow/example_dags/subdags/subdag.py
[2021-02-22 18:52:00,522] {scheduler_job.py:629} INFO - Processing file /home/i-sip_iot/anaconda3/envs/sandbox/lib/python3.7/site-packages/airflow/example_dags/subdags/subdag.py for tasks to queue
[2021-02-22 18:52:00,522] {logging_mixin.py:103} INFO - [2021-02-22 18:52:00,522] {dagbag.py:440} INFO - Filling up the DagBag from /home/i-sip_iot/anaconda3/envs/sandbox/lib/python3.7/site-packages/airflow/example_dags/subdags/subdag.py
[2021-02-22 18:52:00,523] {scheduler_job.py:641} WARNING - No viable dags retrieved from /home/i-sip_iot/anaconda3/envs/sandbox/lib/python3.7/site-packages/airflow/example_dags/subdags/subdag.py
[2021-02-22 18:52:00,527] {scheduler_job.py:189} INFO - Processing /home/i-sip_iot/anaconda3/envs/sandbox/lib/python3.7/site-packages/airflow/example_dags/subdags/subdag.py took 0.007 seconds
[2021-02-22 18:52:26,899] {scheduler_job.py:181} INFO - Started process (PID=203733) to work on /home/i-sip_iot/anaconda3/envs/sandbox/lib/python3.7/site-packages/airflow/example_dags/subdags/subdag.py
[2021-02-22 18:52:26,901] {scheduler_job.py:629} INFO - Processing file /home/i-sip_iot/anaconda3/envs/sandbox/lib/python3.7/site-packages/airflow/example_dags/subdags/subdag.py for tasks to queue
[2021-02-22 18:52:26,901] {logging_mixin.py:103} INFO - [2021-02-22 18:52:26,901] {dagbag.py:440} INFO - Filling up the DagBag from /home/i-sip_iot/anaconda3/envs/sandbox/lib/python3.7/site-packages/airflow/example_dags/subdags/subdag.py
[2021-02-22 18:52:26,904] {scheduler_job.py:641} WARNING - No viable dags retrieved from /home/i-sip_iot/anaconda3/envs/sandbox/lib/python3.7/site-packages/airflow/example_dags/subdags/subdag.py
[2021-02-22 18:52:26,909] {scheduler_job.py:189} INFO - Processing /home/i-sip_iot/anaconda3/envs/sandbox/lib/python3.7/site-packages/airflow/example_dags/subdags/subdag.py took 0.013 seconds
[2021-02-22 18:52:54,978] {scheduler_job.py:181} INFO - Started process (PID=203957) to work on /home/i-sip_iot/anaconda3/envs/sandbox/lib/python3.7/site-packages/airflow/example_dags/subdags/subdag.py
[2021-02-22 18:52:54,981] {scheduler_job.py:629} INFO - Processing file /home/i-sip_iot/anaconda3/envs/sandbox/lib/python3.7/site-packages/airflow/example_dags/subdags/subdag.py for tasks to queue
[2021-02-22 18:52:54,982] {logging_mixin.py:103} INFO - [2021-02-22 18:52:54,982] {dagbag.py:440} INFO - Filling up the DagBag from /home/i-sip_iot/anaconda3/envs/sandbox/lib/python3.7/site-packages/airflow/example_dags/subdags/subdag.py
[2021-02-22 18:52:54,987] {scheduler_job.py:641} WARNING - No viable dags retrieved from /home/i-sip_iot/anaconda3/envs/sandbox/lib/python3.7/site-packages/airflow/example_dags/subdags/subdag.py
[2021-02-22 18:52:55,000] {scheduler_job.py:189} INFO - Processing /home/i-sip_iot/anaconda3/envs/sandbox/lib/python3.7/site-packages/airflow/example_dags/subdags/subdag.py took 0.027 seconds
[2021-02-22 18:53:21,852] {scheduler_job.py:181} INFO - Started process (PID=204032) to work on /home/i-sip_iot/anaconda3/envs/sandbox/lib/python3.7/site-packages/airflow/example_dags/subdags/subdag.py
[2021-02-22 18:53:21,854] {scheduler_job.py:629} INFO - Processing file /home/i-sip_iot/anaconda3/envs/sandbox/lib/python3.7/site-packages/airflow/example_dags/subdags/subdag.py for tasks to queue
[2021-02-22 18:53:21,855] {logging_mixin.py:103} INFO - [2021-02-22 18:53:21,855] {dagbag.py:440} INFO - Filling up the DagBag from /home/i-sip_iot/anaconda3/envs/sandbox/lib/python3.7/site-packages/airflow/example_dags/subdags/subdag.py
[2021-02-22 18:53:21,861] {scheduler_job.py:641} WARNING - No viable dags retrieved from /home/i-sip_iot/anaconda3/envs/sandbox/lib/python3.7/site-packages/airflow/example_dags/subdags/subdag.py
[2021-02-22 18:53:21,873] {scheduler_job.py:189} INFO - Processing /home/i-sip_iot/anaconda3/envs/sandbox/lib/python3.7/site-packages/airflow/example_dags/subdags/subdag.py took 0.028 seconds
[2021-02-22 18:53:49,415] {scheduler_job.py:181} INFO - Started process (PID=204257) to work on /home/i-sip_iot/anaconda3/envs/sandbox/lib/python3.7/site-packages/airflow/example_dags/subdags/subdag.py
[2021-02-22 18:53:49,416] {scheduler_job.py:629} INFO - Processing file /home/i-sip_iot/anaconda3/envs/sandbox/lib/python3.7/site-packages/airflow/example_dags/subdags/subdag.py for tasks to queue
[2021-02-22 18:53:49,416] {logging_mixin.py:103} INFO - [2021-02-22 18:53:49,416] {dagbag.py:440} INFO - Filling up the DagBag from /home/i-sip_iot/anaconda3/envs/sandbox/lib/python3.7/site-packages/airflow/example_dags/subdags/subdag.py
[2021-02-22 18:53:49,418] {scheduler_job.py:641} WARNING - No viable dags retrieved from /home/i-sip_iot/anaconda3/envs/sandbox/lib/python3.7/site-packages/airflow/example_dags/subdags/subdag.py
[2021-02-22 18:53:49,422] {scheduler_job.py:189} INFO - Processing /home/i-sip_iot/anaconda3/envs/sandbox/lib/python3.7/site-packages/airflow/example_dags/subdags/subdag.py took 0.009 seconds
[2021-02-22 18:54:16,363] {scheduler_job.py:181} INFO - Started process (PID=204325) to work on /home/i-sip_iot/anaconda3/envs/sandbox/lib/python3.7/site-packages/airflow/example_dags/subdags/subdag.py
[2021-02-22 18:54:16,367] {scheduler_job.py:629} INFO - Processing file /home/i-sip_iot/anaconda3/envs/sandbox/lib/python3.7/site-packages/airflow/example_dags/subdags/subdag.py for tasks to queue
[2021-02-22 18:54:16,369] {logging_mixin.py:103} INFO - [2021-02-22 18:54:16,368] {dagbag.py:440} INFO - Filling up the DagBag from /home/i-sip_iot/anaconda3/envs/sandbox/lib/python3.7/site-packages/airflow/example_dags/subdags/subdag.py
[2021-02-22 18:54:16,379] {scheduler_job.py:641} WARNING - No viable dags retrieved from /home/i-sip_iot/anaconda3/envs/sandbox/lib/python3.7/site-packages/airflow/example_dags/subdags/subdag.py
[2021-02-22 18:54:16,397] {scheduler_job.py:189} INFO - Processing /home/i-sip_iot/anaconda3/envs/sandbox/lib/python3.7/site-packages/airflow/example_dags/subdags/subdag.py took 0.041 seconds
[2021-02-22 18:54:43,323] {scheduler_job.py:181} INFO - Started process (PID=204416) to work on /home/i-sip_iot/anaconda3/envs/sandbox/lib/python3.7/site-packages/airflow/example_dags/subdags/subdag.py
[2021-02-22 18:54:43,326] {scheduler_job.py:629} INFO - Processing file /home/i-sip_iot/anaconda3/envs/sandbox/lib/python3.7/site-packages/airflow/example_dags/subdags/subdag.py for tasks to queue
[2021-02-22 18:54:43,327] {logging_mixin.py:103} INFO - [2021-02-22 18:54:43,327] {dagbag.py:440} INFO - Filling up the DagBag from /home/i-sip_iot/anaconda3/envs/sandbox/lib/python3.7/site-packages/airflow/example_dags/subdags/subdag.py
[2021-02-22 18:54:43,333] {scheduler_job.py:641} WARNING - No viable dags retrieved from /home/i-sip_iot/anaconda3/envs/sandbox/lib/python3.7/site-packages/airflow/example_dags/subdags/subdag.py
[2021-02-22 18:54:43,345] {scheduler_job.py:189} INFO - Processing /home/i-sip_iot/anaconda3/envs/sandbox/lib/python3.7/site-packages/airflow/example_dags/subdags/subdag.py took 0.028 seconds
[2021-02-22 18:55:11,067] {scheduler_job.py:181} INFO - Started process (PID=204653) to work on /home/i-sip_iot/anaconda3/envs/sandbox/lib/python3.7/site-packages/airflow/example_dags/subdags/subdag.py
[2021-02-22 18:55:11,069] {scheduler_job.py:629} INFO - Processing file /home/i-sip_iot/anaconda3/envs/sandbox/lib/python3.7/site-packages/airflow/example_dags/subdags/subdag.py for tasks to queue
[2021-02-22 18:55:11,071] {logging_mixin.py:103} INFO - [2021-02-22 18:55:11,071] {dagbag.py:440} INFO - Filling up the DagBag from /home/i-sip_iot/anaconda3/envs/sandbox/lib/python3.7/site-packages/airflow/example_dags/subdags/subdag.py
[2021-02-22 18:55:11,075] {scheduler_job.py:641} WARNING - No viable dags retrieved from /home/i-sip_iot/anaconda3/envs/sandbox/lib/python3.7/site-packages/airflow/example_dags/subdags/subdag.py
[2021-02-22 18:55:11,082] {scheduler_job.py:189} INFO - Processing /home/i-sip_iot/anaconda3/envs/sandbox/lib/python3.7/site-packages/airflow/example_dags/subdags/subdag.py took 0.022 seconds
[2021-02-22 18:55:37,978] {scheduler_job.py:181} INFO - Started process (PID=204707) to work on /home/i-sip_iot/anaconda3/envs/sandbox/lib/python3.7/site-packages/airflow/example_dags/subdags/subdag.py
[2021-02-22 18:55:37,980] {scheduler_job.py:629} INFO - Processing file /home/i-sip_iot/anaconda3/envs/sandbox/lib/python3.7/site-packages/airflow/example_dags/subdags/subdag.py for tasks to queue
[2021-02-22 18:55:37,981] {logging_mixin.py:103} INFO - [2021-02-22 18:55:37,981] {dagbag.py:440} INFO - Filling up the DagBag from /home/i-sip_iot/anaconda3/envs/sandbox/lib/python3.7/site-packages/airflow/example_dags/subdags/subdag.py
[2021-02-22 18:55:37,986] {scheduler_job.py:641} WARNING - No viable dags retrieved from /home/i-sip_iot/anaconda3/envs/sandbox/lib/python3.7/site-packages/airflow/example_dags/subdags/subdag.py
[2021-02-22 18:55:37,999] {scheduler_job.py:189} INFO - Processing /home/i-sip_iot/anaconda3/envs/sandbox/lib/python3.7/site-packages/airflow/example_dags/subdags/subdag.py took 0.028 seconds
[2021-02-22 18:56:05,733] {scheduler_job.py:181} INFO - Started process (PID=204933) to work on /home/i-sip_iot/anaconda3/envs/sandbox/lib/python3.7/site-packages/airflow/example_dags/subdags/subdag.py
[2021-02-22 18:56:05,734] {scheduler_job.py:629} INFO - Processing file /home/i-sip_iot/anaconda3/envs/sandbox/lib/python3.7/site-packages/airflow/example_dags/subdags/subdag.py for tasks to queue
[2021-02-22 18:56:05,735] {logging_mixin.py:103} INFO - [2021-02-22 18:56:05,734] {dagbag.py:440} INFO - Filling up the DagBag from /home/i-sip_iot/anaconda3/envs/sandbox/lib/python3.7/site-packages/airflow/example_dags/subdags/subdag.py
[2021-02-22 18:56:05,736] {scheduler_job.py:641} WARNING - No viable dags retrieved from /home/i-sip_iot/anaconda3/envs/sandbox/lib/python3.7/site-packages/airflow/example_dags/subdags/subdag.py
[2021-02-22 18:56:05,741] {scheduler_job.py:189} INFO - Processing /home/i-sip_iot/anaconda3/envs/sandbox/lib/python3.7/site-packages/airflow/example_dags/subdags/subdag.py took 0.009 seconds
[2021-02-22 18:56:32,692] {scheduler_job.py:181} INFO - Started process (PID=204987) to work on /home/i-sip_iot/anaconda3/envs/sandbox/lib/python3.7/site-packages/airflow/example_dags/subdags/subdag.py
[2021-02-22 18:56:32,694] {scheduler_job.py:629} INFO - Processing file /home/i-sip_iot/anaconda3/envs/sandbox/lib/python3.7/site-packages/airflow/example_dags/subdags/subdag.py for tasks to queue
[2021-02-22 18:56:32,695] {logging_mixin.py:103} INFO - [2021-02-22 18:56:32,695] {dagbag.py:440} INFO - Filling up the DagBag from /home/i-sip_iot/anaconda3/envs/sandbox/lib/python3.7/site-packages/airflow/example_dags/subdags/subdag.py
[2021-02-22 18:56:32,701] {scheduler_job.py:641} WARNING - No viable dags retrieved from /home/i-sip_iot/anaconda3/envs/sandbox/lib/python3.7/site-packages/airflow/example_dags/subdags/subdag.py
[2021-02-22 18:56:32,713] {scheduler_job.py:189} INFO - Processing /home/i-sip_iot/anaconda3/envs/sandbox/lib/python3.7/site-packages/airflow/example_dags/subdags/subdag.py took 0.028 seconds
[2021-02-22 18:57:00,062] {scheduler_job.py:181} INFO - Started process (PID=205235) to work on /home/i-sip_iot/anaconda3/envs/sandbox/lib/python3.7/site-packages/airflow/example_dags/subdags/subdag.py
[2021-02-22 18:57:00,066] {scheduler_job.py:629} INFO - Processing file /home/i-sip_iot/anaconda3/envs/sandbox/lib/python3.7/site-packages/airflow/example_dags/subdags/subdag.py for tasks to queue
[2021-02-22 18:57:00,067] {logging_mixin.py:103} INFO - [2021-02-22 18:57:00,067] {dagbag.py:440} INFO - Filling up the DagBag from /home/i-sip_iot/anaconda3/envs/sandbox/lib/python3.7/site-packages/airflow/example_dags/subdags/subdag.py
[2021-02-22 18:57:00,074] {scheduler_job.py:641} WARNING - No viable dags retrieved from /home/i-sip_iot/anaconda3/envs/sandbox/lib/python3.7/site-packages/airflow/example_dags/subdags/subdag.py
[2021-02-22 18:57:00,085] {scheduler_job.py:189} INFO - Processing /home/i-sip_iot/anaconda3/envs/sandbox/lib/python3.7/site-packages/airflow/example_dags/subdags/subdag.py took 0.030 seconds
[2021-02-22 18:57:26,958] {scheduler_job.py:181} INFO - Started process (PID=205319) to work on /home/i-sip_iot/anaconda3/envs/sandbox/lib/python3.7/site-packages/airflow/example_dags/subdags/subdag.py
[2021-02-22 18:57:26,961] {scheduler_job.py:629} INFO - Processing file /home/i-sip_iot/anaconda3/envs/sandbox/lib/python3.7/site-packages/airflow/example_dags/subdags/subdag.py for tasks to queue
[2021-02-22 18:57:26,963] {logging_mixin.py:103} INFO - [2021-02-22 18:57:26,963] {dagbag.py:440} INFO - Filling up the DagBag from /home/i-sip_iot/anaconda3/envs/sandbox/lib/python3.7/site-packages/airflow/example_dags/subdags/subdag.py
[2021-02-22 18:57:26,968] {scheduler_job.py:641} WARNING - No viable dags retrieved from /home/i-sip_iot/anaconda3/envs/sandbox/lib/python3.7/site-packages/airflow/example_dags/subdags/subdag.py
[2021-02-22 18:57:26,982] {scheduler_job.py:189} INFO - Processing /home/i-sip_iot/anaconda3/envs/sandbox/lib/python3.7/site-packages/airflow/example_dags/subdags/subdag.py took 0.030 seconds
[2021-02-22 18:57:54,336] {scheduler_job.py:181} INFO - Started process (PID=205557) to work on /home/i-sip_iot/anaconda3/envs/sandbox/lib/python3.7/site-packages/airflow/example_dags/subdags/subdag.py
[2021-02-22 18:57:54,338] {scheduler_job.py:629} INFO - Processing file /home/i-sip_iot/anaconda3/envs/sandbox/lib/python3.7/site-packages/airflow/example_dags/subdags/subdag.py for tasks to queue
[2021-02-22 18:57:54,339] {logging_mixin.py:103} INFO - [2021-02-22 18:57:54,339] {dagbag.py:440} INFO - Filling up the DagBag from /home/i-sip_iot/anaconda3/envs/sandbox/lib/python3.7/site-packages/airflow/example_dags/subdags/subdag.py
[2021-02-22 18:57:54,345] {scheduler_job.py:641} WARNING - No viable dags retrieved from /home/i-sip_iot/anaconda3/envs/sandbox/lib/python3.7/site-packages/airflow/example_dags/subdags/subdag.py
[2021-02-22 18:57:54,356] {scheduler_job.py:189} INFO - Processing /home/i-sip_iot/anaconda3/envs/sandbox/lib/python3.7/site-packages/airflow/example_dags/subdags/subdag.py took 0.026 seconds
[2021-02-22 18:58:21,806] {scheduler_job.py:181} INFO - Started process (PID=205613) to work on /home/i-sip_iot/anaconda3/envs/sandbox/lib/python3.7/site-packages/airflow/example_dags/subdags/subdag.py
[2021-02-22 18:58:21,808] {scheduler_job.py:629} INFO - Processing file /home/i-sip_iot/anaconda3/envs/sandbox/lib/python3.7/site-packages/airflow/example_dags/subdags/subdag.py for tasks to queue
[2021-02-22 18:58:21,810] {logging_mixin.py:103} INFO - [2021-02-22 18:58:21,810] {dagbag.py:440} INFO - Filling up the DagBag from /home/i-sip_iot/anaconda3/envs/sandbox/lib/python3.7/site-packages/airflow/example_dags/subdags/subdag.py
[2021-02-22 18:58:21,816] {scheduler_job.py:641} WARNING - No viable dags retrieved from /home/i-sip_iot/anaconda3/envs/sandbox/lib/python3.7/site-packages/airflow/example_dags/subdags/subdag.py
[2021-02-22 18:58:21,827] {scheduler_job.py:189} INFO - Processing /home/i-sip_iot/anaconda3/envs/sandbox/lib/python3.7/site-packages/airflow/example_dags/subdags/subdag.py took 0.028 seconds
[2021-02-22 18:58:49,376] {scheduler_job.py:181} INFO - Started process (PID=205691) to work on /home/i-sip_iot/anaconda3/envs/sandbox/lib/python3.7/site-packages/airflow/example_dags/subdags/subdag.py
[2021-02-22 18:58:49,378] {scheduler_job.py:629} INFO - Processing file /home/i-sip_iot/anaconda3/envs/sandbox/lib/python3.7/site-packages/airflow/example_dags/subdags/subdag.py for tasks to queue
[2021-02-22 18:58:49,379] {logging_mixin.py:103} INFO - [2021-02-22 18:58:49,379] {dagbag.py:440} INFO - Filling up the DagBag from /home/i-sip_iot/anaconda3/envs/sandbox/lib/python3.7/site-packages/airflow/example_dags/subdags/subdag.py
[2021-02-22 18:58:49,382] {scheduler_job.py:641} WARNING - No viable dags retrieved from /home/i-sip_iot/anaconda3/envs/sandbox/lib/python3.7/site-packages/airflow/example_dags/subdags/subdag.py
[2021-02-22 18:58:49,389] {scheduler_job.py:189} INFO - Processing /home/i-sip_iot/anaconda3/envs/sandbox/lib/python3.7/site-packages/airflow/example_dags/subdags/subdag.py took 0.016 seconds
[2021-02-22 18:59:16,290] {scheduler_job.py:181} INFO - Started process (PID=205937) to work on /home/i-sip_iot/anaconda3/envs/sandbox/lib/python3.7/site-packages/airflow/example_dags/subdags/subdag.py
[2021-02-22 18:59:16,291] {scheduler_job.py:629} INFO - Processing file /home/i-sip_iot/anaconda3/envs/sandbox/lib/python3.7/site-packages/airflow/example_dags/subdags/subdag.py for tasks to queue
[2021-02-22 18:59:16,292] {logging_mixin.py:103} INFO - [2021-02-22 18:59:16,292] {dagbag.py:440} INFO - Filling up the DagBag from /home/i-sip_iot/anaconda3/envs/sandbox/lib/python3.7/site-packages/airflow/example_dags/subdags/subdag.py
[2021-02-22 18:59:16,295] {scheduler_job.py:641} WARNING - No viable dags retrieved from /home/i-sip_iot/anaconda3/envs/sandbox/lib/python3.7/site-packages/airflow/example_dags/subdags/subdag.py
[2021-02-22 18:59:16,303] {scheduler_job.py:189} INFO - Processing /home/i-sip_iot/anaconda3/envs/sandbox/lib/python3.7/site-packages/airflow/example_dags/subdags/subdag.py took 0.018 seconds
[2021-02-22 18:59:43,676] {scheduler_job.py:181} INFO - Started process (PID=206013) to work on /home/i-sip_iot/anaconda3/envs/sandbox/lib/python3.7/site-packages/airflow/example_dags/subdags/subdag.py
[2021-02-22 18:59:43,678] {scheduler_job.py:629} INFO - Processing file /home/i-sip_iot/anaconda3/envs/sandbox/lib/python3.7/site-packages/airflow/example_dags/subdags/subdag.py for tasks to queue
[2021-02-22 18:59:43,679] {logging_mixin.py:103} INFO - [2021-02-22 18:59:43,679] {dagbag.py:440} INFO - Filling up the DagBag from /home/i-sip_iot/anaconda3/envs/sandbox/lib/python3.7/site-packages/airflow/example_dags/subdags/subdag.py
[2021-02-22 18:59:43,685] {scheduler_job.py:641} WARNING - No viable dags retrieved from /home/i-sip_iot/anaconda3/envs/sandbox/lib/python3.7/site-packages/airflow/example_dags/subdags/subdag.py
[2021-02-22 18:59:43,694] {scheduler_job.py:189} INFO - Processing /home/i-sip_iot/anaconda3/envs/sandbox/lib/python3.7/site-packages/airflow/example_dags/subdags/subdag.py took 0.025 seconds
