[2021-03-01 20:55:42,263] {taskinstance.py:826} INFO - Dependencies all met for <TaskInstance: user_processing.user_extraction 2020-07-13T00:00:00+00:00 [queued]>
[2021-03-01 20:55:42,268] {taskinstance.py:826} INFO - Dependencies all met for <TaskInstance: user_processing.user_extraction 2020-07-13T00:00:00+00:00 [queued]>
[2021-03-01 20:55:42,268] {taskinstance.py:1017} INFO - 
--------------------------------------------------------------------------------
[2021-03-01 20:55:42,268] {taskinstance.py:1018} INFO - Starting attempt 1 of 1
[2021-03-01 20:55:42,268] {taskinstance.py:1019} INFO - 
--------------------------------------------------------------------------------
[2021-03-01 20:55:42,277] {taskinstance.py:1038} INFO - Executing <Task(SimpleHttpOperator): user_extraction> on 2020-07-13T00:00:00+00:00
[2021-03-01 20:55:42,279] {standard_task_runner.py:51} INFO - Started process 259397 to run task
[2021-03-01 20:55:42,281] {standard_task_runner.py:75} INFO - Running: ['airflow', 'tasks', 'run', 'user_processing', 'user_extraction', '2020-07-13T00:00:00+00:00', '--job-id', '1020', '--pool', 'default_pool', '--raw', '--subdir', 'DAGS_FOLDER/user_processing.py', '--cfg-path', '/tmp/tmpbhvt1dbv']
[2021-03-01 20:55:42,281] {standard_task_runner.py:76} INFO - Job 1020: Subtask user_extraction
[2021-03-01 20:55:42,302] {logging_mixin.py:103} INFO - Running <TaskInstance: user_processing.user_extraction 2020-07-13T00:00:00+00:00 [running]> on host pop-os.localdomain
[2021-03-01 20:55:42,324] {taskinstance.py:1232} INFO - Exporting the following env vars:
AIRFLOW_CTX_DAG_OWNER=airflow
AIRFLOW_CTX_DAG_ID=user_processing
AIRFLOW_CTX_TASK_ID=user_extraction
AIRFLOW_CTX_EXECUTION_DATE=2020-07-13T00:00:00+00:00
AIRFLOW_CTX_DAG_RUN_ID=scheduled__2020-07-13T00:00:00+00:00
[2021-03-01 20:55:42,325] {http.py:106} INFO - Calling HTTP method
[2021-03-01 20:55:42,327] {base.py:74} INFO - Using connection to: id: user_api. Host: https://randomuser.me/, Port: None, Schema: , Login: , Password: None, extra: None
[2021-03-01 20:55:42,329] {http.py:140} INFO - Sending 'GET' to url: https://randomuser.me/api/
[2021-03-01 20:55:42,457] {http.py:110} INFO - {"results":[{"gender":"male","name":{"title":"Mr","first":"Chad","last":"Richardson"},"location":{"street":{"number":8765,"name":"Manor Road"},"city":"Cambridge","state":"County Armagh","country":"United Kingdom","postcode":"Z3F 1YD","coordinates":{"latitude":"8.3552","longitude":"-60.0811"},"timezone":{"offset":"-11:00","description":"Midway Island, Samoa"}},"email":"chad.richardson@example.com","login":{"uuid":"2c0e6222-2f55-4e90-b502-38e4acfdf4e1","username":"angrydog310","password":"fishhead","salt":"l9wu5Lc0","md5":"335595ab4f3795dbc84c8e918577573c","sha1":"00256a8e91cdfecd599b48ab50234e87b072936a","sha256":"d21c4dcfd33dade85f700f48d969d52741844539aafd8e5a558649419fce7726"},"dob":{"date":"1973-03-07T23:00:55.523Z","age":48},"registered":{"date":"2018-03-16T01:43:24.424Z","age":3},"phone":"015396 34763","cell":"0771-576-890","id":{"name":"NINO","value":"GB 70 30 69 T"},"picture":{"large":"https://randomuser.me/api/portraits/men/27.jpg","medium":"https://randomuser.me/api/portraits/med/men/27.jpg","thumbnail":"https://randomuser.me/api/portraits/thumb/men/27.jpg"},"nat":"GB"}],"info":{"seed":"f8c5834497659984","results":1,"page":1,"version":"1.3"}}
[2021-03-01 20:55:42,467] {taskinstance.py:1142} INFO - Marking task as SUCCESS. dag_id=user_processing, task_id=user_extraction, execution_date=20200713T000000, start_date=20210302T015542, end_date=20210302T015542
[2021-03-01 20:55:42,485] {taskinstance.py:1195} INFO - 1 downstream tasks scheduled from follow-on schedule check
[2021-03-01 20:55:42,492] {local_task_job.py:118} INFO - Task exited with return code 0
