[2021-03-01 20:56:06,848] {taskinstance.py:826} INFO - Dependencies all met for <TaskInstance: user_processing.user_extraction 2020-07-17T00:00:00+00:00 [queued]>
[2021-03-01 20:56:06,852] {taskinstance.py:826} INFO - Dependencies all met for <TaskInstance: user_processing.user_extraction 2020-07-17T00:00:00+00:00 [queued]>
[2021-03-01 20:56:06,852] {taskinstance.py:1017} INFO - 
--------------------------------------------------------------------------------
[2021-03-01 20:56:06,852] {taskinstance.py:1018} INFO - Starting attempt 1 of 1
[2021-03-01 20:56:06,852] {taskinstance.py:1019} INFO - 
--------------------------------------------------------------------------------
[2021-03-01 20:56:06,861] {taskinstance.py:1038} INFO - Executing <Task(SimpleHttpOperator): user_extraction> on 2020-07-17T00:00:00+00:00
[2021-03-01 20:56:06,867] {standard_task_runner.py:51} INFO - Started process 259995 to run task
[2021-03-01 20:56:06,875] {standard_task_runner.py:75} INFO - Running: ['airflow', 'tasks', 'run', 'user_processing', 'user_extraction', '2020-07-17T00:00:00+00:00', '--job-id', '1040', '--pool', 'default_pool', '--raw', '--subdir', 'DAGS_FOLDER/user_processing.py', '--cfg-path', '/tmp/tmp69hbta3t']
[2021-03-01 20:56:06,877] {standard_task_runner.py:76} INFO - Job 1040: Subtask user_extraction
[2021-03-01 20:56:06,923] {logging_mixin.py:103} INFO - Running <TaskInstance: user_processing.user_extraction 2020-07-17T00:00:00+00:00 [running]> on host pop-os.localdomain
[2021-03-01 20:56:06,947] {taskinstance.py:1232} INFO - Exporting the following env vars:
AIRFLOW_CTX_DAG_OWNER=airflow
AIRFLOW_CTX_DAG_ID=user_processing
AIRFLOW_CTX_TASK_ID=user_extraction
AIRFLOW_CTX_EXECUTION_DATE=2020-07-17T00:00:00+00:00
AIRFLOW_CTX_DAG_RUN_ID=scheduled__2020-07-17T00:00:00+00:00
[2021-03-01 20:56:06,947] {http.py:106} INFO - Calling HTTP method
[2021-03-01 20:56:06,950] {base.py:74} INFO - Using connection to: id: user_api. Host: https://randomuser.me/, Port: None, Schema: , Login: , Password: None, extra: None
[2021-03-01 20:56:06,951] {http.py:140} INFO - Sending 'GET' to url: https://randomuser.me/api/
[2021-03-01 20:56:07,045] {http.py:110} INFO - {"results":[{"gender":"male","name":{"title":"Mr","first":"Steije","last":"Kregting"},"location":{"street":{"number":4802,"name":"Keerkring"},"city":"Wilsum","state":"Friesland","country":"Netherlands","postcode":43946,"coordinates":{"latitude":"37.6069","longitude":"-2.3432"},"timezone":{"offset":"-3:00","description":"Brazil, Buenos Aires, Georgetown"}},"email":"steije.kregting@example.com","login":{"uuid":"d657ef26-ade5-459f-9502-ea35c8ca2bf2","username":"angrydog894","password":"eminem","salt":"Q26vuK9h","md5":"019cfe752d5414ca2fae0066d2de85a0","sha1":"6dd6cc24ff8f1fe6d09888e8f8e1ab1d49a73e6a","sha256":"e04e8bfdc9bb661de7ccde97b539dbac1e1c13d2fcc767008e2caa4a847c0e7c"},"dob":{"date":"1978-12-18T02:37:00.262Z","age":43},"registered":{"date":"2005-12-13T10:12:41.805Z","age":16},"phone":"(757)-617-9120","cell":"(238)-743-9144","id":{"name":"BSN","value":"27866649"},"picture":{"large":"https://randomuser.me/api/portraits/men/35.jpg","medium":"https://randomuser.me/api/portraits/med/men/35.jpg","thumbnail":"https://randomuser.me/api/portraits/thumb/men/35.jpg"},"nat":"NL"}],"info":{"seed":"a42813338880fe08","results":1,"page":1,"version":"1.3"}}
[2021-03-01 20:56:07,069] {taskinstance.py:1142} INFO - Marking task as SUCCESS. dag_id=user_processing, task_id=user_extraction, execution_date=20200717T000000, start_date=20210302T015606, end_date=20210302T015607
[2021-03-01 20:56:07,101] {taskinstance.py:1195} INFO - 1 downstream tasks scheduled from follow-on schedule check
[2021-03-01 20:56:07,124] {local_task_job.py:118} INFO - Task exited with return code 0
