[2021-03-01 20:59:52,917] {taskinstance.py:826} INFO - Dependencies all met for <TaskInstance: user_processing.user_extraction 2020-08-24T00:00:00+00:00 [queued]>
[2021-03-01 20:59:52,922] {taskinstance.py:826} INFO - Dependencies all met for <TaskInstance: user_processing.user_extraction 2020-08-24T00:00:00+00:00 [queued]>
[2021-03-01 20:59:52,922] {taskinstance.py:1017} INFO - 
--------------------------------------------------------------------------------
[2021-03-01 20:59:52,922] {taskinstance.py:1018} INFO - Starting attempt 1 of 1
[2021-03-01 20:59:52,922] {taskinstance.py:1019} INFO - 
--------------------------------------------------------------------------------
[2021-03-01 20:59:52,930] {taskinstance.py:1038} INFO - Executing <Task(SimpleHttpOperator): user_extraction> on 2020-08-24T00:00:00+00:00
[2021-03-01 20:59:52,936] {standard_task_runner.py:51} INFO - Started process 264606 to run task
[2021-03-01 20:59:52,940] {standard_task_runner.py:75} INFO - Running: ['airflow', 'tasks', 'run', 'user_processing', 'user_extraction', '2020-08-24T00:00:00+00:00', '--job-id', '1230', '--pool', 'default_pool', '--raw', '--subdir', 'DAGS_FOLDER/user_processing.py', '--cfg-path', '/tmp/tmpt1rrzxnm']
[2021-03-01 20:59:52,941] {standard_task_runner.py:76} INFO - Job 1230: Subtask user_extraction
[2021-03-01 20:59:52,967] {logging_mixin.py:103} INFO - Running <TaskInstance: user_processing.user_extraction 2020-08-24T00:00:00+00:00 [running]> on host pop-os.localdomain
[2021-03-01 20:59:53,008] {taskinstance.py:1232} INFO - Exporting the following env vars:
AIRFLOW_CTX_DAG_OWNER=airflow
AIRFLOW_CTX_DAG_ID=user_processing
AIRFLOW_CTX_TASK_ID=user_extraction
AIRFLOW_CTX_EXECUTION_DATE=2020-08-24T00:00:00+00:00
AIRFLOW_CTX_DAG_RUN_ID=scheduled__2020-08-24T00:00:00+00:00
[2021-03-01 20:59:53,008] {http.py:106} INFO - Calling HTTP method
[2021-03-01 20:59:53,013] {base.py:74} INFO - Using connection to: id: user_api. Host: https://randomuser.me/, Port: None, Schema: , Login: , Password: None, extra: None
[2021-03-01 20:59:53,014] {http.py:140} INFO - Sending 'GET' to url: https://randomuser.me/api/
[2021-03-01 20:59:53,134] {http.py:110} INFO - {"results":[{"gender":"male","name":{"title":"Mr","first":"Øystein","last":"Enersen"},"location":{"street":{"number":4527,"name":"Ladeveien"},"city":"Frommereid","state":"Akershus","country":"Norway","postcode":"3173","coordinates":{"latitude":"53.9648","longitude":"-140.9312"},"timezone":{"offset":"+8:00","description":"Beijing, Perth, Singapore, Hong Kong"}},"email":"oystein.enersen@example.com","login":{"uuid":"f2d77307-4211-479c-8614-72fcd8ae173e","username":"beautifulfish523","password":"getout","salt":"rlegBIWd","md5":"58f119b5c6acc97f056e875d2160f05b","sha1":"53c96f3405338dd69babf8ad0c6db6cfb8d96f7f","sha256":"d665fc7f41029c782253f57c33e38e83b78dd6846d2ed9d038ba802bc0f1736b"},"dob":{"date":"1952-07-16T10:41:44.187Z","age":69},"registered":{"date":"2018-12-09T17:01:59.594Z","age":3},"phone":"85691428","cell":"41238940","id":{"name":"FN","value":"16075243107"},"picture":{"large":"https://randomuser.me/api/portraits/men/77.jpg","medium":"https://randomuser.me/api/portraits/med/men/77.jpg","thumbnail":"https://randomuser.me/api/portraits/thumb/men/77.jpg"},"nat":"NO"}],"info":{"seed":"1d2cab7c17a7f520","results":1,"page":1,"version":"1.3"}}
[2021-03-01 20:59:53,154] {taskinstance.py:1142} INFO - Marking task as SUCCESS. dag_id=user_processing, task_id=user_extraction, execution_date=20200824T000000, start_date=20210302T015952, end_date=20210302T015953
[2021-03-01 20:59:53,178] {taskinstance.py:1195} INFO - 1 downstream tasks scheduled from follow-on schedule check
[2021-03-01 20:59:53,191] {local_task_job.py:118} INFO - Task exited with return code 0
