[2021-03-01 20:37:50,057] {taskinstance.py:826} INFO - Dependencies all met for <TaskInstance: user_processing.user_extraction 2020-01-23T00:00:00+00:00 [queued]>
[2021-03-01 20:37:50,061] {taskinstance.py:826} INFO - Dependencies all met for <TaskInstance: user_processing.user_extraction 2020-01-23T00:00:00+00:00 [queued]>
[2021-03-01 20:37:50,061] {taskinstance.py:1017} INFO - 
--------------------------------------------------------------------------------
[2021-03-01 20:37:50,061] {taskinstance.py:1018} INFO - Starting attempt 1 of 1
[2021-03-01 20:37:50,061] {taskinstance.py:1019} INFO - 
--------------------------------------------------------------------------------
[2021-03-01 20:37:50,069] {taskinstance.py:1038} INFO - Executing <Task(SimpleHttpOperator): user_extraction> on 2020-01-23T00:00:00+00:00
[2021-03-01 20:37:50,071] {standard_task_runner.py:51} INFO - Started process 237932 to run task
[2021-03-01 20:37:50,073] {standard_task_runner.py:75} INFO - Running: ['airflow', 'tasks', 'run', 'user_processing', 'user_extraction', '2020-01-23T00:00:00+00:00', '--job-id', '160', '--pool', 'default_pool', '--raw', '--subdir', 'DAGS_FOLDER/user_processing.py', '--cfg-path', '/tmp/tmp_1ld1fcq']
[2021-03-01 20:37:50,074] {standard_task_runner.py:76} INFO - Job 160: Subtask user_extraction
[2021-03-01 20:37:50,095] {logging_mixin.py:103} INFO - Running <TaskInstance: user_processing.user_extraction 2020-01-23T00:00:00+00:00 [running]> on host pop-os.localdomain
[2021-03-01 20:37:50,119] {taskinstance.py:1232} INFO - Exporting the following env vars:
AIRFLOW_CTX_DAG_OWNER=airflow
AIRFLOW_CTX_DAG_ID=user_processing
AIRFLOW_CTX_TASK_ID=user_extraction
AIRFLOW_CTX_EXECUTION_DATE=2020-01-23T00:00:00+00:00
AIRFLOW_CTX_DAG_RUN_ID=scheduled__2020-01-23T00:00:00+00:00
[2021-03-01 20:37:50,120] {http.py:106} INFO - Calling HTTP method
[2021-03-01 20:37:50,126] {base.py:74} INFO - Using connection to: id: user_api. Host: https://randomuser.me/, Port: None, Schema: , Login: , Password: None, extra: None
[2021-03-01 20:37:50,129] {http.py:140} INFO - Sending 'GET' to url: https://randomuser.me/api/
[2021-03-01 20:37:50,215] {http.py:110} INFO - {"results":[{"gender":"female","name":{"title":"Ms","first":"Parel","last":"Stelling"},"location":{"street":{"number":5020,"name":"De Cordespad"},"city":"Werkhoven","state":"Utrecht","country":"Netherlands","postcode":46242,"coordinates":{"latitude":"37.4689","longitude":"17.3672"},"timezone":{"offset":"+5:00","description":"Ekaterinburg, Islamabad, Karachi, Tashkent"}},"email":"parel.stelling@example.com","login":{"uuid":"baca85ec-6eea-49e1-9168-110a02e40092","username":"orangebutterfly170","password":"hammond","salt":"64QM5f1g","md5":"5526bacc8717feb7e0bb296c1931c14f","sha1":"91a8dcb83047ad169553348e88103869ad0b5ee8","sha256":"8e4dd443de3a9c5b24b9a2a369b28cab582a55c2cfc7dc71ce2f94631702606d"},"dob":{"date":"1946-05-10T18:49:07.700Z","age":75},"registered":{"date":"2013-11-24T19:11:29.585Z","age":8},"phone":"(192)-005-1148","cell":"(055)-149-2774","id":{"name":"BSN","value":"42449527"},"picture":{"large":"https://randomuser.me/api/portraits/women/4.jpg","medium":"https://randomuser.me/api/portraits/med/women/4.jpg","thumbnail":"https://randomuser.me/api/portraits/thumb/women/4.jpg"},"nat":"NL"}],"info":{"seed":"2bd93821de3b1da3","results":1,"page":1,"version":"1.3"}}
[2021-03-01 20:37:50,239] {taskinstance.py:1142} INFO - Marking task as SUCCESS. dag_id=user_processing, task_id=user_extraction, execution_date=20200123T000000, start_date=20210302T013750, end_date=20210302T013750
[2021-03-01 20:37:50,265] {taskinstance.py:1195} INFO - 1 downstream tasks scheduled from follow-on schedule check
[2021-03-01 20:37:50,285] {local_task_job.py:118} INFO - Task exited with return code 0
