[2021-03-01 20:47:13,869] {taskinstance.py:826} INFO - Dependencies all met for <TaskInstance: user_processing.user_extraction 2020-04-22T00:00:00+00:00 [queued]>
[2021-03-01 20:47:13,873] {taskinstance.py:826} INFO - Dependencies all met for <TaskInstance: user_processing.user_extraction 2020-04-22T00:00:00+00:00 [queued]>
[2021-03-01 20:47:13,874] {taskinstance.py:1017} INFO - 
--------------------------------------------------------------------------------
[2021-03-01 20:47:13,874] {taskinstance.py:1018} INFO - Starting attempt 1 of 1
[2021-03-01 20:47:13,874] {taskinstance.py:1019} INFO - 
--------------------------------------------------------------------------------
[2021-03-01 20:47:13,886] {taskinstance.py:1038} INFO - Executing <Task(SimpleHttpOperator): user_extraction> on 2020-04-22T00:00:00+00:00
[2021-03-01 20:47:13,889] {standard_task_runner.py:51} INFO - Started process 249069 to run task
[2021-03-01 20:47:13,891] {standard_task_runner.py:75} INFO - Running: ['airflow', 'tasks', 'run', 'user_processing', 'user_extraction', '2020-04-22T00:00:00+00:00', '--job-id', '610', '--pool', 'default_pool', '--raw', '--subdir', 'DAGS_FOLDER/user_processing.py', '--cfg-path', '/tmp/tmpoonlhcgd']
[2021-03-01 20:47:13,891] {standard_task_runner.py:76} INFO - Job 610: Subtask user_extraction
[2021-03-01 20:47:13,911] {logging_mixin.py:103} INFO - Running <TaskInstance: user_processing.user_extraction 2020-04-22T00:00:00+00:00 [running]> on host pop-os.localdomain
[2021-03-01 20:47:13,937] {taskinstance.py:1232} INFO - Exporting the following env vars:
AIRFLOW_CTX_DAG_OWNER=airflow
AIRFLOW_CTX_DAG_ID=user_processing
AIRFLOW_CTX_TASK_ID=user_extraction
AIRFLOW_CTX_EXECUTION_DATE=2020-04-22T00:00:00+00:00
AIRFLOW_CTX_DAG_RUN_ID=scheduled__2020-04-22T00:00:00+00:00
[2021-03-01 20:47:13,937] {http.py:106} INFO - Calling HTTP method
[2021-03-01 20:47:13,939] {base.py:74} INFO - Using connection to: id: user_api. Host: https://randomuser.me/, Port: None, Schema: , Login: , Password: None, extra: None
[2021-03-01 20:47:13,941] {http.py:140} INFO - Sending 'GET' to url: https://randomuser.me/api/
[2021-03-01 20:47:14,026] {http.py:110} INFO - {"results":[{"gender":"female","name":{"title":"Mrs","first":"Elham","last":"Gelderman"},"location":{"street":{"number":5262,"name":"Kolibriestraat"},"city":"Oude Wetering","state":"Limburg","country":"Netherlands","postcode":42275,"coordinates":{"latitude":"38.0817","longitude":"122.1990"},"timezone":{"offset":"-2:00","description":"Mid-Atlantic"}},"email":"elham.gelderman@example.com","login":{"uuid":"33968fa7-559b-44d5-9c01-cca60ad8b1f1","username":"beautifulpeacock779","password":"112233","salt":"wMSsYuJV","md5":"cb4def9e76d9a1cb957fdc41c9d11a08","sha1":"b5754f674931451844d05f891337ba618f9a0c4d","sha256":"58a5f92673b2a623fc99627be09f359b05204a999fd83162793d7f37ac78b477"},"dob":{"date":"1980-06-15T23:01:06.462Z","age":41},"registered":{"date":"2008-12-28T09:58:51.609Z","age":13},"phone":"(685)-709-0517","cell":"(282)-816-9789","id":{"name":"BSN","value":"04037375"},"picture":{"large":"https://randomuser.me/api/portraits/women/3.jpg","medium":"https://randomuser.me/api/portraits/med/women/3.jpg","thumbnail":"https://randomuser.me/api/portraits/thumb/women/3.jpg"},"nat":"NL"}],"info":{"seed":"521d8264ebea4000","results":1,"page":1,"version":"1.3"}}
[2021-03-01 20:47:14,047] {taskinstance.py:1142} INFO - Marking task as SUCCESS. dag_id=user_processing, task_id=user_extraction, execution_date=20200422T000000, start_date=20210302T014713, end_date=20210302T014714
[2021-03-01 20:47:14,084] {taskinstance.py:1195} INFO - 1 downstream tasks scheduled from follow-on schedule check
[2021-03-01 20:47:14,102] {local_task_job.py:118} INFO - Task exited with return code 0
