[2021-03-01 20:42:47,897] {taskinstance.py:826} INFO - Dependencies all met for <TaskInstance: user_processing.user_extraction 2020-03-11T00:00:00+00:00 [queued]>
[2021-03-01 20:42:47,902] {taskinstance.py:826} INFO - Dependencies all met for <TaskInstance: user_processing.user_extraction 2020-03-11T00:00:00+00:00 [queued]>
[2021-03-01 20:42:47,903] {taskinstance.py:1017} INFO - 
--------------------------------------------------------------------------------
[2021-03-01 20:42:47,903] {taskinstance.py:1018} INFO - Starting attempt 1 of 1
[2021-03-01 20:42:47,903] {taskinstance.py:1019} INFO - 
--------------------------------------------------------------------------------
[2021-03-01 20:42:47,912] {taskinstance.py:1038} INFO - Executing <Task(SimpleHttpOperator): user_extraction> on 2020-03-11T00:00:00+00:00
[2021-03-01 20:42:47,914] {standard_task_runner.py:51} INFO - Started process 243858 to run task
[2021-03-01 20:42:47,917] {standard_task_runner.py:75} INFO - Running: ['airflow', 'tasks', 'run', 'user_processing', 'user_extraction', '2020-03-11T00:00:00+00:00', '--job-id', '400', '--pool', 'default_pool', '--raw', '--subdir', 'DAGS_FOLDER/user_processing.py', '--cfg-path', '/tmp/tmp1ya450aa']
[2021-03-01 20:42:47,918] {standard_task_runner.py:76} INFO - Job 400: Subtask user_extraction
[2021-03-01 20:42:47,941] {logging_mixin.py:103} INFO - Running <TaskInstance: user_processing.user_extraction 2020-03-11T00:00:00+00:00 [running]> on host pop-os.localdomain
[2021-03-01 20:42:47,965] {taskinstance.py:1232} INFO - Exporting the following env vars:
AIRFLOW_CTX_DAG_OWNER=airflow
AIRFLOW_CTX_DAG_ID=user_processing
AIRFLOW_CTX_TASK_ID=user_extraction
AIRFLOW_CTX_EXECUTION_DATE=2020-03-11T00:00:00+00:00
AIRFLOW_CTX_DAG_RUN_ID=scheduled__2020-03-11T00:00:00+00:00
[2021-03-01 20:42:47,966] {http.py:106} INFO - Calling HTTP method
[2021-03-01 20:42:47,968] {base.py:74} INFO - Using connection to: id: user_api. Host: https://randomuser.me/, Port: None, Schema: , Login: , Password: None, extra: None
[2021-03-01 20:42:47,970] {http.py:140} INFO - Sending 'GET' to url: https://randomuser.me/api/
[2021-03-01 20:42:48,059] {http.py:110} INFO - {"results":[{"gender":"female","name":{"title":"Ms","first":"Alise","last":"Heggelund"},"location":{"street":{"number":4174,"name":"Olav M. Troviks vei"},"city":"Mork","state":"Finnmark - Finnmárku","country":"Norway","postcode":"2631","coordinates":{"latitude":"51.3718","longitude":"162.8271"},"timezone":{"offset":"-7:00","description":"Mountain Time (US & Canada)"}},"email":"alise.heggelund@example.com","login":{"uuid":"04d36a84-25c6-41d2-8a07-6ec3711264d7","username":"lazykoala889","password":"545454","salt":"vVyh1iqP","md5":"fd9d4e53ff7b0ebe6e3414dda67ebf18","sha1":"b223184a53f7db3071f91cf149972dbede82daff","sha256":"bea74825d25274a82df5b007fd6c5ea8b0dc56a1a9b77d7461893b0b7ac1016d"},"dob":{"date":"1987-05-26T05:19:56.751Z","age":34},"registered":{"date":"2006-05-02T05:59:18.077Z","age":15},"phone":"21142847","cell":"91313405","id":{"name":"FN","value":"26058735034"},"picture":{"large":"https://randomuser.me/api/portraits/women/43.jpg","medium":"https://randomuser.me/api/portraits/med/women/43.jpg","thumbnail":"https://randomuser.me/api/portraits/thumb/women/43.jpg"},"nat":"NO"}],"info":{"seed":"e1238ac7494ad0df","results":1,"page":1,"version":"1.3"}}
[2021-03-01 20:42:48,073] {taskinstance.py:1142} INFO - Marking task as SUCCESS. dag_id=user_processing, task_id=user_extraction, execution_date=20200311T000000, start_date=20210302T014247, end_date=20210302T014248
[2021-03-01 20:42:48,092] {taskinstance.py:1195} INFO - 1 downstream tasks scheduled from follow-on schedule check
[2021-03-01 20:42:48,128] {local_task_job.py:118} INFO - Task exited with return code 0
