[2021-03-01 20:45:43,111] {taskinstance.py:826} INFO - Dependencies all met for <TaskInstance: user_processing.user_extraction 2020-04-08T00:00:00+00:00 [queued]>
[2021-03-01 20:45:43,121] {taskinstance.py:826} INFO - Dependencies all met for <TaskInstance: user_processing.user_extraction 2020-04-08T00:00:00+00:00 [queued]>
[2021-03-01 20:45:43,121] {taskinstance.py:1017} INFO - 
--------------------------------------------------------------------------------
[2021-03-01 20:45:43,121] {taskinstance.py:1018} INFO - Starting attempt 1 of 1
[2021-03-01 20:45:43,121] {taskinstance.py:1019} INFO - 
--------------------------------------------------------------------------------
[2021-03-01 20:45:43,133] {taskinstance.py:1038} INFO - Executing <Task(SimpleHttpOperator): user_extraction> on 2020-04-08T00:00:00+00:00
[2021-03-01 20:45:43,137] {standard_task_runner.py:51} INFO - Started process 247420 to run task
[2021-03-01 20:45:43,140] {standard_task_runner.py:75} INFO - Running: ['airflow', 'tasks', 'run', 'user_processing', 'user_extraction', '2020-04-08T00:00:00+00:00', '--job-id', '540', '--pool', 'default_pool', '--raw', '--subdir', 'DAGS_FOLDER/user_processing.py', '--cfg-path', '/tmp/tmp6i3r1kh3']
[2021-03-01 20:45:43,140] {standard_task_runner.py:76} INFO - Job 540: Subtask user_extraction
[2021-03-01 20:45:43,168] {logging_mixin.py:103} INFO - Running <TaskInstance: user_processing.user_extraction 2020-04-08T00:00:00+00:00 [running]> on host pop-os.localdomain
[2021-03-01 20:45:43,200] {taskinstance.py:1232} INFO - Exporting the following env vars:
AIRFLOW_CTX_DAG_OWNER=airflow
AIRFLOW_CTX_DAG_ID=user_processing
AIRFLOW_CTX_TASK_ID=user_extraction
AIRFLOW_CTX_EXECUTION_DATE=2020-04-08T00:00:00+00:00
AIRFLOW_CTX_DAG_RUN_ID=scheduled__2020-04-08T00:00:00+00:00
[2021-03-01 20:45:43,201] {http.py:106} INFO - Calling HTTP method
[2021-03-01 20:45:43,206] {base.py:74} INFO - Using connection to: id: user_api. Host: https://randomuser.me/, Port: None, Schema: , Login: , Password: None, extra: None
[2021-03-01 20:45:43,209] {http.py:140} INFO - Sending 'GET' to url: https://randomuser.me/api/
[2021-03-01 20:45:43,313] {http.py:110} INFO - {"results":[{"gender":"female","name":{"title":"Ms","first":"Margret","last":"Flügge"},"location":{"street":{"number":4659,"name":"Birkenweg"},"city":"Burladingen","state":"Niedersachsen","country":"Germany","postcode":13498,"coordinates":{"latitude":"-44.3009","longitude":"108.8678"},"timezone":{"offset":"-1:00","description":"Azores, Cape Verde Islands"}},"email":"margret.flugge@example.com","login":{"uuid":"a3e67228-0000-4642-b2f2-2ea23e085862","username":"bluecat912","password":"vamp","salt":"cabzqiTk","md5":"d26e0982b1260315bec0a385accea39e","sha1":"6724291654ed973f5456381e7dc655481b486319","sha256":"82b997f548c62b2173ceae6af452fdd8d05ede6d76814e578ba344dc2c07f16e"},"dob":{"date":"1979-04-18T18:29:40.934Z","age":42},"registered":{"date":"2004-09-27T11:22:36.340Z","age":17},"phone":"0805-3531750","cell":"0173-8194227","id":{"name":"","value":null},"picture":{"large":"https://randomuser.me/api/portraits/women/23.jpg","medium":"https://randomuser.me/api/portraits/med/women/23.jpg","thumbnail":"https://randomuser.me/api/portraits/thumb/women/23.jpg"},"nat":"DE"}],"info":{"seed":"6771196a6f6cb25d","results":1,"page":1,"version":"1.3"}}
[2021-03-01 20:45:43,329] {taskinstance.py:1142} INFO - Marking task as SUCCESS. dag_id=user_processing, task_id=user_extraction, execution_date=20200408T000000, start_date=20210302T014543, end_date=20210302T014543
[2021-03-01 20:45:43,353] {taskinstance.py:1195} INFO - 1 downstream tasks scheduled from follow-on schedule check
[2021-03-01 20:45:43,392] {local_task_job.py:118} INFO - Task exited with return code 0
