[2021-03-01 20:57:48,248] {taskinstance.py:826} INFO - Dependencies all met for <TaskInstance: user_processing.user_extraction 2020-08-03T00:00:00+00:00 [queued]>
[2021-03-01 20:57:48,254] {taskinstance.py:826} INFO - Dependencies all met for <TaskInstance: user_processing.user_extraction 2020-08-03T00:00:00+00:00 [queued]>
[2021-03-01 20:57:48,254] {taskinstance.py:1017} INFO - 
--------------------------------------------------------------------------------
[2021-03-01 20:57:48,254] {taskinstance.py:1018} INFO - Starting attempt 1 of 1
[2021-03-01 20:57:48,254] {taskinstance.py:1019} INFO - 
--------------------------------------------------------------------------------
[2021-03-01 20:57:48,262] {taskinstance.py:1038} INFO - Executing <Task(SimpleHttpOperator): user_extraction> on 2020-08-03T00:00:00+00:00
[2021-03-01 20:57:48,264] {standard_task_runner.py:51} INFO - Started process 261909 to run task
[2021-03-01 20:57:48,267] {standard_task_runner.py:75} INFO - Running: ['airflow', 'tasks', 'run', 'user_processing', 'user_extraction', '2020-08-03T00:00:00+00:00', '--job-id', '1125', '--pool', 'default_pool', '--raw', '--subdir', 'DAGS_FOLDER/user_processing.py', '--cfg-path', '/tmp/tmpqxxmqzid']
[2021-03-01 20:57:48,268] {standard_task_runner.py:76} INFO - Job 1125: Subtask user_extraction
[2021-03-01 20:57:48,287] {logging_mixin.py:103} INFO - Running <TaskInstance: user_processing.user_extraction 2020-08-03T00:00:00+00:00 [running]> on host pop-os.localdomain
[2021-03-01 20:57:48,316] {taskinstance.py:1232} INFO - Exporting the following env vars:
AIRFLOW_CTX_DAG_OWNER=airflow
AIRFLOW_CTX_DAG_ID=user_processing
AIRFLOW_CTX_TASK_ID=user_extraction
AIRFLOW_CTX_EXECUTION_DATE=2020-08-03T00:00:00+00:00
AIRFLOW_CTX_DAG_RUN_ID=scheduled__2020-08-03T00:00:00+00:00
[2021-03-01 20:57:48,317] {http.py:106} INFO - Calling HTTP method
[2021-03-01 20:57:48,321] {base.py:74} INFO - Using connection to: id: user_api. Host: https://randomuser.me/, Port: None, Schema: , Login: , Password: None, extra: None
[2021-03-01 20:57:48,323] {http.py:140} INFO - Sending 'GET' to url: https://randomuser.me/api/
[2021-03-01 20:57:48,420] {http.py:110} INFO - {"results":[{"gender":"male","name":{"title":"Mr","first":"Arttu","last":"Lehtola"},"location":{"street":{"number":7157,"name":"Rautatienkatu"},"city":"Rovaniemi","state":"Kainuu","country":"Finland","postcode":79877,"coordinates":{"latitude":"-15.2305","longitude":"-140.3016"},"timezone":{"offset":"+8:00","description":"Beijing, Perth, Singapore, Hong Kong"}},"email":"arttu.lehtola@example.com","login":{"uuid":"17dbab3c-fba3-4d74-88b2-3e1bbb333522","username":"saddog307","password":"lotus","salt":"8SOl1DsI","md5":"ea84be42519baec7181fa407a2b2eca8","sha1":"0efe186e6436e10461b3815d9fb002c2a503477d","sha256":"c9575f99fc25d7a00384a8bb32345ab841229f32202bce607a074a105674d401"},"dob":{"date":"1992-06-21T18:08:43.318Z","age":29},"registered":{"date":"2003-05-03T21:32:42.470Z","age":18},"phone":"07-721-231","cell":"041-796-79-96","id":{"name":"HETU","value":"NaNNA751undefined"},"picture":{"large":"https://randomuser.me/api/portraits/men/74.jpg","medium":"https://randomuser.me/api/portraits/med/men/74.jpg","thumbnail":"https://randomuser.me/api/portraits/thumb/men/74.jpg"},"nat":"FI"}],"info":{"seed":"f83df5f6316a0bf9","results":1,"page":1,"version":"1.3"}}
[2021-03-01 20:57:48,440] {taskinstance.py:1142} INFO - Marking task as SUCCESS. dag_id=user_processing, task_id=user_extraction, execution_date=20200803T000000, start_date=20210302T015748, end_date=20210302T015748
[2021-03-01 20:57:48,461] {taskinstance.py:1195} INFO - 1 downstream tasks scheduled from follow-on schedule check
[2021-03-01 20:57:48,478] {local_task_job.py:118} INFO - Task exited with return code 0
