[2021-03-01 20:59:34,952] {taskinstance.py:826} INFO - Dependencies all met for <TaskInstance: user_processing.user_extraction 2020-08-21T00:00:00+00:00 [queued]>
[2021-03-01 20:59:34,957] {taskinstance.py:826} INFO - Dependencies all met for <TaskInstance: user_processing.user_extraction 2020-08-21T00:00:00+00:00 [queued]>
[2021-03-01 20:59:34,957] {taskinstance.py:1017} INFO - 
--------------------------------------------------------------------------------
[2021-03-01 20:59:34,958] {taskinstance.py:1018} INFO - Starting attempt 1 of 1
[2021-03-01 20:59:34,958] {taskinstance.py:1019} INFO - 
--------------------------------------------------------------------------------
[2021-03-01 20:59:34,965] {taskinstance.py:1038} INFO - Executing <Task(SimpleHttpOperator): user_extraction> on 2020-08-21T00:00:00+00:00
[2021-03-01 20:59:34,968] {standard_task_runner.py:51} INFO - Started process 264135 to run task
[2021-03-01 20:59:34,971] {standard_task_runner.py:75} INFO - Running: ['airflow', 'tasks', 'run', 'user_processing', 'user_extraction', '2020-08-21T00:00:00+00:00', '--job-id', '1215', '--pool', 'default_pool', '--raw', '--subdir', 'DAGS_FOLDER/user_processing.py', '--cfg-path', '/tmp/tmpqijoyqm_']
[2021-03-01 20:59:34,971] {standard_task_runner.py:76} INFO - Job 1215: Subtask user_extraction
[2021-03-01 20:59:34,992] {logging_mixin.py:103} INFO - Running <TaskInstance: user_processing.user_extraction 2020-08-21T00:00:00+00:00 [running]> on host pop-os.localdomain
[2021-03-01 20:59:35,014] {taskinstance.py:1232} INFO - Exporting the following env vars:
AIRFLOW_CTX_DAG_OWNER=airflow
AIRFLOW_CTX_DAG_ID=user_processing
AIRFLOW_CTX_TASK_ID=user_extraction
AIRFLOW_CTX_EXECUTION_DATE=2020-08-21T00:00:00+00:00
AIRFLOW_CTX_DAG_RUN_ID=scheduled__2020-08-21T00:00:00+00:00
[2021-03-01 20:59:35,014] {http.py:106} INFO - Calling HTTP method
[2021-03-01 20:59:35,017] {base.py:74} INFO - Using connection to: id: user_api. Host: https://randomuser.me/, Port: None, Schema: , Login: , Password: None, extra: None
[2021-03-01 20:59:35,018] {http.py:140} INFO - Sending 'GET' to url: https://randomuser.me/api/
[2021-03-01 20:59:35,105] {http.py:110} INFO - {"results":[{"gender":"female","name":{"title":"Miss","first":"Meral","last":"Babacan"},"location":{"street":{"number":7519,"name":"Mevlana Cd"},"city":"Mardin","state":"Kayseri","country":"Turkey","postcode":92130,"coordinates":{"latitude":"79.0838","longitude":"141.1237"},"timezone":{"offset":"+7:00","description":"Bangkok, Hanoi, Jakarta"}},"email":"meral.babacan@example.com","login":{"uuid":"a20dce97-e9ed-4b47-91d8-ceb94fa5e58f","username":"orangerabbit919","password":"southpar","salt":"K43TsBvf","md5":"9c6af064869acf1255ba09a0100f7ed8","sha1":"75897003fbb34b4d6f97a7424df59c87f3441811","sha256":"e6c90dc326243e67f65d988d660af5dc8edc75cdaaac076dbb4a3f75186ba147"},"dob":{"date":"1983-10-30T17:55:06.837Z","age":38},"registered":{"date":"2012-08-08T07:17:45.081Z","age":9},"phone":"(963)-835-9076","cell":"(741)-192-3168","id":{"name":"","value":null},"picture":{"large":"https://randomuser.me/api/portraits/women/29.jpg","medium":"https://randomuser.me/api/portraits/med/women/29.jpg","thumbnail":"https://randomuser.me/api/portraits/thumb/women/29.jpg"},"nat":"TR"}],"info":{"seed":"464b477ac26409d9","results":1,"page":1,"version":"1.3"}}
[2021-03-01 20:59:35,116] {taskinstance.py:1142} INFO - Marking task as SUCCESS. dag_id=user_processing, task_id=user_extraction, execution_date=20200821T000000, start_date=20210302T015934, end_date=20210302T015935
[2021-03-01 20:59:35,133] {taskinstance.py:1195} INFO - 1 downstream tasks scheduled from follow-on schedule check
[2021-03-01 20:59:35,142] {local_task_job.py:118} INFO - Task exited with return code 0
