[2021-02-25 17:15:10,183] {scheduler_job.py:181} INFO - Started process (PID=184307) to work on /home/i-sip_iot/anaconda3/envs/sandbox/lib/python3.7/site-packages/airflow/example_dags/subdags/subdag.py
[2021-02-25 17:15:10,184] {scheduler_job.py:629} INFO - Processing file /home/i-sip_iot/anaconda3/envs/sandbox/lib/python3.7/site-packages/airflow/example_dags/subdags/subdag.py for tasks to queue
[2021-02-25 17:15:10,184] {logging_mixin.py:103} INFO - [2021-02-25 17:15:10,184] {dagbag.py:440} INFO - Filling up the DagBag from /home/i-sip_iot/anaconda3/envs/sandbox/lib/python3.7/site-packages/airflow/example_dags/subdags/subdag.py
[2021-02-25 17:15:10,186] {scheduler_job.py:641} WARNING - No viable dags retrieved from /home/i-sip_iot/anaconda3/envs/sandbox/lib/python3.7/site-packages/airflow/example_dags/subdags/subdag.py
[2021-02-25 17:15:10,189] {scheduler_job.py:189} INFO - Processing /home/i-sip_iot/anaconda3/envs/sandbox/lib/python3.7/site-packages/airflow/example_dags/subdags/subdag.py took 0.008 seconds
[2021-02-25 17:15:36,891] {scheduler_job.py:181} INFO - Started process (PID=184554) to work on /home/i-sip_iot/anaconda3/envs/sandbox/lib/python3.7/site-packages/airflow/example_dags/subdags/subdag.py
[2021-02-25 17:15:36,893] {scheduler_job.py:629} INFO - Processing file /home/i-sip_iot/anaconda3/envs/sandbox/lib/python3.7/site-packages/airflow/example_dags/subdags/subdag.py for tasks to queue
[2021-02-25 17:15:36,894] {logging_mixin.py:103} INFO - [2021-02-25 17:15:36,894] {dagbag.py:440} INFO - Filling up the DagBag from /home/i-sip_iot/anaconda3/envs/sandbox/lib/python3.7/site-packages/airflow/example_dags/subdags/subdag.py
[2021-02-25 17:15:36,899] {scheduler_job.py:641} WARNING - No viable dags retrieved from /home/i-sip_iot/anaconda3/envs/sandbox/lib/python3.7/site-packages/airflow/example_dags/subdags/subdag.py
[2021-02-25 17:15:36,912] {scheduler_job.py:189} INFO - Processing /home/i-sip_iot/anaconda3/envs/sandbox/lib/python3.7/site-packages/airflow/example_dags/subdags/subdag.py took 0.026 seconds
[2021-02-25 17:16:04,474] {scheduler_job.py:181} INFO - Started process (PID=184639) to work on /home/i-sip_iot/anaconda3/envs/sandbox/lib/python3.7/site-packages/airflow/example_dags/subdags/subdag.py
[2021-02-25 17:16:04,477] {scheduler_job.py:629} INFO - Processing file /home/i-sip_iot/anaconda3/envs/sandbox/lib/python3.7/site-packages/airflow/example_dags/subdags/subdag.py for tasks to queue
[2021-02-25 17:16:04,478] {logging_mixin.py:103} INFO - [2021-02-25 17:16:04,478] {dagbag.py:440} INFO - Filling up the DagBag from /home/i-sip_iot/anaconda3/envs/sandbox/lib/python3.7/site-packages/airflow/example_dags/subdags/subdag.py
[2021-02-25 17:16:04,485] {scheduler_job.py:641} WARNING - No viable dags retrieved from /home/i-sip_iot/anaconda3/envs/sandbox/lib/python3.7/site-packages/airflow/example_dags/subdags/subdag.py
[2021-02-25 17:16:04,496] {scheduler_job.py:189} INFO - Processing /home/i-sip_iot/anaconda3/envs/sandbox/lib/python3.7/site-packages/airflow/example_dags/subdags/subdag.py took 0.027 seconds
[2021-02-25 17:16:31,420] {scheduler_job.py:181} INFO - Started process (PID=184700) to work on /home/i-sip_iot/anaconda3/envs/sandbox/lib/python3.7/site-packages/airflow/example_dags/subdags/subdag.py
[2021-02-25 17:16:31,422] {scheduler_job.py:629} INFO - Processing file /home/i-sip_iot/anaconda3/envs/sandbox/lib/python3.7/site-packages/airflow/example_dags/subdags/subdag.py for tasks to queue
[2021-02-25 17:16:31,423] {logging_mixin.py:103} INFO - [2021-02-25 17:16:31,423] {dagbag.py:440} INFO - Filling up the DagBag from /home/i-sip_iot/anaconda3/envs/sandbox/lib/python3.7/site-packages/airflow/example_dags/subdags/subdag.py
[2021-02-25 17:16:31,429] {scheduler_job.py:641} WARNING - No viable dags retrieved from /home/i-sip_iot/anaconda3/envs/sandbox/lib/python3.7/site-packages/airflow/example_dags/subdags/subdag.py
[2021-02-25 17:16:31,441] {scheduler_job.py:189} INFO - Processing /home/i-sip_iot/anaconda3/envs/sandbox/lib/python3.7/site-packages/airflow/example_dags/subdags/subdag.py took 0.028 seconds
[2021-02-25 17:16:59,410] {scheduler_job.py:181} INFO - Started process (PID=184946) to work on /home/i-sip_iot/anaconda3/envs/sandbox/lib/python3.7/site-packages/airflow/example_dags/subdags/subdag.py
[2021-02-25 17:16:59,413] {scheduler_job.py:629} INFO - Processing file /home/i-sip_iot/anaconda3/envs/sandbox/lib/python3.7/site-packages/airflow/example_dags/subdags/subdag.py for tasks to queue
[2021-02-25 17:16:59,414] {logging_mixin.py:103} INFO - [2021-02-25 17:16:59,414] {dagbag.py:440} INFO - Filling up the DagBag from /home/i-sip_iot/anaconda3/envs/sandbox/lib/python3.7/site-packages/airflow/example_dags/subdags/subdag.py
[2021-02-25 17:16:59,418] {scheduler_job.py:641} WARNING - No viable dags retrieved from /home/i-sip_iot/anaconda3/envs/sandbox/lib/python3.7/site-packages/airflow/example_dags/subdags/subdag.py
[2021-02-25 17:16:59,426] {scheduler_job.py:189} INFO - Processing /home/i-sip_iot/anaconda3/envs/sandbox/lib/python3.7/site-packages/airflow/example_dags/subdags/subdag.py took 0.022 seconds
[2021-02-25 17:17:26,205] {scheduler_job.py:181} INFO - Started process (PID=185025) to work on /home/i-sip_iot/anaconda3/envs/sandbox/lib/python3.7/site-packages/airflow/example_dags/subdags/subdag.py
[2021-02-25 17:17:26,205] {scheduler_job.py:629} INFO - Processing file /home/i-sip_iot/anaconda3/envs/sandbox/lib/python3.7/site-packages/airflow/example_dags/subdags/subdag.py for tasks to queue
[2021-02-25 17:17:26,206] {logging_mixin.py:103} INFO - [2021-02-25 17:17:26,206] {dagbag.py:440} INFO - Filling up the DagBag from /home/i-sip_iot/anaconda3/envs/sandbox/lib/python3.7/site-packages/airflow/example_dags/subdags/subdag.py
[2021-02-25 17:17:26,208] {scheduler_job.py:641} WARNING - No viable dags retrieved from /home/i-sip_iot/anaconda3/envs/sandbox/lib/python3.7/site-packages/airflow/example_dags/subdags/subdag.py
[2021-02-25 17:17:26,214] {scheduler_job.py:189} INFO - Processing /home/i-sip_iot/anaconda3/envs/sandbox/lib/python3.7/site-packages/airflow/example_dags/subdags/subdag.py took 0.012 seconds
[2021-02-25 17:17:53,777] {scheduler_job.py:181} INFO - Started process (PID=185257) to work on /home/i-sip_iot/anaconda3/envs/sandbox/lib/python3.7/site-packages/airflow/example_dags/subdags/subdag.py
[2021-02-25 17:17:53,778] {scheduler_job.py:629} INFO - Processing file /home/i-sip_iot/anaconda3/envs/sandbox/lib/python3.7/site-packages/airflow/example_dags/subdags/subdag.py for tasks to queue
[2021-02-25 17:17:53,779] {logging_mixin.py:103} INFO - [2021-02-25 17:17:53,779] {dagbag.py:440} INFO - Filling up the DagBag from /home/i-sip_iot/anaconda3/envs/sandbox/lib/python3.7/site-packages/airflow/example_dags/subdags/subdag.py
[2021-02-25 17:17:53,781] {scheduler_job.py:641} WARNING - No viable dags retrieved from /home/i-sip_iot/anaconda3/envs/sandbox/lib/python3.7/site-packages/airflow/example_dags/subdags/subdag.py
[2021-02-25 17:17:53,785] {scheduler_job.py:189} INFO - Processing /home/i-sip_iot/anaconda3/envs/sandbox/lib/python3.7/site-packages/airflow/example_dags/subdags/subdag.py took 0.011 seconds
[2021-02-25 17:18:20,666] {scheduler_job.py:181} INFO - Started process (PID=185320) to work on /home/i-sip_iot/anaconda3/envs/sandbox/lib/python3.7/site-packages/airflow/example_dags/subdags/subdag.py
[2021-02-25 17:18:20,666] {scheduler_job.py:629} INFO - Processing file /home/i-sip_iot/anaconda3/envs/sandbox/lib/python3.7/site-packages/airflow/example_dags/subdags/subdag.py for tasks to queue
[2021-02-25 17:18:20,667] {logging_mixin.py:103} INFO - [2021-02-25 17:18:20,667] {dagbag.py:440} INFO - Filling up the DagBag from /home/i-sip_iot/anaconda3/envs/sandbox/lib/python3.7/site-packages/airflow/example_dags/subdags/subdag.py
[2021-02-25 17:18:20,668] {scheduler_job.py:641} WARNING - No viable dags retrieved from /home/i-sip_iot/anaconda3/envs/sandbox/lib/python3.7/site-packages/airflow/example_dags/subdags/subdag.py
[2021-02-25 17:18:20,672] {scheduler_job.py:189} INFO - Processing /home/i-sip_iot/anaconda3/envs/sandbox/lib/python3.7/site-packages/airflow/example_dags/subdags/subdag.py took 0.008 seconds
[2021-02-25 17:18:48,589] {scheduler_job.py:181} INFO - Started process (PID=185556) to work on /home/i-sip_iot/anaconda3/envs/sandbox/lib/python3.7/site-packages/airflow/example_dags/subdags/subdag.py
[2021-02-25 17:18:48,589] {scheduler_job.py:629} INFO - Processing file /home/i-sip_iot/anaconda3/envs/sandbox/lib/python3.7/site-packages/airflow/example_dags/subdags/subdag.py for tasks to queue
[2021-02-25 17:18:48,589] {logging_mixin.py:103} INFO - [2021-02-25 17:18:48,589] {dagbag.py:440} INFO - Filling up the DagBag from /home/i-sip_iot/anaconda3/envs/sandbox/lib/python3.7/site-packages/airflow/example_dags/subdags/subdag.py
[2021-02-25 17:18:48,591] {scheduler_job.py:641} WARNING - No viable dags retrieved from /home/i-sip_iot/anaconda3/envs/sandbox/lib/python3.7/site-packages/airflow/example_dags/subdags/subdag.py
[2021-02-25 17:18:48,595] {scheduler_job.py:189} INFO - Processing /home/i-sip_iot/anaconda3/envs/sandbox/lib/python3.7/site-packages/airflow/example_dags/subdags/subdag.py took 0.007 seconds
[2021-02-25 17:19:14,950] {scheduler_job.py:181} INFO - Started process (PID=185634) to work on /home/i-sip_iot/anaconda3/envs/sandbox/lib/python3.7/site-packages/airflow/example_dags/subdags/subdag.py
[2021-02-25 17:19:14,952] {scheduler_job.py:629} INFO - Processing file /home/i-sip_iot/anaconda3/envs/sandbox/lib/python3.7/site-packages/airflow/example_dags/subdags/subdag.py for tasks to queue
[2021-02-25 17:19:14,952] {logging_mixin.py:103} INFO - [2021-02-25 17:19:14,952] {dagbag.py:440} INFO - Filling up the DagBag from /home/i-sip_iot/anaconda3/envs/sandbox/lib/python3.7/site-packages/airflow/example_dags/subdags/subdag.py
[2021-02-25 17:19:14,954] {scheduler_job.py:641} WARNING - No viable dags retrieved from /home/i-sip_iot/anaconda3/envs/sandbox/lib/python3.7/site-packages/airflow/example_dags/subdags/subdag.py
[2021-02-25 17:19:14,959] {scheduler_job.py:189} INFO - Processing /home/i-sip_iot/anaconda3/envs/sandbox/lib/python3.7/site-packages/airflow/example_dags/subdags/subdag.py took 0.011 seconds
[2021-02-25 17:19:41,867] {scheduler_job.py:181} INFO - Started process (PID=185866) to work on /home/i-sip_iot/anaconda3/envs/sandbox/lib/python3.7/site-packages/airflow/example_dags/subdags/subdag.py
[2021-02-25 17:19:41,868] {scheduler_job.py:629} INFO - Processing file /home/i-sip_iot/anaconda3/envs/sandbox/lib/python3.7/site-packages/airflow/example_dags/subdags/subdag.py for tasks to queue
[2021-02-25 17:19:41,868] {logging_mixin.py:103} INFO - [2021-02-25 17:19:41,868] {dagbag.py:440} INFO - Filling up the DagBag from /home/i-sip_iot/anaconda3/envs/sandbox/lib/python3.7/site-packages/airflow/example_dags/subdags/subdag.py
[2021-02-25 17:19:41,870] {scheduler_job.py:641} WARNING - No viable dags retrieved from /home/i-sip_iot/anaconda3/envs/sandbox/lib/python3.7/site-packages/airflow/example_dags/subdags/subdag.py
[2021-02-25 17:19:41,875] {scheduler_job.py:189} INFO - Processing /home/i-sip_iot/anaconda3/envs/sandbox/lib/python3.7/site-packages/airflow/example_dags/subdags/subdag.py took 0.010 seconds
[2021-02-25 17:20:09,081] {scheduler_job.py:181} INFO - Started process (PID=185931) to work on /home/i-sip_iot/anaconda3/envs/sandbox/lib/python3.7/site-packages/airflow/example_dags/subdags/subdag.py
[2021-02-25 17:20:09,082] {scheduler_job.py:629} INFO - Processing file /home/i-sip_iot/anaconda3/envs/sandbox/lib/python3.7/site-packages/airflow/example_dags/subdags/subdag.py for tasks to queue
[2021-02-25 17:20:09,082] {logging_mixin.py:103} INFO - [2021-02-25 17:20:09,082] {dagbag.py:440} INFO - Filling up the DagBag from /home/i-sip_iot/anaconda3/envs/sandbox/lib/python3.7/site-packages/airflow/example_dags/subdags/subdag.py
[2021-02-25 17:20:09,083] {scheduler_job.py:641} WARNING - No viable dags retrieved from /home/i-sip_iot/anaconda3/envs/sandbox/lib/python3.7/site-packages/airflow/example_dags/subdags/subdag.py
[2021-02-25 17:20:09,087] {scheduler_job.py:189} INFO - Processing /home/i-sip_iot/anaconda3/envs/sandbox/lib/python3.7/site-packages/airflow/example_dags/subdags/subdag.py took 0.008 seconds
[2021-02-25 17:20:36,787] {scheduler_job.py:181} INFO - Started process (PID=186128) to work on /home/i-sip_iot/anaconda3/envs/sandbox/lib/python3.7/site-packages/airflow/example_dags/subdags/subdag.py
[2021-02-25 17:20:36,787] {scheduler_job.py:629} INFO - Processing file /home/i-sip_iot/anaconda3/envs/sandbox/lib/python3.7/site-packages/airflow/example_dags/subdags/subdag.py for tasks to queue
[2021-02-25 17:20:36,788] {logging_mixin.py:103} INFO - [2021-02-25 17:20:36,788] {dagbag.py:440} INFO - Filling up the DagBag from /home/i-sip_iot/anaconda3/envs/sandbox/lib/python3.7/site-packages/airflow/example_dags/subdags/subdag.py
[2021-02-25 17:20:36,789] {scheduler_job.py:641} WARNING - No viable dags retrieved from /home/i-sip_iot/anaconda3/envs/sandbox/lib/python3.7/site-packages/airflow/example_dags/subdags/subdag.py
[2021-02-25 17:20:36,794] {scheduler_job.py:189} INFO - Processing /home/i-sip_iot/anaconda3/envs/sandbox/lib/python3.7/site-packages/airflow/example_dags/subdags/subdag.py took 0.009 seconds
[2021-02-25 17:21:04,228] {scheduler_job.py:181} INFO - Started process (PID=186274) to work on /home/i-sip_iot/anaconda3/envs/sandbox/lib/python3.7/site-packages/airflow/example_dags/subdags/subdag.py
[2021-02-25 17:21:04,230] {scheduler_job.py:629} INFO - Processing file /home/i-sip_iot/anaconda3/envs/sandbox/lib/python3.7/site-packages/airflow/example_dags/subdags/subdag.py for tasks to queue
[2021-02-25 17:21:04,232] {logging_mixin.py:103} INFO - [2021-02-25 17:21:04,231] {dagbag.py:440} INFO - Filling up the DagBag from /home/i-sip_iot/anaconda3/envs/sandbox/lib/python3.7/site-packages/airflow/example_dags/subdags/subdag.py
[2021-02-25 17:21:04,238] {scheduler_job.py:641} WARNING - No viable dags retrieved from /home/i-sip_iot/anaconda3/envs/sandbox/lib/python3.7/site-packages/airflow/example_dags/subdags/subdag.py
[2021-02-25 17:21:04,247] {scheduler_job.py:189} INFO - Processing /home/i-sip_iot/anaconda3/envs/sandbox/lib/python3.7/site-packages/airflow/example_dags/subdags/subdag.py took 0.025 seconds
[2021-02-25 17:21:31,144] {scheduler_job.py:181} INFO - Started process (PID=186319) to work on /home/i-sip_iot/anaconda3/envs/sandbox/lib/python3.7/site-packages/airflow/example_dags/subdags/subdag.py
[2021-02-25 17:21:31,146] {scheduler_job.py:629} INFO - Processing file /home/i-sip_iot/anaconda3/envs/sandbox/lib/python3.7/site-packages/airflow/example_dags/subdags/subdag.py for tasks to queue
[2021-02-25 17:21:31,147] {logging_mixin.py:103} INFO - [2021-02-25 17:21:31,147] {dagbag.py:440} INFO - Filling up the DagBag from /home/i-sip_iot/anaconda3/envs/sandbox/lib/python3.7/site-packages/airflow/example_dags/subdags/subdag.py
[2021-02-25 17:21:31,153] {scheduler_job.py:641} WARNING - No viable dags retrieved from /home/i-sip_iot/anaconda3/envs/sandbox/lib/python3.7/site-packages/airflow/example_dags/subdags/subdag.py
[2021-02-25 17:21:31,164] {scheduler_job.py:189} INFO - Processing /home/i-sip_iot/anaconda3/envs/sandbox/lib/python3.7/site-packages/airflow/example_dags/subdags/subdag.py took 0.026 seconds
[2021-02-25 17:21:58,409] {scheduler_job.py:181} INFO - Started process (PID=186565) to work on /home/i-sip_iot/anaconda3/envs/sandbox/lib/python3.7/site-packages/airflow/example_dags/subdags/subdag.py
[2021-02-25 17:21:58,410] {scheduler_job.py:629} INFO - Processing file /home/i-sip_iot/anaconda3/envs/sandbox/lib/python3.7/site-packages/airflow/example_dags/subdags/subdag.py for tasks to queue
[2021-02-25 17:21:58,410] {logging_mixin.py:103} INFO - [2021-02-25 17:21:58,410] {dagbag.py:440} INFO - Filling up the DagBag from /home/i-sip_iot/anaconda3/envs/sandbox/lib/python3.7/site-packages/airflow/example_dags/subdags/subdag.py
[2021-02-25 17:21:58,412] {scheduler_job.py:641} WARNING - No viable dags retrieved from /home/i-sip_iot/anaconda3/envs/sandbox/lib/python3.7/site-packages/airflow/example_dags/subdags/subdag.py
[2021-02-25 17:21:58,415] {scheduler_job.py:189} INFO - Processing /home/i-sip_iot/anaconda3/envs/sandbox/lib/python3.7/site-packages/airflow/example_dags/subdags/subdag.py took 0.007 seconds
[2021-02-25 17:22:25,548] {scheduler_job.py:181} INFO - Started process (PID=186616) to work on /home/i-sip_iot/anaconda3/envs/sandbox/lib/python3.7/site-packages/airflow/example_dags/subdags/subdag.py
[2021-02-25 17:22:25,549] {scheduler_job.py:629} INFO - Processing file /home/i-sip_iot/anaconda3/envs/sandbox/lib/python3.7/site-packages/airflow/example_dags/subdags/subdag.py for tasks to queue
[2021-02-25 17:22:25,550] {logging_mixin.py:103} INFO - [2021-02-25 17:22:25,550] {dagbag.py:440} INFO - Filling up the DagBag from /home/i-sip_iot/anaconda3/envs/sandbox/lib/python3.7/site-packages/airflow/example_dags/subdags/subdag.py
[2021-02-25 17:22:25,551] {scheduler_job.py:641} WARNING - No viable dags retrieved from /home/i-sip_iot/anaconda3/envs/sandbox/lib/python3.7/site-packages/airflow/example_dags/subdags/subdag.py
[2021-02-25 17:22:25,555] {scheduler_job.py:189} INFO - Processing /home/i-sip_iot/anaconda3/envs/sandbox/lib/python3.7/site-packages/airflow/example_dags/subdags/subdag.py took 0.008 seconds
[2021-02-25 17:22:53,474] {scheduler_job.py:181} INFO - Started process (PID=186831) to work on /home/i-sip_iot/anaconda3/envs/sandbox/lib/python3.7/site-packages/airflow/example_dags/subdags/subdag.py
[2021-02-25 17:22:53,476] {scheduler_job.py:629} INFO - Processing file /home/i-sip_iot/anaconda3/envs/sandbox/lib/python3.7/site-packages/airflow/example_dags/subdags/subdag.py for tasks to queue
[2021-02-25 17:22:53,476] {logging_mixin.py:103} INFO - [2021-02-25 17:22:53,476] {dagbag.py:440} INFO - Filling up the DagBag from /home/i-sip_iot/anaconda3/envs/sandbox/lib/python3.7/site-packages/airflow/example_dags/subdags/subdag.py
[2021-02-25 17:22:53,479] {scheduler_job.py:641} WARNING - No viable dags retrieved from /home/i-sip_iot/anaconda3/envs/sandbox/lib/python3.7/site-packages/airflow/example_dags/subdags/subdag.py
[2021-02-25 17:22:53,487] {scheduler_job.py:189} INFO - Processing /home/i-sip_iot/anaconda3/envs/sandbox/lib/python3.7/site-packages/airflow/example_dags/subdags/subdag.py took 0.016 seconds
[2021-02-25 17:23:20,392] {scheduler_job.py:181} INFO - Started process (PID=186899) to work on /home/i-sip_iot/anaconda3/envs/sandbox/lib/python3.7/site-packages/airflow/example_dags/subdags/subdag.py
[2021-02-25 17:23:20,394] {scheduler_job.py:629} INFO - Processing file /home/i-sip_iot/anaconda3/envs/sandbox/lib/python3.7/site-packages/airflow/example_dags/subdags/subdag.py for tasks to queue
[2021-02-25 17:23:20,394] {logging_mixin.py:103} INFO - [2021-02-25 17:23:20,394] {dagbag.py:440} INFO - Filling up the DagBag from /home/i-sip_iot/anaconda3/envs/sandbox/lib/python3.7/site-packages/airflow/example_dags/subdags/subdag.py
[2021-02-25 17:23:20,398] {scheduler_job.py:641} WARNING - No viable dags retrieved from /home/i-sip_iot/anaconda3/envs/sandbox/lib/python3.7/site-packages/airflow/example_dags/subdags/subdag.py
[2021-02-25 17:23:20,407] {scheduler_job.py:189} INFO - Processing /home/i-sip_iot/anaconda3/envs/sandbox/lib/python3.7/site-packages/airflow/example_dags/subdags/subdag.py took 0.019 seconds
[2021-02-25 17:23:47,275] {scheduler_job.py:181} INFO - Started process (PID=187137) to work on /home/i-sip_iot/anaconda3/envs/sandbox/lib/python3.7/site-packages/airflow/example_dags/subdags/subdag.py
[2021-02-25 17:23:47,276] {scheduler_job.py:629} INFO - Processing file /home/i-sip_iot/anaconda3/envs/sandbox/lib/python3.7/site-packages/airflow/example_dags/subdags/subdag.py for tasks to queue
[2021-02-25 17:23:47,276] {logging_mixin.py:103} INFO - [2021-02-25 17:23:47,276] {dagbag.py:440} INFO - Filling up the DagBag from /home/i-sip_iot/anaconda3/envs/sandbox/lib/python3.7/site-packages/airflow/example_dags/subdags/subdag.py
[2021-02-25 17:23:47,277] {scheduler_job.py:641} WARNING - No viable dags retrieved from /home/i-sip_iot/anaconda3/envs/sandbox/lib/python3.7/site-packages/airflow/example_dags/subdags/subdag.py
[2021-02-25 17:23:47,282] {scheduler_job.py:189} INFO - Processing /home/i-sip_iot/anaconda3/envs/sandbox/lib/python3.7/site-packages/airflow/example_dags/subdags/subdag.py took 0.008 seconds
[2021-02-25 17:24:13,697] {scheduler_job.py:181} INFO - Started process (PID=187213) to work on /home/i-sip_iot/anaconda3/envs/sandbox/lib/python3.7/site-packages/airflow/example_dags/subdags/subdag.py
[2021-02-25 17:24:13,700] {scheduler_job.py:629} INFO - Processing file /home/i-sip_iot/anaconda3/envs/sandbox/lib/python3.7/site-packages/airflow/example_dags/subdags/subdag.py for tasks to queue
[2021-02-25 17:24:13,701] {logging_mixin.py:103} INFO - [2021-02-25 17:24:13,700] {dagbag.py:440} INFO - Filling up the DagBag from /home/i-sip_iot/anaconda3/envs/sandbox/lib/python3.7/site-packages/airflow/example_dags/subdags/subdag.py
[2021-02-25 17:24:13,705] {scheduler_job.py:641} WARNING - No viable dags retrieved from /home/i-sip_iot/anaconda3/envs/sandbox/lib/python3.7/site-packages/airflow/example_dags/subdags/subdag.py
[2021-02-25 17:24:13,713] {scheduler_job.py:189} INFO - Processing /home/i-sip_iot/anaconda3/envs/sandbox/lib/python3.7/site-packages/airflow/example_dags/subdags/subdag.py took 0.021 seconds
[2021-02-25 17:24:41,740] {scheduler_job.py:181} INFO - Started process (PID=187441) to work on /home/i-sip_iot/anaconda3/envs/sandbox/lib/python3.7/site-packages/airflow/example_dags/subdags/subdag.py
[2021-02-25 17:24:41,741] {scheduler_job.py:629} INFO - Processing file /home/i-sip_iot/anaconda3/envs/sandbox/lib/python3.7/site-packages/airflow/example_dags/subdags/subdag.py for tasks to queue
[2021-02-25 17:24:41,741] {logging_mixin.py:103} INFO - [2021-02-25 17:24:41,741] {dagbag.py:440} INFO - Filling up the DagBag from /home/i-sip_iot/anaconda3/envs/sandbox/lib/python3.7/site-packages/airflow/example_dags/subdags/subdag.py
[2021-02-25 17:24:41,743] {scheduler_job.py:641} WARNING - No viable dags retrieved from /home/i-sip_iot/anaconda3/envs/sandbox/lib/python3.7/site-packages/airflow/example_dags/subdags/subdag.py
[2021-02-25 17:24:41,748] {scheduler_job.py:189} INFO - Processing /home/i-sip_iot/anaconda3/envs/sandbox/lib/python3.7/site-packages/airflow/example_dags/subdags/subdag.py took 0.011 seconds
[2021-02-25 17:25:08,112] {scheduler_job.py:181} INFO - Started process (PID=187531) to work on /home/i-sip_iot/anaconda3/envs/sandbox/lib/python3.7/site-packages/airflow/example_dags/subdags/subdag.py
[2021-02-25 17:25:08,112] {scheduler_job.py:629} INFO - Processing file /home/i-sip_iot/anaconda3/envs/sandbox/lib/python3.7/site-packages/airflow/example_dags/subdags/subdag.py for tasks to queue
[2021-02-25 17:25:08,113] {logging_mixin.py:103} INFO - [2021-02-25 17:25:08,113] {dagbag.py:440} INFO - Filling up the DagBag from /home/i-sip_iot/anaconda3/envs/sandbox/lib/python3.7/site-packages/airflow/example_dags/subdags/subdag.py
[2021-02-25 17:25:08,114] {scheduler_job.py:641} WARNING - No viable dags retrieved from /home/i-sip_iot/anaconda3/envs/sandbox/lib/python3.7/site-packages/airflow/example_dags/subdags/subdag.py
[2021-02-25 17:25:08,117] {scheduler_job.py:189} INFO - Processing /home/i-sip_iot/anaconda3/envs/sandbox/lib/python3.7/site-packages/airflow/example_dags/subdags/subdag.py took 0.007 seconds
[2021-02-25 17:25:36,128] {scheduler_job.py:181} INFO - Started process (PID=187593) to work on /home/i-sip_iot/anaconda3/envs/sandbox/lib/python3.7/site-packages/airflow/example_dags/subdags/subdag.py
[2021-02-25 17:25:36,129] {scheduler_job.py:629} INFO - Processing file /home/i-sip_iot/anaconda3/envs/sandbox/lib/python3.7/site-packages/airflow/example_dags/subdags/subdag.py for tasks to queue
[2021-02-25 17:25:36,130] {logging_mixin.py:103} INFO - [2021-02-25 17:25:36,129] {dagbag.py:440} INFO - Filling up the DagBag from /home/i-sip_iot/anaconda3/envs/sandbox/lib/python3.7/site-packages/airflow/example_dags/subdags/subdag.py
[2021-02-25 17:25:36,131] {scheduler_job.py:641} WARNING - No viable dags retrieved from /home/i-sip_iot/anaconda3/envs/sandbox/lib/python3.7/site-packages/airflow/example_dags/subdags/subdag.py
[2021-02-25 17:25:36,135] {scheduler_job.py:189} INFO - Processing /home/i-sip_iot/anaconda3/envs/sandbox/lib/python3.7/site-packages/airflow/example_dags/subdags/subdag.py took 0.009 seconds
[2021-02-25 17:26:02,946] {scheduler_job.py:181} INFO - Started process (PID=187884) to work on /home/i-sip_iot/anaconda3/envs/sandbox/lib/python3.7/site-packages/airflow/example_dags/subdags/subdag.py
[2021-02-25 17:26:02,947] {scheduler_job.py:629} INFO - Processing file /home/i-sip_iot/anaconda3/envs/sandbox/lib/python3.7/site-packages/airflow/example_dags/subdags/subdag.py for tasks to queue
[2021-02-25 17:26:02,948] {logging_mixin.py:103} INFO - [2021-02-25 17:26:02,948] {dagbag.py:440} INFO - Filling up the DagBag from /home/i-sip_iot/anaconda3/envs/sandbox/lib/python3.7/site-packages/airflow/example_dags/subdags/subdag.py
[2021-02-25 17:26:02,950] {scheduler_job.py:641} WARNING - No viable dags retrieved from /home/i-sip_iot/anaconda3/envs/sandbox/lib/python3.7/site-packages/airflow/example_dags/subdags/subdag.py
[2021-02-25 17:26:02,956] {scheduler_job.py:189} INFO - Processing /home/i-sip_iot/anaconda3/envs/sandbox/lib/python3.7/site-packages/airflow/example_dags/subdags/subdag.py took 0.012 seconds
[2021-02-25 17:26:30,567] {scheduler_job.py:181} INFO - Started process (PID=187954) to work on /home/i-sip_iot/anaconda3/envs/sandbox/lib/python3.7/site-packages/airflow/example_dags/subdags/subdag.py
[2021-02-25 17:26:30,569] {scheduler_job.py:629} INFO - Processing file /home/i-sip_iot/anaconda3/envs/sandbox/lib/python3.7/site-packages/airflow/example_dags/subdags/subdag.py for tasks to queue
[2021-02-25 17:26:30,569] {logging_mixin.py:103} INFO - [2021-02-25 17:26:30,569] {dagbag.py:440} INFO - Filling up the DagBag from /home/i-sip_iot/anaconda3/envs/sandbox/lib/python3.7/site-packages/airflow/example_dags/subdags/subdag.py
[2021-02-25 17:26:30,571] {scheduler_job.py:641} WARNING - No viable dags retrieved from /home/i-sip_iot/anaconda3/envs/sandbox/lib/python3.7/site-packages/airflow/example_dags/subdags/subdag.py
[2021-02-25 17:26:30,576] {scheduler_job.py:189} INFO - Processing /home/i-sip_iot/anaconda3/envs/sandbox/lib/python3.7/site-packages/airflow/example_dags/subdags/subdag.py took 0.010 seconds
[2021-02-25 17:26:57,835] {scheduler_job.py:181} INFO - Started process (PID=188226) to work on /home/i-sip_iot/anaconda3/envs/sandbox/lib/python3.7/site-packages/airflow/example_dags/subdags/subdag.py
[2021-02-25 17:26:57,836] {scheduler_job.py:629} INFO - Processing file /home/i-sip_iot/anaconda3/envs/sandbox/lib/python3.7/site-packages/airflow/example_dags/subdags/subdag.py for tasks to queue
[2021-02-25 17:26:57,836] {logging_mixin.py:103} INFO - [2021-02-25 17:26:57,836] {dagbag.py:440} INFO - Filling up the DagBag from /home/i-sip_iot/anaconda3/envs/sandbox/lib/python3.7/site-packages/airflow/example_dags/subdags/subdag.py
[2021-02-25 17:26:57,838] {scheduler_job.py:641} WARNING - No viable dags retrieved from /home/i-sip_iot/anaconda3/envs/sandbox/lib/python3.7/site-packages/airflow/example_dags/subdags/subdag.py
[2021-02-25 17:26:57,844] {scheduler_job.py:189} INFO - Processing /home/i-sip_iot/anaconda3/envs/sandbox/lib/python3.7/site-packages/airflow/example_dags/subdags/subdag.py took 0.012 seconds
[2021-02-25 17:27:23,586] {scheduler_job.py:181} INFO - Started process (PID=188294) to work on /home/i-sip_iot/anaconda3/envs/sandbox/lib/python3.7/site-packages/airflow/example_dags/subdags/subdag.py
[2021-02-25 17:27:23,589] {scheduler_job.py:629} INFO - Processing file /home/i-sip_iot/anaconda3/envs/sandbox/lib/python3.7/site-packages/airflow/example_dags/subdags/subdag.py for tasks to queue
[2021-02-25 17:27:23,590] {logging_mixin.py:103} INFO - [2021-02-25 17:27:23,590] {dagbag.py:440} INFO - Filling up the DagBag from /home/i-sip_iot/anaconda3/envs/sandbox/lib/python3.7/site-packages/airflow/example_dags/subdags/subdag.py
[2021-02-25 17:27:23,595] {scheduler_job.py:641} WARNING - No viable dags retrieved from /home/i-sip_iot/anaconda3/envs/sandbox/lib/python3.7/site-packages/airflow/example_dags/subdags/subdag.py
[2021-02-25 17:27:23,605] {scheduler_job.py:189} INFO - Processing /home/i-sip_iot/anaconda3/envs/sandbox/lib/python3.7/site-packages/airflow/example_dags/subdags/subdag.py took 0.024 seconds
