[2021-02-12 16:35:20,256] {taskinstance.py:826} INFO - Dependencies all met for <TaskInstance: example_bash_operator.runme_2 2021-02-10T00:00:00+00:00 [queued]>
[2021-02-12 16:35:20,260] {taskinstance.py:826} INFO - Dependencies all met for <TaskInstance: example_bash_operator.runme_2 2021-02-10T00:00:00+00:00 [queued]>
[2021-02-12 16:35:20,260] {taskinstance.py:1017} INFO - 
--------------------------------------------------------------------------------
[2021-02-12 16:35:20,260] {taskinstance.py:1018} INFO - Starting attempt 1 of 1
[2021-02-12 16:35:20,260] {taskinstance.py:1019} INFO - 
--------------------------------------------------------------------------------
[2021-02-12 16:35:20,268] {taskinstance.py:1038} INFO - Executing <Task(BashOperator): runme_2> on 2021-02-10T00:00:00+00:00
[2021-02-12 16:35:20,271] {standard_task_runner.py:51} INFO - Started process 170300 to run task
[2021-02-12 16:35:20,276] {standard_task_runner.py:75} INFO - Running: ['airflow', 'tasks', 'run', 'example_bash_operator', 'runme_2', '2021-02-10T00:00:00+00:00', '--job-id', '5', '--pool', 'default_pool', '--raw', '--subdir', '/home/i-sip_iot/anaconda3/envs/sandbox/lib/python3.7/site-packages/airflow/example_dags/example_bash_operator.py', '--cfg-path', '/tmp/tmpwzav8pss']
[2021-02-12 16:35:20,277] {standard_task_runner.py:76} INFO - Job 5: Subtask runme_2
[2021-02-12 16:35:20,298] {logging_mixin.py:103} INFO - Running <TaskInstance: example_bash_operator.runme_2 2021-02-10T00:00:00+00:00 [running]> on host pop-os.localdomain
[2021-02-12 16:35:20,316] {taskinstance.py:1232} INFO - Exporting the following env vars:
AIRFLOW_CTX_DAG_OWNER=airflow
AIRFLOW_CTX_DAG_ID=example_bash_operator
AIRFLOW_CTX_TASK_ID=runme_2
AIRFLOW_CTX_EXECUTION_DATE=2021-02-10T00:00:00+00:00
AIRFLOW_CTX_DAG_RUN_ID=scheduled__2021-02-10T00:00:00+00:00
[2021-02-12 16:35:20,316] {bash.py:135} INFO - Tmp dir root location: 
 /tmp
[2021-02-12 16:35:20,316] {bash.py:158} INFO - Running command: echo "example_bash_operator__runme_2__20210210" && sleep 1
[2021-02-12 16:35:20,320] {bash.py:169} INFO - Output:
[2021-02-12 16:35:20,320] {bash.py:173} INFO - example_bash_operator__runme_2__20210210
[2021-02-12 16:35:21,321] {bash.py:177} INFO - Command exited with return code 0
[2021-02-12 16:35:21,366] {taskinstance.py:1142} INFO - Marking task as SUCCESS. dag_id=example_bash_operator, task_id=runme_2, execution_date=20210210T000000, start_date=20210212T213520, end_date=20210212T213521
[2021-02-12 16:35:21,397] {taskinstance.py:1195} INFO - 1 downstream tasks scheduled from follow-on schedule check
[2021-02-12 16:35:21,410] {local_task_job.py:118} INFO - Task exited with return code 0
