[2021-03-01 20:40:37,163] {taskinstance.py:826} INFO - Dependencies all met for <TaskInstance: user_processing.user_extraction 2020-02-19T00:00:00+00:00 [queued]>
[2021-03-01 20:40:37,169] {taskinstance.py:826} INFO - Dependencies all met for <TaskInstance: user_processing.user_extraction 2020-02-19T00:00:00+00:00 [queued]>
[2021-03-01 20:40:37,169] {taskinstance.py:1017} INFO - 
--------------------------------------------------------------------------------
[2021-03-01 20:40:37,169] {taskinstance.py:1018} INFO - Starting attempt 1 of 1
[2021-03-01 20:40:37,169] {taskinstance.py:1019} INFO - 
--------------------------------------------------------------------------------
[2021-03-01 20:40:37,178] {taskinstance.py:1038} INFO - Executing <Task(SimpleHttpOperator): user_extraction> on 2020-02-19T00:00:00+00:00
[2021-03-01 20:40:37,186] {standard_task_runner.py:51} INFO - Started process 241308 to run task
[2021-03-01 20:40:37,188] {standard_task_runner.py:75} INFO - Running: ['airflow', 'tasks', 'run', 'user_processing', 'user_extraction', '2020-02-19T00:00:00+00:00', '--job-id', '295', '--pool', 'default_pool', '--raw', '--subdir', 'DAGS_FOLDER/user_processing.py', '--cfg-path', '/tmp/tmpxch_i14j']
[2021-03-01 20:40:37,189] {standard_task_runner.py:76} INFO - Job 295: Subtask user_extraction
[2021-03-01 20:40:37,213] {logging_mixin.py:103} INFO - Running <TaskInstance: user_processing.user_extraction 2020-02-19T00:00:00+00:00 [running]> on host pop-os.localdomain
[2021-03-01 20:40:37,243] {taskinstance.py:1232} INFO - Exporting the following env vars:
AIRFLOW_CTX_DAG_OWNER=airflow
AIRFLOW_CTX_DAG_ID=user_processing
AIRFLOW_CTX_TASK_ID=user_extraction
AIRFLOW_CTX_EXECUTION_DATE=2020-02-19T00:00:00+00:00
AIRFLOW_CTX_DAG_RUN_ID=scheduled__2020-02-19T00:00:00+00:00
[2021-03-01 20:40:37,244] {http.py:106} INFO - Calling HTTP method
[2021-03-01 20:40:37,248] {base.py:74} INFO - Using connection to: id: user_api. Host: https://randomuser.me/, Port: None, Schema: , Login: , Password: None, extra: None
[2021-03-01 20:40:37,250] {http.py:140} INFO - Sending 'GET' to url: https://randomuser.me/api/
[2021-03-01 20:40:37,327] {http.py:110} INFO - {"results":[{"gender":"male","name":{"title":"Mr","first":"Benjamin","last":"Pelletier"},"location":{"street":{"number":3769,"name":"Disputed Rd"},"city":"Russell","state":"Newfoundland and Labrador","country":"Canada","postcode":"T1U 7N5","coordinates":{"latitude":"-60.5196","longitude":"-32.2092"},"timezone":{"offset":"-4:00","description":"Atlantic Time (Canada), Caracas, La Paz"}},"email":"benjamin.pelletier@example.com","login":{"uuid":"2c466b51-f597-429f-913f-2017e0e04e99","username":"bluezebra243","password":"account","salt":"9wLElJ0K","md5":"78ae759cf03ab27849bca4481913c031","sha1":"402a55e33c3aeff97ff548fcd184059838764ed6","sha256":"1898a902444a86d6040ef4d7d3f2d3f28e22924bf3d33a3403050c4d139c2e3c"},"dob":{"date":"1945-12-12T23:04:56.419Z","age":76},"registered":{"date":"2004-01-16T10:35:56.918Z","age":17},"phone":"808-038-5670","cell":"568-548-9570","id":{"name":"","value":null},"picture":{"large":"https://randomuser.me/api/portraits/men/46.jpg","medium":"https://randomuser.me/api/portraits/med/men/46.jpg","thumbnail":"https://randomuser.me/api/portraits/thumb/men/46.jpg"},"nat":"CA"}],"info":{"seed":"1a687957136221aa","results":1,"page":1,"version":"1.3"}}
[2021-03-01 20:40:37,339] {taskinstance.py:1142} INFO - Marking task as SUCCESS. dag_id=user_processing, task_id=user_extraction, execution_date=20200219T000000, start_date=20210302T014037, end_date=20210302T014037
[2021-03-01 20:40:37,357] {taskinstance.py:1195} INFO - 1 downstream tasks scheduled from follow-on schedule check
[2021-03-01 20:40:37,400] {local_task_job.py:118} INFO - Task exited with return code 0
