[2021-03-01 20:50:13,392] {taskinstance.py:826} INFO - Dependencies all met for <TaskInstance: user_processing.user_extraction 2020-05-21T00:00:00+00:00 [queued]>
[2021-03-01 20:50:13,400] {taskinstance.py:826} INFO - Dependencies all met for <TaskInstance: user_processing.user_extraction 2020-05-21T00:00:00+00:00 [queued]>
[2021-03-01 20:50:13,400] {taskinstance.py:1017} INFO - 
--------------------------------------------------------------------------------
[2021-03-01 20:50:13,400] {taskinstance.py:1018} INFO - Starting attempt 1 of 1
[2021-03-01 20:50:13,400] {taskinstance.py:1019} INFO - 
--------------------------------------------------------------------------------
[2021-03-01 20:50:13,410] {taskinstance.py:1038} INFO - Executing <Task(SimpleHttpOperator): user_extraction> on 2020-05-21T00:00:00+00:00
[2021-03-01 20:50:13,412] {standard_task_runner.py:51} INFO - Started process 252968 to run task
[2021-03-01 20:50:13,416] {standard_task_runner.py:75} INFO - Running: ['airflow', 'tasks', 'run', 'user_processing', 'user_extraction', '2020-05-21T00:00:00+00:00', '--job-id', '755', '--pool', 'default_pool', '--raw', '--subdir', 'DAGS_FOLDER/user_processing.py', '--cfg-path', '/tmp/tmpfgbakwrn']
[2021-03-01 20:50:13,416] {standard_task_runner.py:76} INFO - Job 755: Subtask user_extraction
[2021-03-01 20:50:13,446] {logging_mixin.py:103} INFO - Running <TaskInstance: user_processing.user_extraction 2020-05-21T00:00:00+00:00 [running]> on host pop-os.localdomain
[2021-03-01 20:50:13,478] {taskinstance.py:1232} INFO - Exporting the following env vars:
AIRFLOW_CTX_DAG_OWNER=airflow
AIRFLOW_CTX_DAG_ID=user_processing
AIRFLOW_CTX_TASK_ID=user_extraction
AIRFLOW_CTX_EXECUTION_DATE=2020-05-21T00:00:00+00:00
AIRFLOW_CTX_DAG_RUN_ID=scheduled__2020-05-21T00:00:00+00:00
[2021-03-01 20:50:13,478] {http.py:106} INFO - Calling HTTP method
[2021-03-01 20:50:13,481] {base.py:74} INFO - Using connection to: id: user_api. Host: https://randomuser.me/, Port: None, Schema: , Login: , Password: None, extra: None
[2021-03-01 20:50:13,483] {http.py:140} INFO - Sending 'GET' to url: https://randomuser.me/api/
[2021-03-01 20:50:13,595] {http.py:110} INFO - {"results":[{"gender":"female","name":{"title":"Mrs","first":"Sybille","last":"Schumacher"},"location":{"street":{"number":5718,"name":"Neue Straße"},"city":"Backnang","state":"Hamburg","country":"Germany","postcode":48885,"coordinates":{"latitude":"-39.7008","longitude":"47.0156"},"timezone":{"offset":"-12:00","description":"Eniwetok, Kwajalein"}},"email":"sybille.schumacher@example.com","login":{"uuid":"ec909b05-63e3-4b5f-ac7f-610be39f6663","username":"yellowgorilla192","password":"hotshot","salt":"p6mSt76X","md5":"bcd81099087f5edec33d651b1d3863a9","sha1":"f0689bc19156eb55b413e8cac804433714a75266","sha256":"253852422efe63dc9d5d999f1db06e3715ad45c2e7d1ea8a678b3fd089a429dc"},"dob":{"date":"1947-11-12T17:08:03.090Z","age":74},"registered":{"date":"2015-03-08T05:26:45.650Z","age":6},"phone":"0159-4432971","cell":"0176-1588364","id":{"name":"","value":null},"picture":{"large":"https://randomuser.me/api/portraits/women/89.jpg","medium":"https://randomuser.me/api/portraits/med/women/89.jpg","thumbnail":"https://randomuser.me/api/portraits/thumb/women/89.jpg"},"nat":"DE"}],"info":{"seed":"2b3cf0bcd2c45e50","results":1,"page":1,"version":"1.3"}}
[2021-03-01 20:50:13,607] {taskinstance.py:1142} INFO - Marking task as SUCCESS. dag_id=user_processing, task_id=user_extraction, execution_date=20200521T000000, start_date=20210302T015013, end_date=20210302T015013
[2021-03-01 20:50:13,631] {taskinstance.py:1195} INFO - 1 downstream tasks scheduled from follow-on schedule check
[2021-03-01 20:50:13,667] {local_task_job.py:118} INFO - Task exited with return code 0
