[2021-03-01 20:26:27,523] {taskinstance.py:826} INFO - Dependencies all met for <TaskInstance: user_processing.user_extraction 2021-02-26T00:00:00+00:00 [queued]>
[2021-03-01 20:26:27,528] {taskinstance.py:826} INFO - Dependencies all met for <TaskInstance: user_processing.user_extraction 2021-02-26T00:00:00+00:00 [queued]>
[2021-03-01 20:26:27,528] {taskinstance.py:1017} INFO - 
--------------------------------------------------------------------------------
[2021-03-01 20:26:27,528] {taskinstance.py:1018} INFO - Starting attempt 1 of 1
[2021-03-01 20:26:27,528] {taskinstance.py:1019} INFO - 
--------------------------------------------------------------------------------
[2021-03-01 20:26:27,536] {taskinstance.py:1038} INFO - Executing <Task(SimpleHttpOperator): user_extraction> on 2021-02-26T00:00:00+00:00
[2021-03-01 20:26:27,541] {standard_task_runner.py:51} INFO - Started process 229516 to run task
[2021-03-01 20:26:27,546] {standard_task_runner.py:75} INFO - Running: ['airflow', 'tasks', 'run', 'user_processing', 'user_extraction', '2021-02-26T00:00:00+00:00', '--job-id', '32', '--pool', 'default_pool', '--raw', '--subdir', 'DAGS_FOLDER/user_processing.py', '--cfg-path', '/tmp/tmpa7qaepq2']
[2021-03-01 20:26:27,547] {standard_task_runner.py:76} INFO - Job 32: Subtask user_extraction
[2021-03-01 20:26:27,578] {logging_mixin.py:103} INFO - Running <TaskInstance: user_processing.user_extraction 2021-02-26T00:00:00+00:00 [running]> on host pop-os.localdomain
[2021-03-01 20:26:27,599] {taskinstance.py:1232} INFO - Exporting the following env vars:
AIRFLOW_CTX_DAG_OWNER=airflow
AIRFLOW_CTX_DAG_ID=user_processing
AIRFLOW_CTX_TASK_ID=user_extraction
AIRFLOW_CTX_EXECUTION_DATE=2021-02-26T00:00:00+00:00
AIRFLOW_CTX_DAG_RUN_ID=scheduled__2021-02-26T00:00:00+00:00
[2021-03-01 20:26:27,599] {http.py:106} INFO - Calling HTTP method
[2021-03-01 20:26:27,602] {base.py:74} INFO - Using connection to: id: user_api. Host: https://randomuser.me/, Port: None, Schema: , Login: , Password: None, extra: None
[2021-03-01 20:26:27,603] {http.py:140} INFO - Sending 'GET' to url: https://randomuser.me/api/
[2021-03-01 20:26:27,677] {http.py:110} INFO - {"results":[{"gender":"female","name":{"title":"Mrs","first":"Nalan","last":"Bolatlı"},"location":{"street":{"number":5763,"name":"Abanoz Sk"},"city":"Bingöl","state":"Çanakkale","country":"Turkey","postcode":64854,"coordinates":{"latitude":"76.9019","longitude":"174.5084"},"timezone":{"offset":"-4:00","description":"Atlantic Time (Canada), Caracas, La Paz"}},"email":"nalan.bolatli@example.com","login":{"uuid":"b3949623-9caa-4238-b301-b81dce5f3f9f","username":"beautifulpanda567","password":"0123456","salt":"XPPinFom","md5":"4ce88821ab20aabba72962404ab7e45f","sha1":"99395e6ca59c4ae37b2e1e509143a4116abdc56d","sha256":"26f208a9f375634635175478ecd0cc665e03ab626b8c0d6eced3e8c965416160"},"dob":{"date":"1948-03-09T18:17:58.578Z","age":73},"registered":{"date":"2016-10-28T03:23:37.185Z","age":5},"phone":"(939)-295-9088","cell":"(498)-712-6878","id":{"name":"","value":null},"picture":{"large":"https://randomuser.me/api/portraits/women/74.jpg","medium":"https://randomuser.me/api/portraits/med/women/74.jpg","thumbnail":"https://randomuser.me/api/portraits/thumb/women/74.jpg"},"nat":"TR"}],"info":{"seed":"aa7b9540b861a588","results":1,"page":1,"version":"1.3"}}
[2021-03-01 20:26:27,690] {taskinstance.py:1142} INFO - Marking task as SUCCESS. dag_id=user_processing, task_id=user_extraction, execution_date=20210226T000000, start_date=20210302T012627, end_date=20210302T012627
[2021-03-01 20:26:27,709] {taskinstance.py:1195} INFO - 1 downstream tasks scheduled from follow-on schedule check
[2021-03-01 20:26:27,716] {local_task_job.py:118} INFO - Task exited with return code 0
