[2021-03-01 20:36:15,824] {taskinstance.py:826} INFO - Dependencies all met for <TaskInstance: user_processing.user_extraction 2020-01-08T00:00:00+00:00 [queued]>
[2021-03-01 20:36:15,830] {taskinstance.py:826} INFO - Dependencies all met for <TaskInstance: user_processing.user_extraction 2020-01-08T00:00:00+00:00 [queued]>
[2021-03-01 20:36:15,830] {taskinstance.py:1017} INFO - 
--------------------------------------------------------------------------------
[2021-03-01 20:36:15,830] {taskinstance.py:1018} INFO - Starting attempt 1 of 1
[2021-03-01 20:36:15,830] {taskinstance.py:1019} INFO - 
--------------------------------------------------------------------------------
[2021-03-01 20:36:15,839] {taskinstance.py:1038} INFO - Executing <Task(SimpleHttpOperator): user_extraction> on 2020-01-08T00:00:00+00:00
[2021-03-01 20:36:15,846] {standard_task_runner.py:51} INFO - Started process 236035 to run task
[2021-03-01 20:36:15,854] {standard_task_runner.py:75} INFO - Running: ['airflow', 'tasks', 'run', 'user_processing', 'user_extraction', '2020-01-08T00:00:00+00:00', '--job-id', '85', '--pool', 'default_pool', '--raw', '--subdir', 'DAGS_FOLDER/user_processing.py', '--cfg-path', '/tmp/tmp3hl9apu4']
[2021-03-01 20:36:15,855] {standard_task_runner.py:76} INFO - Job 85: Subtask user_extraction
[2021-03-01 20:36:15,893] {logging_mixin.py:103} INFO - Running <TaskInstance: user_processing.user_extraction 2020-01-08T00:00:00+00:00 [running]> on host pop-os.localdomain
[2021-03-01 20:36:15,915] {taskinstance.py:1232} INFO - Exporting the following env vars:
AIRFLOW_CTX_DAG_OWNER=airflow
AIRFLOW_CTX_DAG_ID=user_processing
AIRFLOW_CTX_TASK_ID=user_extraction
AIRFLOW_CTX_EXECUTION_DATE=2020-01-08T00:00:00+00:00
AIRFLOW_CTX_DAG_RUN_ID=scheduled__2020-01-08T00:00:00+00:00
[2021-03-01 20:36:15,915] {http.py:106} INFO - Calling HTTP method
[2021-03-01 20:36:15,917] {base.py:74} INFO - Using connection to: id: user_api. Host: https://randomuser.me/, Port: None, Schema: , Login: , Password: None, extra: None
[2021-03-01 20:36:15,919] {http.py:140} INFO - Sending 'GET' to url: https://randomuser.me/api/
[2021-03-01 20:36:16,016] {http.py:110} INFO - {"results":[{"gender":"male","name":{"title":"Mr","first":"Randall","last":"Kelly"},"location":{"street":{"number":2096,"name":"Royal Ln"},"city":"Maitland","state":"Queensland","country":"Australia","postcode":2428,"coordinates":{"latitude":"-89.2800","longitude":"-26.7301"},"timezone":{"offset":"+2:00","description":"Kaliningrad, South Africa"}},"email":"randall.kelly@example.com","login":{"uuid":"c783b97b-2a45-4a2d-8fdc-ec649155af52","username":"ticklishpeacock902","password":"ventura","salt":"jPsuNj1c","md5":"5f74b25b6db042b0b2f1e9ddc2c79dac","sha1":"db98fbe2df5c559ec0006f6dd43bcfc5b401e910","sha256":"25eb3d0d91c7de1bb01ccbdc703294d8c95b190a7d18e1956874c046e7e82ca6"},"dob":{"date":"1986-08-22T07:36:35.567Z","age":35},"registered":{"date":"2009-10-07T01:37:10.747Z","age":12},"phone":"06-0336-9313","cell":"0489-056-105","id":{"name":"TFN","value":"099552855"},"picture":{"large":"https://randomuser.me/api/portraits/men/29.jpg","medium":"https://randomuser.me/api/portraits/med/men/29.jpg","thumbnail":"https://randomuser.me/api/portraits/thumb/men/29.jpg"},"nat":"AU"}],"info":{"seed":"44614ba57a99e8ed","results":1,"page":1,"version":"1.3"}}
[2021-03-01 20:36:16,046] {taskinstance.py:1142} INFO - Marking task as SUCCESS. dag_id=user_processing, task_id=user_extraction, execution_date=20200108T000000, start_date=20210302T013615, end_date=20210302T013616
[2021-03-01 20:36:16,086] {taskinstance.py:1195} INFO - 1 downstream tasks scheduled from follow-on schedule check
[2021-03-01 20:36:16,103] {local_task_job.py:118} INFO - Task exited with return code 0
