[2021-03-01 20:36:53,304] {taskinstance.py:826} INFO - Dependencies all met for <TaskInstance: user_processing.user_extraction 2020-01-14T00:00:00+00:00 [queued]>
[2021-03-01 20:36:53,309] {taskinstance.py:826} INFO - Dependencies all met for <TaskInstance: user_processing.user_extraction 2020-01-14T00:00:00+00:00 [queued]>
[2021-03-01 20:36:53,309] {taskinstance.py:1017} INFO - 
--------------------------------------------------------------------------------
[2021-03-01 20:36:53,309] {taskinstance.py:1018} INFO - Starting attempt 1 of 1
[2021-03-01 20:36:53,309] {taskinstance.py:1019} INFO - 
--------------------------------------------------------------------------------
[2021-03-01 20:36:53,317] {taskinstance.py:1038} INFO - Executing <Task(SimpleHttpOperator): user_extraction> on 2020-01-14T00:00:00+00:00
[2021-03-01 20:36:53,320] {standard_task_runner.py:51} INFO - Started process 236827 to run task
[2021-03-01 20:36:53,322] {standard_task_runner.py:75} INFO - Running: ['airflow', 'tasks', 'run', 'user_processing', 'user_extraction', '2020-01-14T00:00:00+00:00', '--job-id', '115', '--pool', 'default_pool', '--raw', '--subdir', 'DAGS_FOLDER/user_processing.py', '--cfg-path', '/tmp/tmp91b0f532']
[2021-03-01 20:36:53,323] {standard_task_runner.py:76} INFO - Job 115: Subtask user_extraction
[2021-03-01 20:36:53,345] {logging_mixin.py:103} INFO - Running <TaskInstance: user_processing.user_extraction 2020-01-14T00:00:00+00:00 [running]> on host pop-os.localdomain
[2021-03-01 20:36:53,370] {taskinstance.py:1232} INFO - Exporting the following env vars:
AIRFLOW_CTX_DAG_OWNER=airflow
AIRFLOW_CTX_DAG_ID=user_processing
AIRFLOW_CTX_TASK_ID=user_extraction
AIRFLOW_CTX_EXECUTION_DATE=2020-01-14T00:00:00+00:00
AIRFLOW_CTX_DAG_RUN_ID=scheduled__2020-01-14T00:00:00+00:00
[2021-03-01 20:36:53,370] {http.py:106} INFO - Calling HTTP method
[2021-03-01 20:36:53,376] {base.py:74} INFO - Using connection to: id: user_api. Host: https://randomuser.me/, Port: None, Schema: , Login: , Password: None, extra: None
[2021-03-01 20:36:53,378] {http.py:140} INFO - Sending 'GET' to url: https://randomuser.me/api/
[2021-03-01 20:36:53,471] {http.py:110} INFO - {"results":[{"gender":"male","name":{"title":"Mr","first":"Necati","last":"Bakırcıoğlu"},"location":{"street":{"number":9051,"name":"Anafartalar Cd"},"city":"Karabük","state":"Antalya","country":"Turkey","postcode":67314,"coordinates":{"latitude":"70.2574","longitude":"-135.8420"},"timezone":{"offset":"+6:00","description":"Almaty, Dhaka, Colombo"}},"email":"necati.bakircioglu@example.com","login":{"uuid":"b2ce1f1a-c884-45ea-bcda-c0449be55cf5","username":"smallmouse799","password":"sandro","salt":"VHHsu6O7","md5":"e8a735b59cb9d833cf94e75bee42b469","sha1":"a5acdd67cf1824f13cf2b09fdf5b595b378214ef","sha256":"c45e6d48b0c59ee6db62d9633369e3e266b0ee0cd889672df73d7afdc7c92887"},"dob":{"date":"1946-02-14T09:41:39.092Z","age":75},"registered":{"date":"2007-06-04T13:37:19.254Z","age":14},"phone":"(578)-337-9366","cell":"(781)-712-0563","id":{"name":"","value":null},"picture":{"large":"https://randomuser.me/api/portraits/men/27.jpg","medium":"https://randomuser.me/api/portraits/med/men/27.jpg","thumbnail":"https://randomuser.me/api/portraits/thumb/men/27.jpg"},"nat":"TR"}],"info":{"seed":"cbce145bd3e47a7a","results":1,"page":1,"version":"1.3"}}
[2021-03-01 20:36:53,489] {taskinstance.py:1142} INFO - Marking task as SUCCESS. dag_id=user_processing, task_id=user_extraction, execution_date=20200114T000000, start_date=20210302T013653, end_date=20210302T013653
[2021-03-01 20:36:53,525] {taskinstance.py:1195} INFO - 1 downstream tasks scheduled from follow-on schedule check
[2021-03-01 20:36:53,534] {local_task_job.py:118} INFO - Task exited with return code 0
