[2021-03-01 21:00:04,498] {taskinstance.py:826} INFO - Dependencies all met for <TaskInstance: user_processing.user_extraction 2020-08-26T00:00:00+00:00 [queued]>
[2021-03-01 21:00:04,503] {taskinstance.py:826} INFO - Dependencies all met for <TaskInstance: user_processing.user_extraction 2020-08-26T00:00:00+00:00 [queued]>
[2021-03-01 21:00:04,503] {taskinstance.py:1017} INFO - 
--------------------------------------------------------------------------------
[2021-03-01 21:00:04,503] {taskinstance.py:1018} INFO - Starting attempt 1 of 1
[2021-03-01 21:00:04,503] {taskinstance.py:1019} INFO - 
--------------------------------------------------------------------------------
[2021-03-01 21:00:04,511] {taskinstance.py:1038} INFO - Executing <Task(SimpleHttpOperator): user_extraction> on 2020-08-26T00:00:00+00:00
[2021-03-01 21:00:04,513] {standard_task_runner.py:51} INFO - Started process 264810 to run task
[2021-03-01 21:00:04,516] {standard_task_runner.py:75} INFO - Running: ['airflow', 'tasks', 'run', 'user_processing', 'user_extraction', '2020-08-26T00:00:00+00:00', '--job-id', '1240', '--pool', 'default_pool', '--raw', '--subdir', 'DAGS_FOLDER/user_processing.py', '--cfg-path', '/tmp/tmpaqaitjrg']
[2021-03-01 21:00:04,516] {standard_task_runner.py:76} INFO - Job 1240: Subtask user_extraction
[2021-03-01 21:00:04,536] {logging_mixin.py:103} INFO - Running <TaskInstance: user_processing.user_extraction 2020-08-26T00:00:00+00:00 [running]> on host pop-os.localdomain
[2021-03-01 21:00:04,558] {taskinstance.py:1232} INFO - Exporting the following env vars:
AIRFLOW_CTX_DAG_OWNER=airflow
AIRFLOW_CTX_DAG_ID=user_processing
AIRFLOW_CTX_TASK_ID=user_extraction
AIRFLOW_CTX_EXECUTION_DATE=2020-08-26T00:00:00+00:00
AIRFLOW_CTX_DAG_RUN_ID=scheduled__2020-08-26T00:00:00+00:00
[2021-03-01 21:00:04,558] {http.py:106} INFO - Calling HTTP method
[2021-03-01 21:00:04,560] {base.py:74} INFO - Using connection to: id: user_api. Host: https://randomuser.me/, Port: None, Schema: , Login: , Password: None, extra: None
[2021-03-01 21:00:04,561] {http.py:140} INFO - Sending 'GET' to url: https://randomuser.me/api/
[2021-03-01 21:00:04,648] {http.py:110} INFO - {"results":[{"gender":"female","name":{"title":"Mademoiselle","first":"Ruth","last":"Lecomte"},"location":{"street":{"number":5689,"name":"Rue de Bonnel"},"city":"Dürrenroth","state":"Luzern","country":"Switzerland","postcode":9816,"coordinates":{"latitude":"-52.9836","longitude":"134.4659"},"timezone":{"offset":"+9:00","description":"Tokyo, Seoul, Osaka, Sapporo, Yakutsk"}},"email":"ruth.lecomte@example.com","login":{"uuid":"d8ee9736-9854-40c1-875b-83af32f4bb47","username":"sadleopard290","password":"eastwood","salt":"FvqaWgrB","md5":"289d06126abaa0aa72d542ff22f65a49","sha1":"31a0f8de2d3cb3ab59427b6b5a522f3fbcb197d7","sha256":"fc39bd4e97d516f35e0ea99ac141a30f3c7d0c90c1d2a014779ca190a6c9fe05"},"dob":{"date":"1978-08-17T13:15:05.053Z","age":43},"registered":{"date":"2019-08-10T19:40:53.843Z","age":2},"phone":"076 772 44 07","cell":"076 297 73 46","id":{"name":"AVS","value":"756.9302.0853.75"},"picture":{"large":"https://randomuser.me/api/portraits/women/18.jpg","medium":"https://randomuser.me/api/portraits/med/women/18.jpg","thumbnail":"https://randomuser.me/api/portraits/thumb/women/18.jpg"},"nat":"CH"}],"info":{"seed":"266776ed6ac81075","results":1,"page":1,"version":"1.3"}}
[2021-03-01 21:00:04,661] {taskinstance.py:1142} INFO - Marking task as SUCCESS. dag_id=user_processing, task_id=user_extraction, execution_date=20200826T000000, start_date=20210302T020004, end_date=20210302T020004
[2021-03-01 21:00:04,682] {taskinstance.py:1195} INFO - 1 downstream tasks scheduled from follow-on schedule check
[2021-03-01 21:00:04,687] {local_task_job.py:118} INFO - Task exited with return code 0
