[2021-03-01 20:48:20,379] {taskinstance.py:826} INFO - Dependencies all met for <TaskInstance: user_processing.user_extraction 2020-05-03T00:00:00+00:00 [queued]>
[2021-03-01 20:48:20,383] {taskinstance.py:826} INFO - Dependencies all met for <TaskInstance: user_processing.user_extraction 2020-05-03T00:00:00+00:00 [queued]>
[2021-03-01 20:48:20,383] {taskinstance.py:1017} INFO - 
--------------------------------------------------------------------------------
[2021-03-01 20:48:20,383] {taskinstance.py:1018} INFO - Starting attempt 1 of 1
[2021-03-01 20:48:20,383] {taskinstance.py:1019} INFO - 
--------------------------------------------------------------------------------
[2021-03-01 20:48:20,391] {taskinstance.py:1038} INFO - Executing <Task(SimpleHttpOperator): user_extraction> on 2020-05-03T00:00:00+00:00
[2021-03-01 20:48:20,393] {standard_task_runner.py:51} INFO - Started process 250369 to run task
[2021-03-01 20:48:20,396] {standard_task_runner.py:75} INFO - Running: ['airflow', 'tasks', 'run', 'user_processing', 'user_extraction', '2020-05-03T00:00:00+00:00', '--job-id', '665', '--pool', 'default_pool', '--raw', '--subdir', 'DAGS_FOLDER/user_processing.py', '--cfg-path', '/tmp/tmperx6bcyv']
[2021-03-01 20:48:20,396] {standard_task_runner.py:76} INFO - Job 665: Subtask user_extraction
[2021-03-01 20:48:20,417] {logging_mixin.py:103} INFO - Running <TaskInstance: user_processing.user_extraction 2020-05-03T00:00:00+00:00 [running]> on host pop-os.localdomain
[2021-03-01 20:48:20,449] {taskinstance.py:1232} INFO - Exporting the following env vars:
AIRFLOW_CTX_DAG_OWNER=airflow
AIRFLOW_CTX_DAG_ID=user_processing
AIRFLOW_CTX_TASK_ID=user_extraction
AIRFLOW_CTX_EXECUTION_DATE=2020-05-03T00:00:00+00:00
AIRFLOW_CTX_DAG_RUN_ID=scheduled__2020-05-03T00:00:00+00:00
[2021-03-01 20:48:20,449] {http.py:106} INFO - Calling HTTP method
[2021-03-01 20:48:20,451] {base.py:74} INFO - Using connection to: id: user_api. Host: https://randomuser.me/, Port: None, Schema: , Login: , Password: None, extra: None
[2021-03-01 20:48:20,453] {http.py:140} INFO - Sending 'GET' to url: https://randomuser.me/api/
[2021-03-01 20:48:20,558] {http.py:110} INFO - {"results":[{"gender":"male","name":{"title":"Mr","first":"Emile","last":"Lo"},"location":{"street":{"number":1529,"name":"York St"},"city":"Jasper","state":"Ontario","country":"Canada","postcode":"K1Z 9N4","coordinates":{"latitude":"-58.5496","longitude":"-155.8171"},"timezone":{"offset":"+4:30","description":"Kabul"}},"email":"emile.lo@example.com","login":{"uuid":"49a2f7ae-4aeb-4086-ac7c-011b35e2d3f0","username":"heavyrabbit101","password":"sanity72","salt":"qN3RbGyk","md5":"ab3b5b8f5086fdf3131d7a73405c6937","sha1":"9106d410206fdbeebc9f981c18e727ad7e9b7774","sha256":"97d80360a1dd32160818c793cd319602a844fe5cdf48405a91cee8229dd6bcda"},"dob":{"date":"1949-10-21T17:37:03.916Z","age":72},"registered":{"date":"2003-07-12T15:01:20.479Z","age":18},"phone":"239-181-9048","cell":"292-023-7978","id":{"name":"","value":null},"picture":{"large":"https://randomuser.me/api/portraits/men/69.jpg","medium":"https://randomuser.me/api/portraits/med/men/69.jpg","thumbnail":"https://randomuser.me/api/portraits/thumb/men/69.jpg"},"nat":"CA"}],"info":{"seed":"95a25954c3b35f4f","results":1,"page":1,"version":"1.3"}}
[2021-03-01 20:48:20,571] {taskinstance.py:1142} INFO - Marking task as SUCCESS. dag_id=user_processing, task_id=user_extraction, execution_date=20200503T000000, start_date=20210302T014820, end_date=20210302T014820
[2021-03-01 20:48:20,589] {taskinstance.py:1195} INFO - 1 downstream tasks scheduled from follow-on schedule check
[2021-03-01 20:48:20,607] {local_task_job.py:118} INFO - Task exited with return code 0
