[2021-03-01 20:55:13,303] {taskinstance.py:826} INFO - Dependencies all met for <TaskInstance: user_processing.user_extraction 2020-07-08T00:00:00+00:00 [queued]>
[2021-03-01 20:55:13,307] {taskinstance.py:826} INFO - Dependencies all met for <TaskInstance: user_processing.user_extraction 2020-07-08T00:00:00+00:00 [queued]>
[2021-03-01 20:55:13,307] {taskinstance.py:1017} INFO - 
--------------------------------------------------------------------------------
[2021-03-01 20:55:13,307] {taskinstance.py:1018} INFO - Starting attempt 1 of 1
[2021-03-01 20:55:13,307] {taskinstance.py:1019} INFO - 
--------------------------------------------------------------------------------
[2021-03-01 20:55:13,315] {taskinstance.py:1038} INFO - Executing <Task(SimpleHttpOperator): user_extraction> on 2020-07-08T00:00:00+00:00
[2021-03-01 20:55:13,317] {standard_task_runner.py:51} INFO - Started process 258896 to run task
[2021-03-01 20:55:13,320] {standard_task_runner.py:75} INFO - Running: ['airflow', 'tasks', 'run', 'user_processing', 'user_extraction', '2020-07-08T00:00:00+00:00', '--job-id', '995', '--pool', 'default_pool', '--raw', '--subdir', 'DAGS_FOLDER/user_processing.py', '--cfg-path', '/tmp/tmpoz2j7ab4']
[2021-03-01 20:55:13,320] {standard_task_runner.py:76} INFO - Job 995: Subtask user_extraction
[2021-03-01 20:55:13,340] {logging_mixin.py:103} INFO - Running <TaskInstance: user_processing.user_extraction 2020-07-08T00:00:00+00:00 [running]> on host pop-os.localdomain
[2021-03-01 20:55:13,363] {taskinstance.py:1232} INFO - Exporting the following env vars:
AIRFLOW_CTX_DAG_OWNER=airflow
AIRFLOW_CTX_DAG_ID=user_processing
AIRFLOW_CTX_TASK_ID=user_extraction
AIRFLOW_CTX_EXECUTION_DATE=2020-07-08T00:00:00+00:00
AIRFLOW_CTX_DAG_RUN_ID=scheduled__2020-07-08T00:00:00+00:00
[2021-03-01 20:55:13,363] {http.py:106} INFO - Calling HTTP method
[2021-03-01 20:55:13,365] {base.py:74} INFO - Using connection to: id: user_api. Host: https://randomuser.me/, Port: None, Schema: , Login: , Password: None, extra: None
[2021-03-01 20:55:13,367] {http.py:140} INFO - Sending 'GET' to url: https://randomuser.me/api/
[2021-03-01 20:55:13,480] {http.py:110} INFO - {"results":[{"gender":"male","name":{"title":"Mr","first":"Aapo","last":"Kemppainen"},"location":{"street":{"number":6690,"name":"Mannerheimintie"},"city":"Kinnula","state":"North Karelia","country":"Finland","postcode":70820,"coordinates":{"latitude":"-5.6364","longitude":"-14.2544"},"timezone":{"offset":"+5:00","description":"Ekaterinburg, Islamabad, Karachi, Tashkent"}},"email":"aapo.kemppainen@example.com","login":{"uuid":"04aa555a-94a8-4191-8b14-12356c837711","username":"beautifulfish191","password":"platinum","salt":"JrQHgJfd","md5":"572eaa25ec248de8906734aa69cb0ce4","sha1":"679e844daf4d137047f3aea35153abb16abdb47d","sha256":"fa24f3a6866ec555d93cacc8c4c8e427e8561626e26c713a644aa1c95b802a8a"},"dob":{"date":"1954-04-29T08:51:39.269Z","age":67},"registered":{"date":"2006-02-04T11:33:06.063Z","age":15},"phone":"05-752-440","cell":"041-767-53-41","id":{"name":"HETU","value":"NaNNA133undefined"},"picture":{"large":"https://randomuser.me/api/portraits/men/36.jpg","medium":"https://randomuser.me/api/portraits/med/men/36.jpg","thumbnail":"https://randomuser.me/api/portraits/thumb/men/36.jpg"},"nat":"FI"}],"info":{"seed":"c5f524bd43470631","results":1,"page":1,"version":"1.3"}}
[2021-03-01 20:55:13,492] {taskinstance.py:1142} INFO - Marking task as SUCCESS. dag_id=user_processing, task_id=user_extraction, execution_date=20200708T000000, start_date=20210302T015513, end_date=20210302T015513
[2021-03-01 20:55:13,508] {taskinstance.py:1195} INFO - 1 downstream tasks scheduled from follow-on schedule check
[2021-03-01 20:55:13,531] {local_task_job.py:118} INFO - Task exited with return code 0
