[2021-03-01 20:42:04,474] {taskinstance.py:826} INFO - Dependencies all met for <TaskInstance: user_processing.user_extraction 2020-03-04T00:00:00+00:00 [queued]>
[2021-03-01 20:42:04,480] {taskinstance.py:826} INFO - Dependencies all met for <TaskInstance: user_processing.user_extraction 2020-03-04T00:00:00+00:00 [queued]>
[2021-03-01 20:42:04,480] {taskinstance.py:1017} INFO - 
--------------------------------------------------------------------------------
[2021-03-01 20:42:04,480] {taskinstance.py:1018} INFO - Starting attempt 1 of 1
[2021-03-01 20:42:04,480] {taskinstance.py:1019} INFO - 
--------------------------------------------------------------------------------
[2021-03-01 20:42:04,488] {taskinstance.py:1038} INFO - Executing <Task(SimpleHttpOperator): user_extraction> on 2020-03-04T00:00:00+00:00
[2021-03-01 20:42:04,492] {standard_task_runner.py:51} INFO - Started process 242924 to run task
[2021-03-01 20:42:04,494] {standard_task_runner.py:75} INFO - Running: ['airflow', 'tasks', 'run', 'user_processing', 'user_extraction', '2020-03-04T00:00:00+00:00', '--job-id', '365', '--pool', 'default_pool', '--raw', '--subdir', 'DAGS_FOLDER/user_processing.py', '--cfg-path', '/tmp/tmphyvql1c8']
[2021-03-01 20:42:04,494] {standard_task_runner.py:76} INFO - Job 365: Subtask user_extraction
[2021-03-01 20:42:04,514] {logging_mixin.py:103} INFO - Running <TaskInstance: user_processing.user_extraction 2020-03-04T00:00:00+00:00 [running]> on host pop-os.localdomain
[2021-03-01 20:42:04,539] {taskinstance.py:1232} INFO - Exporting the following env vars:
AIRFLOW_CTX_DAG_OWNER=airflow
AIRFLOW_CTX_DAG_ID=user_processing
AIRFLOW_CTX_TASK_ID=user_extraction
AIRFLOW_CTX_EXECUTION_DATE=2020-03-04T00:00:00+00:00
AIRFLOW_CTX_DAG_RUN_ID=scheduled__2020-03-04T00:00:00+00:00
[2021-03-01 20:42:04,540] {http.py:106} INFO - Calling HTTP method
[2021-03-01 20:42:04,543] {base.py:74} INFO - Using connection to: id: user_api. Host: https://randomuser.me/, Port: None, Schema: , Login: , Password: None, extra: None
[2021-03-01 20:42:04,544] {http.py:140} INFO - Sending 'GET' to url: https://randomuser.me/api/
[2021-03-01 20:42:04,621] {http.py:110} INFO - {"results":[{"gender":"male","name":{"title":"Mr","first":"Milton","last":"Gordon"},"location":{"street":{"number":9744,"name":"Highfield Road"},"city":"Lisburn","state":"Buckinghamshire","country":"United Kingdom","postcode":"KL30 8YA","coordinates":{"latitude":"6.6265","longitude":"-141.9214"},"timezone":{"offset":"+2:00","description":"Kaliningrad, South Africa"}},"email":"milton.gordon@example.com","login":{"uuid":"b58f471a-7c8d-4a1d-8423-f4a2ba3bc3e7","username":"blackduck972","password":"corinne","salt":"BYGZQg1a","md5":"06e6377688b9e6b958705caf70fb199c","sha1":"1dc855f186d4fb47942dd59e4fa0377067244019","sha256":"fc5faa28c06a36aee3286ab2aaa7a9136d30910c326bc3adc85eaeb7ceca5263"},"dob":{"date":"1959-06-05T07:10:37.283Z","age":62},"registered":{"date":"2013-12-24T22:37:54.025Z","age":8},"phone":"016977 69865","cell":"0764-918-723","id":{"name":"NINO","value":"GY 03 70 08 C"},"picture":{"large":"https://randomuser.me/api/portraits/men/18.jpg","medium":"https://randomuser.me/api/portraits/med/men/18.jpg","thumbnail":"https://randomuser.me/api/portraits/thumb/men/18.jpg"},"nat":"GB"}],"info":{"seed":"e781d5b90a34a695","results":1,"page":1,"version":"1.3"}}
[2021-03-01 20:42:04,640] {taskinstance.py:1142} INFO - Marking task as SUCCESS. dag_id=user_processing, task_id=user_extraction, execution_date=20200304T000000, start_date=20210302T014204, end_date=20210302T014204
[2021-03-01 20:42:04,664] {taskinstance.py:1195} INFO - 1 downstream tasks scheduled from follow-on schedule check
[2021-03-01 20:42:04,706] {local_task_job.py:118} INFO - Task exited with return code 0
