[2021-03-01 20:44:31,833] {taskinstance.py:826} INFO - Dependencies all met for <TaskInstance: user_processing.user_extraction 2020-03-28T00:00:00+00:00 [queued]>
[2021-03-01 20:44:31,839] {taskinstance.py:826} INFO - Dependencies all met for <TaskInstance: user_processing.user_extraction 2020-03-28T00:00:00+00:00 [queued]>
[2021-03-01 20:44:31,839] {taskinstance.py:1017} INFO - 
--------------------------------------------------------------------------------
[2021-03-01 20:44:31,839] {taskinstance.py:1018} INFO - Starting attempt 1 of 1
[2021-03-01 20:44:31,839] {taskinstance.py:1019} INFO - 
--------------------------------------------------------------------------------
[2021-03-01 20:44:31,847] {taskinstance.py:1038} INFO - Executing <Task(SimpleHttpOperator): user_extraction> on 2020-03-28T00:00:00+00:00
[2021-03-01 20:44:31,850] {standard_task_runner.py:51} INFO - Started process 245841 to run task
[2021-03-01 20:44:31,852] {standard_task_runner.py:75} INFO - Running: ['airflow', 'tasks', 'run', 'user_processing', 'user_extraction', '2020-03-28T00:00:00+00:00', '--job-id', '485', '--pool', 'default_pool', '--raw', '--subdir', 'DAGS_FOLDER/user_processing.py', '--cfg-path', '/tmp/tmpq7o9y5at']
[2021-03-01 20:44:31,853] {standard_task_runner.py:76} INFO - Job 485: Subtask user_extraction
[2021-03-01 20:44:31,874] {logging_mixin.py:103} INFO - Running <TaskInstance: user_processing.user_extraction 2020-03-28T00:00:00+00:00 [running]> on host pop-os.localdomain
[2021-03-01 20:44:31,898] {taskinstance.py:1232} INFO - Exporting the following env vars:
AIRFLOW_CTX_DAG_OWNER=airflow
AIRFLOW_CTX_DAG_ID=user_processing
AIRFLOW_CTX_TASK_ID=user_extraction
AIRFLOW_CTX_EXECUTION_DATE=2020-03-28T00:00:00+00:00
AIRFLOW_CTX_DAG_RUN_ID=scheduled__2020-03-28T00:00:00+00:00
[2021-03-01 20:44:31,899] {http.py:106} INFO - Calling HTTP method
[2021-03-01 20:44:31,901] {base.py:74} INFO - Using connection to: id: user_api. Host: https://randomuser.me/, Port: None, Schema: , Login: , Password: None, extra: None
[2021-03-01 20:44:31,903] {http.py:140} INFO - Sending 'GET' to url: https://randomuser.me/api/
[2021-03-01 20:44:32,013] {http.py:110} INFO - {"results":[{"gender":"male","name":{"title":"Mr","first":"Edouard","last":"Duval"},"location":{"street":{"number":4011,"name":"Rue Gasparin"},"city":"Vitry-sur-Seine","state":"Aude","country":"France","postcode":48892,"coordinates":{"latitude":"-0.7525","longitude":"-163.6981"},"timezone":{"offset":"+5:30","description":"Bombay, Calcutta, Madras, New Delhi"}},"email":"edouard.duval@example.com","login":{"uuid":"34b6ef16-d322-4181-9a72-5bda150268c0","username":"heavydog424","password":"musica","salt":"2pklfFgK","md5":"40b07e37163aba554ddd94125070fb4e","sha1":"17629ce6bfac9927707a779d1e25bb28d0cba0cd","sha256":"764610ae42f666f8650c51316449e4587ffe210be5045a01cbe6606308a3ada0"},"dob":{"date":"1982-04-25T08:57:27.447Z","age":39},"registered":{"date":"2016-10-31T11:45:23.937Z","age":5},"phone":"01-30-13-57-01","cell":"06-89-89-84-78","id":{"name":"INSEE","value":"1NNaN53240950 31"},"picture":{"large":"https://randomuser.me/api/portraits/men/66.jpg","medium":"https://randomuser.me/api/portraits/med/men/66.jpg","thumbnail":"https://randomuser.me/api/portraits/thumb/men/66.jpg"},"nat":"FR"}],"info":{"seed":"0109a549bd81cb23","results":1,"page":1,"version":"1.3"}}
[2021-03-01 20:44:32,023] {taskinstance.py:1142} INFO - Marking task as SUCCESS. dag_id=user_processing, task_id=user_extraction, execution_date=20200328T000000, start_date=20210302T014431, end_date=20210302T014432
[2021-03-01 20:44:32,040] {taskinstance.py:1195} INFO - 1 downstream tasks scheduled from follow-on schedule check
[2021-03-01 20:44:32,063] {local_task_job.py:118} INFO - Task exited with return code 0
