[2021-03-01 20:52:14,568] {taskinstance.py:826} INFO - Dependencies all met for <TaskInstance: user_processing.user_extraction 2020-06-08T00:00:00+00:00 [queued]>
[2021-03-01 20:52:14,573] {taskinstance.py:826} INFO - Dependencies all met for <TaskInstance: user_processing.user_extraction 2020-06-08T00:00:00+00:00 [queued]>
[2021-03-01 20:52:14,573] {taskinstance.py:1017} INFO - 
--------------------------------------------------------------------------------
[2021-03-01 20:52:14,573] {taskinstance.py:1018} INFO - Starting attempt 1 of 1
[2021-03-01 20:52:14,573] {taskinstance.py:1019} INFO - 
--------------------------------------------------------------------------------
[2021-03-01 20:52:14,581] {taskinstance.py:1038} INFO - Executing <Task(SimpleHttpOperator): user_extraction> on 2020-06-08T00:00:00+00:00
[2021-03-01 20:52:14,583] {standard_task_runner.py:51} INFO - Started process 255319 to run task
[2021-03-01 20:52:14,586] {standard_task_runner.py:75} INFO - Running: ['airflow', 'tasks', 'run', 'user_processing', 'user_extraction', '2020-06-08T00:00:00+00:00', '--job-id', '845', '--pool', 'default_pool', '--raw', '--subdir', 'DAGS_FOLDER/user_processing.py', '--cfg-path', '/tmp/tmpyurddopu']
[2021-03-01 20:52:14,586] {standard_task_runner.py:76} INFO - Job 845: Subtask user_extraction
[2021-03-01 20:52:14,606] {logging_mixin.py:103} INFO - Running <TaskInstance: user_processing.user_extraction 2020-06-08T00:00:00+00:00 [running]> on host pop-os.localdomain
[2021-03-01 20:52:14,631] {taskinstance.py:1232} INFO - Exporting the following env vars:
AIRFLOW_CTX_DAG_OWNER=airflow
AIRFLOW_CTX_DAG_ID=user_processing
AIRFLOW_CTX_TASK_ID=user_extraction
AIRFLOW_CTX_EXECUTION_DATE=2020-06-08T00:00:00+00:00
AIRFLOW_CTX_DAG_RUN_ID=scheduled__2020-06-08T00:00:00+00:00
[2021-03-01 20:52:14,631] {http.py:106} INFO - Calling HTTP method
[2021-03-01 20:52:14,634] {base.py:74} INFO - Using connection to: id: user_api. Host: https://randomuser.me/, Port: None, Schema: , Login: , Password: None, extra: None
[2021-03-01 20:52:14,635] {http.py:140} INFO - Sending 'GET' to url: https://randomuser.me/api/
[2021-03-01 20:52:14,724] {http.py:110} INFO - {"results":[{"gender":"female","name":{"title":"Madame","first":"Corinne","last":"Rousseau"},"location":{"street":{"number":218,"name":"Rue Paul-Duvivier"},"city":"Burgistein","state":"Solothurn","country":"Switzerland","postcode":5615,"coordinates":{"latitude":"-50.2166","longitude":"3.5368"},"timezone":{"offset":"-8:00","description":"Pacific Time (US & Canada)"}},"email":"corinne.rousseau@example.com","login":{"uuid":"3eb20f2a-01c9-490b-a369-f7051f8a9f81","username":"orangewolf496","password":"hannibal","salt":"gWILcRin","md5":"729cda58e7123571c1b14b8efe6b1102","sha1":"f451e5d42a7a48c8c8efb3ea624b301ecaa59359","sha256":"a07063a29bfbe27396d83fa6ac78ee32a4d3e1771c3d398b8e87c3fa6bcbda3e"},"dob":{"date":"1946-01-07T20:27:29.228Z","age":75},"registered":{"date":"2007-11-20T05:52:41.138Z","age":14},"phone":"078 695 02 27","cell":"078 497 98 06","id":{"name":"AVS","value":"756.2282.2895.15"},"picture":{"large":"https://randomuser.me/api/portraits/women/6.jpg","medium":"https://randomuser.me/api/portraits/med/women/6.jpg","thumbnail":"https://randomuser.me/api/portraits/thumb/women/6.jpg"},"nat":"CH"}],"info":{"seed":"fccfcb0a4b308230","results":1,"page":1,"version":"1.3"}}
[2021-03-01 20:52:14,753] {taskinstance.py:1142} INFO - Marking task as SUCCESS. dag_id=user_processing, task_id=user_extraction, execution_date=20200608T000000, start_date=20210302T015214, end_date=20210302T015214
[2021-03-01 20:52:14,781] {taskinstance.py:1195} INFO - 1 downstream tasks scheduled from follow-on schedule check
[2021-03-01 20:52:14,797] {local_task_job.py:118} INFO - Task exited with return code 0
