[2021-03-01 21:00:10,556] {taskinstance.py:826} INFO - Dependencies all met for <TaskInstance: user_processing.user_extraction 2020-08-27T00:00:00+00:00 [queued]>
[2021-03-01 21:00:10,561] {taskinstance.py:826} INFO - Dependencies all met for <TaskInstance: user_processing.user_extraction 2020-08-27T00:00:00+00:00 [queued]>
[2021-03-01 21:00:10,561] {taskinstance.py:1017} INFO - 
--------------------------------------------------------------------------------
[2021-03-01 21:00:10,561] {taskinstance.py:1018} INFO - Starting attempt 1 of 1
[2021-03-01 21:00:10,561] {taskinstance.py:1019} INFO - 
--------------------------------------------------------------------------------
[2021-03-01 21:00:10,570] {taskinstance.py:1038} INFO - Executing <Task(SimpleHttpOperator): user_extraction> on 2020-08-27T00:00:00+00:00
[2021-03-01 21:00:10,574] {standard_task_runner.py:51} INFO - Started process 264932 to run task
[2021-03-01 21:00:10,580] {standard_task_runner.py:75} INFO - Running: ['airflow', 'tasks', 'run', 'user_processing', 'user_extraction', '2020-08-27T00:00:00+00:00', '--job-id', '1245', '--pool', 'default_pool', '--raw', '--subdir', 'DAGS_FOLDER/user_processing.py', '--cfg-path', '/tmp/tmp9z3p7r5i']
[2021-03-01 21:00:10,581] {standard_task_runner.py:76} INFO - Job 1245: Subtask user_extraction
[2021-03-01 21:00:10,608] {logging_mixin.py:103} INFO - Running <TaskInstance: user_processing.user_extraction 2020-08-27T00:00:00+00:00 [running]> on host pop-os.localdomain
[2021-03-01 21:00:10,646] {taskinstance.py:1232} INFO - Exporting the following env vars:
AIRFLOW_CTX_DAG_OWNER=airflow
AIRFLOW_CTX_DAG_ID=user_processing
AIRFLOW_CTX_TASK_ID=user_extraction
AIRFLOW_CTX_EXECUTION_DATE=2020-08-27T00:00:00+00:00
AIRFLOW_CTX_DAG_RUN_ID=scheduled__2020-08-27T00:00:00+00:00
[2021-03-01 21:00:10,646] {http.py:106} INFO - Calling HTTP method
[2021-03-01 21:00:10,649] {base.py:74} INFO - Using connection to: id: user_api. Host: https://randomuser.me/, Port: None, Schema: , Login: , Password: None, extra: None
[2021-03-01 21:00:10,650] {http.py:140} INFO - Sending 'GET' to url: https://randomuser.me/api/
[2021-03-01 21:00:10,745] {http.py:110} INFO - {"results":[{"gender":"female","name":{"title":"Miss","first":"Liana","last":"Sætran"},"location":{"street":{"number":4656,"name":"Tyrihansveien"},"city":"Skotterud","state":"Nordland","country":"Norway","postcode":"6870","coordinates":{"latitude":"57.5077","longitude":"21.0829"},"timezone":{"offset":"+5:45","description":"Kathmandu"}},"email":"liana.saetran@example.com","login":{"uuid":"8d4b7eb8-4f9b-4301-b28e-8f658981907e","username":"tinylion972","password":"lookout","salt":"8KRlcg9l","md5":"04d9fa069984db692475d41cae3fb3cb","sha1":"1990b24b63cd590001777b9fa11e793f5687fb44","sha256":"51eefc7c66d8a049f98ed5817149742957699d5e8ccf0d8d5c27f14122a3e9c8"},"dob":{"date":"1966-12-24T15:44:09.909Z","age":55},"registered":{"date":"2008-07-22T11:04:39.236Z","age":13},"phone":"65160483","cell":"95005758","id":{"name":"FN","value":"24126606296"},"picture":{"large":"https://randomuser.me/api/portraits/women/49.jpg","medium":"https://randomuser.me/api/portraits/med/women/49.jpg","thumbnail":"https://randomuser.me/api/portraits/thumb/women/49.jpg"},"nat":"NO"}],"info":{"seed":"e8a90c4b84bdc0f7","results":1,"page":1,"version":"1.3"}}
[2021-03-01 21:00:10,773] {taskinstance.py:1142} INFO - Marking task as SUCCESS. dag_id=user_processing, task_id=user_extraction, execution_date=20200827T000000, start_date=20210302T020010, end_date=20210302T020010
[2021-03-01 21:00:10,812] {taskinstance.py:1195} INFO - 1 downstream tasks scheduled from follow-on schedule check
[2021-03-01 21:00:10,830] {local_task_job.py:118} INFO - Task exited with return code 0
