[2021-03-01 20:53:20,530] {taskinstance.py:826} INFO - Dependencies all met for <TaskInstance: user_processing.user_extraction 2020-06-19T00:00:00+00:00 [queued]>
[2021-03-01 20:53:20,536] {taskinstance.py:826} INFO - Dependencies all met for <TaskInstance: user_processing.user_extraction 2020-06-19T00:00:00+00:00 [queued]>
[2021-03-01 20:53:20,536] {taskinstance.py:1017} INFO - 
--------------------------------------------------------------------------------
[2021-03-01 20:53:20,536] {taskinstance.py:1018} INFO - Starting attempt 1 of 1
[2021-03-01 20:53:20,536] {taskinstance.py:1019} INFO - 
--------------------------------------------------------------------------------
[2021-03-01 20:53:20,544] {taskinstance.py:1038} INFO - Executing <Task(SimpleHttpOperator): user_extraction> on 2020-06-19T00:00:00+00:00
[2021-03-01 20:53:20,546] {standard_task_runner.py:51} INFO - Started process 256613 to run task
[2021-03-01 20:53:20,549] {standard_task_runner.py:75} INFO - Running: ['airflow', 'tasks', 'run', 'user_processing', 'user_extraction', '2020-06-19T00:00:00+00:00', '--job-id', '900', '--pool', 'default_pool', '--raw', '--subdir', 'DAGS_FOLDER/user_processing.py', '--cfg-path', '/tmp/tmp301ffz_y']
[2021-03-01 20:53:20,549] {standard_task_runner.py:76} INFO - Job 900: Subtask user_extraction
[2021-03-01 20:53:20,569] {logging_mixin.py:103} INFO - Running <TaskInstance: user_processing.user_extraction 2020-06-19T00:00:00+00:00 [running]> on host pop-os.localdomain
[2021-03-01 20:53:20,591] {taskinstance.py:1232} INFO - Exporting the following env vars:
AIRFLOW_CTX_DAG_OWNER=airflow
AIRFLOW_CTX_DAG_ID=user_processing
AIRFLOW_CTX_TASK_ID=user_extraction
AIRFLOW_CTX_EXECUTION_DATE=2020-06-19T00:00:00+00:00
AIRFLOW_CTX_DAG_RUN_ID=scheduled__2020-06-19T00:00:00+00:00
[2021-03-01 20:53:20,592] {http.py:106} INFO - Calling HTTP method
[2021-03-01 20:53:20,603] {base.py:74} INFO - Using connection to: id: user_api. Host: https://randomuser.me/, Port: None, Schema: , Login: , Password: None, extra: None
[2021-03-01 20:53:20,606] {http.py:140} INFO - Sending 'GET' to url: https://randomuser.me/api/
[2021-03-01 20:53:20,706] {http.py:110} INFO - {"results":[{"gender":"male","name":{"title":"Mr","first":"Carter","last":"Foster"},"location":{"street":{"number":9284,"name":"Hickory Creek Dr"},"city":"Shepparton","state":"New South Wales","country":"Australia","postcode":5693,"coordinates":{"latitude":"-86.5094","longitude":"-101.8377"},"timezone":{"offset":"-1:00","description":"Azores, Cape Verde Islands"}},"email":"carter.foster@example.com","login":{"uuid":"246e5b3d-2e24-44ed-a7dd-cb6e7f34fbf4","username":"ticklishswan813","password":"italy","salt":"j5krr7Yj","md5":"88ffe3ed3376e4a3ebb7c7be2b57e6a0","sha1":"73d7292214b2b3daea87de9d6ec17873db7fb8b7","sha256":"63b3a56de417a58803f6ffe82f308d93599757815ab5f90d91e237139bc3d41b"},"dob":{"date":"1985-01-11T05:04:29.495Z","age":36},"registered":{"date":"2008-11-06T13:34:16.037Z","age":13},"phone":"04-9229-7927","cell":"0435-181-196","id":{"name":"TFN","value":"241623976"},"picture":{"large":"https://randomuser.me/api/portraits/men/93.jpg","medium":"https://randomuser.me/api/portraits/med/men/93.jpg","thumbnail":"https://randomuser.me/api/portraits/thumb/men/93.jpg"},"nat":"AU"}],"info":{"seed":"9f9a25b2401b344a","results":1,"page":1,"version":"1.3"}}
[2021-03-01 20:53:20,736] {taskinstance.py:1142} INFO - Marking task as SUCCESS. dag_id=user_processing, task_id=user_extraction, execution_date=20200619T000000, start_date=20210302T015320, end_date=20210302T015320
[2021-03-01 20:53:20,763] {taskinstance.py:1195} INFO - 1 downstream tasks scheduled from follow-on schedule check
[2021-03-01 20:53:20,800] {local_task_job.py:118} INFO - Task exited with return code 0
