[2021-03-01 20:54:25,858] {taskinstance.py:826} INFO - Dependencies all met for <TaskInstance: user_processing.user_extraction 2020-06-30T00:00:00+00:00 [queued]>
[2021-03-01 20:54:25,868] {taskinstance.py:826} INFO - Dependencies all met for <TaskInstance: user_processing.user_extraction 2020-06-30T00:00:00+00:00 [queued]>
[2021-03-01 20:54:25,868] {taskinstance.py:1017} INFO - 
--------------------------------------------------------------------------------
[2021-03-01 20:54:25,868] {taskinstance.py:1018} INFO - Starting attempt 1 of 1
[2021-03-01 20:54:25,868] {taskinstance.py:1019} INFO - 
--------------------------------------------------------------------------------
[2021-03-01 20:54:25,877] {taskinstance.py:1038} INFO - Executing <Task(SimpleHttpOperator): user_extraction> on 2020-06-30T00:00:00+00:00
[2021-03-01 20:54:25,880] {standard_task_runner.py:51} INFO - Started process 257908 to run task
[2021-03-01 20:54:25,883] {standard_task_runner.py:75} INFO - Running: ['airflow', 'tasks', 'run', 'user_processing', 'user_extraction', '2020-06-30T00:00:00+00:00', '--job-id', '955', '--pool', 'default_pool', '--raw', '--subdir', 'DAGS_FOLDER/user_processing.py', '--cfg-path', '/tmp/tmpgu7a7dzj']
[2021-03-01 20:54:25,883] {standard_task_runner.py:76} INFO - Job 955: Subtask user_extraction
[2021-03-01 20:54:25,905] {logging_mixin.py:103} INFO - Running <TaskInstance: user_processing.user_extraction 2020-06-30T00:00:00+00:00 [running]> on host pop-os.localdomain
[2021-03-01 20:54:25,926] {taskinstance.py:1232} INFO - Exporting the following env vars:
AIRFLOW_CTX_DAG_OWNER=airflow
AIRFLOW_CTX_DAG_ID=user_processing
AIRFLOW_CTX_TASK_ID=user_extraction
AIRFLOW_CTX_EXECUTION_DATE=2020-06-30T00:00:00+00:00
AIRFLOW_CTX_DAG_RUN_ID=scheduled__2020-06-30T00:00:00+00:00
[2021-03-01 20:54:25,926] {http.py:106} INFO - Calling HTTP method
[2021-03-01 20:54:25,929] {base.py:74} INFO - Using connection to: id: user_api. Host: https://randomuser.me/, Port: None, Schema: , Login: , Password: None, extra: None
[2021-03-01 20:54:25,930] {http.py:140} INFO - Sending 'GET' to url: https://randomuser.me/api/
[2021-03-01 20:54:26,011] {http.py:110} INFO - {"results":[{"gender":"female","name":{"title":"Ms","first":"فاطمه","last":"حیدری"},"location":{"street":{"number":1847,"name":"شیخ فضل الله نوری"},"city":"زنجان","state":"فارس","country":"Iran","postcode":56031,"coordinates":{"latitude":"36.9009","longitude":"86.9607"},"timezone":{"offset":"-3:00","description":"Brazil, Buenos Aires, Georgetown"}},"email":"ftmh.hydry@example.com","login":{"uuid":"92a52878-8eca-403b-a328-24f9f8ea0f8a","username":"lazydog364","password":"bigdawg","salt":"4VPbmSNm","md5":"50c70dbf1845d02a5a82bd3655b05dba","sha1":"eaf75c603872829b82c9f13204fecef773a5ffe0","sha256":"b37f7a15a5161679ec9bb6839f4d2ce94cd7b69f4b7939e133cb0a06a4e82017"},"dob":{"date":"1997-04-09T01:16:10.686Z","age":24},"registered":{"date":"2012-10-09T17:36:14.781Z","age":9},"phone":"058-60956322","cell":"0926-379-0505","id":{"name":"","value":null},"picture":{"large":"https://randomuser.me/api/portraits/women/93.jpg","medium":"https://randomuser.me/api/portraits/med/women/93.jpg","thumbnail":"https://randomuser.me/api/portraits/thumb/women/93.jpg"},"nat":"IR"}],"info":{"seed":"8b61c54c07bed46e","results":1,"page":1,"version":"1.3"}}
[2021-03-01 20:54:26,036] {taskinstance.py:1142} INFO - Marking task as SUCCESS. dag_id=user_processing, task_id=user_extraction, execution_date=20200630T000000, start_date=20210302T015425, end_date=20210302T015426
[2021-03-01 20:54:26,068] {taskinstance.py:1195} INFO - 1 downstream tasks scheduled from follow-on schedule check
[2021-03-01 20:54:26,094] {local_task_job.py:118} INFO - Task exited with return code 0
