[2021-03-01 20:38:08,869] {taskinstance.py:826} INFO - Dependencies all met for <TaskInstance: user_processing.user_extraction 2020-01-26T00:00:00+00:00 [queued]>
[2021-03-01 20:38:08,874] {taskinstance.py:826} INFO - Dependencies all met for <TaskInstance: user_processing.user_extraction 2020-01-26T00:00:00+00:00 [queued]>
[2021-03-01 20:38:08,874] {taskinstance.py:1017} INFO - 
--------------------------------------------------------------------------------
[2021-03-01 20:38:08,874] {taskinstance.py:1018} INFO - Starting attempt 1 of 1
[2021-03-01 20:38:08,874] {taskinstance.py:1019} INFO - 
--------------------------------------------------------------------------------
[2021-03-01 20:38:08,885] {taskinstance.py:1038} INFO - Executing <Task(SimpleHttpOperator): user_extraction> on 2020-01-26T00:00:00+00:00
[2021-03-01 20:38:08,893] {standard_task_runner.py:51} INFO - Started process 238259 to run task
[2021-03-01 20:38:08,903] {standard_task_runner.py:75} INFO - Running: ['airflow', 'tasks', 'run', 'user_processing', 'user_extraction', '2020-01-26T00:00:00+00:00', '--job-id', '175', '--pool', 'default_pool', '--raw', '--subdir', 'DAGS_FOLDER/user_processing.py', '--cfg-path', '/tmp/tmp5yqq1p9_']
[2021-03-01 20:38:08,904] {standard_task_runner.py:76} INFO - Job 175: Subtask user_extraction
[2021-03-01 20:38:08,942] {logging_mixin.py:103} INFO - Running <TaskInstance: user_processing.user_extraction 2020-01-26T00:00:00+00:00 [running]> on host pop-os.localdomain
[2021-03-01 20:38:08,973] {taskinstance.py:1232} INFO - Exporting the following env vars:
AIRFLOW_CTX_DAG_OWNER=airflow
AIRFLOW_CTX_DAG_ID=user_processing
AIRFLOW_CTX_TASK_ID=user_extraction
AIRFLOW_CTX_EXECUTION_DATE=2020-01-26T00:00:00+00:00
AIRFLOW_CTX_DAG_RUN_ID=scheduled__2020-01-26T00:00:00+00:00
[2021-03-01 20:38:08,973] {http.py:106} INFO - Calling HTTP method
[2021-03-01 20:38:08,976] {base.py:74} INFO - Using connection to: id: user_api. Host: https://randomuser.me/, Port: None, Schema: , Login: , Password: None, extra: None
[2021-03-01 20:38:08,977] {http.py:140} INFO - Sending 'GET' to url: https://randomuser.me/api/
[2021-03-01 20:38:09,059] {http.py:110} INFO - {"results":[{"gender":"female","name":{"title":"Ms","first":"Reingard","last":"Hain"},"location":{"street":{"number":2419,"name":"Feldstraße"},"city":"Bernburg (Saale)","state":"Rheinland-Pfalz","country":"Germany","postcode":61113,"coordinates":{"latitude":"-40.3198","longitude":"15.9307"},"timezone":{"offset":"-10:00","description":"Hawaii"}},"email":"reingard.hain@example.com","login":{"uuid":"c4e1341a-90e5-415f-8fb6-b3c8b96dd907","username":"greenpanda306","password":"punk","salt":"b3teu9q8","md5":"85ba5d59fb8e6dfbbe11563e70e0a006","sha1":"d8f6011418058bb6a9bd7c9add0e3572a78e3878","sha256":"980eabeb332f897108a1c0b67a55f0493bf75f532a24432ef288707a3eca7e2a"},"dob":{"date":"1985-04-18T06:27:43.997Z","age":36},"registered":{"date":"2011-08-02T21:09:58.500Z","age":10},"phone":"0548-8604253","cell":"0172-9082072","id":{"name":"","value":null},"picture":{"large":"https://randomuser.me/api/portraits/women/72.jpg","medium":"https://randomuser.me/api/portraits/med/women/72.jpg","thumbnail":"https://randomuser.me/api/portraits/thumb/women/72.jpg"},"nat":"DE"}],"info":{"seed":"75e45441351f8f0c","results":1,"page":1,"version":"1.3"}}
[2021-03-01 20:38:09,078] {taskinstance.py:1142} INFO - Marking task as SUCCESS. dag_id=user_processing, task_id=user_extraction, execution_date=20200126T000000, start_date=20210302T013808, end_date=20210302T013809
[2021-03-01 20:38:09,105] {taskinstance.py:1195} INFO - 1 downstream tasks scheduled from follow-on schedule check
[2021-03-01 20:38:09,111] {local_task_job.py:118} INFO - Task exited with return code 0
