[2021-03-01 20:56:42,142] {taskinstance.py:826} INFO - Dependencies all met for <TaskInstance: user_processing.user_extraction 2020-07-23T00:00:00+00:00 [queued]>
[2021-03-01 20:56:42,146] {taskinstance.py:826} INFO - Dependencies all met for <TaskInstance: user_processing.user_extraction 2020-07-23T00:00:00+00:00 [queued]>
[2021-03-01 20:56:42,147] {taskinstance.py:1017} INFO - 
--------------------------------------------------------------------------------
[2021-03-01 20:56:42,147] {taskinstance.py:1018} INFO - Starting attempt 1 of 1
[2021-03-01 20:56:42,147] {taskinstance.py:1019} INFO - 
--------------------------------------------------------------------------------
[2021-03-01 20:56:42,156] {taskinstance.py:1038} INFO - Executing <Task(SimpleHttpOperator): user_extraction> on 2020-07-23T00:00:00+00:00
[2021-03-01 20:56:42,158] {standard_task_runner.py:51} INFO - Started process 260619 to run task
[2021-03-01 20:56:42,160] {standard_task_runner.py:75} INFO - Running: ['airflow', 'tasks', 'run', 'user_processing', 'user_extraction', '2020-07-23T00:00:00+00:00', '--job-id', '1070', '--pool', 'default_pool', '--raw', '--subdir', 'DAGS_FOLDER/user_processing.py', '--cfg-path', '/tmp/tmp4vhccypa']
[2021-03-01 20:56:42,161] {standard_task_runner.py:76} INFO - Job 1070: Subtask user_extraction
[2021-03-01 20:56:42,180] {logging_mixin.py:103} INFO - Running <TaskInstance: user_processing.user_extraction 2020-07-23T00:00:00+00:00 [running]> on host pop-os.localdomain
[2021-03-01 20:56:42,209] {taskinstance.py:1232} INFO - Exporting the following env vars:
AIRFLOW_CTX_DAG_OWNER=airflow
AIRFLOW_CTX_DAG_ID=user_processing
AIRFLOW_CTX_TASK_ID=user_extraction
AIRFLOW_CTX_EXECUTION_DATE=2020-07-23T00:00:00+00:00
AIRFLOW_CTX_DAG_RUN_ID=scheduled__2020-07-23T00:00:00+00:00
[2021-03-01 20:56:42,209] {http.py:106} INFO - Calling HTTP method
[2021-03-01 20:56:42,211] {base.py:74} INFO - Using connection to: id: user_api. Host: https://randomuser.me/, Port: None, Schema: , Login: , Password: None, extra: None
[2021-03-01 20:56:42,212] {http.py:140} INFO - Sending 'GET' to url: https://randomuser.me/api/
[2021-03-01 20:56:42,327] {http.py:110} INFO - {"results":[{"gender":"male","name":{"title":"Mr","first":"Vicêncio","last":"Lopes"},"location":{"street":{"number":3028,"name":"Rua Rio de Janeiro "},"city":"Queimados","state":"Roraima","country":"Brazil","postcode":25875,"coordinates":{"latitude":"-69.9212","longitude":"-114.1601"},"timezone":{"offset":"-6:00","description":"Central Time (US & Canada), Mexico City"}},"email":"vicencio.lopes@example.com","login":{"uuid":"f8349bd2-80eb-45bd-b7e6-290a477b63af","username":"tinygorilla253","password":"insertions","salt":"Gc5TuT19","md5":"f272865377fae49f2f71de536f901eee","sha1":"65706e7a3039810ce02692f65d8946bbbfe8b311","sha256":"ca3e6f9ee4dca21045212086b0d96c1c69523e39be5478ed12c7119063e5db18"},"dob":{"date":"1975-10-23T09:46:04.739Z","age":46},"registered":{"date":"2002-11-16T06:43:08.703Z","age":19},"phone":"(24) 4742-6992","cell":"(78) 1428-3449","id":{"name":"","value":null},"picture":{"large":"https://randomuser.me/api/portraits/men/64.jpg","medium":"https://randomuser.me/api/portraits/med/men/64.jpg","thumbnail":"https://randomuser.me/api/portraits/thumb/men/64.jpg"},"nat":"BR"}],"info":{"seed":"567be0de8832b469","results":1,"page":1,"version":"1.3"}}
[2021-03-01 20:56:42,362] {taskinstance.py:1142} INFO - Marking task as SUCCESS. dag_id=user_processing, task_id=user_extraction, execution_date=20200723T000000, start_date=20210302T015642, end_date=20210302T015642
[2021-03-01 20:56:42,411] {taskinstance.py:1195} INFO - 1 downstream tasks scheduled from follow-on schedule check
[2021-03-01 20:56:42,419] {local_task_job.py:118} INFO - Task exited with return code 0
