[2021-03-01 20:34:44,730] {taskinstance.py:826} INFO - Dependencies all met for <TaskInstance: user_processing.storing_user 2021-02-28T00:00:00+00:00 [queued]>
[2021-03-01 20:34:44,733] {taskinstance.py:826} INFO - Dependencies all met for <TaskInstance: user_processing.storing_user 2021-02-28T00:00:00+00:00 [queued]>
[2021-03-01 20:34:44,733] {taskinstance.py:1017} INFO - 
--------------------------------------------------------------------------------
[2021-03-01 20:34:44,733] {taskinstance.py:1018} INFO - Starting attempt 1 of 1
[2021-03-01 20:34:44,733] {taskinstance.py:1019} INFO - 
--------------------------------------------------------------------------------
[2021-03-01 20:34:44,741] {taskinstance.py:1038} INFO - Executing <Task(BashOperator): storing_user> on 2021-02-28T00:00:00+00:00
[2021-03-01 20:34:44,743] {standard_task_runner.py:51} INFO - Started process 234885 to run task
[2021-03-01 20:34:44,746] {standard_task_runner.py:75} INFO - Running: ['airflow', 'tasks', 'run', 'user_processing', 'storing_user', '2021-02-28T00:00:00+00:00', '--job-id', '47', '--pool', 'default_pool', '--raw', '--subdir', 'DAGS_FOLDER/user_processing.py', '--cfg-path', '/tmp/tmpi6j22q81']
[2021-03-01 20:34:44,746] {standard_task_runner.py:76} INFO - Job 47: Subtask storing_user
[2021-03-01 20:34:44,767] {logging_mixin.py:103} INFO - Running <TaskInstance: user_processing.storing_user 2021-02-28T00:00:00+00:00 [running]> on host pop-os.localdomain
[2021-03-01 20:34:44,784] {taskinstance.py:1232} INFO - Exporting the following env vars:
AIRFLOW_CTX_DAG_OWNER=airflow
AIRFLOW_CTX_DAG_ID=user_processing
AIRFLOW_CTX_TASK_ID=storing_user
AIRFLOW_CTX_EXECUTION_DATE=2021-02-28T00:00:00+00:00
AIRFLOW_CTX_DAG_RUN_ID=scheduled__2021-02-28T00:00:00+00:00
[2021-03-01 20:34:44,784] {bash.py:135} INFO - Tmp dir root location: 
 /tmp
[2021-03-01 20:34:44,785] {bash.py:158} INFO - Running command: echo -e ".separator ","
.import /tmp/processed_user.csv users" | sqlite3 /home/i-sip_iot/airflow/airflow.db
[2021-03-01 20:34:44,790] {bash.py:169} INFO - Output:
[2021-03-01 20:34:44,792] {bash.py:173} INFO - /tmp/processed_user.csv:1: INSERT failed: UNIQUE constraint failed: users.email
[2021-03-01 20:34:44,792] {bash.py:177} INFO - Command exited with return code 1
[2021-03-01 20:34:44,796] {taskinstance.py:1396} ERROR - Bash command failed. The command returned a non-zero exit code.
Traceback (most recent call last):
  File "/home/i-sip_iot/anaconda3/envs/sandbox/lib/python3.7/site-packages/airflow/models/taskinstance.py", line 1086, in _run_raw_task
    self._prepare_and_execute_task_with_callbacks(context, task)
  File "/home/i-sip_iot/anaconda3/envs/sandbox/lib/python3.7/site-packages/airflow/models/taskinstance.py", line 1260, in _prepare_and_execute_task_with_callbacks
    result = self._execute_task(context, task_copy)
  File "/home/i-sip_iot/anaconda3/envs/sandbox/lib/python3.7/site-packages/airflow/models/taskinstance.py", line 1300, in _execute_task
    result = task_copy.execute(context=context)
  File "/home/i-sip_iot/anaconda3/envs/sandbox/lib/python3.7/site-packages/airflow/operators/bash.py", line 180, in execute
    raise AirflowException('Bash command failed. The command returned a non-zero exit code.')
airflow.exceptions.AirflowException: Bash command failed. The command returned a non-zero exit code.
[2021-03-01 20:34:44,797] {taskinstance.py:1440} INFO - Marking task as FAILED. dag_id=user_processing, task_id=storing_user, execution_date=20210228T000000, start_date=20210302T013444, end_date=20210302T013444
[2021-03-01 20:34:44,837] {local_task_job.py:118} INFO - Task exited with return code 1
