[2021-03-01 20:55:36,600] {taskinstance.py:826} INFO - Dependencies all met for <TaskInstance: user_processing.user_extraction 2020-07-12T00:00:00+00:00 [queued]>
[2021-03-01 20:55:36,604] {taskinstance.py:826} INFO - Dependencies all met for <TaskInstance: user_processing.user_extraction 2020-07-12T00:00:00+00:00 [queued]>
[2021-03-01 20:55:36,604] {taskinstance.py:1017} INFO - 
--------------------------------------------------------------------------------
[2021-03-01 20:55:36,604] {taskinstance.py:1018} INFO - Starting attempt 1 of 1
[2021-03-01 20:55:36,604] {taskinstance.py:1019} INFO - 
--------------------------------------------------------------------------------
[2021-03-01 20:55:36,612] {taskinstance.py:1038} INFO - Executing <Task(SimpleHttpOperator): user_extraction> on 2020-07-12T00:00:00+00:00
[2021-03-01 20:55:36,614] {standard_task_runner.py:51} INFO - Started process 259305 to run task
[2021-03-01 20:55:36,616] {standard_task_runner.py:75} INFO - Running: ['airflow', 'tasks', 'run', 'user_processing', 'user_extraction', '2020-07-12T00:00:00+00:00', '--job-id', '1015', '--pool', 'default_pool', '--raw', '--subdir', 'DAGS_FOLDER/user_processing.py', '--cfg-path', '/tmp/tmp18dc3gts']
[2021-03-01 20:55:36,617] {standard_task_runner.py:76} INFO - Job 1015: Subtask user_extraction
[2021-03-01 20:55:36,636] {logging_mixin.py:103} INFO - Running <TaskInstance: user_processing.user_extraction 2020-07-12T00:00:00+00:00 [running]> on host pop-os.localdomain
[2021-03-01 20:55:36,658] {taskinstance.py:1232} INFO - Exporting the following env vars:
AIRFLOW_CTX_DAG_OWNER=airflow
AIRFLOW_CTX_DAG_ID=user_processing
AIRFLOW_CTX_TASK_ID=user_extraction
AIRFLOW_CTX_EXECUTION_DATE=2020-07-12T00:00:00+00:00
AIRFLOW_CTX_DAG_RUN_ID=scheduled__2020-07-12T00:00:00+00:00
[2021-03-01 20:55:36,658] {http.py:106} INFO - Calling HTTP method
[2021-03-01 20:55:36,660] {base.py:74} INFO - Using connection to: id: user_api. Host: https://randomuser.me/, Port: None, Schema: , Login: , Password: None, extra: None
[2021-03-01 20:55:36,662] {http.py:140} INFO - Sending 'GET' to url: https://randomuser.me/api/
[2021-03-01 20:55:36,758] {http.py:110} INFO - {"results":[{"gender":"female","name":{"title":"Ms","first":"Anna","last":"Michel"},"location":{"street":{"number":5386,"name":"Rue Abel-Gance"},"city":"Grenoble","state":"Lozère","country":"France","postcode":99263,"coordinates":{"latitude":"2.1021","longitude":"45.7820"},"timezone":{"offset":"-3:00","description":"Brazil, Buenos Aires, Georgetown"}},"email":"anna.michel@example.com","login":{"uuid":"1bf58559-f1c2-4422-a248-6e1aef9ebe12","username":"lazykoala900","password":"denver","salt":"eVisjj7j","md5":"f0533cb31eff257a454203247215437b","sha1":"0aa9e9e1a0ea7fab937d149975a0d9e58af72ebd","sha256":"d4a6d653db0318e2cf7b90d8edcfe79ed842015ee69608cb9af01ce8afe4d41e"},"dob":{"date":"1948-10-21T17:50:11.652Z","age":73},"registered":{"date":"2013-10-09T18:23:08.774Z","age":8},"phone":"05-58-79-11-79","cell":"06-29-07-34-48","id":{"name":"INSEE","value":"2NNaN29648105 55"},"picture":{"large":"https://randomuser.me/api/portraits/women/89.jpg","medium":"https://randomuser.me/api/portraits/med/women/89.jpg","thumbnail":"https://randomuser.me/api/portraits/thumb/women/89.jpg"},"nat":"FR"}],"info":{"seed":"84a6efd991e40598","results":1,"page":1,"version":"1.3"}}
[2021-03-01 20:55:36,782] {taskinstance.py:1142} INFO - Marking task as SUCCESS. dag_id=user_processing, task_id=user_extraction, execution_date=20200712T000000, start_date=20210302T015536, end_date=20210302T015536
[2021-03-01 20:55:36,808] {taskinstance.py:1195} INFO - 1 downstream tasks scheduled from follow-on schedule check
[2021-03-01 20:55:36,828] {local_task_job.py:118} INFO - Task exited with return code 0
