[2021-03-01 20:43:35,653] {taskinstance.py:826} INFO - Dependencies all met for <TaskInstance: user_processing.user_extraction 2020-03-19T00:00:00+00:00 [queued]>
[2021-03-01 20:43:35,658] {taskinstance.py:826} INFO - Dependencies all met for <TaskInstance: user_processing.user_extraction 2020-03-19T00:00:00+00:00 [queued]>
[2021-03-01 20:43:35,658] {taskinstance.py:1017} INFO - 
--------------------------------------------------------------------------------
[2021-03-01 20:43:35,658] {taskinstance.py:1018} INFO - Starting attempt 1 of 1
[2021-03-01 20:43:35,658] {taskinstance.py:1019} INFO - 
--------------------------------------------------------------------------------
[2021-03-01 20:43:35,667] {taskinstance.py:1038} INFO - Executing <Task(SimpleHttpOperator): user_extraction> on 2020-03-19T00:00:00+00:00
[2021-03-01 20:43:35,670] {standard_task_runner.py:51} INFO - Started process 244695 to run task
[2021-03-01 20:43:35,673] {standard_task_runner.py:75} INFO - Running: ['airflow', 'tasks', 'run', 'user_processing', 'user_extraction', '2020-03-19T00:00:00+00:00', '--job-id', '440', '--pool', 'default_pool', '--raw', '--subdir', 'DAGS_FOLDER/user_processing.py', '--cfg-path', '/tmp/tmp5hdrczt6']
[2021-03-01 20:43:35,673] {standard_task_runner.py:76} INFO - Job 440: Subtask user_extraction
[2021-03-01 20:43:35,696] {logging_mixin.py:103} INFO - Running <TaskInstance: user_processing.user_extraction 2020-03-19T00:00:00+00:00 [running]> on host pop-os.localdomain
[2021-03-01 20:43:35,727] {taskinstance.py:1232} INFO - Exporting the following env vars:
AIRFLOW_CTX_DAG_OWNER=airflow
AIRFLOW_CTX_DAG_ID=user_processing
AIRFLOW_CTX_TASK_ID=user_extraction
AIRFLOW_CTX_EXECUTION_DATE=2020-03-19T00:00:00+00:00
AIRFLOW_CTX_DAG_RUN_ID=scheduled__2020-03-19T00:00:00+00:00
[2021-03-01 20:43:35,727] {http.py:106} INFO - Calling HTTP method
[2021-03-01 20:43:35,730] {base.py:74} INFO - Using connection to: id: user_api. Host: https://randomuser.me/, Port: None, Schema: , Login: , Password: None, extra: None
[2021-03-01 20:43:35,732] {http.py:140} INFO - Sending 'GET' to url: https://randomuser.me/api/
[2021-03-01 20:43:35,903] {http.py:110} INFO - {"results":[{"gender":"female","name":{"title":"Ms","first":"Tina","last":"Scott"},"location":{"street":{"number":451,"name":"Westheimer Rd"},"city":"Utica","state":"Illinois","country":"United States","postcode":79248,"coordinates":{"latitude":"81.8140","longitude":"9.5630"},"timezone":{"offset":"-3:30","description":"Newfoundland"}},"email":"tina.scott@example.com","login":{"uuid":"edb40fe4-c57c-4ecd-98ed-88892fb386af","username":"ticklishleopard576","password":"triumph","salt":"wDX4Y2MH","md5":"891579923cd5e2fe6be5652b01ddc639","sha1":"18ca502464c584083fca14a30baf2bea386be2c5","sha256":"115fd149c1f41739ee0eb90e54b9b70e85b740b6c185f6d30df95b1771349b82"},"dob":{"date":"1974-07-24T06:44:16.041Z","age":47},"registered":{"date":"2013-02-07T10:12:39.868Z","age":8},"phone":"(972)-536-9387","cell":"(008)-762-5113","id":{"name":"SSN","value":"322-40-6086"},"picture":{"large":"https://randomuser.me/api/portraits/women/14.jpg","medium":"https://randomuser.me/api/portraits/med/women/14.jpg","thumbnail":"https://randomuser.me/api/portraits/thumb/women/14.jpg"},"nat":"US"}],"info":{"seed":"a7fed672aef8f02f","results":1,"page":1,"version":"1.3"}}
[2021-03-01 20:43:35,917] {taskinstance.py:1142} INFO - Marking task as SUCCESS. dag_id=user_processing, task_id=user_extraction, execution_date=20200319T000000, start_date=20210302T014335, end_date=20210302T014335
[2021-03-01 20:43:35,941] {taskinstance.py:1195} INFO - 1 downstream tasks scheduled from follow-on schedule check
[2021-03-01 20:43:35,965] {local_task_job.py:118} INFO - Task exited with return code 0
